<?xml version="1.0" encoding="UTF-8" ?>
<testsuite tests="1" failures="0" name="org.activiti.engine.test.db.IdGeneratorDataSourceTest" time="0.49" errors="1" skipped="0">
  <properties>
    <property name="idea.version" value="2022.3.1"/>
    <property name="java.runtime.name" value="Java(TM) SE Runtime Environment"/>
    <property name="sun.boot.library.path" value="C:\Program Files\Java\jdk1.8.0_351\jre\bin"/>
    <property name="java.vm.version" value="25.351-b10"/>
    <property name="java.vm.vendor" value="Oracle Corporation"/>
    <property name="java.vendor.url" value="http://java.oracle.com/"/>
    <property name="path.separator" value=";"/>
    <property name="java.vm.name" value="Java HotSpot(TM) 64-Bit Server VM"/>
    <property name="file.encoding.pkg" value="sun.io"/>
    <property name="user.script" value=""/>
    <property name="user.country" value="CN"/>
    <property name="sun.java.launcher" value="SUN_STANDARD"/>
    <property name="sun.os.patch.level" value=""/>
    <property name="java.vm.specification.name" value="Java Virtual Machine Specification"/>
    <property name="user.dir" value="D:\xinchuang\activiti-engine-5.19.0.2"/>
    <property name="java.runtime.version" value="1.8.0_351-b10"/>
    <property name="java.awt.graphicsenv" value="sun.awt.Win32GraphicsEnvironment"/>
    <property name="basedir" value="D:\xinchuang\activiti-engine-5.19.0.2"/>
    <property name="java.endorsed.dirs" value="C:\Program Files\Java\jdk1.8.0_351\jre\lib\endorsed"/>
    <property name="os.arch" value="amd64"/>
    <property name="surefire.real.class.path" value="D:\xinchuang\activiti-engine-5.19.0.2\target\surefire\surefirebooter2972839343429811619.jar"/>
    <property name="java.io.tmpdir" value="C:\Users\ryan\AppData\Local\Temp\"/>
    <property name="line.separator" value="
"/>
    <property name="java.vm.specification.vendor" value="Oracle Corporation"/>
    <property name="user.variant" value=""/>
    <property name="os.name" value="Windows 11"/>
    <property name="sun.jnu.encoding" value="GBK"/>
    <property name="java.library.path" value="C:\Program Files\Java\jdk1.8.0_351\jre\bin;C:\WINDOWS\Sun\Java\bin;C:\WINDOWS\system32;C:\WINDOWS;C:\Program Files (x86)\Common Files\Oracle\Java\javapath;D:\Program Files (x86)\VMware\VMware Workstation\bin\;C:\ProgramData\Oracle\Java\javapath;C:\WINDOWS\system32;C:\WINDOWS;C:\WINDOWS\System32\Wbem;C:\WINDOWS\System32\WindowsPowerShell\v1.0\;C:\WINDOWS\System32\OpenSSH\;d:\Program Files\Git\cmd;D:\Program Files\apache-maven-3.6.1\bin;C:\Program Files\Java\jdk1.8.0_351\bin;D:\Program Files\nodejs\;C:\Program Files\Bandizip\;D:\Program Files (x86)\NetSarang\Xshell 7\;D:\Program Files (x86)\NetSarang\Xftp 7\;D:\Program Files\cmder;;C:\Program Files (x86)\Tencent\微信web开发者工具\dll;C:\Users\ryan\.app\;C:\Users\ryan\AppData\Local\Programs\Python\Python38\Scripts\;C:\Users\ryan\AppData\Local\Programs\Python\Python38\;C:\Users\ryan\AppData\Local\Microsoft\WindowsApps;D:\Program Files\Microsoft VS Code\bin;C:\Users\ryan\AppData\Roaming\npm;d:\Program Files\JetBrains\IntelliJ IDEA 2020.3\bin;;d:\Program Files\JetBrains\DataGrip 2021.1.3\bin;;;."/>
    <property name="surefire.test.class.path" value="D:\xinchuang\activiti-engine-5.19.0.2\target\test-classes;D:\xinchuang\activiti-engine-5.19.0.2\target\classes;D:\Program Files\apache-maven-3.6.1\shanxi\org\activiti\activiti-bpmn-converter\5.19.0.2\activiti-bpmn-converter-5.19.0.2.jar;D:\Program Files\apache-maven-3.6.1\shanxi\org\activiti\activiti-bpmn-model\5.19.0.2\activiti-bpmn-model-5.19.0.2.jar;D:\Program Files\apache-maven-3.6.1\shanxi\com\fasterxml\jackson\core\jackson-core\2.2.3\jackson-core-2.2.3.jar;D:\Program Files\apache-maven-3.6.1\shanxi\com\fasterxml\jackson\core\jackson-databind\2.2.3\jackson-databind-2.2.3.jar;D:\Program Files\apache-maven-3.6.1\shanxi\com\fasterxml\jackson\core\jackson-annotations\2.2.3\jackson-annotations-2.2.3.jar;D:\Program Files\apache-maven-3.6.1\shanxi\org\activiti\activiti-process-validation\5.19.0.2\activiti-process-validation-5.19.0.2.jar;D:\Program Files\apache-maven-3.6.1\shanxi\org\activiti\activiti-image-generator\5.19.0.2\activiti-image-generator-5.19.0.2.jar;D:\Program Files\apache-maven-3.6.1\shanxi\org\apache\commons\commons-email\1.4\commons-email-1.4.jar;D:\Program Files\apache-maven-3.6.1\shanxi\com\sun\mail\javax.mail\1.5.2\javax.mail-1.5.2.jar;D:\Program Files\apache-maven-3.6.1\shanxi\javax\activation\activation\1.1.1\activation-1.1.1.jar;D:\Program Files\apache-maven-3.6.1\shanxi\org\apache\commons\commons-lang3\3.3.2\commons-lang3-3.3.2.jar;D:\Program Files\apache-maven-3.6.1\shanxi\org\mybatis\mybatis\3.3.0\mybatis-3.3.0.jar;D:\Program Files\apache-maven-3.6.1\shanxi\org\springframework\spring-beans\4.1.5.RELEASE\spring-beans-4.1.5.RELEASE.jar;D:\Program Files\apache-maven-3.6.1\shanxi\org\springframework\spring-core\4.1.5.RELEASE\spring-core-4.1.5.RELEASE.jar;D:\Program Files\apache-maven-3.6.1\shanxi\junit\junit\4.11\junit-4.11.jar;D:\Program Files\apache-maven-3.6.1\shanxi\org\hamcrest\hamcrest-core\1.3\hamcrest-core-1.3.jar;D:\Program Files\apache-maven-3.6.1\shanxi\org\codehaus\groovy\groovy-all\2.4.3\groovy-all-2.4.3.jar;D:\Program Files\apache-maven-3.6.1\shanxi\org\drools\drools-core\5.5.0.Final\drools-core-5.5.0.Final.jar;D:\Program Files\apache-maven-3.6.1\shanxi\org\mvel\mvel2\2.1.3.Final\mvel2-2.1.3.Final.jar;D:\Program Files\apache-maven-3.6.1\shanxi\org\drools\knowledge-api\5.5.0.Final\knowledge-api-5.5.0.Final.jar;D:\Program Files\apache-maven-3.6.1\shanxi\org\drools\knowledge-internal-api\5.5.0.Final\knowledge-internal-api-5.5.0.Final.jar;D:\Program Files\apache-maven-3.6.1\shanxi\org\drools\drools-compiler\5.5.0.Final\drools-compiler-5.5.0.Final.jar;D:\Program Files\apache-maven-3.6.1\shanxi\org\antlr\antlr-runtime\3.3\antlr-runtime-3.3.jar;D:\Program Files\apache-maven-3.6.1\shanxi\org\antlr\antlr\3.3\antlr-3.3.jar;D:\Program Files\apache-maven-3.6.1\shanxi\org\antlr\stringtemplate\3.2.1\stringtemplate-3.2.1.jar;D:\Program Files\apache-maven-3.6.1\shanxi\antlr\antlr\2.7.7\antlr-2.7.7.jar;D:\Program Files\apache-maven-3.6.1\shanxi\org\eclipse\jdt\core\compiler\ecj\3.5.1\ecj-3.5.1.jar;D:\Program Files\apache-maven-3.6.1\shanxi\com\thoughtworks\xstream\xstream\1.4.1\xstream-1.4.1.jar;D:\Program Files\apache-maven-3.6.1\shanxi\xmlpull\xmlpull\1.1.3.1\xmlpull-1.1.3.1.jar;D:\Program Files\apache-maven-3.6.1\shanxi\xpp3\xpp3_min\1.1.4c\xpp3_min-1.1.4c.jar;D:\Program Files\apache-maven-3.6.1\shanxi\javax\persistence\persistence-api\1.0\persistence-api-1.0.jar;D:\Program Files\apache-maven-3.6.1\shanxi\org\apache\geronimo\specs\geronimo-jta_1.1_spec\1.1.1\geronimo-jta_1.1_spec-1.1.1.jar;D:\Program Files\apache-maven-3.6.1\shanxi\javax\enterprise\concurrent\javax.enterprise.concurrent-api\1.0\javax.enterprise.concurrent-api-1.0.jar;D:\Program Files\apache-maven-3.6.1\shanxi\com\h2database\h2\1.3.176\h2-1.3.176.jar;D:\Program Files\apache-maven-3.6.1\shanxi\org\mockito\mockito-core\1.8.2\mockito-core-1.8.2.jar;D:\Program Files\apache-maven-3.6.1\shanxi\org\objenesis\objenesis\1.0\objenesis-1.0.jar;D:\Program Files\apache-maven-3.6.1\shanxi\org\apache\openjpa\openjpa\1.2.2\openjpa-1.2.2.jar;D:\Program Files\apache-maven-3.6.1\shanxi\net\sourceforge\serp\serp\1.13.1\serp-1.13.1.jar;D:\Program Files\apache-maven-3.6.1\shanxi\commons-lang\commons-lang\2.1\commons-lang-2.1.jar;D:\Program Files\apache-maven-3.6.1\shanxi\commons-collections\commons-collections\3.2\commons-collections-3.2.jar;D:\Program Files\apache-maven-3.6.1\shanxi\commons-pool\commons-pool\1.3\commons-pool-1.3.jar;D:\Program Files\apache-maven-3.6.1\shanxi\org\apache\geronimo\specs\geronimo-jms_1.1_spec\1.0.1\geronimo-jms_1.1_spec-1.0.1.jar;D:\Program Files\apache-maven-3.6.1\shanxi\org\apache\geronimo\specs\geronimo-jpa_3.0_spec\1.0\geronimo-jpa_3.0_spec-1.0.jar;D:\Program Files\apache-maven-3.6.1\shanxi\org\subethamail\subethasmtp-wiser\1.2\subethasmtp-wiser-1.2.jar;D:\Program Files\apache-maven-3.6.1\shanxi\org\subethamail\subethasmtp-smtp\1.2\subethasmtp-smtp-1.2.jar;D:\Program Files\apache-maven-3.6.1\shanxi\javax\mail\mail\1.4.1\mail-1.4.1.jar;D:\Program Files\apache-maven-3.6.1\shanxi\mysql\mysql-connector-java\5.1.27\mysql-connector-java-5.1.27.jar;D:\Program Files\apache-maven-3.6.1\shanxi\org\postgresql\postgresql\9.4-1201-jdbc4\postgresql-9.4-1201-jdbc4.jar;D:\Program Files\apache-maven-3.6.1\shanxi\net\sourceforge\jtds\jtds\1.3.0\jtds-1.3.0.jar;D:\Program Files\apache-maven-3.6.1\shanxi\com\fasterxml\uuid\java-uuid-generator\3.1.3\java-uuid-generator-3.1.3.jar;D:\Program Files\apache-maven-3.6.1\shanxi\log4j\log4j\1.2.13\log4j-1.2.13.jar;D:\Program Files\apache-maven-3.6.1\shanxi\commons-io\commons-io\2.0.1\commons-io-2.0.1.jar;D:\Program Files\apache-maven-3.6.1\shanxi\joda-time\joda-time\2.6\joda-time-2.6.jar;D:\Program Files\apache-maven-3.6.1\shanxi\org\slf4j\slf4j-api\1.7.6\slf4j-api-1.7.6.jar;D:\Program Files\apache-maven-3.6.1\shanxi\org\slf4j\jcl-over-slf4j\1.7.6\jcl-over-slf4j-1.7.6.jar;D:\Program Files\apache-maven-3.6.1\shanxi\org\slf4j\slf4j-log4j12\1.7.6\slf4j-log4j12-1.7.6.jar;D:\Program Files\apache-maven-3.6.1\shanxi\com\googlecode\catch-exception\catch-exception\1.2.0\catch-exception-1.2.0.jar;D:\Program Files\apache-maven-3.6.1\shanxi\org\codehaus\btm\btm\2.1.3\btm-2.1.3.jar;D:\Program Files\apache-maven-3.6.1\shanxi\javax\transaction\jta\1.1\jta-1.1.jar;"/>
    <property name="sun.awt.enableExtraMouseButtons" value="true"/>
    <property name="java.specification.name" value="Java Platform API Specification"/>
    <property name="java.class.version" value="52.0"/>
    <property name="sun.management.compiler" value="HotSpot 64-Bit Tiered Compilers"/>
    <property name="maven.repo.local" value="D:\Program Files\apache-maven-3.6.1\shanxi"/>
    <property name="os.version" value="10.0"/>
    <property name="user.home" value="C:\Users\ryan"/>
    <property name="user.timezone" value="Asia/Shanghai"/>
    <property name="java.awt.printerjob" value="sun.awt.windows.WPrinterJob"/>
    <property name="java.specification.version" value="1.8"/>
    <property name="file.encoding" value="GBK"/>
    <property name="user.name" value="ryan"/>
    <property name="java.class.path" value="D:\xinchuang\activiti-engine-5.19.0.2\target\test-classes;D:\xinchuang\activiti-engine-5.19.0.2\target\classes;D:\Program Files\apache-maven-3.6.1\shanxi\org\activiti\activiti-bpmn-converter\5.19.0.2\activiti-bpmn-converter-5.19.0.2.jar;D:\Program Files\apache-maven-3.6.1\shanxi\org\activiti\activiti-bpmn-model\5.19.0.2\activiti-bpmn-model-5.19.0.2.jar;D:\Program Files\apache-maven-3.6.1\shanxi\com\fasterxml\jackson\core\jackson-core\2.2.3\jackson-core-2.2.3.jar;D:\Program Files\apache-maven-3.6.1\shanxi\com\fasterxml\jackson\core\jackson-databind\2.2.3\jackson-databind-2.2.3.jar;D:\Program Files\apache-maven-3.6.1\shanxi\com\fasterxml\jackson\core\jackson-annotations\2.2.3\jackson-annotations-2.2.3.jar;D:\Program Files\apache-maven-3.6.1\shanxi\org\activiti\activiti-process-validation\5.19.0.2\activiti-process-validation-5.19.0.2.jar;D:\Program Files\apache-maven-3.6.1\shanxi\org\activiti\activiti-image-generator\5.19.0.2\activiti-image-generator-5.19.0.2.jar;D:\Program Files\apache-maven-3.6.1\shanxi\org\apache\commons\commons-email\1.4\commons-email-1.4.jar;D:\Program Files\apache-maven-3.6.1\shanxi\com\sun\mail\javax.mail\1.5.2\javax.mail-1.5.2.jar;D:\Program Files\apache-maven-3.6.1\shanxi\javax\activation\activation\1.1.1\activation-1.1.1.jar;D:\Program Files\apache-maven-3.6.1\shanxi\org\apache\commons\commons-lang3\3.3.2\commons-lang3-3.3.2.jar;D:\Program Files\apache-maven-3.6.1\shanxi\org\mybatis\mybatis\3.3.0\mybatis-3.3.0.jar;D:\Program Files\apache-maven-3.6.1\shanxi\org\springframework\spring-beans\4.1.5.RELEASE\spring-beans-4.1.5.RELEASE.jar;D:\Program Files\apache-maven-3.6.1\shanxi\org\springframework\spring-core\4.1.5.RELEASE\spring-core-4.1.5.RELEASE.jar;D:\Program Files\apache-maven-3.6.1\shanxi\junit\junit\4.11\junit-4.11.jar;D:\Program Files\apache-maven-3.6.1\shanxi\org\hamcrest\hamcrest-core\1.3\hamcrest-core-1.3.jar;D:\Program Files\apache-maven-3.6.1\shanxi\org\codehaus\groovy\groovy-all\2.4.3\groovy-all-2.4.3.jar;D:\Program Files\apache-maven-3.6.1\shanxi\org\drools\drools-core\5.5.0.Final\drools-core-5.5.0.Final.jar;D:\Program Files\apache-maven-3.6.1\shanxi\org\mvel\mvel2\2.1.3.Final\mvel2-2.1.3.Final.jar;D:\Program Files\apache-maven-3.6.1\shanxi\org\drools\knowledge-api\5.5.0.Final\knowledge-api-5.5.0.Final.jar;D:\Program Files\apache-maven-3.6.1\shanxi\org\drools\knowledge-internal-api\5.5.0.Final\knowledge-internal-api-5.5.0.Final.jar;D:\Program Files\apache-maven-3.6.1\shanxi\org\drools\drools-compiler\5.5.0.Final\drools-compiler-5.5.0.Final.jar;D:\Program Files\apache-maven-3.6.1\shanxi\org\antlr\antlr-runtime\3.3\antlr-runtime-3.3.jar;D:\Program Files\apache-maven-3.6.1\shanxi\org\antlr\antlr\3.3\antlr-3.3.jar;D:\Program Files\apache-maven-3.6.1\shanxi\org\antlr\stringtemplate\3.2.1\stringtemplate-3.2.1.jar;D:\Program Files\apache-maven-3.6.1\shanxi\antlr\antlr\2.7.7\antlr-2.7.7.jar;D:\Program Files\apache-maven-3.6.1\shanxi\org\eclipse\jdt\core\compiler\ecj\3.5.1\ecj-3.5.1.jar;D:\Program Files\apache-maven-3.6.1\shanxi\com\thoughtworks\xstream\xstream\1.4.1\xstream-1.4.1.jar;D:\Program Files\apache-maven-3.6.1\shanxi\xmlpull\xmlpull\1.1.3.1\xmlpull-1.1.3.1.jar;D:\Program Files\apache-maven-3.6.1\shanxi\xpp3\xpp3_min\1.1.4c\xpp3_min-1.1.4c.jar;D:\Program Files\apache-maven-3.6.1\shanxi\javax\persistence\persistence-api\1.0\persistence-api-1.0.jar;D:\Program Files\apache-maven-3.6.1\shanxi\org\apache\geronimo\specs\geronimo-jta_1.1_spec\1.1.1\geronimo-jta_1.1_spec-1.1.1.jar;D:\Program Files\apache-maven-3.6.1\shanxi\javax\enterprise\concurrent\javax.enterprise.concurrent-api\1.0\javax.enterprise.concurrent-api-1.0.jar;D:\Program Files\apache-maven-3.6.1\shanxi\com\h2database\h2\1.3.176\h2-1.3.176.jar;D:\Program Files\apache-maven-3.6.1\shanxi\org\mockito\mockito-core\1.8.2\mockito-core-1.8.2.jar;D:\Program Files\apache-maven-3.6.1\shanxi\org\objenesis\objenesis\1.0\objenesis-1.0.jar;D:\Program Files\apache-maven-3.6.1\shanxi\org\apache\openjpa\openjpa\1.2.2\openjpa-1.2.2.jar;D:\Program Files\apache-maven-3.6.1\shanxi\net\sourceforge\serp\serp\1.13.1\serp-1.13.1.jar;D:\Program Files\apache-maven-3.6.1\shanxi\commons-lang\commons-lang\2.1\commons-lang-2.1.jar;D:\Program Files\apache-maven-3.6.1\shanxi\commons-collections\commons-collections\3.2\commons-collections-3.2.jar;D:\Program Files\apache-maven-3.6.1\shanxi\commons-pool\commons-pool\1.3\commons-pool-1.3.jar;D:\Program Files\apache-maven-3.6.1\shanxi\org\apache\geronimo\specs\geronimo-jms_1.1_spec\1.0.1\geronimo-jms_1.1_spec-1.0.1.jar;D:\Program Files\apache-maven-3.6.1\shanxi\org\apache\geronimo\specs\geronimo-jpa_3.0_spec\1.0\geronimo-jpa_3.0_spec-1.0.jar;D:\Program Files\apache-maven-3.6.1\shanxi\org\subethamail\subethasmtp-wiser\1.2\subethasmtp-wiser-1.2.jar;D:\Program Files\apache-maven-3.6.1\shanxi\org\subethamail\subethasmtp-smtp\1.2\subethasmtp-smtp-1.2.jar;D:\Program Files\apache-maven-3.6.1\shanxi\javax\mail\mail\1.4.1\mail-1.4.1.jar;D:\Program Files\apache-maven-3.6.1\shanxi\mysql\mysql-connector-java\5.1.27\mysql-connector-java-5.1.27.jar;D:\Program Files\apache-maven-3.6.1\shanxi\org\postgresql\postgresql\9.4-1201-jdbc4\postgresql-9.4-1201-jdbc4.jar;D:\Program Files\apache-maven-3.6.1\shanxi\net\sourceforge\jtds\jtds\1.3.0\jtds-1.3.0.jar;D:\Program Files\apache-maven-3.6.1\shanxi\com\fasterxml\uuid\java-uuid-generator\3.1.3\java-uuid-generator-3.1.3.jar;D:\Program Files\apache-maven-3.6.1\shanxi\log4j\log4j\1.2.13\log4j-1.2.13.jar;D:\Program Files\apache-maven-3.6.1\shanxi\commons-io\commons-io\2.0.1\commons-io-2.0.1.jar;D:\Program Files\apache-maven-3.6.1\shanxi\joda-time\joda-time\2.6\joda-time-2.6.jar;D:\Program Files\apache-maven-3.6.1\shanxi\org\slf4j\slf4j-api\1.7.6\slf4j-api-1.7.6.jar;D:\Program Files\apache-maven-3.6.1\shanxi\org\slf4j\jcl-over-slf4j\1.7.6\jcl-over-slf4j-1.7.6.jar;D:\Program Files\apache-maven-3.6.1\shanxi\org\slf4j\slf4j-log4j12\1.7.6\slf4j-log4j12-1.7.6.jar;D:\Program Files\apache-maven-3.6.1\shanxi\com\googlecode\catch-exception\catch-exception\1.2.0\catch-exception-1.2.0.jar;D:\Program Files\apache-maven-3.6.1\shanxi\org\codehaus\btm\btm\2.1.3\btm-2.1.3.jar;D:\Program Files\apache-maven-3.6.1\shanxi\javax\transaction\jta\1.1\jta-1.1.jar;"/>
    <property name="java.vm.specification.version" value="1.8"/>
    <property name="sun.arch.data.model" value="64"/>
    <property name="java.home" value="C:\Program Files\Java\jdk1.8.0_351\jre"/>
    <property name="sun.java.command" value="D:\xinchuang\activiti-engine-5.19.0.2\target\surefire\surefirebooter2972839343429811619.jar D:\xinchuang\activiti-engine-5.19.0.2\target\surefire\surefire1197127065150889766tmp D:\xinchuang\activiti-engine-5.19.0.2\target\surefire\surefire3285776718944652178tmp"/>
    <property name="java.specification.vendor" value="Oracle Corporation"/>
    <property name="user.language" value="en"/>
    <property name="awt.toolkit" value="sun.awt.windows.WToolkit"/>
    <property name="java.vm.info" value="mixed mode"/>
    <property name="java.version" value="1.8.0_351"/>
    <property name="java.ext.dirs" value="C:\Program Files\Java\jdk1.8.0_351\jre\lib\ext;C:\WINDOWS\Sun\Java\lib\ext"/>
    <property name="sun.boot.class.path" value="C:\Program Files\Java\jdk1.8.0_351\jre\lib\resources.jar;C:\Program Files\Java\jdk1.8.0_351\jre\lib\rt.jar;C:\Program Files\Java\jdk1.8.0_351\jre\lib\jsse.jar;C:\Program Files\Java\jdk1.8.0_351\jre\lib\jce.jar;C:\Program Files\Java\jdk1.8.0_351\jre\lib\charsets.jar;C:\Program Files\Java\jdk1.8.0_351\jre\lib\jfr.jar;C:\Program Files\Java\jdk1.8.0_351\jre\classes"/>
    <property name="java.vendor" value="Oracle Corporation"/>
    <property name="java.specification.maintenance.version" value="4"/>
    <property name="localRepository" value="D:\Program Files\apache-maven-3.6.1\shanxi"/>
    <property name="file.separator" value="\"/>
    <property name="java.vendor.url.bug" value="http://bugreport.sun.com/bugreport/"/>
    <property name="sun.cpu.endian" value="little"/>
    <property name="sun.io.unicode.encoding" value="UnicodeLittle"/>
    <property name="sun.desktop" value="windows"/>
    <property name="sun.cpu.isalist" value="amd64"/>
  </properties>
  <testcase classname="org.activiti.engine.test.db.IdGeneratorDataSourceTest" name="testIdGeneratorDataSource" time="0.487">
    <error message="
### Error querying database.  Cause: org.h2.jdbc.JdbcSQLException: Syntax error in SQL statement &quot;SELECT RES.* 
       
    FROM ACT_RE_PROCDEF RES
     
     WHERE  RES.DEPLOYMENT_ID_ = ? 
   
     ORDER BY  ORDER[*] BY RES.ID_ ASC  
    LIMIT ? OFFSET ? &quot;; expected &quot;=, NOT, EXISTS, INTERSECTS, SELECT, FROM&quot;; SQL statement:
select RES.* 
       
    from ACT_RE_PROCDEF RES
     
     WHERE  RES.DEPLOYMENT_ID_ = ? 
   
     order by  order by RES.ID_ asc  
    LIMIT ? OFFSET ? [42001-176]
### The error may exist in org/activiti/db/mapping/entity/ProcessDefinition.xml
### The error may involve org.activiti.engine.impl.persistence.entity.ProcessDefinitionEntity.selectProcessDefinitionsByQueryCriteria
### The error occurred while executing a query
### SQL: select RES.*              from ACT_RE_PROCDEF RES            WHERE  RES.DEPLOYMENT_ID_ = ?           order by  order by RES.ID_ asc       LIMIT ? OFFSET ?
### Cause: org.h2.jdbc.JdbcSQLException: Syntax error in SQL statement &quot;SELECT RES.* 
       
    FROM ACT_RE_PROCDEF RES
     
     WHERE  RES.DEPLOYMENT_ID_ = ? 
   
     ORDER BY  ORDER[*] BY RES.ID_ ASC  
    LIMIT ? OFFSET ? &quot;; expected &quot;=, NOT, EXISTS, INTERSECTS, SELECT, FROM&quot;; SQL statement:
select RES.* 
       
    from ACT_RE_PROCDEF RES
     
     WHERE  RES.DEPLOYMENT_ID_ = ? 
   
     order by  order by RES.ID_ asc  
    LIMIT ? OFFSET ? [42001-176]" type="org.apache.ibatis.exceptions.PersistenceException">org.apache.ibatis.exceptions.PersistenceException: 
### Error querying database.  Cause: org.h2.jdbc.JdbcSQLException: Syntax error in SQL statement &quot;SELECT RES.* 
       
    FROM ACT_RE_PROCDEF RES
     
     WHERE  RES.DEPLOYMENT_ID_ = ? 
   
     ORDER BY  ORDER[*] BY RES.ID_ ASC  
    LIMIT ? OFFSET ? &quot;; expected &quot;=, NOT, EXISTS, INTERSECTS, SELECT, FROM&quot;; SQL statement:
select RES.* 
       
    from ACT_RE_PROCDEF RES
     
     WHERE  RES.DEPLOYMENT_ID_ = ? 
   
     order by  order by RES.ID_ asc  
    LIMIT ? OFFSET ? [42001-176]
### The error may exist in org/activiti/db/mapping/entity/ProcessDefinition.xml
### The error may involve org.activiti.engine.impl.persistence.entity.ProcessDefinitionEntity.selectProcessDefinitionsByQueryCriteria
### The error occurred while executing a query
### SQL: select RES.*              from ACT_RE_PROCDEF RES            WHERE  RES.DEPLOYMENT_ID_ = ?           order by  order by RES.ID_ asc       LIMIT ? OFFSET ?
### Cause: org.h2.jdbc.JdbcSQLException: Syntax error in SQL statement &quot;SELECT RES.* 
       
    FROM ACT_RE_PROCDEF RES
     
     WHERE  RES.DEPLOYMENT_ID_ = ? 
   
     ORDER BY  ORDER[*] BY RES.ID_ ASC  
    LIMIT ? OFFSET ? &quot;; expected &quot;=, NOT, EXISTS, INTERSECTS, SELECT, FROM&quot;; SQL statement:
select RES.* 
       
    from ACT_RE_PROCDEF RES
     
     WHERE  RES.DEPLOYMENT_ID_ = ? 
   
     order by  order by RES.ID_ asc  
    LIMIT ? OFFSET ? [42001-176]
	at org.apache.ibatis.exceptions.ExceptionFactory.wrapException(ExceptionFactory.java:30)
	at org.apache.ibatis.session.defaults.DefaultSqlSession.selectList(DefaultSqlSession.java:122)
	at org.apache.ibatis.session.defaults.DefaultSqlSession.selectList(DefaultSqlSession.java:113)
	at org.activiti.engine.impl.db.DbSqlSession.selectListWithRawParameter(DbSqlSession.java:438)
	at org.activiti.engine.impl.db.DbSqlSession.selectList(DbSqlSession.java:429)
	at org.activiti.engine.impl.db.DbSqlSession.selectList(DbSqlSession.java:419)
	at org.activiti.engine.impl.persistence.entity.ProcessDefinitionEntityManager.findProcessDefinitionsByQueryCriteria(ProcessDefinitionEntityManager.java:57)
	at org.activiti.engine.impl.ProcessDefinitionQueryImpl.executeList(ProcessDefinitionQueryImpl.java:307)
	at org.activiti.engine.impl.AbstractQuery.list(AbstractQuery.java:140)
	at org.activiti.engine.impl.persistence.deploy.DeploymentManager.removeDeployment(DeploymentManager.java:187)
	at org.activiti.engine.impl.cmd.DeleteDeploymentCmd.execute(DeleteDeploymentCmd.java:44)
	at org.activiti.engine.impl.cmd.DeleteDeploymentCmd.execute(DeleteDeploymentCmd.java:24)
	at org.activiti.engine.impl.interceptor.CommandInvoker.execute(CommandInvoker.java:24)
	at org.activiti.engine.impl.interceptor.CommandContextInterceptor.execute(CommandContextInterceptor.java:57)
	at org.activiti.engine.impl.interceptor.LogInterceptor.execute(LogInterceptor.java:37)
	at org.activiti.engine.impl.cfg.CommandExecutorImpl.execute(CommandExecutorImpl.java:40)
	at org.activiti.engine.impl.cfg.CommandExecutorImpl.execute(CommandExecutorImpl.java:35)
	at org.activiti.engine.impl.RepositoryServiceImpl.deleteDeployment(RepositoryServiceImpl.java:90)
	at org.activiti.engine.impl.test.TestHelper.annotationDeploymentTearDown(TestHelper.java:116)
	at org.activiti.engine.impl.test.AbstractActivitiTestCase.runBare(AbstractActivitiTestCase.java:116)
	at junit.framework.TestResult$1.protect(TestResult.java:122)
	at junit.framework.TestResult.runProtected(TestResult.java:142)
	at junit.framework.TestResult.run(TestResult.java:125)
	at junit.framework.TestCase.run(TestCase.java:129)
	at junit.framework.TestSuite.runTest(TestSuite.java:255)
	at junit.framework.TestSuite.run(TestSuite.java:250)
	at org.junit.internal.runners.JUnit38ClassRunner.run(JUnit38ClassRunner.java:84)
	at org.apache.maven.surefire.junit4.JUnit4TestSet.execute(JUnit4TestSet.java:35)
	at org.apache.maven.surefire.junit4.JUnit4Provider.executeTestSet(JUnit4Provider.java:146)
	at org.apache.maven.surefire.junit4.JUnit4Provider.invoke(JUnit4Provider.java:97)
	at sun.reflect.NativeMethodAccessorImpl.invoke0(Native Method)
	at sun.reflect.NativeMethodAccessorImpl.invoke(NativeMethodAccessorImpl.java:62)
	at sun.reflect.DelegatingMethodAccessorImpl.invoke(DelegatingMethodAccessorImpl.java:43)
	at java.lang.reflect.Method.invoke(Method.java:498)
	at org.apache.maven.surefire.booter.ProviderFactory$ClassLoaderProxy.invoke(ProviderFactory.java:103)
	at com.sun.proxy.$Proxy0.invoke(Unknown Source)
	at org.apache.maven.surefire.booter.SurefireStarter.invokeProvider(SurefireStarter.java:145)
	at org.apache.maven.surefire.booter.SurefireStarter.runSuitesInProcess(SurefireStarter.java:87)
	at org.apache.maven.surefire.booter.ForkedBooter.main(ForkedBooter.java:69)
Caused by: org.h2.jdbc.JdbcSQLException: Syntax error in SQL statement &quot;SELECT RES.* 
       
    FROM ACT_RE_PROCDEF RES
     
     WHERE  RES.DEPLOYMENT_ID_ = ? 
   
     ORDER BY  ORDER[*] BY RES.ID_ ASC  
    LIMIT ? OFFSET ? &quot;; expected &quot;=, NOT, EXISTS, INTERSECTS, SELECT, FROM&quot;; SQL statement:
select RES.* 
       
    from ACT_RE_PROCDEF RES
     
     WHERE  RES.DEPLOYMENT_ID_ = ? 
   
     order by  order by RES.ID_ asc  
    LIMIT ? OFFSET ? [42001-176]
	at org.h2.message.DbException.getJdbcSQLException(DbException.java:344)
	at org.h2.message.DbException.getSyntaxError(DbException.java:204)
	at org.h2.command.Parser.getSyntaxError(Parser.java:524)
	at org.h2.command.Parser.readTerm(Parser.java:2688)
	at org.h2.command.Parser.readFactor(Parser.java:2244)
	at org.h2.command.Parser.readSum(Parser.java:2231)
	at org.h2.command.Parser.readConcat(Parser.java:2201)
	at org.h2.command.Parser.readCondition(Parser.java:2051)
	at org.h2.command.Parser.readAnd(Parser.java:2023)
	at org.h2.command.Parser.readExpression(Parser.java:2015)
	at org.h2.command.Parser.parseEndOfQuery(Parser.java:1726)
	at org.h2.command.Parser.parseSelectUnionExtension(Parser.java:1706)
	at org.h2.command.Parser.parseSelectUnion(Parser.java:1675)
	at org.h2.command.Parser.parseSelect(Parser.java:1662)
	at org.h2.command.Parser.parsePrepared(Parser.java:434)
	at org.h2.command.Parser.parse(Parser.java:306)
	at org.h2.command.Parser.parse(Parser.java:282)
	at org.h2.command.Parser.prepareCommand(Parser.java:243)
	at org.h2.engine.Session.prepareLocal(Session.java:442)
	at org.h2.engine.Session.prepareCommand(Session.java:384)
	at org.h2.jdbc.JdbcConnection.prepareCommand(JdbcConnection.java:1188)
	at org.h2.jdbc.JdbcPreparedStatement.&lt;init&gt;(JdbcPreparedStatement.java:73)
	at org.h2.jdbc.JdbcConnection.prepareStatement(JdbcConnection.java:276)
	at sun.reflect.GeneratedMethodAccessor6.invoke(Unknown Source)
	at sun.reflect.DelegatingMethodAccessorImpl.invoke(DelegatingMethodAccessorImpl.java:43)
	at java.lang.reflect.Method.invoke(Method.java:498)
	at org.apache.ibatis.datasource.pooled.PooledConnection.invoke(PooledConnection.java:245)
	at com.sun.proxy.$Proxy12.prepareStatement(Unknown Source)
	at sun.reflect.GeneratedMethodAccessor6.invoke(Unknown Source)
	at sun.reflect.DelegatingMethodAccessorImpl.invoke(DelegatingMethodAccessorImpl.java:43)
	at java.lang.reflect.Method.invoke(Method.java:498)
	at org.apache.ibatis.logging.jdbc.ConnectionLogger.invoke(ConnectionLogger.java:55)
	at com.sun.proxy.$Proxy12.prepareStatement(Unknown Source)
	at org.apache.ibatis.executor.statement.PreparedStatementHandler.instantiateStatement(PreparedStatementHandler.java:79)
	at org.apache.ibatis.executor.statement.BaseStatementHandler.prepare(BaseStatementHandler.java:88)
	at org.apache.ibatis.executor.statement.RoutingStatementHandler.prepare(RoutingStatementHandler.java:58)
	at org.apache.ibatis.executor.SimpleExecutor.prepareStatement(SimpleExecutor.java:76)
	at org.apache.ibatis.executor.SimpleExecutor.doQuery(SimpleExecutor.java:61)
	at org.apache.ibatis.executor.BaseExecutor.queryFromDatabase(BaseExecutor.java:303)
	at org.apache.ibatis.executor.BaseExecutor.query(BaseExecutor.java:154)
	at org.apache.ibatis.executor.CachingExecutor.query(CachingExecutor.java:102)
	at org.apache.ibatis.executor.CachingExecutor.query(CachingExecutor.java:82)
	at org.apache.ibatis.session.defaults.DefaultSqlSession.selectList(DefaultSqlSession.java:120)
	... 37 more
</error>
    <system-out>@SLTests run: 2, Failures: 0, Errors: 2, Skipped: 0, Time elapsed: 0.019 sec &lt;&lt;&lt; FAILURE!
@SLRunning org.activiti.engine.test.db.IdGeneratorDataSourceTest
10:47:16,122 [main] DEBUG org.springframework.core.env.StandardEnvironment  - Adding [systemProperties] PropertySource with lowest search precedence
10:47:16,122 [main] DEBUG org.springframework.core.env.StandardEnvironment  - Adding [systemEnvironment] PropertySource with lowest search precedence
10:47:16,122 [main] DEBUG org.springframework.core.env.StandardEnvironment  - Initialized StandardEnvironment with PropertySources [systemProperties,systemEnvironment]
10:47:16,122 [main] INFO  org.springframework.beans.factory.xml.XmlBeanDefinitionReader  - Loading XML bean definitions from class path resource [org/activiti/engine/test/db/IdGeneratorDataSourceTest.activiti.cfg.xml]
10:47:16,123 [main] DEBUG org.springframework.beans.factory.xml.DefaultDocumentLoader  - Using JAXP provider [com.sun.org.apache.xerces.internal.jaxp.DocumentBuilderFactoryImpl]
10:47:16,124 [main] DEBUG org.springframework.beans.factory.xml.PluggableSchemaResolver  - Loading schema mappings from [META-INF/spring.schemas]
10:47:16,124 [main] DEBUG org.springframework.beans.factory.xml.PluggableSchemaResolver  - Loaded schema mappings: {http://www.springframework.org/schema/beans/spring-beans-3.2.xsd=org/springframework/beans/factory/xml/spring-beans-3.2.xsd, http://www.springframework.org/schema/util/spring-util-3.0.xsd=org/springframework/beans/factory/xml/spring-util-3.0.xsd, http://www.springframework.org/schema/util/spring-util-4.1.xsd=org/springframework/beans/factory/xml/spring-util-4.1.xsd, http://www.springframework.org/schema/util/spring-util-2.0.xsd=org/springframework/beans/factory/xml/spring-util-2.0.xsd, http://www.springframework.org/schema/util/spring-util-2.5.xsd=org/springframework/beans/factory/xml/spring-util-2.5.xsd, http://www.springframework.org/schema/tool/spring-tool-3.0.xsd=org/springframework/beans/factory/xml/spring-tool-3.0.xsd, http://www.springframework.org/schema/tool/spring-tool-4.1.xsd=org/springframework/beans/factory/xml/spring-tool-4.1.xsd, http://www.springframework.org/schema/tool/spring-tool-2.0.xsd=org/springframework/beans/factory/xml/spring-tool-2.0.xsd, http://www.springframework.org/schema/util/spring-util-3.2.xsd=org/springframework/beans/factory/xml/spring-util-3.2.xsd, http://www.springframework.org/schema/beans/spring-beans-4.1.xsd=org/springframework/beans/factory/xml/spring-beans-4.1.xsd, http://www.springframework.org/schema/beans/spring-beans-2.0.xsd=org/springframework/beans/factory/xml/spring-beans-2.0.xsd, http://www.springframework.org/schema/tool/spring-tool-2.5.xsd=org/springframework/beans/factory/xml/spring-tool-2.5.xsd, http://www.springframework.org/schema/beans/spring-beans-3.1.xsd=org/springframework/beans/factory/xml/spring-beans-3.1.xsd, http://www.springframework.org/schema/beans/spring-beans-2.5.xsd=org/springframework/beans/factory/xml/spring-beans-2.5.xsd, http://www.springframework.org/schema/beans/spring-beans.xsd=org/springframework/beans/factory/xml/spring-beans-4.1.xsd, http://www.springframework.org/schema/tool/spring-tool.xsd=org/springframework/beans/factory/xml/spring-tool-4.1.xsd, http://www.springframework.org/schema/tool/spring-tool-3.2.xsd=org/springframework/beans/factory/xml/spring-tool-3.2.xsd, http://www.springframework.org/schema/util/spring-util-4.0.xsd=org/springframework/beans/factory/xml/spring-util-4.0.xsd, http://www.springframework.org/schema/tool/spring-tool-4.0.xsd=org/springframework/beans/factory/xml/spring-tool-4.0.xsd, http://www.springframework.org/schema/util/spring-util-3.1.xsd=org/springframework/beans/factory/xml/spring-util-3.1.xsd, http://www.springframework.org/schema/beans/spring-beans-4.0.xsd=org/springframework/beans/factory/xml/spring-beans-4.0.xsd, http://www.springframework.org/schema/beans/spring-beans-3.0.xsd=org/springframework/beans/factory/xml/spring-beans-3.0.xsd, http://www.springframework.org/schema/tool/spring-tool-3.1.xsd=org/springframework/beans/factory/xml/spring-tool-3.1.xsd, http://www.springframework.org/schema/util/spring-util.xsd=org/springframework/beans/factory/xml/spring-util-4.1.xsd}
10:47:16,124 [main] DEBUG org.springframework.beans.factory.xml.PluggableSchemaResolver  - Found XML schema [http://www.springframework.org/schema/beans/spring-beans.xsd] in classpath: org/springframework/beans/factory/xml/spring-beans-4.1.xsd
10:47:16,126 [main] DEBUG org.springframework.beans.factory.xml.DefaultBeanDefinitionDocumentReader  - Loading bean definitions
10:47:16,127 [main] DEBUG org.springframework.beans.factory.xml.BeanDefinitionParserDelegate  - No XML &apos;id&apos; specified - using &apos;idGeneratorDataSource&apos; as bean name and [] as aliases
10:47:16,127 [main] DEBUG org.springframework.beans.factory.support.DefaultListableBeanFactory  - Creating shared instance of singleton bean &apos;processEngineConfiguration&apos;
10:47:16,127 [main] DEBUG org.springframework.beans.factory.support.DefaultListableBeanFactory  - Creating instance of bean &apos;processEngineConfiguration&apos;
10:47:16,127 [main] DEBUG org.springframework.beans.factory.support.DefaultListableBeanFactory  - Eagerly caching bean &apos;processEngineConfiguration&apos; to allow for resolving potential circular references
10:47:16,127 [main] DEBUG org.springframework.beans.factory.support.DefaultListableBeanFactory  - Creating shared instance of singleton bean &apos;idGeneratorDataSource&apos;
10:47:16,127 [main] DEBUG org.springframework.beans.factory.support.DefaultListableBeanFactory  - Creating instance of bean &apos;idGeneratorDataSource&apos;
10:47:16,129 [main] DEBUG org.apache.ibatis.datasource.pooled.PooledDataSource  - PooledDataSource forcefully closed/removed all connections.
10:47:16,129 [main] DEBUG org.apache.ibatis.datasource.pooled.PooledDataSource  - PooledDataSource forcefully closed/removed all connections.
10:47:16,129 [main] DEBUG org.apache.ibatis.datasource.pooled.PooledDataSource  - PooledDataSource forcefully closed/removed all connections.
10:47:16,130 [main] DEBUG org.apache.ibatis.datasource.pooled.PooledDataSource  - PooledDataSource forcefully closed/removed all connections.
10:47:16,130 [main] DEBUG org.apache.ibatis.datasource.pooled.PooledDataSource  - PooledDataSource forcefully closed/removed all connections.
10:47:16,130 [main] DEBUG org.springframework.beans.factory.support.DefaultListableBeanFactory  - Eagerly caching bean &apos;idGeneratorDataSource&apos; to allow for resolving potential circular references
10:47:16,130 [main] DEBUG org.springframework.beans.factory.support.DefaultListableBeanFactory  - Finished creating instance of bean &apos;idGeneratorDataSource&apos;
10:47:16,130 [main] DEBUG org.springframework.beans.factory.support.DefaultListableBeanFactory  - Finished creating instance of bean &apos;processEngineConfiguration&apos;
10:47:16,130 [main] DEBUG org.activiti.engine.impl.cfg.ProcessEngineConfigurationImpl  - initializing datasource to db: jdbc:h2:mem:activiti
10:47:16,130 [main] DEBUG org.apache.ibatis.datasource.pooled.PooledDataSource  - PooledDataSource forcefully closed/removed all connections.
10:47:16,130 [main] DEBUG org.apache.ibatis.datasource.pooled.PooledDataSource  - PooledDataSource forcefully closed/removed all connections.
10:47:16,131 [main] DEBUG org.apache.ibatis.datasource.pooled.PooledDataSource  - Created connection 826925275.
10:47:16,131 [main] DEBUG org.activiti.engine.impl.cfg.ProcessEngineConfigurationImpl  - database product name: &apos;H2&apos;
10:47:16,131 [main] DEBUG org.activiti.engine.impl.cfg.ProcessEngineConfigurationImpl  - using database type: h2
10:47:16,131 [main] DEBUG org.apache.ibatis.datasource.pooled.PooledDataSource  - Returned connection 826925275 to pool.
10:47:16,132 [main] DEBUG org.apache.ibatis.datasource.pooled.PooledDataSource  - Created connection 1094226572.
10:47:16,132 [main] DEBUG org.activiti.engine.impl.cfg.ProcessEngineConfigurationImpl  - database product name: &apos;H2&apos;
10:47:16,132 [main] DEBUG org.activiti.engine.impl.cfg.ProcessEngineConfigurationImpl  - using database type: h2
10:47:16,132 [main] DEBUG org.apache.ibatis.datasource.pooled.PooledDataSource  - Returned connection 1094226572 to pool.
10:47:16,264 [Finalizer] DEBUG org.apache.ibatis.datasource.pooled.PooledDataSource  - PooledDataSource forcefully closed/removed all connections.
10:47:16,264 [Finalizer] DEBUG org.apache.ibatis.datasource.pooled.PooledDataSource  - PooledDataSource forcefully closed/removed all connections.
10:47:16,330 [main] DEBUG org.activiti.engine.impl.interceptor.LogInterceptor  - 

10:47:16,330 [main] DEBUG org.activiti.engine.impl.interceptor.LogInterceptor  - --- starting SchemaOperationsProcessEngineBuild --------------------------------------------------------
10:47:16,330 [main] DEBUG org.apache.ibatis.transaction.jdbc.JdbcTransaction  - Opening JDBC Connection
10:47:16,330 [main] DEBUG org.apache.ibatis.datasource.pooled.PooledDataSource  - Checked out connection 826925275 from pool.
10:47:16,330 [main] DEBUG org.apache.ibatis.transaction.jdbc.JdbcTransaction  - Setting autocommit to false on JDBC Connection [conn53: url=jdbc:h2:mem:activiti user=SA]
10:47:16,331 [main] DEBUG org.activiti.engine.impl.persistence.entity.PropertyEntity.selectProperty  - ==&gt;  Preparing: select * from ACT_GE_PROPERTY where NAME_ = ? 
10:47:16,331 [main] DEBUG org.activiti.engine.impl.persistence.entity.PropertyEntity.selectProperty  - ==&gt; Parameters: schema.version(String)
10:47:16,331 [main] DEBUG org.activiti.engine.impl.persistence.entity.PropertyEntity.selectProperty  - &lt;==      Total: 1
10:47:16,331 [main] DEBUG org.activiti.engine.impl.db.DbSqlSession  - flush summary: 0 insert, 0 update, 0 delete.
10:47:16,331 [main] DEBUG org.activiti.engine.impl.db.DbSqlSession  - now executing flush...
10:47:16,331 [main] DEBUG org.activiti.engine.impl.cfg.standalone.StandaloneMybatisTransactionContext  - firing event committing...
10:47:16,331 [main] DEBUG org.activiti.engine.impl.cfg.standalone.StandaloneMybatisTransactionContext  - committing the ibatis sql session...
10:47:16,331 [main] DEBUG org.activiti.engine.impl.cfg.standalone.StandaloneMybatisTransactionContext  - firing event committed...
10:47:16,331 [main] DEBUG org.apache.ibatis.transaction.jdbc.JdbcTransaction  - Resetting autocommit to true on JDBC Connection [conn53: url=jdbc:h2:mem:activiti user=SA]
10:47:16,331 [main] DEBUG org.apache.ibatis.transaction.jdbc.JdbcTransaction  - Closing JDBC Connection [conn53: url=jdbc:h2:mem:activiti user=SA]
10:47:16,331 [main] DEBUG org.apache.ibatis.datasource.pooled.PooledDataSource  - Returned connection 826925275 to pool.
10:47:16,332 [main] DEBUG org.activiti.engine.impl.interceptor.LogInterceptor  - --- SchemaOperationsProcessEngineBuild finished --------------------------------------------------------
10:47:16,332 [main] DEBUG org.activiti.engine.impl.interceptor.LogInterceptor  - 

10:47:16,332 [main] INFO  org.activiti.engine.impl.ProcessEngineImpl  - ProcessEngine default created
10:47:16,332 [main] DEBUG org.activiti.engine.impl.test.TestHelper  - annotation @Deployment creates deployment for IdGeneratorDataSourceTest.testIdGeneratorDataSource
10:47:16,334 [main] DEBUG org.activiti.engine.impl.interceptor.LogInterceptor  - 

10:47:16,334 [main] DEBUG org.activiti.engine.impl.interceptor.LogInterceptor  - --- starting DeployCmd --------------------------------------------------------
10:47:16,334 [main] DEBUG org.activiti.engine.impl.interceptor.LogInterceptor  - 

10:47:16,334 [main] DEBUG org.activiti.engine.impl.interceptor.LogInterceptor  - --- starting GetNextIdBlockCmd --------------------------------------------------------
10:47:16,334 [main] DEBUG org.apache.ibatis.transaction.jdbc.JdbcTransaction  - Opening JDBC Connection
10:47:16,334 [main] DEBUG org.apache.ibatis.datasource.pooled.PooledDataSource  - Checked out connection 1094226572 from pool.
10:47:16,334 [main] DEBUG org.apache.ibatis.transaction.jdbc.JdbcTransaction  - Setting autocommit to false on JDBC Connection [conn54: url=jdbc:h2:mem:activiti user=SA]
10:47:16,334 [main] DEBUG org.activiti.engine.impl.persistence.entity.PropertyEntity.selectProperty  - ==&gt;  Preparing: select * from ACT_GE_PROPERTY where NAME_ = ? 
10:47:16,334 [main] DEBUG org.activiti.engine.impl.persistence.entity.PropertyEntity.selectProperty  - ==&gt; Parameters: next.dbid(String)
10:47:16,334 [main] DEBUG org.activiti.engine.impl.persistence.entity.PropertyEntity.selectProperty  - &lt;==      Total: 1
10:47:16,334 [main] DEBUG org.activiti.engine.impl.db.DbSqlSession  -   update PropertyEntity[name=next.dbid, value=4]
10:47:16,334 [main] DEBUG org.activiti.engine.impl.db.DbSqlSession  - flush summary: 0 insert, 1 update, 0 delete.
10:47:16,334 [main] DEBUG org.activiti.engine.impl.db.DbSqlSession  - now executing flush...
10:47:16,334 [main] DEBUG org.activiti.engine.impl.db.DbSqlSession  - updating: PropertyEntity[name=next.dbid, value=4]
10:47:16,334 [main] DEBUG org.activiti.engine.impl.persistence.entity.PropertyEntity.updateProperty  - ==&gt;  Preparing: update ACT_GE_PROPERTY SET REV_ = ?, VALUE_ = ? where NAME_ = ? and REV_ = ? 
10:47:16,334 [main] DEBUG org.activiti.engine.impl.persistence.entity.PropertyEntity.updateProperty  - ==&gt; Parameters: 2(Integer), 4(String), next.dbid(String), 1(Integer)
10:47:16,334 [main] DEBUG org.activiti.engine.impl.persistence.entity.PropertyEntity.updateProperty  - &lt;==    Updates: 1
10:47:16,334 [main] DEBUG org.activiti.engine.impl.cfg.standalone.StandaloneMybatisTransactionContext  - firing event committing...
10:47:16,334 [main] DEBUG org.activiti.engine.impl.cfg.standalone.StandaloneMybatisTransactionContext  - committing the ibatis sql session...
10:47:16,334 [main] DEBUG org.apache.ibatis.transaction.jdbc.JdbcTransaction  - Committing JDBC Connection [conn54: url=jdbc:h2:mem:activiti user=SA]
10:47:16,334 [main] DEBUG org.activiti.engine.impl.cfg.standalone.StandaloneMybatisTransactionContext  - firing event committed...
10:47:16,334 [main] DEBUG org.apache.ibatis.transaction.jdbc.JdbcTransaction  - Resetting autocommit to true on JDBC Connection [conn54: url=jdbc:h2:mem:activiti user=SA]
10:47:16,334 [main] DEBUG org.apache.ibatis.transaction.jdbc.JdbcTransaction  - Closing JDBC Connection [conn54: url=jdbc:h2:mem:activiti user=SA]
10:47:16,334 [main] DEBUG org.apache.ibatis.datasource.pooled.PooledDataSource  - Returned connection 1094226572 to pool.
10:47:16,334 [main] DEBUG org.activiti.engine.impl.interceptor.LogInterceptor  - --- GetNextIdBlockCmd finished --------------------------------------------------------
10:47:16,334 [main] DEBUG org.activiti.engine.impl.interceptor.LogInterceptor  - 

10:47:16,335 [main] DEBUG org.activiti.engine.impl.bpmn.deployer.BpmnDeployer  - Processing deployment IdGeneratorDataSourceTest.testIdGeneratorDataSource
10:47:16,335 [main] INFO  org.activiti.engine.impl.bpmn.deployer.BpmnDeployer  - Processing resource org/activiti/engine/test/db/IdGeneratorDataSourceTest.testIdGeneratorDataSource.bpmn20.xml
10:47:16,338 [main] DEBUG org.activiti.engine.impl.bpmn.parser.handler.ProcessParseHandler  - Parsing process idGeneratorDataSource
10:47:16,338 [main] DEBUG org.activiti.engine.impl.bpmn.parser.handler.AbstractBpmnParseHandler  - Parsing activity javaService
10:47:16,338 [main] DEBUG org.activiti.engine.impl.bpmn.parser.handler.AbstractBpmnParseHandler  - Parsing activity theStart
10:47:16,338 [main] DEBUG org.activiti.engine.impl.bpmn.parser.handler.AbstractBpmnParseHandler  - Parsing activity theEnd
10:47:16,339 [main] DEBUG org.apache.ibatis.transaction.jdbc.JdbcTransaction  - Opening JDBC Connection
10:47:16,339 [main] DEBUG org.apache.ibatis.datasource.pooled.PooledDataSource  - Checked out connection 826925275 from pool.
10:47:16,339 [main] DEBUG org.apache.ibatis.transaction.jdbc.JdbcTransaction  - Setting autocommit to false on JDBC Connection [conn53: url=jdbc:h2:mem:activiti user=SA]
10:47:16,339 [main] DEBUG org.activiti.engine.impl.persistence.entity.ProcessDefinitionEntity.selectLatestProcessDefinitionByKey  - ==&gt;  Preparing: select * from ACT_RE_PROCDEF where KEY_ = ? and (TENANT_ID_ = &apos;&apos; or TENANT_ID_ is null) and VERSION_ = (select max(VERSION_) from ACT_RE_PROCDEF where KEY_ = ? and (TENANT_ID_ = &apos;&apos; or TENANT_ID_ is null)) 
10:47:16,339 [main] DEBUG org.activiti.engine.impl.persistence.entity.ProcessDefinitionEntity.selectLatestProcessDefinitionByKey  - ==&gt; Parameters: idGeneratorDataSource(String), idGeneratorDataSource(String)
10:47:16,339 [main] DEBUG org.activiti.engine.impl.persistence.entity.ProcessDefinitionEntity.selectLatestProcessDefinitionByKey  - &lt;==      Total: 0
10:47:16,339 [main] DEBUG org.activiti.engine.impl.persistence.entity.JobEntity.selectJobByTypeAndProcessDefinitionKeyNoTenantId  - ==&gt;  Preparing: select J.* from ACT_RU_JOB J inner join ACT_RE_PROCDEF P on J.PROC_DEF_ID_ = P.ID_ where J.HANDLER_TYPE_ = ? and P.KEY_ = ? and (P.TENANT_ID_ = &apos;&apos; or P.TENANT_ID_ is null) 
10:47:16,339 [main] DEBUG org.activiti.engine.impl.persistence.entity.JobEntity.selectJobByTypeAndProcessDefinitionKeyNoTenantId  - ==&gt; Parameters: timer-start-event(String), idGeneratorDataSource(String)
10:47:16,339 [main] DEBUG org.activiti.engine.impl.persistence.entity.JobEntity.selectJobByTypeAndProcessDefinitionKeyNoTenantId  - &lt;==      Total: 0
10:47:16,339 [main] DEBUG org.activiti.engine.impl.interceptor.LogInterceptor  - 

10:47:16,339 [main] DEBUG org.activiti.engine.impl.interceptor.LogInterceptor  - --- starting GetProcessDefinitionInfoCmd --------------------------------------------------------
10:47:16,339 [main] DEBUG org.activiti.engine.impl.interceptor.CommandContextInterceptor  - Valid context found. Reusing it for the current command &apos;org.activiti.engine.impl.cmd.GetProcessDefinitionInfoCmd&apos;
10:47:16,339 [main] DEBUG org.activiti.engine.impl.interceptor.LogInterceptor  - --- GetProcessDefinitionInfoCmd finished --------------------------------------------------------
10:47:16,339 [main] DEBUG org.activiti.engine.impl.interceptor.LogInterceptor  - 

10:47:16,339 [main] DEBUG org.activiti.engine.impl.db.DbSqlSession  -   insert ResourceEntity[id=2, name=org/activiti/engine/test/db/IdGeneratorDataSourceTest.testIdGeneratorDataSource.bpmn20.xml]
10:47:16,339 [main] DEBUG org.activiti.engine.impl.db.DbSqlSession  -   insert DeploymentEntity[id=1, name=IdGeneratorDataSourceTest.testIdGeneratorDataSource]
10:47:16,339 [main] DEBUG org.activiti.engine.impl.db.DbSqlSession  -   insert ProcessDefinitionEntity[idGeneratorDataSource:1:3]
10:47:16,339 [main] DEBUG org.activiti.engine.impl.db.DbSqlSession  - flush summary: 3 insert, 0 update, 0 delete.
10:47:16,339 [main] DEBUG org.activiti.engine.impl.db.DbSqlSession  - now executing flush...
10:47:16,339 [main] DEBUG org.activiti.engine.impl.db.DbSqlSession  - inserting: ProcessDefinitionEntity[idGeneratorDataSource:1:3]
10:47:16,339 [main] DEBUG org.activiti.engine.impl.persistence.entity.ProcessDefinitionEntity.insertProcessDefinition  - ==&gt;  Preparing: insert into ACT_RE_PROCDEF(ID_, REV_, CATEGORY_, NAME_, KEY_, VERSION_, DEPLOYMENT_ID_, RESOURCE_NAME_, DGRM_RESOURCE_NAME_, DESCRIPTION_, HAS_START_FORM_KEY_, HAS_GRAPHICAL_NOTATION_ , SUSPENSION_STATE_, TENANT_ID_) values (?, 1, ?, ?, ?, ?, ?, ?, ?, ?, ?, ?, ?, ?) 
10:47:16,339 [main] DEBUG org.activiti.engine.impl.persistence.entity.ProcessDefinitionEntity.insertProcessDefinition  - ==&gt; Parameters: idGeneratorDataSource:1:3(String), Examples(String), null, idGeneratorDataSource(String), 1(Integer), 1(String), org/activiti/engine/test/db/IdGeneratorDataSourceTest.testIdGeneratorDataSource.bpmn20.xml(String), null, null, false(Boolean), false(Boolean), 1(Integer), (String)
10:47:16,339 [main] DEBUG org.activiti.engine.impl.persistence.entity.ProcessDefinitionEntity.insertProcessDefinition  - &lt;==    Updates: 1
10:47:16,339 [main] DEBUG org.activiti.engine.impl.db.DbSqlSession  - inserting: DeploymentEntity[id=1, name=IdGeneratorDataSourceTest.testIdGeneratorDataSource]
10:47:16,339 [main] DEBUG org.activiti.engine.impl.persistence.entity.DeploymentEntity.insertDeployment  - ==&gt;  Preparing: insert into ACT_RE_DEPLOYMENT(ID_, NAME_, CATEGORY_, TENANT_ID_, DEPLOY_TIME_) values(?, ?, ?, ?, ?) 
10:47:16,339 [main] DEBUG org.activiti.engine.impl.persistence.entity.DeploymentEntity.insertDeployment  - ==&gt; Parameters: 1(String), IdGeneratorDataSourceTest.testIdGeneratorDataSource(String), null, (String), 2015-01-01 00:00:00.0(Timestamp)
10:47:16,339 [main] DEBUG org.activiti.engine.impl.persistence.entity.DeploymentEntity.insertDeployment  - &lt;==    Updates: 1
10:47:16,339 [main] DEBUG org.activiti.engine.impl.db.DbSqlSession  - inserting: ResourceEntity[id=2, name=org/activiti/engine/test/db/IdGeneratorDataSourceTest.testIdGeneratorDataSource.bpmn20.xml]
10:47:16,339 [main] DEBUG org.activiti.engine.impl.persistence.entity.ResourceEntity.insertResource  - ==&gt;  Preparing: insert into ACT_GE_BYTEARRAY(ID_, REV_, NAME_, BYTES_, DEPLOYMENT_ID_, GENERATED_) values (?, 1, ?, ?, ?, ?) 
10:47:16,339 [main] DEBUG org.activiti.engine.impl.persistence.entity.ResourceEntity.insertResource  - ==&gt; Parameters: 2(String), org/activiti/engine/test/db/IdGeneratorDataSourceTest.testIdGeneratorDataSource.bpmn20.xml(String), java.io.ByteArrayInputStream@295af370(ByteArrayInputStream), 1(String), false(Boolean)
10:47:16,339 [main] DEBUG org.activiti.engine.impl.persistence.entity.ResourceEntity.insertResource  - &lt;==    Updates: 1
10:47:16,339 [main] DEBUG org.activiti.engine.impl.cfg.standalone.StandaloneMybatisTransactionContext  - firing event committing...
10:47:16,339 [main] DEBUG org.activiti.engine.impl.cfg.standalone.StandaloneMybatisTransactionContext  - committing the ibatis sql session...
10:47:16,340 [main] DEBUG org.apache.ibatis.transaction.jdbc.JdbcTransaction  - Committing JDBC Connection [conn53: url=jdbc:h2:mem:activiti user=SA]
10:47:16,340 [main] DEBUG org.activiti.engine.impl.cfg.standalone.StandaloneMybatisTransactionContext  - firing event committed...
10:47:16,340 [main] DEBUG org.apache.ibatis.transaction.jdbc.JdbcTransaction  - Resetting autocommit to true on JDBC Connection [conn53: url=jdbc:h2:mem:activiti user=SA]
10:47:16,340 [main] DEBUG org.apache.ibatis.transaction.jdbc.JdbcTransaction  - Closing JDBC Connection [conn53: url=jdbc:h2:mem:activiti user=SA]
10:47:16,340 [main] DEBUG org.apache.ibatis.datasource.pooled.PooledDataSource  - Returned connection 826925275 to pool.
10:47:16,340 [main] DEBUG org.activiti.engine.impl.interceptor.LogInterceptor  - --- DeployCmd finished --------------------------------------------------------
10:47:16,340 [main] DEBUG org.activiti.engine.impl.interceptor.LogInterceptor  - 

10:47:16,340 [main] DEBUG org.activiti.engine.impl.test.PvmTestCase  - 

10:47:16,340 [main] DEBUG org.activiti.engine.impl.test.PvmTestCase  - #### START IdGeneratorDataSourceTest.testIdGeneratorDataSource ###########################################################
10:47:16,340 [Thread-82] DEBUG org.activiti.engine.impl.interceptor.LogInterceptor  - 

10:47:16,341 [Thread-87] DEBUG org.activiti.engine.impl.interceptor.LogInterceptor  - 

10:47:16,341 [Thread-87] DEBUG org.activiti.engine.impl.interceptor.LogInterceptor  - --- starting StartProcessInstanceCmd --------------------------------------------------------
10:47:16,341 [Thread-91] DEBUG org.activiti.engine.impl.interceptor.LogInterceptor  - 

10:47:16,341 [Thread-91] DEBUG org.activiti.engine.impl.interceptor.LogInterceptor  - --- starting StartProcessInstanceCmd --------------------------------------------------------
10:47:16,341 [Thread-85] DEBUG org.activiti.engine.impl.interceptor.LogInterceptor  - 

10:47:16,341 [Thread-86] DEBUG org.activiti.engine.impl.interceptor.LogInterceptor  - 

10:47:16,343 [Thread-86] DEBUG org.activiti.engine.impl.interceptor.LogInterceptor  - --- starting StartProcessInstanceCmd --------------------------------------------------------
10:47:16,343 [Thread-86] DEBUG org.apache.ibatis.transaction.jdbc.JdbcTransaction  - Opening JDBC Connection
10:47:16,343 [Thread-86] DEBUG org.apache.ibatis.datasource.pooled.PooledDataSource  - Checked out connection 826925275 from pool.
10:47:16,343 [Thread-86] DEBUG org.apache.ibatis.transaction.jdbc.JdbcTransaction  - Setting autocommit to false on JDBC Connection [conn53: url=jdbc:h2:mem:activiti user=SA]
10:47:16,340 [Thread-81] DEBUG org.activiti.engine.impl.interceptor.LogInterceptor  - 

10:47:16,344 [Thread-81] DEBUG org.activiti.engine.impl.interceptor.LogInterceptor  - --- starting StartProcessInstanceCmd --------------------------------------------------------
10:47:16,344 [Thread-81] DEBUG org.apache.ibatis.transaction.jdbc.JdbcTransaction  - Opening JDBC Connection
10:47:16,340 [Thread-83] DEBUG org.activiti.engine.impl.interceptor.LogInterceptor  - 

10:47:16,344 [Thread-83] DEBUG org.activiti.engine.impl.interceptor.LogInterceptor  - --- starting StartProcessInstanceCmd --------------------------------------------------------
10:47:16,344 [Thread-83] DEBUG org.apache.ibatis.transaction.jdbc.JdbcTransaction  - Opening JDBC Connection
10:47:16,344 [Thread-81] DEBUG org.apache.ibatis.datasource.pooled.PooledDataSource  - Created connection 14606730.
10:47:16,344 [Thread-81] DEBUG org.apache.ibatis.transaction.jdbc.JdbcTransaction  - Setting autocommit to false on JDBC Connection [conn55: url=jdbc:h2:mem:activiti user=SA]
10:47:16,344 [Thread-81] DEBUG org.activiti.engine.impl.persistence.entity.ProcessDefinitionEntity.selectLatestProcessDefinitionByKey  - ==&gt;  Preparing: select * from ACT_RE_PROCDEF where KEY_ = ? and (TENANT_ID_ = &apos;&apos; or TENANT_ID_ is null) and VERSION_ = (select max(VERSION_) from ACT_RE_PROCDEF where KEY_ = ? and (TENANT_ID_ = &apos;&apos; or TENANT_ID_ is null)) 
10:47:16,343 [Thread-86] DEBUG org.activiti.engine.impl.persistence.entity.ProcessDefinitionEntity.selectLatestProcessDefinitionByKey  - ==&gt;  Preparing: select * from ACT_RE_PROCDEF where KEY_ = ? and (TENANT_ID_ = &apos;&apos; or TENANT_ID_ is null) and VERSION_ = (select max(VERSION_) from ACT_RE_PROCDEF where KEY_ = ? and (TENANT_ID_ = &apos;&apos; or TENANT_ID_ is null)) 
10:47:16,344 [Thread-81] DEBUG org.activiti.engine.impl.persistence.entity.ProcessDefinitionEntity.selectLatestProcessDefinitionByKey  - ==&gt; Parameters: idGeneratorDataSource(String), idGeneratorDataSource(String)
10:47:16,343 [Thread-99] DEBUG org.activiti.engine.impl.interceptor.LogInterceptor  - 

10:47:16,345 [Thread-99] DEBUG org.activiti.engine.impl.interceptor.LogInterceptor  - --- starting StartProcessInstanceCmd --------------------------------------------------------
10:47:16,343 [Thread-100] DEBUG org.activiti.engine.impl.interceptor.LogInterceptor  - 

10:47:16,343 [Thread-98] DEBUG org.activiti.engine.impl.interceptor.LogInterceptor  - 

10:47:16,345 [Thread-98] DEBUG org.activiti.engine.impl.interceptor.LogInterceptor  - --- starting StartProcessInstanceCmd --------------------------------------------------------
10:47:16,345 [Thread-98] DEBUG org.apache.ibatis.transaction.jdbc.JdbcTransaction  - Opening JDBC Connection
10:47:16,343 [Thread-85] DEBUG org.activiti.engine.impl.interceptor.LogInterceptor  - --- starting StartProcessInstanceCmd --------------------------------------------------------
10:47:16,343 [Thread-96] DEBUG org.activiti.engine.impl.interceptor.LogInterceptor  - 

10:47:16,343 [Thread-97] DEBUG org.activiti.engine.impl.interceptor.LogInterceptor  - 

10:47:16,346 [Thread-97] DEBUG org.activiti.engine.impl.interceptor.LogInterceptor  - --- starting StartProcessInstanceCmd --------------------------------------------------------
10:47:16,341 [Thread-91] DEBUG org.apache.ibatis.transaction.jdbc.JdbcTransaction  - Opening JDBC Connection
10:47:16,341 [Thread-94] DEBUG org.activiti.engine.impl.interceptor.LogInterceptor  - 

10:47:16,347 [Thread-94] DEBUG org.activiti.engine.impl.interceptor.LogInterceptor  - --- starting StartProcessInstanceCmd --------------------------------------------------------
10:47:16,341 [Thread-95] DEBUG org.activiti.engine.impl.interceptor.LogInterceptor  - 

10:47:16,347 [Thread-95] DEBUG org.activiti.engine.impl.interceptor.LogInterceptor  - --- starting StartProcessInstanceCmd --------------------------------------------------------
10:47:16,341 [Thread-90] DEBUG org.activiti.engine.impl.interceptor.LogInterceptor  - 

10:47:16,347 [Thread-90] DEBUG org.activiti.engine.impl.interceptor.LogInterceptor  - --- starting StartProcessInstanceCmd --------------------------------------------------------
10:47:16,347 [Thread-90] DEBUG org.apache.ibatis.transaction.jdbc.JdbcTransaction  - Opening JDBC Connection
10:47:16,341 [Thread-93] DEBUG org.activiti.engine.impl.interceptor.LogInterceptor  - 

10:47:16,348 [Thread-93] DEBUG org.activiti.engine.impl.interceptor.LogInterceptor  - --- starting StartProcessInstanceCmd --------------------------------------------------------
10:47:16,341 [Thread-87] DEBUG org.apache.ibatis.transaction.jdbc.JdbcTransaction  - Opening JDBC Connection
10:47:16,341 [Thread-92] DEBUG org.activiti.engine.impl.interceptor.LogInterceptor  - 

10:47:16,348 [Thread-92] DEBUG org.activiti.engine.impl.interceptor.LogInterceptor  - --- starting StartProcessInstanceCmd --------------------------------------------------------
10:47:16,341 [Thread-88] DEBUG org.activiti.engine.impl.interceptor.LogInterceptor  - 

10:47:16,348 [Thread-88] DEBUG org.activiti.engine.impl.interceptor.LogInterceptor  - --- starting StartProcessInstanceCmd --------------------------------------------------------
10:47:16,341 [Thread-89] DEBUG org.activiti.engine.impl.interceptor.LogInterceptor  - 

10:47:16,348 [Thread-89] DEBUG org.activiti.engine.impl.interceptor.LogInterceptor  - --- starting StartProcessInstanceCmd --------------------------------------------------------
10:47:16,341 [Thread-84] DEBUG org.activiti.engine.impl.interceptor.LogInterceptor  - 

10:47:16,349 [Thread-84] DEBUG org.activiti.engine.impl.interceptor.LogInterceptor  - --- starting StartProcessInstanceCmd --------------------------------------------------------
10:47:16,341 [Thread-82] DEBUG org.activiti.engine.impl.interceptor.LogInterceptor  - --- starting StartProcessInstanceCmd --------------------------------------------------------
10:47:16,349 [Thread-82] DEBUG org.apache.ibatis.transaction.jdbc.JdbcTransaction  - Opening JDBC Connection
10:47:16,349 [Thread-84] DEBUG org.apache.ibatis.transaction.jdbc.JdbcTransaction  - Opening JDBC Connection
10:47:16,348 [Thread-89] DEBUG org.apache.ibatis.transaction.jdbc.JdbcTransaction  - Opening JDBC Connection
10:47:16,348 [Thread-88] DEBUG org.apache.ibatis.transaction.jdbc.JdbcTransaction  - Opening JDBC Connection
10:47:16,348 [Thread-92] DEBUG org.apache.ibatis.transaction.jdbc.JdbcTransaction  - Opening JDBC Connection
10:47:16,348 [Thread-93] DEBUG org.apache.ibatis.transaction.jdbc.JdbcTransaction  - Opening JDBC Connection
10:47:16,347 [Thread-95] DEBUG org.apache.ibatis.transaction.jdbc.JdbcTransaction  - Opening JDBC Connection
10:47:16,347 [Thread-94] DEBUG org.apache.ibatis.transaction.jdbc.JdbcTransaction  - Opening JDBC Connection
10:47:16,346 [Thread-97] DEBUG org.apache.ibatis.transaction.jdbc.JdbcTransaction  - Opening JDBC Connection
10:47:16,346 [Thread-96] DEBUG org.activiti.engine.impl.interceptor.LogInterceptor  - --- starting StartProcessInstanceCmd --------------------------------------------------------
10:47:16,345 [Thread-85] DEBUG org.apache.ibatis.transaction.jdbc.JdbcTransaction  - Opening JDBC Connection
10:47:16,345 [Thread-100] DEBUG org.activiti.engine.impl.interceptor.LogInterceptor  - --- starting StartProcessInstanceCmd --------------------------------------------------------
10:47:16,349 [Thread-100] DEBUG org.apache.ibatis.transaction.jdbc.JdbcTransaction  - Opening JDBC Connection
10:47:16,345 [Thread-99] DEBUG org.apache.ibatis.transaction.jdbc.JdbcTransaction  - Opening JDBC Connection
10:47:16,345 [Thread-81] DEBUG org.activiti.engine.impl.persistence.entity.ProcessDefinitionEntity.selectLatestProcessDefinitionByKey  - &lt;==      Total: 1
10:47:16,344 [Thread-86] DEBUG org.activiti.engine.impl.persistence.entity.ProcessDefinitionEntity.selectLatestProcessDefinitionByKey  - ==&gt; Parameters: idGeneratorDataSource(String), idGeneratorDataSource(String)
10:47:16,344 [Thread-83] DEBUG org.apache.ibatis.datasource.pooled.PooledDataSource  - Waiting as long as 20000 milliseconds for connection.
10:47:16,350 [Thread-81] DEBUG org.activiti.engine.impl.interceptor.LogInterceptor  - 

10:47:16,349 [Thread-96] DEBUG org.apache.ibatis.transaction.jdbc.JdbcTransaction  - Opening JDBC Connection
10:47:16,350 [Thread-86] DEBUG org.activiti.engine.impl.persistence.entity.ProcessDefinitionEntity.selectLatestProcessDefinitionByKey  - &lt;==      Total: 1
10:47:16,350 [Thread-81] DEBUG org.activiti.engine.impl.interceptor.LogInterceptor  - --- starting GetNextIdBlockCmd --------------------------------------------------------
10:47:16,350 [Thread-99] DEBUG org.apache.ibatis.datasource.pooled.PooledDataSource  - Waiting as long as 20000 milliseconds for connection.
10:47:16,350 [Thread-100] DEBUG org.apache.ibatis.datasource.pooled.PooledDataSource  - Waiting as long as 20000 milliseconds for connection.
10:47:16,350 [Thread-85] DEBUG org.apache.ibatis.datasource.pooled.PooledDataSource  - Waiting as long as 20000 milliseconds for connection.
10:47:16,350 [Thread-97] DEBUG org.apache.ibatis.datasource.pooled.PooledDataSource  - Waiting as long as 20000 milliseconds for connection.
10:47:16,350 [Thread-81] DEBUG org.apache.ibatis.transaction.jdbc.JdbcTransaction  - Opening JDBC Connection
10:47:16,350 [Thread-81] DEBUG org.apache.ibatis.datasource.pooled.PooledDataSource  - Checked out connection 1094226572 from pool.
10:47:16,350 [Thread-94] DEBUG org.apache.ibatis.datasource.pooled.PooledDataSource  - Waiting as long as 20000 milliseconds for connection.
10:47:16,351 [Thread-95] DEBUG org.apache.ibatis.datasource.pooled.PooledDataSource  - Waiting as long as 20000 milliseconds for connection.
10:47:16,351 [Thread-93] DEBUG org.apache.ibatis.datasource.pooled.PooledDataSource  - Waiting as long as 20000 milliseconds for connection.
10:47:16,350 [Thread-81] DEBUG org.apache.ibatis.transaction.jdbc.JdbcTransaction  - Setting autocommit to false on JDBC Connection [conn54: url=jdbc:h2:mem:activiti user=SA]
10:47:16,351 [Thread-92] DEBUG org.apache.ibatis.datasource.pooled.PooledDataSource  - Waiting as long as 20000 milliseconds for connection.
10:47:16,351 [Thread-81] DEBUG org.activiti.engine.impl.persistence.entity.PropertyEntity.selectProperty  - ==&gt;  Preparing: select * from ACT_GE_PROPERTY where NAME_ = ? 
10:47:16,351 [Thread-88] DEBUG org.apache.ibatis.datasource.pooled.PooledDataSource  - Waiting as long as 20000 milliseconds for connection.
10:47:16,351 [Thread-81] DEBUG org.activiti.engine.impl.persistence.entity.PropertyEntity.selectProperty  - ==&gt; Parameters: next.dbid(String)
10:47:16,351 [Thread-89] DEBUG org.apache.ibatis.datasource.pooled.PooledDataSource  - Waiting as long as 20000 milliseconds for connection.
10:47:16,351 [Thread-81] DEBUG org.activiti.engine.impl.persistence.entity.PropertyEntity.selectProperty  - &lt;==      Total: 1
10:47:16,351 [Thread-84] DEBUG org.apache.ibatis.datasource.pooled.PooledDataSource  - Waiting as long as 20000 milliseconds for connection.
10:47:16,351 [Thread-81] DEBUG org.activiti.engine.impl.db.DbSqlSession  -   update PropertyEntity[name=next.dbid, value=7]
10:47:16,351 [Thread-81] DEBUG org.activiti.engine.impl.db.DbSqlSession  - flush summary: 0 insert, 1 update, 0 delete.
10:47:16,351 [Thread-81] DEBUG org.activiti.engine.impl.db.DbSqlSession  - now executing flush...
10:47:16,351 [Thread-82] DEBUG org.apache.ibatis.datasource.pooled.PooledDataSource  - Waiting as long as 20000 milliseconds for connection.
10:47:16,351 [Thread-81] DEBUG org.activiti.engine.impl.db.DbSqlSession  - updating: PropertyEntity[name=next.dbid, value=7]
10:47:16,351 [Thread-87] DEBUG org.apache.ibatis.datasource.pooled.PooledDataSource  - Waiting as long as 20000 milliseconds for connection.
10:47:16,351 [Thread-81] DEBUG org.activiti.engine.impl.persistence.entity.PropertyEntity.updateProperty  - ==&gt;  Preparing: update ACT_GE_PROPERTY SET REV_ = ?, VALUE_ = ? where NAME_ = ? and REV_ = ? 
10:47:16,351 [Thread-90] DEBUG org.apache.ibatis.datasource.pooled.PooledDataSource  - Waiting as long as 20000 milliseconds for connection.
10:47:16,352 [Thread-81] DEBUG org.activiti.engine.impl.persistence.entity.PropertyEntity.updateProperty  - ==&gt; Parameters: 3(Integer), 7(String), next.dbid(String), 2(Integer)
10:47:16,352 [Thread-91] DEBUG org.apache.ibatis.datasource.pooled.PooledDataSource  - Waiting as long as 20000 milliseconds for connection.
10:47:16,352 [Thread-81] DEBUG org.activiti.engine.impl.persistence.entity.PropertyEntity.updateProperty  - &lt;==    Updates: 1
10:47:16,352 [Thread-98] DEBUG org.apache.ibatis.datasource.pooled.PooledDataSource  - Waiting as long as 20000 milliseconds for connection.
10:47:16,352 [Thread-96] DEBUG org.apache.ibatis.datasource.pooled.PooledDataSource  - Waiting as long as 20000 milliseconds for connection.
10:47:16,352 [Thread-81] DEBUG org.activiti.engine.impl.cfg.standalone.StandaloneMybatisTransactionContext  - firing event committing...
10:47:16,352 [Thread-81] DEBUG org.activiti.engine.impl.cfg.standalone.StandaloneMybatisTransactionContext  - committing the ibatis sql session...
10:47:16,352 [Thread-81] DEBUG org.apache.ibatis.transaction.jdbc.JdbcTransaction  - Committing JDBC Connection [conn54: url=jdbc:h2:mem:activiti user=SA]
10:47:16,352 [Thread-81] DEBUG org.activiti.engine.impl.cfg.standalone.StandaloneMybatisTransactionContext  - firing event committed...
10:47:16,352 [Thread-81] DEBUG org.apache.ibatis.transaction.jdbc.JdbcTransaction  - Resetting autocommit to true on JDBC Connection [conn54: url=jdbc:h2:mem:activiti user=SA]
10:47:16,352 [Thread-81] DEBUG org.apache.ibatis.transaction.jdbc.JdbcTransaction  - Closing JDBC Connection [conn54: url=jdbc:h2:mem:activiti user=SA]
10:47:16,352 [Thread-81] DEBUG org.apache.ibatis.datasource.pooled.PooledDataSource  - Returned connection 1094226572 to pool.
10:47:16,352 [Thread-81] DEBUG org.activiti.engine.impl.interceptor.LogInterceptor  - --- GetNextIdBlockCmd finished --------------------------------------------------------
10:47:16,352 [Thread-81] DEBUG org.activiti.engine.impl.interceptor.LogInterceptor  - 

10:47:16,352 [Thread-81] DEBUG org.activiti.engine.impl.persistence.entity.ExecutionEntity  - initializing ProcessInstance[4]
10:47:16,352 [Thread-81] DEBUG org.activiti.engine.impl.history.DefaultHistoryManager  - Current history level: FULL, level required: ACTIVITY
10:47:16,352 [Thread-86] DEBUG org.activiti.engine.impl.persistence.entity.ExecutionEntity  - initializing ProcessInstance[5]
10:47:16,352 [Thread-86] DEBUG org.activiti.engine.impl.history.DefaultHistoryManager  - Current history level: FULL, level required: ACTIVITY
10:47:16,352 [Thread-86] DEBUG org.activiti.engine.impl.interceptor.LogInterceptor  - 

10:47:16,352 [Thread-81] DEBUG org.activiti.engine.impl.pvm.runtime.AtomicOperationActivityExecute  - ProcessInstance[4] executes Activity(theStart): org.activiti.engine.impl.bpmn.behavior.NoneStartEventActivityBehavior
10:47:16,352 [Thread-86] DEBUG org.activiti.engine.impl.interceptor.LogInterceptor  - --- starting GetNextIdBlockCmd --------------------------------------------------------
10:47:16,352 [Thread-81] DEBUG org.activiti.engine.impl.persistence.entity.JobEntity.selectJobsByExecutionId  - ==&gt;  Preparing: select * from ACT_RU_JOB J where J.EXECUTION_ID_ = ? 
10:47:16,352 [Thread-86] DEBUG org.apache.ibatis.transaction.jdbc.JdbcTransaction  - Opening JDBC Connection
10:47:16,352 [Thread-86] DEBUG org.apache.ibatis.datasource.pooled.PooledDataSource  - Checked out connection 1094226572 from pool.
10:47:16,352 [Thread-86] DEBUG org.apache.ibatis.transaction.jdbc.JdbcTransaction  - Setting autocommit to false on JDBC Connection [conn54: url=jdbc:h2:mem:activiti user=SA]
10:47:16,352 [Thread-86] DEBUG org.activiti.engine.impl.persistence.entity.PropertyEntity.selectProperty  - ==&gt;  Preparing: select * from ACT_GE_PROPERTY where NAME_ = ? 
10:47:16,353 [Thread-86] DEBUG org.activiti.engine.impl.persistence.entity.PropertyEntity.selectProperty  - ==&gt; Parameters: next.dbid(String)
10:47:16,352 [Thread-81] DEBUG org.activiti.engine.impl.persistence.entity.JobEntity.selectJobsByExecutionId  - ==&gt; Parameters: 4(String)
10:47:16,353 [Thread-86] DEBUG org.activiti.engine.impl.persistence.entity.PropertyEntity.selectProperty  - &lt;==      Total: 1
10:47:16,353 [Thread-86] DEBUG org.activiti.engine.impl.db.DbSqlSession  -   update PropertyEntity[name=next.dbid, value=10]
10:47:16,353 [Thread-86] DEBUG org.activiti.engine.impl.db.DbSqlSession  - flush summary: 0 insert, 1 update, 0 delete.
10:47:16,353 [Thread-86] DEBUG org.activiti.engine.impl.db.DbSqlSession  - now executing flush...
10:47:16,353 [Thread-86] DEBUG org.activiti.engine.impl.db.DbSqlSession  - updating: PropertyEntity[name=next.dbid, value=10]
10:47:16,353 [Thread-81] DEBUG org.activiti.engine.impl.persistence.entity.JobEntity.selectJobsByExecutionId  - &lt;==      Total: 0
10:47:16,353 [Thread-81] DEBUG org.activiti.engine.impl.bpmn.behavior.BpmnActivityBehavior  - Leaving activity &apos;theStart&apos;
10:47:16,353 [Thread-86] DEBUG org.activiti.engine.impl.persistence.entity.PropertyEntity.updateProperty  - ==&gt;  Preparing: update ACT_GE_PROPERTY SET REV_ = ?, VALUE_ = ? where NAME_ = ? and REV_ = ? 
10:47:16,353 [Thread-81] DEBUG org.activiti.engine.impl.history.DefaultHistoryManager  - Current history level: FULL, level required: ACTIVITY
10:47:16,353 [Thread-86] DEBUG org.activiti.engine.impl.persistence.entity.PropertyEntity.updateProperty  - ==&gt; Parameters: 4(Integer), 10(String), next.dbid(String), 3(Integer)
10:47:16,353 [Thread-81] DEBUG org.activiti.engine.impl.pvm.runtime.AtomicOperationTransitionNotifyListenerTake  - ProcessInstance[4] takes transition (theStart)--flow1--&gt;(javaService)
10:47:16,353 [Thread-86] DEBUG org.activiti.engine.impl.persistence.entity.PropertyEntity.updateProperty  - &lt;==    Updates: 1
10:47:16,353 [Thread-81] DEBUG org.activiti.engine.impl.history.DefaultHistoryManager  - Current history level: FULL, level required: ACTIVITY
10:47:16,353 [Thread-86] DEBUG org.activiti.engine.impl.cfg.standalone.StandaloneMybatisTransactionContext  - firing event committing...
10:47:16,353 [Thread-86] DEBUG org.activiti.engine.impl.cfg.standalone.StandaloneMybatisTransactionContext  - committing the ibatis sql session...
10:47:16,353 [Thread-86] DEBUG org.apache.ibatis.transaction.jdbc.JdbcTransaction  - Committing JDBC Connection [conn54: url=jdbc:h2:mem:activiti user=SA]
10:47:16,353 [Thread-86] DEBUG org.activiti.engine.impl.cfg.standalone.StandaloneMybatisTransactionContext  - firing event committed...
10:47:16,353 [Thread-86] DEBUG org.apache.ibatis.transaction.jdbc.JdbcTransaction  - Resetting autocommit to true on JDBC Connection [conn54: url=jdbc:h2:mem:activiti user=SA]
10:47:16,353 [Thread-86] DEBUG org.apache.ibatis.transaction.jdbc.JdbcTransaction  - Closing JDBC Connection [conn54: url=jdbc:h2:mem:activiti user=SA]
10:47:16,353 [Thread-86] DEBUG org.apache.ibatis.datasource.pooled.PooledDataSource  - Returned connection 1094226572 to pool.
10:47:16,353 [Thread-86] DEBUG org.activiti.engine.impl.interceptor.LogInterceptor  - --- GetNextIdBlockCmd finished --------------------------------------------------------
10:47:16,353 [Thread-86] DEBUG org.activiti.engine.impl.interceptor.LogInterceptor  - 

10:47:16,353 [Thread-81] DEBUG org.activiti.engine.impl.pvm.runtime.AtomicOperationActivityExecute  - ProcessInstance[4] executes Activity(javaService): org.activiti.engine.impl.bpmn.helper.ClassDelegate
10:47:16,353 [Thread-86] DEBUG org.activiti.engine.impl.pvm.runtime.AtomicOperationActivityExecute  - ProcessInstance[5] executes Activity(theStart): org.activiti.engine.impl.bpmn.behavior.NoneStartEventActivityBehavior
10:47:16,353 [Thread-86] DEBUG org.activiti.engine.impl.persistence.entity.JobEntity.selectJobsByExecutionId  - ==&gt;  Preparing: select * from ACT_RU_JOB J where J.EXECUTION_ID_ = ? 
10:47:16,353 [Thread-86] DEBUG org.activiti.engine.impl.persistence.entity.JobEntity.selectJobsByExecutionId  - ==&gt; Parameters: 5(String)
10:47:16,353 [Thread-86] DEBUG org.activiti.engine.impl.persistence.entity.JobEntity.selectJobsByExecutionId  - &lt;==      Total: 0
10:47:16,353 [Thread-86] DEBUG org.activiti.engine.impl.bpmn.behavior.BpmnActivityBehavior  - Leaving activity &apos;theStart&apos;
10:47:16,353 [Thread-86] DEBUG org.activiti.engine.impl.history.DefaultHistoryManager  - Current history level: FULL, level required: ACTIVITY
10:47:16,353 [Thread-86] DEBUG org.activiti.engine.impl.pvm.runtime.AtomicOperationTransitionNotifyListenerTake  - ProcessInstance[5] takes transition (theStart)--flow1--&gt;(javaService)
10:47:16,354 [Thread-86] DEBUG org.activiti.engine.impl.history.DefaultHistoryManager  - Current history level: FULL, level required: ACTIVITY
10:47:16,354 [Thread-86] DEBUG org.activiti.engine.impl.pvm.runtime.AtomicOperationActivityExecute  - ProcessInstance[5] executes Activity(javaService): org.activiti.engine.impl.bpmn.helper.ClassDelegate
10:47:16,354 [Thread-81] DEBUG org.activiti.engine.impl.db.DbSqlSession  -   insert ProcessInstance[4]
10:47:16,354 [Thread-81] DEBUG org.activiti.engine.impl.db.DbSqlSession  -   insert HistoricProcessInstanceEntity[superProcessInstanceId=null]
10:47:16,354 [Thread-81] DEBUG org.activiti.engine.impl.db.DbSqlSession  -   insert HistoricActivityInstanceEntity[activityId=theStart, activityName=null]
10:47:16,354 [Thread-81] DEBUG org.activiti.engine.impl.db.DbSqlSession  -   insert HistoricActivityInstanceEntity[activityId=javaService, activityName=Java service invocation]
10:47:16,354 [Thread-81] DEBUG org.activiti.engine.impl.db.DbSqlSession  - flush summary: 4 insert, 0 update, 0 delete.
10:47:16,354 [Thread-81] DEBUG org.activiti.engine.impl.db.DbSqlSession  - now executing flush...
10:47:16,354 [Thread-81] DEBUG org.activiti.engine.impl.db.DbSqlSession  - inserting: HistoricProcessInstanceEntity[superProcessInstanceId=null]
10:47:16,354 [Thread-86] DEBUG org.activiti.engine.impl.db.DbSqlSession  -   insert ProcessInstance[5]
10:47:16,354 [Thread-86] DEBUG org.activiti.engine.impl.db.DbSqlSession  -   insert HistoricProcessInstanceEntity[superProcessInstanceId=null]
10:47:16,354 [Thread-86] DEBUG org.activiti.engine.impl.db.DbSqlSession  -   insert HistoricActivityInstanceEntity[activityId=theStart, activityName=null]
10:47:16,354 [Thread-86] DEBUG org.activiti.engine.impl.db.DbSqlSession  -   insert HistoricActivityInstanceEntity[activityId=javaService, activityName=Java service invocation]
10:47:16,354 [Thread-86] DEBUG org.activiti.engine.impl.db.DbSqlSession  - flush summary: 4 insert, 0 update, 0 delete.
10:47:16,354 [Thread-86] DEBUG org.activiti.engine.impl.db.DbSqlSession  - now executing flush...
10:47:16,354 [Thread-81] DEBUG org.activiti.engine.impl.persistence.entity.HistoricProcessInstanceEntity.insertHistoricProcessInstance  - ==&gt;  Preparing: insert into ACT_HI_PROCINST ( ID_, PROC_INST_ID_, BUSINESS_KEY_, PROC_DEF_ID_, START_TIME_, END_TIME_, DURATION_, START_USER_ID_, START_ACT_ID_, END_ACT_ID_, SUPER_PROCESS_INSTANCE_ID_, DELETE_REASON_, TENANT_ID_, NAME_ ) values ( ?, ?, ?, ?, ?, ?, ?, ?, ?, ?, ?, ?, ?, ? ) 
10:47:16,355 [Thread-86] DEBUG org.activiti.engine.impl.db.DbSqlSession  - inserting: HistoricProcessInstanceEntity[superProcessInstanceId=null]
10:47:16,355 [Thread-86] DEBUG org.activiti.engine.impl.persistence.entity.HistoricProcessInstanceEntity.insertHistoricProcessInstance  - ==&gt;  Preparing: insert into ACT_HI_PROCINST ( ID_, PROC_INST_ID_, BUSINESS_KEY_, PROC_DEF_ID_, START_TIME_, END_TIME_, DURATION_, START_USER_ID_, START_ACT_ID_, END_ACT_ID_, SUPER_PROCESS_INSTANCE_ID_, DELETE_REASON_, TENANT_ID_, NAME_ ) values ( ?, ?, ?, ?, ?, ?, ?, ?, ?, ?, ?, ?, ?, ? ) 
10:47:16,355 [Thread-81] DEBUG org.activiti.engine.impl.persistence.entity.HistoricProcessInstanceEntity.insertHistoricProcessInstance  - ==&gt; Parameters: 4(String), 4(String), null, idGeneratorDataSource:1:3(String), 2015-01-01 00:00:00.0(Timestamp), null, null, null, theStart(String), null, null, null, (String), null
10:47:16,355 [Thread-81] DEBUG org.activiti.engine.impl.persistence.entity.HistoricProcessInstanceEntity.insertHistoricProcessInstance  - &lt;==    Updates: 1
10:47:16,355 [Thread-86] DEBUG org.activiti.engine.impl.persistence.entity.HistoricProcessInstanceEntity.insertHistoricProcessInstance  - ==&gt; Parameters: 5(String), 5(String), null, idGeneratorDataSource:1:3(String), 2015-01-01 00:00:00.0(Timestamp), null, null, null, theStart(String), null, null, null, (String), null
10:47:16,355 [Thread-81] DEBUG org.activiti.engine.impl.persistence.entity.HistoricActivityInstanceEntity.bulkInsertHistoricActivityInstance  - ==&gt;  Preparing: insert into ACT_HI_ACTINST ( ID_, PROC_DEF_ID_, PROC_INST_ID_, EXECUTION_ID_, ACT_ID_, TASK_ID_, CALL_PROC_INST_ID_, ACT_NAME_, ACT_TYPE_, ASSIGNEE_, START_TIME_, END_TIME_, DURATION_, TENANT_ID_ ) values (?, ?, ?, ?, ?, ?, ?, ?, ?, ?, ?, ?, ?, ?) , (?, ?, ?, ?, ?, ?, ?, ?, ?, ?, ?, ?, ?, ?) 
10:47:16,355 [Thread-81] DEBUG org.activiti.engine.impl.persistence.entity.HistoricActivityInstanceEntity.bulkInsertHistoricActivityInstance  - ==&gt; Parameters: 6(String), idGeneratorDataSource:1:3(String), 4(String), 4(String), theStart(String), null, null, null, startEvent(String), null, 2015-01-01 00:00:00.0(Timestamp), 2015-01-01 00:00:00.0(Timestamp), 0(Long), (String), 8(String), idGeneratorDataSource:1:3(String), 4(String), 4(String), javaService(String), null, null, Java service invocation(String), serviceTask(String), null, 2015-01-01 00:00:00.0(Timestamp), null, null, (String)
10:47:16,355 [Thread-81] DEBUG org.activiti.engine.impl.persistence.entity.HistoricActivityInstanceEntity.bulkInsertHistoricActivityInstance  - &lt;==    Updates: 2
10:47:16,355 [Thread-81] DEBUG org.activiti.engine.impl.db.DbSqlSession  - inserting: ProcessInstance[4]
10:47:16,355 [Thread-81] DEBUG org.activiti.engine.impl.persistence.entity.ExecutionEntity.insertExecution  - ==&gt;  Preparing: insert into ACT_RU_EXECUTION (ID_, REV_, PROC_INST_ID_, BUSINESS_KEY_, PROC_DEF_ID_, ACT_ID_, IS_ACTIVE_, IS_CONCURRENT_, IS_SCOPE_,IS_EVENT_SCOPE_, PARENT_ID_, SUPER_EXEC_, SUSPENSION_STATE_, CACHED_ENT_STATE_, TENANT_ID_, NAME_) values ( ?, 1, ?, ?, ?, ?, ?, ?, ?, ?, ?, ?, ?, ?, ?, ? ) 
10:47:16,355 [Thread-81] DEBUG org.activiti.engine.impl.persistence.entity.ExecutionEntity.insertExecution  - ==&gt; Parameters: 4(String), 4(String), null, idGeneratorDataSource:1:3(String), javaService(String), true(Boolean), false(Boolean), true(Boolean), false(Boolean), null, null, 1(Integer), 2(Integer), (String), null
10:47:16,355 [Thread-81] DEBUG org.activiti.engine.impl.persistence.entity.ExecutionEntity.insertExecution  - &lt;==    Updates: 1
10:47:16,355 [Thread-81] DEBUG org.activiti.engine.impl.cfg.standalone.StandaloneMybatisTransactionContext  - firing event committing...
10:47:16,355 [Thread-81] DEBUG org.activiti.engine.impl.cfg.standalone.StandaloneMybatisTransactionContext  - committing the ibatis sql session...
10:47:16,355 [Thread-81] DEBUG org.apache.ibatis.transaction.jdbc.JdbcTransaction  - Committing JDBC Connection [conn55: url=jdbc:h2:mem:activiti user=SA]
10:47:16,355 [Thread-81] DEBUG org.activiti.engine.impl.cfg.standalone.StandaloneMybatisTransactionContext  - firing event committed...
10:47:16,355 [Thread-81] DEBUG org.apache.ibatis.transaction.jdbc.JdbcTransaction  - Resetting autocommit to true on JDBC Connection [conn55: url=jdbc:h2:mem:activiti user=SA]
10:47:16,355 [Thread-81] DEBUG org.apache.ibatis.transaction.jdbc.JdbcTransaction  - Closing JDBC Connection [conn55: url=jdbc:h2:mem:activiti user=SA]
10:47:16,355 [Thread-86] DEBUG org.activiti.engine.impl.persistence.entity.HistoricProcessInstanceEntity.insertHistoricProcessInstance  - &lt;==    Updates: 1
10:47:16,355 [Thread-81] DEBUG org.apache.ibatis.datasource.pooled.PooledDataSource  - Returned connection 14606730 to pool.
10:47:16,355 [Thread-81] DEBUG org.activiti.engine.impl.interceptor.LogInterceptor  - --- StartProcessInstanceCmd finished --------------------------------------------------------
10:47:16,355 [Thread-81] DEBUG org.activiti.engine.impl.interceptor.LogInterceptor  - 

10:47:16,355 [Thread-81] DEBUG org.activiti.engine.impl.interceptor.LogInterceptor  - 

10:47:16,355 [Thread-81] DEBUG org.activiti.engine.impl.interceptor.LogInterceptor  - --- starting StartProcessInstanceCmd --------------------------------------------------------
10:47:16,355 [Thread-86] DEBUG org.activiti.engine.impl.persistence.entity.HistoricActivityInstanceEntity.bulkInsertHistoricActivityInstance  - ==&gt;  Preparing: insert into ACT_HI_ACTINST ( ID_, PROC_DEF_ID_, PROC_INST_ID_, EXECUTION_ID_, ACT_ID_, TASK_ID_, CALL_PROC_INST_ID_, ACT_NAME_, ACT_TYPE_, ASSIGNEE_, START_TIME_, END_TIME_, DURATION_, TENANT_ID_ ) values (?, ?, ?, ?, ?, ?, ?, ?, ?, ?, ?, ?, ?, ?) , (?, ?, ?, ?, ?, ?, ?, ?, ?, ?, ?, ?, ?, ?) 
10:47:16,355 [Thread-96] DEBUG org.apache.ibatis.datasource.pooled.PooledDataSource  - Checked out connection 14606730 from pool.
10:47:16,355 [Thread-81] DEBUG org.apache.ibatis.transaction.jdbc.JdbcTransaction  - Opening JDBC Connection
10:47:16,355 [Thread-86] DEBUG org.activiti.engine.impl.persistence.entity.HistoricActivityInstanceEntity.bulkInsertHistoricActivityInstance  - ==&gt; Parameters: 7(String), idGeneratorDataSource:1:3(String), 5(String), 5(String), theStart(String), null, null, null, startEvent(String), null, 2015-01-01 00:00:00.0(Timestamp), 2015-01-01 00:00:00.0(Timestamp), 0(Long), (String), 9(String), idGeneratorDataSource:1:3(String), 5(String), 5(String), javaService(String), null, null, Java service invocation(String), serviceTask(String), null, 2015-01-01 00:00:00.0(Timestamp), null, null, (String)
10:47:16,355 [Thread-81] DEBUG org.apache.ibatis.datasource.pooled.PooledDataSource  - Waiting as long as 20000 milliseconds for connection.
10:47:16,355 [Thread-96] DEBUG org.apache.ibatis.transaction.jdbc.JdbcTransaction  - Setting autocommit to false on JDBC Connection [conn55: url=jdbc:h2:mem:activiti user=SA]
10:47:16,356 [Thread-91] DEBUG org.apache.ibatis.datasource.pooled.PooledDataSource  - Waiting as long as 20000 milliseconds for connection.
10:47:16,356 [Thread-96] DEBUG org.activiti.engine.impl.persistence.entity.ProcessDefinitionEntity.selectLatestProcessDefinitionByKey  - ==&gt;  Preparing: select * from ACT_RE_PROCDEF where KEY_ = ? and (TENANT_ID_ = &apos;&apos; or TENANT_ID_ is null) and VERSION_ = (select max(VERSION_) from ACT_RE_PROCDEF where KEY_ = ? and (TENANT_ID_ = &apos;&apos; or TENANT_ID_ is null)) 
10:47:16,355 [Thread-86] DEBUG org.activiti.engine.impl.persistence.entity.HistoricActivityInstanceEntity.bulkInsertHistoricActivityInstance  - &lt;==    Updates: 2
10:47:16,356 [Thread-96] DEBUG org.activiti.engine.impl.persistence.entity.ProcessDefinitionEntity.selectLatestProcessDefinitionByKey  - ==&gt; Parameters: idGeneratorDataSource(String), idGeneratorDataSource(String)
10:47:16,356 [Thread-90] DEBUG org.apache.ibatis.datasource.pooled.PooledDataSource  - Waiting as long as 20000 milliseconds for connection.
10:47:16,356 [Thread-86] DEBUG org.activiti.engine.impl.db.DbSqlSession  - inserting: ProcessInstance[5]
10:47:16,356 [Thread-96] DEBUG org.activiti.engine.impl.persistence.entity.ProcessDefinitionEntity.selectLatestProcessDefinitionByKey  - &lt;==      Total: 1
10:47:16,356 [Thread-86] DEBUG org.activiti.engine.impl.persistence.entity.ExecutionEntity.insertExecution  - ==&gt;  Preparing: insert into ACT_RU_EXECUTION (ID_, REV_, PROC_INST_ID_, BUSINESS_KEY_, PROC_DEF_ID_, ACT_ID_, IS_ACTIVE_, IS_CONCURRENT_, IS_SCOPE_,IS_EVENT_SCOPE_, PARENT_ID_, SUPER_EXEC_, SUSPENSION_STATE_, CACHED_ENT_STATE_, TENANT_ID_, NAME_) values ( ?, 1, ?, ?, ?, ?, ?, ?, ?, ?, ?, ?, ?, ?, ?, ? ) 
10:47:16,356 [Thread-96] DEBUG org.activiti.engine.impl.interceptor.LogInterceptor  - 

10:47:16,356 [Thread-96] DEBUG org.activiti.engine.impl.interceptor.LogInterceptor  - --- starting GetNextIdBlockCmd --------------------------------------------------------
10:47:16,356 [Thread-86] DEBUG org.activiti.engine.impl.persistence.entity.ExecutionEntity.insertExecution  - ==&gt; Parameters: 5(String), 5(String), null, idGeneratorDataSource:1:3(String), javaService(String), true(Boolean), false(Boolean), true(Boolean), false(Boolean), null, null, 1(Integer), 2(Integer), (String), null
10:47:16,356 [Thread-87] DEBUG org.apache.ibatis.datasource.pooled.PooledDataSource  - Waiting as long as 20000 milliseconds for connection.
10:47:16,356 [Thread-86] DEBUG org.activiti.engine.impl.persistence.entity.ExecutionEntity.insertExecution  - &lt;==    Updates: 1
10:47:16,356 [Thread-82] DEBUG org.apache.ibatis.datasource.pooled.PooledDataSource  - Waiting as long as 20000 milliseconds for connection.
10:47:16,356 [Thread-96] DEBUG org.apache.ibatis.transaction.jdbc.JdbcTransaction  - Opening JDBC Connection
10:47:16,356 [Thread-86] DEBUG org.activiti.engine.impl.cfg.standalone.StandaloneMybatisTransactionContext  - firing event committing...
10:47:16,356 [Thread-86] DEBUG org.activiti.engine.impl.cfg.standalone.StandaloneMybatisTransactionContext  - committing the ibatis sql session...
10:47:16,356 [Thread-86] DEBUG org.apache.ibatis.transaction.jdbc.JdbcTransaction  - Committing JDBC Connection [conn53: url=jdbc:h2:mem:activiti user=SA]
10:47:16,356 [Thread-96] DEBUG org.apache.ibatis.datasource.pooled.PooledDataSource  - Checked out connection 1094226572 from pool.
10:47:16,356 [Thread-84] DEBUG org.apache.ibatis.datasource.pooled.PooledDataSource  - Waiting as long as 20000 milliseconds for connection.
10:47:16,356 [Thread-96] DEBUG org.apache.ibatis.transaction.jdbc.JdbcTransaction  - Setting autocommit to false on JDBC Connection [conn54: url=jdbc:h2:mem:activiti user=SA]
10:47:16,356 [Thread-96] DEBUG org.activiti.engine.impl.persistence.entity.PropertyEntity.selectProperty  - ==&gt;  Preparing: select * from ACT_GE_PROPERTY where NAME_ = ? 
10:47:16,356 [Thread-86] DEBUG org.activiti.engine.impl.cfg.standalone.StandaloneMybatisTransactionContext  - firing event committed...
10:47:16,356 [Thread-89] DEBUG org.apache.ibatis.datasource.pooled.PooledDataSource  - Waiting as long as 20000 milliseconds for connection.
10:47:16,356 [Thread-96] DEBUG org.activiti.engine.impl.persistence.entity.PropertyEntity.selectProperty  - ==&gt; Parameters: next.dbid(String)
10:47:16,356 [Thread-86] DEBUG org.apache.ibatis.transaction.jdbc.JdbcTransaction  - Resetting autocommit to true on JDBC Connection [conn53: url=jdbc:h2:mem:activiti user=SA]
10:47:16,357 [Thread-96] DEBUG org.activiti.engine.impl.persistence.entity.PropertyEntity.selectProperty  - &lt;==      Total: 1
10:47:16,357 [Thread-86] DEBUG org.apache.ibatis.transaction.jdbc.JdbcTransaction  - Closing JDBC Connection [conn53: url=jdbc:h2:mem:activiti user=SA]
10:47:16,357 [Thread-88] DEBUG org.apache.ibatis.datasource.pooled.PooledDataSource  - Waiting as long as 20000 milliseconds for connection.
10:47:16,357 [Thread-96] DEBUG org.activiti.engine.impl.db.DbSqlSession  -   update PropertyEntity[name=next.dbid, value=13]
10:47:16,357 [Thread-96] DEBUG org.activiti.engine.impl.db.DbSqlSession  - flush summary: 0 insert, 1 update, 0 delete.
10:47:16,357 [Thread-96] DEBUG org.activiti.engine.impl.db.DbSqlSession  - now executing flush...
10:47:16,357 [Thread-92] DEBUG org.apache.ibatis.datasource.pooled.PooledDataSource  - Waiting as long as 20000 milliseconds for connection.
10:47:16,357 [Thread-96] DEBUG org.activiti.engine.impl.db.DbSqlSession  - updating: PropertyEntity[name=next.dbid, value=13]
10:47:16,357 [Thread-93] DEBUG org.apache.ibatis.datasource.pooled.PooledDataSource  - Waiting as long as 20000 milliseconds for connection.
10:47:16,357 [Thread-96] DEBUG org.activiti.engine.impl.persistence.entity.PropertyEntity.updateProperty  - ==&gt;  Preparing: update ACT_GE_PROPERTY SET REV_ = ?, VALUE_ = ? where NAME_ = ? and REV_ = ? 
10:47:16,357 [Thread-95] DEBUG org.apache.ibatis.datasource.pooled.PooledDataSource  - Waiting as long as 20000 milliseconds for connection.
10:47:16,357 [Thread-96] DEBUG org.activiti.engine.impl.persistence.entity.PropertyEntity.updateProperty  - ==&gt; Parameters: 5(Integer), 13(String), next.dbid(String), 4(Integer)
10:47:16,357 [Thread-94] DEBUG org.apache.ibatis.datasource.pooled.PooledDataSource  - Waiting as long as 20000 milliseconds for connection.
10:47:16,357 [Thread-96] DEBUG org.activiti.engine.impl.persistence.entity.PropertyEntity.updateProperty  - &lt;==    Updates: 1
10:47:16,357 [Thread-97] DEBUG org.apache.ibatis.datasource.pooled.PooledDataSource  - Waiting as long as 20000 milliseconds for connection.
10:47:16,357 [Thread-96] DEBUG org.activiti.engine.impl.cfg.standalone.StandaloneMybatisTransactionContext  - firing event committing...
10:47:16,357 [Thread-85] DEBUG org.apache.ibatis.datasource.pooled.PooledDataSource  - Waiting as long as 20000 milliseconds for connection.
10:47:16,357 [Thread-96] DEBUG org.activiti.engine.impl.cfg.standalone.StandaloneMybatisTransactionContext  - committing the ibatis sql session...
10:47:16,357 [Thread-100] DEBUG org.apache.ibatis.datasource.pooled.PooledDataSource  - Waiting as long as 20000 milliseconds for connection.
10:47:16,357 [Thread-96] DEBUG org.apache.ibatis.transaction.jdbc.JdbcTransaction  - Committing JDBC Connection [conn54: url=jdbc:h2:mem:activiti user=SA]
10:47:16,357 [Thread-99] DEBUG org.apache.ibatis.datasource.pooled.PooledDataSource  - Waiting as long as 20000 milliseconds for connection.
10:47:16,357 [Thread-96] DEBUG org.activiti.engine.impl.cfg.standalone.StandaloneMybatisTransactionContext  - firing event committed...
10:47:16,357 [Thread-83] DEBUG org.apache.ibatis.datasource.pooled.PooledDataSource  - Waiting as long as 20000 milliseconds for connection.
10:47:16,357 [Thread-96] DEBUG org.apache.ibatis.transaction.jdbc.JdbcTransaction  - Resetting autocommit to true on JDBC Connection [conn54: url=jdbc:h2:mem:activiti user=SA]
10:47:16,357 [Thread-96] DEBUG org.apache.ibatis.transaction.jdbc.JdbcTransaction  - Closing JDBC Connection [conn54: url=jdbc:h2:mem:activiti user=SA]
10:47:16,357 [Thread-86] DEBUG org.apache.ibatis.datasource.pooled.PooledDataSource  - Returned connection 826925275 to pool.
10:47:16,357 [Thread-96] DEBUG org.apache.ibatis.datasource.pooled.PooledDataSource  - Returned connection 1094226572 to pool.
10:47:16,357 [Thread-98] DEBUG org.apache.ibatis.datasource.pooled.PooledDataSource  - Checked out connection 826925275 from pool.
10:47:16,357 [Thread-86] DEBUG org.activiti.engine.impl.interceptor.LogInterceptor  - --- StartProcessInstanceCmd finished --------------------------------------------------------
10:47:16,357 [Thread-86] DEBUG org.activiti.engine.impl.interceptor.LogInterceptor  - 

10:47:16,357 [Thread-86] DEBUG org.activiti.engine.impl.interceptor.LogInterceptor  - 

10:47:16,357 [Thread-86] DEBUG org.activiti.engine.impl.interceptor.LogInterceptor  - --- starting StartProcessInstanceCmd --------------------------------------------------------
10:47:16,357 [Thread-83] DEBUG org.apache.ibatis.datasource.pooled.PooledDataSource  - Waiting as long as 20000 milliseconds for connection.
10:47:16,357 [Thread-98] DEBUG org.apache.ibatis.transaction.jdbc.JdbcTransaction  - Setting autocommit to false on JDBC Connection [conn53: url=jdbc:h2:mem:activiti user=SA]
10:47:16,357 [Thread-96] DEBUG org.activiti.engine.impl.interceptor.LogInterceptor  - --- GetNextIdBlockCmd finished --------------------------------------------------------
10:47:16,358 [Thread-96] DEBUG org.activiti.engine.impl.interceptor.LogInterceptor  - 

10:47:16,358 [Thread-98] DEBUG org.activiti.engine.impl.persistence.entity.ProcessDefinitionEntity.selectLatestProcessDefinitionByKey  - ==&gt;  Preparing: select * from ACT_RE_PROCDEF where KEY_ = ? and (TENANT_ID_ = &apos;&apos; or TENANT_ID_ is null) and VERSION_ = (select max(VERSION_) from ACT_RE_PROCDEF where KEY_ = ? and (TENANT_ID_ = &apos;&apos; or TENANT_ID_ is null)) 
10:47:16,358 [Thread-99] DEBUG org.apache.ibatis.datasource.pooled.PooledDataSource  - Waiting as long as 20000 milliseconds for connection.
10:47:16,358 [Thread-86] DEBUG org.apache.ibatis.transaction.jdbc.JdbcTransaction  - Opening JDBC Connection
10:47:16,358 [Thread-100] DEBUG org.apache.ibatis.datasource.pooled.PooledDataSource  - Waiting as long as 20000 milliseconds for connection.
10:47:16,358 [Thread-98] DEBUG org.activiti.engine.impl.persistence.entity.ProcessDefinitionEntity.selectLatestProcessDefinitionByKey  - ==&gt; Parameters: idGeneratorDataSource(String), idGeneratorDataSource(String)
10:47:16,358 [Thread-96] DEBUG org.activiti.engine.impl.persistence.entity.ExecutionEntity  - initializing ProcessInstance[10]
10:47:16,358 [Thread-85] DEBUG org.apache.ibatis.datasource.pooled.PooledDataSource  - Waiting as long as 20000 milliseconds for connection.
10:47:16,358 [Thread-98] DEBUG org.activiti.engine.impl.persistence.entity.ProcessDefinitionEntity.selectLatestProcessDefinitionByKey  - &lt;==      Total: 1
10:47:16,358 [Thread-96] DEBUG org.activiti.engine.impl.history.DefaultHistoryManager  - Current history level: FULL, level required: ACTIVITY
10:47:16,358 [Thread-98] DEBUG org.activiti.engine.impl.persistence.entity.ExecutionEntity  - initializing ProcessInstance[11]
10:47:16,358 [Thread-96] DEBUG org.activiti.engine.impl.pvm.runtime.AtomicOperationActivityExecute  - ProcessInstance[10] executes Activity(theStart): org.activiti.engine.impl.bpmn.behavior.NoneStartEventActivityBehavior
10:47:16,358 [Thread-97] DEBUG org.apache.ibatis.datasource.pooled.PooledDataSource  - Waiting as long as 20000 milliseconds for connection.
10:47:16,358 [Thread-96] DEBUG org.activiti.engine.impl.persistence.entity.JobEntity.selectJobsByExecutionId  - ==&gt;  Preparing: select * from ACT_RU_JOB J where J.EXECUTION_ID_ = ? 
10:47:16,358 [Thread-98] DEBUG org.activiti.engine.impl.history.DefaultHistoryManager  - Current history level: FULL, level required: ACTIVITY
10:47:16,358 [Thread-96] DEBUG org.activiti.engine.impl.persistence.entity.JobEntity.selectJobsByExecutionId  - ==&gt; Parameters: 10(String)
10:47:16,358 [Thread-94] DEBUG org.apache.ibatis.datasource.pooled.PooledDataSource  - Waiting as long as 20000 milliseconds for connection.
10:47:16,358 [Thread-96] DEBUG org.activiti.engine.impl.persistence.entity.JobEntity.selectJobsByExecutionId  - &lt;==      Total: 0
10:47:16,358 [Thread-98] DEBUG org.activiti.engine.impl.interceptor.LogInterceptor  - 

10:47:16,358 [Thread-98] DEBUG org.activiti.engine.impl.interceptor.LogInterceptor  - --- starting GetNextIdBlockCmd --------------------------------------------------------
10:47:16,358 [Thread-96] DEBUG org.activiti.engine.impl.bpmn.behavior.BpmnActivityBehavior  - Leaving activity &apos;theStart&apos;
10:47:16,358 [Thread-95] DEBUG org.apache.ibatis.datasource.pooled.PooledDataSource  - Waiting as long as 20000 milliseconds for connection.
10:47:16,358 [Thread-96] DEBUG org.activiti.engine.impl.history.DefaultHistoryManager  - Current history level: FULL, level required: ACTIVITY
10:47:16,358 [Thread-98] DEBUG org.apache.ibatis.transaction.jdbc.JdbcTransaction  - Opening JDBC Connection
10:47:16,358 [Thread-98] DEBUG org.apache.ibatis.datasource.pooled.PooledDataSource  - Checked out connection 1094226572 from pool.
10:47:16,358 [Thread-96] DEBUG org.activiti.engine.impl.pvm.runtime.AtomicOperationTransitionNotifyListenerTake  - ProcessInstance[10] takes transition (theStart)--flow1--&gt;(javaService)
10:47:16,358 [Thread-93] DEBUG org.apache.ibatis.datasource.pooled.PooledDataSource  - Waiting as long as 20000 milliseconds for connection.
10:47:16,358 [Thread-96] DEBUG org.activiti.engine.impl.history.DefaultHistoryManager  - Current history level: FULL, level required: ACTIVITY
10:47:16,358 [Thread-98] DEBUG org.apache.ibatis.transaction.jdbc.JdbcTransaction  - Setting autocommit to false on JDBC Connection [conn54: url=jdbc:h2:mem:activiti user=SA]
10:47:16,359 [Thread-98] DEBUG org.activiti.engine.impl.persistence.entity.PropertyEntity.selectProperty  - ==&gt;  Preparing: select * from ACT_GE_PROPERTY where NAME_ = ? 
10:47:16,358 [Thread-92] DEBUG org.apache.ibatis.datasource.pooled.PooledDataSource  - Waiting as long as 20000 milliseconds for connection.
10:47:16,359 [Thread-98] DEBUG org.activiti.engine.impl.persistence.entity.PropertyEntity.selectProperty  - ==&gt; Parameters: next.dbid(String)
10:47:16,359 [Thread-88] DEBUG org.apache.ibatis.datasource.pooled.PooledDataSource  - Waiting as long as 20000 milliseconds for connection.
10:47:16,359 [Thread-98] DEBUG org.activiti.engine.impl.persistence.entity.PropertyEntity.selectProperty  - &lt;==      Total: 1
10:47:16,359 [Thread-89] DEBUG org.apache.ibatis.datasource.pooled.PooledDataSource  - Waiting as long as 20000 milliseconds for connection.
10:47:16,359 [Thread-98] DEBUG org.activiti.engine.impl.db.DbSqlSession  -   update PropertyEntity[name=next.dbid, value=16]
10:47:16,359 [Thread-98] DEBUG org.activiti.engine.impl.db.DbSqlSession  - flush summary: 0 insert, 1 update, 0 delete.
10:47:16,359 [Thread-98] DEBUG org.activiti.engine.impl.db.DbSqlSession  - now executing flush...
10:47:16,359 [Thread-84] DEBUG org.apache.ibatis.datasource.pooled.PooledDataSource  - Waiting as long as 20000 milliseconds for connection.
10:47:16,359 [Thread-98] DEBUG org.activiti.engine.impl.db.DbSqlSession  - updating: PropertyEntity[name=next.dbid, value=16]
10:47:16,359 [Thread-82] DEBUG org.apache.ibatis.datasource.pooled.PooledDataSource  - Waiting as long as 20000 milliseconds for connection.
10:47:16,359 [Thread-98] DEBUG org.activiti.engine.impl.persistence.entity.PropertyEntity.updateProperty  - ==&gt;  Preparing: update ACT_GE_PROPERTY SET REV_ = ?, VALUE_ = ? where NAME_ = ? and REV_ = ? 
10:47:16,359 [Thread-87] DEBUG org.apache.ibatis.datasource.pooled.PooledDataSource  - Waiting as long as 20000 milliseconds for connection.
10:47:16,359 [Thread-98] DEBUG org.activiti.engine.impl.persistence.entity.PropertyEntity.updateProperty  - ==&gt; Parameters: 6(Integer), 16(String), next.dbid(String), 5(Integer)
10:47:16,359 [Thread-90] DEBUG org.apache.ibatis.datasource.pooled.PooledDataSource  - Waiting as long as 20000 milliseconds for connection.
10:47:16,359 [Thread-98] DEBUG org.activiti.engine.impl.persistence.entity.PropertyEntity.updateProperty  - &lt;==    Updates: 1
10:47:16,359 [Thread-91] DEBUG org.apache.ibatis.datasource.pooled.PooledDataSource  - Waiting as long as 20000 milliseconds for connection.
10:47:16,359 [Thread-98] DEBUG org.activiti.engine.impl.cfg.standalone.StandaloneMybatisTransactionContext  - firing event committing...
10:47:16,359 [Thread-98] DEBUG org.activiti.engine.impl.cfg.standalone.StandaloneMybatisTransactionContext  - committing the ibatis sql session...
10:47:16,359 [Thread-98] DEBUG org.apache.ibatis.transaction.jdbc.JdbcTransaction  - Committing JDBC Connection [conn54: url=jdbc:h2:mem:activiti user=SA]
10:47:16,359 [Thread-98] DEBUG org.activiti.engine.impl.cfg.standalone.StandaloneMybatisTransactionContext  - firing event committed...
10:47:16,359 [Thread-98] DEBUG org.apache.ibatis.transaction.jdbc.JdbcTransaction  - Resetting autocommit to true on JDBC Connection [conn54: url=jdbc:h2:mem:activiti user=SA]
10:47:16,359 [Thread-98] DEBUG org.apache.ibatis.transaction.jdbc.JdbcTransaction  - Closing JDBC Connection [conn54: url=jdbc:h2:mem:activiti user=SA]
10:47:16,359 [Thread-81] DEBUG org.apache.ibatis.datasource.pooled.PooledDataSource  - Waiting as long as 20000 milliseconds for connection.
10:47:16,359 [Thread-98] DEBUG org.apache.ibatis.datasource.pooled.PooledDataSource  - Returned connection 1094226572 to pool.
10:47:16,359 [Thread-86] DEBUG org.apache.ibatis.datasource.pooled.PooledDataSource  - Waiting as long as 20000 milliseconds for connection.
10:47:16,359 [Thread-98] DEBUG org.activiti.engine.impl.interceptor.LogInterceptor  - --- GetNextIdBlockCmd finished --------------------------------------------------------
10:47:16,359 [Thread-98] DEBUG org.activiti.engine.impl.interceptor.LogInterceptor  - 

10:47:16,359 [Thread-96] DEBUG org.activiti.engine.impl.pvm.runtime.AtomicOperationActivityExecute  - ProcessInstance[10] executes Activity(javaService): org.activiti.engine.impl.bpmn.helper.ClassDelegate
10:47:16,359 [Thread-98] DEBUG org.activiti.engine.impl.pvm.runtime.AtomicOperationActivityExecute  - ProcessInstance[11] executes Activity(theStart): org.activiti.engine.impl.bpmn.behavior.NoneStartEventActivityBehavior
10:47:16,359 [Thread-96] DEBUG org.activiti.engine.impl.db.DbSqlSession  -   insert ProcessInstance[10]
10:47:16,359 [Thread-96] DEBUG org.activiti.engine.impl.db.DbSqlSession  -   insert HistoricProcessInstanceEntity[superProcessInstanceId=null]
10:47:16,359 [Thread-96] DEBUG org.activiti.engine.impl.db.DbSqlSession  -   insert HistoricActivityInstanceEntity[activityId=theStart, activityName=null]
10:47:16,360 [Thread-96] DEBUG org.activiti.engine.impl.db.DbSqlSession  -   insert HistoricActivityInstanceEntity[activityId=javaService, activityName=Java service invocation]
10:47:16,360 [Thread-96] DEBUG org.activiti.engine.impl.db.DbSqlSession  - flush summary: 4 insert, 0 update, 0 delete.
10:47:16,360 [Thread-96] DEBUG org.activiti.engine.impl.db.DbSqlSession  - now executing flush...
10:47:16,360 [Thread-96] DEBUG org.activiti.engine.impl.db.DbSqlSession  - inserting: HistoricProcessInstanceEntity[superProcessInstanceId=null]
10:47:16,359 [Thread-98] DEBUG org.activiti.engine.impl.persistence.entity.JobEntity.selectJobsByExecutionId  - ==&gt;  Preparing: select * from ACT_RU_JOB J where J.EXECUTION_ID_ = ? 
10:47:16,360 [Thread-96] DEBUG org.activiti.engine.impl.persistence.entity.HistoricProcessInstanceEntity.insertHistoricProcessInstance  - ==&gt;  Preparing: insert into ACT_HI_PROCINST ( ID_, PROC_INST_ID_, BUSINESS_KEY_, PROC_DEF_ID_, START_TIME_, END_TIME_, DURATION_, START_USER_ID_, START_ACT_ID_, END_ACT_ID_, SUPER_PROCESS_INSTANCE_ID_, DELETE_REASON_, TENANT_ID_, NAME_ ) values ( ?, ?, ?, ?, ?, ?, ?, ?, ?, ?, ?, ?, ?, ? ) 
10:47:16,360 [Thread-98] DEBUG org.activiti.engine.impl.persistence.entity.JobEntity.selectJobsByExecutionId  - ==&gt; Parameters: 11(String)
10:47:16,360 [Thread-96] DEBUG org.activiti.engine.impl.persistence.entity.HistoricProcessInstanceEntity.insertHistoricProcessInstance  - ==&gt; Parameters: 10(String), 10(String), null, idGeneratorDataSource:1:3(String), 2015-01-01 00:00:00.0(Timestamp), null, null, null, theStart(String), null, null, null, (String), null
10:47:16,360 [Thread-98] DEBUG org.activiti.engine.impl.persistence.entity.JobEntity.selectJobsByExecutionId  - &lt;==      Total: 0
10:47:16,360 [Thread-98] DEBUG org.activiti.engine.impl.bpmn.behavior.BpmnActivityBehavior  - Leaving activity &apos;theStart&apos;
10:47:16,360 [Thread-96] DEBUG org.activiti.engine.impl.persistence.entity.HistoricProcessInstanceEntity.insertHistoricProcessInstance  - &lt;==    Updates: 1
10:47:16,360 [Thread-98] DEBUG org.activiti.engine.impl.history.DefaultHistoryManager  - Current history level: FULL, level required: ACTIVITY
10:47:16,360 [Thread-98] DEBUG org.activiti.engine.impl.pvm.runtime.AtomicOperationTransitionNotifyListenerTake  - ProcessInstance[11] takes transition (theStart)--flow1--&gt;(javaService)
10:47:16,360 [Thread-98] DEBUG org.activiti.engine.impl.history.DefaultHistoryManager  - Current history level: FULL, level required: ACTIVITY
10:47:16,360 [Thread-96] DEBUG org.activiti.engine.impl.persistence.entity.HistoricActivityInstanceEntity.bulkInsertHistoricActivityInstance  - ==&gt;  Preparing: insert into ACT_HI_ACTINST ( ID_, PROC_DEF_ID_, PROC_INST_ID_, EXECUTION_ID_, ACT_ID_, TASK_ID_, CALL_PROC_INST_ID_, ACT_NAME_, ACT_TYPE_, ASSIGNEE_, START_TIME_, END_TIME_, DURATION_, TENANT_ID_ ) values (?, ?, ?, ?, ?, ?, ?, ?, ?, ?, ?, ?, ?, ?) , (?, ?, ?, ?, ?, ?, ?, ?, ?, ?, ?, ?, ?, ?) 
10:47:16,360 [Thread-98] DEBUG org.activiti.engine.impl.pvm.runtime.AtomicOperationActivityExecute  - ProcessInstance[11] executes Activity(javaService): org.activiti.engine.impl.bpmn.helper.ClassDelegate
10:47:16,360 [Thread-98] DEBUG org.activiti.engine.impl.db.DbSqlSession  -   insert ProcessInstance[11]
10:47:16,360 [Thread-98] DEBUG org.activiti.engine.impl.db.DbSqlSession  -   insert HistoricProcessInstanceEntity[superProcessInstanceId=null]
10:47:16,360 [Thread-98] DEBUG org.activiti.engine.impl.db.DbSqlSession  -   insert HistoricActivityInstanceEntity[activityId=theStart, activityName=null]
10:47:16,360 [Thread-98] DEBUG org.activiti.engine.impl.db.DbSqlSession  -   insert HistoricActivityInstanceEntity[activityId=javaService, activityName=Java service invocation]
10:47:16,360 [Thread-98] DEBUG org.activiti.engine.impl.db.DbSqlSession  - flush summary: 4 insert, 0 update, 0 delete.
10:47:16,360 [Thread-98] DEBUG org.activiti.engine.impl.db.DbSqlSession  - now executing flush...
10:47:16,360 [Thread-98] DEBUG org.activiti.engine.impl.db.DbSqlSession  - inserting: HistoricProcessInstanceEntity[superProcessInstanceId=null]
10:47:16,360 [Thread-96] DEBUG org.activiti.engine.impl.persistence.entity.HistoricActivityInstanceEntity.bulkInsertHistoricActivityInstance  - ==&gt; Parameters: 12(String), idGeneratorDataSource:1:3(String), 10(String), 10(String), theStart(String), null, null, null, startEvent(String), null, 2015-01-01 00:00:00.0(Timestamp), 2015-01-01 00:00:00.0(Timestamp), 0(Long), (String), 14(String), idGeneratorDataSource:1:3(String), 10(String), 10(String), javaService(String), null, null, Java service invocation(String), serviceTask(String), null, 2015-01-01 00:00:00.0(Timestamp), null, null, (String)
10:47:16,360 [Thread-98] DEBUG org.activiti.engine.impl.persistence.entity.HistoricProcessInstanceEntity.insertHistoricProcessInstance  - ==&gt;  Preparing: insert into ACT_HI_PROCINST ( ID_, PROC_INST_ID_, BUSINESS_KEY_, PROC_DEF_ID_, START_TIME_, END_TIME_, DURATION_, START_USER_ID_, START_ACT_ID_, END_ACT_ID_, SUPER_PROCESS_INSTANCE_ID_, DELETE_REASON_, TENANT_ID_, NAME_ ) values ( ?, ?, ?, ?, ?, ?, ?, ?, ?, ?, ?, ?, ?, ? ) 
10:47:16,360 [Thread-96] DEBUG org.activiti.engine.impl.persistence.entity.HistoricActivityInstanceEntity.bulkInsertHistoricActivityInstance  - &lt;==    Updates: 2
10:47:16,360 [Thread-96] DEBUG org.activiti.engine.impl.db.DbSqlSession  - inserting: ProcessInstance[10]
10:47:16,360 [Thread-98] DEBUG org.activiti.engine.impl.persistence.entity.HistoricProcessInstanceEntity.insertHistoricProcessInstance  - ==&gt; Parameters: 11(String), 11(String), null, idGeneratorDataSource:1:3(String), 2015-01-01 00:00:00.0(Timestamp), null, null, null, theStart(String), null, null, null, (String), null
10:47:16,360 [Thread-96] DEBUG org.activiti.engine.impl.persistence.entity.ExecutionEntity.insertExecution  - ==&gt;  Preparing: insert into ACT_RU_EXECUTION (ID_, REV_, PROC_INST_ID_, BUSINESS_KEY_, PROC_DEF_ID_, ACT_ID_, IS_ACTIVE_, IS_CONCURRENT_, IS_SCOPE_,IS_EVENT_SCOPE_, PARENT_ID_, SUPER_EXEC_, SUSPENSION_STATE_, CACHED_ENT_STATE_, TENANT_ID_, NAME_) values ( ?, 1, ?, ?, ?, ?, ?, ?, ?, ?, ?, ?, ?, ?, ?, ? ) 
10:47:16,360 [Thread-96] DEBUG org.activiti.engine.impl.persistence.entity.ExecutionEntity.insertExecution  - ==&gt; Parameters: 10(String), 10(String), null, idGeneratorDataSource:1:3(String), javaService(String), true(Boolean), false(Boolean), true(Boolean), false(Boolean), null, null, 1(Integer), 2(Integer), (String), null
10:47:16,360 [Thread-96] DEBUG org.activiti.engine.impl.persistence.entity.ExecutionEntity.insertExecution  - &lt;==    Updates: 1
10:47:16,360 [Thread-96] DEBUG org.activiti.engine.impl.cfg.standalone.StandaloneMybatisTransactionContext  - firing event committing...
10:47:16,360 [Thread-96] DEBUG org.activiti.engine.impl.cfg.standalone.StandaloneMybatisTransactionContext  - committing the ibatis sql session...
10:47:16,360 [Thread-96] DEBUG org.apache.ibatis.transaction.jdbc.JdbcTransaction  - Committing JDBC Connection [conn55: url=jdbc:h2:mem:activiti user=SA]
10:47:16,360 [Thread-96] DEBUG org.activiti.engine.impl.cfg.standalone.StandaloneMybatisTransactionContext  - firing event committed...
10:47:16,360 [Thread-98] DEBUG org.activiti.engine.impl.persistence.entity.HistoricProcessInstanceEntity.insertHistoricProcessInstance  - &lt;==    Updates: 1
10:47:16,360 [Thread-96] DEBUG org.apache.ibatis.transaction.jdbc.JdbcTransaction  - Resetting autocommit to true on JDBC Connection [conn55: url=jdbc:h2:mem:activiti user=SA]
10:47:16,361 [Thread-96] DEBUG org.apache.ibatis.transaction.jdbc.JdbcTransaction  - Closing JDBC Connection [conn55: url=jdbc:h2:mem:activiti user=SA]
10:47:16,361 [Thread-96] DEBUG org.apache.ibatis.datasource.pooled.PooledDataSource  - Returned connection 14606730 to pool.
10:47:16,361 [Thread-98] DEBUG org.activiti.engine.impl.persistence.entity.HistoricActivityInstanceEntity.bulkInsertHistoricActivityInstance  - ==&gt;  Preparing: insert into ACT_HI_ACTINST ( ID_, PROC_DEF_ID_, PROC_INST_ID_, EXECUTION_ID_, ACT_ID_, TASK_ID_, CALL_PROC_INST_ID_, ACT_NAME_, ACT_TYPE_, ASSIGNEE_, START_TIME_, END_TIME_, DURATION_, TENANT_ID_ ) values (?, ?, ?, ?, ?, ?, ?, ?, ?, ?, ?, ?, ?, ?) , (?, ?, ?, ?, ?, ?, ?, ?, ?, ?, ?, ?, ?, ?) 
10:47:16,361 [Thread-86] DEBUG org.apache.ibatis.datasource.pooled.PooledDataSource  - Checked out connection 14606730 from pool.
10:47:16,361 [Thread-96] DEBUG org.activiti.engine.impl.interceptor.LogInterceptor  - --- StartProcessInstanceCmd finished --------------------------------------------------------
10:47:16,361 [Thread-96] DEBUG org.activiti.engine.impl.interceptor.LogInterceptor  - 

10:47:16,361 [Thread-96] DEBUG org.activiti.engine.impl.interceptor.LogInterceptor  - 

10:47:16,361 [Thread-96] DEBUG org.activiti.engine.impl.interceptor.LogInterceptor  - --- starting StartProcessInstanceCmd --------------------------------------------------------
10:47:16,361 [Thread-81] DEBUG org.apache.ibatis.datasource.pooled.PooledDataSource  - Waiting as long as 20000 milliseconds for connection.
10:47:16,361 [Thread-98] DEBUG org.activiti.engine.impl.persistence.entity.HistoricActivityInstanceEntity.bulkInsertHistoricActivityInstance  - ==&gt; Parameters: 13(String), idGeneratorDataSource:1:3(String), 11(String), 11(String), theStart(String), null, null, null, startEvent(String), null, 2015-01-01 00:00:00.0(Timestamp), 2015-01-01 00:00:00.0(Timestamp), 0(Long), (String), 15(String), idGeneratorDataSource:1:3(String), 11(String), 11(String), javaService(String), null, null, Java service invocation(String), serviceTask(String), null, 2015-01-01 00:00:00.0(Timestamp), null, null, (String)
10:47:16,361 [Thread-86] DEBUG org.apache.ibatis.transaction.jdbc.JdbcTransaction  - Setting autocommit to false on JDBC Connection [conn55: url=jdbc:h2:mem:activiti user=SA]
10:47:16,361 [Thread-98] DEBUG org.activiti.engine.impl.persistence.entity.HistoricActivityInstanceEntity.bulkInsertHistoricActivityInstance  - &lt;==    Updates: 2
10:47:16,361 [Thread-98] DEBUG org.activiti.engine.impl.db.DbSqlSession  - inserting: ProcessInstance[11]
10:47:16,361 [Thread-91] DEBUG org.apache.ibatis.datasource.pooled.PooledDataSource  - Waiting as long as 20000 milliseconds for connection.
10:47:16,361 [Thread-96] DEBUG org.apache.ibatis.transaction.jdbc.JdbcTransaction  - Opening JDBC Connection
10:47:16,361 [Thread-90] DEBUG org.apache.ibatis.datasource.pooled.PooledDataSource  - Waiting as long as 20000 milliseconds for connection.
10:47:16,361 [Thread-98] DEBUG org.activiti.engine.impl.persistence.entity.ExecutionEntity.insertExecution  - ==&gt;  Preparing: insert into ACT_RU_EXECUTION (ID_, REV_, PROC_INST_ID_, BUSINESS_KEY_, PROC_DEF_ID_, ACT_ID_, IS_ACTIVE_, IS_CONCURRENT_, IS_SCOPE_,IS_EVENT_SCOPE_, PARENT_ID_, SUPER_EXEC_, SUSPENSION_STATE_, CACHED_ENT_STATE_, TENANT_ID_, NAME_) values ( ?, 1, ?, ?, ?, ?, ?, ?, ?, ?, ?, ?, ?, ?, ?, ? ) 
10:47:16,361 [Thread-86] DEBUG org.activiti.engine.impl.persistence.entity.ProcessDefinitionEntity.selectLatestProcessDefinitionByKey  - ==&gt;  Preparing: select * from ACT_RE_PROCDEF where KEY_ = ? and (TENANT_ID_ = &apos;&apos; or TENANT_ID_ is null) and VERSION_ = (select max(VERSION_) from ACT_RE_PROCDEF where KEY_ = ? and (TENANT_ID_ = &apos;&apos; or TENANT_ID_ is null)) 
10:47:16,361 [Thread-98] DEBUG org.activiti.engine.impl.persistence.entity.ExecutionEntity.insertExecution  - ==&gt; Parameters: 11(String), 11(String), null, idGeneratorDataSource:1:3(String), javaService(String), true(Boolean), false(Boolean), true(Boolean), false(Boolean), null, null, 1(Integer), 2(Integer), (String), null
10:47:16,361 [Thread-87] DEBUG org.apache.ibatis.datasource.pooled.PooledDataSource  - Waiting as long as 20000 milliseconds for connection.
10:47:16,361 [Thread-98] DEBUG org.activiti.engine.impl.persistence.entity.ExecutionEntity.insertExecution  - &lt;==    Updates: 1
10:47:16,361 [Thread-86] DEBUG org.activiti.engine.impl.persistence.entity.ProcessDefinitionEntity.selectLatestProcessDefinitionByKey  - ==&gt; Parameters: idGeneratorDataSource(String), idGeneratorDataSource(String)
10:47:16,361 [Thread-98] DEBUG org.activiti.engine.impl.cfg.standalone.StandaloneMybatisTransactionContext  - firing event committing...
10:47:16,361 [Thread-98] DEBUG org.activiti.engine.impl.cfg.standalone.StandaloneMybatisTransactionContext  - committing the ibatis sql session...
10:47:16,361 [Thread-86] DEBUG org.activiti.engine.impl.persistence.entity.ProcessDefinitionEntity.selectLatestProcessDefinitionByKey  - &lt;==      Total: 1
10:47:16,361 [Thread-82] DEBUG org.apache.ibatis.datasource.pooled.PooledDataSource  - Waiting as long as 20000 milliseconds for connection.
10:47:16,361 [Thread-86] DEBUG org.activiti.engine.impl.interceptor.LogInterceptor  - 

10:47:16,361 [Thread-86] DEBUG org.activiti.engine.impl.interceptor.LogInterceptor  - --- starting GetNextIdBlockCmd --------------------------------------------------------
10:47:16,361 [Thread-98] DEBUG org.apache.ibatis.transaction.jdbc.JdbcTransaction  - Committing JDBC Connection [conn53: url=jdbc:h2:mem:activiti user=SA]
10:47:16,361 [Thread-86] DEBUG org.apache.ibatis.transaction.jdbc.JdbcTransaction  - Opening JDBC Connection
10:47:16,361 [Thread-86] DEBUG org.apache.ibatis.datasource.pooled.PooledDataSource  - Checked out connection 1094226572 from pool.
10:47:16,361 [Thread-89] DEBUG org.apache.ibatis.datasource.pooled.PooledDataSource  - Waiting as long as 20000 milliseconds for connection.
10:47:16,361 [Thread-86] DEBUG org.apache.ibatis.transaction.jdbc.JdbcTransaction  - Setting autocommit to false on JDBC Connection [conn54: url=jdbc:h2:mem:activiti user=SA]
10:47:16,361 [Thread-98] DEBUG org.activiti.engine.impl.cfg.standalone.StandaloneMybatisTransactionContext  - firing event committed...
10:47:16,361 [Thread-86] DEBUG org.activiti.engine.impl.persistence.entity.PropertyEntity.selectProperty  - ==&gt;  Preparing: select * from ACT_GE_PROPERTY where NAME_ = ? 
10:47:16,361 [Thread-88] DEBUG org.apache.ibatis.datasource.pooled.PooledDataSource  - Waiting as long as 20000 milliseconds for connection.
10:47:16,362 [Thread-86] DEBUG org.activiti.engine.impl.persistence.entity.PropertyEntity.selectProperty  - ==&gt; Parameters: next.dbid(String)
10:47:16,362 [Thread-98] DEBUG org.apache.ibatis.transaction.jdbc.JdbcTransaction  - Resetting autocommit to true on JDBC Connection [conn53: url=jdbc:h2:mem:activiti user=SA]
10:47:16,362 [Thread-86] DEBUG org.activiti.engine.impl.persistence.entity.PropertyEntity.selectProperty  - &lt;==      Total: 1
10:47:16,362 [Thread-92] DEBUG org.apache.ibatis.datasource.pooled.PooledDataSource  - Waiting as long as 20000 milliseconds for connection.
10:47:16,362 [Thread-86] DEBUG org.activiti.engine.impl.db.DbSqlSession  -   update PropertyEntity[name=next.dbid, value=19]
10:47:16,362 [Thread-86] DEBUG org.activiti.engine.impl.db.DbSqlSession  - flush summary: 0 insert, 1 update, 0 delete.
10:47:16,362 [Thread-86] DEBUG org.activiti.engine.impl.db.DbSqlSession  - now executing flush...
10:47:16,362 [Thread-98] DEBUG org.apache.ibatis.transaction.jdbc.JdbcTransaction  - Closing JDBC Connection [conn53: url=jdbc:h2:mem:activiti user=SA]
10:47:16,362 [Thread-86] DEBUG org.activiti.engine.impl.db.DbSqlSession  - updating: PropertyEntity[name=next.dbid, value=19]
10:47:16,362 [Thread-93] DEBUG org.apache.ibatis.datasource.pooled.PooledDataSource  - Waiting as long as 20000 milliseconds for connection.
10:47:16,362 [Thread-86] DEBUG org.activiti.engine.impl.persistence.entity.PropertyEntity.updateProperty  - ==&gt;  Preparing: update ACT_GE_PROPERTY SET REV_ = ?, VALUE_ = ? where NAME_ = ? and REV_ = ? 
10:47:16,362 [Thread-95] DEBUG org.apache.ibatis.datasource.pooled.PooledDataSource  - Waiting as long as 20000 milliseconds for connection.
10:47:16,362 [Thread-86] DEBUG org.activiti.engine.impl.persistence.entity.PropertyEntity.updateProperty  - ==&gt; Parameters: 7(Integer), 19(String), next.dbid(String), 6(Integer)
10:47:16,362 [Thread-94] DEBUG org.apache.ibatis.datasource.pooled.PooledDataSource  - Waiting as long as 20000 milliseconds for connection.
10:47:16,362 [Thread-86] DEBUG org.activiti.engine.impl.persistence.entity.PropertyEntity.updateProperty  - &lt;==    Updates: 1
10:47:16,362 [Thread-97] DEBUG org.apache.ibatis.datasource.pooled.PooledDataSource  - Waiting as long as 20000 milliseconds for connection.
10:47:16,362 [Thread-86] DEBUG org.activiti.engine.impl.cfg.standalone.StandaloneMybatisTransactionContext  - firing event committing...
10:47:16,362 [Thread-86] DEBUG org.activiti.engine.impl.cfg.standalone.StandaloneMybatisTransactionContext  - committing the ibatis sql session...
10:47:16,362 [Thread-86] DEBUG org.apache.ibatis.transaction.jdbc.JdbcTransaction  - Committing JDBC Connection [conn54: url=jdbc:h2:mem:activiti user=SA]
10:47:16,362 [Thread-85] DEBUG org.apache.ibatis.datasource.pooled.PooledDataSource  - Waiting as long as 20000 milliseconds for connection.
10:47:16,362 [Thread-86] DEBUG org.activiti.engine.impl.cfg.standalone.StandaloneMybatisTransactionContext  - firing event committed...
10:47:16,362 [Thread-100] DEBUG org.apache.ibatis.datasource.pooled.PooledDataSource  - Waiting as long as 20000 milliseconds for connection.
10:47:16,362 [Thread-86] DEBUG org.apache.ibatis.transaction.jdbc.JdbcTransaction  - Resetting autocommit to true on JDBC Connection [conn54: url=jdbc:h2:mem:activiti user=SA]
10:47:16,362 [Thread-99] DEBUG org.apache.ibatis.datasource.pooled.PooledDataSource  - Waiting as long as 20000 milliseconds for connection.
10:47:16,362 [Thread-86] DEBUG org.apache.ibatis.transaction.jdbc.JdbcTransaction  - Closing JDBC Connection [conn54: url=jdbc:h2:mem:activiti user=SA]
10:47:16,362 [Thread-83] DEBUG org.apache.ibatis.datasource.pooled.PooledDataSource  - Waiting as long as 20000 milliseconds for connection.
10:47:16,362 [Thread-86] DEBUG org.apache.ibatis.datasource.pooled.PooledDataSource  - Returned connection 1094226572 to pool.
10:47:16,362 [Thread-98] DEBUG org.apache.ibatis.datasource.pooled.PooledDataSource  - Returned connection 826925275 to pool.
10:47:16,362 [Thread-86] DEBUG org.activiti.engine.impl.interceptor.LogInterceptor  - --- GetNextIdBlockCmd finished --------------------------------------------------------
10:47:16,362 [Thread-86] DEBUG org.activiti.engine.impl.interceptor.LogInterceptor  - 

10:47:16,362 [Thread-84] DEBUG org.apache.ibatis.datasource.pooled.PooledDataSource  - Checked out connection 826925275 from pool.
10:47:16,362 [Thread-98] DEBUG org.activiti.engine.impl.interceptor.LogInterceptor  - --- StartProcessInstanceCmd finished --------------------------------------------------------
10:47:16,363 [Thread-98] DEBUG org.activiti.engine.impl.interceptor.LogInterceptor  - 

10:47:16,363 [Thread-98] DEBUG org.activiti.engine.impl.interceptor.LogInterceptor  - 

10:47:16,363 [Thread-98] DEBUG org.activiti.engine.impl.interceptor.LogInterceptor  - --- starting StartProcessInstanceCmd --------------------------------------------------------
10:47:16,363 [Thread-96] DEBUG org.apache.ibatis.datasource.pooled.PooledDataSource  - Waiting as long as 20000 milliseconds for connection.
10:47:16,363 [Thread-84] DEBUG org.apache.ibatis.transaction.jdbc.JdbcTransaction  - Setting autocommit to false on JDBC Connection [conn53: url=jdbc:h2:mem:activiti user=SA]
10:47:16,363 [Thread-86] DEBUG org.activiti.engine.impl.persistence.entity.ExecutionEntity  - initializing ProcessInstance[16]
10:47:16,363 [Thread-84] DEBUG org.activiti.engine.impl.persistence.entity.ProcessDefinitionEntity.selectLatestProcessDefinitionByKey  - ==&gt;  Preparing: select * from ACT_RE_PROCDEF where KEY_ = ? and (TENANT_ID_ = &apos;&apos; or TENANT_ID_ is null) and VERSION_ = (select max(VERSION_) from ACT_RE_PROCDEF where KEY_ = ? and (TENANT_ID_ = &apos;&apos; or TENANT_ID_ is null)) 
10:47:16,363 [Thread-83] DEBUG org.apache.ibatis.datasource.pooled.PooledDataSource  - Waiting as long as 20000 milliseconds for connection.
10:47:16,363 [Thread-98] DEBUG org.apache.ibatis.transaction.jdbc.JdbcTransaction  - Opening JDBC Connection
10:47:16,363 [Thread-99] DEBUG org.apache.ibatis.datasource.pooled.PooledDataSource  - Waiting as long as 20000 milliseconds for connection.
10:47:16,363 [Thread-84] DEBUG org.activiti.engine.impl.persistence.entity.ProcessDefinitionEntity.selectLatestProcessDefinitionByKey  - ==&gt; Parameters: idGeneratorDataSource(String), idGeneratorDataSource(String)
10:47:16,363 [Thread-86] DEBUG org.activiti.engine.impl.history.DefaultHistoryManager  - Current history level: FULL, level required: ACTIVITY
10:47:16,363 [Thread-100] DEBUG org.apache.ibatis.datasource.pooled.PooledDataSource  - Waiting as long as 20000 milliseconds for connection.
10:47:16,363 [Thread-86] DEBUG org.activiti.engine.impl.pvm.runtime.AtomicOperationActivityExecute  - ProcessInstance[16] executes Activity(theStart): org.activiti.engine.impl.bpmn.behavior.NoneStartEventActivityBehavior
10:47:16,363 [Thread-84] DEBUG org.activiti.engine.impl.persistence.entity.ProcessDefinitionEntity.selectLatestProcessDefinitionByKey  - &lt;==      Total: 1
10:47:16,363 [Thread-86] DEBUG org.activiti.engine.impl.persistence.entity.JobEntity.selectJobsByExecutionId  - ==&gt;  Preparing: select * from ACT_RU_JOB J where J.EXECUTION_ID_ = ? 
10:47:16,363 [Thread-85] DEBUG org.apache.ibatis.datasource.pooled.PooledDataSource  - Waiting as long as 20000 milliseconds for connection.
10:47:16,363 [Thread-86] DEBUG org.activiti.engine.impl.persistence.entity.JobEntity.selectJobsByExecutionId  - ==&gt; Parameters: 16(String)
10:47:16,363 [Thread-84] DEBUG org.activiti.engine.impl.persistence.entity.ExecutionEntity  - initializing ProcessInstance[18]
10:47:16,363 [Thread-86] DEBUG org.activiti.engine.impl.persistence.entity.JobEntity.selectJobsByExecutionId  - &lt;==      Total: 0
10:47:16,363 [Thread-86] DEBUG org.activiti.engine.impl.bpmn.behavior.BpmnActivityBehavior  - Leaving activity &apos;theStart&apos;
10:47:16,363 [Thread-97] DEBUG org.apache.ibatis.datasource.pooled.PooledDataSource  - Waiting as long as 20000 milliseconds for connection.
10:47:16,363 [Thread-86] DEBUG org.activiti.engine.impl.history.DefaultHistoryManager  - Current history level: FULL, level required: ACTIVITY
10:47:16,363 [Thread-84] DEBUG org.activiti.engine.impl.history.DefaultHistoryManager  - Current history level: FULL, level required: ACTIVITY
10:47:16,364 [Thread-84] DEBUG org.activiti.engine.impl.interceptor.LogInterceptor  - 

10:47:16,363 [Thread-86] DEBUG org.activiti.engine.impl.pvm.runtime.AtomicOperationTransitionNotifyListenerTake  - ProcessInstance[16] takes transition (theStart)--flow1--&gt;(javaService)
10:47:16,363 [Thread-94] DEBUG org.apache.ibatis.datasource.pooled.PooledDataSource  - Waiting as long as 20000 milliseconds for connection.
10:47:16,364 [Thread-86] DEBUG org.activiti.engine.impl.history.DefaultHistoryManager  - Current history level: FULL, level required: ACTIVITY
10:47:16,364 [Thread-84] DEBUG org.activiti.engine.impl.interceptor.LogInterceptor  - --- starting GetNextIdBlockCmd --------------------------------------------------------
10:47:16,364 [Thread-95] DEBUG org.apache.ibatis.datasource.pooled.PooledDataSource  - Waiting as long as 20000 milliseconds for connection.
10:47:16,364 [Thread-84] DEBUG org.apache.ibatis.transaction.jdbc.JdbcTransaction  - Opening JDBC Connection
10:47:16,364 [Thread-84] DEBUG org.apache.ibatis.datasource.pooled.PooledDataSource  - Checked out connection 1094226572 from pool.
10:47:16,364 [Thread-84] DEBUG org.apache.ibatis.transaction.jdbc.JdbcTransaction  - Setting autocommit to false on JDBC Connection [conn54: url=jdbc:h2:mem:activiti user=SA]
10:47:16,364 [Thread-93] DEBUG org.apache.ibatis.datasource.pooled.PooledDataSource  - Waiting as long as 20000 milliseconds for connection.
10:47:16,364 [Thread-84] DEBUG org.activiti.engine.impl.persistence.entity.PropertyEntity.selectProperty  - ==&gt;  Preparing: select * from ACT_GE_PROPERTY where NAME_ = ? 
10:47:16,364 [Thread-92] DEBUG org.apache.ibatis.datasource.pooled.PooledDataSource  - Waiting as long as 20000 milliseconds for connection.
10:47:16,364 [Thread-84] DEBUG org.activiti.engine.impl.persistence.entity.PropertyEntity.selectProperty  - ==&gt; Parameters: next.dbid(String)
10:47:16,364 [Thread-88] DEBUG org.apache.ibatis.datasource.pooled.PooledDataSource  - Waiting as long as 20000 milliseconds for connection.
10:47:16,364 [Thread-84] DEBUG org.activiti.engine.impl.persistence.entity.PropertyEntity.selectProperty  - &lt;==      Total: 1
10:47:16,364 [Thread-84] DEBUG org.activiti.engine.impl.db.DbSqlSession  -   update PropertyEntity[name=next.dbid, value=22]
10:47:16,364 [Thread-84] DEBUG org.activiti.engine.impl.db.DbSqlSession  - flush summary: 0 insert, 1 update, 0 delete.
10:47:16,364 [Thread-84] DEBUG org.activiti.engine.impl.db.DbSqlSession  - now executing flush...
10:47:16,364 [Thread-84] DEBUG org.activiti.engine.impl.db.DbSqlSession  - updating: PropertyEntity[name=next.dbid, value=22]
10:47:16,364 [Thread-84] DEBUG org.activiti.engine.impl.persistence.entity.PropertyEntity.updateProperty  - ==&gt;  Preparing: update ACT_GE_PROPERTY SET REV_ = ?, VALUE_ = ? where NAME_ = ? and REV_ = ? 
10:47:16,364 [Thread-89] DEBUG org.apache.ibatis.datasource.pooled.PooledDataSource  - Waiting as long as 20000 milliseconds for connection.
10:47:16,364 [Thread-84] DEBUG org.activiti.engine.impl.persistence.entity.PropertyEntity.updateProperty  - ==&gt; Parameters: 8(Integer), 22(String), next.dbid(String), 7(Integer)
10:47:16,364 [Thread-82] DEBUG org.apache.ibatis.datasource.pooled.PooledDataSource  - Waiting as long as 20000 milliseconds for connection.
10:47:16,364 [Thread-84] DEBUG org.activiti.engine.impl.persistence.entity.PropertyEntity.updateProperty  - &lt;==    Updates: 1
10:47:16,365 [Thread-84] DEBUG org.activiti.engine.impl.cfg.standalone.StandaloneMybatisTransactionContext  - firing event committing...
10:47:16,365 [Thread-84] DEBUG org.activiti.engine.impl.cfg.standalone.StandaloneMybatisTransactionContext  - committing the ibatis sql session...
10:47:16,365 [Thread-84] DEBUG org.apache.ibatis.transaction.jdbc.JdbcTransaction  - Committing JDBC Connection [conn54: url=jdbc:h2:mem:activiti user=SA]
10:47:16,365 [Thread-84] DEBUG org.activiti.engine.impl.cfg.standalone.StandaloneMybatisTransactionContext  - firing event committed...
10:47:16,365 [Thread-84] DEBUG org.apache.ibatis.transaction.jdbc.JdbcTransaction  - Resetting autocommit to true on JDBC Connection [conn54: url=jdbc:h2:mem:activiti user=SA]
10:47:16,365 [Thread-84] DEBUG org.apache.ibatis.transaction.jdbc.JdbcTransaction  - Closing JDBC Connection [conn54: url=jdbc:h2:mem:activiti user=SA]
10:47:16,365 [Thread-84] DEBUG org.apache.ibatis.datasource.pooled.PooledDataSource  - Returned connection 1094226572 to pool.
10:47:16,365 [Thread-87] DEBUG org.apache.ibatis.datasource.pooled.PooledDataSource  - Waiting as long as 20000 milliseconds for connection.
10:47:16,365 [Thread-84] DEBUG org.activiti.engine.impl.interceptor.LogInterceptor  - --- GetNextIdBlockCmd finished --------------------------------------------------------
10:47:16,365 [Thread-90] DEBUG org.apache.ibatis.datasource.pooled.PooledDataSource  - Waiting as long as 20000 milliseconds for connection.
10:47:16,365 [Thread-84] DEBUG org.activiti.engine.impl.interceptor.LogInterceptor  - 

10:47:16,365 [Thread-91] DEBUG org.apache.ibatis.datasource.pooled.PooledDataSource  - Waiting as long as 20000 milliseconds for connection.
10:47:16,365 [Thread-86] DEBUG org.activiti.engine.impl.pvm.runtime.AtomicOperationActivityExecute  - ProcessInstance[16] executes Activity(javaService): org.activiti.engine.impl.bpmn.helper.ClassDelegate
10:47:16,365 [Thread-84] DEBUG org.activiti.engine.impl.pvm.runtime.AtomicOperationActivityExecute  - ProcessInstance[18] executes Activity(theStart): org.activiti.engine.impl.bpmn.behavior.NoneStartEventActivityBehavior
10:47:16,365 [Thread-86] DEBUG org.activiti.engine.impl.db.DbSqlSession  -   insert ProcessInstance[16]
10:47:16,365 [Thread-86] DEBUG org.activiti.engine.impl.db.DbSqlSession  -   insert HistoricProcessInstanceEntity[superProcessInstanceId=null]
10:47:16,365 [Thread-86] DEBUG org.activiti.engine.impl.db.DbSqlSession  -   insert HistoricActivityInstanceEntity[activityId=theStart, activityName=null]
10:47:16,365 [Thread-86] DEBUG org.activiti.engine.impl.db.DbSqlSession  -   insert HistoricActivityInstanceEntity[activityId=javaService, activityName=Java service invocation]
10:47:16,365 [Thread-86] DEBUG org.activiti.engine.impl.db.DbSqlSession  - flush summary: 4 insert, 0 update, 0 delete.
10:47:16,365 [Thread-86] DEBUG org.activiti.engine.impl.db.DbSqlSession  - now executing flush...
10:47:16,365 [Thread-86] DEBUG org.activiti.engine.impl.db.DbSqlSession  - inserting: HistoricProcessInstanceEntity[superProcessInstanceId=null]
10:47:16,365 [Thread-81] DEBUG org.apache.ibatis.datasource.pooled.PooledDataSource  - Waiting as long as 20000 milliseconds for connection.
10:47:16,365 [Thread-86] DEBUG org.activiti.engine.impl.persistence.entity.HistoricProcessInstanceEntity.insertHistoricProcessInstance  - ==&gt;  Preparing: insert into ACT_HI_PROCINST ( ID_, PROC_INST_ID_, BUSINESS_KEY_, PROC_DEF_ID_, START_TIME_, END_TIME_, DURATION_, START_USER_ID_, START_ACT_ID_, END_ACT_ID_, SUPER_PROCESS_INSTANCE_ID_, DELETE_REASON_, TENANT_ID_, NAME_ ) values ( ?, ?, ?, ?, ?, ?, ?, ?, ?, ?, ?, ?, ?, ? ) 
10:47:16,365 [Thread-84] DEBUG org.activiti.engine.impl.persistence.entity.JobEntity.selectJobsByExecutionId  - ==&gt;  Preparing: select * from ACT_RU_JOB J where J.EXECUTION_ID_ = ? 
10:47:16,365 [Thread-86] DEBUG org.activiti.engine.impl.persistence.entity.HistoricProcessInstanceEntity.insertHistoricProcessInstance  - ==&gt; Parameters: 16(String), 16(String), null, idGeneratorDataSource:1:3(String), 2015-01-01 00:00:00.0(Timestamp), null, null, null, theStart(String), null, null, null, (String), null
10:47:16,365 [Thread-84] DEBUG org.activiti.engine.impl.persistence.entity.JobEntity.selectJobsByExecutionId  - ==&gt; Parameters: 18(String)
10:47:16,365 [Thread-86] DEBUG org.activiti.engine.impl.persistence.entity.HistoricProcessInstanceEntity.insertHistoricProcessInstance  - &lt;==    Updates: 1
10:47:16,365 [Thread-98] DEBUG org.apache.ibatis.datasource.pooled.PooledDataSource  - Waiting as long as 20000 milliseconds for connection.
10:47:16,365 [Thread-84] DEBUG org.activiti.engine.impl.persistence.entity.JobEntity.selectJobsByExecutionId  - &lt;==      Total: 0
10:47:16,366 [Thread-86] DEBUG org.activiti.engine.impl.persistence.entity.HistoricActivityInstanceEntity.bulkInsertHistoricActivityInstance  - ==&gt;  Preparing: insert into ACT_HI_ACTINST ( ID_, PROC_DEF_ID_, PROC_INST_ID_, EXECUTION_ID_, ACT_ID_, TASK_ID_, CALL_PROC_INST_ID_, ACT_NAME_, ACT_TYPE_, ASSIGNEE_, START_TIME_, END_TIME_, DURATION_, TENANT_ID_ ) values (?, ?, ?, ?, ?, ?, ?, ?, ?, ?, ?, ?, ?, ?) , (?, ?, ?, ?, ?, ?, ?, ?, ?, ?, ?, ?, ?, ?) 
10:47:16,366 [Thread-84] DEBUG org.activiti.engine.impl.bpmn.behavior.BpmnActivityBehavior  - Leaving activity &apos;theStart&apos;
10:47:16,366 [Thread-84] DEBUG org.activiti.engine.impl.history.DefaultHistoryManager  - Current history level: FULL, level required: ACTIVITY
10:47:16,366 [Thread-86] DEBUG org.activiti.engine.impl.persistence.entity.HistoricActivityInstanceEntity.bulkInsertHistoricActivityInstance  - ==&gt; Parameters: 17(String), idGeneratorDataSource:1:3(String), 16(String), 16(String), theStart(String), null, null, null, startEvent(String), null, 2015-01-01 00:00:00.0(Timestamp), 2015-01-01 00:00:00.0(Timestamp), 0(Long), (String), 20(String), idGeneratorDataSource:1:3(String), 16(String), 16(String), javaService(String), null, null, Java service invocation(String), serviceTask(String), null, 2015-01-01 00:00:00.0(Timestamp), null, null, (String)
10:47:16,366 [Thread-84] DEBUG org.activiti.engine.impl.pvm.runtime.AtomicOperationTransitionNotifyListenerTake  - ProcessInstance[18] takes transition (theStart)--flow1--&gt;(javaService)
10:47:16,366 [Thread-86] DEBUG org.activiti.engine.impl.persistence.entity.HistoricActivityInstanceEntity.bulkInsertHistoricActivityInstance  - &lt;==    Updates: 2
10:47:16,366 [Thread-86] DEBUG org.activiti.engine.impl.db.DbSqlSession  - inserting: ProcessInstance[16]
10:47:16,366 [Thread-84] DEBUG org.activiti.engine.impl.history.DefaultHistoryManager  - Current history level: FULL, level required: ACTIVITY
10:47:16,366 [Thread-86] DEBUG org.activiti.engine.impl.persistence.entity.ExecutionEntity.insertExecution  - ==&gt;  Preparing: insert into ACT_RU_EXECUTION (ID_, REV_, PROC_INST_ID_, BUSINESS_KEY_, PROC_DEF_ID_, ACT_ID_, IS_ACTIVE_, IS_CONCURRENT_, IS_SCOPE_,IS_EVENT_SCOPE_, PARENT_ID_, SUPER_EXEC_, SUSPENSION_STATE_, CACHED_ENT_STATE_, TENANT_ID_, NAME_) values ( ?, 1, ?, ?, ?, ?, ?, ?, ?, ?, ?, ?, ?, ?, ?, ? ) 
10:47:16,366 [Thread-84] DEBUG org.activiti.engine.impl.pvm.runtime.AtomicOperationActivityExecute  - ProcessInstance[18] executes Activity(javaService): org.activiti.engine.impl.bpmn.helper.ClassDelegate
10:47:16,366 [Thread-86] DEBUG org.activiti.engine.impl.persistence.entity.ExecutionEntity.insertExecution  - ==&gt; Parameters: 16(String), 16(String), null, idGeneratorDataSource:1:3(String), javaService(String), true(Boolean), false(Boolean), true(Boolean), false(Boolean), null, null, 1(Integer), 2(Integer), (String), null
10:47:16,366 [Thread-84] DEBUG org.activiti.engine.impl.db.DbSqlSession  -   insert ProcessInstance[18]
10:47:16,366 [Thread-84] DEBUG org.activiti.engine.impl.db.DbSqlSession  -   insert HistoricProcessInstanceEntity[superProcessInstanceId=null]
10:47:16,366 [Thread-84] DEBUG org.activiti.engine.impl.db.DbSqlSession  -   insert HistoricActivityInstanceEntity[activityId=theStart, activityName=null]
10:47:16,366 [Thread-84] DEBUG org.activiti.engine.impl.db.DbSqlSession  -   insert HistoricActivityInstanceEntity[activityId=javaService, activityName=Java service invocation]
10:47:16,366 [Thread-84] DEBUG org.activiti.engine.impl.db.DbSqlSession  - flush summary: 4 insert, 0 update, 0 delete.
10:47:16,366 [Thread-84] DEBUG org.activiti.engine.impl.db.DbSqlSession  - now executing flush...
10:47:16,366 [Thread-84] DEBUG org.activiti.engine.impl.db.DbSqlSession  - inserting: HistoricProcessInstanceEntity[superProcessInstanceId=null]
10:47:16,366 [Thread-86] DEBUG org.activiti.engine.impl.persistence.entity.ExecutionEntity.insertExecution  - &lt;==    Updates: 1
10:47:16,366 [Thread-84] DEBUG org.activiti.engine.impl.persistence.entity.HistoricProcessInstanceEntity.insertHistoricProcessInstance  - ==&gt;  Preparing: insert into ACT_HI_PROCINST ( ID_, PROC_INST_ID_, BUSINESS_KEY_, PROC_DEF_ID_, START_TIME_, END_TIME_, DURATION_, START_USER_ID_, START_ACT_ID_, END_ACT_ID_, SUPER_PROCESS_INSTANCE_ID_, DELETE_REASON_, TENANT_ID_, NAME_ ) values ( ?, ?, ?, ?, ?, ?, ?, ?, ?, ?, ?, ?, ?, ? ) 
10:47:16,366 [Thread-86] DEBUG org.activiti.engine.impl.cfg.standalone.StandaloneMybatisTransactionContext  - firing event committing...
10:47:16,366 [Thread-84] DEBUG org.activiti.engine.impl.persistence.entity.HistoricProcessInstanceEntity.insertHistoricProcessInstance  - ==&gt; Parameters: 18(String), 18(String), null, idGeneratorDataSource:1:3(String), 2015-01-01 00:00:00.0(Timestamp), null, null, null, theStart(String), null, null, null, (String), null
10:47:16,366 [Thread-86] DEBUG org.activiti.engine.impl.cfg.standalone.StandaloneMybatisTransactionContext  - committing the ibatis sql session...
10:47:16,366 [Thread-86] DEBUG org.apache.ibatis.transaction.jdbc.JdbcTransaction  - Committing JDBC Connection [conn55: url=jdbc:h2:mem:activiti user=SA]
10:47:16,366 [Thread-86] DEBUG org.activiti.engine.impl.cfg.standalone.StandaloneMybatisTransactionContext  - firing event committed...
10:47:16,366 [Thread-86] DEBUG org.apache.ibatis.transaction.jdbc.JdbcTransaction  - Resetting autocommit to true on JDBC Connection [conn55: url=jdbc:h2:mem:activiti user=SA]
10:47:16,366 [Thread-86] DEBUG org.apache.ibatis.transaction.jdbc.JdbcTransaction  - Closing JDBC Connection [conn55: url=jdbc:h2:mem:activiti user=SA]
10:47:16,366 [Thread-84] DEBUG org.activiti.engine.impl.persistence.entity.HistoricProcessInstanceEntity.insertHistoricProcessInstance  - &lt;==    Updates: 1
10:47:16,366 [Thread-86] DEBUG org.apache.ibatis.datasource.pooled.PooledDataSource  - Returned connection 14606730 to pool.
10:47:16,366 [Thread-86] DEBUG org.activiti.engine.impl.interceptor.LogInterceptor  - --- StartProcessInstanceCmd finished --------------------------------------------------------
10:47:16,366 [Thread-86] DEBUG org.activiti.engine.impl.interceptor.LogInterceptor  - 

10:47:16,366 [Thread-86] DEBUG org.activiti.engine.impl.interceptor.LogInterceptor  - 

10:47:16,366 [Thread-86] DEBUG org.activiti.engine.impl.interceptor.LogInterceptor  - --- starting StartProcessInstanceCmd --------------------------------------------------------
10:47:16,366 [Thread-98] DEBUG org.apache.ibatis.datasource.pooled.PooledDataSource  - Checked out connection 14606730 from pool.
10:47:16,366 [Thread-86] DEBUG org.apache.ibatis.transaction.jdbc.JdbcTransaction  - Opening JDBC Connection
10:47:16,366 [Thread-84] DEBUG org.activiti.engine.impl.persistence.entity.HistoricActivityInstanceEntity.bulkInsertHistoricActivityInstance  - ==&gt;  Preparing: insert into ACT_HI_ACTINST ( ID_, PROC_DEF_ID_, PROC_INST_ID_, EXECUTION_ID_, ACT_ID_, TASK_ID_, CALL_PROC_INST_ID_, ACT_NAME_, ACT_TYPE_, ASSIGNEE_, START_TIME_, END_TIME_, DURATION_, TENANT_ID_ ) values (?, ?, ?, ?, ?, ?, ?, ?, ?, ?, ?, ?, ?, ?) , (?, ?, ?, ?, ?, ?, ?, ?, ?, ?, ?, ?, ?, ?) 
10:47:16,366 [Thread-81] DEBUG org.apache.ibatis.datasource.pooled.PooledDataSource  - Waiting as long as 20000 milliseconds for connection.
10:47:16,366 [Thread-98] DEBUG org.apache.ibatis.transaction.jdbc.JdbcTransaction  - Setting autocommit to false on JDBC Connection [conn55: url=jdbc:h2:mem:activiti user=SA]
10:47:16,367 [Thread-91] DEBUG org.apache.ibatis.datasource.pooled.PooledDataSource  - Waiting as long as 20000 milliseconds for connection.
10:47:16,367 [Thread-84] DEBUG org.activiti.engine.impl.persistence.entity.HistoricActivityInstanceEntity.bulkInsertHistoricActivityInstance  - ==&gt; Parameters: 19(String), idGeneratorDataSource:1:3(String), 18(String), 18(String), theStart(String), null, null, null, startEvent(String), null, 2015-01-01 00:00:00.0(Timestamp), 2015-01-01 00:00:00.0(Timestamp), 0(Long), (String), 21(String), idGeneratorDataSource:1:3(String), 18(String), 18(String), javaService(String), null, null, Java service invocation(String), serviceTask(String), null, 2015-01-01 00:00:00.0(Timestamp), null, null, (String)
10:47:16,367 [Thread-90] DEBUG org.apache.ibatis.datasource.pooled.PooledDataSource  - Waiting as long as 20000 milliseconds for connection.
10:47:16,367 [Thread-98] DEBUG org.activiti.engine.impl.persistence.entity.ProcessDefinitionEntity.selectLatestProcessDefinitionByKey  - ==&gt;  Preparing: select * from ACT_RE_PROCDEF where KEY_ = ? and (TENANT_ID_ = &apos;&apos; or TENANT_ID_ is null) and VERSION_ = (select max(VERSION_) from ACT_RE_PROCDEF where KEY_ = ? and (TENANT_ID_ = &apos;&apos; or TENANT_ID_ is null)) 
10:47:16,367 [Thread-87] DEBUG org.apache.ibatis.datasource.pooled.PooledDataSource  - Waiting as long as 20000 milliseconds for connection.
10:47:16,367 [Thread-84] DEBUG org.activiti.engine.impl.persistence.entity.HistoricActivityInstanceEntity.bulkInsertHistoricActivityInstance  - &lt;==    Updates: 2
10:47:16,367 [Thread-84] DEBUG org.activiti.engine.impl.db.DbSqlSession  - inserting: ProcessInstance[18]
10:47:16,367 [Thread-82] DEBUG org.apache.ibatis.datasource.pooled.PooledDataSource  - Waiting as long as 20000 milliseconds for connection.
10:47:16,367 [Thread-98] DEBUG org.activiti.engine.impl.persistence.entity.ProcessDefinitionEntity.selectLatestProcessDefinitionByKey  - ==&gt; Parameters: idGeneratorDataSource(String), idGeneratorDataSource(String)
10:47:16,367 [Thread-89] DEBUG org.apache.ibatis.datasource.pooled.PooledDataSource  - Waiting as long as 20000 milliseconds for connection.
10:47:16,367 [Thread-84] DEBUG org.activiti.engine.impl.persistence.entity.ExecutionEntity.insertExecution  - ==&gt;  Preparing: insert into ACT_RU_EXECUTION (ID_, REV_, PROC_INST_ID_, BUSINESS_KEY_, PROC_DEF_ID_, ACT_ID_, IS_ACTIVE_, IS_CONCURRENT_, IS_SCOPE_,IS_EVENT_SCOPE_, PARENT_ID_, SUPER_EXEC_, SUSPENSION_STATE_, CACHED_ENT_STATE_, TENANT_ID_, NAME_) values ( ?, 1, ?, ?, ?, ?, ?, ?, ?, ?, ?, ?, ?, ?, ?, ? ) 
10:47:16,367 [Thread-88] DEBUG org.apache.ibatis.datasource.pooled.PooledDataSource  - Waiting as long as 20000 milliseconds for connection.
10:47:16,367 [Thread-98] DEBUG org.activiti.engine.impl.persistence.entity.ProcessDefinitionEntity.selectLatestProcessDefinitionByKey  - &lt;==      Total: 1
10:47:16,367 [Thread-92] DEBUG org.apache.ibatis.datasource.pooled.PooledDataSource  - Waiting as long as 20000 milliseconds for connection.
10:47:16,367 [Thread-84] DEBUG org.activiti.engine.impl.persistence.entity.ExecutionEntity.insertExecution  - ==&gt; Parameters: 18(String), 18(String), null, idGeneratorDataSource:1:3(String), javaService(String), true(Boolean), false(Boolean), true(Boolean), false(Boolean), null, null, 1(Integer), 2(Integer), (String), null
10:47:16,367 [Thread-93] DEBUG org.apache.ibatis.datasource.pooled.PooledDataSource  - Waiting as long as 20000 milliseconds for connection.
10:47:16,367 [Thread-98] DEBUG org.activiti.engine.impl.interceptor.LogInterceptor  - 

10:47:16,367 [Thread-98] DEBUG org.activiti.engine.impl.interceptor.LogInterceptor  - --- starting GetNextIdBlockCmd --------------------------------------------------------
10:47:16,367 [Thread-95] DEBUG org.apache.ibatis.datasource.pooled.PooledDataSource  - Waiting as long as 20000 milliseconds for connection.
10:47:16,367 [Thread-84] DEBUG org.activiti.engine.impl.persistence.entity.ExecutionEntity.insertExecution  - &lt;==    Updates: 1
10:47:16,367 [Thread-94] DEBUG org.apache.ibatis.datasource.pooled.PooledDataSource  - Waiting as long as 20000 milliseconds for connection.
10:47:16,367 [Thread-98] DEBUG org.apache.ibatis.transaction.jdbc.JdbcTransaction  - Opening JDBC Connection
10:47:16,367 [Thread-97] DEBUG org.apache.ibatis.datasource.pooled.PooledDataSource  - Waiting as long as 20000 milliseconds for connection.
10:47:16,367 [Thread-84] DEBUG org.activiti.engine.impl.cfg.standalone.StandaloneMybatisTransactionContext  - firing event committing...
10:47:16,367 [Thread-84] DEBUG org.activiti.engine.impl.cfg.standalone.StandaloneMybatisTransactionContext  - committing the ibatis sql session...
10:47:16,367 [Thread-84] DEBUG org.apache.ibatis.transaction.jdbc.JdbcTransaction  - Committing JDBC Connection [conn53: url=jdbc:h2:mem:activiti user=SA]
10:47:16,367 [Thread-85] DEBUG org.apache.ibatis.datasource.pooled.PooledDataSource  - Waiting as long as 20000 milliseconds for connection.
10:47:16,367 [Thread-98] DEBUG org.apache.ibatis.datasource.pooled.PooledDataSource  - Checked out connection 1094226572 from pool.
10:47:16,367 [Thread-100] DEBUG org.apache.ibatis.datasource.pooled.PooledDataSource  - Waiting as long as 20000 milliseconds for connection.
10:47:16,367 [Thread-84] DEBUG org.activiti.engine.impl.cfg.standalone.StandaloneMybatisTransactionContext  - firing event committed...
10:47:16,368 [Thread-99] DEBUG org.apache.ibatis.datasource.pooled.PooledDataSource  - Waiting as long as 20000 milliseconds for connection.
10:47:16,368 [Thread-98] DEBUG org.apache.ibatis.transaction.jdbc.JdbcTransaction  - Setting autocommit to false on JDBC Connection [conn54: url=jdbc:h2:mem:activiti user=SA]
10:47:16,368 [Thread-83] DEBUG org.apache.ibatis.datasource.pooled.PooledDataSource  - Waiting as long as 20000 milliseconds for connection.
10:47:16,368 [Thread-84] DEBUG org.apache.ibatis.transaction.jdbc.JdbcTransaction  - Resetting autocommit to true on JDBC Connection [conn53: url=jdbc:h2:mem:activiti user=SA]
10:47:16,368 [Thread-96] DEBUG org.apache.ibatis.datasource.pooled.PooledDataSource  - Waiting as long as 20000 milliseconds for connection.
10:47:16,368 [Thread-98] DEBUG org.activiti.engine.impl.persistence.entity.PropertyEntity.selectProperty  - ==&gt;  Preparing: select * from ACT_GE_PROPERTY where NAME_ = ? 
10:47:16,368 [Thread-86] DEBUG org.apache.ibatis.datasource.pooled.PooledDataSource  - Waiting as long as 20000 milliseconds for connection.
10:47:16,368 [Thread-84] DEBUG org.apache.ibatis.transaction.jdbc.JdbcTransaction  - Closing JDBC Connection [conn53: url=jdbc:h2:mem:activiti user=SA]
10:47:16,368 [Thread-98] DEBUG org.activiti.engine.impl.persistence.entity.PropertyEntity.selectProperty  - ==&gt; Parameters: next.dbid(String)
10:47:16,368 [Thread-84] DEBUG org.apache.ibatis.datasource.pooled.PooledDataSource  - Returned connection 826925275 to pool.
10:47:16,368 [Thread-98] DEBUG org.activiti.engine.impl.persistence.entity.PropertyEntity.selectProperty  - &lt;==      Total: 1
10:47:16,368 [Thread-86] DEBUG org.apache.ibatis.datasource.pooled.PooledDataSource  - Checked out connection 826925275 from pool.
10:47:16,368 [Thread-84] DEBUG org.activiti.engine.impl.interceptor.LogInterceptor  - --- StartProcessInstanceCmd finished --------------------------------------------------------
10:47:16,368 [Thread-84] DEBUG org.activiti.engine.impl.interceptor.LogInterceptor  - 

10:47:16,368 [Thread-84] DEBUG org.activiti.engine.impl.interceptor.LogInterceptor  - 

10:47:16,368 [Thread-84] DEBUG org.activiti.engine.impl.interceptor.LogInterceptor  - --- starting StartProcessInstanceCmd --------------------------------------------------------
10:47:16,368 [Thread-96] DEBUG org.apache.ibatis.datasource.pooled.PooledDataSource  - Waiting as long as 20000 milliseconds for connection.
10:47:16,368 [Thread-86] DEBUG org.apache.ibatis.transaction.jdbc.JdbcTransaction  - Setting autocommit to false on JDBC Connection [conn53: url=jdbc:h2:mem:activiti user=SA]
10:47:16,368 [Thread-98] DEBUG org.activiti.engine.impl.db.DbSqlSession  -   update PropertyEntity[name=next.dbid, value=25]
10:47:16,368 [Thread-98] DEBUG org.activiti.engine.impl.db.DbSqlSession  - flush summary: 0 insert, 1 update, 0 delete.
10:47:16,368 [Thread-98] DEBUG org.activiti.engine.impl.db.DbSqlSession  - now executing flush...
10:47:16,368 [Thread-86] DEBUG org.activiti.engine.impl.persistence.entity.ProcessDefinitionEntity.selectLatestProcessDefinitionByKey  - ==&gt;  Preparing: select * from ACT_RE_PROCDEF where KEY_ = ? and (TENANT_ID_ = &apos;&apos; or TENANT_ID_ is null) and VERSION_ = (select max(VERSION_) from ACT_RE_PROCDEF where KEY_ = ? and (TENANT_ID_ = &apos;&apos; or TENANT_ID_ is null)) 
10:47:16,368 [Thread-86] DEBUG org.activiti.engine.impl.persistence.entity.ProcessDefinitionEntity.selectLatestProcessDefinitionByKey  - ==&gt; Parameters: idGeneratorDataSource(String), idGeneratorDataSource(String)
10:47:16,368 [Thread-83] DEBUG org.apache.ibatis.datasource.pooled.PooledDataSource  - Waiting as long as 20000 milliseconds for connection.
10:47:16,368 [Thread-84] DEBUG org.apache.ibatis.transaction.jdbc.JdbcTransaction  - Opening JDBC Connection
10:47:16,368 [Thread-99] DEBUG org.apache.ibatis.datasource.pooled.PooledDataSource  - Waiting as long as 20000 milliseconds for connection.
10:47:16,368 [Thread-86] DEBUG org.activiti.engine.impl.persistence.entity.ProcessDefinitionEntity.selectLatestProcessDefinitionByKey  - &lt;==      Total: 1
10:47:16,368 [Thread-98] DEBUG org.activiti.engine.impl.db.DbSqlSession  - updating: PropertyEntity[name=next.dbid, value=25]
10:47:16,369 [Thread-100] DEBUG org.apache.ibatis.datasource.pooled.PooledDataSource  - Waiting as long as 20000 milliseconds for connection.
10:47:16,369 [Thread-98] DEBUG org.activiti.engine.impl.persistence.entity.PropertyEntity.updateProperty  - ==&gt;  Preparing: update ACT_GE_PROPERTY SET REV_ = ?, VALUE_ = ? where NAME_ = ? and REV_ = ? 
10:47:16,369 [Thread-98] DEBUG org.activiti.engine.impl.persistence.entity.PropertyEntity.updateProperty  - ==&gt; Parameters: 9(Integer), 25(String), next.dbid(String), 8(Integer)
10:47:16,369 [Thread-98] DEBUG org.activiti.engine.impl.persistence.entity.PropertyEntity.updateProperty  - &lt;==    Updates: 1
10:47:16,369 [Thread-98] DEBUG org.activiti.engine.impl.cfg.standalone.StandaloneMybatisTransactionContext  - firing event committing...
10:47:16,369 [Thread-98] DEBUG org.activiti.engine.impl.cfg.standalone.StandaloneMybatisTransactionContext  - committing the ibatis sql session...
10:47:16,369 [Thread-98] DEBUG org.apache.ibatis.transaction.jdbc.JdbcTransaction  - Committing JDBC Connection [conn54: url=jdbc:h2:mem:activiti user=SA]
10:47:16,369 [Thread-98] DEBUG org.activiti.engine.impl.cfg.standalone.StandaloneMybatisTransactionContext  - firing event committed...
10:47:16,369 [Thread-85] DEBUG org.apache.ibatis.datasource.pooled.PooledDataSource  - Waiting as long as 20000 milliseconds for connection.
10:47:16,369 [Thread-98] DEBUG org.apache.ibatis.transaction.jdbc.JdbcTransaction  - Resetting autocommit to true on JDBC Connection [conn54: url=jdbc:h2:mem:activiti user=SA]
10:47:16,369 [Thread-97] DEBUG org.apache.ibatis.datasource.pooled.PooledDataSource  - Waiting as long as 20000 milliseconds for connection.
10:47:16,369 [Thread-98] DEBUG org.apache.ibatis.transaction.jdbc.JdbcTransaction  - Closing JDBC Connection [conn54: url=jdbc:h2:mem:activiti user=SA]
10:47:16,369 [Thread-98] DEBUG org.apache.ibatis.datasource.pooled.PooledDataSource  - Returned connection 1094226572 to pool.
10:47:16,369 [Thread-94] DEBUG org.apache.ibatis.datasource.pooled.PooledDataSource  - Waiting as long as 20000 milliseconds for connection.
10:47:16,369 [Thread-98] DEBUG org.activiti.engine.impl.interceptor.LogInterceptor  - --- GetNextIdBlockCmd finished --------------------------------------------------------
10:47:16,369 [Thread-98] DEBUG org.activiti.engine.impl.interceptor.LogInterceptor  - 

10:47:16,369 [Thread-98] DEBUG org.activiti.engine.impl.persistence.entity.ExecutionEntity  - initializing ProcessInstance[22]
10:47:16,369 [Thread-95] DEBUG org.apache.ibatis.datasource.pooled.PooledDataSource  - Waiting as long as 20000 milliseconds for connection.
10:47:16,369 [Thread-98] DEBUG org.activiti.engine.impl.history.DefaultHistoryManager  - Current history level: FULL, level required: ACTIVITY
10:47:16,369 [Thread-86] DEBUG org.activiti.engine.impl.persistence.entity.ExecutionEntity  - initializing ProcessInstance[23]
10:47:16,369 [Thread-98] DEBUG org.activiti.engine.impl.pvm.runtime.AtomicOperationActivityExecute  - ProcessInstance[22] executes Activity(theStart): org.activiti.engine.impl.bpmn.behavior.NoneStartEventActivityBehavior
10:47:16,369 [Thread-93] DEBUG org.apache.ibatis.datasource.pooled.PooledDataSource  - Waiting as long as 20000 milliseconds for connection.
10:47:16,369 [Thread-98] DEBUG org.activiti.engine.impl.persistence.entity.JobEntity.selectJobsByExecutionId  - ==&gt;  Preparing: select * from ACT_RU_JOB J where J.EXECUTION_ID_ = ? 
10:47:16,369 [Thread-86] DEBUG org.activiti.engine.impl.history.DefaultHistoryManager  - Current history level: FULL, level required: ACTIVITY
10:47:16,369 [Thread-86] DEBUG org.activiti.engine.impl.interceptor.LogInterceptor  - 

10:47:16,369 [Thread-86] DEBUG org.activiti.engine.impl.interceptor.LogInterceptor  - --- starting GetNextIdBlockCmd --------------------------------------------------------
10:47:16,369 [Thread-86] DEBUG org.apache.ibatis.transaction.jdbc.JdbcTransaction  - Opening JDBC Connection
10:47:16,370 [Thread-86] DEBUG org.apache.ibatis.datasource.pooled.PooledDataSource  - Checked out connection 1094226572 from pool.
10:47:16,370 [Thread-86] DEBUG org.apache.ibatis.transaction.jdbc.JdbcTransaction  - Setting autocommit to false on JDBC Connection [conn54: url=jdbc:h2:mem:activiti user=SA]
10:47:16,370 [Thread-86] DEBUG org.activiti.engine.impl.persistence.entity.PropertyEntity.selectProperty  - ==&gt;  Preparing: select * from ACT_GE_PROPERTY where NAME_ = ? 
10:47:16,370 [Thread-86] DEBUG org.activiti.engine.impl.persistence.entity.PropertyEntity.selectProperty  - ==&gt; Parameters: next.dbid(String)
10:47:16,370 [Thread-86] DEBUG org.activiti.engine.impl.persistence.entity.PropertyEntity.selectProperty  - &lt;==      Total: 1
10:47:16,370 [Thread-86] DEBUG org.activiti.engine.impl.db.DbSqlSession  -   update PropertyEntity[name=next.dbid, value=28]
10:47:16,370 [Thread-86] DEBUG org.activiti.engine.impl.db.DbSqlSession  - flush summary: 0 insert, 1 update, 0 delete.
10:47:16,370 [Thread-86] DEBUG org.activiti.engine.impl.db.DbSqlSession  - now executing flush...
10:47:16,370 [Thread-86] DEBUG org.activiti.engine.impl.db.DbSqlSession  - updating: PropertyEntity[name=next.dbid, value=28]
10:47:16,370 [Thread-86] DEBUG org.activiti.engine.impl.persistence.entity.PropertyEntity.updateProperty  - ==&gt;  Preparing: update ACT_GE_PROPERTY SET REV_ = ?, VALUE_ = ? where NAME_ = ? and REV_ = ? 
10:47:16,369 [Thread-92] DEBUG org.apache.ibatis.datasource.pooled.PooledDataSource  - Waiting as long as 20000 milliseconds for connection.
10:47:16,370 [Thread-88] DEBUG org.apache.ibatis.datasource.pooled.PooledDataSource  - Waiting as long as 20000 milliseconds for connection.
10:47:16,369 [Thread-98] DEBUG org.activiti.engine.impl.persistence.entity.JobEntity.selectJobsByExecutionId  - ==&gt; Parameters: 22(String)
10:47:16,370 [Thread-86] DEBUG org.activiti.engine.impl.persistence.entity.PropertyEntity.updateProperty  - ==&gt; Parameters: 10(Integer), 28(String), next.dbid(String), 9(Integer)
10:47:16,370 [Thread-89] DEBUG org.apache.ibatis.datasource.pooled.PooledDataSource  - Waiting as long as 20000 milliseconds for connection.
10:47:16,370 [Thread-98] DEBUG org.activiti.engine.impl.persistence.entity.JobEntity.selectJobsByExecutionId  - &lt;==      Total: 0
10:47:16,370 [Thread-82] DEBUG org.apache.ibatis.datasource.pooled.PooledDataSource  - Waiting as long as 20000 milliseconds for connection.
10:47:16,370 [Thread-86] DEBUG org.activiti.engine.impl.persistence.entity.PropertyEntity.updateProperty  - &lt;==    Updates: 1
10:47:16,370 [Thread-87] DEBUG org.apache.ibatis.datasource.pooled.PooledDataSource  - Waiting as long as 20000 milliseconds for connection.
10:47:16,370 [Thread-98] DEBUG org.activiti.engine.impl.bpmn.behavior.BpmnActivityBehavior  - Leaving activity &apos;theStart&apos;
10:47:16,370 [Thread-90] DEBUG org.apache.ibatis.datasource.pooled.PooledDataSource  - Waiting as long as 20000 milliseconds for connection.
10:47:16,370 [Thread-86] DEBUG org.activiti.engine.impl.cfg.standalone.StandaloneMybatisTransactionContext  - firing event committing...
10:47:16,370 [Thread-86] DEBUG org.activiti.engine.impl.cfg.standalone.StandaloneMybatisTransactionContext  - committing the ibatis sql session...
10:47:16,370 [Thread-86] DEBUG org.apache.ibatis.transaction.jdbc.JdbcTransaction  - Committing JDBC Connection [conn54: url=jdbc:h2:mem:activiti user=SA]
10:47:16,370 [Thread-91] DEBUG org.apache.ibatis.datasource.pooled.PooledDataSource  - Waiting as long as 20000 milliseconds for connection.
10:47:16,370 [Thread-98] DEBUG org.activiti.engine.impl.history.DefaultHistoryManager  - Current history level: FULL, level required: ACTIVITY
10:47:16,370 [Thread-81] DEBUG org.apache.ibatis.datasource.pooled.PooledDataSource  - Waiting as long as 20000 milliseconds for connection.
10:47:16,370 [Thread-86] DEBUG org.activiti.engine.impl.cfg.standalone.StandaloneMybatisTransactionContext  - firing event committed...
10:47:16,370 [Thread-84] DEBUG org.apache.ibatis.datasource.pooled.PooledDataSource  - Waiting as long as 20000 milliseconds for connection.
10:47:16,370 [Thread-98] DEBUG org.activiti.engine.impl.pvm.runtime.AtomicOperationTransitionNotifyListenerTake  - ProcessInstance[22] takes transition (theStart)--flow1--&gt;(javaService)
10:47:16,370 [Thread-86] DEBUG org.apache.ibatis.transaction.jdbc.JdbcTransaction  - Resetting autocommit to true on JDBC Connection [conn54: url=jdbc:h2:mem:activiti user=SA]
10:47:16,371 [Thread-98] DEBUG org.activiti.engine.impl.history.DefaultHistoryManager  - Current history level: FULL, level required: ACTIVITY
10:47:16,371 [Thread-86] DEBUG org.apache.ibatis.transaction.jdbc.JdbcTransaction  - Closing JDBC Connection [conn54: url=jdbc:h2:mem:activiti user=SA]
10:47:16,371 [Thread-86] DEBUG org.apache.ibatis.datasource.pooled.PooledDataSource  - Returned connection 1094226572 to pool.
10:47:16,371 [Thread-86] DEBUG org.activiti.engine.impl.interceptor.LogInterceptor  - --- GetNextIdBlockCmd finished --------------------------------------------------------
10:47:16,371 [Thread-86] DEBUG org.activiti.engine.impl.interceptor.LogInterceptor  - 

10:47:16,371 [Thread-98] DEBUG org.activiti.engine.impl.pvm.runtime.AtomicOperationActivityExecute  - ProcessInstance[22] executes Activity(javaService): org.activiti.engine.impl.bpmn.helper.ClassDelegate
10:47:16,371 [Thread-86] DEBUG org.activiti.engine.impl.pvm.runtime.AtomicOperationActivityExecute  - ProcessInstance[23] executes Activity(theStart): org.activiti.engine.impl.bpmn.behavior.NoneStartEventActivityBehavior
10:47:16,371 [Thread-98] DEBUG org.activiti.engine.impl.db.DbSqlSession  -   insert ProcessInstance[22]
10:47:16,371 [Thread-98] DEBUG org.activiti.engine.impl.db.DbSqlSession  -   insert HistoricProcessInstanceEntity[superProcessInstanceId=null]
10:47:16,371 [Thread-98] DEBUG org.activiti.engine.impl.db.DbSqlSession  -   insert HistoricActivityInstanceEntity[activityId=theStart, activityName=null]
10:47:16,371 [Thread-98] DEBUG org.activiti.engine.impl.db.DbSqlSession  -   insert HistoricActivityInstanceEntity[activityId=javaService, activityName=Java service invocation]
10:47:16,371 [Thread-98] DEBUG org.activiti.engine.impl.db.DbSqlSession  - flush summary: 4 insert, 0 update, 0 delete.
10:47:16,371 [Thread-98] DEBUG org.activiti.engine.impl.db.DbSqlSession  - now executing flush...
10:47:16,371 [Thread-98] DEBUG org.activiti.engine.impl.db.DbSqlSession  - inserting: HistoricProcessInstanceEntity[superProcessInstanceId=null]
10:47:16,371 [Thread-86] DEBUG org.activiti.engine.impl.persistence.entity.JobEntity.selectJobsByExecutionId  - ==&gt;  Preparing: select * from ACT_RU_JOB J where J.EXECUTION_ID_ = ? 
10:47:16,371 [Thread-98] DEBUG org.activiti.engine.impl.persistence.entity.HistoricProcessInstanceEntity.insertHistoricProcessInstance  - ==&gt;  Preparing: insert into ACT_HI_PROCINST ( ID_, PROC_INST_ID_, BUSINESS_KEY_, PROC_DEF_ID_, START_TIME_, END_TIME_, DURATION_, START_USER_ID_, START_ACT_ID_, END_ACT_ID_, SUPER_PROCESS_INSTANCE_ID_, DELETE_REASON_, TENANT_ID_, NAME_ ) values ( ?, ?, ?, ?, ?, ?, ?, ?, ?, ?, ?, ?, ?, ? ) 
10:47:16,371 [Thread-86] DEBUG org.activiti.engine.impl.persistence.entity.JobEntity.selectJobsByExecutionId  - ==&gt; Parameters: 23(String)
10:47:16,371 [Thread-98] DEBUG org.activiti.engine.impl.persistence.entity.HistoricProcessInstanceEntity.insertHistoricProcessInstance  - ==&gt; Parameters: 22(String), 22(String), null, idGeneratorDataSource:1:3(String), 2015-01-01 00:00:00.0(Timestamp), null, null, null, theStart(String), null, null, null, (String), null
10:47:16,371 [Thread-86] DEBUG org.activiti.engine.impl.persistence.entity.JobEntity.selectJobsByExecutionId  - &lt;==      Total: 0
10:47:16,371 [Thread-86] DEBUG org.activiti.engine.impl.bpmn.behavior.BpmnActivityBehavior  - Leaving activity &apos;theStart&apos;
10:47:16,371 [Thread-98] DEBUG org.activiti.engine.impl.persistence.entity.HistoricProcessInstanceEntity.insertHistoricProcessInstance  - &lt;==    Updates: 1
10:47:16,371 [Thread-86] DEBUG org.activiti.engine.impl.history.DefaultHistoryManager  - Current history level: FULL, level required: ACTIVITY
10:47:16,371 [Thread-86] DEBUG org.activiti.engine.impl.pvm.runtime.AtomicOperationTransitionNotifyListenerTake  - ProcessInstance[23] takes transition (theStart)--flow1--&gt;(javaService)
10:47:16,371 [Thread-86] DEBUG org.activiti.engine.impl.history.DefaultHistoryManager  - Current history level: FULL, level required: ACTIVITY
10:47:16,371 [Thread-86] DEBUG org.activiti.engine.impl.pvm.runtime.AtomicOperationActivityExecute  - ProcessInstance[23] executes Activity(javaService): org.activiti.engine.impl.bpmn.helper.ClassDelegate
10:47:16,371 [Thread-98] DEBUG org.activiti.engine.impl.persistence.entity.HistoricActivityInstanceEntity.bulkInsertHistoricActivityInstance  - ==&gt;  Preparing: insert into ACT_HI_ACTINST ( ID_, PROC_DEF_ID_, PROC_INST_ID_, EXECUTION_ID_, ACT_ID_, TASK_ID_, CALL_PROC_INST_ID_, ACT_NAME_, ACT_TYPE_, ASSIGNEE_, START_TIME_, END_TIME_, DURATION_, TENANT_ID_ ) values (?, ?, ?, ?, ?, ?, ?, ?, ?, ?, ?, ?, ?, ?) , (?, ?, ?, ?, ?, ?, ?, ?, ?, ?, ?, ?, ?, ?) 
10:47:16,371 [Thread-86] DEBUG org.activiti.engine.impl.db.DbSqlSession  -   insert ProcessInstance[23]
10:47:16,371 [Thread-86] DEBUG org.activiti.engine.impl.db.DbSqlSession  -   insert HistoricProcessInstanceEntity[superProcessInstanceId=null]
10:47:16,371 [Thread-86] DEBUG org.activiti.engine.impl.db.DbSqlSession  -   insert HistoricActivityInstanceEntity[activityId=theStart, activityName=null]
10:47:16,371 [Thread-86] DEBUG org.activiti.engine.impl.db.DbSqlSession  -   insert HistoricActivityInstanceEntity[activityId=javaService, activityName=Java service invocation]
10:47:16,371 [Thread-86] DEBUG org.activiti.engine.impl.db.DbSqlSession  - flush summary: 4 insert, 0 update, 0 delete.
10:47:16,371 [Thread-86] DEBUG org.activiti.engine.impl.db.DbSqlSession  - now executing flush...
10:47:16,371 [Thread-86] DEBUG org.activiti.engine.impl.db.DbSqlSession  - inserting: HistoricProcessInstanceEntity[superProcessInstanceId=null]
10:47:16,371 [Thread-98] DEBUG org.activiti.engine.impl.persistence.entity.HistoricActivityInstanceEntity.bulkInsertHistoricActivityInstance  - ==&gt; Parameters: 24(String), idGeneratorDataSource:1:3(String), 22(String), 22(String), theStart(String), null, null, null, startEvent(String), null, 2015-01-01 00:00:00.0(Timestamp), 2015-01-01 00:00:00.0(Timestamp), 0(Long), (String), 26(String), idGeneratorDataSource:1:3(String), 22(String), 22(String), javaService(String), null, null, Java service invocation(String), serviceTask(String), null, 2015-01-01 00:00:00.0(Timestamp), null, null, (String)
10:47:16,371 [Thread-86] DEBUG org.activiti.engine.impl.persistence.entity.HistoricProcessInstanceEntity.insertHistoricProcessInstance  - ==&gt;  Preparing: insert into ACT_HI_PROCINST ( ID_, PROC_INST_ID_, BUSINESS_KEY_, PROC_DEF_ID_, START_TIME_, END_TIME_, DURATION_, START_USER_ID_, START_ACT_ID_, END_ACT_ID_, SUPER_PROCESS_INSTANCE_ID_, DELETE_REASON_, TENANT_ID_, NAME_ ) values ( ?, ?, ?, ?, ?, ?, ?, ?, ?, ?, ?, ?, ?, ? ) 
10:47:16,371 [Thread-98] DEBUG org.activiti.engine.impl.persistence.entity.HistoricActivityInstanceEntity.bulkInsertHistoricActivityInstance  - &lt;==    Updates: 2
10:47:16,371 [Thread-98] DEBUG org.activiti.engine.impl.db.DbSqlSession  - inserting: ProcessInstance[22]
10:47:16,371 [Thread-86] DEBUG org.activiti.engine.impl.persistence.entity.HistoricProcessInstanceEntity.insertHistoricProcessInstance  - ==&gt; Parameters: 23(String), 23(String), null, idGeneratorDataSource:1:3(String), 2015-01-01 00:00:00.0(Timestamp), null, null, null, theStart(String), null, null, null, (String), null
10:47:16,372 [Thread-98] DEBUG org.activiti.engine.impl.persistence.entity.ExecutionEntity.insertExecution  - ==&gt;  Preparing: insert into ACT_RU_EXECUTION (ID_, REV_, PROC_INST_ID_, BUSINESS_KEY_, PROC_DEF_ID_, ACT_ID_, IS_ACTIVE_, IS_CONCURRENT_, IS_SCOPE_,IS_EVENT_SCOPE_, PARENT_ID_, SUPER_EXEC_, SUSPENSION_STATE_, CACHED_ENT_STATE_, TENANT_ID_, NAME_) values ( ?, 1, ?, ?, ?, ?, ?, ?, ?, ?, ?, ?, ?, ?, ?, ? ) 
10:47:16,372 [Thread-98] DEBUG org.activiti.engine.impl.persistence.entity.ExecutionEntity.insertExecution  - ==&gt; Parameters: 22(String), 22(String), null, idGeneratorDataSource:1:3(String), javaService(String), true(Boolean), false(Boolean), true(Boolean), false(Boolean), null, null, 1(Integer), 2(Integer), (String), null
10:47:16,372 [Thread-98] DEBUG org.activiti.engine.impl.persistence.entity.ExecutionEntity.insertExecution  - &lt;==    Updates: 1
10:47:16,372 [Thread-98] DEBUG org.activiti.engine.impl.cfg.standalone.StandaloneMybatisTransactionContext  - firing event committing...
10:47:16,372 [Thread-98] DEBUG org.activiti.engine.impl.cfg.standalone.StandaloneMybatisTransactionContext  - committing the ibatis sql session...
10:47:16,372 [Thread-98] DEBUG org.apache.ibatis.transaction.jdbc.JdbcTransaction  - Committing JDBC Connection [conn55: url=jdbc:h2:mem:activiti user=SA]
10:47:16,372 [Thread-98] DEBUG org.activiti.engine.impl.cfg.standalone.StandaloneMybatisTransactionContext  - firing event committed...
10:47:16,372 [Thread-86] DEBUG org.activiti.engine.impl.persistence.entity.HistoricProcessInstanceEntity.insertHistoricProcessInstance  - &lt;==    Updates: 1
10:47:16,372 [Thread-98] DEBUG org.apache.ibatis.transaction.jdbc.JdbcTransaction  - Resetting autocommit to true on JDBC Connection [conn55: url=jdbc:h2:mem:activiti user=SA]
10:47:16,372 [Thread-98] DEBUG org.apache.ibatis.transaction.jdbc.JdbcTransaction  - Closing JDBC Connection [conn55: url=jdbc:h2:mem:activiti user=SA]
10:47:16,372 [Thread-98] DEBUG org.apache.ibatis.datasource.pooled.PooledDataSource  - Returned connection 14606730 to pool.
10:47:16,372 [Thread-98] DEBUG org.activiti.engine.impl.interceptor.LogInterceptor  - --- StartProcessInstanceCmd finished --------------------------------------------------------
10:47:16,372 [Thread-98] DEBUG org.activiti.engine.impl.interceptor.LogInterceptor  - 

10:47:16,372 [Thread-84] DEBUG org.apache.ibatis.datasource.pooled.PooledDataSource  - Checked out connection 14606730 from pool.
10:47:16,372 [Thread-86] DEBUG org.activiti.engine.impl.persistence.entity.HistoricActivityInstanceEntity.bulkInsertHistoricActivityInstance  - ==&gt;  Preparing: insert into ACT_HI_ACTINST ( ID_, PROC_DEF_ID_, PROC_INST_ID_, EXECUTION_ID_, ACT_ID_, TASK_ID_, CALL_PROC_INST_ID_, ACT_NAME_, ACT_TYPE_, ASSIGNEE_, START_TIME_, END_TIME_, DURATION_, TENANT_ID_ ) values (?, ?, ?, ?, ?, ?, ?, ?, ?, ?, ?, ?, ?, ?) , (?, ?, ?, ?, ?, ?, ?, ?, ?, ?, ?, ?, ?, ?) 
10:47:16,372 [Thread-81] DEBUG org.apache.ibatis.datasource.pooled.PooledDataSource  - Waiting as long as 20000 milliseconds for connection.
10:47:16,372 [Thread-84] DEBUG org.apache.ibatis.transaction.jdbc.JdbcTransaction  - Setting autocommit to false on JDBC Connection [conn55: url=jdbc:h2:mem:activiti user=SA]
10:47:16,372 [Thread-98] DEBUG org.activiti.engine.impl.interceptor.LogInterceptor  - 

10:47:16,372 [Thread-98] DEBUG org.activiti.engine.impl.interceptor.LogInterceptor  - --- starting StartProcessInstanceCmd --------------------------------------------------------
10:47:16,372 [Thread-84] DEBUG org.activiti.engine.impl.persistence.entity.ProcessDefinitionEntity.selectLatestProcessDefinitionByKey  - ==&gt;  Preparing: select * from ACT_RE_PROCDEF where KEY_ = ? and (TENANT_ID_ = &apos;&apos; or TENANT_ID_ is null) and VERSION_ = (select max(VERSION_) from ACT_RE_PROCDEF where KEY_ = ? and (TENANT_ID_ = &apos;&apos; or TENANT_ID_ is null)) 
10:47:16,372 [Thread-86] DEBUG org.activiti.engine.impl.persistence.entity.HistoricActivityInstanceEntity.bulkInsertHistoricActivityInstance  - ==&gt; Parameters: 25(String), idGeneratorDataSource:1:3(String), 23(String), 23(String), theStart(String), null, null, null, startEvent(String), null, 2015-01-01 00:00:00.0(Timestamp), 2015-01-01 00:00:00.0(Timestamp), 0(Long), (String), 27(String), idGeneratorDataSource:1:3(String), 23(String), 23(String), javaService(String), null, null, Java service invocation(String), serviceTask(String), null, 2015-01-01 00:00:00.0(Timestamp), null, null, (String)
10:47:16,372 [Thread-91] DEBUG org.apache.ibatis.datasource.pooled.PooledDataSource  - Waiting as long as 20000 milliseconds for connection.
10:47:16,372 [Thread-86] DEBUG org.activiti.engine.impl.persistence.entity.HistoricActivityInstanceEntity.bulkInsertHistoricActivityInstance  - &lt;==    Updates: 2
10:47:16,372 [Thread-86] DEBUG org.activiti.engine.impl.db.DbSqlSession  - inserting: ProcessInstance[23]
10:47:16,372 [Thread-84] DEBUG org.activiti.engine.impl.persistence.entity.ProcessDefinitionEntity.selectLatestProcessDefinitionByKey  - ==&gt; Parameters: idGeneratorDataSource(String), idGeneratorDataSource(String)
10:47:16,372 [Thread-98] DEBUG org.apache.ibatis.transaction.jdbc.JdbcTransaction  - Opening JDBC Connection
10:47:16,372 [Thread-86] DEBUG org.activiti.engine.impl.persistence.entity.ExecutionEntity.insertExecution  - ==&gt;  Preparing: insert into ACT_RU_EXECUTION (ID_, REV_, PROC_INST_ID_, BUSINESS_KEY_, PROC_DEF_ID_, ACT_ID_, IS_ACTIVE_, IS_CONCURRENT_, IS_SCOPE_,IS_EVENT_SCOPE_, PARENT_ID_, SUPER_EXEC_, SUSPENSION_STATE_, CACHED_ENT_STATE_, TENANT_ID_, NAME_) values ( ?, 1, ?, ?, ?, ?, ?, ?, ?, ?, ?, ?, ?, ?, ?, ? ) 
10:47:16,372 [Thread-90] DEBUG org.apache.ibatis.datasource.pooled.PooledDataSource  - Waiting as long as 20000 milliseconds for connection.
10:47:16,372 [Thread-86] DEBUG org.activiti.engine.impl.persistence.entity.ExecutionEntity.insertExecution  - ==&gt; Parameters: 23(String), 23(String), null, idGeneratorDataSource:1:3(String), javaService(String), true(Boolean), false(Boolean), true(Boolean), false(Boolean), null, null, 1(Integer), 2(Integer), (String), null
10:47:16,372 [Thread-84] DEBUG org.activiti.engine.impl.persistence.entity.ProcessDefinitionEntity.selectLatestProcessDefinitionByKey  - &lt;==      Total: 1
10:47:16,372 [Thread-86] DEBUG org.activiti.engine.impl.persistence.entity.ExecutionEntity.insertExecution  - &lt;==    Updates: 1
10:47:16,372 [Thread-87] DEBUG org.apache.ibatis.datasource.pooled.PooledDataSource  - Waiting as long as 20000 milliseconds for connection.
10:47:16,372 [Thread-86] DEBUG org.activiti.engine.impl.cfg.standalone.StandaloneMybatisTransactionContext  - firing event committing...
10:47:16,372 [Thread-86] DEBUG org.activiti.engine.impl.cfg.standalone.StandaloneMybatisTransactionContext  - committing the ibatis sql session...
10:47:16,372 [Thread-86] DEBUG org.apache.ibatis.transaction.jdbc.JdbcTransaction  - Committing JDBC Connection [conn53: url=jdbc:h2:mem:activiti user=SA]
10:47:16,372 [Thread-84] DEBUG org.activiti.engine.impl.interceptor.LogInterceptor  - 

10:47:16,373 [Thread-84] DEBUG org.activiti.engine.impl.interceptor.LogInterceptor  - --- starting GetNextIdBlockCmd --------------------------------------------------------
10:47:16,372 [Thread-86] DEBUG org.activiti.engine.impl.cfg.standalone.StandaloneMybatisTransactionContext  - firing event committed...
10:47:16,372 [Thread-82] DEBUG org.apache.ibatis.datasource.pooled.PooledDataSource  - Waiting as long as 20000 milliseconds for connection.
10:47:16,373 [Thread-86] DEBUG org.apache.ibatis.transaction.jdbc.JdbcTransaction  - Resetting autocommit to true on JDBC Connection [conn53: url=jdbc:h2:mem:activiti user=SA]
10:47:16,373 [Thread-84] DEBUG org.apache.ibatis.transaction.jdbc.JdbcTransaction  - Opening JDBC Connection
10:47:16,373 [Thread-84] DEBUG org.apache.ibatis.datasource.pooled.PooledDataSource  - Checked out connection 1094226572 from pool.
10:47:16,373 [Thread-86] DEBUG org.apache.ibatis.transaction.jdbc.JdbcTransaction  - Closing JDBC Connection [conn53: url=jdbc:h2:mem:activiti user=SA]
10:47:16,373 [Thread-89] DEBUG org.apache.ibatis.datasource.pooled.PooledDataSource  - Waiting as long as 20000 milliseconds for connection.
10:47:16,373 [Thread-84] DEBUG org.apache.ibatis.transaction.jdbc.JdbcTransaction  - Setting autocommit to false on JDBC Connection [conn54: url=jdbc:h2:mem:activiti user=SA]
10:47:16,373 [Thread-84] DEBUG org.activiti.engine.impl.persistence.entity.PropertyEntity.selectProperty  - ==&gt;  Preparing: select * from ACT_GE_PROPERTY where NAME_ = ? 
10:47:16,373 [Thread-88] DEBUG org.apache.ibatis.datasource.pooled.PooledDataSource  - Waiting as long as 20000 milliseconds for connection.
10:47:16,373 [Thread-84] DEBUG org.activiti.engine.impl.persistence.entity.PropertyEntity.selectProperty  - ==&gt; Parameters: next.dbid(String)
10:47:16,373 [Thread-92] DEBUG org.apache.ibatis.datasource.pooled.PooledDataSource  - Waiting as long as 20000 milliseconds for connection.
10:47:16,373 [Thread-84] DEBUG org.activiti.engine.impl.persistence.entity.PropertyEntity.selectProperty  - &lt;==      Total: 1
10:47:16,373 [Thread-93] DEBUG org.apache.ibatis.datasource.pooled.PooledDataSource  - Waiting as long as 20000 milliseconds for connection.
10:47:16,373 [Thread-84] DEBUG org.activiti.engine.impl.db.DbSqlSession  -   update PropertyEntity[name=next.dbid, value=31]
10:47:16,373 [Thread-84] DEBUG org.activiti.engine.impl.db.DbSqlSession  - flush summary: 0 insert, 1 update, 0 delete.
10:47:16,373 [Thread-84] DEBUG org.activiti.engine.impl.db.DbSqlSession  - now executing flush...
10:47:16,373 [Thread-95] DEBUG org.apache.ibatis.datasource.pooled.PooledDataSource  - Waiting as long as 20000 milliseconds for connection.
10:47:16,373 [Thread-84] DEBUG org.activiti.engine.impl.db.DbSqlSession  - updating: PropertyEntity[name=next.dbid, value=31]
10:47:16,373 [Thread-94] DEBUG org.apache.ibatis.datasource.pooled.PooledDataSource  - Waiting as long as 20000 milliseconds for connection.
10:47:16,373 [Thread-84] DEBUG org.activiti.engine.impl.persistence.entity.PropertyEntity.updateProperty  - ==&gt;  Preparing: update ACT_GE_PROPERTY SET REV_ = ?, VALUE_ = ? where NAME_ = ? and REV_ = ? 
10:47:16,373 [Thread-97] DEBUG org.apache.ibatis.datasource.pooled.PooledDataSource  - Waiting as long as 20000 milliseconds for connection.
10:47:16,373 [Thread-84] DEBUG org.activiti.engine.impl.persistence.entity.PropertyEntity.updateProperty  - ==&gt; Parameters: 11(Integer), 31(String), next.dbid(String), 10(Integer)
10:47:16,373 [Thread-85] DEBUG org.apache.ibatis.datasource.pooled.PooledDataSource  - Waiting as long as 20000 milliseconds for connection.
10:47:16,373 [Thread-84] DEBUG org.activiti.engine.impl.persistence.entity.PropertyEntity.updateProperty  - &lt;==    Updates: 1
10:47:16,373 [Thread-100] DEBUG org.apache.ibatis.datasource.pooled.PooledDataSource  - Waiting as long as 20000 milliseconds for connection.
10:47:16,373 [Thread-84] DEBUG org.activiti.engine.impl.cfg.standalone.StandaloneMybatisTransactionContext  - firing event committing...
10:47:16,373 [Thread-84] DEBUG org.activiti.engine.impl.cfg.standalone.StandaloneMybatisTransactionContext  - committing the ibatis sql session...
10:47:16,373 [Thread-84] DEBUG org.apache.ibatis.transaction.jdbc.JdbcTransaction  - Committing JDBC Connection [conn54: url=jdbc:h2:mem:activiti user=SA]
10:47:16,374 [Thread-84] DEBUG org.activiti.engine.impl.cfg.standalone.StandaloneMybatisTransactionContext  - firing event committed...
10:47:16,374 [Thread-84] DEBUG org.apache.ibatis.transaction.jdbc.JdbcTransaction  - Resetting autocommit to true on JDBC Connection [conn54: url=jdbc:h2:mem:activiti user=SA]
10:47:16,374 [Thread-84] DEBUG org.apache.ibatis.transaction.jdbc.JdbcTransaction  - Closing JDBC Connection [conn54: url=jdbc:h2:mem:activiti user=SA]
10:47:16,374 [Thread-84] DEBUG org.apache.ibatis.datasource.pooled.PooledDataSource  - Returned connection 1094226572 to pool.
10:47:16,373 [Thread-99] DEBUG org.apache.ibatis.datasource.pooled.PooledDataSource  - Waiting as long as 20000 milliseconds for connection.
10:47:16,374 [Thread-84] DEBUG org.activiti.engine.impl.interceptor.LogInterceptor  - --- GetNextIdBlockCmd finished --------------------------------------------------------
10:47:16,374 [Thread-84] DEBUG org.activiti.engine.impl.interceptor.LogInterceptor  - 

10:47:16,374 [Thread-83] DEBUG org.apache.ibatis.datasource.pooled.PooledDataSource  - Waiting as long as 20000 milliseconds for connection.
10:47:16,374 [Thread-84] DEBUG org.activiti.engine.impl.persistence.entity.ExecutionEntity  - initializing ProcessInstance[28]
10:47:16,374 [Thread-96] DEBUG org.apache.ibatis.datasource.pooled.PooledDataSource  - Waiting as long as 20000 milliseconds for connection.
10:47:16,374 [Thread-84] DEBUG org.activiti.engine.impl.history.DefaultHistoryManager  - Current history level: FULL, level required: ACTIVITY
10:47:16,374 [Thread-86] DEBUG org.apache.ibatis.datasource.pooled.PooledDataSource  - Returned connection 826925275 to pool.
10:47:16,374 [Thread-84] DEBUG org.activiti.engine.impl.pvm.runtime.AtomicOperationActivityExecute  - ProcessInstance[28] executes Activity(theStart): org.activiti.engine.impl.bpmn.behavior.NoneStartEventActivityBehavior
10:47:16,374 [Thread-98] DEBUG org.apache.ibatis.datasource.pooled.PooledDataSource  - Checked out connection 826925275 from pool.
10:47:16,374 [Thread-86] DEBUG org.activiti.engine.impl.interceptor.LogInterceptor  - --- StartProcessInstanceCmd finished --------------------------------------------------------
10:47:16,374 [Thread-86] DEBUG org.activiti.engine.impl.interceptor.LogInterceptor  - 

10:47:16,374 [Thread-96] DEBUG org.apache.ibatis.datasource.pooled.PooledDataSource  - Waiting as long as 20000 milliseconds for connection.
10:47:16,374 [Thread-98] DEBUG org.apache.ibatis.transaction.jdbc.JdbcTransaction  - Setting autocommit to false on JDBC Connection [conn53: url=jdbc:h2:mem:activiti user=SA]
10:47:16,374 [Thread-84] DEBUG org.activiti.engine.impl.persistence.entity.JobEntity.selectJobsByExecutionId  - ==&gt;  Preparing: select * from ACT_RU_JOB J where J.EXECUTION_ID_ = ? 
10:47:16,374 [Thread-98] DEBUG org.activiti.engine.impl.persistence.entity.ProcessDefinitionEntity.selectLatestProcessDefinitionByKey  - ==&gt;  Preparing: select * from ACT_RE_PROCDEF where KEY_ = ? and (TENANT_ID_ = &apos;&apos; or TENANT_ID_ is null) and VERSION_ = (select max(VERSION_) from ACT_RE_PROCDEF where KEY_ = ? and (TENANT_ID_ = &apos;&apos; or TENANT_ID_ is null)) 
10:47:16,374 [Thread-83] DEBUG org.apache.ibatis.datasource.pooled.PooledDataSource  - Waiting as long as 20000 milliseconds for connection.
10:47:16,374 [Thread-86] DEBUG org.activiti.engine.impl.interceptor.LogInterceptor  - 

10:47:16,374 [Thread-86] DEBUG org.activiti.engine.impl.interceptor.LogInterceptor  - --- starting StartProcessInstanceCmd --------------------------------------------------------
10:47:16,374 [Thread-99] DEBUG org.apache.ibatis.datasource.pooled.PooledDataSource  - Waiting as long as 20000 milliseconds for connection.
10:47:16,374 [Thread-98] DEBUG org.activiti.engine.impl.persistence.entity.ProcessDefinitionEntity.selectLatestProcessDefinitionByKey  - ==&gt; Parameters: idGeneratorDataSource(String), idGeneratorDataSource(String)
10:47:16,374 [Thread-84] DEBUG org.activiti.engine.impl.persistence.entity.JobEntity.selectJobsByExecutionId  - ==&gt; Parameters: 28(String)
10:47:16,374 [Thread-100] DEBUG org.apache.ibatis.datasource.pooled.PooledDataSource  - Waiting as long as 20000 milliseconds for connection.
10:47:16,374 [Thread-86] DEBUG org.apache.ibatis.transaction.jdbc.JdbcTransaction  - Opening JDBC Connection
10:47:16,374 [Thread-85] DEBUG org.apache.ibatis.datasource.pooled.PooledDataSource  - Waiting as long as 20000 milliseconds for connection.
10:47:16,374 [Thread-98] DEBUG org.activiti.engine.impl.persistence.entity.ProcessDefinitionEntity.selectLatestProcessDefinitionByKey  - &lt;==      Total: 1
10:47:16,374 [Thread-84] DEBUG org.activiti.engine.impl.persistence.entity.JobEntity.selectJobsByExecutionId  - &lt;==      Total: 0
10:47:16,374 [Thread-84] DEBUG org.activiti.engine.impl.bpmn.behavior.BpmnActivityBehavior  - Leaving activity &apos;theStart&apos;
10:47:16,374 [Thread-98] DEBUG org.activiti.engine.impl.persistence.entity.ExecutionEntity  - initializing ProcessInstance[30]
10:47:16,375 [Thread-98] DEBUG org.activiti.engine.impl.history.DefaultHistoryManager  - Current history level: FULL, level required: ACTIVITY
10:47:16,374 [Thread-97] DEBUG org.apache.ibatis.datasource.pooled.PooledDataSource  - Waiting as long as 20000 milliseconds for connection.
10:47:16,375 [Thread-98] DEBUG org.activiti.engine.impl.interceptor.LogInterceptor  - 

10:47:16,375 [Thread-98] DEBUG org.activiti.engine.impl.interceptor.LogInterceptor  - --- starting GetNextIdBlockCmd --------------------------------------------------------
10:47:16,375 [Thread-84] DEBUG org.activiti.engine.impl.history.DefaultHistoryManager  - Current history level: FULL, level required: ACTIVITY
10:47:16,375 [Thread-98] DEBUG org.apache.ibatis.transaction.jdbc.JdbcTransaction  - Opening JDBC Connection
10:47:16,375 [Thread-98] DEBUG org.apache.ibatis.datasource.pooled.PooledDataSource  - Checked out connection 1094226572 from pool.
10:47:16,375 [Thread-94] DEBUG org.apache.ibatis.datasource.pooled.PooledDataSource  - Waiting as long as 20000 milliseconds for connection.
10:47:16,375 [Thread-98] DEBUG org.apache.ibatis.transaction.jdbc.JdbcTransaction  - Setting autocommit to false on JDBC Connection [conn54: url=jdbc:h2:mem:activiti user=SA]
10:47:16,375 [Thread-98] DEBUG org.activiti.engine.impl.persistence.entity.PropertyEntity.selectProperty  - ==&gt;  Preparing: select * from ACT_GE_PROPERTY where NAME_ = ? 
10:47:16,375 [Thread-84] DEBUG org.activiti.engine.impl.pvm.runtime.AtomicOperationTransitionNotifyListenerTake  - ProcessInstance[28] takes transition (theStart)--flow1--&gt;(javaService)
10:47:16,375 [Thread-98] DEBUG org.activiti.engine.impl.persistence.entity.PropertyEntity.selectProperty  - ==&gt; Parameters: next.dbid(String)
10:47:16,375 [Thread-95] DEBUG org.apache.ibatis.datasource.pooled.PooledDataSource  - Waiting as long as 20000 milliseconds for connection.
10:47:16,375 [Thread-98] DEBUG org.activiti.engine.impl.persistence.entity.PropertyEntity.selectProperty  - &lt;==      Total: 1
10:47:16,375 [Thread-84] DEBUG org.activiti.engine.impl.history.DefaultHistoryManager  - Current history level: FULL, level required: ACTIVITY
10:47:16,375 [Thread-98] DEBUG org.activiti.engine.impl.db.DbSqlSession  -   update PropertyEntity[name=next.dbid, value=34]
10:47:16,375 [Thread-98] DEBUG org.activiti.engine.impl.db.DbSqlSession  - flush summary: 0 insert, 1 update, 0 delete.
10:47:16,375 [Thread-98] DEBUG org.activiti.engine.impl.db.DbSqlSession  - now executing flush...
10:47:16,375 [Thread-98] DEBUG org.activiti.engine.impl.db.DbSqlSession  - updating: PropertyEntity[name=next.dbid, value=34]
10:47:16,375 [Thread-93] DEBUG org.apache.ibatis.datasource.pooled.PooledDataSource  - Waiting as long as 20000 milliseconds for connection.
10:47:16,375 [Thread-98] DEBUG org.activiti.engine.impl.persistence.entity.PropertyEntity.updateProperty  - ==&gt;  Preparing: update ACT_GE_PROPERTY SET REV_ = ?, VALUE_ = ? where NAME_ = ? and REV_ = ? 
10:47:16,375 [Thread-92] DEBUG org.apache.ibatis.datasource.pooled.PooledDataSource  - Waiting as long as 20000 milliseconds for connection.
10:47:16,375 [Thread-98] DEBUG org.activiti.engine.impl.persistence.entity.PropertyEntity.updateProperty  - ==&gt; Parameters: 12(Integer), 34(String), next.dbid(String), 11(Integer)
10:47:16,375 [Thread-88] DEBUG org.apache.ibatis.datasource.pooled.PooledDataSource  - Waiting as long as 20000 milliseconds for connection.
10:47:16,375 [Thread-98] DEBUG org.activiti.engine.impl.persistence.entity.PropertyEntity.updateProperty  - &lt;==    Updates: 1
10:47:16,375 [Thread-89] DEBUG org.apache.ibatis.datasource.pooled.PooledDataSource  - Waiting as long as 20000 milliseconds for connection.
10:47:16,375 [Thread-98] DEBUG org.activiti.engine.impl.cfg.standalone.StandaloneMybatisTransactionContext  - firing event committing...
10:47:16,375 [Thread-98] DEBUG org.activiti.engine.impl.cfg.standalone.StandaloneMybatisTransactionContext  - committing the ibatis sql session...
10:47:16,375 [Thread-98] DEBUG org.apache.ibatis.transaction.jdbc.JdbcTransaction  - Committing JDBC Connection [conn54: url=jdbc:h2:mem:activiti user=SA]
10:47:16,375 [Thread-98] DEBUG org.activiti.engine.impl.cfg.standalone.StandaloneMybatisTransactionContext  - firing event committed...
10:47:16,375 [Thread-98] DEBUG org.apache.ibatis.transaction.jdbc.JdbcTransaction  - Resetting autocommit to true on JDBC Connection [conn54: url=jdbc:h2:mem:activiti user=SA]
10:47:16,375 [Thread-98] DEBUG org.apache.ibatis.transaction.jdbc.JdbcTransaction  - Closing JDBC Connection [conn54: url=jdbc:h2:mem:activiti user=SA]
10:47:16,375 [Thread-98] DEBUG org.apache.ibatis.datasource.pooled.PooledDataSource  - Returned connection 1094226572 to pool.
10:47:16,375 [Thread-82] DEBUG org.apache.ibatis.datasource.pooled.PooledDataSource  - Waiting as long as 20000 milliseconds for connection.
10:47:16,375 [Thread-98] DEBUG org.activiti.engine.impl.interceptor.LogInterceptor  - --- GetNextIdBlockCmd finished --------------------------------------------------------
10:47:16,376 [Thread-98] DEBUG org.activiti.engine.impl.interceptor.LogInterceptor  - 

10:47:16,376 [Thread-87] DEBUG org.apache.ibatis.datasource.pooled.PooledDataSource  - Waiting as long as 20000 milliseconds for connection.
10:47:16,376 [Thread-98] DEBUG org.activiti.engine.impl.pvm.runtime.AtomicOperationActivityExecute  - ProcessInstance[30] executes Activity(theStart): org.activiti.engine.impl.bpmn.behavior.NoneStartEventActivityBehavior
10:47:16,376 [Thread-84] DEBUG org.activiti.engine.impl.pvm.runtime.AtomicOperationActivityExecute  - ProcessInstance[28] executes Activity(javaService): org.activiti.engine.impl.bpmn.helper.ClassDelegate
10:47:16,376 [Thread-98] DEBUG org.activiti.engine.impl.persistence.entity.JobEntity.selectJobsByExecutionId  - ==&gt;  Preparing: select * from ACT_RU_JOB J where J.EXECUTION_ID_ = ? 
10:47:16,376 [Thread-90] DEBUG org.apache.ibatis.datasource.pooled.PooledDataSource  - Waiting as long as 20000 milliseconds for connection.
10:47:16,376 [Thread-98] DEBUG org.activiti.engine.impl.persistence.entity.JobEntity.selectJobsByExecutionId  - ==&gt; Parameters: 30(String)
10:47:16,376 [Thread-84] DEBUG org.activiti.engine.impl.db.DbSqlSession  -   insert ProcessInstance[28]
10:47:16,376 [Thread-84] DEBUG org.activiti.engine.impl.db.DbSqlSession  -   insert HistoricProcessInstanceEntity[superProcessInstanceId=null]
10:47:16,376 [Thread-84] DEBUG org.activiti.engine.impl.db.DbSqlSession  -   insert HistoricActivityInstanceEntity[activityId=theStart, activityName=null]
10:47:16,376 [Thread-84] DEBUG org.activiti.engine.impl.db.DbSqlSession  -   insert HistoricActivityInstanceEntity[activityId=javaService, activityName=Java service invocation]
10:47:16,376 [Thread-84] DEBUG org.activiti.engine.impl.db.DbSqlSession  - flush summary: 4 insert, 0 update, 0 delete.
10:47:16,376 [Thread-84] DEBUG org.activiti.engine.impl.db.DbSqlSession  - now executing flush...
10:47:16,376 [Thread-84] DEBUG org.activiti.engine.impl.db.DbSqlSession  - inserting: HistoricProcessInstanceEntity[superProcessInstanceId=null]
10:47:16,376 [Thread-98] DEBUG org.activiti.engine.impl.persistence.entity.JobEntity.selectJobsByExecutionId  - &lt;==      Total: 0
10:47:16,376 [Thread-98] DEBUG org.activiti.engine.impl.bpmn.behavior.BpmnActivityBehavior  - Leaving activity &apos;theStart&apos;
10:47:16,376 [Thread-91] DEBUG org.apache.ibatis.datasource.pooled.PooledDataSource  - Waiting as long as 20000 milliseconds for connection.
10:47:16,376 [Thread-98] DEBUG org.activiti.engine.impl.history.DefaultHistoryManager  - Current history level: FULL, level required: ACTIVITY
10:47:16,376 [Thread-84] DEBUG org.activiti.engine.impl.persistence.entity.HistoricProcessInstanceEntity.insertHistoricProcessInstance  - ==&gt;  Preparing: insert into ACT_HI_PROCINST ( ID_, PROC_INST_ID_, BUSINESS_KEY_, PROC_DEF_ID_, START_TIME_, END_TIME_, DURATION_, START_USER_ID_, START_ACT_ID_, END_ACT_ID_, SUPER_PROCESS_INSTANCE_ID_, DELETE_REASON_, TENANT_ID_, NAME_ ) values ( ?, ?, ?, ?, ?, ?, ?, ?, ?, ?, ?, ?, ?, ? ) 
10:47:16,376 [Thread-98] DEBUG org.activiti.engine.impl.pvm.runtime.AtomicOperationTransitionNotifyListenerTake  - ProcessInstance[30] takes transition (theStart)--flow1--&gt;(javaService)
10:47:16,376 [Thread-81] DEBUG org.apache.ibatis.datasource.pooled.PooledDataSource  - Waiting as long as 20000 milliseconds for connection.
10:47:16,376 [Thread-98] DEBUG org.activiti.engine.impl.history.DefaultHistoryManager  - Current history level: FULL, level required: ACTIVITY
10:47:16,376 [Thread-84] DEBUG org.activiti.engine.impl.persistence.entity.HistoricProcessInstanceEntity.insertHistoricProcessInstance  - ==&gt; Parameters: 28(String), 28(String), null, idGeneratorDataSource:1:3(String), 2015-01-01 00:00:00.0(Timestamp), null, null, null, theStart(String), null, null, null, (String), null
10:47:16,376 [Thread-98] DEBUG org.activiti.engine.impl.pvm.runtime.AtomicOperationActivityExecute  - ProcessInstance[30] executes Activity(javaService): org.activiti.engine.impl.bpmn.helper.ClassDelegate
10:47:16,376 [Thread-86] DEBUG org.apache.ibatis.datasource.pooled.PooledDataSource  - Waiting as long as 20000 milliseconds for connection.
10:47:16,376 [Thread-98] DEBUG org.activiti.engine.impl.db.DbSqlSession  -   insert ProcessInstance[30]
10:47:16,376 [Thread-98] DEBUG org.activiti.engine.impl.db.DbSqlSession  -   insert HistoricProcessInstanceEntity[superProcessInstanceId=null]
10:47:16,376 [Thread-98] DEBUG org.activiti.engine.impl.db.DbSqlSession  -   insert HistoricActivityInstanceEntity[activityId=theStart, activityName=null]
10:47:16,376 [Thread-98] DEBUG org.activiti.engine.impl.db.DbSqlSession  -   insert HistoricActivityInstanceEntity[activityId=javaService, activityName=Java service invocation]
10:47:16,376 [Thread-98] DEBUG org.activiti.engine.impl.db.DbSqlSession  - flush summary: 4 insert, 0 update, 0 delete.
10:47:16,376 [Thread-98] DEBUG org.activiti.engine.impl.db.DbSqlSession  - now executing flush...
10:47:16,376 [Thread-98] DEBUG org.activiti.engine.impl.db.DbSqlSession  - inserting: HistoricProcessInstanceEntity[superProcessInstanceId=null]
10:47:16,376 [Thread-84] DEBUG org.activiti.engine.impl.persistence.entity.HistoricProcessInstanceEntity.insertHistoricProcessInstance  - &lt;==    Updates: 1
10:47:16,376 [Thread-98] DEBUG org.activiti.engine.impl.persistence.entity.HistoricProcessInstanceEntity.insertHistoricProcessInstance  - ==&gt;  Preparing: insert into ACT_HI_PROCINST ( ID_, PROC_INST_ID_, BUSINESS_KEY_, PROC_DEF_ID_, START_TIME_, END_TIME_, DURATION_, START_USER_ID_, START_ACT_ID_, END_ACT_ID_, SUPER_PROCESS_INSTANCE_ID_, DELETE_REASON_, TENANT_ID_, NAME_ ) values ( ?, ?, ?, ?, ?, ?, ?, ?, ?, ?, ?, ?, ?, ? ) 
10:47:16,377 [Thread-98] DEBUG org.activiti.engine.impl.persistence.entity.HistoricProcessInstanceEntity.insertHistoricProcessInstance  - ==&gt; Parameters: 30(String), 30(String), null, idGeneratorDataSource:1:3(String), 2015-01-01 00:00:00.0(Timestamp), null, null, null, theStart(String), null, null, null, (String), null
10:47:16,377 [Thread-84] DEBUG org.activiti.engine.impl.persistence.entity.HistoricActivityInstanceEntity.bulkInsertHistoricActivityInstance  - ==&gt;  Preparing: insert into ACT_HI_ACTINST ( ID_, PROC_DEF_ID_, PROC_INST_ID_, EXECUTION_ID_, ACT_ID_, TASK_ID_, CALL_PROC_INST_ID_, ACT_NAME_, ACT_TYPE_, ASSIGNEE_, START_TIME_, END_TIME_, DURATION_, TENANT_ID_ ) values (?, ?, ?, ?, ?, ?, ?, ?, ?, ?, ?, ?, ?, ?) , (?, ?, ?, ?, ?, ?, ?, ?, ?, ?, ?, ?, ?, ?) 
10:47:16,377 [Thread-84] DEBUG org.activiti.engine.impl.persistence.entity.HistoricActivityInstanceEntity.bulkInsertHistoricActivityInstance  - ==&gt; Parameters: 29(String), idGeneratorDataSource:1:3(String), 28(String), 28(String), theStart(String), null, null, null, startEvent(String), null, 2015-01-01 00:00:00.0(Timestamp), 2015-01-01 00:00:00.0(Timestamp), 0(Long), (String), 32(String), idGeneratorDataSource:1:3(String), 28(String), 28(String), javaService(String), null, null, Java service invocation(String), serviceTask(String), null, 2015-01-01 00:00:00.0(Timestamp), null, null, (String)
10:47:16,377 [Thread-84] DEBUG org.activiti.engine.impl.persistence.entity.HistoricActivityInstanceEntity.bulkInsertHistoricActivityInstance  - &lt;==    Updates: 2
10:47:16,377 [Thread-84] DEBUG org.activiti.engine.impl.db.DbSqlSession  - inserting: ProcessInstance[28]
10:47:16,377 [Thread-84] DEBUG org.activiti.engine.impl.persistence.entity.ExecutionEntity.insertExecution  - ==&gt;  Preparing: insert into ACT_RU_EXECUTION (ID_, REV_, PROC_INST_ID_, BUSINESS_KEY_, PROC_DEF_ID_, ACT_ID_, IS_ACTIVE_, IS_CONCURRENT_, IS_SCOPE_,IS_EVENT_SCOPE_, PARENT_ID_, SUPER_EXEC_, SUSPENSION_STATE_, CACHED_ENT_STATE_, TENANT_ID_, NAME_) values ( ?, 1, ?, ?, ?, ?, ?, ?, ?, ?, ?, ?, ?, ?, ?, ? ) 
10:47:16,377 [Thread-84] DEBUG org.activiti.engine.impl.persistence.entity.ExecutionEntity.insertExecution  - ==&gt; Parameters: 28(String), 28(String), null, idGeneratorDataSource:1:3(String), javaService(String), true(Boolean), false(Boolean), true(Boolean), false(Boolean), null, null, 1(Integer), 2(Integer), (String), null
10:47:16,377 [Thread-84] DEBUG org.activiti.engine.impl.persistence.entity.ExecutionEntity.insertExecution  - &lt;==    Updates: 1
10:47:16,377 [Thread-84] DEBUG org.activiti.engine.impl.cfg.standalone.StandaloneMybatisTransactionContext  - firing event committing...
10:47:16,377 [Thread-84] DEBUG org.activiti.engine.impl.cfg.standalone.StandaloneMybatisTransactionContext  - committing the ibatis sql session...
10:47:16,377 [Thread-84] DEBUG org.apache.ibatis.transaction.jdbc.JdbcTransaction  - Committing JDBC Connection [conn55: url=jdbc:h2:mem:activiti user=SA]
10:47:16,377 [Thread-84] DEBUG org.activiti.engine.impl.cfg.standalone.StandaloneMybatisTransactionContext  - firing event committed...
10:47:16,377 [Thread-84] DEBUG org.apache.ibatis.transaction.jdbc.JdbcTransaction  - Resetting autocommit to true on JDBC Connection [conn55: url=jdbc:h2:mem:activiti user=SA]
10:47:16,377 [Thread-84] DEBUG org.apache.ibatis.transaction.jdbc.JdbcTransaction  - Closing JDBC Connection [conn55: url=jdbc:h2:mem:activiti user=SA]
10:47:16,377 [Thread-84] DEBUG org.apache.ibatis.datasource.pooled.PooledDataSource  - Returned connection 14606730 to pool.
10:47:16,377 [Thread-98] DEBUG org.activiti.engine.impl.persistence.entity.HistoricProcessInstanceEntity.insertHistoricProcessInstance  - &lt;==    Updates: 1
10:47:16,377 [Thread-86] DEBUG org.apache.ibatis.datasource.pooled.PooledDataSource  - Checked out connection 14606730 from pool.
10:47:16,377 [Thread-84] DEBUG org.activiti.engine.impl.interceptor.LogInterceptor  - --- StartProcessInstanceCmd finished --------------------------------------------------------
10:47:16,377 [Thread-84] DEBUG org.activiti.engine.impl.interceptor.LogInterceptor  - 

10:47:16,377 [Thread-84] DEBUG org.activiti.engine.impl.interceptor.LogInterceptor  - 

10:47:16,377 [Thread-84] DEBUG org.activiti.engine.impl.interceptor.LogInterceptor  - --- starting StartProcessInstanceCmd --------------------------------------------------------
10:47:16,377 [Thread-86] DEBUG org.apache.ibatis.transaction.jdbc.JdbcTransaction  - Setting autocommit to false on JDBC Connection [conn55: url=jdbc:h2:mem:activiti user=SA]
10:47:16,377 [Thread-84] DEBUG org.apache.ibatis.transaction.jdbc.JdbcTransaction  - Opening JDBC Connection
10:47:16,377 [Thread-98] DEBUG org.activiti.engine.impl.persistence.entity.HistoricActivityInstanceEntity.bulkInsertHistoricActivityInstance  - ==&gt;  Preparing: insert into ACT_HI_ACTINST ( ID_, PROC_DEF_ID_, PROC_INST_ID_, EXECUTION_ID_, ACT_ID_, TASK_ID_, CALL_PROC_INST_ID_, ACT_NAME_, ACT_TYPE_, ASSIGNEE_, START_TIME_, END_TIME_, DURATION_, TENANT_ID_ ) values (?, ?, ?, ?, ?, ?, ?, ?, ?, ?, ?, ?, ?, ?) , (?, ?, ?, ?, ?, ?, ?, ?, ?, ?, ?, ?, ?, ?) 
10:47:16,377 [Thread-81] DEBUG org.apache.ibatis.datasource.pooled.PooledDataSource  - Waiting as long as 20000 milliseconds for connection.
10:47:16,377 [Thread-86] DEBUG org.activiti.engine.impl.persistence.entity.ProcessDefinitionEntity.selectLatestProcessDefinitionByKey  - ==&gt;  Preparing: select * from ACT_RE_PROCDEF where KEY_ = ? and (TENANT_ID_ = &apos;&apos; or TENANT_ID_ is null) and VERSION_ = (select max(VERSION_) from ACT_RE_PROCDEF where KEY_ = ? and (TENANT_ID_ = &apos;&apos; or TENANT_ID_ is null)) 
10:47:16,377 [Thread-91] DEBUG org.apache.ibatis.datasource.pooled.PooledDataSource  - Waiting as long as 20000 milliseconds for connection.
10:47:16,377 [Thread-98] DEBUG org.activiti.engine.impl.persistence.entity.HistoricActivityInstanceEntity.bulkInsertHistoricActivityInstance  - ==&gt; Parameters: 31(String), idGeneratorDataSource:1:3(String), 30(String), 30(String), theStart(String), null, null, null, startEvent(String), null, 2015-01-01 00:00:00.0(Timestamp), 2015-01-01 00:00:00.0(Timestamp), 0(Long), (String), 33(String), idGeneratorDataSource:1:3(String), 30(String), 30(String), javaService(String), null, null, Java service invocation(String), serviceTask(String), null, 2015-01-01 00:00:00.0(Timestamp), null, null, (String)
10:47:16,377 [Thread-90] DEBUG org.apache.ibatis.datasource.pooled.PooledDataSource  - Waiting as long as 20000 milliseconds for connection.
10:47:16,377 [Thread-86] DEBUG org.activiti.engine.impl.persistence.entity.ProcessDefinitionEntity.selectLatestProcessDefinitionByKey  - ==&gt; Parameters: idGeneratorDataSource(String), idGeneratorDataSource(String)
10:47:16,377 [Thread-87] DEBUG org.apache.ibatis.datasource.pooled.PooledDataSource  - Waiting as long as 20000 milliseconds for connection.
10:47:16,377 [Thread-98] DEBUG org.activiti.engine.impl.persistence.entity.HistoricActivityInstanceEntity.bulkInsertHistoricActivityInstance  - &lt;==    Updates: 2
10:47:16,378 [Thread-98] DEBUG org.activiti.engine.impl.db.DbSqlSession  - inserting: ProcessInstance[30]
10:47:16,377 [Thread-82] DEBUG org.apache.ibatis.datasource.pooled.PooledDataSource  - Waiting as long as 20000 milliseconds for connection.
10:47:16,377 [Thread-86] DEBUG org.activiti.engine.impl.persistence.entity.ProcessDefinitionEntity.selectLatestProcessDefinitionByKey  - &lt;==      Total: 1
10:47:16,378 [Thread-89] DEBUG org.apache.ibatis.datasource.pooled.PooledDataSource  - Waiting as long as 20000 milliseconds for connection.
10:47:16,378 [Thread-98] DEBUG org.activiti.engine.impl.persistence.entity.ExecutionEntity.insertExecution  - ==&gt;  Preparing: insert into ACT_RU_EXECUTION (ID_, REV_, PROC_INST_ID_, BUSINESS_KEY_, PROC_DEF_ID_, ACT_ID_, IS_ACTIVE_, IS_CONCURRENT_, IS_SCOPE_,IS_EVENT_SCOPE_, PARENT_ID_, SUPER_EXEC_, SUSPENSION_STATE_, CACHED_ENT_STATE_, TENANT_ID_, NAME_) values ( ?, 1, ?, ?, ?, ?, ?, ?, ?, ?, ?, ?, ?, ?, ?, ? ) 
10:47:16,378 [Thread-88] DEBUG org.apache.ibatis.datasource.pooled.PooledDataSource  - Waiting as long as 20000 milliseconds for connection.
10:47:16,378 [Thread-86] DEBUG org.activiti.engine.impl.interceptor.LogInterceptor  - 

10:47:16,378 [Thread-86] DEBUG org.activiti.engine.impl.interceptor.LogInterceptor  - --- starting GetNextIdBlockCmd --------------------------------------------------------
10:47:16,378 [Thread-92] DEBUG org.apache.ibatis.datasource.pooled.PooledDataSource  - Waiting as long as 20000 milliseconds for connection.
10:47:16,378 [Thread-98] DEBUG org.activiti.engine.impl.persistence.entity.ExecutionEntity.insertExecution  - ==&gt; Parameters: 30(String), 30(String), null, idGeneratorDataSource:1:3(String), javaService(String), true(Boolean), false(Boolean), true(Boolean), false(Boolean), null, null, 1(Integer), 2(Integer), (String), null
10:47:16,378 [Thread-93] DEBUG org.apache.ibatis.datasource.pooled.PooledDataSource  - Waiting as long as 20000 milliseconds for connection.
10:47:16,378 [Thread-86] DEBUG org.apache.ibatis.transaction.jdbc.JdbcTransaction  - Opening JDBC Connection
10:47:16,378 [Thread-95] DEBUG org.apache.ibatis.datasource.pooled.PooledDataSource  - Waiting as long as 20000 milliseconds for connection.
10:47:16,378 [Thread-98] DEBUG org.activiti.engine.impl.persistence.entity.ExecutionEntity.insertExecution  - &lt;==    Updates: 1
10:47:16,378 [Thread-94] DEBUG org.apache.ibatis.datasource.pooled.PooledDataSource  - Waiting as long as 20000 milliseconds for connection.
10:47:16,378 [Thread-86] DEBUG org.apache.ibatis.datasource.pooled.PooledDataSource  - Checked out connection 1094226572 from pool.
10:47:16,378 [Thread-97] DEBUG org.apache.ibatis.datasource.pooled.PooledDataSource  - Waiting as long as 20000 milliseconds for connection.
10:47:16,378 [Thread-98] DEBUG org.activiti.engine.impl.cfg.standalone.StandaloneMybatisTransactionContext  - firing event committing...
10:47:16,378 [Thread-98] DEBUG org.activiti.engine.impl.cfg.standalone.StandaloneMybatisTransactionContext  - committing the ibatis sql session...
10:47:16,378 [Thread-98] DEBUG org.apache.ibatis.transaction.jdbc.JdbcTransaction  - Committing JDBC Connection [conn53: url=jdbc:h2:mem:activiti user=SA]
10:47:16,378 [Thread-85] DEBUG org.apache.ibatis.datasource.pooled.PooledDataSource  - Waiting as long as 20000 milliseconds for connection.
10:47:16,378 [Thread-86] DEBUG org.apache.ibatis.transaction.jdbc.JdbcTransaction  - Setting autocommit to false on JDBC Connection [conn54: url=jdbc:h2:mem:activiti user=SA]
10:47:16,378 [Thread-86] DEBUG org.activiti.engine.impl.persistence.entity.PropertyEntity.selectProperty  - ==&gt;  Preparing: select * from ACT_GE_PROPERTY where NAME_ = ? 
10:47:16,378 [Thread-100] DEBUG org.apache.ibatis.datasource.pooled.PooledDataSource  - Waiting as long as 20000 milliseconds for connection.
10:47:16,378 [Thread-98] DEBUG org.activiti.engine.impl.cfg.standalone.StandaloneMybatisTransactionContext  - firing event committed...
10:47:16,378 [Thread-99] DEBUG org.apache.ibatis.datasource.pooled.PooledDataSource  - Waiting as long as 20000 milliseconds for connection.
10:47:16,378 [Thread-86] DEBUG org.activiti.engine.impl.persistence.entity.PropertyEntity.selectProperty  - ==&gt; Parameters: next.dbid(String)
10:47:16,378 [Thread-83] DEBUG org.apache.ibatis.datasource.pooled.PooledDataSource  - Waiting as long as 20000 milliseconds for connection.
10:47:16,378 [Thread-86] DEBUG org.activiti.engine.impl.persistence.entity.PropertyEntity.selectProperty  - &lt;==      Total: 1
10:47:16,378 [Thread-98] DEBUG org.apache.ibatis.transaction.jdbc.JdbcTransaction  - Resetting autocommit to true on JDBC Connection [conn53: url=jdbc:h2:mem:activiti user=SA]
10:47:16,378 [Thread-86] DEBUG org.activiti.engine.impl.db.DbSqlSession  -   update PropertyEntity[name=next.dbid, value=37]
10:47:16,379 [Thread-86] DEBUG org.activiti.engine.impl.db.DbSqlSession  - flush summary: 0 insert, 1 update, 0 delete.
10:47:16,379 [Thread-86] DEBUG org.activiti.engine.impl.db.DbSqlSession  - now executing flush...
10:47:16,379 [Thread-86] DEBUG org.activiti.engine.impl.db.DbSqlSession  - updating: PropertyEntity[name=next.dbid, value=37]
10:47:16,378 [Thread-96] DEBUG org.apache.ibatis.datasource.pooled.PooledDataSource  - Waiting as long as 20000 milliseconds for connection.
10:47:16,379 [Thread-86] DEBUG org.activiti.engine.impl.persistence.entity.PropertyEntity.updateProperty  - ==&gt;  Preparing: update ACT_GE_PROPERTY SET REV_ = ?, VALUE_ = ? where NAME_ = ? and REV_ = ? 
10:47:16,379 [Thread-98] DEBUG org.apache.ibatis.transaction.jdbc.JdbcTransaction  - Closing JDBC Connection [conn53: url=jdbc:h2:mem:activiti user=SA]
10:47:16,379 [Thread-86] DEBUG org.activiti.engine.impl.persistence.entity.PropertyEntity.updateProperty  - ==&gt; Parameters: 13(Integer), 37(String), next.dbid(String), 12(Integer)
10:47:16,379 [Thread-84] DEBUG org.apache.ibatis.datasource.pooled.PooledDataSource  - Waiting as long as 20000 milliseconds for connection.
10:47:16,379 [Thread-86] DEBUG org.activiti.engine.impl.persistence.entity.PropertyEntity.updateProperty  - &lt;==    Updates: 1
10:47:16,379 [Thread-98] DEBUG org.apache.ibatis.datasource.pooled.PooledDataSource  - Returned connection 826925275 to pool.
10:47:16,379 [Thread-86] DEBUG org.activiti.engine.impl.cfg.standalone.StandaloneMybatisTransactionContext  - firing event committing...
10:47:16,379 [Thread-86] DEBUG org.activiti.engine.impl.cfg.standalone.StandaloneMybatisTransactionContext  - committing the ibatis sql session...
10:47:16,379 [Thread-86] DEBUG org.apache.ibatis.transaction.jdbc.JdbcTransaction  - Committing JDBC Connection [conn54: url=jdbc:h2:mem:activiti user=SA]
10:47:16,379 [Thread-86] DEBUG org.activiti.engine.impl.cfg.standalone.StandaloneMybatisTransactionContext  - firing event committed...
10:47:16,379 [Thread-84] DEBUG org.apache.ibatis.datasource.pooled.PooledDataSource  - Checked out connection 826925275 from pool.
10:47:16,379 [Thread-98] DEBUG org.activiti.engine.impl.interceptor.LogInterceptor  - --- StartProcessInstanceCmd finished --------------------------------------------------------
10:47:16,379 [Thread-98] DEBUG org.activiti.engine.impl.interceptor.LogInterceptor  - 

10:47:16,379 [Thread-98] DEBUG org.activiti.engine.impl.interceptor.LogInterceptor  - 

10:47:16,379 [Thread-98] DEBUG org.activiti.engine.impl.interceptor.LogInterceptor  - --- starting StartProcessInstanceCmd --------------------------------------------------------
10:47:16,379 [Thread-96] DEBUG org.apache.ibatis.datasource.pooled.PooledDataSource  - Waiting as long as 20000 milliseconds for connection.
10:47:16,379 [Thread-84] DEBUG org.apache.ibatis.transaction.jdbc.JdbcTransaction  - Setting autocommit to false on JDBC Connection [conn53: url=jdbc:h2:mem:activiti user=SA]
10:47:16,379 [Thread-84] DEBUG org.activiti.engine.impl.persistence.entity.ProcessDefinitionEntity.selectLatestProcessDefinitionByKey  - ==&gt;  Preparing: select * from ACT_RE_PROCDEF where KEY_ = ? and (TENANT_ID_ = &apos;&apos; or TENANT_ID_ is null) and VERSION_ = (select max(VERSION_) from ACT_RE_PROCDEF where KEY_ = ? and (TENANT_ID_ = &apos;&apos; or TENANT_ID_ is null)) 
10:47:16,379 [Thread-86] DEBUG org.apache.ibatis.transaction.jdbc.JdbcTransaction  - Resetting autocommit to true on JDBC Connection [conn54: url=jdbc:h2:mem:activiti user=SA]
10:47:16,379 [Thread-84] DEBUG org.activiti.engine.impl.persistence.entity.ProcessDefinitionEntity.selectLatestProcessDefinitionByKey  - ==&gt; Parameters: idGeneratorDataSource(String), idGeneratorDataSource(String)
10:47:16,379 [Thread-83] DEBUG org.apache.ibatis.datasource.pooled.PooledDataSource  - Waiting as long as 20000 milliseconds for connection.
10:47:16,379 [Thread-84] DEBUG org.activiti.engine.impl.persistence.entity.ProcessDefinitionEntity.selectLatestProcessDefinitionByKey  - &lt;==      Total: 1
10:47:16,379 [Thread-98] DEBUG org.apache.ibatis.transaction.jdbc.JdbcTransaction  - Opening JDBC Connection
10:47:16,379 [Thread-99] DEBUG org.apache.ibatis.datasource.pooled.PooledDataSource  - Waiting as long as 20000 milliseconds for connection.
10:47:16,379 [Thread-86] DEBUG org.apache.ibatis.transaction.jdbc.JdbcTransaction  - Closing JDBC Connection [conn54: url=jdbc:h2:mem:activiti user=SA]
10:47:16,379 [Thread-86] DEBUG org.apache.ibatis.datasource.pooled.PooledDataSource  - Returned connection 1094226572 to pool.
10:47:16,379 [Thread-100] DEBUG org.apache.ibatis.datasource.pooled.PooledDataSource  - Waiting as long as 20000 milliseconds for connection.
10:47:16,379 [Thread-86] DEBUG org.activiti.engine.impl.interceptor.LogInterceptor  - --- GetNextIdBlockCmd finished --------------------------------------------------------
10:47:16,379 [Thread-86] DEBUG org.activiti.engine.impl.interceptor.LogInterceptor  - 

10:47:16,379 [Thread-85] DEBUG org.apache.ibatis.datasource.pooled.PooledDataSource  - Waiting as long as 20000 milliseconds for connection.
10:47:16,380 [Thread-97] DEBUG org.apache.ibatis.datasource.pooled.PooledDataSource  - Waiting as long as 20000 milliseconds for connection.
10:47:16,379 [Thread-84] DEBUG org.activiti.engine.impl.persistence.entity.ExecutionEntity  - initializing ProcessInstance[35]
10:47:16,379 [Thread-86] DEBUG org.activiti.engine.impl.persistence.entity.ExecutionEntity  - initializing ProcessInstance[34]
10:47:16,380 [Thread-86] DEBUG org.activiti.engine.impl.history.DefaultHistoryManager  - Current history level: FULL, level required: ACTIVITY
10:47:16,380 [Thread-84] DEBUG org.activiti.engine.impl.history.DefaultHistoryManager  - Current history level: FULL, level required: ACTIVITY
10:47:16,380 [Thread-86] DEBUG org.activiti.engine.impl.pvm.runtime.AtomicOperationActivityExecute  - ProcessInstance[34] executes Activity(theStart): org.activiti.engine.impl.bpmn.behavior.NoneStartEventActivityBehavior
10:47:16,380 [Thread-94] DEBUG org.apache.ibatis.datasource.pooled.PooledDataSource  - Waiting as long as 20000 milliseconds for connection.
10:47:16,380 [Thread-86] DEBUG org.activiti.engine.impl.persistence.entity.JobEntity.selectJobsByExecutionId  - ==&gt;  Preparing: select * from ACT_RU_JOB J where J.EXECUTION_ID_ = ? 
10:47:16,380 [Thread-84] DEBUG org.activiti.engine.impl.interceptor.LogInterceptor  - 

10:47:16,380 [Thread-84] DEBUG org.activiti.engine.impl.interceptor.LogInterceptor  - --- starting GetNextIdBlockCmd --------------------------------------------------------
10:47:16,380 [Thread-86] DEBUG org.activiti.engine.impl.persistence.entity.JobEntity.selectJobsByExecutionId  - ==&gt; Parameters: 34(String)
10:47:16,380 [Thread-95] DEBUG org.apache.ibatis.datasource.pooled.PooledDataSource  - Waiting as long as 20000 milliseconds for connection.
10:47:16,380 [Thread-86] DEBUG org.activiti.engine.impl.persistence.entity.JobEntity.selectJobsByExecutionId  - &lt;==      Total: 0
10:47:16,380 [Thread-84] DEBUG org.apache.ibatis.transaction.jdbc.JdbcTransaction  - Opening JDBC Connection
10:47:16,380 [Thread-86] DEBUG org.activiti.engine.impl.bpmn.behavior.BpmnActivityBehavior  - Leaving activity &apos;theStart&apos;
10:47:16,380 [Thread-93] DEBUG org.apache.ibatis.datasource.pooled.PooledDataSource  - Waiting as long as 20000 milliseconds for connection.
10:47:16,380 [Thread-86] DEBUG org.activiti.engine.impl.history.DefaultHistoryManager  - Current history level: FULL, level required: ACTIVITY
10:47:16,380 [Thread-84] DEBUG org.apache.ibatis.datasource.pooled.PooledDataSource  - Checked out connection 1094226572 from pool.
10:47:16,380 [Thread-86] DEBUG org.activiti.engine.impl.pvm.runtime.AtomicOperationTransitionNotifyListenerTake  - ProcessInstance[34] takes transition (theStart)--flow1--&gt;(javaService)
10:47:16,380 [Thread-92] DEBUG org.apache.ibatis.datasource.pooled.PooledDataSource  - Waiting as long as 20000 milliseconds for connection.
10:47:16,380 [Thread-86] DEBUG org.activiti.engine.impl.history.DefaultHistoryManager  - Current history level: FULL, level required: ACTIVITY
10:47:16,380 [Thread-84] DEBUG org.apache.ibatis.transaction.jdbc.JdbcTransaction  - Setting autocommit to false on JDBC Connection [conn54: url=jdbc:h2:mem:activiti user=SA]
10:47:16,380 [Thread-88] DEBUG org.apache.ibatis.datasource.pooled.PooledDataSource  - Waiting as long as 20000 milliseconds for connection.
10:47:16,380 [Thread-84] DEBUG org.activiti.engine.impl.persistence.entity.PropertyEntity.selectProperty  - ==&gt;  Preparing: select * from ACT_GE_PROPERTY where NAME_ = ? 
10:47:16,381 [Thread-89] DEBUG org.apache.ibatis.datasource.pooled.PooledDataSource  - Waiting as long as 20000 milliseconds for connection.
10:47:16,381 [Thread-84] DEBUG org.activiti.engine.impl.persistence.entity.PropertyEntity.selectProperty  - ==&gt; Parameters: next.dbid(String)
10:47:16,381 [Thread-82] DEBUG org.apache.ibatis.datasource.pooled.PooledDataSource  - Waiting as long as 20000 milliseconds for connection.
10:47:16,381 [Thread-84] DEBUG org.activiti.engine.impl.persistence.entity.PropertyEntity.selectProperty  - &lt;==      Total: 1
10:47:16,381 [Thread-87] DEBUG org.apache.ibatis.datasource.pooled.PooledDataSource  - Waiting as long as 20000 milliseconds for connection.
10:47:16,381 [Thread-84] DEBUG org.activiti.engine.impl.db.DbSqlSession  -   update PropertyEntity[name=next.dbid, value=40]
10:47:16,381 [Thread-84] DEBUG org.activiti.engine.impl.db.DbSqlSession  - flush summary: 0 insert, 1 update, 0 delete.
10:47:16,381 [Thread-84] DEBUG org.activiti.engine.impl.db.DbSqlSession  - now executing flush...
10:47:16,381 [Thread-90] DEBUG org.apache.ibatis.datasource.pooled.PooledDataSource  - Waiting as long as 20000 milliseconds for connection.
10:47:16,381 [Thread-84] DEBUG org.activiti.engine.impl.db.DbSqlSession  - updating: PropertyEntity[name=next.dbid, value=40]
10:47:16,381 [Thread-91] DEBUG org.apache.ibatis.datasource.pooled.PooledDataSource  - Waiting as long as 20000 milliseconds for connection.
10:47:16,381 [Thread-84] DEBUG org.activiti.engine.impl.persistence.entity.PropertyEntity.updateProperty  - ==&gt;  Preparing: update ACT_GE_PROPERTY SET REV_ = ?, VALUE_ = ? where NAME_ = ? and REV_ = ? 
10:47:16,381 [Thread-81] DEBUG org.apache.ibatis.datasource.pooled.PooledDataSource  - Waiting as long as 20000 milliseconds for connection.
10:47:16,381 [Thread-84] DEBUG org.activiti.engine.impl.persistence.entity.PropertyEntity.updateProperty  - ==&gt; Parameters: 14(Integer), 40(String), next.dbid(String), 13(Integer)
10:47:16,381 [Thread-98] DEBUG org.apache.ibatis.datasource.pooled.PooledDataSource  - Waiting as long as 20000 milliseconds for connection.
10:47:16,381 [Thread-84] DEBUG org.activiti.engine.impl.persistence.entity.PropertyEntity.updateProperty  - &lt;==    Updates: 1
10:47:16,381 [Thread-84] DEBUG org.activiti.engine.impl.cfg.standalone.StandaloneMybatisTransactionContext  - firing event committing...
10:47:16,381 [Thread-84] DEBUG org.activiti.engine.impl.cfg.standalone.StandaloneMybatisTransactionContext  - committing the ibatis sql session...
10:47:16,381 [Thread-84] DEBUG org.apache.ibatis.transaction.jdbc.JdbcTransaction  - Committing JDBC Connection [conn54: url=jdbc:h2:mem:activiti user=SA]
10:47:16,381 [Thread-84] DEBUG org.activiti.engine.impl.cfg.standalone.StandaloneMybatisTransactionContext  - firing event committed...
10:47:16,381 [Thread-84] DEBUG org.apache.ibatis.transaction.jdbc.JdbcTransaction  - Resetting autocommit to true on JDBC Connection [conn54: url=jdbc:h2:mem:activiti user=SA]
10:47:16,381 [Thread-84] DEBUG org.apache.ibatis.transaction.jdbc.JdbcTransaction  - Closing JDBC Connection [conn54: url=jdbc:h2:mem:activiti user=SA]
10:47:16,381 [Thread-84] DEBUG org.apache.ibatis.datasource.pooled.PooledDataSource  - Returned connection 1094226572 to pool.
10:47:16,381 [Thread-84] DEBUG org.activiti.engine.impl.interceptor.LogInterceptor  - --- GetNextIdBlockCmd finished --------------------------------------------------------
10:47:16,381 [Thread-84] DEBUG org.activiti.engine.impl.interceptor.LogInterceptor  - 

10:47:16,381 [Thread-86] DEBUG org.activiti.engine.impl.pvm.runtime.AtomicOperationActivityExecute  - ProcessInstance[34] executes Activity(javaService): org.activiti.engine.impl.bpmn.helper.ClassDelegate
10:47:16,381 [Thread-84] DEBUG org.activiti.engine.impl.pvm.runtime.AtomicOperationActivityExecute  - ProcessInstance[35] executes Activity(theStart): org.activiti.engine.impl.bpmn.behavior.NoneStartEventActivityBehavior
10:47:16,381 [Thread-86] DEBUG org.activiti.engine.impl.db.DbSqlSession  -   insert ProcessInstance[34]
10:47:16,381 [Thread-84] DEBUG org.activiti.engine.impl.persistence.entity.JobEntity.selectJobsByExecutionId  - ==&gt;  Preparing: select * from ACT_RU_JOB J where J.EXECUTION_ID_ = ? 
10:47:16,382 [Thread-84] DEBUG org.activiti.engine.impl.persistence.entity.JobEntity.selectJobsByExecutionId  - ==&gt; Parameters: 35(String)
10:47:16,382 [Thread-86] DEBUG org.activiti.engine.impl.db.DbSqlSession  -   insert HistoricProcessInstanceEntity[superProcessInstanceId=null]
10:47:16,382 [Thread-84] DEBUG org.activiti.engine.impl.persistence.entity.JobEntity.selectJobsByExecutionId  - &lt;==      Total: 0
10:47:16,382 [Thread-86] DEBUG org.activiti.engine.impl.db.DbSqlSession  -   insert HistoricActivityInstanceEntity[activityId=theStart, activityName=null]
10:47:16,382 [Thread-86] DEBUG org.activiti.engine.impl.db.DbSqlSession  -   insert HistoricActivityInstanceEntity[activityId=javaService, activityName=Java service invocation]
10:47:16,382 [Thread-86] DEBUG org.activiti.engine.impl.db.DbSqlSession  - flush summary: 4 insert, 0 update, 0 delete.
10:47:16,382 [Thread-86] DEBUG org.activiti.engine.impl.db.DbSqlSession  - now executing flush...
10:47:16,382 [Thread-86] DEBUG org.activiti.engine.impl.db.DbSqlSession  - inserting: HistoricProcessInstanceEntity[superProcessInstanceId=null]
10:47:16,382 [Thread-84] DEBUG org.activiti.engine.impl.bpmn.behavior.BpmnActivityBehavior  - Leaving activity &apos;theStart&apos;
10:47:16,382 [Thread-86] DEBUG org.activiti.engine.impl.persistence.entity.HistoricProcessInstanceEntity.insertHistoricProcessInstance  - ==&gt;  Preparing: insert into ACT_HI_PROCINST ( ID_, PROC_INST_ID_, BUSINESS_KEY_, PROC_DEF_ID_, START_TIME_, END_TIME_, DURATION_, START_USER_ID_, START_ACT_ID_, END_ACT_ID_, SUPER_PROCESS_INSTANCE_ID_, DELETE_REASON_, TENANT_ID_, NAME_ ) values ( ?, ?, ?, ?, ?, ?, ?, ?, ?, ?, ?, ?, ?, ? ) 
10:47:16,382 [Thread-84] DEBUG org.activiti.engine.impl.history.DefaultHistoryManager  - Current history level: FULL, level required: ACTIVITY
10:47:16,382 [Thread-86] DEBUG org.activiti.engine.impl.persistence.entity.HistoricProcessInstanceEntity.insertHistoricProcessInstance  - ==&gt; Parameters: 34(String), 34(String), null, idGeneratorDataSource:1:3(String), 2015-01-01 00:00:00.0(Timestamp), null, null, null, theStart(String), null, null, null, (String), null
10:47:16,382 [Thread-84] DEBUG org.activiti.engine.impl.pvm.runtime.AtomicOperationTransitionNotifyListenerTake  - ProcessInstance[35] takes transition (theStart)--flow1--&gt;(javaService)
10:47:16,382 [Thread-86] DEBUG org.activiti.engine.impl.persistence.entity.HistoricProcessInstanceEntity.insertHistoricProcessInstance  - &lt;==    Updates: 1
10:47:16,382 [Thread-84] DEBUG org.activiti.engine.impl.history.DefaultHistoryManager  - Current history level: FULL, level required: ACTIVITY
10:47:16,382 [Thread-84] DEBUG org.activiti.engine.impl.pvm.runtime.AtomicOperationActivityExecute  - ProcessInstance[35] executes Activity(javaService): org.activiti.engine.impl.bpmn.helper.ClassDelegate
10:47:16,382 [Thread-84] DEBUG org.activiti.engine.impl.db.DbSqlSession  -   insert ProcessInstance[35]
10:47:16,382 [Thread-84] DEBUG org.activiti.engine.impl.db.DbSqlSession  -   insert HistoricProcessInstanceEntity[superProcessInstanceId=null]
10:47:16,382 [Thread-84] DEBUG org.activiti.engine.impl.db.DbSqlSession  -   insert HistoricActivityInstanceEntity[activityId=theStart, activityName=null]
10:47:16,382 [Thread-84] DEBUG org.activiti.engine.impl.db.DbSqlSession  -   insert HistoricActivityInstanceEntity[activityId=javaService, activityName=Java service invocation]
10:47:16,382 [Thread-84] DEBUG org.activiti.engine.impl.db.DbSqlSession  - flush summary: 4 insert, 0 update, 0 delete.
10:47:16,382 [Thread-84] DEBUG org.activiti.engine.impl.db.DbSqlSession  - now executing flush...
10:47:16,382 [Thread-84] DEBUG org.activiti.engine.impl.db.DbSqlSession  - inserting: HistoricProcessInstanceEntity[superProcessInstanceId=null]
10:47:16,382 [Thread-86] DEBUG org.activiti.engine.impl.persistence.entity.HistoricActivityInstanceEntity.bulkInsertHistoricActivityInstance  - ==&gt;  Preparing: insert into ACT_HI_ACTINST ( ID_, PROC_DEF_ID_, PROC_INST_ID_, EXECUTION_ID_, ACT_ID_, TASK_ID_, CALL_PROC_INST_ID_, ACT_NAME_, ACT_TYPE_, ASSIGNEE_, START_TIME_, END_TIME_, DURATION_, TENANT_ID_ ) values (?, ?, ?, ?, ?, ?, ?, ?, ?, ?, ?, ?, ?, ?) , (?, ?, ?, ?, ?, ?, ?, ?, ?, ?, ?, ?, ?, ?) 
10:47:16,382 [Thread-84] DEBUG org.activiti.engine.impl.persistence.entity.HistoricProcessInstanceEntity.insertHistoricProcessInstance  - ==&gt;  Preparing: insert into ACT_HI_PROCINST ( ID_, PROC_INST_ID_, BUSINESS_KEY_, PROC_DEF_ID_, START_TIME_, END_TIME_, DURATION_, START_USER_ID_, START_ACT_ID_, END_ACT_ID_, SUPER_PROCESS_INSTANCE_ID_, DELETE_REASON_, TENANT_ID_, NAME_ ) values ( ?, ?, ?, ?, ?, ?, ?, ?, ?, ?, ?, ?, ?, ? ) 
10:47:16,382 [Thread-84] DEBUG org.activiti.engine.impl.persistence.entity.HistoricProcessInstanceEntity.insertHistoricProcessInstance  - ==&gt; Parameters: 35(String), 35(String), null, idGeneratorDataSource:1:3(String), 2015-01-01 00:00:00.0(Timestamp), null, null, null, theStart(String), null, null, null, (String), null
10:47:16,382 [Thread-86] DEBUG org.activiti.engine.impl.persistence.entity.HistoricActivityInstanceEntity.bulkInsertHistoricActivityInstance  - ==&gt; Parameters: 36(String), idGeneratorDataSource:1:3(String), 34(String), 34(String), theStart(String), null, null, null, startEvent(String), null, 2015-01-01 00:00:00.0(Timestamp), 2015-01-01 00:00:00.0(Timestamp), 0(Long), (String), 38(String), idGeneratorDataSource:1:3(String), 34(String), 34(String), javaService(String), null, null, Java service invocation(String), serviceTask(String), null, 2015-01-01 00:00:00.0(Timestamp), null, null, (String)
10:47:16,383 [Thread-86] DEBUG org.activiti.engine.impl.persistence.entity.HistoricActivityInstanceEntity.bulkInsertHistoricActivityInstance  - &lt;==    Updates: 2
10:47:16,383 [Thread-86] DEBUG org.activiti.engine.impl.db.DbSqlSession  - inserting: ProcessInstance[34]
10:47:16,383 [Thread-86] DEBUG org.activiti.engine.impl.persistence.entity.ExecutionEntity.insertExecution  - ==&gt;  Preparing: insert into ACT_RU_EXECUTION (ID_, REV_, PROC_INST_ID_, BUSINESS_KEY_, PROC_DEF_ID_, ACT_ID_, IS_ACTIVE_, IS_CONCURRENT_, IS_SCOPE_,IS_EVENT_SCOPE_, PARENT_ID_, SUPER_EXEC_, SUSPENSION_STATE_, CACHED_ENT_STATE_, TENANT_ID_, NAME_) values ( ?, 1, ?, ?, ?, ?, ?, ?, ?, ?, ?, ?, ?, ?, ?, ? ) 
10:47:16,383 [Thread-86] DEBUG org.activiti.engine.impl.persistence.entity.ExecutionEntity.insertExecution  - ==&gt; Parameters: 34(String), 34(String), null, idGeneratorDataSource:1:3(String), javaService(String), true(Boolean), false(Boolean), true(Boolean), false(Boolean), null, null, 1(Integer), 2(Integer), (String), null
10:47:16,383 [Thread-86] DEBUG org.activiti.engine.impl.persistence.entity.ExecutionEntity.insertExecution  - &lt;==    Updates: 1
10:47:16,383 [Thread-86] DEBUG org.activiti.engine.impl.cfg.standalone.StandaloneMybatisTransactionContext  - firing event committing...
10:47:16,383 [Thread-86] DEBUG org.activiti.engine.impl.cfg.standalone.StandaloneMybatisTransactionContext  - committing the ibatis sql session...
10:47:16,383 [Thread-86] DEBUG org.apache.ibatis.transaction.jdbc.JdbcTransaction  - Committing JDBC Connection [conn55: url=jdbc:h2:mem:activiti user=SA]
10:47:16,383 [Thread-86] DEBUG org.activiti.engine.impl.cfg.standalone.StandaloneMybatisTransactionContext  - firing event committed...
10:47:16,383 [Thread-84] DEBUG org.activiti.engine.impl.persistence.entity.HistoricProcessInstanceEntity.insertHistoricProcessInstance  - &lt;==    Updates: 1
10:47:16,383 [Thread-86] DEBUG org.apache.ibatis.transaction.jdbc.JdbcTransaction  - Resetting autocommit to true on JDBC Connection [conn55: url=jdbc:h2:mem:activiti user=SA]
10:47:16,383 [Thread-86] DEBUG org.apache.ibatis.transaction.jdbc.JdbcTransaction  - Closing JDBC Connection [conn55: url=jdbc:h2:mem:activiti user=SA]
10:47:16,383 [Thread-84] DEBUG org.activiti.engine.impl.persistence.entity.HistoricActivityInstanceEntity.bulkInsertHistoricActivityInstance  - ==&gt;  Preparing: insert into ACT_HI_ACTINST ( ID_, PROC_DEF_ID_, PROC_INST_ID_, EXECUTION_ID_, ACT_ID_, TASK_ID_, CALL_PROC_INST_ID_, ACT_NAME_, ACT_TYPE_, ASSIGNEE_, START_TIME_, END_TIME_, DURATION_, TENANT_ID_ ) values (?, ?, ?, ?, ?, ?, ?, ?, ?, ?, ?, ?, ?, ?) , (?, ?, ?, ?, ?, ?, ?, ?, ?, ?, ?, ?, ?, ?) 
10:47:16,383 [Thread-86] DEBUG org.apache.ibatis.datasource.pooled.PooledDataSource  - Returned connection 14606730 to pool.
10:47:16,383 [Thread-84] DEBUG org.activiti.engine.impl.persistence.entity.HistoricActivityInstanceEntity.bulkInsertHistoricActivityInstance  - ==&gt; Parameters: 37(String), idGeneratorDataSource:1:3(String), 35(String), 35(String), theStart(String), null, null, null, startEvent(String), null, 2015-01-01 00:00:00.0(Timestamp), 2015-01-01 00:00:00.0(Timestamp), 0(Long), (String), 39(String), idGeneratorDataSource:1:3(String), 35(String), 35(String), javaService(String), null, null, Java service invocation(String), serviceTask(String), null, 2015-01-01 00:00:00.0(Timestamp), null, null, (String)
10:47:16,383 [Thread-98] DEBUG org.apache.ibatis.datasource.pooled.PooledDataSource  - Checked out connection 14606730 from pool.
10:47:16,383 [Thread-86] DEBUG org.activiti.engine.impl.interceptor.LogInterceptor  - --- StartProcessInstanceCmd finished --------------------------------------------------------
10:47:16,383 [Thread-86] DEBUG org.activiti.engine.impl.interceptor.LogInterceptor  - 

10:47:16,383 [Thread-86] DEBUG org.activiti.engine.impl.interceptor.LogInterceptor  - 

10:47:16,383 [Thread-81] DEBUG org.apache.ibatis.datasource.pooled.PooledDataSource  - Waiting as long as 20000 milliseconds for connection.
10:47:16,383 [Thread-98] DEBUG org.apache.ibatis.transaction.jdbc.JdbcTransaction  - Setting autocommit to false on JDBC Connection [conn55: url=jdbc:h2:mem:activiti user=SA]
10:47:16,383 [Thread-84] DEBUG org.activiti.engine.impl.persistence.entity.HistoricActivityInstanceEntity.bulkInsertHistoricActivityInstance  - &lt;==    Updates: 2
10:47:16,383 [Thread-84] DEBUG org.activiti.engine.impl.db.DbSqlSession  - inserting: ProcessInstance[35]
10:47:16,383 [Thread-98] DEBUG org.activiti.engine.impl.persistence.entity.ProcessDefinitionEntity.selectLatestProcessDefinitionByKey  - ==&gt;  Preparing: select * from ACT_RE_PROCDEF where KEY_ = ? and (TENANT_ID_ = &apos;&apos; or TENANT_ID_ is null) and VERSION_ = (select max(VERSION_) from ACT_RE_PROCDEF where KEY_ = ? and (TENANT_ID_ = &apos;&apos; or TENANT_ID_ is null)) 
10:47:16,383 [Thread-91] DEBUG org.apache.ibatis.datasource.pooled.PooledDataSource  - Waiting as long as 20000 milliseconds for connection.
10:47:16,383 [Thread-86] DEBUG org.activiti.engine.impl.interceptor.LogInterceptor  - --- starting StartProcessInstanceCmd --------------------------------------------------------
10:47:16,383 [Thread-90] DEBUG org.apache.ibatis.datasource.pooled.PooledDataSource  - Waiting as long as 20000 milliseconds for connection.
10:47:16,383 [Thread-98] DEBUG org.activiti.engine.impl.persistence.entity.ProcessDefinitionEntity.selectLatestProcessDefinitionByKey  - ==&gt; Parameters: idGeneratorDataSource(String), idGeneratorDataSource(String)
10:47:16,383 [Thread-84] DEBUG org.activiti.engine.impl.persistence.entity.ExecutionEntity.insertExecution  - ==&gt;  Preparing: insert into ACT_RU_EXECUTION (ID_, REV_, PROC_INST_ID_, BUSINESS_KEY_, PROC_DEF_ID_, ACT_ID_, IS_ACTIVE_, IS_CONCURRENT_, IS_SCOPE_,IS_EVENT_SCOPE_, PARENT_ID_, SUPER_EXEC_, SUSPENSION_STATE_, CACHED_ENT_STATE_, TENANT_ID_, NAME_) values ( ?, 1, ?, ?, ?, ?, ?, ?, ?, ?, ?, ?, ?, ?, ?, ? ) 
10:47:16,384 [Thread-87] DEBUG org.apache.ibatis.datasource.pooled.PooledDataSource  - Waiting as long as 20000 milliseconds for connection.
10:47:16,384 [Thread-86] DEBUG org.apache.ibatis.transaction.jdbc.JdbcTransaction  - Opening JDBC Connection
10:47:16,384 [Thread-82] DEBUG org.apache.ibatis.datasource.pooled.PooledDataSource  - Waiting as long as 20000 milliseconds for connection.
10:47:16,384 [Thread-84] DEBUG org.activiti.engine.impl.persistence.entity.ExecutionEntity.insertExecution  - ==&gt; Parameters: 35(String), 35(String), null, idGeneratorDataSource:1:3(String), javaService(String), true(Boolean), false(Boolean), true(Boolean), false(Boolean), null, null, 1(Integer), 2(Integer), (String), null
10:47:16,384 [Thread-98] DEBUG org.activiti.engine.impl.persistence.entity.ProcessDefinitionEntity.selectLatestProcessDefinitionByKey  - &lt;==      Total: 1
10:47:16,384 [Thread-84] DEBUG org.activiti.engine.impl.persistence.entity.ExecutionEntity.insertExecution  - &lt;==    Updates: 1
10:47:16,384 [Thread-89] DEBUG org.apache.ibatis.datasource.pooled.PooledDataSource  - Waiting as long as 20000 milliseconds for connection.
10:47:16,384 [Thread-98] DEBUG org.activiti.engine.impl.interceptor.LogInterceptor  - 

10:47:16,384 [Thread-98] DEBUG org.activiti.engine.impl.interceptor.LogInterceptor  - --- starting GetNextIdBlockCmd --------------------------------------------------------
10:47:16,384 [Thread-84] DEBUG org.activiti.engine.impl.cfg.standalone.StandaloneMybatisTransactionContext  - firing event committing...
10:47:16,384 [Thread-84] DEBUG org.activiti.engine.impl.cfg.standalone.StandaloneMybatisTransactionContext  - committing the ibatis sql session...
10:47:16,384 [Thread-84] DEBUG org.apache.ibatis.transaction.jdbc.JdbcTransaction  - Committing JDBC Connection [conn53: url=jdbc:h2:mem:activiti user=SA]
10:47:16,384 [Thread-98] DEBUG org.apache.ibatis.transaction.jdbc.JdbcTransaction  - Opening JDBC Connection
10:47:16,384 [Thread-88] DEBUG org.apache.ibatis.datasource.pooled.PooledDataSource  - Waiting as long as 20000 milliseconds for connection.
10:47:16,384 [Thread-98] DEBUG org.apache.ibatis.datasource.pooled.PooledDataSource  - Checked out connection 1094226572 from pool.
10:47:16,384 [Thread-84] DEBUG org.activiti.engine.impl.cfg.standalone.StandaloneMybatisTransactionContext  - firing event committed...
10:47:16,384 [Thread-98] DEBUG org.apache.ibatis.transaction.jdbc.JdbcTransaction  - Setting autocommit to false on JDBC Connection [conn54: url=jdbc:h2:mem:activiti user=SA]
10:47:16,384 [Thread-92] DEBUG org.apache.ibatis.datasource.pooled.PooledDataSource  - Waiting as long as 20000 milliseconds for connection.
10:47:16,384 [Thread-98] DEBUG org.activiti.engine.impl.persistence.entity.PropertyEntity.selectProperty  - ==&gt;  Preparing: select * from ACT_GE_PROPERTY where NAME_ = ? 
10:47:16,384 [Thread-84] DEBUG org.apache.ibatis.transaction.jdbc.JdbcTransaction  - Resetting autocommit to true on JDBC Connection [conn53: url=jdbc:h2:mem:activiti user=SA]
10:47:16,384 [Thread-98] DEBUG org.activiti.engine.impl.persistence.entity.PropertyEntity.selectProperty  - ==&gt; Parameters: next.dbid(String)
10:47:16,384 [Thread-93] DEBUG org.apache.ibatis.datasource.pooled.PooledDataSource  - Waiting as long as 20000 milliseconds for connection.
10:47:16,384 [Thread-98] DEBUG org.activiti.engine.impl.persistence.entity.PropertyEntity.selectProperty  - &lt;==      Total: 1
10:47:16,384 [Thread-84] DEBUG org.apache.ibatis.transaction.jdbc.JdbcTransaction  - Closing JDBC Connection [conn53: url=jdbc:h2:mem:activiti user=SA]
10:47:16,385 [Thread-98] DEBUG org.activiti.engine.impl.db.DbSqlSession  -   update PropertyEntity[name=next.dbid, value=43]
10:47:16,385 [Thread-98] DEBUG org.activiti.engine.impl.db.DbSqlSession  - flush summary: 0 insert, 1 update, 0 delete.
10:47:16,385 [Thread-98] DEBUG org.activiti.engine.impl.db.DbSqlSession  - now executing flush...
10:47:16,384 [Thread-95] DEBUG org.apache.ibatis.datasource.pooled.PooledDataSource  - Waiting as long as 20000 milliseconds for connection.
10:47:16,385 [Thread-98] DEBUG org.activiti.engine.impl.db.DbSqlSession  - updating: PropertyEntity[name=next.dbid, value=43]
10:47:16,385 [Thread-94] DEBUG org.apache.ibatis.datasource.pooled.PooledDataSource  - Waiting as long as 20000 milliseconds for connection.
10:47:16,385 [Thread-98] DEBUG org.activiti.engine.impl.persistence.entity.PropertyEntity.updateProperty  - ==&gt;  Preparing: update ACT_GE_PROPERTY SET REV_ = ?, VALUE_ = ? where NAME_ = ? and REV_ = ? 
10:47:16,385 [Thread-97] DEBUG org.apache.ibatis.datasource.pooled.PooledDataSource  - Waiting as long as 20000 milliseconds for connection.
10:47:16,385 [Thread-98] DEBUG org.activiti.engine.impl.persistence.entity.PropertyEntity.updateProperty  - ==&gt; Parameters: 15(Integer), 43(String), next.dbid(String), 14(Integer)
10:47:16,385 [Thread-85] DEBUG org.apache.ibatis.datasource.pooled.PooledDataSource  - Waiting as long as 20000 milliseconds for connection.
10:47:16,385 [Thread-98] DEBUG org.activiti.engine.impl.persistence.entity.PropertyEntity.updateProperty  - &lt;==    Updates: 1
10:47:16,385 [Thread-100] DEBUG org.apache.ibatis.datasource.pooled.PooledDataSource  - Waiting as long as 20000 milliseconds for connection.
10:47:16,385 [Thread-98] DEBUG org.activiti.engine.impl.cfg.standalone.StandaloneMybatisTransactionContext  - firing event committing...
10:47:16,385 [Thread-98] DEBUG org.activiti.engine.impl.cfg.standalone.StandaloneMybatisTransactionContext  - committing the ibatis sql session...
10:47:16,385 [Thread-98] DEBUG org.apache.ibatis.transaction.jdbc.JdbcTransaction  - Committing JDBC Connection [conn54: url=jdbc:h2:mem:activiti user=SA]
10:47:16,385 [Thread-99] DEBUG org.apache.ibatis.datasource.pooled.PooledDataSource  - Waiting as long as 20000 milliseconds for connection.
10:47:16,385 [Thread-98] DEBUG org.activiti.engine.impl.cfg.standalone.StandaloneMybatisTransactionContext  - firing event committed...
10:47:16,385 [Thread-98] DEBUG org.apache.ibatis.transaction.jdbc.JdbcTransaction  - Resetting autocommit to true on JDBC Connection [conn54: url=jdbc:h2:mem:activiti user=SA]
10:47:16,385 [Thread-83] DEBUG org.apache.ibatis.datasource.pooled.PooledDataSource  - Waiting as long as 20000 milliseconds for connection.
10:47:16,385 [Thread-98] DEBUG org.apache.ibatis.transaction.jdbc.JdbcTransaction  - Closing JDBC Connection [conn54: url=jdbc:h2:mem:activiti user=SA]
10:47:16,385 [Thread-98] DEBUG org.apache.ibatis.datasource.pooled.PooledDataSource  - Returned connection 1094226572 to pool.
10:47:16,385 [Thread-96] DEBUG org.apache.ibatis.datasource.pooled.PooledDataSource  - Waiting as long as 20000 milliseconds for connection.
10:47:16,385 [Thread-98] DEBUG org.activiti.engine.impl.interceptor.LogInterceptor  - --- GetNextIdBlockCmd finished --------------------------------------------------------
10:47:16,385 [Thread-98] DEBUG org.activiti.engine.impl.interceptor.LogInterceptor  - 

10:47:16,385 [Thread-84] DEBUG org.apache.ibatis.datasource.pooled.PooledDataSource  - Returned connection 826925275 to pool.
10:47:16,385 [Thread-98] DEBUG org.activiti.engine.impl.persistence.entity.ExecutionEntity  - initializing ProcessInstance[40]
10:47:16,385 [Thread-86] DEBUG org.apache.ibatis.datasource.pooled.PooledDataSource  - Checked out connection 826925275 from pool.
10:47:16,385 [Thread-84] DEBUG org.activiti.engine.impl.interceptor.LogInterceptor  - --- StartProcessInstanceCmd finished --------------------------------------------------------
10:47:16,386 [Thread-84] DEBUG org.activiti.engine.impl.interceptor.LogInterceptor  - 

10:47:16,385 [Thread-96] DEBUG org.apache.ibatis.datasource.pooled.PooledDataSource  - Waiting as long as 20000 milliseconds for connection.
10:47:16,385 [Thread-86] DEBUG org.apache.ibatis.transaction.jdbc.JdbcTransaction  - Setting autocommit to false on JDBC Connection [conn53: url=jdbc:h2:mem:activiti user=SA]
10:47:16,385 [Thread-98] DEBUG org.activiti.engine.impl.history.DefaultHistoryManager  - Current history level: FULL, level required: ACTIVITY
10:47:16,386 [Thread-86] DEBUG org.activiti.engine.impl.persistence.entity.ProcessDefinitionEntity.selectLatestProcessDefinitionByKey  - ==&gt;  Preparing: select * from ACT_RE_PROCDEF where KEY_ = ? and (TENANT_ID_ = &apos;&apos; or TENANT_ID_ is null) and VERSION_ = (select max(VERSION_) from ACT_RE_PROCDEF where KEY_ = ? and (TENANT_ID_ = &apos;&apos; or TENANT_ID_ is null)) 
10:47:16,386 [Thread-83] DEBUG org.apache.ibatis.datasource.pooled.PooledDataSource  - Waiting as long as 20000 milliseconds for connection.
10:47:16,386 [Thread-84] DEBUG org.activiti.engine.impl.interceptor.LogInterceptor  - 

10:47:16,386 [Thread-84] DEBUG org.activiti.engine.impl.interceptor.LogInterceptor  - --- starting StartProcessInstanceCmd --------------------------------------------------------
10:47:16,386 [Thread-99] DEBUG org.apache.ibatis.datasource.pooled.PooledDataSource  - Waiting as long as 20000 milliseconds for connection.
10:47:16,386 [Thread-86] DEBUG org.activiti.engine.impl.persistence.entity.ProcessDefinitionEntity.selectLatestProcessDefinitionByKey  - ==&gt; Parameters: idGeneratorDataSource(String), idGeneratorDataSource(String)
10:47:16,386 [Thread-98] DEBUG org.activiti.engine.impl.pvm.runtime.AtomicOperationActivityExecute  - ProcessInstance[40] executes Activity(theStart): org.activiti.engine.impl.bpmn.behavior.NoneStartEventActivityBehavior
10:47:16,386 [Thread-100] DEBUG org.apache.ibatis.datasource.pooled.PooledDataSource  - Waiting as long as 20000 milliseconds for connection.
10:47:16,386 [Thread-84] DEBUG org.apache.ibatis.transaction.jdbc.JdbcTransaction  - Opening JDBC Connection
10:47:16,386 [Thread-85] DEBUG org.apache.ibatis.datasource.pooled.PooledDataSource  - Waiting as long as 20000 milliseconds for connection.
10:47:16,386 [Thread-98] DEBUG org.activiti.engine.impl.persistence.entity.JobEntity.selectJobsByExecutionId  - ==&gt;  Preparing: select * from ACT_RU_JOB J where J.EXECUTION_ID_ = ? 
10:47:16,386 [Thread-86] DEBUG org.activiti.engine.impl.persistence.entity.ProcessDefinitionEntity.selectLatestProcessDefinitionByKey  - &lt;==      Total: 1
10:47:16,386 [Thread-98] DEBUG org.activiti.engine.impl.persistence.entity.JobEntity.selectJobsByExecutionId  - ==&gt; Parameters: 40(String)
10:47:16,386 [Thread-97] DEBUG org.apache.ibatis.datasource.pooled.PooledDataSource  - Waiting as long as 20000 milliseconds for connection.
10:47:16,386 [Thread-98] DEBUG org.activiti.engine.impl.persistence.entity.JobEntity.selectJobsByExecutionId  - &lt;==      Total: 0
10:47:16,386 [Thread-86] DEBUG org.activiti.engine.impl.persistence.entity.ExecutionEntity  - initializing ProcessInstance[42]
10:47:16,386 [Thread-98] DEBUG org.activiti.engine.impl.bpmn.behavior.BpmnActivityBehavior  - Leaving activity &apos;theStart&apos;
10:47:16,386 [Thread-94] DEBUG org.apache.ibatis.datasource.pooled.PooledDataSource  - Waiting as long as 20000 milliseconds for connection.
10:47:16,386 [Thread-98] DEBUG org.activiti.engine.impl.history.DefaultHistoryManager  - Current history level: FULL, level required: ACTIVITY
10:47:16,386 [Thread-86] DEBUG org.activiti.engine.impl.history.DefaultHistoryManager  - Current history level: FULL, level required: ACTIVITY
10:47:16,386 [Thread-98] DEBUG org.activiti.engine.impl.pvm.runtime.AtomicOperationTransitionNotifyListenerTake  - ProcessInstance[40] takes transition (theStart)--flow1--&gt;(javaService)
10:47:16,386 [Thread-95] DEBUG org.apache.ibatis.datasource.pooled.PooledDataSource  - Waiting as long as 20000 milliseconds for connection.
10:47:16,386 [Thread-98] DEBUG org.activiti.engine.impl.history.DefaultHistoryManager  - Current history level: FULL, level required: ACTIVITY
10:47:16,386 [Thread-86] DEBUG org.activiti.engine.impl.interceptor.LogInterceptor  - 

10:47:16,387 [Thread-86] DEBUG org.activiti.engine.impl.interceptor.LogInterceptor  - --- starting GetNextIdBlockCmd --------------------------------------------------------
10:47:16,386 [Thread-93] DEBUG org.apache.ibatis.datasource.pooled.PooledDataSource  - Waiting as long as 20000 milliseconds for connection.
10:47:16,387 [Thread-86] DEBUG org.apache.ibatis.transaction.jdbc.JdbcTransaction  - Opening JDBC Connection
10:47:16,387 [Thread-92] DEBUG org.apache.ibatis.datasource.pooled.PooledDataSource  - Waiting as long as 20000 milliseconds for connection.
10:47:16,387 [Thread-86] DEBUG org.apache.ibatis.datasource.pooled.PooledDataSource  - Checked out connection 1094226572 from pool.
10:47:16,387 [Thread-88] DEBUG org.apache.ibatis.datasource.pooled.PooledDataSource  - Waiting as long as 20000 milliseconds for connection.
10:47:16,387 [Thread-86] DEBUG org.apache.ibatis.transaction.jdbc.JdbcTransaction  - Setting autocommit to false on JDBC Connection [conn54: url=jdbc:h2:mem:activiti user=SA]
10:47:16,387 [Thread-89] DEBUG org.apache.ibatis.datasource.pooled.PooledDataSource  - Waiting as long as 20000 milliseconds for connection.
10:47:16,387 [Thread-86] DEBUG org.activiti.engine.impl.persistence.entity.PropertyEntity.selectProperty  - ==&gt;  Preparing: select * from ACT_GE_PROPERTY where NAME_ = ? 
10:47:16,387 [Thread-82] DEBUG org.apache.ibatis.datasource.pooled.PooledDataSource  - Waiting as long as 20000 milliseconds for connection.
10:47:16,387 [Thread-86] DEBUG org.activiti.engine.impl.persistence.entity.PropertyEntity.selectProperty  - ==&gt; Parameters: next.dbid(String)
10:47:16,387 [Thread-87] DEBUG org.apache.ibatis.datasource.pooled.PooledDataSource  - Waiting as long as 20000 milliseconds for connection.
10:47:16,387 [Thread-86] DEBUG org.activiti.engine.impl.persistence.entity.PropertyEntity.selectProperty  - &lt;==      Total: 1
10:47:16,387 [Thread-90] DEBUG org.apache.ibatis.datasource.pooled.PooledDataSource  - Waiting as long as 20000 milliseconds for connection.
10:47:16,387 [Thread-86] DEBUG org.activiti.engine.impl.db.DbSqlSession  -   update PropertyEntity[name=next.dbid, value=46]
10:47:16,387 [Thread-86] DEBUG org.activiti.engine.impl.db.DbSqlSession  - flush summary: 0 insert, 1 update, 0 delete.
10:47:16,387 [Thread-86] DEBUG org.activiti.engine.impl.db.DbSqlSession  - now executing flush...
10:47:16,387 [Thread-91] DEBUG org.apache.ibatis.datasource.pooled.PooledDataSource  - Waiting as long as 20000 milliseconds for connection.
10:47:16,387 [Thread-86] DEBUG org.activiti.engine.impl.db.DbSqlSession  - updating: PropertyEntity[name=next.dbid, value=46]
10:47:16,387 [Thread-81] DEBUG org.apache.ibatis.datasource.pooled.PooledDataSource  - Waiting as long as 20000 milliseconds for connection.
10:47:16,387 [Thread-86] DEBUG org.activiti.engine.impl.persistence.entity.PropertyEntity.updateProperty  - ==&gt;  Preparing: update ACT_GE_PROPERTY SET REV_ = ?, VALUE_ = ? where NAME_ = ? and REV_ = ? 
10:47:16,387 [Thread-84] DEBUG org.apache.ibatis.datasource.pooled.PooledDataSource  - Waiting as long as 20000 milliseconds for connection.
10:47:16,387 [Thread-86] DEBUG org.activiti.engine.impl.persistence.entity.PropertyEntity.updateProperty  - ==&gt; Parameters: 16(Integer), 46(String), next.dbid(String), 15(Integer)
10:47:16,387 [Thread-86] DEBUG org.activiti.engine.impl.persistence.entity.PropertyEntity.updateProperty  - &lt;==    Updates: 1
10:47:16,387 [Thread-86] DEBUG org.activiti.engine.impl.cfg.standalone.StandaloneMybatisTransactionContext  - firing event committing...
10:47:16,387 [Thread-86] DEBUG org.activiti.engine.impl.cfg.standalone.StandaloneMybatisTransactionContext  - committing the ibatis sql session...
10:47:16,387 [Thread-86] DEBUG org.apache.ibatis.transaction.jdbc.JdbcTransaction  - Committing JDBC Connection [conn54: url=jdbc:h2:mem:activiti user=SA]
10:47:16,388 [Thread-86] DEBUG org.activiti.engine.impl.cfg.standalone.StandaloneMybatisTransactionContext  - firing event committed...
10:47:16,388 [Thread-86] DEBUG org.apache.ibatis.transaction.jdbc.JdbcTransaction  - Resetting autocommit to true on JDBC Connection [conn54: url=jdbc:h2:mem:activiti user=SA]
10:47:16,388 [Thread-86] DEBUG org.apache.ibatis.transaction.jdbc.JdbcTransaction  - Closing JDBC Connection [conn54: url=jdbc:h2:mem:activiti user=SA]
10:47:16,388 [Thread-86] DEBUG org.apache.ibatis.datasource.pooled.PooledDataSource  - Returned connection 1094226572 to pool.
10:47:16,388 [Thread-86] DEBUG org.activiti.engine.impl.interceptor.LogInterceptor  - --- GetNextIdBlockCmd finished --------------------------------------------------------
10:47:16,388 [Thread-86] DEBUG org.activiti.engine.impl.interceptor.LogInterceptor  - 

10:47:16,388 [Thread-86] DEBUG org.activiti.engine.impl.pvm.runtime.AtomicOperationActivityExecute  - ProcessInstance[42] executes Activity(theStart): org.activiti.engine.impl.bpmn.behavior.NoneStartEventActivityBehavior
10:47:16,388 [Thread-98] DEBUG org.activiti.engine.impl.pvm.runtime.AtomicOperationActivityExecute  - ProcessInstance[40] executes Activity(javaService): org.activiti.engine.impl.bpmn.helper.ClassDelegate
10:47:16,388 [Thread-86] DEBUG org.activiti.engine.impl.persistence.entity.JobEntity.selectJobsByExecutionId  - ==&gt;  Preparing: select * from ACT_RU_JOB J where J.EXECUTION_ID_ = ? 
10:47:16,388 [Thread-98] DEBUG org.activiti.engine.impl.db.DbSqlSession  -   insert ProcessInstance[40]
10:47:16,388 [Thread-98] DEBUG org.activiti.engine.impl.db.DbSqlSession  -   insert HistoricProcessInstanceEntity[superProcessInstanceId=null]
10:47:16,388 [Thread-98] DEBUG org.activiti.engine.impl.db.DbSqlSession  -   insert HistoricActivityInstanceEntity[activityId=theStart, activityName=null]
10:47:16,388 [Thread-98] DEBUG org.activiti.engine.impl.db.DbSqlSession  -   insert HistoricActivityInstanceEntity[activityId=javaService, activityName=Java service invocation]
10:47:16,388 [Thread-98] DEBUG org.activiti.engine.impl.db.DbSqlSession  - flush summary: 4 insert, 0 update, 0 delete.
10:47:16,388 [Thread-98] DEBUG org.activiti.engine.impl.db.DbSqlSession  - now executing flush...
10:47:16,388 [Thread-98] DEBUG org.activiti.engine.impl.db.DbSqlSession  - inserting: HistoricProcessInstanceEntity[superProcessInstanceId=null]
10:47:16,388 [Thread-86] DEBUG org.activiti.engine.impl.persistence.entity.JobEntity.selectJobsByExecutionId  - ==&gt; Parameters: 42(String)
10:47:16,388 [Thread-98] DEBUG org.activiti.engine.impl.persistence.entity.HistoricProcessInstanceEntity.insertHistoricProcessInstance  - ==&gt;  Preparing: insert into ACT_HI_PROCINST ( ID_, PROC_INST_ID_, BUSINESS_KEY_, PROC_DEF_ID_, START_TIME_, END_TIME_, DURATION_, START_USER_ID_, START_ACT_ID_, END_ACT_ID_, SUPER_PROCESS_INSTANCE_ID_, DELETE_REASON_, TENANT_ID_, NAME_ ) values ( ?, ?, ?, ?, ?, ?, ?, ?, ?, ?, ?, ?, ?, ? ) 
10:47:16,388 [Thread-86] DEBUG org.activiti.engine.impl.persistence.entity.JobEntity.selectJobsByExecutionId  - &lt;==      Total: 0
10:47:16,388 [Thread-98] DEBUG org.activiti.engine.impl.persistence.entity.HistoricProcessInstanceEntity.insertHistoricProcessInstance  - ==&gt; Parameters: 40(String), 40(String), null, idGeneratorDataSource:1:3(String), 2015-01-01 00:00:00.0(Timestamp), null, null, null, theStart(String), null, null, null, (String), null
10:47:16,388 [Thread-86] DEBUG org.activiti.engine.impl.bpmn.behavior.BpmnActivityBehavior  - Leaving activity &apos;theStart&apos;
10:47:16,388 [Thread-98] DEBUG org.activiti.engine.impl.persistence.entity.HistoricProcessInstanceEntity.insertHistoricProcessInstance  - &lt;==    Updates: 1
10:47:16,388 [Thread-86] DEBUG org.activiti.engine.impl.history.DefaultHistoryManager  - Current history level: FULL, level required: ACTIVITY
10:47:16,388 [Thread-86] DEBUG org.activiti.engine.impl.pvm.runtime.AtomicOperationTransitionNotifyListenerTake  - ProcessInstance[42] takes transition (theStart)--flow1--&gt;(javaService)
10:47:16,388 [Thread-86] DEBUG org.activiti.engine.impl.history.DefaultHistoryManager  - Current history level: FULL, level required: ACTIVITY
10:47:16,388 [Thread-86] DEBUG org.activiti.engine.impl.pvm.runtime.AtomicOperationActivityExecute  - ProcessInstance[42] executes Activity(javaService): org.activiti.engine.impl.bpmn.helper.ClassDelegate
10:47:16,389 [Thread-98] DEBUG org.activiti.engine.impl.persistence.entity.HistoricActivityInstanceEntity.bulkInsertHistoricActivityInstance  - ==&gt;  Preparing: insert into ACT_HI_ACTINST ( ID_, PROC_DEF_ID_, PROC_INST_ID_, EXECUTION_ID_, ACT_ID_, TASK_ID_, CALL_PROC_INST_ID_, ACT_NAME_, ACT_TYPE_, ASSIGNEE_, START_TIME_, END_TIME_, DURATION_, TENANT_ID_ ) values (?, ?, ?, ?, ?, ?, ?, ?, ?, ?, ?, ?, ?, ?) , (?, ?, ?, ?, ?, ?, ?, ?, ?, ?, ?, ?, ?, ?) 
10:47:16,389 [Thread-86] DEBUG org.activiti.engine.impl.db.DbSqlSession  -   insert ProcessInstance[42]
10:47:16,389 [Thread-86] DEBUG org.activiti.engine.impl.db.DbSqlSession  -   insert HistoricProcessInstanceEntity[superProcessInstanceId=null]
10:47:16,389 [Thread-86] DEBUG org.activiti.engine.impl.db.DbSqlSession  -   insert HistoricActivityInstanceEntity[activityId=theStart, activityName=null]
10:47:16,389 [Thread-86] DEBUG org.activiti.engine.impl.db.DbSqlSession  -   insert HistoricActivityInstanceEntity[activityId=javaService, activityName=Java service invocation]
10:47:16,389 [Thread-86] DEBUG org.activiti.engine.impl.db.DbSqlSession  - flush summary: 4 insert, 0 update, 0 delete.
10:47:16,389 [Thread-86] DEBUG org.activiti.engine.impl.db.DbSqlSession  - now executing flush...
10:47:16,389 [Thread-86] DEBUG org.activiti.engine.impl.db.DbSqlSession  - inserting: HistoricProcessInstanceEntity[superProcessInstanceId=null]
10:47:16,389 [Thread-98] DEBUG org.activiti.engine.impl.persistence.entity.HistoricActivityInstanceEntity.bulkInsertHistoricActivityInstance  - ==&gt; Parameters: 41(String), idGeneratorDataSource:1:3(String), 40(String), 40(String), theStart(String), null, null, null, startEvent(String), null, 2015-01-01 00:00:00.0(Timestamp), 2015-01-01 00:00:00.0(Timestamp), 0(Long), (String), 44(String), idGeneratorDataSource:1:3(String), 40(String), 40(String), javaService(String), null, null, Java service invocation(String), serviceTask(String), null, 2015-01-01 00:00:00.0(Timestamp), null, null, (String)
10:47:16,389 [Thread-86] DEBUG org.activiti.engine.impl.persistence.entity.HistoricProcessInstanceEntity.insertHistoricProcessInstance  - ==&gt;  Preparing: insert into ACT_HI_PROCINST ( ID_, PROC_INST_ID_, BUSINESS_KEY_, PROC_DEF_ID_, START_TIME_, END_TIME_, DURATION_, START_USER_ID_, START_ACT_ID_, END_ACT_ID_, SUPER_PROCESS_INSTANCE_ID_, DELETE_REASON_, TENANT_ID_, NAME_ ) values ( ?, ?, ?, ?, ?, ?, ?, ?, ?, ?, ?, ?, ?, ? ) 
10:47:16,389 [Thread-98] DEBUG org.activiti.engine.impl.persistence.entity.HistoricActivityInstanceEntity.bulkInsertHistoricActivityInstance  - &lt;==    Updates: 2
10:47:16,389 [Thread-98] DEBUG org.activiti.engine.impl.db.DbSqlSession  - inserting: ProcessInstance[40]
10:47:16,389 [Thread-86] DEBUG org.activiti.engine.impl.persistence.entity.HistoricProcessInstanceEntity.insertHistoricProcessInstance  - ==&gt; Parameters: 42(String), 42(String), null, idGeneratorDataSource:1:3(String), 2015-01-01 00:00:00.0(Timestamp), null, null, null, theStart(String), null, null, null, (String), null
10:47:16,389 [Thread-98] DEBUG org.activiti.engine.impl.persistence.entity.ExecutionEntity.insertExecution  - ==&gt;  Preparing: insert into ACT_RU_EXECUTION (ID_, REV_, PROC_INST_ID_, BUSINESS_KEY_, PROC_DEF_ID_, ACT_ID_, IS_ACTIVE_, IS_CONCURRENT_, IS_SCOPE_,IS_EVENT_SCOPE_, PARENT_ID_, SUPER_EXEC_, SUSPENSION_STATE_, CACHED_ENT_STATE_, TENANT_ID_, NAME_) values ( ?, 1, ?, ?, ?, ?, ?, ?, ?, ?, ?, ?, ?, ?, ?, ? ) 
10:47:16,389 [Thread-98] DEBUG org.activiti.engine.impl.persistence.entity.ExecutionEntity.insertExecution  - ==&gt; Parameters: 40(String), 40(String), null, idGeneratorDataSource:1:3(String), javaService(String), true(Boolean), false(Boolean), true(Boolean), false(Boolean), null, null, 1(Integer), 2(Integer), (String), null
10:47:16,389 [Thread-98] DEBUG org.activiti.engine.impl.persistence.entity.ExecutionEntity.insertExecution  - &lt;==    Updates: 1
10:47:16,389 [Thread-98] DEBUG org.activiti.engine.impl.cfg.standalone.StandaloneMybatisTransactionContext  - firing event committing...
10:47:16,389 [Thread-98] DEBUG org.activiti.engine.impl.cfg.standalone.StandaloneMybatisTransactionContext  - committing the ibatis sql session...
10:47:16,389 [Thread-98] DEBUG org.apache.ibatis.transaction.jdbc.JdbcTransaction  - Committing JDBC Connection [conn55: url=jdbc:h2:mem:activiti user=SA]
10:47:16,389 [Thread-98] DEBUG org.activiti.engine.impl.cfg.standalone.StandaloneMybatisTransactionContext  - firing event committed...
10:47:16,389 [Thread-86] DEBUG org.activiti.engine.impl.persistence.entity.HistoricProcessInstanceEntity.insertHistoricProcessInstance  - &lt;==    Updates: 1
10:47:16,389 [Thread-98] DEBUG org.apache.ibatis.transaction.jdbc.JdbcTransaction  - Resetting autocommit to true on JDBC Connection [conn55: url=jdbc:h2:mem:activiti user=SA]
10:47:16,389 [Thread-98] DEBUG org.apache.ibatis.transaction.jdbc.JdbcTransaction  - Closing JDBC Connection [conn55: url=jdbc:h2:mem:activiti user=SA]
10:47:16,389 [Thread-98] DEBUG org.apache.ibatis.datasource.pooled.PooledDataSource  - Returned connection 14606730 to pool.
10:47:16,389 [Thread-86] DEBUG org.activiti.engine.impl.persistence.entity.HistoricActivityInstanceEntity.bulkInsertHistoricActivityInstance  - ==&gt;  Preparing: insert into ACT_HI_ACTINST ( ID_, PROC_DEF_ID_, PROC_INST_ID_, EXECUTION_ID_, ACT_ID_, TASK_ID_, CALL_PROC_INST_ID_, ACT_NAME_, ACT_TYPE_, ASSIGNEE_, START_TIME_, END_TIME_, DURATION_, TENANT_ID_ ) values (?, ?, ?, ?, ?, ?, ?, ?, ?, ?, ?, ?, ?, ?) , (?, ?, ?, ?, ?, ?, ?, ?, ?, ?, ?, ?, ?, ?) 
10:47:16,389 [Thread-84] DEBUG org.apache.ibatis.datasource.pooled.PooledDataSource  - Checked out connection 14606730 from pool.
10:47:16,389 [Thread-86] DEBUG org.activiti.engine.impl.persistence.entity.HistoricActivityInstanceEntity.bulkInsertHistoricActivityInstance  - ==&gt; Parameters: 43(String), idGeneratorDataSource:1:3(String), 42(String), 42(String), theStart(String), null, null, null, startEvent(String), null, 2015-01-01 00:00:00.0(Timestamp), 2015-01-01 00:00:00.0(Timestamp), 0(Long), (String), 45(String), idGeneratorDataSource:1:3(String), 42(String), 42(String), javaService(String), null, null, Java service invocation(String), serviceTask(String), null, 2015-01-01 00:00:00.0(Timestamp), null, null, (String)
10:47:16,389 [Thread-98] DEBUG org.activiti.engine.impl.interceptor.LogInterceptor  - --- StartProcessInstanceCmd finished --------------------------------------------------------
10:47:16,390 [Thread-98] DEBUG org.activiti.engine.impl.interceptor.LogInterceptor  - 

10:47:16,390 [Thread-98] DEBUG org.activiti.engine.impl.interceptor.LogInterceptor  - 

10:47:16,390 [Thread-98] DEBUG org.activiti.engine.impl.interceptor.LogInterceptor  - --- starting StartProcessInstanceCmd --------------------------------------------------------
10:47:16,389 [Thread-86] DEBUG org.activiti.engine.impl.persistence.entity.HistoricActivityInstanceEntity.bulkInsertHistoricActivityInstance  - &lt;==    Updates: 2
10:47:16,390 [Thread-86] DEBUG org.activiti.engine.impl.db.DbSqlSession  - inserting: ProcessInstance[42]
10:47:16,389 [Thread-81] DEBUG org.apache.ibatis.datasource.pooled.PooledDataSource  - Waiting as long as 20000 milliseconds for connection.
10:47:16,389 [Thread-84] DEBUG org.apache.ibatis.transaction.jdbc.JdbcTransaction  - Setting autocommit to false on JDBC Connection [conn55: url=jdbc:h2:mem:activiti user=SA]
10:47:16,390 [Thread-91] DEBUG org.apache.ibatis.datasource.pooled.PooledDataSource  - Waiting as long as 20000 milliseconds for connection.
10:47:16,390 [Thread-86] DEBUG org.activiti.engine.impl.persistence.entity.ExecutionEntity.insertExecution  - ==&gt;  Preparing: insert into ACT_RU_EXECUTION (ID_, REV_, PROC_INST_ID_, BUSINESS_KEY_, PROC_DEF_ID_, ACT_ID_, IS_ACTIVE_, IS_CONCURRENT_, IS_SCOPE_,IS_EVENT_SCOPE_, PARENT_ID_, SUPER_EXEC_, SUSPENSION_STATE_, CACHED_ENT_STATE_, TENANT_ID_, NAME_) values ( ?, 1, ?, ?, ?, ?, ?, ?, ?, ?, ?, ?, ?, ?, ?, ? ) 
10:47:16,390 [Thread-98] DEBUG org.apache.ibatis.transaction.jdbc.JdbcTransaction  - Opening JDBC Connection
10:47:16,390 [Thread-86] DEBUG org.activiti.engine.impl.persistence.entity.ExecutionEntity.insertExecution  - ==&gt; Parameters: 42(String), 42(String), null, idGeneratorDataSource:1:3(String), javaService(String), true(Boolean), false(Boolean), true(Boolean), false(Boolean), null, null, 1(Integer), 2(Integer), (String), null
10:47:16,390 [Thread-90] DEBUG org.apache.ibatis.datasource.pooled.PooledDataSource  - Waiting as long as 20000 milliseconds for connection.
10:47:16,390 [Thread-84] DEBUG org.activiti.engine.impl.persistence.entity.ProcessDefinitionEntity.selectLatestProcessDefinitionByKey  - ==&gt;  Preparing: select * from ACT_RE_PROCDEF where KEY_ = ? and (TENANT_ID_ = &apos;&apos; or TENANT_ID_ is null) and VERSION_ = (select max(VERSION_) from ACT_RE_PROCDEF where KEY_ = ? and (TENANT_ID_ = &apos;&apos; or TENANT_ID_ is null)) 
10:47:16,390 [Thread-87] DEBUG org.apache.ibatis.datasource.pooled.PooledDataSource  - Waiting as long as 20000 milliseconds for connection.
10:47:16,390 [Thread-86] DEBUG org.activiti.engine.impl.persistence.entity.ExecutionEntity.insertExecution  - &lt;==    Updates: 1
10:47:16,390 [Thread-82] DEBUG org.apache.ibatis.datasource.pooled.PooledDataSource  - Waiting as long as 20000 milliseconds for connection.
10:47:16,390 [Thread-84] DEBUG org.activiti.engine.impl.persistence.entity.ProcessDefinitionEntity.selectLatestProcessDefinitionByKey  - ==&gt; Parameters: idGeneratorDataSource(String), idGeneratorDataSource(String)
10:47:16,390 [Thread-89] DEBUG org.apache.ibatis.datasource.pooled.PooledDataSource  - Waiting as long as 20000 milliseconds for connection.
10:47:16,390 [Thread-86] DEBUG org.activiti.engine.impl.cfg.standalone.StandaloneMybatisTransactionContext  - firing event committing...
10:47:16,390 [Thread-86] DEBUG org.activiti.engine.impl.cfg.standalone.StandaloneMybatisTransactionContext  - committing the ibatis sql session...
10:47:16,390 [Thread-86] DEBUG org.apache.ibatis.transaction.jdbc.JdbcTransaction  - Committing JDBC Connection [conn53: url=jdbc:h2:mem:activiti user=SA]
10:47:16,390 [Thread-84] DEBUG org.activiti.engine.impl.persistence.entity.ProcessDefinitionEntity.selectLatestProcessDefinitionByKey  - &lt;==      Total: 1
10:47:16,390 [Thread-88] DEBUG org.apache.ibatis.datasource.pooled.PooledDataSource  - Waiting as long as 20000 milliseconds for connection.
10:47:16,390 [Thread-84] DEBUG org.activiti.engine.impl.interceptor.LogInterceptor  - 

10:47:16,390 [Thread-84] DEBUG org.activiti.engine.impl.interceptor.LogInterceptor  - --- starting GetNextIdBlockCmd --------------------------------------------------------
10:47:16,390 [Thread-86] DEBUG org.activiti.engine.impl.cfg.standalone.StandaloneMybatisTransactionContext  - firing event committed...
10:47:16,390 [Thread-84] DEBUG org.apache.ibatis.transaction.jdbc.JdbcTransaction  - Opening JDBC Connection
10:47:16,390 [Thread-92] DEBUG org.apache.ibatis.datasource.pooled.PooledDataSource  - Waiting as long as 20000 milliseconds for connection.
10:47:16,390 [Thread-84] DEBUG org.apache.ibatis.datasource.pooled.PooledDataSource  - Checked out connection 1094226572 from pool.
10:47:16,390 [Thread-86] DEBUG org.apache.ibatis.transaction.jdbc.JdbcTransaction  - Resetting autocommit to true on JDBC Connection [conn53: url=jdbc:h2:mem:activiti user=SA]
10:47:16,391 [Thread-84] DEBUG org.apache.ibatis.transaction.jdbc.JdbcTransaction  - Setting autocommit to false on JDBC Connection [conn54: url=jdbc:h2:mem:activiti user=SA]
10:47:16,391 [Thread-84] DEBUG org.activiti.engine.impl.persistence.entity.PropertyEntity.selectProperty  - ==&gt;  Preparing: select * from ACT_GE_PROPERTY where NAME_ = ? 
10:47:16,391 [Thread-93] DEBUG org.apache.ibatis.datasource.pooled.PooledDataSource  - Waiting as long as 20000 milliseconds for connection.
10:47:16,391 [Thread-84] DEBUG org.activiti.engine.impl.persistence.entity.PropertyEntity.selectProperty  - ==&gt; Parameters: next.dbid(String)
10:47:16,391 [Thread-86] DEBUG org.apache.ibatis.transaction.jdbc.JdbcTransaction  - Closing JDBC Connection [conn53: url=jdbc:h2:mem:activiti user=SA]
10:47:16,391 [Thread-84] DEBUG org.activiti.engine.impl.persistence.entity.PropertyEntity.selectProperty  - &lt;==      Total: 1
10:47:16,391 [Thread-95] DEBUG org.apache.ibatis.datasource.pooled.PooledDataSource  - Waiting as long as 20000 milliseconds for connection.
10:47:16,391 [Thread-84] DEBUG org.activiti.engine.impl.db.DbSqlSession  -   update PropertyEntity[name=next.dbid, value=49]
10:47:16,391 [Thread-84] DEBUG org.activiti.engine.impl.db.DbSqlSession  - flush summary: 0 insert, 1 update, 0 delete.
10:47:16,391 [Thread-84] DEBUG org.activiti.engine.impl.db.DbSqlSession  - now executing flush...
10:47:16,391 [Thread-94] DEBUG org.apache.ibatis.datasource.pooled.PooledDataSource  - Waiting as long as 20000 milliseconds for connection.
10:47:16,391 [Thread-84] DEBUG org.activiti.engine.impl.db.DbSqlSession  - updating: PropertyEntity[name=next.dbid, value=49]
10:47:16,391 [Thread-97] DEBUG org.apache.ibatis.datasource.pooled.PooledDataSource  - Waiting as long as 20000 milliseconds for connection.
10:47:16,391 [Thread-84] DEBUG org.activiti.engine.impl.persistence.entity.PropertyEntity.updateProperty  - ==&gt;  Preparing: update ACT_GE_PROPERTY SET REV_ = ?, VALUE_ = ? where NAME_ = ? and REV_ = ? 
10:47:16,391 [Thread-85] DEBUG org.apache.ibatis.datasource.pooled.PooledDataSource  - Waiting as long as 20000 milliseconds for connection.
10:47:16,391 [Thread-84] DEBUG org.activiti.engine.impl.persistence.entity.PropertyEntity.updateProperty  - ==&gt; Parameters: 17(Integer), 49(String), next.dbid(String), 16(Integer)
10:47:16,391 [Thread-100] DEBUG org.apache.ibatis.datasource.pooled.PooledDataSource  - Waiting as long as 20000 milliseconds for connection.
10:47:16,391 [Thread-84] DEBUG org.activiti.engine.impl.persistence.entity.PropertyEntity.updateProperty  - &lt;==    Updates: 1
10:47:16,391 [Thread-99] DEBUG org.apache.ibatis.datasource.pooled.PooledDataSource  - Waiting as long as 20000 milliseconds for connection.
10:47:16,391 [Thread-84] DEBUG org.activiti.engine.impl.cfg.standalone.StandaloneMybatisTransactionContext  - firing event committing...
10:47:16,391 [Thread-84] DEBUG org.activiti.engine.impl.cfg.standalone.StandaloneMybatisTransactionContext  - committing the ibatis sql session...
10:47:16,391 [Thread-84] DEBUG org.apache.ibatis.transaction.jdbc.JdbcTransaction  - Committing JDBC Connection [conn54: url=jdbc:h2:mem:activiti user=SA]
10:47:16,391 [Thread-83] DEBUG org.apache.ibatis.datasource.pooled.PooledDataSource  - Waiting as long as 20000 milliseconds for connection.
10:47:16,391 [Thread-84] DEBUG org.activiti.engine.impl.cfg.standalone.StandaloneMybatisTransactionContext  - firing event committed...
10:47:16,391 [Thread-84] DEBUG org.apache.ibatis.transaction.jdbc.JdbcTransaction  - Resetting autocommit to true on JDBC Connection [conn54: url=jdbc:h2:mem:activiti user=SA]
10:47:16,391 [Thread-84] DEBUG org.apache.ibatis.transaction.jdbc.JdbcTransaction  - Closing JDBC Connection [conn54: url=jdbc:h2:mem:activiti user=SA]
10:47:16,392 [Thread-84] DEBUG org.apache.ibatis.datasource.pooled.PooledDataSource  - Returned connection 1094226572 to pool.
10:47:16,391 [Thread-96] DEBUG org.apache.ibatis.datasource.pooled.PooledDataSource  - Waiting as long as 20000 milliseconds for connection.
10:47:16,392 [Thread-84] DEBUG org.activiti.engine.impl.interceptor.LogInterceptor  - --- GetNextIdBlockCmd finished --------------------------------------------------------
10:47:16,392 [Thread-84] DEBUG org.activiti.engine.impl.interceptor.LogInterceptor  - 

10:47:16,392 [Thread-86] DEBUG org.apache.ibatis.datasource.pooled.PooledDataSource  - Returned connection 826925275 to pool.
10:47:16,392 [Thread-84] DEBUG org.activiti.engine.impl.persistence.entity.ExecutionEntity  - initializing ProcessInstance[46]
10:47:16,392 [Thread-98] DEBUG org.apache.ibatis.datasource.pooled.PooledDataSource  - Checked out connection 826925275 from pool.
10:47:16,392 [Thread-86] DEBUG org.activiti.engine.impl.interceptor.LogInterceptor  - --- StartProcessInstanceCmd finished --------------------------------------------------------
10:47:16,392 [Thread-86] DEBUG org.activiti.engine.impl.interceptor.LogInterceptor  - 

10:47:16,392 [Thread-96] DEBUG org.apache.ibatis.datasource.pooled.PooledDataSource  - Waiting as long as 20000 milliseconds for connection.
10:47:16,392 [Thread-98] DEBUG org.apache.ibatis.transaction.jdbc.JdbcTransaction  - Setting autocommit to false on JDBC Connection [conn53: url=jdbc:h2:mem:activiti user=SA]
10:47:16,392 [Thread-84] DEBUG org.activiti.engine.impl.history.DefaultHistoryManager  - Current history level: FULL, level required: ACTIVITY
10:47:16,392 [Thread-98] DEBUG org.activiti.engine.impl.persistence.entity.ProcessDefinitionEntity.selectLatestProcessDefinitionByKey  - ==&gt;  Preparing: select * from ACT_RE_PROCDEF where KEY_ = ? and (TENANT_ID_ = &apos;&apos; or TENANT_ID_ is null) and VERSION_ = (select max(VERSION_) from ACT_RE_PROCDEF where KEY_ = ? and (TENANT_ID_ = &apos;&apos; or TENANT_ID_ is null)) 
10:47:16,392 [Thread-84] DEBUG org.activiti.engine.impl.pvm.runtime.AtomicOperationActivityExecute  - ProcessInstance[46] executes Activity(theStart): org.activiti.engine.impl.bpmn.behavior.NoneStartEventActivityBehavior
10:47:16,392 [Thread-83] DEBUG org.apache.ibatis.datasource.pooled.PooledDataSource  - Waiting as long as 20000 milliseconds for connection.
10:47:16,392 [Thread-84] DEBUG org.activiti.engine.impl.persistence.entity.JobEntity.selectJobsByExecutionId  - ==&gt;  Preparing: select * from ACT_RU_JOB J where J.EXECUTION_ID_ = ? 
10:47:16,392 [Thread-84] DEBUG org.activiti.engine.impl.persistence.entity.JobEntity.selectJobsByExecutionId  - ==&gt; Parameters: 46(String)
10:47:16,392 [Thread-98] DEBUG org.activiti.engine.impl.persistence.entity.ProcessDefinitionEntity.selectLatestProcessDefinitionByKey  - ==&gt; Parameters: idGeneratorDataSource(String), idGeneratorDataSource(String)
10:47:16,392 [Thread-84] DEBUG org.activiti.engine.impl.persistence.entity.JobEntity.selectJobsByExecutionId  - &lt;==      Total: 0
10:47:16,392 [Thread-99] DEBUG org.apache.ibatis.datasource.pooled.PooledDataSource  - Waiting as long as 20000 milliseconds for connection.
10:47:16,392 [Thread-98] DEBUG org.activiti.engine.impl.persistence.entity.ProcessDefinitionEntity.selectLatestProcessDefinitionByKey  - &lt;==      Total: 1
10:47:16,392 [Thread-84] DEBUG org.activiti.engine.impl.bpmn.behavior.BpmnActivityBehavior  - Leaving activity &apos;theStart&apos;
10:47:16,392 [Thread-98] DEBUG org.activiti.engine.impl.persistence.entity.ExecutionEntity  - initializing ProcessInstance[48]
10:47:16,392 [Thread-100] DEBUG org.apache.ibatis.datasource.pooled.PooledDataSource  - Waiting as long as 20000 milliseconds for connection.
10:47:16,392 [Thread-98] DEBUG org.activiti.engine.impl.history.DefaultHistoryManager  - Current history level: FULL, level required: ACTIVITY
10:47:16,392 [Thread-84] DEBUG org.activiti.engine.impl.history.DefaultHistoryManager  - Current history level: FULL, level required: ACTIVITY
10:47:16,393 [Thread-98] DEBUG org.activiti.engine.impl.interceptor.LogInterceptor  - 

10:47:16,393 [Thread-98] DEBUG org.activiti.engine.impl.interceptor.LogInterceptor  - --- starting GetNextIdBlockCmd --------------------------------------------------------
10:47:16,393 [Thread-85] DEBUG org.apache.ibatis.datasource.pooled.PooledDataSource  - Waiting as long as 20000 milliseconds for connection.
10:47:16,393 [Thread-98] DEBUG org.apache.ibatis.transaction.jdbc.JdbcTransaction  - Opening JDBC Connection
10:47:16,393 [Thread-98] DEBUG org.apache.ibatis.datasource.pooled.PooledDataSource  - Checked out connection 1094226572 from pool.
10:47:16,393 [Thread-84] DEBUG org.activiti.engine.impl.pvm.runtime.AtomicOperationTransitionNotifyListenerTake  - ProcessInstance[46] takes transition (theStart)--flow1--&gt;(javaService)
10:47:16,393 [Thread-98] DEBUG org.apache.ibatis.transaction.jdbc.JdbcTransaction  - Setting autocommit to false on JDBC Connection [conn54: url=jdbc:h2:mem:activiti user=SA]
10:47:16,393 [Thread-98] DEBUG org.activiti.engine.impl.persistence.entity.PropertyEntity.selectProperty  - ==&gt;  Preparing: select * from ACT_GE_PROPERTY where NAME_ = ? 
10:47:16,393 [Thread-97] DEBUG org.apache.ibatis.datasource.pooled.PooledDataSource  - Waiting as long as 20000 milliseconds for connection.
10:47:16,393 [Thread-98] DEBUG org.activiti.engine.impl.persistence.entity.PropertyEntity.selectProperty  - ==&gt; Parameters: next.dbid(String)
10:47:16,393 [Thread-84] DEBUG org.activiti.engine.impl.history.DefaultHistoryManager  - Current history level: FULL, level required: ACTIVITY
10:47:16,393 [Thread-98] DEBUG org.activiti.engine.impl.persistence.entity.PropertyEntity.selectProperty  - &lt;==      Total: 1
10:47:16,393 [Thread-94] DEBUG org.apache.ibatis.datasource.pooled.PooledDataSource  - Waiting as long as 20000 milliseconds for connection.
10:47:16,393 [Thread-98] DEBUG org.activiti.engine.impl.db.DbSqlSession  -   update PropertyEntity[name=next.dbid, value=52]
10:47:16,393 [Thread-98] DEBUG org.activiti.engine.impl.db.DbSqlSession  - flush summary: 0 insert, 1 update, 0 delete.
10:47:16,393 [Thread-98] DEBUG org.activiti.engine.impl.db.DbSqlSession  - now executing flush...
10:47:16,393 [Thread-95] DEBUG org.apache.ibatis.datasource.pooled.PooledDataSource  - Waiting as long as 20000 milliseconds for connection.
10:47:16,393 [Thread-98] DEBUG org.activiti.engine.impl.db.DbSqlSession  - updating: PropertyEntity[name=next.dbid, value=52]
10:47:16,393 [Thread-93] DEBUG org.apache.ibatis.datasource.pooled.PooledDataSource  - Waiting as long as 20000 milliseconds for connection.
10:47:16,393 [Thread-98] DEBUG org.activiti.engine.impl.persistence.entity.PropertyEntity.updateProperty  - ==&gt;  Preparing: update ACT_GE_PROPERTY SET REV_ = ?, VALUE_ = ? where NAME_ = ? and REV_ = ? 
10:47:16,393 [Thread-92] DEBUG org.apache.ibatis.datasource.pooled.PooledDataSource  - Waiting as long as 20000 milliseconds for connection.
10:47:16,393 [Thread-98] DEBUG org.activiti.engine.impl.persistence.entity.PropertyEntity.updateProperty  - ==&gt; Parameters: 18(Integer), 52(String), next.dbid(String), 17(Integer)
10:47:16,393 [Thread-88] DEBUG org.apache.ibatis.datasource.pooled.PooledDataSource  - Waiting as long as 20000 milliseconds for connection.
10:47:16,393 [Thread-98] DEBUG org.activiti.engine.impl.persistence.entity.PropertyEntity.updateProperty  - &lt;==    Updates: 1
10:47:16,393 [Thread-89] DEBUG org.apache.ibatis.datasource.pooled.PooledDataSource  - Waiting as long as 20000 milliseconds for connection.
10:47:16,393 [Thread-98] DEBUG org.activiti.engine.impl.cfg.standalone.StandaloneMybatisTransactionContext  - firing event committing...
10:47:16,394 [Thread-98] DEBUG org.activiti.engine.impl.cfg.standalone.StandaloneMybatisTransactionContext  - committing the ibatis sql session...
10:47:16,394 [Thread-98] DEBUG org.apache.ibatis.transaction.jdbc.JdbcTransaction  - Committing JDBC Connection [conn54: url=jdbc:h2:mem:activiti user=SA]
10:47:16,394 [Thread-82] DEBUG org.apache.ibatis.datasource.pooled.PooledDataSource  - Waiting as long as 20000 milliseconds for connection.
10:47:16,394 [Thread-98] DEBUG org.activiti.engine.impl.cfg.standalone.StandaloneMybatisTransactionContext  - firing event committed...
10:47:16,394 [Thread-98] DEBUG org.apache.ibatis.transaction.jdbc.JdbcTransaction  - Resetting autocommit to true on JDBC Connection [conn54: url=jdbc:h2:mem:activiti user=SA]
10:47:16,394 [Thread-98] DEBUG org.apache.ibatis.transaction.jdbc.JdbcTransaction  - Closing JDBC Connection [conn54: url=jdbc:h2:mem:activiti user=SA]
10:47:16,394 [Thread-98] DEBUG org.apache.ibatis.datasource.pooled.PooledDataSource  - Returned connection 1094226572 to pool.
10:47:16,394 [Thread-87] DEBUG org.apache.ibatis.datasource.pooled.PooledDataSource  - Waiting as long as 20000 milliseconds for connection.
10:47:16,394 [Thread-98] DEBUG org.activiti.engine.impl.interceptor.LogInterceptor  - --- GetNextIdBlockCmd finished --------------------------------------------------------
10:47:16,394 [Thread-98] DEBUG org.activiti.engine.impl.interceptor.LogInterceptor  - 

10:47:16,394 [Thread-90] DEBUG org.apache.ibatis.datasource.pooled.PooledDataSource  - Waiting as long as 20000 milliseconds for connection.
10:47:16,394 [Thread-98] DEBUG org.activiti.engine.impl.pvm.runtime.AtomicOperationActivityExecute  - ProcessInstance[48] executes Activity(theStart): org.activiti.engine.impl.bpmn.behavior.NoneStartEventActivityBehavior
10:47:16,394 [Thread-84] DEBUG org.activiti.engine.impl.pvm.runtime.AtomicOperationActivityExecute  - ProcessInstance[46] executes Activity(javaService): org.activiti.engine.impl.bpmn.helper.ClassDelegate
10:47:16,394 [Thread-98] DEBUG org.activiti.engine.impl.persistence.entity.JobEntity.selectJobsByExecutionId  - ==&gt;  Preparing: select * from ACT_RU_JOB J where J.EXECUTION_ID_ = ? 
10:47:16,394 [Thread-91] DEBUG org.apache.ibatis.datasource.pooled.PooledDataSource  - Waiting as long as 20000 milliseconds for connection.
10:47:16,394 [Thread-98] DEBUG org.activiti.engine.impl.persistence.entity.JobEntity.selectJobsByExecutionId  - ==&gt; Parameters: 48(String)
10:47:16,394 [Thread-84] DEBUG org.activiti.engine.impl.db.DbSqlSession  -   insert ProcessInstance[46]
10:47:16,394 [Thread-84] DEBUG org.activiti.engine.impl.db.DbSqlSession  -   insert HistoricProcessInstanceEntity[superProcessInstanceId=null]
10:47:16,394 [Thread-84] DEBUG org.activiti.engine.impl.db.DbSqlSession  -   insert HistoricActivityInstanceEntity[activityId=theStart, activityName=null]
10:47:16,394 [Thread-84] DEBUG org.activiti.engine.impl.db.DbSqlSession  -   insert HistoricActivityInstanceEntity[activityId=javaService, activityName=Java service invocation]
10:47:16,394 [Thread-84] DEBUG org.activiti.engine.impl.db.DbSqlSession  - flush summary: 4 insert, 0 update, 0 delete.
10:47:16,394 [Thread-84] DEBUG org.activiti.engine.impl.db.DbSqlSession  - now executing flush...
10:47:16,394 [Thread-84] DEBUG org.activiti.engine.impl.db.DbSqlSession  - inserting: HistoricProcessInstanceEntity[superProcessInstanceId=null]
10:47:16,394 [Thread-98] DEBUG org.activiti.engine.impl.persistence.entity.JobEntity.selectJobsByExecutionId  - &lt;==      Total: 0
10:47:16,394 [Thread-98] DEBUG org.activiti.engine.impl.bpmn.behavior.BpmnActivityBehavior  - Leaving activity &apos;theStart&apos;
10:47:16,394 [Thread-81] DEBUG org.apache.ibatis.datasource.pooled.PooledDataSource  - Waiting as long as 20000 milliseconds for connection.
10:47:16,394 [Thread-98] DEBUG org.activiti.engine.impl.history.DefaultHistoryManager  - Current history level: FULL, level required: ACTIVITY
10:47:16,394 [Thread-84] DEBUG org.activiti.engine.impl.persistence.entity.HistoricProcessInstanceEntity.insertHistoricProcessInstance  - ==&gt;  Preparing: insert into ACT_HI_PROCINST ( ID_, PROC_INST_ID_, BUSINESS_KEY_, PROC_DEF_ID_, START_TIME_, END_TIME_, DURATION_, START_USER_ID_, START_ACT_ID_, END_ACT_ID_, SUPER_PROCESS_INSTANCE_ID_, DELETE_REASON_, TENANT_ID_, NAME_ ) values ( ?, ?, ?, ?, ?, ?, ?, ?, ?, ?, ?, ?, ?, ? ) 
10:47:16,394 [Thread-98] DEBUG org.activiti.engine.impl.pvm.runtime.AtomicOperationTransitionNotifyListenerTake  - ProcessInstance[48] takes transition (theStart)--flow1--&gt;(javaService)
10:47:16,395 [Thread-84] DEBUG org.activiti.engine.impl.persistence.entity.HistoricProcessInstanceEntity.insertHistoricProcessInstance  - ==&gt; Parameters: 46(String), 46(String), null, idGeneratorDataSource:1:3(String), 2015-01-01 00:00:00.0(Timestamp), null, null, null, theStart(String), null, null, null, (String), null
10:47:16,395 [Thread-98] DEBUG org.activiti.engine.impl.history.DefaultHistoryManager  - Current history level: FULL, level required: ACTIVITY
10:47:16,395 [Thread-84] DEBUG org.activiti.engine.impl.persistence.entity.HistoricProcessInstanceEntity.insertHistoricProcessInstance  - &lt;==    Updates: 1
10:47:16,395 [Thread-98] DEBUG org.activiti.engine.impl.pvm.runtime.AtomicOperationActivityExecute  - ProcessInstance[48] executes Activity(javaService): org.activiti.engine.impl.bpmn.helper.ClassDelegate
10:47:16,395 [Thread-98] DEBUG org.activiti.engine.impl.db.DbSqlSession  -   insert ProcessInstance[48]
10:47:16,395 [Thread-98] DEBUG org.activiti.engine.impl.db.DbSqlSession  -   insert HistoricProcessInstanceEntity[superProcessInstanceId=null]
10:47:16,395 [Thread-98] DEBUG org.activiti.engine.impl.db.DbSqlSession  -   insert HistoricActivityInstanceEntity[activityId=theStart, activityName=null]
10:47:16,395 [Thread-98] DEBUG org.activiti.engine.impl.db.DbSqlSession  -   insert HistoricActivityInstanceEntity[activityId=javaService, activityName=Java service invocation]
10:47:16,395 [Thread-98] DEBUG org.activiti.engine.impl.db.DbSqlSession  - flush summary: 4 insert, 0 update, 0 delete.
10:47:16,395 [Thread-98] DEBUG org.activiti.engine.impl.db.DbSqlSession  - now executing flush...
10:47:16,395 [Thread-98] DEBUG org.activiti.engine.impl.db.DbSqlSession  - inserting: HistoricProcessInstanceEntity[superProcessInstanceId=null]
10:47:16,395 [Thread-84] DEBUG org.activiti.engine.impl.persistence.entity.HistoricActivityInstanceEntity.bulkInsertHistoricActivityInstance  - ==&gt;  Preparing: insert into ACT_HI_ACTINST ( ID_, PROC_DEF_ID_, PROC_INST_ID_, EXECUTION_ID_, ACT_ID_, TASK_ID_, CALL_PROC_INST_ID_, ACT_NAME_, ACT_TYPE_, ASSIGNEE_, START_TIME_, END_TIME_, DURATION_, TENANT_ID_ ) values (?, ?, ?, ?, ?, ?, ?, ?, ?, ?, ?, ?, ?, ?) , (?, ?, ?, ?, ?, ?, ?, ?, ?, ?, ?, ?, ?, ?) 
10:47:16,395 [Thread-98] DEBUG org.activiti.engine.impl.persistence.entity.HistoricProcessInstanceEntity.insertHistoricProcessInstance  - ==&gt;  Preparing: insert into ACT_HI_PROCINST ( ID_, PROC_INST_ID_, BUSINESS_KEY_, PROC_DEF_ID_, START_TIME_, END_TIME_, DURATION_, START_USER_ID_, START_ACT_ID_, END_ACT_ID_, SUPER_PROCESS_INSTANCE_ID_, DELETE_REASON_, TENANT_ID_, NAME_ ) values ( ?, ?, ?, ?, ?, ?, ?, ?, ?, ?, ?, ?, ?, ? ) 
10:47:16,395 [Thread-98] DEBUG org.activiti.engine.impl.persistence.entity.HistoricProcessInstanceEntity.insertHistoricProcessInstance  - ==&gt; Parameters: 48(String), 48(String), null, idGeneratorDataSource:1:3(String), 2015-01-01 00:00:00.0(Timestamp), null, null, null, theStart(String), null, null, null, (String), null
10:47:16,395 [Thread-84] DEBUG org.activiti.engine.impl.persistence.entity.HistoricActivityInstanceEntity.bulkInsertHistoricActivityInstance  - ==&gt; Parameters: 47(String), idGeneratorDataSource:1:3(String), 46(String), 46(String), theStart(String), null, null, null, startEvent(String), null, 2015-01-01 00:00:00.0(Timestamp), 2015-01-01 00:00:00.0(Timestamp), 0(Long), (String), 50(String), idGeneratorDataSource:1:3(String), 46(String), 46(String), javaService(String), null, null, Java service invocation(String), serviceTask(String), null, 2015-01-01 00:00:00.0(Timestamp), null, null, (String)
10:47:16,395 [Thread-84] DEBUG org.activiti.engine.impl.persistence.entity.HistoricActivityInstanceEntity.bulkInsertHistoricActivityInstance  - &lt;==    Updates: 2
10:47:16,395 [Thread-84] DEBUG org.activiti.engine.impl.db.DbSqlSession  - inserting: ProcessInstance[46]
10:47:16,395 [Thread-84] DEBUG org.activiti.engine.impl.persistence.entity.ExecutionEntity.insertExecution  - ==&gt;  Preparing: insert into ACT_RU_EXECUTION (ID_, REV_, PROC_INST_ID_, BUSINESS_KEY_, PROC_DEF_ID_, ACT_ID_, IS_ACTIVE_, IS_CONCURRENT_, IS_SCOPE_,IS_EVENT_SCOPE_, PARENT_ID_, SUPER_EXEC_, SUSPENSION_STATE_, CACHED_ENT_STATE_, TENANT_ID_, NAME_) values ( ?, 1, ?, ?, ?, ?, ?, ?, ?, ?, ?, ?, ?, ?, ?, ? ) 
10:47:16,395 [Thread-84] DEBUG org.activiti.engine.impl.persistence.entity.ExecutionEntity.insertExecution  - ==&gt; Parameters: 46(String), 46(String), null, idGeneratorDataSource:1:3(String), javaService(String), true(Boolean), false(Boolean), true(Boolean), false(Boolean), null, null, 1(Integer), 2(Integer), (String), null
10:47:16,395 [Thread-84] DEBUG org.activiti.engine.impl.persistence.entity.ExecutionEntity.insertExecution  - &lt;==    Updates: 1
10:47:16,395 [Thread-84] DEBUG org.activiti.engine.impl.cfg.standalone.StandaloneMybatisTransactionContext  - firing event committing...
10:47:16,395 [Thread-84] DEBUG org.activiti.engine.impl.cfg.standalone.StandaloneMybatisTransactionContext  - committing the ibatis sql session...
10:47:16,395 [Thread-84] DEBUG org.apache.ibatis.transaction.jdbc.JdbcTransaction  - Committing JDBC Connection [conn55: url=jdbc:h2:mem:activiti user=SA]
10:47:16,395 [Thread-84] DEBUG org.activiti.engine.impl.cfg.standalone.StandaloneMybatisTransactionContext  - firing event committed...
10:47:16,395 [Thread-84] DEBUG org.apache.ibatis.transaction.jdbc.JdbcTransaction  - Resetting autocommit to true on JDBC Connection [conn55: url=jdbc:h2:mem:activiti user=SA]
10:47:16,395 [Thread-84] DEBUG org.apache.ibatis.transaction.jdbc.JdbcTransaction  - Closing JDBC Connection [conn55: url=jdbc:h2:mem:activiti user=SA]
10:47:16,395 [Thread-84] DEBUG org.apache.ibatis.datasource.pooled.PooledDataSource  - Returned connection 14606730 to pool.
10:47:16,395 [Thread-98] DEBUG org.activiti.engine.impl.persistence.entity.HistoricProcessInstanceEntity.insertHistoricProcessInstance  - &lt;==    Updates: 1
10:47:16,395 [Thread-81] DEBUG org.apache.ibatis.datasource.pooled.PooledDataSource  - Checked out connection 14606730 from pool.
10:47:16,396 [Thread-81] DEBUG org.apache.ibatis.transaction.jdbc.JdbcTransaction  - Setting autocommit to false on JDBC Connection [conn55: url=jdbc:h2:mem:activiti user=SA]
10:47:16,396 [Thread-81] DEBUG org.activiti.engine.impl.persistence.entity.ProcessDefinitionEntity.selectLatestProcessDefinitionByKey  - ==&gt;  Preparing: select * from ACT_RE_PROCDEF where KEY_ = ? and (TENANT_ID_ = &apos;&apos; or TENANT_ID_ is null) and VERSION_ = (select max(VERSION_) from ACT_RE_PROCDEF where KEY_ = ? and (TENANT_ID_ = &apos;&apos; or TENANT_ID_ is null)) 
10:47:16,395 [Thread-84] DEBUG org.activiti.engine.impl.interceptor.LogInterceptor  - --- StartProcessInstanceCmd finished --------------------------------------------------------
10:47:16,396 [Thread-84] DEBUG org.activiti.engine.impl.interceptor.LogInterceptor  - 

10:47:16,396 [Thread-81] DEBUG org.activiti.engine.impl.persistence.entity.ProcessDefinitionEntity.selectLatestProcessDefinitionByKey  - ==&gt; Parameters: idGeneratorDataSource(String), idGeneratorDataSource(String)
10:47:16,396 [Thread-98] DEBUG org.activiti.engine.impl.persistence.entity.HistoricActivityInstanceEntity.bulkInsertHistoricActivityInstance  - ==&gt;  Preparing: insert into ACT_HI_ACTINST ( ID_, PROC_DEF_ID_, PROC_INST_ID_, EXECUTION_ID_, ACT_ID_, TASK_ID_, CALL_PROC_INST_ID_, ACT_NAME_, ACT_TYPE_, ASSIGNEE_, START_TIME_, END_TIME_, DURATION_, TENANT_ID_ ) values (?, ?, ?, ?, ?, ?, ?, ?, ?, ?, ?, ?, ?, ?) , (?, ?, ?, ?, ?, ?, ?, ?, ?, ?, ?, ?, ?, ?) 
10:47:16,396 [Thread-91] DEBUG org.apache.ibatis.datasource.pooled.PooledDataSource  - Waiting as long as 20000 milliseconds for connection.
10:47:16,396 [Thread-98] DEBUG org.activiti.engine.impl.persistence.entity.HistoricActivityInstanceEntity.bulkInsertHistoricActivityInstance  - ==&gt; Parameters: 49(String), idGeneratorDataSource:1:3(String), 48(String), 48(String), theStart(String), null, null, null, startEvent(String), null, 2015-01-01 00:00:00.0(Timestamp), 2015-01-01 00:00:00.0(Timestamp), 0(Long), (String), 51(String), idGeneratorDataSource:1:3(String), 48(String), 48(String), javaService(String), null, null, Java service invocation(String), serviceTask(String), null, 2015-01-01 00:00:00.0(Timestamp), null, null, (String)
10:47:16,396 [Thread-90] DEBUG org.apache.ibatis.datasource.pooled.PooledDataSource  - Waiting as long as 20000 milliseconds for connection.
10:47:16,396 [Thread-81] DEBUG org.activiti.engine.impl.persistence.entity.ProcessDefinitionEntity.selectLatestProcessDefinitionByKey  - &lt;==      Total: 1
10:47:16,396 [Thread-84] DEBUG org.activiti.engine.impl.interceptor.LogInterceptor  - 

10:47:16,396 [Thread-84] DEBUG org.activiti.engine.impl.interceptor.LogInterceptor  - --- starting StartProcessInstanceCmd --------------------------------------------------------
10:47:16,396 [Thread-81] DEBUG org.activiti.engine.impl.interceptor.LogInterceptor  - 

10:47:16,396 [Thread-81] DEBUG org.activiti.engine.impl.interceptor.LogInterceptor  - --- starting GetNextIdBlockCmd --------------------------------------------------------
10:47:16,396 [Thread-87] DEBUG org.apache.ibatis.datasource.pooled.PooledDataSource  - Waiting as long as 20000 milliseconds for connection.
10:47:16,396 [Thread-98] DEBUG org.activiti.engine.impl.persistence.entity.HistoricActivityInstanceEntity.bulkInsertHistoricActivityInstance  - &lt;==    Updates: 2
10:47:16,396 [Thread-82] DEBUG org.apache.ibatis.datasource.pooled.PooledDataSource  - Waiting as long as 20000 milliseconds for connection.
10:47:16,396 [Thread-81] DEBUG org.apache.ibatis.transaction.jdbc.JdbcTransaction  - Opening JDBC Connection
10:47:16,397 [Thread-81] DEBUG org.apache.ibatis.datasource.pooled.PooledDataSource  - Checked out connection 1094226572 from pool.
10:47:16,396 [Thread-84] DEBUG org.apache.ibatis.transaction.jdbc.JdbcTransaction  - Opening JDBC Connection
10:47:16,397 [Thread-81] DEBUG org.apache.ibatis.transaction.jdbc.JdbcTransaction  - Setting autocommit to false on JDBC Connection [conn54: url=jdbc:h2:mem:activiti user=SA]
10:47:16,397 [Thread-89] DEBUG org.apache.ibatis.datasource.pooled.PooledDataSource  - Waiting as long as 20000 milliseconds for connection.
10:47:16,397 [Thread-98] DEBUG org.activiti.engine.impl.db.DbSqlSession  - inserting: ProcessInstance[48]
10:47:16,397 [Thread-88] DEBUG org.apache.ibatis.datasource.pooled.PooledDataSource  - Waiting as long as 20000 milliseconds for connection.
10:47:16,397 [Thread-81] DEBUG org.activiti.engine.impl.persistence.entity.PropertyEntity.selectProperty  - ==&gt;  Preparing: select * from ACT_GE_PROPERTY where NAME_ = ? 
10:47:16,397 [Thread-92] DEBUG org.apache.ibatis.datasource.pooled.PooledDataSource  - Waiting as long as 20000 milliseconds for connection.
10:47:16,397 [Thread-98] DEBUG org.activiti.engine.impl.persistence.entity.ExecutionEntity.insertExecution  - ==&gt;  Preparing: insert into ACT_RU_EXECUTION (ID_, REV_, PROC_INST_ID_, BUSINESS_KEY_, PROC_DEF_ID_, ACT_ID_, IS_ACTIVE_, IS_CONCURRENT_, IS_SCOPE_,IS_EVENT_SCOPE_, PARENT_ID_, SUPER_EXEC_, SUSPENSION_STATE_, CACHED_ENT_STATE_, TENANT_ID_, NAME_) values ( ?, 1, ?, ?, ?, ?, ?, ?, ?, ?, ?, ?, ?, ?, ?, ? ) 
10:47:16,397 [Thread-93] DEBUG org.apache.ibatis.datasource.pooled.PooledDataSource  - Waiting as long as 20000 milliseconds for connection.
10:47:16,397 [Thread-81] DEBUG org.activiti.engine.impl.persistence.entity.PropertyEntity.selectProperty  - ==&gt; Parameters: next.dbid(String)
10:47:16,397 [Thread-95] DEBUG org.apache.ibatis.datasource.pooled.PooledDataSource  - Waiting as long as 20000 milliseconds for connection.
10:47:16,397 [Thread-81] DEBUG org.activiti.engine.impl.persistence.entity.PropertyEntity.selectProperty  - &lt;==      Total: 1
10:47:16,397 [Thread-98] DEBUG org.activiti.engine.impl.persistence.entity.ExecutionEntity.insertExecution  - ==&gt; Parameters: 48(String), 48(String), null, idGeneratorDataSource:1:3(String), javaService(String), true(Boolean), false(Boolean), true(Boolean), false(Boolean), null, null, 1(Integer), 2(Integer), (String), null
10:47:16,397 [Thread-81] DEBUG org.activiti.engine.impl.db.DbSqlSession  -   update PropertyEntity[name=next.dbid, value=55]
10:47:16,397 [Thread-81] DEBUG org.activiti.engine.impl.db.DbSqlSession  - flush summary: 0 insert, 1 update, 0 delete.
10:47:16,397 [Thread-81] DEBUG org.activiti.engine.impl.db.DbSqlSession  - now executing flush...
10:47:16,397 [Thread-94] DEBUG org.apache.ibatis.datasource.pooled.PooledDataSource  - Waiting as long as 20000 milliseconds for connection.
10:47:16,397 [Thread-81] DEBUG org.activiti.engine.impl.db.DbSqlSession  - updating: PropertyEntity[name=next.dbid, value=55]
10:47:16,397 [Thread-98] DEBUG org.activiti.engine.impl.persistence.entity.ExecutionEntity.insertExecution  - &lt;==    Updates: 1
10:47:16,398 [Thread-81] DEBUG org.activiti.engine.impl.persistence.entity.PropertyEntity.updateProperty  - ==&gt;  Preparing: update ACT_GE_PROPERTY SET REV_ = ?, VALUE_ = ? where NAME_ = ? and REV_ = ? 
10:47:16,397 [Thread-97] DEBUG org.apache.ibatis.datasource.pooled.PooledDataSource  - Waiting as long as 20000 milliseconds for connection.
10:47:16,398 [Thread-81] DEBUG org.activiti.engine.impl.persistence.entity.PropertyEntity.updateProperty  - ==&gt; Parameters: 19(Integer), 55(String), next.dbid(String), 18(Integer)
10:47:16,398 [Thread-98] DEBUG org.activiti.engine.impl.cfg.standalone.StandaloneMybatisTransactionContext  - firing event committing...
10:47:16,398 [Thread-98] DEBUG org.activiti.engine.impl.cfg.standalone.StandaloneMybatisTransactionContext  - committing the ibatis sql session...
10:47:16,398 [Thread-98] DEBUG org.apache.ibatis.transaction.jdbc.JdbcTransaction  - Committing JDBC Connection [conn53: url=jdbc:h2:mem:activiti user=SA]
10:47:16,398 [Thread-81] DEBUG org.activiti.engine.impl.persistence.entity.PropertyEntity.updateProperty  - &lt;==    Updates: 1
10:47:16,398 [Thread-81] DEBUG org.activiti.engine.impl.cfg.standalone.StandaloneMybatisTransactionContext  - firing event committing...
10:47:16,398 [Thread-81] DEBUG org.activiti.engine.impl.cfg.standalone.StandaloneMybatisTransactionContext  - committing the ibatis sql session...
10:47:16,398 [Thread-81] DEBUG org.apache.ibatis.transaction.jdbc.JdbcTransaction  - Committing JDBC Connection [conn54: url=jdbc:h2:mem:activiti user=SA]
10:47:16,398 [Thread-81] DEBUG org.activiti.engine.impl.cfg.standalone.StandaloneMybatisTransactionContext  - firing event committed...
10:47:16,398 [Thread-85] DEBUG org.apache.ibatis.datasource.pooled.PooledDataSource  - Waiting as long as 20000 milliseconds for connection.
10:47:16,398 [Thread-81] DEBUG org.apache.ibatis.transaction.jdbc.JdbcTransaction  - Resetting autocommit to true on JDBC Connection [conn54: url=jdbc:h2:mem:activiti user=SA]
10:47:16,398 [Thread-81] DEBUG org.apache.ibatis.transaction.jdbc.JdbcTransaction  - Closing JDBC Connection [conn54: url=jdbc:h2:mem:activiti user=SA]
10:47:16,398 [Thread-81] DEBUG org.apache.ibatis.datasource.pooled.PooledDataSource  - Returned connection 1094226572 to pool.
10:47:16,398 [Thread-98] DEBUG org.activiti.engine.impl.cfg.standalone.StandaloneMybatisTransactionContext  - firing event committed...
10:47:16,398 [Thread-98] DEBUG org.apache.ibatis.transaction.jdbc.JdbcTransaction  - Resetting autocommit to true on JDBC Connection [conn53: url=jdbc:h2:mem:activiti user=SA]
10:47:16,398 [Thread-98] DEBUG org.apache.ibatis.transaction.jdbc.JdbcTransaction  - Closing JDBC Connection [conn53: url=jdbc:h2:mem:activiti user=SA]
10:47:16,398 [Thread-81] DEBUG org.activiti.engine.impl.interceptor.LogInterceptor  - --- GetNextIdBlockCmd finished --------------------------------------------------------
10:47:16,398 [Thread-81] DEBUG org.activiti.engine.impl.interceptor.LogInterceptor  - 

10:47:16,398 [Thread-100] DEBUG org.apache.ibatis.datasource.pooled.PooledDataSource  - Waiting as long as 20000 milliseconds for connection.
10:47:16,398 [Thread-81] DEBUG org.activiti.engine.impl.persistence.entity.ExecutionEntity  - initializing ProcessInstance[52]
10:47:16,398 [Thread-99] DEBUG org.apache.ibatis.datasource.pooled.PooledDataSource  - Waiting as long as 20000 milliseconds for connection.
10:47:16,398 [Thread-81] DEBUG org.activiti.engine.impl.history.DefaultHistoryManager  - Current history level: FULL, level required: ACTIVITY
10:47:16,398 [Thread-83] DEBUG org.apache.ibatis.datasource.pooled.PooledDataSource  - Waiting as long as 20000 milliseconds for connection.
10:47:16,398 [Thread-81] DEBUG org.activiti.engine.impl.pvm.runtime.AtomicOperationActivityExecute  - ProcessInstance[52] executes Activity(theStart): org.activiti.engine.impl.bpmn.behavior.NoneStartEventActivityBehavior
10:47:16,399 [Thread-96] DEBUG org.apache.ibatis.datasource.pooled.PooledDataSource  - Waiting as long as 20000 milliseconds for connection.
10:47:16,399 [Thread-81] DEBUG org.activiti.engine.impl.persistence.entity.JobEntity.selectJobsByExecutionId  - ==&gt;  Preparing: select * from ACT_RU_JOB J where J.EXECUTION_ID_ = ? 
10:47:16,399 [Thread-98] DEBUG org.apache.ibatis.datasource.pooled.PooledDataSource  - Returned connection 826925275 to pool.
10:47:16,399 [Thread-81] DEBUG org.activiti.engine.impl.persistence.entity.JobEntity.selectJobsByExecutionId  - ==&gt; Parameters: 52(String)
10:47:16,399 [Thread-84] DEBUG org.apache.ibatis.datasource.pooled.PooledDataSource  - Checked out connection 826925275 from pool.
10:47:16,399 [Thread-98] DEBUG org.activiti.engine.impl.interceptor.LogInterceptor  - --- StartProcessInstanceCmd finished --------------------------------------------------------
10:47:16,399 [Thread-98] DEBUG org.activiti.engine.impl.interceptor.LogInterceptor  - 

10:47:16,399 [Thread-96] DEBUG org.apache.ibatis.datasource.pooled.PooledDataSource  - Waiting as long as 20000 milliseconds for connection.
10:47:16,399 [Thread-84] DEBUG org.apache.ibatis.transaction.jdbc.JdbcTransaction  - Setting autocommit to false on JDBC Connection [conn53: url=jdbc:h2:mem:activiti user=SA]
10:47:16,399 [Thread-81] DEBUG org.activiti.engine.impl.persistence.entity.JobEntity.selectJobsByExecutionId  - &lt;==      Total: 0
10:47:16,399 [Thread-81] DEBUG org.activiti.engine.impl.bpmn.behavior.BpmnActivityBehavior  - Leaving activity &apos;theStart&apos;
10:47:16,399 [Thread-84] DEBUG org.activiti.engine.impl.persistence.entity.ProcessDefinitionEntity.selectLatestProcessDefinitionByKey  - ==&gt;  Preparing: select * from ACT_RE_PROCDEF where KEY_ = ? and (TENANT_ID_ = &apos;&apos; or TENANT_ID_ is null) and VERSION_ = (select max(VERSION_) from ACT_RE_PROCDEF where KEY_ = ? and (TENANT_ID_ = &apos;&apos; or TENANT_ID_ is null)) 
10:47:16,399 [Thread-83] DEBUG org.apache.ibatis.datasource.pooled.PooledDataSource  - Waiting as long as 20000 milliseconds for connection.
10:47:16,399 [Thread-84] DEBUG org.activiti.engine.impl.persistence.entity.ProcessDefinitionEntity.selectLatestProcessDefinitionByKey  - ==&gt; Parameters: idGeneratorDataSource(String), idGeneratorDataSource(String)
10:47:16,399 [Thread-81] DEBUG org.activiti.engine.impl.history.DefaultHistoryManager  - Current history level: FULL, level required: ACTIVITY
10:47:16,399 [Thread-99] DEBUG org.apache.ibatis.datasource.pooled.PooledDataSource  - Waiting as long as 20000 milliseconds for connection.
10:47:16,399 [Thread-84] DEBUG org.activiti.engine.impl.persistence.entity.ProcessDefinitionEntity.selectLatestProcessDefinitionByKey  - &lt;==      Total: 1
10:47:16,399 [Thread-81] DEBUG org.activiti.engine.impl.pvm.runtime.AtomicOperationTransitionNotifyListenerTake  - ProcessInstance[52] takes transition (theStart)--flow1--&gt;(javaService)
10:47:16,399 [Thread-84] DEBUG org.activiti.engine.impl.persistence.entity.ExecutionEntity  - initializing ProcessInstance[54]
10:47:16,399 [Thread-100] DEBUG org.apache.ibatis.datasource.pooled.PooledDataSource  - Waiting as long as 20000 milliseconds for connection.
10:47:16,400 [Thread-84] DEBUG org.activiti.engine.impl.history.DefaultHistoryManager  - Current history level: FULL, level required: ACTIVITY
10:47:16,400 [Thread-81] DEBUG org.activiti.engine.impl.history.DefaultHistoryManager  - Current history level: FULL, level required: ACTIVITY
10:47:16,400 [Thread-84] DEBUG org.activiti.engine.impl.interceptor.LogInterceptor  - 

10:47:16,400 [Thread-84] DEBUG org.activiti.engine.impl.interceptor.LogInterceptor  - --- starting GetNextIdBlockCmd --------------------------------------------------------
10:47:16,400 [Thread-85] DEBUG org.apache.ibatis.datasource.pooled.PooledDataSource  - Waiting as long as 20000 milliseconds for connection.
10:47:16,400 [Thread-84] DEBUG org.apache.ibatis.transaction.jdbc.JdbcTransaction  - Opening JDBC Connection
10:47:16,400 [Thread-84] DEBUG org.apache.ibatis.datasource.pooled.PooledDataSource  - Checked out connection 1094226572 from pool.
10:47:16,400 [Thread-97] DEBUG org.apache.ibatis.datasource.pooled.PooledDataSource  - Waiting as long as 20000 milliseconds for connection.
10:47:16,400 [Thread-84] DEBUG org.apache.ibatis.transaction.jdbc.JdbcTransaction  - Setting autocommit to false on JDBC Connection [conn54: url=jdbc:h2:mem:activiti user=SA]
10:47:16,400 [Thread-84] DEBUG org.activiti.engine.impl.persistence.entity.PropertyEntity.selectProperty  - ==&gt;  Preparing: select * from ACT_GE_PROPERTY where NAME_ = ? 
10:47:16,400 [Thread-94] DEBUG org.apache.ibatis.datasource.pooled.PooledDataSource  - Waiting as long as 20000 milliseconds for connection.
10:47:16,400 [Thread-84] DEBUG org.activiti.engine.impl.persistence.entity.PropertyEntity.selectProperty  - ==&gt; Parameters: next.dbid(String)
10:47:16,400 [Thread-95] DEBUG org.apache.ibatis.datasource.pooled.PooledDataSource  - Waiting as long as 20000 milliseconds for connection.
10:47:16,400 [Thread-84] DEBUG org.activiti.engine.impl.persistence.entity.PropertyEntity.selectProperty  - &lt;==      Total: 1
10:47:16,400 [Thread-93] DEBUG org.apache.ibatis.datasource.pooled.PooledDataSource  - Waiting as long as 20000 milliseconds for connection.
10:47:16,400 [Thread-84] DEBUG org.activiti.engine.impl.db.DbSqlSession  -   update PropertyEntity[name=next.dbid, value=58]
10:47:16,400 [Thread-84] DEBUG org.activiti.engine.impl.db.DbSqlSession  - flush summary: 0 insert, 1 update, 0 delete.
10:47:16,400 [Thread-84] DEBUG org.activiti.engine.impl.db.DbSqlSession  - now executing flush...
10:47:16,400 [Thread-92] DEBUG org.apache.ibatis.datasource.pooled.PooledDataSource  - Waiting as long as 20000 milliseconds for connection.
10:47:16,400 [Thread-84] DEBUG org.activiti.engine.impl.db.DbSqlSession  - updating: PropertyEntity[name=next.dbid, value=58]
10:47:16,400 [Thread-88] DEBUG org.apache.ibatis.datasource.pooled.PooledDataSource  - Waiting as long as 20000 milliseconds for connection.
10:47:16,400 [Thread-84] DEBUG org.activiti.engine.impl.persistence.entity.PropertyEntity.updateProperty  - ==&gt;  Preparing: update ACT_GE_PROPERTY SET REV_ = ?, VALUE_ = ? where NAME_ = ? and REV_ = ? 
10:47:16,400 [Thread-89] DEBUG org.apache.ibatis.datasource.pooled.PooledDataSource  - Waiting as long as 20000 milliseconds for connection.
10:47:16,400 [Thread-84] DEBUG org.activiti.engine.impl.persistence.entity.PropertyEntity.updateProperty  - ==&gt; Parameters: 20(Integer), 58(String), next.dbid(String), 19(Integer)
10:47:16,401 [Thread-82] DEBUG org.apache.ibatis.datasource.pooled.PooledDataSource  - Waiting as long as 20000 milliseconds for connection.
10:47:16,401 [Thread-84] DEBUG org.activiti.engine.impl.persistence.entity.PropertyEntity.updateProperty  - &lt;==    Updates: 1
10:47:16,401 [Thread-84] DEBUG org.activiti.engine.impl.cfg.standalone.StandaloneMybatisTransactionContext  - firing event committing...
10:47:16,401 [Thread-84] DEBUG org.activiti.engine.impl.cfg.standalone.StandaloneMybatisTransactionContext  - committing the ibatis sql session...
10:47:16,401 [Thread-84] DEBUG org.apache.ibatis.transaction.jdbc.JdbcTransaction  - Committing JDBC Connection [conn54: url=jdbc:h2:mem:activiti user=SA]
10:47:16,401 [Thread-87] DEBUG org.apache.ibatis.datasource.pooled.PooledDataSource  - Waiting as long as 20000 milliseconds for connection.
10:47:16,401 [Thread-84] DEBUG org.activiti.engine.impl.cfg.standalone.StandaloneMybatisTransactionContext  - firing event committed...
10:47:16,401 [Thread-84] DEBUG org.apache.ibatis.transaction.jdbc.JdbcTransaction  - Resetting autocommit to true on JDBC Connection [conn54: url=jdbc:h2:mem:activiti user=SA]
10:47:16,401 [Thread-84] DEBUG org.apache.ibatis.transaction.jdbc.JdbcTransaction  - Closing JDBC Connection [conn54: url=jdbc:h2:mem:activiti user=SA]
10:47:16,401 [Thread-84] DEBUG org.apache.ibatis.datasource.pooled.PooledDataSource  - Returned connection 1094226572 to pool.
10:47:16,401 [Thread-90] DEBUG org.apache.ibatis.datasource.pooled.PooledDataSource  - Waiting as long as 20000 milliseconds for connection.
10:47:16,401 [Thread-84] DEBUG org.activiti.engine.impl.interceptor.LogInterceptor  - --- GetNextIdBlockCmd finished --------------------------------------------------------
10:47:16,401 [Thread-84] DEBUG org.activiti.engine.impl.interceptor.LogInterceptor  - 

10:47:16,401 [Thread-91] DEBUG org.apache.ibatis.datasource.pooled.PooledDataSource  - Waiting as long as 20000 milliseconds for connection.
10:47:16,401 [Thread-84] DEBUG org.activiti.engine.impl.pvm.runtime.AtomicOperationActivityExecute  - ProcessInstance[54] executes Activity(theStart): org.activiti.engine.impl.bpmn.behavior.NoneStartEventActivityBehavior
10:47:16,401 [Thread-81] DEBUG org.activiti.engine.impl.pvm.runtime.AtomicOperationActivityExecute  - ProcessInstance[52] executes Activity(javaService): org.activiti.engine.impl.bpmn.helper.ClassDelegate
10:47:16,401 [Thread-84] DEBUG org.activiti.engine.impl.persistence.entity.JobEntity.selectJobsByExecutionId  - ==&gt;  Preparing: select * from ACT_RU_JOB J where J.EXECUTION_ID_ = ? 
10:47:16,401 [Thread-81] DEBUG org.activiti.engine.impl.db.DbSqlSession  -   insert ProcessInstance[52]
10:47:16,401 [Thread-81] DEBUG org.activiti.engine.impl.db.DbSqlSession  -   insert HistoricProcessInstanceEntity[superProcessInstanceId=null]
10:47:16,401 [Thread-81] DEBUG org.activiti.engine.impl.db.DbSqlSession  -   insert HistoricActivityInstanceEntity[activityId=theStart, activityName=null]
10:47:16,401 [Thread-81] DEBUG org.activiti.engine.impl.db.DbSqlSession  -   insert HistoricActivityInstanceEntity[activityId=javaService, activityName=Java service invocation]
10:47:16,401 [Thread-81] DEBUG org.activiti.engine.impl.db.DbSqlSession  - flush summary: 4 insert, 0 update, 0 delete.
10:47:16,401 [Thread-81] DEBUG org.activiti.engine.impl.db.DbSqlSession  - now executing flush...
10:47:16,401 [Thread-81] DEBUG org.activiti.engine.impl.db.DbSqlSession  - inserting: HistoricProcessInstanceEntity[superProcessInstanceId=null]
10:47:16,401 [Thread-84] DEBUG org.activiti.engine.impl.persistence.entity.JobEntity.selectJobsByExecutionId  - ==&gt; Parameters: 54(String)
10:47:16,401 [Thread-81] DEBUG org.activiti.engine.impl.persistence.entity.HistoricProcessInstanceEntity.insertHistoricProcessInstance  - ==&gt;  Preparing: insert into ACT_HI_PROCINST ( ID_, PROC_INST_ID_, BUSINESS_KEY_, PROC_DEF_ID_, START_TIME_, END_TIME_, DURATION_, START_USER_ID_, START_ACT_ID_, END_ACT_ID_, SUPER_PROCESS_INSTANCE_ID_, DELETE_REASON_, TENANT_ID_, NAME_ ) values ( ?, ?, ?, ?, ?, ?, ?, ?, ?, ?, ?, ?, ?, ? ) 
10:47:16,401 [Thread-84] DEBUG org.activiti.engine.impl.persistence.entity.JobEntity.selectJobsByExecutionId  - &lt;==      Total: 0
10:47:16,401 [Thread-84] DEBUG org.activiti.engine.impl.bpmn.behavior.BpmnActivityBehavior  - Leaving activity &apos;theStart&apos;
10:47:16,401 [Thread-81] DEBUG org.activiti.engine.impl.persistence.entity.HistoricProcessInstanceEntity.insertHistoricProcessInstance  - ==&gt; Parameters: 52(String), 52(String), null, idGeneratorDataSource:1:3(String), 2015-01-01 00:00:00.0(Timestamp), null, null, null, theStart(String), null, null, null, (String), null
10:47:16,401 [Thread-84] DEBUG org.activiti.engine.impl.history.DefaultHistoryManager  - Current history level: FULL, level required: ACTIVITY
10:47:16,401 [Thread-81] DEBUG org.activiti.engine.impl.persistence.entity.HistoricProcessInstanceEntity.insertHistoricProcessInstance  - &lt;==    Updates: 1
10:47:16,402 [Thread-84] DEBUG org.activiti.engine.impl.pvm.runtime.AtomicOperationTransitionNotifyListenerTake  - ProcessInstance[54] takes transition (theStart)--flow1--&gt;(javaService)
10:47:16,402 [Thread-84] DEBUG org.activiti.engine.impl.history.DefaultHistoryManager  - Current history level: FULL, level required: ACTIVITY
10:47:16,402 [Thread-84] DEBUG org.activiti.engine.impl.pvm.runtime.AtomicOperationActivityExecute  - ProcessInstance[54] executes Activity(javaService): org.activiti.engine.impl.bpmn.helper.ClassDelegate
10:47:16,402 [Thread-84] DEBUG org.activiti.engine.impl.db.DbSqlSession  -   insert ProcessInstance[54]
10:47:16,402 [Thread-84] DEBUG org.activiti.engine.impl.db.DbSqlSession  -   insert HistoricProcessInstanceEntity[superProcessInstanceId=null]
10:47:16,402 [Thread-84] DEBUG org.activiti.engine.impl.db.DbSqlSession  -   insert HistoricActivityInstanceEntity[activityId=theStart, activityName=null]
10:47:16,402 [Thread-84] DEBUG org.activiti.engine.impl.db.DbSqlSession  -   insert HistoricActivityInstanceEntity[activityId=javaService, activityName=Java service invocation]
10:47:16,402 [Thread-84] DEBUG org.activiti.engine.impl.db.DbSqlSession  - flush summary: 4 insert, 0 update, 0 delete.
10:47:16,402 [Thread-84] DEBUG org.activiti.engine.impl.db.DbSqlSession  - now executing flush...
10:47:16,402 [Thread-84] DEBUG org.activiti.engine.impl.db.DbSqlSession  - inserting: HistoricProcessInstanceEntity[superProcessInstanceId=null]
10:47:16,402 [Thread-81] DEBUG org.activiti.engine.impl.persistence.entity.HistoricActivityInstanceEntity.bulkInsertHistoricActivityInstance  - ==&gt;  Preparing: insert into ACT_HI_ACTINST ( ID_, PROC_DEF_ID_, PROC_INST_ID_, EXECUTION_ID_, ACT_ID_, TASK_ID_, CALL_PROC_INST_ID_, ACT_NAME_, ACT_TYPE_, ASSIGNEE_, START_TIME_, END_TIME_, DURATION_, TENANT_ID_ ) values (?, ?, ?, ?, ?, ?, ?, ?, ?, ?, ?, ?, ?, ?) , (?, ?, ?, ?, ?, ?, ?, ?, ?, ?, ?, ?, ?, ?) 
10:47:16,402 [Thread-84] DEBUG org.activiti.engine.impl.persistence.entity.HistoricProcessInstanceEntity.insertHistoricProcessInstance  - ==&gt;  Preparing: insert into ACT_HI_PROCINST ( ID_, PROC_INST_ID_, BUSINESS_KEY_, PROC_DEF_ID_, START_TIME_, END_TIME_, DURATION_, START_USER_ID_, START_ACT_ID_, END_ACT_ID_, SUPER_PROCESS_INSTANCE_ID_, DELETE_REASON_, TENANT_ID_, NAME_ ) values ( ?, ?, ?, ?, ?, ?, ?, ?, ?, ?, ?, ?, ?, ? ) 
10:47:16,402 [Thread-81] DEBUG org.activiti.engine.impl.persistence.entity.HistoricActivityInstanceEntity.bulkInsertHistoricActivityInstance  - ==&gt; Parameters: 53(String), idGeneratorDataSource:1:3(String), 52(String), 52(String), theStart(String), null, null, null, startEvent(String), null, 2015-01-01 00:00:00.0(Timestamp), 2015-01-01 00:00:00.0(Timestamp), 0(Long), (String), 56(String), idGeneratorDataSource:1:3(String), 52(String), 52(String), javaService(String), null, null, Java service invocation(String), serviceTask(String), null, 2015-01-01 00:00:00.0(Timestamp), null, null, (String)
10:47:16,402 [Thread-84] DEBUG org.activiti.engine.impl.persistence.entity.HistoricProcessInstanceEntity.insertHistoricProcessInstance  - ==&gt; Parameters: 54(String), 54(String), null, idGeneratorDataSource:1:3(String), 2015-01-01 00:00:00.0(Timestamp), null, null, null, theStart(String), null, null, null, (String), null
10:47:16,402 [Thread-81] DEBUG org.activiti.engine.impl.persistence.entity.HistoricActivityInstanceEntity.bulkInsertHistoricActivityInstance  - &lt;==    Updates: 2
10:47:16,402 [Thread-81] DEBUG org.activiti.engine.impl.db.DbSqlSession  - inserting: ProcessInstance[52]
10:47:16,402 [Thread-81] DEBUG org.activiti.engine.impl.persistence.entity.ExecutionEntity.insertExecution  - ==&gt;  Preparing: insert into ACT_RU_EXECUTION (ID_, REV_, PROC_INST_ID_, BUSINESS_KEY_, PROC_DEF_ID_, ACT_ID_, IS_ACTIVE_, IS_CONCURRENT_, IS_SCOPE_,IS_EVENT_SCOPE_, PARENT_ID_, SUPER_EXEC_, SUSPENSION_STATE_, CACHED_ENT_STATE_, TENANT_ID_, NAME_) values ( ?, 1, ?, ?, ?, ?, ?, ?, ?, ?, ?, ?, ?, ?, ?, ? ) 
10:47:16,402 [Thread-81] DEBUG org.activiti.engine.impl.persistence.entity.ExecutionEntity.insertExecution  - ==&gt; Parameters: 52(String), 52(String), null, idGeneratorDataSource:1:3(String), javaService(String), true(Boolean), false(Boolean), true(Boolean), false(Boolean), null, null, 1(Integer), 2(Integer), (String), null
10:47:16,402 [Thread-81] DEBUG org.activiti.engine.impl.persistence.entity.ExecutionEntity.insertExecution  - &lt;==    Updates: 1
10:47:16,402 [Thread-81] DEBUG org.activiti.engine.impl.cfg.standalone.StandaloneMybatisTransactionContext  - firing event committing...
10:47:16,402 [Thread-81] DEBUG org.activiti.engine.impl.cfg.standalone.StandaloneMybatisTransactionContext  - committing the ibatis sql session...
10:47:16,402 [Thread-81] DEBUG org.apache.ibatis.transaction.jdbc.JdbcTransaction  - Committing JDBC Connection [conn55: url=jdbc:h2:mem:activiti user=SA]
10:47:16,402 [Thread-81] DEBUG org.activiti.engine.impl.cfg.standalone.StandaloneMybatisTransactionContext  - firing event committed...
10:47:16,402 [Thread-81] DEBUG org.apache.ibatis.transaction.jdbc.JdbcTransaction  - Resetting autocommit to true on JDBC Connection [conn55: url=jdbc:h2:mem:activiti user=SA]
10:47:16,402 [Thread-81] DEBUG org.apache.ibatis.transaction.jdbc.JdbcTransaction  - Closing JDBC Connection [conn55: url=jdbc:h2:mem:activiti user=SA]
10:47:16,402 [Thread-81] DEBUG org.apache.ibatis.datasource.pooled.PooledDataSource  - Returned connection 14606730 to pool.
10:47:16,402 [Thread-84] DEBUG org.activiti.engine.impl.persistence.entity.HistoricProcessInstanceEntity.insertHistoricProcessInstance  - &lt;==    Updates: 1
10:47:16,402 [Thread-91] DEBUG org.apache.ibatis.datasource.pooled.PooledDataSource  - Checked out connection 14606730 from pool.
10:47:16,402 [Thread-81] DEBUG org.activiti.engine.impl.interceptor.LogInterceptor  - --- StartProcessInstanceCmd finished --------------------------------------------------------
10:47:16,403 [Thread-84] DEBUG org.activiti.engine.impl.persistence.entity.HistoricActivityInstanceEntity.bulkInsertHistoricActivityInstance  - ==&gt;  Preparing: insert into ACT_HI_ACTINST ( ID_, PROC_DEF_ID_, PROC_INST_ID_, EXECUTION_ID_, ACT_ID_, TASK_ID_, CALL_PROC_INST_ID_, ACT_NAME_, ACT_TYPE_, ASSIGNEE_, START_TIME_, END_TIME_, DURATION_, TENANT_ID_ ) values (?, ?, ?, ?, ?, ?, ?, ?, ?, ?, ?, ?, ?, ?) , (?, ?, ?, ?, ?, ?, ?, ?, ?, ?, ?, ?, ?, ?) 
10:47:16,403 [Thread-81] DEBUG org.activiti.engine.impl.interceptor.LogInterceptor  - 

10:47:16,403 [Thread-81] DEBUG org.activiti.engine.impl.interceptor.LogInterceptor  - 

10:47:16,403 [Thread-84] DEBUG org.activiti.engine.impl.persistence.entity.HistoricActivityInstanceEntity.bulkInsertHistoricActivityInstance  - ==&gt; Parameters: 55(String), idGeneratorDataSource:1:3(String), 54(String), 54(String), theStart(String), null, null, null, startEvent(String), null, 2015-01-01 00:00:00.0(Timestamp), 2015-01-01 00:00:00.0(Timestamp), 0(Long), (String), 57(String), idGeneratorDataSource:1:3(String), 54(String), 54(String), javaService(String), null, null, Java service invocation(String), serviceTask(String), null, 2015-01-01 00:00:00.0(Timestamp), null, null, (String)
10:47:16,403 [Thread-90] DEBUG org.apache.ibatis.datasource.pooled.PooledDataSource  - Waiting as long as 20000 milliseconds for connection.
10:47:16,403 [Thread-91] DEBUG org.apache.ibatis.transaction.jdbc.JdbcTransaction  - Setting autocommit to false on JDBC Connection [conn55: url=jdbc:h2:mem:activiti user=SA]
10:47:16,403 [Thread-87] DEBUG org.apache.ibatis.datasource.pooled.PooledDataSource  - Waiting as long as 20000 milliseconds for connection.
10:47:16,403 [Thread-84] DEBUG org.activiti.engine.impl.persistence.entity.HistoricActivityInstanceEntity.bulkInsertHistoricActivityInstance  - &lt;==    Updates: 2
10:47:16,403 [Thread-84] DEBUG org.activiti.engine.impl.db.DbSqlSession  - inserting: ProcessInstance[54]
10:47:16,403 [Thread-81] DEBUG org.activiti.engine.impl.interceptor.LogInterceptor  - --- starting StartProcessInstanceCmd --------------------------------------------------------
10:47:16,403 [Thread-84] DEBUG org.activiti.engine.impl.persistence.entity.ExecutionEntity.insertExecution  - ==&gt;  Preparing: insert into ACT_RU_EXECUTION (ID_, REV_, PROC_INST_ID_, BUSINESS_KEY_, PROC_DEF_ID_, ACT_ID_, IS_ACTIVE_, IS_CONCURRENT_, IS_SCOPE_,IS_EVENT_SCOPE_, PARENT_ID_, SUPER_EXEC_, SUSPENSION_STATE_, CACHED_ENT_STATE_, TENANT_ID_, NAME_) values ( ?, 1, ?, ?, ?, ?, ?, ?, ?, ?, ?, ?, ?, ?, ?, ? ) 
10:47:16,403 [Thread-82] DEBUG org.apache.ibatis.datasource.pooled.PooledDataSource  - Waiting as long as 20000 milliseconds for connection.
10:47:16,403 [Thread-91] DEBUG org.activiti.engine.impl.persistence.entity.ProcessDefinitionEntity.selectLatestProcessDefinitionByKey  - ==&gt;  Preparing: select * from ACT_RE_PROCDEF where KEY_ = ? and (TENANT_ID_ = &apos;&apos; or TENANT_ID_ is null) and VERSION_ = (select max(VERSION_) from ACT_RE_PROCDEF where KEY_ = ? and (TENANT_ID_ = &apos;&apos; or TENANT_ID_ is null)) 
10:47:16,403 [Thread-89] DEBUG org.apache.ibatis.datasource.pooled.PooledDataSource  - Waiting as long as 20000 milliseconds for connection.
10:47:16,403 [Thread-84] DEBUG org.activiti.engine.impl.persistence.entity.ExecutionEntity.insertExecution  - ==&gt; Parameters: 54(String), 54(String), null, idGeneratorDataSource:1:3(String), javaService(String), true(Boolean), false(Boolean), true(Boolean), false(Boolean), null, null, 1(Integer), 2(Integer), (String), null
10:47:16,403 [Thread-81] DEBUG org.apache.ibatis.transaction.jdbc.JdbcTransaction  - Opening JDBC Connection
10:47:16,403 [Thread-84] DEBUG org.activiti.engine.impl.persistence.entity.ExecutionEntity.insertExecution  - &lt;==    Updates: 1
10:47:16,403 [Thread-88] DEBUG org.apache.ibatis.datasource.pooled.PooledDataSource  - Waiting as long as 20000 milliseconds for connection.
10:47:16,403 [Thread-91] DEBUG org.activiti.engine.impl.persistence.entity.ProcessDefinitionEntity.selectLatestProcessDefinitionByKey  - ==&gt; Parameters: idGeneratorDataSource(String), idGeneratorDataSource(String)
10:47:16,403 [Thread-92] DEBUG org.apache.ibatis.datasource.pooled.PooledDataSource  - Waiting as long as 20000 milliseconds for connection.
10:47:16,403 [Thread-84] DEBUG org.activiti.engine.impl.cfg.standalone.StandaloneMybatisTransactionContext  - firing event committing...
10:47:16,403 [Thread-84] DEBUG org.activiti.engine.impl.cfg.standalone.StandaloneMybatisTransactionContext  - committing the ibatis sql session...
10:47:16,404 [Thread-84] DEBUG org.apache.ibatis.transaction.jdbc.JdbcTransaction  - Committing JDBC Connection [conn53: url=jdbc:h2:mem:activiti user=SA]
10:47:16,404 [Thread-84] DEBUG org.activiti.engine.impl.cfg.standalone.StandaloneMybatisTransactionContext  - firing event committed...
10:47:16,404 [Thread-84] DEBUG org.apache.ibatis.transaction.jdbc.JdbcTransaction  - Resetting autocommit to true on JDBC Connection [conn53: url=jdbc:h2:mem:activiti user=SA]
10:47:16,404 [Thread-84] DEBUG org.apache.ibatis.transaction.jdbc.JdbcTransaction  - Closing JDBC Connection [conn53: url=jdbc:h2:mem:activiti user=SA]
10:47:16,403 [Thread-93] DEBUG org.apache.ibatis.datasource.pooled.PooledDataSource  - Waiting as long as 20000 milliseconds for connection.
10:47:16,403 [Thread-91] DEBUG org.activiti.engine.impl.persistence.entity.ProcessDefinitionEntity.selectLatestProcessDefinitionByKey  - &lt;==      Total: 1
10:47:16,404 [Thread-95] DEBUG org.apache.ibatis.datasource.pooled.PooledDataSource  - Waiting as long as 20000 milliseconds for connection.
10:47:16,404 [Thread-91] DEBUG org.activiti.engine.impl.interceptor.LogInterceptor  - 

10:47:16,404 [Thread-91] DEBUG org.activiti.engine.impl.interceptor.LogInterceptor  - --- starting GetNextIdBlockCmd --------------------------------------------------------
10:47:16,404 [Thread-94] DEBUG org.apache.ibatis.datasource.pooled.PooledDataSource  - Waiting as long as 20000 milliseconds for connection.
10:47:16,404 [Thread-91] DEBUG org.apache.ibatis.transaction.jdbc.JdbcTransaction  - Opening JDBC Connection
10:47:16,404 [Thread-91] DEBUG org.apache.ibatis.datasource.pooled.PooledDataSource  - Checked out connection 1094226572 from pool.
10:47:16,404 [Thread-97] DEBUG org.apache.ibatis.datasource.pooled.PooledDataSource  - Waiting as long as 20000 milliseconds for connection.
10:47:16,404 [Thread-91] DEBUG org.apache.ibatis.transaction.jdbc.JdbcTransaction  - Setting autocommit to false on JDBC Connection [conn54: url=jdbc:h2:mem:activiti user=SA]
10:47:16,404 [Thread-91] DEBUG org.activiti.engine.impl.persistence.entity.PropertyEntity.selectProperty  - ==&gt;  Preparing: select * from ACT_GE_PROPERTY where NAME_ = ? 
10:47:16,404 [Thread-85] DEBUG org.apache.ibatis.datasource.pooled.PooledDataSource  - Waiting as long as 20000 milliseconds for connection.
10:47:16,404 [Thread-91] DEBUG org.activiti.engine.impl.persistence.entity.PropertyEntity.selectProperty  - ==&gt; Parameters: next.dbid(String)
10:47:16,404 [Thread-100] DEBUG org.apache.ibatis.datasource.pooled.PooledDataSource  - Waiting as long as 20000 milliseconds for connection.
10:47:16,404 [Thread-99] DEBUG org.apache.ibatis.datasource.pooled.PooledDataSource  - Waiting as long as 20000 milliseconds for connection.
10:47:16,404 [Thread-91] DEBUG org.activiti.engine.impl.persistence.entity.PropertyEntity.selectProperty  - &lt;==      Total: 1
10:47:16,404 [Thread-83] DEBUG org.apache.ibatis.datasource.pooled.PooledDataSource  - Waiting as long as 20000 milliseconds for connection.
10:47:16,405 [Thread-91] DEBUG org.activiti.engine.impl.db.DbSqlSession  -   update PropertyEntity[name=next.dbid, value=61]
10:47:16,405 [Thread-91] DEBUG org.activiti.engine.impl.db.DbSqlSession  - flush summary: 0 insert, 1 update, 0 delete.
10:47:16,405 [Thread-91] DEBUG org.activiti.engine.impl.db.DbSqlSession  - now executing flush...
10:47:16,405 [Thread-91] DEBUG org.activiti.engine.impl.db.DbSqlSession  - updating: PropertyEntity[name=next.dbid, value=61]
10:47:16,405 [Thread-96] DEBUG org.apache.ibatis.datasource.pooled.PooledDataSource  - Waiting as long as 20000 milliseconds for connection.
10:47:16,405 [Thread-91] DEBUG org.activiti.engine.impl.persistence.entity.PropertyEntity.updateProperty  - ==&gt;  Preparing: update ACT_GE_PROPERTY SET REV_ = ?, VALUE_ = ? where NAME_ = ? and REV_ = ? 
10:47:16,405 [Thread-84] DEBUG org.apache.ibatis.datasource.pooled.PooledDataSource  - Returned connection 826925275 to pool.
10:47:16,405 [Thread-84] DEBUG org.activiti.engine.impl.interceptor.LogInterceptor  - --- StartProcessInstanceCmd finished --------------------------------------------------------
10:47:16,405 [Thread-81] DEBUG org.apache.ibatis.datasource.pooled.PooledDataSource  - Checked out connection 826925275 from pool.
10:47:16,405 [Thread-91] DEBUG org.activiti.engine.impl.persistence.entity.PropertyEntity.updateProperty  - ==&gt; Parameters: 21(Integer), 61(String), next.dbid(String), 20(Integer)
10:47:16,405 [Thread-96] DEBUG org.apache.ibatis.datasource.pooled.PooledDataSource  - Waiting as long as 20000 milliseconds for connection.
10:47:16,405 [Thread-81] DEBUG org.apache.ibatis.transaction.jdbc.JdbcTransaction  - Setting autocommit to false on JDBC Connection [conn53: url=jdbc:h2:mem:activiti user=SA]
10:47:16,405 [Thread-84] DEBUG org.activiti.engine.impl.interceptor.LogInterceptor  - 

10:47:16,405 [Thread-81] DEBUG org.activiti.engine.impl.persistence.entity.ProcessDefinitionEntity.selectLatestProcessDefinitionByKey  - ==&gt;  Preparing: select * from ACT_RE_PROCDEF where KEY_ = ? and (TENANT_ID_ = &apos;&apos; or TENANT_ID_ is null) and VERSION_ = (select max(VERSION_) from ACT_RE_PROCDEF where KEY_ = ? and (TENANT_ID_ = &apos;&apos; or TENANT_ID_ is null)) 
10:47:16,405 [Thread-83] DEBUG org.apache.ibatis.datasource.pooled.PooledDataSource  - Waiting as long as 20000 milliseconds for connection.
10:47:16,405 [Thread-91] DEBUG org.activiti.engine.impl.persistence.entity.PropertyEntity.updateProperty  - &lt;==    Updates: 1
10:47:16,405 [Thread-91] DEBUG org.activiti.engine.impl.cfg.standalone.StandaloneMybatisTransactionContext  - firing event committing...
10:47:16,405 [Thread-91] DEBUG org.activiti.engine.impl.cfg.standalone.StandaloneMybatisTransactionContext  - committing the ibatis sql session...
10:47:16,405 [Thread-91] DEBUG org.apache.ibatis.transaction.jdbc.JdbcTransaction  - Committing JDBC Connection [conn54: url=jdbc:h2:mem:activiti user=SA]
10:47:16,405 [Thread-91] DEBUG org.activiti.engine.impl.cfg.standalone.StandaloneMybatisTransactionContext  - firing event committed...
10:47:16,405 [Thread-91] DEBUG org.apache.ibatis.transaction.jdbc.JdbcTransaction  - Resetting autocommit to true on JDBC Connection [conn54: url=jdbc:h2:mem:activiti user=SA]
10:47:16,405 [Thread-91] DEBUG org.apache.ibatis.transaction.jdbc.JdbcTransaction  - Closing JDBC Connection [conn54: url=jdbc:h2:mem:activiti user=SA]
10:47:16,405 [Thread-91] DEBUG org.apache.ibatis.datasource.pooled.PooledDataSource  - Returned connection 1094226572 to pool.
10:47:16,405 [Thread-99] DEBUG org.apache.ibatis.datasource.pooled.PooledDataSource  - Waiting as long as 20000 milliseconds for connection.
10:47:16,405 [Thread-81] DEBUG org.activiti.engine.impl.persistence.entity.ProcessDefinitionEntity.selectLatestProcessDefinitionByKey  - ==&gt; Parameters: idGeneratorDataSource(String), idGeneratorDataSource(String)
10:47:16,406 [Thread-100] DEBUG org.apache.ibatis.datasource.pooled.PooledDataSource  - Waiting as long as 20000 milliseconds for connection.
10:47:16,405 [Thread-91] DEBUG org.activiti.engine.impl.interceptor.LogInterceptor  - --- GetNextIdBlockCmd finished --------------------------------------------------------
10:47:16,406 [Thread-91] DEBUG org.activiti.engine.impl.interceptor.LogInterceptor  - 

10:47:16,406 [Thread-81] DEBUG org.activiti.engine.impl.persistence.entity.ProcessDefinitionEntity.selectLatestProcessDefinitionByKey  - &lt;==      Total: 1
10:47:16,406 [Thread-91] DEBUG org.activiti.engine.impl.persistence.entity.ExecutionEntity  - initializing ProcessInstance[58]
10:47:16,406 [Thread-91] DEBUG org.activiti.engine.impl.history.DefaultHistoryManager  - Current history level: FULL, level required: ACTIVITY
10:47:16,406 [Thread-85] DEBUG org.apache.ibatis.datasource.pooled.PooledDataSource  - Waiting as long as 20000 milliseconds for connection.
10:47:16,406 [Thread-91] DEBUG org.activiti.engine.impl.pvm.runtime.AtomicOperationActivityExecute  - ProcessInstance[58] executes Activity(theStart): org.activiti.engine.impl.bpmn.behavior.NoneStartEventActivityBehavior
10:47:16,406 [Thread-81] DEBUG org.activiti.engine.impl.persistence.entity.ExecutionEntity  - initializing ProcessInstance[59]
10:47:16,406 [Thread-91] DEBUG org.activiti.engine.impl.persistence.entity.JobEntity.selectJobsByExecutionId  - ==&gt;  Preparing: select * from ACT_RU_JOB J where J.EXECUTION_ID_ = ? 
10:47:16,406 [Thread-97] DEBUG org.apache.ibatis.datasource.pooled.PooledDataSource  - Waiting as long as 20000 milliseconds for connection.
10:47:16,406 [Thread-91] DEBUG org.activiti.engine.impl.persistence.entity.JobEntity.selectJobsByExecutionId  - ==&gt; Parameters: 58(String)
10:47:16,406 [Thread-81] DEBUG org.activiti.engine.impl.history.DefaultHistoryManager  - Current history level: FULL, level required: ACTIVITY
10:47:16,406 [Thread-91] DEBUG org.activiti.engine.impl.persistence.entity.JobEntity.selectJobsByExecutionId  - &lt;==      Total: 0
10:47:16,406 [Thread-91] DEBUG org.activiti.engine.impl.bpmn.behavior.BpmnActivityBehavior  - Leaving activity &apos;theStart&apos;
10:47:16,406 [Thread-94] DEBUG org.apache.ibatis.datasource.pooled.PooledDataSource  - Waiting as long as 20000 milliseconds for connection.
10:47:16,406 [Thread-91] DEBUG org.activiti.engine.impl.history.DefaultHistoryManager  - Current history level: FULL, level required: ACTIVITY
10:47:16,406 [Thread-81] DEBUG org.activiti.engine.impl.interceptor.LogInterceptor  - 

10:47:16,406 [Thread-81] DEBUG org.activiti.engine.impl.interceptor.LogInterceptor  - --- starting GetNextIdBlockCmd --------------------------------------------------------
10:47:16,406 [Thread-91] DEBUG org.activiti.engine.impl.pvm.runtime.AtomicOperationTransitionNotifyListenerTake  - ProcessInstance[58] takes transition (theStart)--flow1--&gt;(javaService)
10:47:16,406 [Thread-95] DEBUG org.apache.ibatis.datasource.pooled.PooledDataSource  - Waiting as long as 20000 milliseconds for connection.
10:47:16,407 [Thread-91] DEBUG org.activiti.engine.impl.history.DefaultHistoryManager  - Current history level: FULL, level required: ACTIVITY
10:47:16,406 [Thread-81] DEBUG org.apache.ibatis.transaction.jdbc.JdbcTransaction  - Opening JDBC Connection
10:47:16,407 [Thread-81] DEBUG org.apache.ibatis.datasource.pooled.PooledDataSource  - Checked out connection 1094226572 from pool.
10:47:16,407 [Thread-93] DEBUG org.apache.ibatis.datasource.pooled.PooledDataSource  - Waiting as long as 20000 milliseconds for connection.
10:47:16,407 [Thread-81] DEBUG org.apache.ibatis.transaction.jdbc.JdbcTransaction  - Setting autocommit to false on JDBC Connection [conn54: url=jdbc:h2:mem:activiti user=SA]
10:47:16,407 [Thread-81] DEBUG org.activiti.engine.impl.persistence.entity.PropertyEntity.selectProperty  - ==&gt;  Preparing: select * from ACT_GE_PROPERTY where NAME_ = ? 
10:47:16,407 [Thread-92] DEBUG org.apache.ibatis.datasource.pooled.PooledDataSource  - Waiting as long as 20000 milliseconds for connection.
10:47:16,407 [Thread-81] DEBUG org.activiti.engine.impl.persistence.entity.PropertyEntity.selectProperty  - ==&gt; Parameters: next.dbid(String)
10:47:16,407 [Thread-88] DEBUG org.apache.ibatis.datasource.pooled.PooledDataSource  - Waiting as long as 20000 milliseconds for connection.
10:47:16,407 [Thread-81] DEBUG org.activiti.engine.impl.persistence.entity.PropertyEntity.selectProperty  - &lt;==      Total: 1
10:47:16,407 [Thread-89] DEBUG org.apache.ibatis.datasource.pooled.PooledDataSource  - Waiting as long as 20000 milliseconds for connection.
10:47:16,407 [Thread-81] DEBUG org.activiti.engine.impl.db.DbSqlSession  -   update PropertyEntity[name=next.dbid, value=64]
10:47:16,407 [Thread-81] DEBUG org.activiti.engine.impl.db.DbSqlSession  - flush summary: 0 insert, 1 update, 0 delete.
10:47:16,407 [Thread-81] DEBUG org.activiti.engine.impl.db.DbSqlSession  - now executing flush...
10:47:16,407 [Thread-81] DEBUG org.activiti.engine.impl.db.DbSqlSession  - updating: PropertyEntity[name=next.dbid, value=64]
10:47:16,407 [Thread-82] DEBUG org.apache.ibatis.datasource.pooled.PooledDataSource  - Waiting as long as 20000 milliseconds for connection.
10:47:16,407 [Thread-81] DEBUG org.activiti.engine.impl.persistence.entity.PropertyEntity.updateProperty  - ==&gt;  Preparing: update ACT_GE_PROPERTY SET REV_ = ?, VALUE_ = ? where NAME_ = ? and REV_ = ? 
10:47:16,407 [Thread-87] DEBUG org.apache.ibatis.datasource.pooled.PooledDataSource  - Waiting as long as 20000 milliseconds for connection.
10:47:16,407 [Thread-90] DEBUG org.apache.ibatis.datasource.pooled.PooledDataSource  - Waiting as long as 20000 milliseconds for connection.
10:47:16,407 [Thread-81] DEBUG org.activiti.engine.impl.persistence.entity.PropertyEntity.updateProperty  - ==&gt; Parameters: 22(Integer), 64(String), next.dbid(String), 21(Integer)
10:47:16,407 [Thread-81] DEBUG org.activiti.engine.impl.persistence.entity.PropertyEntity.updateProperty  - &lt;==    Updates: 1
10:47:16,408 [Thread-81] DEBUG org.activiti.engine.impl.cfg.standalone.StandaloneMybatisTransactionContext  - firing event committing...
10:47:16,408 [Thread-81] DEBUG org.activiti.engine.impl.cfg.standalone.StandaloneMybatisTransactionContext  - committing the ibatis sql session...
10:47:16,408 [Thread-81] DEBUG org.apache.ibatis.transaction.jdbc.JdbcTransaction  - Committing JDBC Connection [conn54: url=jdbc:h2:mem:activiti user=SA]
10:47:16,408 [Thread-81] DEBUG org.activiti.engine.impl.cfg.standalone.StandaloneMybatisTransactionContext  - firing event committed...
10:47:16,408 [Thread-81] DEBUG org.apache.ibatis.transaction.jdbc.JdbcTransaction  - Resetting autocommit to true on JDBC Connection [conn54: url=jdbc:h2:mem:activiti user=SA]
10:47:16,408 [Thread-81] DEBUG org.apache.ibatis.transaction.jdbc.JdbcTransaction  - Closing JDBC Connection [conn54: url=jdbc:h2:mem:activiti user=SA]
10:47:16,408 [Thread-81] DEBUG org.apache.ibatis.datasource.pooled.PooledDataSource  - Returned connection 1094226572 to pool.
10:47:16,408 [Thread-81] DEBUG org.activiti.engine.impl.interceptor.LogInterceptor  - --- GetNextIdBlockCmd finished --------------------------------------------------------
10:47:16,408 [Thread-81] DEBUG org.activiti.engine.impl.interceptor.LogInterceptor  - 

10:47:16,408 [Thread-81] DEBUG org.activiti.engine.impl.pvm.runtime.AtomicOperationActivityExecute  - ProcessInstance[59] executes Activity(theStart): org.activiti.engine.impl.bpmn.behavior.NoneStartEventActivityBehavior
10:47:16,408 [Thread-91] DEBUG org.activiti.engine.impl.pvm.runtime.AtomicOperationActivityExecute  - ProcessInstance[58] executes Activity(javaService): org.activiti.engine.impl.bpmn.helper.ClassDelegate
10:47:16,408 [Thread-81] DEBUG org.activiti.engine.impl.persistence.entity.JobEntity.selectJobsByExecutionId  - ==&gt;  Preparing: select * from ACT_RU_JOB J where J.EXECUTION_ID_ = ? 
10:47:16,408 [Thread-81] DEBUG org.activiti.engine.impl.persistence.entity.JobEntity.selectJobsByExecutionId  - ==&gt; Parameters: 59(String)
10:47:16,408 [Thread-91] DEBUG org.activiti.engine.impl.db.DbSqlSession  -   insert ProcessInstance[58]
10:47:16,408 [Thread-91] DEBUG org.activiti.engine.impl.db.DbSqlSession  -   insert HistoricProcessInstanceEntity[superProcessInstanceId=null]
10:47:16,408 [Thread-91] DEBUG org.activiti.engine.impl.db.DbSqlSession  -   insert HistoricActivityInstanceEntity[activityId=theStart, activityName=null]
10:47:16,408 [Thread-91] DEBUG org.activiti.engine.impl.db.DbSqlSession  -   insert HistoricActivityInstanceEntity[activityId=javaService, activityName=Java service invocation]
10:47:16,408 [Thread-91] DEBUG org.activiti.engine.impl.db.DbSqlSession  - flush summary: 4 insert, 0 update, 0 delete.
10:47:16,408 [Thread-81] DEBUG org.activiti.engine.impl.persistence.entity.JobEntity.selectJobsByExecutionId  - &lt;==      Total: 0
10:47:16,408 [Thread-81] DEBUG org.activiti.engine.impl.bpmn.behavior.BpmnActivityBehavior  - Leaving activity &apos;theStart&apos;
10:47:16,408 [Thread-91] DEBUG org.activiti.engine.impl.db.DbSqlSession  - now executing flush...
10:47:16,408 [Thread-91] DEBUG org.activiti.engine.impl.db.DbSqlSession  - inserting: HistoricProcessInstanceEntity[superProcessInstanceId=null]
10:47:16,408 [Thread-81] DEBUG org.activiti.engine.impl.history.DefaultHistoryManager  - Current history level: FULL, level required: ACTIVITY
10:47:16,408 [Thread-91] DEBUG org.activiti.engine.impl.persistence.entity.HistoricProcessInstanceEntity.insertHistoricProcessInstance  - ==&gt;  Preparing: insert into ACT_HI_PROCINST ( ID_, PROC_INST_ID_, BUSINESS_KEY_, PROC_DEF_ID_, START_TIME_, END_TIME_, DURATION_, START_USER_ID_, START_ACT_ID_, END_ACT_ID_, SUPER_PROCESS_INSTANCE_ID_, DELETE_REASON_, TENANT_ID_, NAME_ ) values ( ?, ?, ?, ?, ?, ?, ?, ?, ?, ?, ?, ?, ?, ? ) 
10:47:16,408 [Thread-81] DEBUG org.activiti.engine.impl.pvm.runtime.AtomicOperationTransitionNotifyListenerTake  - ProcessInstance[59] takes transition (theStart)--flow1--&gt;(javaService)
10:47:16,408 [Thread-91] DEBUG org.activiti.engine.impl.persistence.entity.HistoricProcessInstanceEntity.insertHistoricProcessInstance  - ==&gt; Parameters: 58(String), 58(String), null, idGeneratorDataSource:1:3(String), 2015-01-01 00:00:00.0(Timestamp), null, null, null, theStart(String), null, null, null, (String), null
10:47:16,408 [Thread-81] DEBUG org.activiti.engine.impl.history.DefaultHistoryManager  - Current history level: FULL, level required: ACTIVITY
10:47:16,408 [Thread-91] DEBUG org.activiti.engine.impl.persistence.entity.HistoricProcessInstanceEntity.insertHistoricProcessInstance  - &lt;==    Updates: 1
10:47:16,408 [Thread-81] DEBUG org.activiti.engine.impl.pvm.runtime.AtomicOperationActivityExecute  - ProcessInstance[59] executes Activity(javaService): org.activiti.engine.impl.bpmn.helper.ClassDelegate
10:47:16,409 [Thread-81] DEBUG org.activiti.engine.impl.db.DbSqlSession  -   insert ProcessInstance[59]
10:47:16,409 [Thread-81] DEBUG org.activiti.engine.impl.db.DbSqlSession  -   insert HistoricProcessInstanceEntity[superProcessInstanceId=null]
10:47:16,409 [Thread-81] DEBUG org.activiti.engine.impl.db.DbSqlSession  -   insert HistoricActivityInstanceEntity[activityId=theStart, activityName=null]
10:47:16,409 [Thread-81] DEBUG org.activiti.engine.impl.db.DbSqlSession  -   insert HistoricActivityInstanceEntity[activityId=javaService, activityName=Java service invocation]
10:47:16,409 [Thread-91] DEBUG org.activiti.engine.impl.persistence.entity.HistoricActivityInstanceEntity.bulkInsertHistoricActivityInstance  - ==&gt;  Preparing: insert into ACT_HI_ACTINST ( ID_, PROC_DEF_ID_, PROC_INST_ID_, EXECUTION_ID_, ACT_ID_, TASK_ID_, CALL_PROC_INST_ID_, ACT_NAME_, ACT_TYPE_, ASSIGNEE_, START_TIME_, END_TIME_, DURATION_, TENANT_ID_ ) values (?, ?, ?, ?, ?, ?, ?, ?, ?, ?, ?, ?, ?, ?) , (?, ?, ?, ?, ?, ?, ?, ?, ?, ?, ?, ?, ?, ?) 
10:47:16,409 [Thread-81] DEBUG org.activiti.engine.impl.db.DbSqlSession  - flush summary: 4 insert, 0 update, 0 delete.
10:47:16,409 [Thread-81] DEBUG org.activiti.engine.impl.db.DbSqlSession  - now executing flush...
10:47:16,409 [Thread-81] DEBUG org.activiti.engine.impl.db.DbSqlSession  - inserting: HistoricProcessInstanceEntity[superProcessInstanceId=null]
10:47:16,409 [Thread-91] DEBUG org.activiti.engine.impl.persistence.entity.HistoricActivityInstanceEntity.bulkInsertHistoricActivityInstance  - ==&gt; Parameters: 60(String), idGeneratorDataSource:1:3(String), 58(String), 58(String), theStart(String), null, null, null, startEvent(String), null, 2015-01-01 00:00:00.0(Timestamp), 2015-01-01 00:00:00.0(Timestamp), 0(Long), (String), 62(String), idGeneratorDataSource:1:3(String), 58(String), 58(String), javaService(String), null, null, Java service invocation(String), serviceTask(String), null, 2015-01-01 00:00:00.0(Timestamp), null, null, (String)
10:47:16,409 [Thread-81] DEBUG org.activiti.engine.impl.persistence.entity.HistoricProcessInstanceEntity.insertHistoricProcessInstance  - ==&gt;  Preparing: insert into ACT_HI_PROCINST ( ID_, PROC_INST_ID_, BUSINESS_KEY_, PROC_DEF_ID_, START_TIME_, END_TIME_, DURATION_, START_USER_ID_, START_ACT_ID_, END_ACT_ID_, SUPER_PROCESS_INSTANCE_ID_, DELETE_REASON_, TENANT_ID_, NAME_ ) values ( ?, ?, ?, ?, ?, ?, ?, ?, ?, ?, ?, ?, ?, ? ) 
10:47:16,409 [Thread-91] DEBUG org.activiti.engine.impl.persistence.entity.HistoricActivityInstanceEntity.bulkInsertHistoricActivityInstance  - &lt;==    Updates: 2
10:47:16,409 [Thread-91] DEBUG org.activiti.engine.impl.db.DbSqlSession  - inserting: ProcessInstance[58]
10:47:16,409 [Thread-81] DEBUG org.activiti.engine.impl.persistence.entity.HistoricProcessInstanceEntity.insertHistoricProcessInstance  - ==&gt; Parameters: 59(String), 59(String), null, idGeneratorDataSource:1:3(String), 2015-01-01 00:00:00.0(Timestamp), null, null, null, theStart(String), null, null, null, (String), null
10:47:16,409 [Thread-91] DEBUG org.activiti.engine.impl.persistence.entity.ExecutionEntity.insertExecution  - ==&gt;  Preparing: insert into ACT_RU_EXECUTION (ID_, REV_, PROC_INST_ID_, BUSINESS_KEY_, PROC_DEF_ID_, ACT_ID_, IS_ACTIVE_, IS_CONCURRENT_, IS_SCOPE_,IS_EVENT_SCOPE_, PARENT_ID_, SUPER_EXEC_, SUSPENSION_STATE_, CACHED_ENT_STATE_, TENANT_ID_, NAME_) values ( ?, 1, ?, ?, ?, ?, ?, ?, ?, ?, ?, ?, ?, ?, ?, ? ) 
10:47:16,409 [Thread-91] DEBUG org.activiti.engine.impl.persistence.entity.ExecutionEntity.insertExecution  - ==&gt; Parameters: 58(String), 58(String), null, idGeneratorDataSource:1:3(String), javaService(String), true(Boolean), false(Boolean), true(Boolean), false(Boolean), null, null, 1(Integer), 2(Integer), (String), null
10:47:16,409 [Thread-91] DEBUG org.activiti.engine.impl.persistence.entity.ExecutionEntity.insertExecution  - &lt;==    Updates: 1
10:47:16,409 [Thread-91] DEBUG org.activiti.engine.impl.cfg.standalone.StandaloneMybatisTransactionContext  - firing event committing...
10:47:16,409 [Thread-91] DEBUG org.activiti.engine.impl.cfg.standalone.StandaloneMybatisTransactionContext  - committing the ibatis sql session...
10:47:16,409 [Thread-91] DEBUG org.apache.ibatis.transaction.jdbc.JdbcTransaction  - Committing JDBC Connection [conn55: url=jdbc:h2:mem:activiti user=SA]
10:47:16,409 [Thread-91] DEBUG org.activiti.engine.impl.cfg.standalone.StandaloneMybatisTransactionContext  - firing event committed...
10:47:16,409 [Thread-91] DEBUG org.apache.ibatis.transaction.jdbc.JdbcTransaction  - Resetting autocommit to true on JDBC Connection [conn55: url=jdbc:h2:mem:activiti user=SA]
10:47:16,409 [Thread-91] DEBUG org.apache.ibatis.transaction.jdbc.JdbcTransaction  - Closing JDBC Connection [conn55: url=jdbc:h2:mem:activiti user=SA]
10:47:16,409 [Thread-91] DEBUG org.apache.ibatis.datasource.pooled.PooledDataSource  - Returned connection 14606730 to pool.
10:47:16,409 [Thread-81] DEBUG org.activiti.engine.impl.persistence.entity.HistoricProcessInstanceEntity.insertHistoricProcessInstance  - &lt;==    Updates: 1
10:47:16,409 [Thread-90] DEBUG org.apache.ibatis.datasource.pooled.PooledDataSource  - Checked out connection 14606730 from pool.
10:47:16,409 [Thread-91] DEBUG org.activiti.engine.impl.interceptor.LogInterceptor  - --- StartProcessInstanceCmd finished --------------------------------------------------------
10:47:16,409 [Thread-91] DEBUG org.activiti.engine.impl.interceptor.LogInterceptor  - 

10:47:16,409 [Thread-91] DEBUG org.activiti.engine.impl.interceptor.LogInterceptor  - 

10:47:16,409 [Thread-91] DEBUG org.activiti.engine.impl.interceptor.LogInterceptor  - --- starting StartProcessInstanceCmd --------------------------------------------------------
10:47:16,409 [Thread-87] DEBUG org.apache.ibatis.datasource.pooled.PooledDataSource  - Waiting as long as 20000 milliseconds for connection.
10:47:16,409 [Thread-90] DEBUG org.apache.ibatis.transaction.jdbc.JdbcTransaction  - Setting autocommit to false on JDBC Connection [conn55: url=jdbc:h2:mem:activiti user=SA]
10:47:16,409 [Thread-82] DEBUG org.apache.ibatis.datasource.pooled.PooledDataSource  - Waiting as long as 20000 milliseconds for connection.
10:47:16,409 [Thread-91] DEBUG org.apache.ibatis.transaction.jdbc.JdbcTransaction  - Opening JDBC Connection
10:47:16,409 [Thread-81] DEBUG org.activiti.engine.impl.persistence.entity.HistoricActivityInstanceEntity.bulkInsertHistoricActivityInstance  - ==&gt;  Preparing: insert into ACT_HI_ACTINST ( ID_, PROC_DEF_ID_, PROC_INST_ID_, EXECUTION_ID_, ACT_ID_, TASK_ID_, CALL_PROC_INST_ID_, ACT_NAME_, ACT_TYPE_, ASSIGNEE_, START_TIME_, END_TIME_, DURATION_, TENANT_ID_ ) values (?, ?, ?, ?, ?, ?, ?, ?, ?, ?, ?, ?, ?, ?) , (?, ?, ?, ?, ?, ?, ?, ?, ?, ?, ?, ?, ?, ?) 
10:47:16,409 [Thread-89] DEBUG org.apache.ibatis.datasource.pooled.PooledDataSource  - Waiting as long as 20000 milliseconds for connection.
10:47:16,409 [Thread-90] DEBUG org.activiti.engine.impl.persistence.entity.ProcessDefinitionEntity.selectLatestProcessDefinitionByKey  - ==&gt;  Preparing: select * from ACT_RE_PROCDEF where KEY_ = ? and (TENANT_ID_ = &apos;&apos; or TENANT_ID_ is null) and VERSION_ = (select max(VERSION_) from ACT_RE_PROCDEF where KEY_ = ? and (TENANT_ID_ = &apos;&apos; or TENANT_ID_ is null)) 
10:47:16,409 [Thread-90] DEBUG org.activiti.engine.impl.persistence.entity.ProcessDefinitionEntity.selectLatestProcessDefinitionByKey  - ==&gt; Parameters: idGeneratorDataSource(String), idGeneratorDataSource(String)
10:47:16,409 [Thread-81] DEBUG org.activiti.engine.impl.persistence.entity.HistoricActivityInstanceEntity.bulkInsertHistoricActivityInstance  - ==&gt; Parameters: 61(String), idGeneratorDataSource:1:3(String), 59(String), 59(String), theStart(String), null, null, null, startEvent(String), null, 2015-01-01 00:00:00.0(Timestamp), 2015-01-01 00:00:00.0(Timestamp), 0(Long), (String), 63(String), idGeneratorDataSource:1:3(String), 59(String), 59(String), javaService(String), null, null, Java service invocation(String), serviceTask(String), null, 2015-01-01 00:00:00.0(Timestamp), null, null, (String)
10:47:16,409 [Thread-88] DEBUG org.apache.ibatis.datasource.pooled.PooledDataSource  - Waiting as long as 20000 milliseconds for connection.
10:47:16,410 [Thread-90] DEBUG org.activiti.engine.impl.persistence.entity.ProcessDefinitionEntity.selectLatestProcessDefinitionByKey  - &lt;==      Total: 1
10:47:16,410 [Thread-81] DEBUG org.activiti.engine.impl.persistence.entity.HistoricActivityInstanceEntity.bulkInsertHistoricActivityInstance  - &lt;==    Updates: 2
10:47:16,410 [Thread-81] DEBUG org.activiti.engine.impl.db.DbSqlSession  - inserting: ProcessInstance[59]
10:47:16,410 [Thread-90] DEBUG org.activiti.engine.impl.interceptor.LogInterceptor  - 

10:47:16,410 [Thread-90] DEBUG org.activiti.engine.impl.interceptor.LogInterceptor  - --- starting GetNextIdBlockCmd --------------------------------------------------------
10:47:16,410 [Thread-92] DEBUG org.apache.ibatis.datasource.pooled.PooledDataSource  - Waiting as long as 20000 milliseconds for connection.
10:47:16,410 [Thread-90] DEBUG org.apache.ibatis.transaction.jdbc.JdbcTransaction  - Opening JDBC Connection
10:47:16,410 [Thread-90] DEBUG org.apache.ibatis.datasource.pooled.PooledDataSource  - Checked out connection 1094226572 from pool.
10:47:16,410 [Thread-81] DEBUG org.activiti.engine.impl.persistence.entity.ExecutionEntity.insertExecution  - ==&gt;  Preparing: insert into ACT_RU_EXECUTION (ID_, REV_, PROC_INST_ID_, BUSINESS_KEY_, PROC_DEF_ID_, ACT_ID_, IS_ACTIVE_, IS_CONCURRENT_, IS_SCOPE_,IS_EVENT_SCOPE_, PARENT_ID_, SUPER_EXEC_, SUSPENSION_STATE_, CACHED_ENT_STATE_, TENANT_ID_, NAME_) values ( ?, 1, ?, ?, ?, ?, ?, ?, ?, ?, ?, ?, ?, ?, ?, ? ) 
10:47:16,410 [Thread-90] DEBUG org.apache.ibatis.transaction.jdbc.JdbcTransaction  - Setting autocommit to false on JDBC Connection [conn54: url=jdbc:h2:mem:activiti user=SA]
10:47:16,410 [Thread-90] DEBUG org.activiti.engine.impl.persistence.entity.PropertyEntity.selectProperty  - ==&gt;  Preparing: select * from ACT_GE_PROPERTY where NAME_ = ? 
10:47:16,410 [Thread-90] DEBUG org.activiti.engine.impl.persistence.entity.PropertyEntity.selectProperty  - ==&gt; Parameters: next.dbid(String)
10:47:16,410 [Thread-93] DEBUG org.apache.ibatis.datasource.pooled.PooledDataSource  - Waiting as long as 20000 milliseconds for connection.
10:47:16,410 [Thread-90] DEBUG org.activiti.engine.impl.persistence.entity.PropertyEntity.selectProperty  - &lt;==      Total: 1
10:47:16,410 [Thread-81] DEBUG org.activiti.engine.impl.persistence.entity.ExecutionEntity.insertExecution  - ==&gt; Parameters: 59(String), 59(String), null, idGeneratorDataSource:1:3(String), javaService(String), true(Boolean), false(Boolean), true(Boolean), false(Boolean), null, null, 1(Integer), 2(Integer), (String), null
10:47:16,410 [Thread-90] DEBUG org.activiti.engine.impl.db.DbSqlSession  -   update PropertyEntity[name=next.dbid, value=67]
10:47:16,410 [Thread-90] DEBUG org.activiti.engine.impl.db.DbSqlSession  - flush summary: 0 insert, 1 update, 0 delete.
10:47:16,410 [Thread-90] DEBUG org.activiti.engine.impl.db.DbSqlSession  - now executing flush...
10:47:16,410 [Thread-90] DEBUG org.activiti.engine.impl.db.DbSqlSession  - updating: PropertyEntity[name=next.dbid, value=67]
10:47:16,410 [Thread-95] DEBUG org.apache.ibatis.datasource.pooled.PooledDataSource  - Waiting as long as 20000 milliseconds for connection.
10:47:16,410 [Thread-90] DEBUG org.activiti.engine.impl.persistence.entity.PropertyEntity.updateProperty  - ==&gt;  Preparing: update ACT_GE_PROPERTY SET REV_ = ?, VALUE_ = ? where NAME_ = ? and REV_ = ? 
10:47:16,410 [Thread-81] DEBUG org.activiti.engine.impl.persistence.entity.ExecutionEntity.insertExecution  - &lt;==    Updates: 1
10:47:16,410 [Thread-81] DEBUG org.activiti.engine.impl.cfg.standalone.StandaloneMybatisTransactionContext  - firing event committing...
10:47:16,410 [Thread-81] DEBUG org.activiti.engine.impl.cfg.standalone.StandaloneMybatisTransactionContext  - committing the ibatis sql session...
10:47:16,410 [Thread-81] DEBUG org.apache.ibatis.transaction.jdbc.JdbcTransaction  - Committing JDBC Connection [conn53: url=jdbc:h2:mem:activiti user=SA]
10:47:16,410 [Thread-90] DEBUG org.activiti.engine.impl.persistence.entity.PropertyEntity.updateProperty  - ==&gt; Parameters: 23(Integer), 67(String), next.dbid(String), 22(Integer)
10:47:16,410 [Thread-94] DEBUG org.apache.ibatis.datasource.pooled.PooledDataSource  - Waiting as long as 20000 milliseconds for connection.
10:47:16,411 [Thread-90] DEBUG org.activiti.engine.impl.persistence.entity.PropertyEntity.updateProperty  - &lt;==    Updates: 1
10:47:16,410 [Thread-81] DEBUG org.activiti.engine.impl.cfg.standalone.StandaloneMybatisTransactionContext  - firing event committed...
10:47:16,411 [Thread-90] DEBUG org.activiti.engine.impl.cfg.standalone.StandaloneMybatisTransactionContext  - firing event committing...
10:47:16,411 [Thread-90] DEBUG org.activiti.engine.impl.cfg.standalone.StandaloneMybatisTransactionContext  - committing the ibatis sql session...
10:47:16,411 [Thread-90] DEBUG org.apache.ibatis.transaction.jdbc.JdbcTransaction  - Committing JDBC Connection [conn54: url=jdbc:h2:mem:activiti user=SA]
10:47:16,411 [Thread-90] DEBUG org.activiti.engine.impl.cfg.standalone.StandaloneMybatisTransactionContext  - firing event committed...
10:47:16,411 [Thread-90] DEBUG org.apache.ibatis.transaction.jdbc.JdbcTransaction  - Resetting autocommit to true on JDBC Connection [conn54: url=jdbc:h2:mem:activiti user=SA]
10:47:16,411 [Thread-90] DEBUG org.apache.ibatis.transaction.jdbc.JdbcTransaction  - Closing JDBC Connection [conn54: url=jdbc:h2:mem:activiti user=SA]
10:47:16,411 [Thread-90] DEBUG org.apache.ibatis.datasource.pooled.PooledDataSource  - Returned connection 1094226572 to pool.
10:47:16,411 [Thread-97] DEBUG org.apache.ibatis.datasource.pooled.PooledDataSource  - Waiting as long as 20000 milliseconds for connection.
10:47:16,411 [Thread-90] DEBUG org.activiti.engine.impl.interceptor.LogInterceptor  - --- GetNextIdBlockCmd finished --------------------------------------------------------
10:47:16,411 [Thread-90] DEBUG org.activiti.engine.impl.interceptor.LogInterceptor  - 

10:47:16,411 [Thread-90] DEBUG org.activiti.engine.impl.persistence.entity.ExecutionEntity  - initializing ProcessInstance[64]
10:47:16,411 [Thread-81] DEBUG org.apache.ibatis.transaction.jdbc.JdbcTransaction  - Resetting autocommit to true on JDBC Connection [conn53: url=jdbc:h2:mem:activiti user=SA]
10:47:16,411 [Thread-90] DEBUG org.activiti.engine.impl.history.DefaultHistoryManager  - Current history level: FULL, level required: ACTIVITY
10:47:16,411 [Thread-85] DEBUG org.apache.ibatis.datasource.pooled.PooledDataSource  - Waiting as long as 20000 milliseconds for connection.
10:47:16,411 [Thread-90] DEBUG org.activiti.engine.impl.pvm.runtime.AtomicOperationActivityExecute  - ProcessInstance[64] executes Activity(theStart): org.activiti.engine.impl.bpmn.behavior.NoneStartEventActivityBehavior
10:47:16,411 [Thread-81] DEBUG org.apache.ibatis.transaction.jdbc.JdbcTransaction  - Closing JDBC Connection [conn53: url=jdbc:h2:mem:activiti user=SA]
10:47:16,411 [Thread-90] DEBUG org.activiti.engine.impl.persistence.entity.JobEntity.selectJobsByExecutionId  - ==&gt;  Preparing: select * from ACT_RU_JOB J where J.EXECUTION_ID_ = ? 
10:47:16,411 [Thread-100] DEBUG org.apache.ibatis.datasource.pooled.PooledDataSource  - Waiting as long as 20000 milliseconds for connection.
10:47:16,411 [Thread-90] DEBUG org.activiti.engine.impl.persistence.entity.JobEntity.selectJobsByExecutionId  - ==&gt; Parameters: 64(String)
10:47:16,412 [Thread-99] DEBUG org.apache.ibatis.datasource.pooled.PooledDataSource  - Waiting as long as 20000 milliseconds for connection.
10:47:16,412 [Thread-90] DEBUG org.activiti.engine.impl.persistence.entity.JobEntity.selectJobsByExecutionId  - &lt;==      Total: 0
10:47:16,412 [Thread-90] DEBUG org.activiti.engine.impl.bpmn.behavior.BpmnActivityBehavior  - Leaving activity &apos;theStart&apos;
10:47:16,412 [Thread-83] DEBUG org.apache.ibatis.datasource.pooled.PooledDataSource  - Waiting as long as 20000 milliseconds for connection.
10:47:16,412 [Thread-90] DEBUG org.activiti.engine.impl.history.DefaultHistoryManager  - Current history level: FULL, level required: ACTIVITY
10:47:16,412 [Thread-96] DEBUG org.apache.ibatis.datasource.pooled.PooledDataSource  - Waiting as long as 20000 milliseconds for connection.
10:47:16,412 [Thread-90] DEBUG org.activiti.engine.impl.pvm.runtime.AtomicOperationTransitionNotifyListenerTake  - ProcessInstance[64] takes transition (theStart)--flow1--&gt;(javaService)
10:47:16,412 [Thread-81] DEBUG org.apache.ibatis.datasource.pooled.PooledDataSource  - Returned connection 826925275 to pool.
10:47:16,412 [Thread-90] DEBUG org.activiti.engine.impl.history.DefaultHistoryManager  - Current history level: FULL, level required: ACTIVITY
10:47:16,412 [Thread-91] DEBUG org.apache.ibatis.datasource.pooled.PooledDataSource  - Checked out connection 826925275 from pool.
10:47:16,412 [Thread-81] DEBUG org.activiti.engine.impl.interceptor.LogInterceptor  - --- StartProcessInstanceCmd finished --------------------------------------------------------
10:47:16,412 [Thread-81] DEBUG org.activiti.engine.impl.interceptor.LogInterceptor  - 

10:47:16,412 [Thread-81] DEBUG org.activiti.engine.impl.interceptor.LogInterceptor  - 

10:47:16,412 [Thread-81] DEBUG org.activiti.engine.impl.interceptor.LogInterceptor  - --- starting StartProcessInstanceCmd --------------------------------------------------------
10:47:16,412 [Thread-96] DEBUG org.apache.ibatis.datasource.pooled.PooledDataSource  - Waiting as long as 20000 milliseconds for connection.
10:47:16,412 [Thread-91] DEBUG org.apache.ibatis.transaction.jdbc.JdbcTransaction  - Setting autocommit to false on JDBC Connection [conn53: url=jdbc:h2:mem:activiti user=SA]
10:47:16,412 [Thread-90] DEBUG org.activiti.engine.impl.pvm.runtime.AtomicOperationActivityExecute  - ProcessInstance[64] executes Activity(javaService): org.activiti.engine.impl.bpmn.helper.ClassDelegate
10:47:16,412 [Thread-91] DEBUG org.activiti.engine.impl.persistence.entity.ProcessDefinitionEntity.selectLatestProcessDefinitionByKey  - ==&gt;  Preparing: select * from ACT_RE_PROCDEF where KEY_ = ? and (TENANT_ID_ = &apos;&apos; or TENANT_ID_ is null) and VERSION_ = (select max(VERSION_) from ACT_RE_PROCDEF where KEY_ = ? and (TENANT_ID_ = &apos;&apos; or TENANT_ID_ is null)) 
10:47:16,412 [Thread-83] DEBUG org.apache.ibatis.datasource.pooled.PooledDataSource  - Waiting as long as 20000 milliseconds for connection.
10:47:16,412 [Thread-81] DEBUG org.apache.ibatis.transaction.jdbc.JdbcTransaction  - Opening JDBC Connection
10:47:16,412 [Thread-99] DEBUG org.apache.ibatis.datasource.pooled.PooledDataSource  - Waiting as long as 20000 milliseconds for connection.
10:47:16,412 [Thread-91] DEBUG org.activiti.engine.impl.persistence.entity.ProcessDefinitionEntity.selectLatestProcessDefinitionByKey  - ==&gt; Parameters: idGeneratorDataSource(String), idGeneratorDataSource(String)
10:47:16,412 [Thread-90] DEBUG org.activiti.engine.impl.db.DbSqlSession  -   insert ProcessInstance[64]
10:47:16,413 [Thread-90] DEBUG org.activiti.engine.impl.db.DbSqlSession  -   insert HistoricProcessInstanceEntity[superProcessInstanceId=null]
10:47:16,413 [Thread-90] DEBUG org.activiti.engine.impl.db.DbSqlSession  -   insert HistoricActivityInstanceEntity[activityId=theStart, activityName=null]
10:47:16,413 [Thread-90] DEBUG org.activiti.engine.impl.db.DbSqlSession  -   insert HistoricActivityInstanceEntity[activityId=javaService, activityName=Java service invocation]
10:47:16,413 [Thread-90] DEBUG org.activiti.engine.impl.db.DbSqlSession  - flush summary: 4 insert, 0 update, 0 delete.
10:47:16,413 [Thread-90] DEBUG org.activiti.engine.impl.db.DbSqlSession  - now executing flush...
10:47:16,413 [Thread-90] DEBUG org.activiti.engine.impl.db.DbSqlSession  - inserting: HistoricProcessInstanceEntity[superProcessInstanceId=null]
10:47:16,412 [Thread-100] DEBUG org.apache.ibatis.datasource.pooled.PooledDataSource  - Waiting as long as 20000 milliseconds for connection.
10:47:16,413 [Thread-90] DEBUG org.activiti.engine.impl.persistence.entity.HistoricProcessInstanceEntity.insertHistoricProcessInstance  - ==&gt;  Preparing: insert into ACT_HI_PROCINST ( ID_, PROC_INST_ID_, BUSINESS_KEY_, PROC_DEF_ID_, START_TIME_, END_TIME_, DURATION_, START_USER_ID_, START_ACT_ID_, END_ACT_ID_, SUPER_PROCESS_INSTANCE_ID_, DELETE_REASON_, TENANT_ID_, NAME_ ) values ( ?, ?, ?, ?, ?, ?, ?, ?, ?, ?, ?, ?, ?, ? ) 
10:47:16,413 [Thread-91] DEBUG org.activiti.engine.impl.persistence.entity.ProcessDefinitionEntity.selectLatestProcessDefinitionByKey  - &lt;==      Total: 1
10:47:16,413 [Thread-90] DEBUG org.activiti.engine.impl.persistence.entity.HistoricProcessInstanceEntity.insertHistoricProcessInstance  - ==&gt; Parameters: 64(String), 64(String), null, idGeneratorDataSource:1:3(String), 2015-01-01 00:00:00.0(Timestamp), null, null, null, theStart(String), null, null, null, (String), null
10:47:16,413 [Thread-91] DEBUG org.activiti.engine.impl.interceptor.LogInterceptor  - 

10:47:16,413 [Thread-91] DEBUG org.activiti.engine.impl.interceptor.LogInterceptor  - --- starting GetNextIdBlockCmd --------------------------------------------------------
10:47:16,413 [Thread-85] DEBUG org.apache.ibatis.datasource.pooled.PooledDataSource  - Waiting as long as 20000 milliseconds for connection.
10:47:16,413 [Thread-91] DEBUG org.apache.ibatis.transaction.jdbc.JdbcTransaction  - Opening JDBC Connection
10:47:16,413 [Thread-91] DEBUG org.apache.ibatis.datasource.pooled.PooledDataSource  - Checked out connection 1094226572 from pool.
10:47:16,413 [Thread-90] DEBUG org.activiti.engine.impl.persistence.entity.HistoricProcessInstanceEntity.insertHistoricProcessInstance  - &lt;==    Updates: 1
10:47:16,413 [Thread-91] DEBUG org.apache.ibatis.transaction.jdbc.JdbcTransaction  - Setting autocommit to false on JDBC Connection [conn54: url=jdbc:h2:mem:activiti user=SA]
10:47:16,413 [Thread-91] DEBUG org.activiti.engine.impl.persistence.entity.PropertyEntity.selectProperty  - ==&gt;  Preparing: select * from ACT_GE_PROPERTY where NAME_ = ? 
10:47:16,413 [Thread-97] DEBUG org.apache.ibatis.datasource.pooled.PooledDataSource  - Waiting as long as 20000 milliseconds for connection.
10:47:16,413 [Thread-90] DEBUG org.activiti.engine.impl.persistence.entity.HistoricActivityInstanceEntity.bulkInsertHistoricActivityInstance  - ==&gt;  Preparing: insert into ACT_HI_ACTINST ( ID_, PROC_DEF_ID_, PROC_INST_ID_, EXECUTION_ID_, ACT_ID_, TASK_ID_, CALL_PROC_INST_ID_, ACT_NAME_, ACT_TYPE_, ASSIGNEE_, START_TIME_, END_TIME_, DURATION_, TENANT_ID_ ) values (?, ?, ?, ?, ?, ?, ?, ?, ?, ?, ?, ?, ?, ?) , (?, ?, ?, ?, ?, ?, ?, ?, ?, ?, ?, ?, ?, ?) 
10:47:16,413 [Thread-91] DEBUG org.activiti.engine.impl.persistence.entity.PropertyEntity.selectProperty  - ==&gt; Parameters: next.dbid(String)
10:47:16,413 [Thread-94] DEBUG org.apache.ibatis.datasource.pooled.PooledDataSource  - Waiting as long as 20000 milliseconds for connection.
10:47:16,413 [Thread-91] DEBUG org.activiti.engine.impl.persistence.entity.PropertyEntity.selectProperty  - &lt;==      Total: 1
10:47:16,413 [Thread-90] DEBUG org.activiti.engine.impl.persistence.entity.HistoricActivityInstanceEntity.bulkInsertHistoricActivityInstance  - ==&gt; Parameters: 65(String), idGeneratorDataSource:1:3(String), 64(String), 64(String), theStart(String), null, null, null, startEvent(String), null, 2015-01-01 00:00:00.0(Timestamp), 2015-01-01 00:00:00.0(Timestamp), 0(Long), (String), 66(String), idGeneratorDataSource:1:3(String), 64(String), 64(String), javaService(String), null, null, Java service invocation(String), serviceTask(String), null, 2015-01-01 00:00:00.0(Timestamp), null, null, (String)
10:47:16,413 [Thread-91] DEBUG org.activiti.engine.impl.db.DbSqlSession  -   update PropertyEntity[name=next.dbid, value=70]
10:47:16,414 [Thread-91] DEBUG org.activiti.engine.impl.db.DbSqlSession  - flush summary: 0 insert, 1 update, 0 delete.
10:47:16,414 [Thread-91] DEBUG org.activiti.engine.impl.db.DbSqlSession  - now executing flush...
10:47:16,413 [Thread-95] DEBUG org.apache.ibatis.datasource.pooled.PooledDataSource  - Waiting as long as 20000 milliseconds for connection.
10:47:16,414 [Thread-91] DEBUG org.activiti.engine.impl.db.DbSqlSession  - updating: PropertyEntity[name=next.dbid, value=70]
10:47:16,414 [Thread-90] DEBUG org.activiti.engine.impl.persistence.entity.HistoricActivityInstanceEntity.bulkInsertHistoricActivityInstance  - &lt;==    Updates: 2
10:47:16,414 [Thread-90] DEBUG org.activiti.engine.impl.db.DbSqlSession  - inserting: ProcessInstance[64]
10:47:16,414 [Thread-91] DEBUG org.activiti.engine.impl.persistence.entity.PropertyEntity.updateProperty  - ==&gt;  Preparing: update ACT_GE_PROPERTY SET REV_ = ?, VALUE_ = ? where NAME_ = ? and REV_ = ? 
10:47:16,414 [Thread-93] DEBUG org.apache.ibatis.datasource.pooled.PooledDataSource  - Waiting as long as 20000 milliseconds for connection.
10:47:16,414 [Thread-91] DEBUG org.activiti.engine.impl.persistence.entity.PropertyEntity.updateProperty  - ==&gt; Parameters: 24(Integer), 70(String), next.dbid(String), 23(Integer)
10:47:16,414 [Thread-90] DEBUG org.activiti.engine.impl.persistence.entity.ExecutionEntity.insertExecution  - ==&gt;  Preparing: insert into ACT_RU_EXECUTION (ID_, REV_, PROC_INST_ID_, BUSINESS_KEY_, PROC_DEF_ID_, ACT_ID_, IS_ACTIVE_, IS_CONCURRENT_, IS_SCOPE_,IS_EVENT_SCOPE_, PARENT_ID_, SUPER_EXEC_, SUSPENSION_STATE_, CACHED_ENT_STATE_, TENANT_ID_, NAME_) values ( ?, 1, ?, ?, ?, ?, ?, ?, ?, ?, ?, ?, ?, ?, ?, ? ) 
10:47:16,414 [Thread-91] DEBUG org.activiti.engine.impl.persistence.entity.PropertyEntity.updateProperty  - &lt;==    Updates: 1
10:47:16,414 [Thread-90] DEBUG org.activiti.engine.impl.persistence.entity.ExecutionEntity.insertExecution  - ==&gt; Parameters: 64(String), 64(String), null, idGeneratorDataSource:1:3(String), javaService(String), true(Boolean), false(Boolean), true(Boolean), false(Boolean), null, null, 1(Integer), 2(Integer), (String), null
10:47:16,414 [Thread-92] DEBUG org.apache.ibatis.datasource.pooled.PooledDataSource  - Waiting as long as 20000 milliseconds for connection.
10:47:16,414 [Thread-90] DEBUG org.activiti.engine.impl.persistence.entity.ExecutionEntity.insertExecution  - &lt;==    Updates: 1
10:47:16,414 [Thread-90] DEBUG org.activiti.engine.impl.cfg.standalone.StandaloneMybatisTransactionContext  - firing event committing...
10:47:16,414 [Thread-90] DEBUG org.activiti.engine.impl.cfg.standalone.StandaloneMybatisTransactionContext  - committing the ibatis sql session...
10:47:16,414 [Thread-90] DEBUG org.apache.ibatis.transaction.jdbc.JdbcTransaction  - Committing JDBC Connection [conn55: url=jdbc:h2:mem:activiti user=SA]
10:47:16,414 [Thread-91] DEBUG org.activiti.engine.impl.cfg.standalone.StandaloneMybatisTransactionContext  - firing event committing...
10:47:16,414 [Thread-91] DEBUG org.activiti.engine.impl.cfg.standalone.StandaloneMybatisTransactionContext  - committing the ibatis sql session...
10:47:16,414 [Thread-91] DEBUG org.apache.ibatis.transaction.jdbc.JdbcTransaction  - Committing JDBC Connection [conn54: url=jdbc:h2:mem:activiti user=SA]
10:47:16,414 [Thread-91] DEBUG org.activiti.engine.impl.cfg.standalone.StandaloneMybatisTransactionContext  - firing event committed...
10:47:16,414 [Thread-91] DEBUG org.apache.ibatis.transaction.jdbc.JdbcTransaction  - Resetting autocommit to true on JDBC Connection [conn54: url=jdbc:h2:mem:activiti user=SA]
10:47:16,414 [Thread-91] DEBUG org.apache.ibatis.transaction.jdbc.JdbcTransaction  - Closing JDBC Connection [conn54: url=jdbc:h2:mem:activiti user=SA]
10:47:16,414 [Thread-91] DEBUG org.apache.ibatis.datasource.pooled.PooledDataSource  - Returned connection 1094226572 to pool.
10:47:16,414 [Thread-90] DEBUG org.activiti.engine.impl.cfg.standalone.StandaloneMybatisTransactionContext  - firing event committed...
10:47:16,414 [Thread-90] DEBUG org.apache.ibatis.transaction.jdbc.JdbcTransaction  - Resetting autocommit to true on JDBC Connection [conn55: url=jdbc:h2:mem:activiti user=SA]
10:47:16,414 [Thread-90] DEBUG org.apache.ibatis.transaction.jdbc.JdbcTransaction  - Closing JDBC Connection [conn55: url=jdbc:h2:mem:activiti user=SA]
10:47:16,414 [Thread-88] DEBUG org.apache.ibatis.datasource.pooled.PooledDataSource  - Waiting as long as 20000 milliseconds for connection.
10:47:16,414 [Thread-91] DEBUG org.activiti.engine.impl.interceptor.LogInterceptor  - --- GetNextIdBlockCmd finished --------------------------------------------------------
10:47:16,414 [Thread-91] DEBUG org.activiti.engine.impl.interceptor.LogInterceptor  - 

10:47:16,414 [Thread-91] DEBUG org.activiti.engine.impl.persistence.entity.ExecutionEntity  - initializing ProcessInstance[67]
10:47:16,414 [Thread-89] DEBUG org.apache.ibatis.datasource.pooled.PooledDataSource  - Waiting as long as 20000 milliseconds for connection.
10:47:16,415 [Thread-91] DEBUG org.activiti.engine.impl.history.DefaultHistoryManager  - Current history level: FULL, level required: ACTIVITY
10:47:16,415 [Thread-82] DEBUG org.apache.ibatis.datasource.pooled.PooledDataSource  - Waiting as long as 20000 milliseconds for connection.
10:47:16,415 [Thread-91] DEBUG org.activiti.engine.impl.pvm.runtime.AtomicOperationActivityExecute  - ProcessInstance[67] executes Activity(theStart): org.activiti.engine.impl.bpmn.behavior.NoneStartEventActivityBehavior
10:47:16,415 [Thread-87] DEBUG org.apache.ibatis.datasource.pooled.PooledDataSource  - Waiting as long as 20000 milliseconds for connection.
10:47:16,415 [Thread-91] DEBUG org.activiti.engine.impl.persistence.entity.JobEntity.selectJobsByExecutionId  - ==&gt;  Preparing: select * from ACT_RU_JOB J where J.EXECUTION_ID_ = ? 
10:47:16,415 [Thread-90] DEBUG org.apache.ibatis.datasource.pooled.PooledDataSource  - Returned connection 14606730 to pool.
10:47:16,415 [Thread-91] DEBUG org.activiti.engine.impl.persistence.entity.JobEntity.selectJobsByExecutionId  - ==&gt; Parameters: 67(String)
10:47:16,415 [Thread-81] DEBUG org.apache.ibatis.datasource.pooled.PooledDataSource  - Checked out connection 14606730 from pool.
10:47:16,415 [Thread-90] DEBUG org.activiti.engine.impl.interceptor.LogInterceptor  - --- StartProcessInstanceCmd finished --------------------------------------------------------
10:47:16,415 [Thread-90] DEBUG org.activiti.engine.impl.interceptor.LogInterceptor  - 

10:47:16,415 [Thread-90] DEBUG org.activiti.engine.impl.interceptor.LogInterceptor  - 

10:47:16,415 [Thread-90] DEBUG org.activiti.engine.impl.interceptor.LogInterceptor  - --- starting StartProcessInstanceCmd --------------------------------------------------------
10:47:16,415 [Thread-87] DEBUG org.apache.ibatis.datasource.pooled.PooledDataSource  - Waiting as long as 20000 milliseconds for connection.
10:47:16,415 [Thread-81] DEBUG org.apache.ibatis.transaction.jdbc.JdbcTransaction  - Setting autocommit to false on JDBC Connection [conn55: url=jdbc:h2:mem:activiti user=SA]
10:47:16,415 [Thread-91] DEBUG org.activiti.engine.impl.persistence.entity.JobEntity.selectJobsByExecutionId  - &lt;==      Total: 0
10:47:16,415 [Thread-91] DEBUG org.activiti.engine.impl.bpmn.behavior.BpmnActivityBehavior  - Leaving activity &apos;theStart&apos;
10:47:16,415 [Thread-81] DEBUG org.activiti.engine.impl.persistence.entity.ProcessDefinitionEntity.selectLatestProcessDefinitionByKey  - ==&gt;  Preparing: select * from ACT_RE_PROCDEF where KEY_ = ? and (TENANT_ID_ = &apos;&apos; or TENANT_ID_ is null) and VERSION_ = (select max(VERSION_) from ACT_RE_PROCDEF where KEY_ = ? and (TENANT_ID_ = &apos;&apos; or TENANT_ID_ is null)) 
10:47:16,415 [Thread-82] DEBUG org.apache.ibatis.datasource.pooled.PooledDataSource  - Waiting as long as 20000 milliseconds for connection.
10:47:16,415 [Thread-90] DEBUG org.apache.ibatis.transaction.jdbc.JdbcTransaction  - Opening JDBC Connection
10:47:16,415 [Thread-89] DEBUG org.apache.ibatis.datasource.pooled.PooledDataSource  - Waiting as long as 20000 milliseconds for connection.
10:47:16,415 [Thread-81] DEBUG org.activiti.engine.impl.persistence.entity.ProcessDefinitionEntity.selectLatestProcessDefinitionByKey  - ==&gt; Parameters: idGeneratorDataSource(String), idGeneratorDataSource(String)
10:47:16,415 [Thread-91] DEBUG org.activiti.engine.impl.history.DefaultHistoryManager  - Current history level: FULL, level required: ACTIVITY
10:47:16,415 [Thread-81] DEBUG org.activiti.engine.impl.persistence.entity.ProcessDefinitionEntity.selectLatestProcessDefinitionByKey  - &lt;==      Total: 1
10:47:16,415 [Thread-88] DEBUG org.apache.ibatis.datasource.pooled.PooledDataSource  - Waiting as long as 20000 milliseconds for connection.
10:47:16,416 [Thread-81] DEBUG org.activiti.engine.impl.persistence.entity.ExecutionEntity  - initializing ProcessInstance[69]
10:47:16,415 [Thread-91] DEBUG org.activiti.engine.impl.pvm.runtime.AtomicOperationTransitionNotifyListenerTake  - ProcessInstance[67] takes transition (theStart)--flow1--&gt;(javaService)
10:47:16,416 [Thread-81] DEBUG org.activiti.engine.impl.history.DefaultHistoryManager  - Current history level: FULL, level required: ACTIVITY
10:47:16,416 [Thread-92] DEBUG org.apache.ibatis.datasource.pooled.PooledDataSource  - Waiting as long as 20000 milliseconds for connection.
10:47:16,416 [Thread-81] DEBUG org.activiti.engine.impl.interceptor.LogInterceptor  - 

10:47:16,416 [Thread-81] DEBUG org.activiti.engine.impl.interceptor.LogInterceptor  - --- starting GetNextIdBlockCmd --------------------------------------------------------
10:47:16,416 [Thread-91] DEBUG org.activiti.engine.impl.history.DefaultHistoryManager  - Current history level: FULL, level required: ACTIVITY
10:47:16,416 [Thread-81] DEBUG org.apache.ibatis.transaction.jdbc.JdbcTransaction  - Opening JDBC Connection
10:47:16,416 [Thread-81] DEBUG org.apache.ibatis.datasource.pooled.PooledDataSource  - Checked out connection 1094226572 from pool.
10:47:16,416 [Thread-81] DEBUG org.apache.ibatis.transaction.jdbc.JdbcTransaction  - Setting autocommit to false on JDBC Connection [conn54: url=jdbc:h2:mem:activiti user=SA]
10:47:16,416 [Thread-81] DEBUG org.activiti.engine.impl.persistence.entity.PropertyEntity.selectProperty  - ==&gt;  Preparing: select * from ACT_GE_PROPERTY where NAME_ = ? 
10:47:16,416 [Thread-81] DEBUG org.activiti.engine.impl.persistence.entity.PropertyEntity.selectProperty  - ==&gt; Parameters: next.dbid(String)
10:47:16,416 [Thread-93] DEBUG org.apache.ibatis.datasource.pooled.PooledDataSource  - Waiting as long as 20000 milliseconds for connection.
10:47:16,416 [Thread-81] DEBUG org.activiti.engine.impl.persistence.entity.PropertyEntity.selectProperty  - &lt;==      Total: 1
10:47:16,416 [Thread-95] DEBUG org.apache.ibatis.datasource.pooled.PooledDataSource  - Waiting as long as 20000 milliseconds for connection.
10:47:16,416 [Thread-81] DEBUG org.activiti.engine.impl.db.DbSqlSession  -   update PropertyEntity[name=next.dbid, value=73]
10:47:16,416 [Thread-81] DEBUG org.activiti.engine.impl.db.DbSqlSession  - flush summary: 0 insert, 1 update, 0 delete.
10:47:16,416 [Thread-81] DEBUG org.activiti.engine.impl.db.DbSqlSession  - now executing flush...
10:47:16,416 [Thread-94] DEBUG org.apache.ibatis.datasource.pooled.PooledDataSource  - Waiting as long as 20000 milliseconds for connection.
10:47:16,416 [Thread-81] DEBUG org.activiti.engine.impl.db.DbSqlSession  - updating: PropertyEntity[name=next.dbid, value=73]
10:47:16,416 [Thread-97] DEBUG org.apache.ibatis.datasource.pooled.PooledDataSource  - Waiting as long as 20000 milliseconds for connection.
10:47:16,416 [Thread-81] DEBUG org.activiti.engine.impl.persistence.entity.PropertyEntity.updateProperty  - ==&gt;  Preparing: update ACT_GE_PROPERTY SET REV_ = ?, VALUE_ = ? where NAME_ = ? and REV_ = ? 
10:47:16,416 [Thread-85] DEBUG org.apache.ibatis.datasource.pooled.PooledDataSource  - Waiting as long as 20000 milliseconds for connection.
10:47:16,416 [Thread-81] DEBUG org.activiti.engine.impl.persistence.entity.PropertyEntity.updateProperty  - ==&gt; Parameters: 25(Integer), 73(String), next.dbid(String), 24(Integer)
10:47:16,416 [Thread-100] DEBUG org.apache.ibatis.datasource.pooled.PooledDataSource  - Waiting as long as 20000 milliseconds for connection.
10:47:16,416 [Thread-81] DEBUG org.activiti.engine.impl.persistence.entity.PropertyEntity.updateProperty  - &lt;==    Updates: 1
10:47:16,416 [Thread-99] DEBUG org.apache.ibatis.datasource.pooled.PooledDataSource  - Waiting as long as 20000 milliseconds for connection.
10:47:16,417 [Thread-81] DEBUG org.activiti.engine.impl.cfg.standalone.StandaloneMybatisTransactionContext  - firing event committing...
10:47:16,417 [Thread-81] DEBUG org.activiti.engine.impl.cfg.standalone.StandaloneMybatisTransactionContext  - committing the ibatis sql session...
10:47:16,417 [Thread-81] DEBUG org.apache.ibatis.transaction.jdbc.JdbcTransaction  - Committing JDBC Connection [conn54: url=jdbc:h2:mem:activiti user=SA]
10:47:16,417 [Thread-83] DEBUG org.apache.ibatis.datasource.pooled.PooledDataSource  - Waiting as long as 20000 milliseconds for connection.
10:47:16,417 [Thread-81] DEBUG org.activiti.engine.impl.cfg.standalone.StandaloneMybatisTransactionContext  - firing event committed...
10:47:16,417 [Thread-81] DEBUG org.apache.ibatis.transaction.jdbc.JdbcTransaction  - Resetting autocommit to true on JDBC Connection [conn54: url=jdbc:h2:mem:activiti user=SA]
10:47:16,417 [Thread-81] DEBUG org.apache.ibatis.transaction.jdbc.JdbcTransaction  - Closing JDBC Connection [conn54: url=jdbc:h2:mem:activiti user=SA]
10:47:16,417 [Thread-90] DEBUG org.apache.ibatis.datasource.pooled.PooledDataSource  - Waiting as long as 20000 milliseconds for connection.
10:47:16,417 [Thread-81] DEBUG org.apache.ibatis.datasource.pooled.PooledDataSource  - Returned connection 1094226572 to pool.
10:47:16,417 [Thread-96] DEBUG org.apache.ibatis.datasource.pooled.PooledDataSource  - Waiting as long as 20000 milliseconds for connection.
10:47:16,417 [Thread-81] DEBUG org.activiti.engine.impl.interceptor.LogInterceptor  - --- GetNextIdBlockCmd finished --------------------------------------------------------
10:47:16,417 [Thread-81] DEBUG org.activiti.engine.impl.interceptor.LogInterceptor  - 

10:47:16,417 [Thread-91] DEBUG org.activiti.engine.impl.pvm.runtime.AtomicOperationActivityExecute  - ProcessInstance[67] executes Activity(javaService): org.activiti.engine.impl.bpmn.helper.ClassDelegate
10:47:16,417 [Thread-81] DEBUG org.activiti.engine.impl.pvm.runtime.AtomicOperationActivityExecute  - ProcessInstance[69] executes Activity(theStart): org.activiti.engine.impl.bpmn.behavior.NoneStartEventActivityBehavior
10:47:16,417 [Thread-91] DEBUG org.activiti.engine.impl.db.DbSqlSession  -   insert ProcessInstance[67]
10:47:16,417 [Thread-91] DEBUG org.activiti.engine.impl.db.DbSqlSession  -   insert HistoricProcessInstanceEntity[superProcessInstanceId=null]
10:47:16,417 [Thread-91] DEBUG org.activiti.engine.impl.db.DbSqlSession  -   insert HistoricActivityInstanceEntity[activityId=theStart, activityName=null]
10:47:16,417 [Thread-91] DEBUG org.activiti.engine.impl.db.DbSqlSession  -   insert HistoricActivityInstanceEntity[activityId=javaService, activityName=Java service invocation]
10:47:16,417 [Thread-91] DEBUG org.activiti.engine.impl.db.DbSqlSession  - flush summary: 4 insert, 0 update, 0 delete.
10:47:16,417 [Thread-91] DEBUG org.activiti.engine.impl.db.DbSqlSession  - now executing flush...
10:47:16,417 [Thread-91] DEBUG org.activiti.engine.impl.db.DbSqlSession  - inserting: HistoricProcessInstanceEntity[superProcessInstanceId=null]
10:47:16,417 [Thread-81] DEBUG org.activiti.engine.impl.persistence.entity.JobEntity.selectJobsByExecutionId  - ==&gt;  Preparing: select * from ACT_RU_JOB J where J.EXECUTION_ID_ = ? 
10:47:16,417 [Thread-91] DEBUG org.activiti.engine.impl.persistence.entity.HistoricProcessInstanceEntity.insertHistoricProcessInstance  - ==&gt;  Preparing: insert into ACT_HI_PROCINST ( ID_, PROC_INST_ID_, BUSINESS_KEY_, PROC_DEF_ID_, START_TIME_, END_TIME_, DURATION_, START_USER_ID_, START_ACT_ID_, END_ACT_ID_, SUPER_PROCESS_INSTANCE_ID_, DELETE_REASON_, TENANT_ID_, NAME_ ) values ( ?, ?, ?, ?, ?, ?, ?, ?, ?, ?, ?, ?, ?, ? ) 
10:47:16,417 [Thread-81] DEBUG org.activiti.engine.impl.persistence.entity.JobEntity.selectJobsByExecutionId  - ==&gt; Parameters: 69(String)
10:47:16,417 [Thread-81] DEBUG org.activiti.engine.impl.persistence.entity.JobEntity.selectJobsByExecutionId  - &lt;==      Total: 0
10:47:16,417 [Thread-81] DEBUG org.activiti.engine.impl.bpmn.behavior.BpmnActivityBehavior  - Leaving activity &apos;theStart&apos;
10:47:16,417 [Thread-91] DEBUG org.activiti.engine.impl.persistence.entity.HistoricProcessInstanceEntity.insertHistoricProcessInstance  - ==&gt; Parameters: 67(String), 67(String), null, idGeneratorDataSource:1:3(String), 2015-01-01 00:00:00.0(Timestamp), null, null, null, theStart(String), null, null, null, (String), null
10:47:16,418 [Thread-81] DEBUG org.activiti.engine.impl.history.DefaultHistoryManager  - Current history level: FULL, level required: ACTIVITY
10:47:16,418 [Thread-91] DEBUG org.activiti.engine.impl.persistence.entity.HistoricProcessInstanceEntity.insertHistoricProcessInstance  - &lt;==    Updates: 1
10:47:16,418 [Thread-81] DEBUG org.activiti.engine.impl.pvm.runtime.AtomicOperationTransitionNotifyListenerTake  - ProcessInstance[69] takes transition (theStart)--flow1--&gt;(javaService)
10:47:16,418 [Thread-81] DEBUG org.activiti.engine.impl.history.DefaultHistoryManager  - Current history level: FULL, level required: ACTIVITY
10:47:16,418 [Thread-81] DEBUG org.activiti.engine.impl.pvm.runtime.AtomicOperationActivityExecute  - ProcessInstance[69] executes Activity(javaService): org.activiti.engine.impl.bpmn.helper.ClassDelegate
10:47:16,418 [Thread-81] DEBUG org.activiti.engine.impl.db.DbSqlSession  -   insert ProcessInstance[69]
10:47:16,418 [Thread-81] DEBUG org.activiti.engine.impl.db.DbSqlSession  -   insert HistoricProcessInstanceEntity[superProcessInstanceId=null]
10:47:16,418 [Thread-81] DEBUG org.activiti.engine.impl.db.DbSqlSession  -   insert HistoricActivityInstanceEntity[activityId=theStart, activityName=null]
10:47:16,418 [Thread-81] DEBUG org.activiti.engine.impl.db.DbSqlSession  -   insert HistoricActivityInstanceEntity[activityId=javaService, activityName=Java service invocation]
10:47:16,418 [Thread-81] DEBUG org.activiti.engine.impl.db.DbSqlSession  - flush summary: 4 insert, 0 update, 0 delete.
10:47:16,418 [Thread-81] DEBUG org.activiti.engine.impl.db.DbSqlSession  - now executing flush...
10:47:16,418 [Thread-81] DEBUG org.activiti.engine.impl.db.DbSqlSession  - inserting: HistoricProcessInstanceEntity[superProcessInstanceId=null]
10:47:16,418 [Thread-91] DEBUG org.activiti.engine.impl.persistence.entity.HistoricActivityInstanceEntity.bulkInsertHistoricActivityInstance  - ==&gt;  Preparing: insert into ACT_HI_ACTINST ( ID_, PROC_DEF_ID_, PROC_INST_ID_, EXECUTION_ID_, ACT_ID_, TASK_ID_, CALL_PROC_INST_ID_, ACT_NAME_, ACT_TYPE_, ASSIGNEE_, START_TIME_, END_TIME_, DURATION_, TENANT_ID_ ) values (?, ?, ?, ?, ?, ?, ?, ?, ?, ?, ?, ?, ?, ?) , (?, ?, ?, ?, ?, ?, ?, ?, ?, ?, ?, ?, ?, ?) 
10:47:16,418 [Thread-81] DEBUG org.activiti.engine.impl.persistence.entity.HistoricProcessInstanceEntity.insertHistoricProcessInstance  - ==&gt;  Preparing: insert into ACT_HI_PROCINST ( ID_, PROC_INST_ID_, BUSINESS_KEY_, PROC_DEF_ID_, START_TIME_, END_TIME_, DURATION_, START_USER_ID_, START_ACT_ID_, END_ACT_ID_, SUPER_PROCESS_INSTANCE_ID_, DELETE_REASON_, TENANT_ID_, NAME_ ) values ( ?, ?, ?, ?, ?, ?, ?, ?, ?, ?, ?, ?, ?, ? ) 
10:47:16,418 [Thread-81] DEBUG org.activiti.engine.impl.persistence.entity.HistoricProcessInstanceEntity.insertHistoricProcessInstance  - ==&gt; Parameters: 69(String), 69(String), null, idGeneratorDataSource:1:3(String), 2015-01-01 00:00:00.0(Timestamp), null, null, null, theStart(String), null, null, null, (String), null
10:47:16,418 [Thread-91] DEBUG org.activiti.engine.impl.persistence.entity.HistoricActivityInstanceEntity.bulkInsertHistoricActivityInstance  - ==&gt; Parameters: 68(String), idGeneratorDataSource:1:3(String), 67(String), 67(String), theStart(String), null, null, null, startEvent(String), null, 2015-01-01 00:00:00.0(Timestamp), 2015-01-01 00:00:00.0(Timestamp), 0(Long), (String), 71(String), idGeneratorDataSource:1:3(String), 67(String), 67(String), javaService(String), null, null, Java service invocation(String), serviceTask(String), null, 2015-01-01 00:00:00.0(Timestamp), null, null, (String)
10:47:16,418 [Thread-91] DEBUG org.activiti.engine.impl.persistence.entity.HistoricActivityInstanceEntity.bulkInsertHistoricActivityInstance  - &lt;==    Updates: 2
10:47:16,418 [Thread-91] DEBUG org.activiti.engine.impl.db.DbSqlSession  - inserting: ProcessInstance[67]
10:47:16,418 [Thread-91] DEBUG org.activiti.engine.impl.persistence.entity.ExecutionEntity.insertExecution  - ==&gt;  Preparing: insert into ACT_RU_EXECUTION (ID_, REV_, PROC_INST_ID_, BUSINESS_KEY_, PROC_DEF_ID_, ACT_ID_, IS_ACTIVE_, IS_CONCURRENT_, IS_SCOPE_,IS_EVENT_SCOPE_, PARENT_ID_, SUPER_EXEC_, SUSPENSION_STATE_, CACHED_ENT_STATE_, TENANT_ID_, NAME_) values ( ?, 1, ?, ?, ?, ?, ?, ?, ?, ?, ?, ?, ?, ?, ?, ? ) 
10:47:16,418 [Thread-91] DEBUG org.activiti.engine.impl.persistence.entity.ExecutionEntity.insertExecution  - ==&gt; Parameters: 67(String), 67(String), null, idGeneratorDataSource:1:3(String), javaService(String), true(Boolean), false(Boolean), true(Boolean), false(Boolean), null, null, 1(Integer), 2(Integer), (String), null
10:47:16,418 [Thread-91] DEBUG org.activiti.engine.impl.persistence.entity.ExecutionEntity.insertExecution  - &lt;==    Updates: 1
10:47:16,418 [Thread-91] DEBUG org.activiti.engine.impl.cfg.standalone.StandaloneMybatisTransactionContext  - firing event committing...
10:47:16,418 [Thread-91] DEBUG org.activiti.engine.impl.cfg.standalone.StandaloneMybatisTransactionContext  - committing the ibatis sql session...
10:47:16,418 [Thread-91] DEBUG org.apache.ibatis.transaction.jdbc.JdbcTransaction  - Committing JDBC Connection [conn53: url=jdbc:h2:mem:activiti user=SA]
10:47:16,418 [Thread-91] DEBUG org.activiti.engine.impl.cfg.standalone.StandaloneMybatisTransactionContext  - firing event committed...
10:47:16,418 [Thread-81] DEBUG org.activiti.engine.impl.persistence.entity.HistoricProcessInstanceEntity.insertHistoricProcessInstance  - &lt;==    Updates: 1
10:47:16,418 [Thread-91] DEBUG org.apache.ibatis.transaction.jdbc.JdbcTransaction  - Resetting autocommit to true on JDBC Connection [conn53: url=jdbc:h2:mem:activiti user=SA]
10:47:16,419 [Thread-91] DEBUG org.apache.ibatis.transaction.jdbc.JdbcTransaction  - Closing JDBC Connection [conn53: url=jdbc:h2:mem:activiti user=SA]
10:47:16,419 [Thread-91] DEBUG org.apache.ibatis.datasource.pooled.PooledDataSource  - Returned connection 826925275 to pool.
10:47:16,419 [Thread-91] DEBUG org.activiti.engine.impl.interceptor.LogInterceptor  - --- StartProcessInstanceCmd finished --------------------------------------------------------
10:47:16,419 [Thread-91] DEBUG org.activiti.engine.impl.interceptor.LogInterceptor  - 

10:47:16,419 [Thread-91] DEBUG org.activiti.engine.impl.interceptor.LogInterceptor  - 

10:47:16,419 [Thread-91] DEBUG org.activiti.engine.impl.interceptor.LogInterceptor  - --- starting StartProcessInstanceCmd --------------------------------------------------------
10:47:16,419 [Thread-96] DEBUG org.apache.ibatis.datasource.pooled.PooledDataSource  - Checked out connection 826925275 from pool.
10:47:16,419 [Thread-81] DEBUG org.activiti.engine.impl.persistence.entity.HistoricActivityInstanceEntity.bulkInsertHistoricActivityInstance  - ==&gt;  Preparing: insert into ACT_HI_ACTINST ( ID_, PROC_DEF_ID_, PROC_INST_ID_, EXECUTION_ID_, ACT_ID_, TASK_ID_, CALL_PROC_INST_ID_, ACT_NAME_, ACT_TYPE_, ASSIGNEE_, START_TIME_, END_TIME_, DURATION_, TENANT_ID_ ) values (?, ?, ?, ?, ?, ?, ?, ?, ?, ?, ?, ?, ?, ?) , (?, ?, ?, ?, ?, ?, ?, ?, ?, ?, ?, ?, ?, ?) 
10:47:16,419 [Thread-90] DEBUG org.apache.ibatis.datasource.pooled.PooledDataSource  - Waiting as long as 20000 milliseconds for connection.
10:47:16,419 [Thread-96] DEBUG org.apache.ibatis.transaction.jdbc.JdbcTransaction  - Setting autocommit to false on JDBC Connection [conn53: url=jdbc:h2:mem:activiti user=SA]
10:47:16,419 [Thread-91] DEBUG org.apache.ibatis.transaction.jdbc.JdbcTransaction  - Opening JDBC Connection
10:47:16,419 [Thread-96] DEBUG org.activiti.engine.impl.persistence.entity.ProcessDefinitionEntity.selectLatestProcessDefinitionByKey  - ==&gt;  Preparing: select * from ACT_RE_PROCDEF where KEY_ = ? and (TENANT_ID_ = &apos;&apos; or TENANT_ID_ is null) and VERSION_ = (select max(VERSION_) from ACT_RE_PROCDEF where KEY_ = ? and (TENANT_ID_ = &apos;&apos; or TENANT_ID_ is null)) 
10:47:16,419 [Thread-96] DEBUG org.activiti.engine.impl.persistence.entity.ProcessDefinitionEntity.selectLatestProcessDefinitionByKey  - ==&gt; Parameters: idGeneratorDataSource(String), idGeneratorDataSource(String)
10:47:16,419 [Thread-83] DEBUG org.apache.ibatis.datasource.pooled.PooledDataSource  - Waiting as long as 20000 milliseconds for connection.
10:47:16,419 [Thread-96] DEBUG org.activiti.engine.impl.persistence.entity.ProcessDefinitionEntity.selectLatestProcessDefinitionByKey  - &lt;==      Total: 1
10:47:16,419 [Thread-96] DEBUG org.activiti.engine.impl.interceptor.LogInterceptor  - 

10:47:16,419 [Thread-96] DEBUG org.activiti.engine.impl.interceptor.LogInterceptor  - --- starting GetNextIdBlockCmd --------------------------------------------------------
10:47:16,419 [Thread-96] DEBUG org.apache.ibatis.transaction.jdbc.JdbcTransaction  - Opening JDBC Connection
10:47:16,419 [Thread-81] DEBUG org.activiti.engine.impl.persistence.entity.HistoricActivityInstanceEntity.bulkInsertHistoricActivityInstance  - ==&gt; Parameters: 70(String), idGeneratorDataSource:1:3(String), 69(String), 69(String), theStart(String), null, null, null, startEvent(String), null, 2015-01-01 00:00:00.0(Timestamp), 2015-01-01 00:00:00.0(Timestamp), 0(Long), (String), 72(String), idGeneratorDataSource:1:3(String), 69(String), 69(String), javaService(String), null, null, Java service invocation(String), serviceTask(String), null, 2015-01-01 00:00:00.0(Timestamp), null, null, (String)
10:47:16,419 [Thread-96] DEBUG org.apache.ibatis.datasource.pooled.PooledDataSource  - Checked out connection 1094226572 from pool.
10:47:16,419 [Thread-99] DEBUG org.apache.ibatis.datasource.pooled.PooledDataSource  - Waiting as long as 20000 milliseconds for connection.
10:47:16,419 [Thread-96] DEBUG org.apache.ibatis.transaction.jdbc.JdbcTransaction  - Setting autocommit to false on JDBC Connection [conn54: url=jdbc:h2:mem:activiti user=SA]
10:47:16,419 [Thread-81] DEBUG org.activiti.engine.impl.persistence.entity.HistoricActivityInstanceEntity.bulkInsertHistoricActivityInstance  - &lt;==    Updates: 2
10:47:16,420 [Thread-81] DEBUG org.activiti.engine.impl.db.DbSqlSession  - inserting: ProcessInstance[69]
10:47:16,420 [Thread-96] DEBUG org.activiti.engine.impl.persistence.entity.PropertyEntity.selectProperty  - ==&gt;  Preparing: select * from ACT_GE_PROPERTY where NAME_ = ? 
10:47:16,420 [Thread-100] DEBUG org.apache.ibatis.datasource.pooled.PooledDataSource  - Waiting as long as 20000 milliseconds for connection.
10:47:16,420 [Thread-96] DEBUG org.activiti.engine.impl.persistence.entity.PropertyEntity.selectProperty  - ==&gt; Parameters: next.dbid(String)
10:47:16,420 [Thread-81] DEBUG org.activiti.engine.impl.persistence.entity.ExecutionEntity.insertExecution  - ==&gt;  Preparing: insert into ACT_RU_EXECUTION (ID_, REV_, PROC_INST_ID_, BUSINESS_KEY_, PROC_DEF_ID_, ACT_ID_, IS_ACTIVE_, IS_CONCURRENT_, IS_SCOPE_,IS_EVENT_SCOPE_, PARENT_ID_, SUPER_EXEC_, SUSPENSION_STATE_, CACHED_ENT_STATE_, TENANT_ID_, NAME_) values ( ?, 1, ?, ?, ?, ?, ?, ?, ?, ?, ?, ?, ?, ?, ?, ? ) 
10:47:16,420 [Thread-96] DEBUG org.activiti.engine.impl.persistence.entity.PropertyEntity.selectProperty  - &lt;==      Total: 1
10:47:16,420 [Thread-85] DEBUG org.apache.ibatis.datasource.pooled.PooledDataSource  - Waiting as long as 20000 milliseconds for connection.
10:47:16,420 [Thread-96] DEBUG org.activiti.engine.impl.db.DbSqlSession  -   update PropertyEntity[name=next.dbid, value=76]
10:47:16,420 [Thread-96] DEBUG org.activiti.engine.impl.db.DbSqlSession  - flush summary: 0 insert, 1 update, 0 delete.
10:47:16,420 [Thread-96] DEBUG org.activiti.engine.impl.db.DbSqlSession  - now executing flush...
10:47:16,420 [Thread-81] DEBUG org.activiti.engine.impl.persistence.entity.ExecutionEntity.insertExecution  - ==&gt; Parameters: 69(String), 69(String), null, idGeneratorDataSource:1:3(String), javaService(String), true(Boolean), false(Boolean), true(Boolean), false(Boolean), null, null, 1(Integer), 2(Integer), (String), null
10:47:16,420 [Thread-96] DEBUG org.activiti.engine.impl.db.DbSqlSession  - updating: PropertyEntity[name=next.dbid, value=76]
10:47:16,420 [Thread-97] DEBUG org.apache.ibatis.datasource.pooled.PooledDataSource  - Waiting as long as 20000 milliseconds for connection.
10:47:16,420 [Thread-96] DEBUG org.activiti.engine.impl.persistence.entity.PropertyEntity.updateProperty  - ==&gt;  Preparing: update ACT_GE_PROPERTY SET REV_ = ?, VALUE_ = ? where NAME_ = ? and REV_ = ? 
10:47:16,420 [Thread-81] DEBUG org.activiti.engine.impl.persistence.entity.ExecutionEntity.insertExecution  - &lt;==    Updates: 1
10:47:16,420 [Thread-96] DEBUG org.activiti.engine.impl.persistence.entity.PropertyEntity.updateProperty  - ==&gt; Parameters: 26(Integer), 76(String), next.dbid(String), 25(Integer)
10:47:16,420 [Thread-81] DEBUG org.activiti.engine.impl.cfg.standalone.StandaloneMybatisTransactionContext  - firing event committing...
10:47:16,420 [Thread-81] DEBUG org.activiti.engine.impl.cfg.standalone.StandaloneMybatisTransactionContext  - committing the ibatis sql session...
10:47:16,420 [Thread-81] DEBUG org.apache.ibatis.transaction.jdbc.JdbcTransaction  - Committing JDBC Connection [conn55: url=jdbc:h2:mem:activiti user=SA]
10:47:16,420 [Thread-94] DEBUG org.apache.ibatis.datasource.pooled.PooledDataSource  - Waiting as long as 20000 milliseconds for connection.
10:47:16,420 [Thread-81] DEBUG org.activiti.engine.impl.cfg.standalone.StandaloneMybatisTransactionContext  - firing event committed...
10:47:16,420 [Thread-81] DEBUG org.apache.ibatis.transaction.jdbc.JdbcTransaction  - Resetting autocommit to true on JDBC Connection [conn55: url=jdbc:h2:mem:activiti user=SA]
10:47:16,420 [Thread-81] DEBUG org.apache.ibatis.transaction.jdbc.JdbcTransaction  - Closing JDBC Connection [conn55: url=jdbc:h2:mem:activiti user=SA]
10:47:16,420 [Thread-96] DEBUG org.activiti.engine.impl.persistence.entity.PropertyEntity.updateProperty  - &lt;==    Updates: 1
10:47:16,420 [Thread-95] DEBUG org.apache.ibatis.datasource.pooled.PooledDataSource  - Waiting as long as 20000 milliseconds for connection.
10:47:16,420 [Thread-96] DEBUG org.activiti.engine.impl.cfg.standalone.StandaloneMybatisTransactionContext  - firing event committing...
10:47:16,421 [Thread-96] DEBUG org.activiti.engine.impl.cfg.standalone.StandaloneMybatisTransactionContext  - committing the ibatis sql session...
10:47:16,421 [Thread-96] DEBUG org.apache.ibatis.transaction.jdbc.JdbcTransaction  - Committing JDBC Connection [conn54: url=jdbc:h2:mem:activiti user=SA]
10:47:16,421 [Thread-96] DEBUG org.activiti.engine.impl.cfg.standalone.StandaloneMybatisTransactionContext  - firing event committed...
10:47:16,421 [Thread-96] DEBUG org.apache.ibatis.transaction.jdbc.JdbcTransaction  - Resetting autocommit to true on JDBC Connection [conn54: url=jdbc:h2:mem:activiti user=SA]
10:47:16,421 [Thread-96] DEBUG org.apache.ibatis.transaction.jdbc.JdbcTransaction  - Closing JDBC Connection [conn54: url=jdbc:h2:mem:activiti user=SA]
10:47:16,421 [Thread-93] DEBUG org.apache.ibatis.datasource.pooled.PooledDataSource  - Waiting as long as 20000 milliseconds for connection.
10:47:16,421 [Thread-96] DEBUG org.apache.ibatis.datasource.pooled.PooledDataSource  - Returned connection 1094226572 to pool.
10:47:16,421 [Thread-96] DEBUG org.activiti.engine.impl.interceptor.LogInterceptor  - --- GetNextIdBlockCmd finished --------------------------------------------------------
10:47:16,421 [Thread-96] DEBUG org.activiti.engine.impl.interceptor.LogInterceptor  - 

10:47:16,421 [Thread-92] DEBUG org.apache.ibatis.datasource.pooled.PooledDataSource  - Waiting as long as 20000 milliseconds for connection.
10:47:16,421 [Thread-96] DEBUG org.activiti.engine.impl.persistence.entity.ExecutionEntity  - initializing ProcessInstance[73]
10:47:16,421 [Thread-88] DEBUG org.apache.ibatis.datasource.pooled.PooledDataSource  - Waiting as long as 20000 milliseconds for connection.
10:47:16,421 [Thread-96] DEBUG org.activiti.engine.impl.history.DefaultHistoryManager  - Current history level: FULL, level required: ACTIVITY
10:47:16,421 [Thread-89] DEBUG org.apache.ibatis.datasource.pooled.PooledDataSource  - Waiting as long as 20000 milliseconds for connection.
10:47:16,421 [Thread-96] DEBUG org.activiti.engine.impl.pvm.runtime.AtomicOperationActivityExecute  - ProcessInstance[73] executes Activity(theStart): org.activiti.engine.impl.bpmn.behavior.NoneStartEventActivityBehavior
10:47:16,421 [Thread-82] DEBUG org.apache.ibatis.datasource.pooled.PooledDataSource  - Waiting as long as 20000 milliseconds for connection.
10:47:16,421 [Thread-96] DEBUG org.activiti.engine.impl.persistence.entity.JobEntity.selectJobsByExecutionId  - ==&gt;  Preparing: select * from ACT_RU_JOB J where J.EXECUTION_ID_ = ? 
10:47:16,421 [Thread-87] DEBUG org.apache.ibatis.datasource.pooled.PooledDataSource  - Waiting as long as 20000 milliseconds for connection.
10:47:16,421 [Thread-96] DEBUG org.activiti.engine.impl.persistence.entity.JobEntity.selectJobsByExecutionId  - ==&gt; Parameters: 73(String)
10:47:16,421 [Thread-81] DEBUG org.apache.ibatis.datasource.pooled.PooledDataSource  - Returned connection 14606730 to pool.
10:47:16,421 [Thread-96] DEBUG org.activiti.engine.impl.persistence.entity.JobEntity.selectJobsByExecutionId  - &lt;==      Total: 0
10:47:16,421 [Thread-96] DEBUG org.activiti.engine.impl.bpmn.behavior.BpmnActivityBehavior  - Leaving activity &apos;theStart&apos;
10:47:16,421 [Thread-91] DEBUG org.apache.ibatis.datasource.pooled.PooledDataSource  - Checked out connection 14606730 from pool.
10:47:16,421 [Thread-81] DEBUG org.activiti.engine.impl.interceptor.LogInterceptor  - --- StartProcessInstanceCmd finished --------------------------------------------------------
10:47:16,422 [Thread-81] DEBUG org.activiti.engine.impl.interceptor.LogInterceptor  - 

10:47:16,422 [Thread-81] DEBUG org.activiti.engine.impl.interceptor.LogInterceptor  - 

10:47:16,422 [Thread-81] DEBUG org.activiti.engine.impl.interceptor.LogInterceptor  - --- starting StartProcessInstanceCmd --------------------------------------------------------
10:47:16,422 [Thread-87] DEBUG org.apache.ibatis.datasource.pooled.PooledDataSource  - Waiting as long as 20000 milliseconds for connection.
10:47:16,422 [Thread-91] DEBUG org.apache.ibatis.transaction.jdbc.JdbcTransaction  - Setting autocommit to false on JDBC Connection [conn55: url=jdbc:h2:mem:activiti user=SA]
10:47:16,421 [Thread-96] DEBUG org.activiti.engine.impl.history.DefaultHistoryManager  - Current history level: FULL, level required: ACTIVITY
10:47:16,422 [Thread-91] DEBUG org.activiti.engine.impl.persistence.entity.ProcessDefinitionEntity.selectLatestProcessDefinitionByKey  - ==&gt;  Preparing: select * from ACT_RE_PROCDEF where KEY_ = ? and (TENANT_ID_ = &apos;&apos; or TENANT_ID_ is null) and VERSION_ = (select max(VERSION_) from ACT_RE_PROCDEF where KEY_ = ? and (TENANT_ID_ = &apos;&apos; or TENANT_ID_ is null)) 
10:47:16,422 [Thread-82] DEBUG org.apache.ibatis.datasource.pooled.PooledDataSource  - Waiting as long as 20000 milliseconds for connection.
10:47:16,422 [Thread-81] DEBUG org.apache.ibatis.transaction.jdbc.JdbcTransaction  - Opening JDBC Connection
10:47:16,422 [Thread-89] DEBUG org.apache.ibatis.datasource.pooled.PooledDataSource  - Waiting as long as 20000 milliseconds for connection.
10:47:16,422 [Thread-91] DEBUG org.activiti.engine.impl.persistence.entity.ProcessDefinitionEntity.selectLatestProcessDefinitionByKey  - ==&gt; Parameters: idGeneratorDataSource(String), idGeneratorDataSource(String)
10:47:16,422 [Thread-96] DEBUG org.activiti.engine.impl.pvm.runtime.AtomicOperationTransitionNotifyListenerTake  - ProcessInstance[73] takes transition (theStart)--flow1--&gt;(javaService)
10:47:16,422 [Thread-88] DEBUG org.apache.ibatis.datasource.pooled.PooledDataSource  - Waiting as long as 20000 milliseconds for connection.
10:47:16,422 [Thread-96] DEBUG org.activiti.engine.impl.history.DefaultHistoryManager  - Current history level: FULL, level required: ACTIVITY
10:47:16,422 [Thread-91] DEBUG org.activiti.engine.impl.persistence.entity.ProcessDefinitionEntity.selectLatestProcessDefinitionByKey  - &lt;==      Total: 1
10:47:16,422 [Thread-96] DEBUG org.activiti.engine.impl.pvm.runtime.AtomicOperationActivityExecute  - ProcessInstance[73] executes Activity(javaService): org.activiti.engine.impl.bpmn.helper.ClassDelegate
10:47:16,422 [Thread-92] DEBUG org.apache.ibatis.datasource.pooled.PooledDataSource  - Waiting as long as 20000 milliseconds for connection.
10:47:16,422 [Thread-96] DEBUG org.activiti.engine.impl.db.DbSqlSession  -   insert ProcessInstance[73]
10:47:16,422 [Thread-93] DEBUG org.apache.ibatis.datasource.pooled.PooledDataSource  - Waiting as long as 20000 milliseconds for connection.
10:47:16,422 [Thread-91] DEBUG org.activiti.engine.impl.interceptor.LogInterceptor  - 

10:47:16,422 [Thread-91] DEBUG org.activiti.engine.impl.interceptor.LogInterceptor  - --- starting GetNextIdBlockCmd --------------------------------------------------------
10:47:16,422 [Thread-95] DEBUG org.apache.ibatis.datasource.pooled.PooledDataSource  - Waiting as long as 20000 milliseconds for connection.
10:47:16,422 [Thread-96] DEBUG org.activiti.engine.impl.db.DbSqlSession  -   insert HistoricProcessInstanceEntity[superProcessInstanceId=null]
10:47:16,423 [Thread-96] DEBUG org.activiti.engine.impl.db.DbSqlSession  -   insert HistoricActivityInstanceEntity[activityId=theStart, activityName=null]
10:47:16,423 [Thread-96] DEBUG org.activiti.engine.impl.db.DbSqlSession  -   insert HistoricActivityInstanceEntity[activityId=javaService, activityName=Java service invocation]
10:47:16,423 [Thread-96] DEBUG org.activiti.engine.impl.db.DbSqlSession  - flush summary: 4 insert, 0 update, 0 delete.
10:47:16,423 [Thread-96] DEBUG org.activiti.engine.impl.db.DbSqlSession  - now executing flush...
10:47:16,423 [Thread-96] DEBUG org.activiti.engine.impl.db.DbSqlSession  - inserting: HistoricProcessInstanceEntity[superProcessInstanceId=null]
10:47:16,423 [Thread-94] DEBUG org.apache.ibatis.datasource.pooled.PooledDataSource  - Waiting as long as 20000 milliseconds for connection.
10:47:16,423 [Thread-97] DEBUG org.apache.ibatis.datasource.pooled.PooledDataSource  - Waiting as long as 20000 milliseconds for connection.
10:47:16,423 [Thread-85] DEBUG org.apache.ibatis.datasource.pooled.PooledDataSource  - Waiting as long as 20000 milliseconds for connection.
10:47:16,423 [Thread-96] DEBUG org.activiti.engine.impl.persistence.entity.HistoricProcessInstanceEntity.insertHistoricProcessInstance  - ==&gt;  Preparing: insert into ACT_HI_PROCINST ( ID_, PROC_INST_ID_, BUSINESS_KEY_, PROC_DEF_ID_, START_TIME_, END_TIME_, DURATION_, START_USER_ID_, START_ACT_ID_, END_ACT_ID_, SUPER_PROCESS_INSTANCE_ID_, DELETE_REASON_, TENANT_ID_, NAME_ ) values ( ?, ?, ?, ?, ?, ?, ?, ?, ?, ?, ?, ?, ?, ? ) 
10:47:16,423 [Thread-91] DEBUG org.apache.ibatis.transaction.jdbc.JdbcTransaction  - Opening JDBC Connection
10:47:16,423 [Thread-96] DEBUG org.activiti.engine.impl.persistence.entity.HistoricProcessInstanceEntity.insertHistoricProcessInstance  - ==&gt; Parameters: 73(String), 73(String), null, idGeneratorDataSource:1:3(String), 2015-01-01 00:00:00.0(Timestamp), null, null, null, theStart(String), null, null, null, (String), null
10:47:16,423 [Thread-91] DEBUG org.apache.ibatis.datasource.pooled.PooledDataSource  - Checked out connection 1094226572 from pool.
10:47:16,423 [Thread-91] DEBUG org.apache.ibatis.transaction.jdbc.JdbcTransaction  - Setting autocommit to false on JDBC Connection [conn54: url=jdbc:h2:mem:activiti user=SA]
10:47:16,423 [Thread-91] DEBUG org.activiti.engine.impl.persistence.entity.PropertyEntity.selectProperty  - ==&gt;  Preparing: select * from ACT_GE_PROPERTY where NAME_ = ? 
10:47:16,423 [Thread-91] DEBUG org.activiti.engine.impl.persistence.entity.PropertyEntity.selectProperty  - ==&gt; Parameters: next.dbid(String)
10:47:16,423 [Thread-100] DEBUG org.apache.ibatis.datasource.pooled.PooledDataSource  - Waiting as long as 20000 milliseconds for connection.
10:47:16,423 [Thread-99] DEBUG org.apache.ibatis.datasource.pooled.PooledDataSource  - Waiting as long as 20000 milliseconds for connection.
10:47:16,423 [Thread-91] DEBUG org.activiti.engine.impl.persistence.entity.PropertyEntity.selectProperty  - &lt;==      Total: 1
10:47:16,424 [Thread-91] DEBUG org.activiti.engine.impl.db.DbSqlSession  -   update PropertyEntity[name=next.dbid, value=79]
10:47:16,424 [Thread-91] DEBUG org.activiti.engine.impl.db.DbSqlSession  - flush summary: 0 insert, 1 update, 0 delete.
10:47:16,424 [Thread-91] DEBUG org.activiti.engine.impl.db.DbSqlSession  - now executing flush...
10:47:16,424 [Thread-91] DEBUG org.activiti.engine.impl.db.DbSqlSession  - updating: PropertyEntity[name=next.dbid, value=79]
10:47:16,423 [Thread-96] DEBUG org.activiti.engine.impl.persistence.entity.HistoricProcessInstanceEntity.insertHistoricProcessInstance  - &lt;==    Updates: 1
10:47:16,424 [Thread-91] DEBUG org.activiti.engine.impl.persistence.entity.PropertyEntity.updateProperty  - ==&gt;  Preparing: update ACT_GE_PROPERTY SET REV_ = ?, VALUE_ = ? where NAME_ = ? and REV_ = ? 
10:47:16,424 [Thread-96] DEBUG org.activiti.engine.impl.persistence.entity.HistoricActivityInstanceEntity.bulkInsertHistoricActivityInstance  - ==&gt;  Preparing: insert into ACT_HI_ACTINST ( ID_, PROC_DEF_ID_, PROC_INST_ID_, EXECUTION_ID_, ACT_ID_, TASK_ID_, CALL_PROC_INST_ID_, ACT_NAME_, ACT_TYPE_, ASSIGNEE_, START_TIME_, END_TIME_, DURATION_, TENANT_ID_ ) values (?, ?, ?, ?, ?, ?, ?, ?, ?, ?, ?, ?, ?, ?) , (?, ?, ?, ?, ?, ?, ?, ?, ?, ?, ?, ?, ?, ?) 
10:47:16,424 [Thread-83] DEBUG org.apache.ibatis.datasource.pooled.PooledDataSource  - Waiting as long as 20000 milliseconds for connection.
10:47:16,424 [Thread-96] DEBUG org.activiti.engine.impl.persistence.entity.HistoricActivityInstanceEntity.bulkInsertHistoricActivityInstance  - ==&gt; Parameters: 74(String), idGeneratorDataSource:1:3(String), 73(String), 73(String), theStart(String), null, null, null, startEvent(String), null, 2015-01-01 00:00:00.0(Timestamp), 2015-01-01 00:00:00.0(Timestamp), 0(Long), (String), 75(String), idGeneratorDataSource:1:3(String), 73(String), 73(String), javaService(String), null, null, Java service invocation(String), serviceTask(String), null, 2015-01-01 00:00:00.0(Timestamp), null, null, (String)
10:47:16,424 [Thread-91] DEBUG org.activiti.engine.impl.persistence.entity.PropertyEntity.updateProperty  - ==&gt; Parameters: 27(Integer), 79(String), next.dbid(String), 26(Integer)
10:47:16,424 [Thread-91] DEBUG org.activiti.engine.impl.persistence.entity.PropertyEntity.updateProperty  - &lt;==    Updates: 1
10:47:16,424 [Thread-96] DEBUG org.activiti.engine.impl.persistence.entity.HistoricActivityInstanceEntity.bulkInsertHistoricActivityInstance  - &lt;==    Updates: 2
10:47:16,424 [Thread-96] DEBUG org.activiti.engine.impl.db.DbSqlSession  - inserting: ProcessInstance[73]
10:47:16,424 [Thread-96] DEBUG org.activiti.engine.impl.persistence.entity.ExecutionEntity.insertExecution  - ==&gt;  Preparing: insert into ACT_RU_EXECUTION (ID_, REV_, PROC_INST_ID_, BUSINESS_KEY_, PROC_DEF_ID_, ACT_ID_, IS_ACTIVE_, IS_CONCURRENT_, IS_SCOPE_,IS_EVENT_SCOPE_, PARENT_ID_, SUPER_EXEC_, SUSPENSION_STATE_, CACHED_ENT_STATE_, TENANT_ID_, NAME_) values ( ?, 1, ?, ?, ?, ?, ?, ?, ?, ?, ?, ?, ?, ?, ?, ? ) 
10:47:16,424 [Thread-96] DEBUG org.activiti.engine.impl.persistence.entity.ExecutionEntity.insertExecution  - ==&gt; Parameters: 73(String), 73(String), null, idGeneratorDataSource:1:3(String), javaService(String), true(Boolean), false(Boolean), true(Boolean), false(Boolean), null, null, 1(Integer), 2(Integer), (String), null
10:47:16,424 [Thread-90] DEBUG org.apache.ibatis.datasource.pooled.PooledDataSource  - Waiting as long as 20000 milliseconds for connection.
10:47:16,424 [Thread-81] DEBUG org.apache.ibatis.datasource.pooled.PooledDataSource  - Waiting as long as 20000 milliseconds for connection.
10:47:16,424 [Thread-96] DEBUG org.activiti.engine.impl.persistence.entity.ExecutionEntity.insertExecution  - &lt;==    Updates: 1
10:47:16,424 [Thread-96] DEBUG org.activiti.engine.impl.cfg.standalone.StandaloneMybatisTransactionContext  - firing event committing...
10:47:16,424 [Thread-96] DEBUG org.activiti.engine.impl.cfg.standalone.StandaloneMybatisTransactionContext  - committing the ibatis sql session...
10:47:16,424 [Thread-96] DEBUG org.apache.ibatis.transaction.jdbc.JdbcTransaction  - Committing JDBC Connection [conn53: url=jdbc:h2:mem:activiti user=SA]
10:47:16,425 [Thread-96] DEBUG org.activiti.engine.impl.cfg.standalone.StandaloneMybatisTransactionContext  - firing event committed...
10:47:16,425 [Thread-96] DEBUG org.apache.ibatis.transaction.jdbc.JdbcTransaction  - Resetting autocommit to true on JDBC Connection [conn53: url=jdbc:h2:mem:activiti user=SA]
10:47:16,424 [Thread-91] DEBUG org.activiti.engine.impl.cfg.standalone.StandaloneMybatisTransactionContext  - firing event committing...
10:47:16,425 [Thread-91] DEBUG org.activiti.engine.impl.cfg.standalone.StandaloneMybatisTransactionContext  - committing the ibatis sql session...
10:47:16,425 [Thread-91] DEBUG org.apache.ibatis.transaction.jdbc.JdbcTransaction  - Committing JDBC Connection [conn54: url=jdbc:h2:mem:activiti user=SA]
10:47:16,425 [Thread-96] DEBUG org.apache.ibatis.transaction.jdbc.JdbcTransaction  - Closing JDBC Connection [conn53: url=jdbc:h2:mem:activiti user=SA]
10:47:16,425 [Thread-96] DEBUG org.apache.ibatis.datasource.pooled.PooledDataSource  - Returned connection 826925275 to pool.
10:47:16,425 [Thread-91] DEBUG org.activiti.engine.impl.cfg.standalone.StandaloneMybatisTransactionContext  - firing event committed...
10:47:16,425 [Thread-91] DEBUG org.apache.ibatis.transaction.jdbc.JdbcTransaction  - Resetting autocommit to true on JDBC Connection [conn54: url=jdbc:h2:mem:activiti user=SA]
10:47:16,425 [Thread-91] DEBUG org.apache.ibatis.transaction.jdbc.JdbcTransaction  - Closing JDBC Connection [conn54: url=jdbc:h2:mem:activiti user=SA]
10:47:16,425 [Thread-91] DEBUG org.apache.ibatis.datasource.pooled.PooledDataSource  - Returned connection 1094226572 to pool.
10:47:16,425 [Thread-81] DEBUG org.apache.ibatis.datasource.pooled.PooledDataSource  - Checked out connection 826925275 from pool.
10:47:16,425 [Thread-96] DEBUG org.activiti.engine.impl.interceptor.LogInterceptor  - --- StartProcessInstanceCmd finished --------------------------------------------------------
10:47:16,425 [Thread-96] DEBUG org.activiti.engine.impl.interceptor.LogInterceptor  - 

10:47:16,425 [Thread-96] DEBUG org.activiti.engine.impl.interceptor.LogInterceptor  - 

10:47:16,425 [Thread-96] DEBUG org.activiti.engine.impl.interceptor.LogInterceptor  - --- starting StartProcessInstanceCmd --------------------------------------------------------
10:47:16,425 [Thread-96] DEBUG org.apache.ibatis.transaction.jdbc.JdbcTransaction  - Opening JDBC Connection
10:47:16,425 [Thread-90] DEBUG org.apache.ibatis.datasource.pooled.PooledDataSource  - Waiting as long as 20000 milliseconds for connection.
10:47:16,425 [Thread-81] DEBUG org.apache.ibatis.transaction.jdbc.JdbcTransaction  - Setting autocommit to false on JDBC Connection [conn53: url=jdbc:h2:mem:activiti user=SA]
10:47:16,425 [Thread-91] DEBUG org.activiti.engine.impl.interceptor.LogInterceptor  - --- GetNextIdBlockCmd finished --------------------------------------------------------
10:47:16,425 [Thread-91] DEBUG org.activiti.engine.impl.interceptor.LogInterceptor  - 

10:47:16,425 [Thread-91] DEBUG org.activiti.engine.impl.persistence.entity.ExecutionEntity  - initializing ProcessInstance[76]
10:47:16,425 [Thread-91] DEBUG org.activiti.engine.impl.history.DefaultHistoryManager  - Current history level: FULL, level required: ACTIVITY
10:47:16,425 [Thread-81] DEBUG org.activiti.engine.impl.persistence.entity.ProcessDefinitionEntity.selectLatestProcessDefinitionByKey  - ==&gt;  Preparing: select * from ACT_RE_PROCDEF where KEY_ = ? and (TENANT_ID_ = &apos;&apos; or TENANT_ID_ is null) and VERSION_ = (select max(VERSION_) from ACT_RE_PROCDEF where KEY_ = ? and (TENANT_ID_ = &apos;&apos; or TENANT_ID_ is null)) 
10:47:16,426 [Thread-81] DEBUG org.activiti.engine.impl.persistence.entity.ProcessDefinitionEntity.selectLatestProcessDefinitionByKey  - ==&gt; Parameters: idGeneratorDataSource(String), idGeneratorDataSource(String)
10:47:16,425 [Thread-83] DEBUG org.apache.ibatis.datasource.pooled.PooledDataSource  - Waiting as long as 20000 milliseconds for connection.
10:47:16,426 [Thread-81] DEBUG org.activiti.engine.impl.persistence.entity.ProcessDefinitionEntity.selectLatestProcessDefinitionByKey  - &lt;==      Total: 1
10:47:16,426 [Thread-99] DEBUG org.apache.ibatis.datasource.pooled.PooledDataSource  - Waiting as long as 20000 milliseconds for connection.
10:47:16,426 [Thread-100] DEBUG org.apache.ibatis.datasource.pooled.PooledDataSource  - Waiting as long as 20000 milliseconds for connection.
10:47:16,426 [Thread-91] DEBUG org.activiti.engine.impl.pvm.runtime.AtomicOperationActivityExecute  - ProcessInstance[76] executes Activity(theStart): org.activiti.engine.impl.bpmn.behavior.NoneStartEventActivityBehavior
10:47:16,426 [Thread-91] DEBUG org.activiti.engine.impl.persistence.entity.JobEntity.selectJobsByExecutionId  - ==&gt;  Preparing: select * from ACT_RU_JOB J where J.EXECUTION_ID_ = ? 
10:47:16,426 [Thread-85] DEBUG org.apache.ibatis.datasource.pooled.PooledDataSource  - Waiting as long as 20000 milliseconds for connection.
10:47:16,426 [Thread-97] DEBUG org.apache.ibatis.datasource.pooled.PooledDataSource  - Waiting as long as 20000 milliseconds for connection.
10:47:16,426 [Thread-94] DEBUG org.apache.ibatis.datasource.pooled.PooledDataSource  - Waiting as long as 20000 milliseconds for connection.
10:47:16,426 [Thread-81] DEBUG org.activiti.engine.impl.persistence.entity.ExecutionEntity  - initializing ProcessInstance[78]
10:47:16,426 [Thread-81] DEBUG org.activiti.engine.impl.history.DefaultHistoryManager  - Current history level: FULL, level required: ACTIVITY
10:47:16,426 [Thread-81] DEBUG org.activiti.engine.impl.interceptor.LogInterceptor  - 

10:47:16,426 [Thread-81] DEBUG org.activiti.engine.impl.interceptor.LogInterceptor  - --- starting GetNextIdBlockCmd --------------------------------------------------------
10:47:16,426 [Thread-81] DEBUG org.apache.ibatis.transaction.jdbc.JdbcTransaction  - Opening JDBC Connection
10:47:16,426 [Thread-81] DEBUG org.apache.ibatis.datasource.pooled.PooledDataSource  - Checked out connection 1094226572 from pool.
10:47:16,426 [Thread-81] DEBUG org.apache.ibatis.transaction.jdbc.JdbcTransaction  - Setting autocommit to false on JDBC Connection [conn54: url=jdbc:h2:mem:activiti user=SA]
10:47:16,426 [Thread-81] DEBUG org.activiti.engine.impl.persistence.entity.PropertyEntity.selectProperty  - ==&gt;  Preparing: select * from ACT_GE_PROPERTY where NAME_ = ? 
10:47:16,426 [Thread-81] DEBUG org.activiti.engine.impl.persistence.entity.PropertyEntity.selectProperty  - ==&gt; Parameters: next.dbid(String)
10:47:16,426 [Thread-81] DEBUG org.activiti.engine.impl.persistence.entity.PropertyEntity.selectProperty  - &lt;==      Total: 1
10:47:16,426 [Thread-81] DEBUG org.activiti.engine.impl.db.DbSqlSession  -   update PropertyEntity[name=next.dbid, value=82]
10:47:16,426 [Thread-81] DEBUG org.activiti.engine.impl.db.DbSqlSession  - flush summary: 0 insert, 1 update, 0 delete.
10:47:16,426 [Thread-81] DEBUG org.activiti.engine.impl.db.DbSqlSession  - now executing flush...
10:47:16,426 [Thread-81] DEBUG org.activiti.engine.impl.db.DbSqlSession  - updating: PropertyEntity[name=next.dbid, value=82]
10:47:16,426 [Thread-95] DEBUG org.apache.ibatis.datasource.pooled.PooledDataSource  - Waiting as long as 20000 milliseconds for connection.
10:47:16,426 [Thread-91] DEBUG org.activiti.engine.impl.persistence.entity.JobEntity.selectJobsByExecutionId  - ==&gt; Parameters: 76(String)
10:47:16,427 [Thread-91] DEBUG org.activiti.engine.impl.persistence.entity.JobEntity.selectJobsByExecutionId  - &lt;==      Total: 0
10:47:16,427 [Thread-91] DEBUG org.activiti.engine.impl.bpmn.behavior.BpmnActivityBehavior  - Leaving activity &apos;theStart&apos;
10:47:16,427 [Thread-93] DEBUG org.apache.ibatis.datasource.pooled.PooledDataSource  - Waiting as long as 20000 milliseconds for connection.
10:47:16,427 [Thread-92] DEBUG org.apache.ibatis.datasource.pooled.PooledDataSource  - Waiting as long as 20000 milliseconds for connection.
10:47:16,427 [Thread-81] DEBUG org.activiti.engine.impl.persistence.entity.PropertyEntity.updateProperty  - ==&gt;  Preparing: update ACT_GE_PROPERTY SET REV_ = ?, VALUE_ = ? where NAME_ = ? and REV_ = ? 
10:47:16,427 [Thread-88] DEBUG org.apache.ibatis.datasource.pooled.PooledDataSource  - Waiting as long as 20000 milliseconds for connection.
10:47:16,427 [Thread-91] DEBUG org.activiti.engine.impl.history.DefaultHistoryManager  - Current history level: FULL, level required: ACTIVITY
10:47:16,427 [Thread-89] DEBUG org.apache.ibatis.datasource.pooled.PooledDataSource  - Waiting as long as 20000 milliseconds for connection.
10:47:16,427 [Thread-82] DEBUG org.apache.ibatis.datasource.pooled.PooledDataSource  - Waiting as long as 20000 milliseconds for connection.
10:47:16,427 [Thread-81] DEBUG org.activiti.engine.impl.persistence.entity.PropertyEntity.updateProperty  - ==&gt; Parameters: 28(Integer), 82(String), next.dbid(String), 27(Integer)
10:47:16,427 [Thread-87] DEBUG org.apache.ibatis.datasource.pooled.PooledDataSource  - Waiting as long as 20000 milliseconds for connection.
10:47:16,427 [Thread-91] DEBUG org.activiti.engine.impl.pvm.runtime.AtomicOperationTransitionNotifyListenerTake  - ProcessInstance[76] takes transition (theStart)--flow1--&gt;(javaService)
10:47:16,427 [Thread-96] DEBUG org.apache.ibatis.datasource.pooled.PooledDataSource  - Waiting as long as 20000 milliseconds for connection.
10:47:16,427 [Thread-81] DEBUG org.activiti.engine.impl.persistence.entity.PropertyEntity.updateProperty  - &lt;==    Updates: 1
10:47:16,427 [Thread-91] DEBUG org.activiti.engine.impl.history.DefaultHistoryManager  - Current history level: FULL, level required: ACTIVITY
10:47:16,428 [Thread-81] DEBUG org.activiti.engine.impl.cfg.standalone.StandaloneMybatisTransactionContext  - firing event committing...
10:47:16,428 [Thread-81] DEBUG org.activiti.engine.impl.cfg.standalone.StandaloneMybatisTransactionContext  - committing the ibatis sql session...
10:47:16,428 [Thread-81] DEBUG org.apache.ibatis.transaction.jdbc.JdbcTransaction  - Committing JDBC Connection [conn54: url=jdbc:h2:mem:activiti user=SA]
10:47:16,428 [Thread-81] DEBUG org.activiti.engine.impl.cfg.standalone.StandaloneMybatisTransactionContext  - firing event committed...
10:47:16,428 [Thread-81] DEBUG org.apache.ibatis.transaction.jdbc.JdbcTransaction  - Resetting autocommit to true on JDBC Connection [conn54: url=jdbc:h2:mem:activiti user=SA]
10:47:16,428 [Thread-81] DEBUG org.apache.ibatis.transaction.jdbc.JdbcTransaction  - Closing JDBC Connection [conn54: url=jdbc:h2:mem:activiti user=SA]
10:47:16,428 [Thread-81] DEBUG org.apache.ibatis.datasource.pooled.PooledDataSource  - Returned connection 1094226572 to pool.
10:47:16,428 [Thread-81] DEBUG org.activiti.engine.impl.interceptor.LogInterceptor  - --- GetNextIdBlockCmd finished --------------------------------------------------------
10:47:16,428 [Thread-81] DEBUG org.activiti.engine.impl.interceptor.LogInterceptor  - 

10:47:16,428 [Thread-91] DEBUG org.activiti.engine.impl.pvm.runtime.AtomicOperationActivityExecute  - ProcessInstance[76] executes Activity(javaService): org.activiti.engine.impl.bpmn.helper.ClassDelegate
10:47:16,428 [Thread-81] DEBUG org.activiti.engine.impl.pvm.runtime.AtomicOperationActivityExecute  - ProcessInstance[78] executes Activity(theStart): org.activiti.engine.impl.bpmn.behavior.NoneStartEventActivityBehavior
10:47:16,428 [Thread-91] DEBUG org.activiti.engine.impl.db.DbSqlSession  -   insert ProcessInstance[76]
10:47:16,428 [Thread-91] DEBUG org.activiti.engine.impl.db.DbSqlSession  -   insert HistoricProcessInstanceEntity[superProcessInstanceId=null]
10:47:16,428 [Thread-91] DEBUG org.activiti.engine.impl.db.DbSqlSession  -   insert HistoricActivityInstanceEntity[activityId=theStart, activityName=null]
10:47:16,428 [Thread-91] DEBUG org.activiti.engine.impl.db.DbSqlSession  -   insert HistoricActivityInstanceEntity[activityId=javaService, activityName=Java service invocation]
10:47:16,428 [Thread-91] DEBUG org.activiti.engine.impl.db.DbSqlSession  - flush summary: 4 insert, 0 update, 0 delete.
10:47:16,428 [Thread-91] DEBUG org.activiti.engine.impl.db.DbSqlSession  - now executing flush...
10:47:16,428 [Thread-91] DEBUG org.activiti.engine.impl.db.DbSqlSession  - inserting: HistoricProcessInstanceEntity[superProcessInstanceId=null]
10:47:16,428 [Thread-81] DEBUG org.activiti.engine.impl.persistence.entity.JobEntity.selectJobsByExecutionId  - ==&gt;  Preparing: select * from ACT_RU_JOB J where J.EXECUTION_ID_ = ? 
10:47:16,428 [Thread-91] DEBUG org.activiti.engine.impl.persistence.entity.HistoricProcessInstanceEntity.insertHistoricProcessInstance  - ==&gt;  Preparing: insert into ACT_HI_PROCINST ( ID_, PROC_INST_ID_, BUSINESS_KEY_, PROC_DEF_ID_, START_TIME_, END_TIME_, DURATION_, START_USER_ID_, START_ACT_ID_, END_ACT_ID_, SUPER_PROCESS_INSTANCE_ID_, DELETE_REASON_, TENANT_ID_, NAME_ ) values ( ?, ?, ?, ?, ?, ?, ?, ?, ?, ?, ?, ?, ?, ? ) 
10:47:16,428 [Thread-81] DEBUG org.activiti.engine.impl.persistence.entity.JobEntity.selectJobsByExecutionId  - ==&gt; Parameters: 78(String)
10:47:16,428 [Thread-91] DEBUG org.activiti.engine.impl.persistence.entity.HistoricProcessInstanceEntity.insertHistoricProcessInstance  - ==&gt; Parameters: 76(String), 76(String), null, idGeneratorDataSource:1:3(String), 2015-01-01 00:00:00.0(Timestamp), null, null, null, theStart(String), null, null, null, (String), null
10:47:16,428 [Thread-81] DEBUG org.activiti.engine.impl.persistence.entity.JobEntity.selectJobsByExecutionId  - &lt;==      Total: 0
10:47:16,428 [Thread-81] DEBUG org.activiti.engine.impl.bpmn.behavior.BpmnActivityBehavior  - Leaving activity &apos;theStart&apos;
10:47:16,428 [Thread-91] DEBUG org.activiti.engine.impl.persistence.entity.HistoricProcessInstanceEntity.insertHistoricProcessInstance  - &lt;==    Updates: 1
10:47:16,428 [Thread-81] DEBUG org.activiti.engine.impl.history.DefaultHistoryManager  - Current history level: FULL, level required: ACTIVITY
10:47:16,428 [Thread-81] DEBUG org.activiti.engine.impl.pvm.runtime.AtomicOperationTransitionNotifyListenerTake  - ProcessInstance[78] takes transition (theStart)--flow1--&gt;(javaService)
10:47:16,428 [Thread-81] DEBUG org.activiti.engine.impl.history.DefaultHistoryManager  - Current history level: FULL, level required: ACTIVITY
10:47:16,429 [Thread-81] DEBUG org.activiti.engine.impl.pvm.runtime.AtomicOperationActivityExecute  - ProcessInstance[78] executes Activity(javaService): org.activiti.engine.impl.bpmn.helper.ClassDelegate
10:47:16,429 [Thread-81] DEBUG org.activiti.engine.impl.db.DbSqlSession  -   insert ProcessInstance[78]
10:47:16,429 [Thread-81] DEBUG org.activiti.engine.impl.db.DbSqlSession  -   insert HistoricProcessInstanceEntity[superProcessInstanceId=null]
10:47:16,429 [Thread-91] DEBUG org.activiti.engine.impl.persistence.entity.HistoricActivityInstanceEntity.bulkInsertHistoricActivityInstance  - ==&gt;  Preparing: insert into ACT_HI_ACTINST ( ID_, PROC_DEF_ID_, PROC_INST_ID_, EXECUTION_ID_, ACT_ID_, TASK_ID_, CALL_PROC_INST_ID_, ACT_NAME_, ACT_TYPE_, ASSIGNEE_, START_TIME_, END_TIME_, DURATION_, TENANT_ID_ ) values (?, ?, ?, ?, ?, ?, ?, ?, ?, ?, ?, ?, ?, ?) , (?, ?, ?, ?, ?, ?, ?, ?, ?, ?, ?, ?, ?, ?) 
10:47:16,429 [Thread-81] DEBUG org.activiti.engine.impl.db.DbSqlSession  -   insert HistoricActivityInstanceEntity[activityId=theStart, activityName=null]
10:47:16,429 [Thread-81] DEBUG org.activiti.engine.impl.db.DbSqlSession  -   insert HistoricActivityInstanceEntity[activityId=javaService, activityName=Java service invocation]
10:47:16,429 [Thread-81] DEBUG org.activiti.engine.impl.db.DbSqlSession  - flush summary: 4 insert, 0 update, 0 delete.
10:47:16,429 [Thread-81] DEBUG org.activiti.engine.impl.db.DbSqlSession  - now executing flush...
10:47:16,429 [Thread-81] DEBUG org.activiti.engine.impl.db.DbSqlSession  - inserting: HistoricProcessInstanceEntity[superProcessInstanceId=null]
10:47:16,429 [Thread-81] DEBUG org.activiti.engine.impl.persistence.entity.HistoricProcessInstanceEntity.insertHistoricProcessInstance  - ==&gt;  Preparing: insert into ACT_HI_PROCINST ( ID_, PROC_INST_ID_, BUSINESS_KEY_, PROC_DEF_ID_, START_TIME_, END_TIME_, DURATION_, START_USER_ID_, START_ACT_ID_, END_ACT_ID_, SUPER_PROCESS_INSTANCE_ID_, DELETE_REASON_, TENANT_ID_, NAME_ ) values ( ?, ?, ?, ?, ?, ?, ?, ?, ?, ?, ?, ?, ?, ? ) 
10:47:16,429 [Thread-81] DEBUG org.activiti.engine.impl.persistence.entity.HistoricProcessInstanceEntity.insertHistoricProcessInstance  - ==&gt; Parameters: 78(String), 78(String), null, idGeneratorDataSource:1:3(String), 2015-01-01 00:00:00.0(Timestamp), null, null, null, theStart(String), null, null, null, (String), null
10:47:16,429 [Thread-91] DEBUG org.activiti.engine.impl.persistence.entity.HistoricActivityInstanceEntity.bulkInsertHistoricActivityInstance  - ==&gt; Parameters: 77(String), idGeneratorDataSource:1:3(String), 76(String), 76(String), theStart(String), null, null, null, startEvent(String), null, 2015-01-01 00:00:00.0(Timestamp), 2015-01-01 00:00:00.0(Timestamp), 0(Long), (String), 80(String), idGeneratorDataSource:1:3(String), 76(String), 76(String), javaService(String), null, null, Java service invocation(String), serviceTask(String), null, 2015-01-01 00:00:00.0(Timestamp), null, null, (String)
10:47:16,429 [Thread-91] DEBUG org.activiti.engine.impl.persistence.entity.HistoricActivityInstanceEntity.bulkInsertHistoricActivityInstance  - &lt;==    Updates: 2
10:47:16,429 [Thread-91] DEBUG org.activiti.engine.impl.db.DbSqlSession  - inserting: ProcessInstance[76]
10:47:16,429 [Thread-91] DEBUG org.activiti.engine.impl.persistence.entity.ExecutionEntity.insertExecution  - ==&gt;  Preparing: insert into ACT_RU_EXECUTION (ID_, REV_, PROC_INST_ID_, BUSINESS_KEY_, PROC_DEF_ID_, ACT_ID_, IS_ACTIVE_, IS_CONCURRENT_, IS_SCOPE_,IS_EVENT_SCOPE_, PARENT_ID_, SUPER_EXEC_, SUSPENSION_STATE_, CACHED_ENT_STATE_, TENANT_ID_, NAME_) values ( ?, 1, ?, ?, ?, ?, ?, ?, ?, ?, ?, ?, ?, ?, ?, ? ) 
10:47:16,429 [Thread-91] DEBUG org.activiti.engine.impl.persistence.entity.ExecutionEntity.insertExecution  - ==&gt; Parameters: 76(String), 76(String), null, idGeneratorDataSource:1:3(String), javaService(String), true(Boolean), false(Boolean), true(Boolean), false(Boolean), null, null, 1(Integer), 2(Integer), (String), null
10:47:16,429 [Thread-91] DEBUG org.activiti.engine.impl.persistence.entity.ExecutionEntity.insertExecution  - &lt;==    Updates: 1
10:47:16,429 [Thread-91] DEBUG org.activiti.engine.impl.cfg.standalone.StandaloneMybatisTransactionContext  - firing event committing...
10:47:16,429 [Thread-91] DEBUG org.activiti.engine.impl.cfg.standalone.StandaloneMybatisTransactionContext  - committing the ibatis sql session...
10:47:16,429 [Thread-91] DEBUG org.apache.ibatis.transaction.jdbc.JdbcTransaction  - Committing JDBC Connection [conn55: url=jdbc:h2:mem:activiti user=SA]
10:47:16,429 [Thread-91] DEBUG org.activiti.engine.impl.cfg.standalone.StandaloneMybatisTransactionContext  - firing event committed...
10:47:16,429 [Thread-91] DEBUG org.apache.ibatis.transaction.jdbc.JdbcTransaction  - Resetting autocommit to true on JDBC Connection [conn55: url=jdbc:h2:mem:activiti user=SA]
10:47:16,429 [Thread-91] DEBUG org.apache.ibatis.transaction.jdbc.JdbcTransaction  - Closing JDBC Connection [conn55: url=jdbc:h2:mem:activiti user=SA]
10:47:16,429 [Thread-91] DEBUG org.apache.ibatis.datasource.pooled.PooledDataSource  - Returned connection 14606730 to pool.
10:47:16,429 [Thread-91] DEBUG org.activiti.engine.impl.interceptor.LogInterceptor  - --- StartProcessInstanceCmd finished --------------------------------------------------------
10:47:16,429 [Thread-91] DEBUG org.activiti.engine.impl.interceptor.LogInterceptor  - 

10:47:16,429 [Thread-91] DEBUG org.activiti.engine.impl.interceptor.LogInterceptor  - 

10:47:16,429 [Thread-91] DEBUG org.activiti.engine.impl.interceptor.LogInterceptor  - --- starting StartProcessInstanceCmd --------------------------------------------------------
10:47:16,429 [Thread-91] DEBUG org.apache.ibatis.transaction.jdbc.JdbcTransaction  - Opening JDBC Connection
10:47:16,429 [Thread-81] DEBUG org.activiti.engine.impl.persistence.entity.HistoricProcessInstanceEntity.insertHistoricProcessInstance  - &lt;==    Updates: 1
10:47:16,429 [Thread-96] DEBUG org.apache.ibatis.datasource.pooled.PooledDataSource  - Checked out connection 14606730 from pool.
10:47:16,430 [Thread-81] DEBUG org.activiti.engine.impl.persistence.entity.HistoricActivityInstanceEntity.bulkInsertHistoricActivityInstance  - ==&gt;  Preparing: insert into ACT_HI_ACTINST ( ID_, PROC_DEF_ID_, PROC_INST_ID_, EXECUTION_ID_, ACT_ID_, TASK_ID_, CALL_PROC_INST_ID_, ACT_NAME_, ACT_TYPE_, ASSIGNEE_, START_TIME_, END_TIME_, DURATION_, TENANT_ID_ ) values (?, ?, ?, ?, ?, ?, ?, ?, ?, ?, ?, ?, ?, ?) , (?, ?, ?, ?, ?, ?, ?, ?, ?, ?, ?, ?, ?, ?) 
10:47:16,430 [Thread-87] DEBUG org.apache.ibatis.datasource.pooled.PooledDataSource  - Waiting as long as 20000 milliseconds for connection.
10:47:16,430 [Thread-96] DEBUG org.apache.ibatis.transaction.jdbc.JdbcTransaction  - Setting autocommit to false on JDBC Connection [conn55: url=jdbc:h2:mem:activiti user=SA]
10:47:16,430 [Thread-96] DEBUG org.activiti.engine.impl.persistence.entity.ProcessDefinitionEntity.selectLatestProcessDefinitionByKey  - ==&gt;  Preparing: select * from ACT_RE_PROCDEF where KEY_ = ? and (TENANT_ID_ = &apos;&apos; or TENANT_ID_ is null) and VERSION_ = (select max(VERSION_) from ACT_RE_PROCDEF where KEY_ = ? and (TENANT_ID_ = &apos;&apos; or TENANT_ID_ is null)) 
10:47:16,430 [Thread-96] DEBUG org.activiti.engine.impl.persistence.entity.ProcessDefinitionEntity.selectLatestProcessDefinitionByKey  - ==&gt; Parameters: idGeneratorDataSource(String), idGeneratorDataSource(String)
10:47:16,430 [Thread-82] DEBUG org.apache.ibatis.datasource.pooled.PooledDataSource  - Waiting as long as 20000 milliseconds for connection.
10:47:16,430 [Thread-89] DEBUG org.apache.ibatis.datasource.pooled.PooledDataSource  - Waiting as long as 20000 milliseconds for connection.
10:47:16,430 [Thread-81] DEBUG org.activiti.engine.impl.persistence.entity.HistoricActivityInstanceEntity.bulkInsertHistoricActivityInstance  - ==&gt; Parameters: 79(String), idGeneratorDataSource:1:3(String), 78(String), 78(String), theStart(String), null, null, null, startEvent(String), null, 2015-01-01 00:00:00.0(Timestamp), 2015-01-01 00:00:00.0(Timestamp), 0(Long), (String), 81(String), idGeneratorDataSource:1:3(String), 78(String), 78(String), javaService(String), null, null, Java service invocation(String), serviceTask(String), null, 2015-01-01 00:00:00.0(Timestamp), null, null, (String)
10:47:16,430 [Thread-81] DEBUG org.activiti.engine.impl.persistence.entity.HistoricActivityInstanceEntity.bulkInsertHistoricActivityInstance  - &lt;==    Updates: 2
10:47:16,430 [Thread-81] DEBUG org.activiti.engine.impl.db.DbSqlSession  - inserting: ProcessInstance[78]
10:47:16,430 [Thread-81] DEBUG org.activiti.engine.impl.persistence.entity.ExecutionEntity.insertExecution  - ==&gt;  Preparing: insert into ACT_RU_EXECUTION (ID_, REV_, PROC_INST_ID_, BUSINESS_KEY_, PROC_DEF_ID_, ACT_ID_, IS_ACTIVE_, IS_CONCURRENT_, IS_SCOPE_,IS_EVENT_SCOPE_, PARENT_ID_, SUPER_EXEC_, SUSPENSION_STATE_, CACHED_ENT_STATE_, TENANT_ID_, NAME_) values ( ?, 1, ?, ?, ?, ?, ?, ?, ?, ?, ?, ?, ?, ?, ?, ? ) 
10:47:16,430 [Thread-81] DEBUG org.activiti.engine.impl.persistence.entity.ExecutionEntity.insertExecution  - ==&gt; Parameters: 78(String), 78(String), null, idGeneratorDataSource:1:3(String), javaService(String), true(Boolean), false(Boolean), true(Boolean), false(Boolean), null, null, 1(Integer), 2(Integer), (String), null
10:47:16,430 [Thread-81] DEBUG org.activiti.engine.impl.persistence.entity.ExecutionEntity.insertExecution  - &lt;==    Updates: 1
10:47:16,430 [Thread-81] DEBUG org.activiti.engine.impl.cfg.standalone.StandaloneMybatisTransactionContext  - firing event committing...
10:47:16,430 [Thread-81] DEBUG org.activiti.engine.impl.cfg.standalone.StandaloneMybatisTransactionContext  - committing the ibatis sql session...
10:47:16,430 [Thread-81] DEBUG org.apache.ibatis.transaction.jdbc.JdbcTransaction  - Committing JDBC Connection [conn53: url=jdbc:h2:mem:activiti user=SA]
10:47:16,430 [Thread-81] DEBUG org.activiti.engine.impl.cfg.standalone.StandaloneMybatisTransactionContext  - firing event committed...
10:47:16,430 [Thread-81] DEBUG org.apache.ibatis.transaction.jdbc.JdbcTransaction  - Resetting autocommit to true on JDBC Connection [conn53: url=jdbc:h2:mem:activiti user=SA]
10:47:16,430 [Thread-81] DEBUG org.apache.ibatis.transaction.jdbc.JdbcTransaction  - Closing JDBC Connection [conn53: url=jdbc:h2:mem:activiti user=SA]
10:47:16,430 [Thread-88] DEBUG org.apache.ibatis.datasource.pooled.PooledDataSource  - Waiting as long as 20000 milliseconds for connection.
10:47:16,430 [Thread-92] DEBUG org.apache.ibatis.datasource.pooled.PooledDataSource  - Waiting as long as 20000 milliseconds for connection.
10:47:16,430 [Thread-93] DEBUG org.apache.ibatis.datasource.pooled.PooledDataSource  - Waiting as long as 20000 milliseconds for connection.
10:47:16,430 [Thread-96] DEBUG org.activiti.engine.impl.persistence.entity.ProcessDefinitionEntity.selectLatestProcessDefinitionByKey  - &lt;==      Total: 1
10:47:16,431 [Thread-96] DEBUG org.activiti.engine.impl.interceptor.LogInterceptor  - 

10:47:16,431 [Thread-96] DEBUG org.activiti.engine.impl.interceptor.LogInterceptor  - --- starting GetNextIdBlockCmd --------------------------------------------------------
10:47:16,431 [Thread-96] DEBUG org.apache.ibatis.transaction.jdbc.JdbcTransaction  - Opening JDBC Connection
10:47:16,431 [Thread-96] DEBUG org.apache.ibatis.datasource.pooled.PooledDataSource  - Checked out connection 1094226572 from pool.
10:47:16,430 [Thread-95] DEBUG org.apache.ibatis.datasource.pooled.PooledDataSource  - Waiting as long as 20000 milliseconds for connection.
10:47:16,431 [Thread-96] DEBUG org.apache.ibatis.transaction.jdbc.JdbcTransaction  - Setting autocommit to false on JDBC Connection [conn54: url=jdbc:h2:mem:activiti user=SA]
10:47:16,431 [Thread-96] DEBUG org.activiti.engine.impl.persistence.entity.PropertyEntity.selectProperty  - ==&gt;  Preparing: select * from ACT_GE_PROPERTY where NAME_ = ? 
10:47:16,431 [Thread-96] DEBUG org.activiti.engine.impl.persistence.entity.PropertyEntity.selectProperty  - ==&gt; Parameters: next.dbid(String)
10:47:16,431 [Thread-94] DEBUG org.apache.ibatis.datasource.pooled.PooledDataSource  - Waiting as long as 20000 milliseconds for connection.
10:47:16,431 [Thread-97] DEBUG org.apache.ibatis.datasource.pooled.PooledDataSource  - Waiting as long as 20000 milliseconds for connection.
10:47:16,431 [Thread-96] DEBUG org.activiti.engine.impl.persistence.entity.PropertyEntity.selectProperty  - &lt;==      Total: 1
10:47:16,431 [Thread-96] DEBUG org.activiti.engine.impl.db.DbSqlSession  -   update PropertyEntity[name=next.dbid, value=85]
10:47:16,431 [Thread-96] DEBUG org.activiti.engine.impl.db.DbSqlSession  - flush summary: 0 insert, 1 update, 0 delete.
10:47:16,431 [Thread-96] DEBUG org.activiti.engine.impl.db.DbSqlSession  - now executing flush...
10:47:16,431 [Thread-96] DEBUG org.activiti.engine.impl.db.DbSqlSession  - updating: PropertyEntity[name=next.dbid, value=85]
10:47:16,431 [Thread-85] DEBUG org.apache.ibatis.datasource.pooled.PooledDataSource  - Waiting as long as 20000 milliseconds for connection.
10:47:16,431 [Thread-100] DEBUG org.apache.ibatis.datasource.pooled.PooledDataSource  - Waiting as long as 20000 milliseconds for connection.
10:47:16,431 [Thread-99] DEBUG org.apache.ibatis.datasource.pooled.PooledDataSource  - Waiting as long as 20000 milliseconds for connection.
10:47:16,431 [Thread-96] DEBUG org.activiti.engine.impl.persistence.entity.PropertyEntity.updateProperty  - ==&gt;  Preparing: update ACT_GE_PROPERTY SET REV_ = ?, VALUE_ = ? where NAME_ = ? and REV_ = ? 
10:47:16,431 [Thread-96] DEBUG org.activiti.engine.impl.persistence.entity.PropertyEntity.updateProperty  - ==&gt; Parameters: 29(Integer), 85(String), next.dbid(String), 28(Integer)
10:47:16,431 [Thread-83] DEBUG org.apache.ibatis.datasource.pooled.PooledDataSource  - Waiting as long as 20000 milliseconds for connection.
10:47:16,431 [Thread-90] DEBUG org.apache.ibatis.datasource.pooled.PooledDataSource  - Waiting as long as 20000 milliseconds for connection.
10:47:16,432 [Thread-81] DEBUG org.apache.ibatis.datasource.pooled.PooledDataSource  - Returned connection 826925275 to pool.
10:47:16,432 [Thread-81] DEBUG org.activiti.engine.impl.interceptor.LogInterceptor  - --- StartProcessInstanceCmd finished --------------------------------------------------------
10:47:16,432 [Thread-81] DEBUG org.activiti.engine.impl.interceptor.LogInterceptor  - 

10:47:16,431 [Thread-96] DEBUG org.activiti.engine.impl.persistence.entity.PropertyEntity.updateProperty  - &lt;==    Updates: 1
10:47:16,432 [Thread-91] DEBUG org.apache.ibatis.datasource.pooled.PooledDataSource  - Checked out connection 826925275 from pool.
10:47:16,432 [Thread-91] DEBUG org.apache.ibatis.transaction.jdbc.JdbcTransaction  - Setting autocommit to false on JDBC Connection [conn53: url=jdbc:h2:mem:activiti user=SA]
10:47:16,432 [Thread-91] DEBUG org.activiti.engine.impl.persistence.entity.ProcessDefinitionEntity.selectLatestProcessDefinitionByKey  - ==&gt;  Preparing: select * from ACT_RE_PROCDEF where KEY_ = ? and (TENANT_ID_ = &apos;&apos; or TENANT_ID_ is null) and VERSION_ = (select max(VERSION_) from ACT_RE_PROCDEF where KEY_ = ? and (TENANT_ID_ = &apos;&apos; or TENANT_ID_ is null)) 
10:47:16,432 [Thread-91] DEBUG org.activiti.engine.impl.persistence.entity.ProcessDefinitionEntity.selectLatestProcessDefinitionByKey  - ==&gt; Parameters: idGeneratorDataSource(String), idGeneratorDataSource(String)
10:47:16,432 [Thread-96] DEBUG org.activiti.engine.impl.cfg.standalone.StandaloneMybatisTransactionContext  - firing event committing...
10:47:16,432 [Thread-96] DEBUG org.activiti.engine.impl.cfg.standalone.StandaloneMybatisTransactionContext  - committing the ibatis sql session...
10:47:16,432 [Thread-96] DEBUG org.apache.ibatis.transaction.jdbc.JdbcTransaction  - Committing JDBC Connection [conn54: url=jdbc:h2:mem:activiti user=SA]
10:47:16,432 [Thread-91] DEBUG org.activiti.engine.impl.persistence.entity.ProcessDefinitionEntity.selectLatestProcessDefinitionByKey  - &lt;==      Total: 1
10:47:16,432 [Thread-90] DEBUG org.apache.ibatis.datasource.pooled.PooledDataSource  - Waiting as long as 20000 milliseconds for connection.
10:47:16,432 [Thread-83] DEBUG org.apache.ibatis.datasource.pooled.PooledDataSource  - Waiting as long as 20000 milliseconds for connection.
10:47:16,432 [Thread-99] DEBUG org.apache.ibatis.datasource.pooled.PooledDataSource  - Waiting as long as 20000 milliseconds for connection.
10:47:16,432 [Thread-96] DEBUG org.activiti.engine.impl.cfg.standalone.StandaloneMybatisTransactionContext  - firing event committed...
10:47:16,432 [Thread-96] DEBUG org.apache.ibatis.transaction.jdbc.JdbcTransaction  - Resetting autocommit to true on JDBC Connection [conn54: url=jdbc:h2:mem:activiti user=SA]
10:47:16,432 [Thread-96] DEBUG org.apache.ibatis.transaction.jdbc.JdbcTransaction  - Closing JDBC Connection [conn54: url=jdbc:h2:mem:activiti user=SA]
10:47:16,432 [Thread-96] DEBUG org.apache.ibatis.datasource.pooled.PooledDataSource  - Returned connection 1094226572 to pool.
10:47:16,432 [Thread-96] DEBUG org.activiti.engine.impl.interceptor.LogInterceptor  - --- GetNextIdBlockCmd finished --------------------------------------------------------
10:47:16,432 [Thread-96] DEBUG org.activiti.engine.impl.interceptor.LogInterceptor  - 

10:47:16,432 [Thread-100] DEBUG org.apache.ibatis.datasource.pooled.PooledDataSource  - Waiting as long as 20000 milliseconds for connection.
10:47:16,433 [Thread-85] DEBUG org.apache.ibatis.datasource.pooled.PooledDataSource  - Waiting as long as 20000 milliseconds for connection.
10:47:16,433 [Thread-97] DEBUG org.apache.ibatis.datasource.pooled.PooledDataSource  - Waiting as long as 20000 milliseconds for connection.
10:47:16,432 [Thread-91] DEBUG org.activiti.engine.impl.persistence.entity.ExecutionEntity  - initializing ProcessInstance[83]
10:47:16,433 [Thread-91] DEBUG org.activiti.engine.impl.history.DefaultHistoryManager  - Current history level: FULL, level required: ACTIVITY
10:47:16,432 [Thread-96] DEBUG org.activiti.engine.impl.persistence.entity.ExecutionEntity  - initializing ProcessInstance[82]
10:47:16,433 [Thread-96] DEBUG org.activiti.engine.impl.history.DefaultHistoryManager  - Current history level: FULL, level required: ACTIVITY
10:47:16,433 [Thread-96] DEBUG org.activiti.engine.impl.interceptor.LogInterceptor  - 

10:47:16,433 [Thread-96] DEBUG org.activiti.engine.impl.interceptor.LogInterceptor  - --- starting GetNextIdBlockCmd --------------------------------------------------------
10:47:16,433 [Thread-96] DEBUG org.apache.ibatis.transaction.jdbc.JdbcTransaction  - Opening JDBC Connection
10:47:16,433 [Thread-96] DEBUG org.apache.ibatis.datasource.pooled.PooledDataSource  - Checked out connection 1094226572 from pool.
10:47:16,433 [Thread-96] DEBUG org.apache.ibatis.transaction.jdbc.JdbcTransaction  - Setting autocommit to false on JDBC Connection [conn54: url=jdbc:h2:mem:activiti user=SA]
10:47:16,433 [Thread-96] DEBUG org.activiti.engine.impl.persistence.entity.PropertyEntity.selectProperty  - ==&gt;  Preparing: select * from ACT_GE_PROPERTY where NAME_ = ? 
10:47:16,433 [Thread-96] DEBUG org.activiti.engine.impl.persistence.entity.PropertyEntity.selectProperty  - ==&gt; Parameters: next.dbid(String)
10:47:16,433 [Thread-96] DEBUG org.activiti.engine.impl.persistence.entity.PropertyEntity.selectProperty  - &lt;==      Total: 1
10:47:16,433 [Thread-91] DEBUG org.activiti.engine.impl.pvm.runtime.AtomicOperationActivityExecute  - ProcessInstance[83] executes Activity(theStart): org.activiti.engine.impl.bpmn.behavior.NoneStartEventActivityBehavior
10:47:16,433 [Thread-91] DEBUG org.activiti.engine.impl.persistence.entity.JobEntity.selectJobsByExecutionId  - ==&gt;  Preparing: select * from ACT_RU_JOB J where J.EXECUTION_ID_ = ? 
10:47:16,433 [Thread-94] DEBUG org.apache.ibatis.datasource.pooled.PooledDataSource  - Waiting as long as 20000 milliseconds for connection.
10:47:16,433 [Thread-95] DEBUG org.apache.ibatis.datasource.pooled.PooledDataSource  - Waiting as long as 20000 milliseconds for connection.
10:47:16,433 [Thread-93] DEBUG org.apache.ibatis.datasource.pooled.PooledDataSource  - Waiting as long as 20000 milliseconds for connection.
10:47:16,433 [Thread-91] DEBUG org.activiti.engine.impl.persistence.entity.JobEntity.selectJobsByExecutionId  - ==&gt; Parameters: 83(String)
10:47:16,433 [Thread-91] DEBUG org.activiti.engine.impl.persistence.entity.JobEntity.selectJobsByExecutionId  - &lt;==      Total: 0
10:47:16,433 [Thread-91] DEBUG org.activiti.engine.impl.bpmn.behavior.BpmnActivityBehavior  - Leaving activity &apos;theStart&apos;
10:47:16,433 [Thread-91] DEBUG org.activiti.engine.impl.history.DefaultHistoryManager  - Current history level: FULL, level required: ACTIVITY
10:47:16,433 [Thread-91] DEBUG org.activiti.engine.impl.pvm.runtime.AtomicOperationTransitionNotifyListenerTake  - ProcessInstance[83] takes transition (theStart)--flow1--&gt;(javaService)
10:47:16,433 [Thread-91] DEBUG org.activiti.engine.impl.history.DefaultHistoryManager  - Current history level: FULL, level required: ACTIVITY
10:47:16,433 [Thread-96] DEBUG org.activiti.engine.impl.db.DbSqlSession  -   update PropertyEntity[name=next.dbid, value=88]
10:47:16,434 [Thread-96] DEBUG org.activiti.engine.impl.db.DbSqlSession  - flush summary: 0 insert, 1 update, 0 delete.
10:47:16,434 [Thread-96] DEBUG org.activiti.engine.impl.db.DbSqlSession  - now executing flush...
10:47:16,434 [Thread-96] DEBUG org.activiti.engine.impl.db.DbSqlSession  - updating: PropertyEntity[name=next.dbid, value=88]
10:47:16,434 [Thread-96] DEBUG org.activiti.engine.impl.persistence.entity.PropertyEntity.updateProperty  - ==&gt;  Preparing: update ACT_GE_PROPERTY SET REV_ = ?, VALUE_ = ? where NAME_ = ? and REV_ = ? 
10:47:16,434 [Thread-96] DEBUG org.activiti.engine.impl.persistence.entity.PropertyEntity.updateProperty  - ==&gt; Parameters: 30(Integer), 88(String), next.dbid(String), 29(Integer)
10:47:16,434 [Thread-96] DEBUG org.activiti.engine.impl.persistence.entity.PropertyEntity.updateProperty  - &lt;==    Updates: 1
10:47:16,434 [Thread-96] DEBUG org.activiti.engine.impl.cfg.standalone.StandaloneMybatisTransactionContext  - firing event committing...
10:47:16,434 [Thread-96] DEBUG org.activiti.engine.impl.cfg.standalone.StandaloneMybatisTransactionContext  - committing the ibatis sql session...
10:47:16,434 [Thread-96] DEBUG org.apache.ibatis.transaction.jdbc.JdbcTransaction  - Committing JDBC Connection [conn54: url=jdbc:h2:mem:activiti user=SA]
10:47:16,434 [Thread-96] DEBUG org.activiti.engine.impl.cfg.standalone.StandaloneMybatisTransactionContext  - firing event committed...
10:47:16,434 [Thread-96] DEBUG org.apache.ibatis.transaction.jdbc.JdbcTransaction  - Resetting autocommit to true on JDBC Connection [conn54: url=jdbc:h2:mem:activiti user=SA]
10:47:16,434 [Thread-96] DEBUG org.apache.ibatis.transaction.jdbc.JdbcTransaction  - Closing JDBC Connection [conn54: url=jdbc:h2:mem:activiti user=SA]
10:47:16,434 [Thread-96] DEBUG org.apache.ibatis.datasource.pooled.PooledDataSource  - Returned connection 1094226572 to pool.
10:47:16,433 [Thread-92] DEBUG org.apache.ibatis.datasource.pooled.PooledDataSource  - Waiting as long as 20000 milliseconds for connection.
10:47:16,434 [Thread-88] DEBUG org.apache.ibatis.datasource.pooled.PooledDataSource  - Waiting as long as 20000 milliseconds for connection.
10:47:16,434 [Thread-89] DEBUG org.apache.ibatis.datasource.pooled.PooledDataSource  - Waiting as long as 20000 milliseconds for connection.
10:47:16,434 [Thread-96] DEBUG org.activiti.engine.impl.interceptor.LogInterceptor  - --- GetNextIdBlockCmd finished --------------------------------------------------------
10:47:16,434 [Thread-96] DEBUG org.activiti.engine.impl.interceptor.LogInterceptor  - 

10:47:16,434 [Thread-82] DEBUG org.apache.ibatis.datasource.pooled.PooledDataSource  - Waiting as long as 20000 milliseconds for connection.
10:47:16,434 [Thread-91] DEBUG org.activiti.engine.impl.pvm.runtime.AtomicOperationActivityExecute  - ProcessInstance[83] executes Activity(javaService): org.activiti.engine.impl.bpmn.helper.ClassDelegate
10:47:16,434 [Thread-87] DEBUG org.apache.ibatis.datasource.pooled.PooledDataSource  - Waiting as long as 20000 milliseconds for connection.
10:47:16,434 [Thread-91] DEBUG org.activiti.engine.impl.db.DbSqlSession  -   insert ProcessInstance[83]
10:47:16,434 [Thread-91] DEBUG org.activiti.engine.impl.db.DbSqlSession  -   insert HistoricProcessInstanceEntity[superProcessInstanceId=null]
10:47:16,434 [Thread-91] DEBUG org.activiti.engine.impl.db.DbSqlSession  -   insert HistoricActivityInstanceEntity[activityId=theStart, activityName=null]
10:47:16,434 [Thread-91] DEBUG org.activiti.engine.impl.db.DbSqlSession  -   insert HistoricActivityInstanceEntity[activityId=javaService, activityName=Java service invocation]
10:47:16,434 [Thread-91] DEBUG org.activiti.engine.impl.db.DbSqlSession  - flush summary: 4 insert, 0 update, 0 delete.
10:47:16,435 [Thread-91] DEBUG org.activiti.engine.impl.db.DbSqlSession  - now executing flush...
10:47:16,435 [Thread-91] DEBUG org.activiti.engine.impl.db.DbSqlSession  - inserting: HistoricProcessInstanceEntity[superProcessInstanceId=null]
10:47:16,434 [Thread-96] DEBUG org.activiti.engine.impl.pvm.runtime.AtomicOperationActivityExecute  - ProcessInstance[82] executes Activity(theStart): org.activiti.engine.impl.bpmn.behavior.NoneStartEventActivityBehavior
10:47:16,435 [Thread-91] DEBUG org.activiti.engine.impl.persistence.entity.HistoricProcessInstanceEntity.insertHistoricProcessInstance  - ==&gt;  Preparing: insert into ACT_HI_PROCINST ( ID_, PROC_INST_ID_, BUSINESS_KEY_, PROC_DEF_ID_, START_TIME_, END_TIME_, DURATION_, START_USER_ID_, START_ACT_ID_, END_ACT_ID_, SUPER_PROCESS_INSTANCE_ID_, DELETE_REASON_, TENANT_ID_, NAME_ ) values ( ?, ?, ?, ?, ?, ?, ?, ?, ?, ?, ?, ?, ?, ? ) 
10:47:16,435 [Thread-91] DEBUG org.activiti.engine.impl.persistence.entity.HistoricProcessInstanceEntity.insertHistoricProcessInstance  - ==&gt; Parameters: 83(String), 83(String), null, idGeneratorDataSource:1:3(String), 2015-01-01 00:00:00.0(Timestamp), null, null, null, theStart(String), null, null, null, (String), null
10:47:16,435 [Thread-91] DEBUG org.activiti.engine.impl.persistence.entity.HistoricProcessInstanceEntity.insertHistoricProcessInstance  - &lt;==    Updates: 1
10:47:16,435 [Thread-96] DEBUG org.activiti.engine.impl.persistence.entity.JobEntity.selectJobsByExecutionId  - ==&gt;  Preparing: select * from ACT_RU_JOB J where J.EXECUTION_ID_ = ? 
10:47:16,435 [Thread-96] DEBUG org.activiti.engine.impl.persistence.entity.JobEntity.selectJobsByExecutionId  - ==&gt; Parameters: 82(String)
10:47:16,435 [Thread-96] DEBUG org.activiti.engine.impl.persistence.entity.JobEntity.selectJobsByExecutionId  - &lt;==      Total: 0
10:47:16,435 [Thread-96] DEBUG org.activiti.engine.impl.bpmn.behavior.BpmnActivityBehavior  - Leaving activity &apos;theStart&apos;
10:47:16,435 [Thread-96] DEBUG org.activiti.engine.impl.history.DefaultHistoryManager  - Current history level: FULL, level required: ACTIVITY
10:47:16,435 [Thread-96] DEBUG org.activiti.engine.impl.pvm.runtime.AtomicOperationTransitionNotifyListenerTake  - ProcessInstance[82] takes transition (theStart)--flow1--&gt;(javaService)
10:47:16,435 [Thread-91] DEBUG org.activiti.engine.impl.persistence.entity.HistoricActivityInstanceEntity.bulkInsertHistoricActivityInstance  - ==&gt;  Preparing: insert into ACT_HI_ACTINST ( ID_, PROC_DEF_ID_, PROC_INST_ID_, EXECUTION_ID_, ACT_ID_, TASK_ID_, CALL_PROC_INST_ID_, ACT_NAME_, ACT_TYPE_, ASSIGNEE_, START_TIME_, END_TIME_, DURATION_, TENANT_ID_ ) values (?, ?, ?, ?, ?, ?, ?, ?, ?, ?, ?, ?, ?, ?) , (?, ?, ?, ?, ?, ?, ?, ?, ?, ?, ?, ?, ?, ?) 
10:47:16,435 [Thread-96] DEBUG org.activiti.engine.impl.history.DefaultHistoryManager  - Current history level: FULL, level required: ACTIVITY
10:47:16,435 [Thread-96] DEBUG org.activiti.engine.impl.pvm.runtime.AtomicOperationActivityExecute  - ProcessInstance[82] executes Activity(javaService): org.activiti.engine.impl.bpmn.helper.ClassDelegate
10:47:16,435 [Thread-91] DEBUG org.activiti.engine.impl.persistence.entity.HistoricActivityInstanceEntity.bulkInsertHistoricActivityInstance  - ==&gt; Parameters: 84(String), idGeneratorDataSource:1:3(String), 83(String), 83(String), theStart(String), null, null, null, startEvent(String), null, 2015-01-01 00:00:00.0(Timestamp), 2015-01-01 00:00:00.0(Timestamp), 0(Long), (String), 86(String), idGeneratorDataSource:1:3(String), 83(String), 83(String), javaService(String), null, null, Java service invocation(String), serviceTask(String), null, 2015-01-01 00:00:00.0(Timestamp), null, null, (String)
10:47:16,435 [Thread-96] DEBUG org.activiti.engine.impl.db.DbSqlSession  -   insert ProcessInstance[82]
10:47:16,435 [Thread-96] DEBUG org.activiti.engine.impl.db.DbSqlSession  -   insert HistoricProcessInstanceEntity[superProcessInstanceId=null]
10:47:16,435 [Thread-96] DEBUG org.activiti.engine.impl.db.DbSqlSession  -   insert HistoricActivityInstanceEntity[activityId=theStart, activityName=null]
10:47:16,435 [Thread-96] DEBUG org.activiti.engine.impl.db.DbSqlSession  -   insert HistoricActivityInstanceEntity[activityId=javaService, activityName=Java service invocation]
10:47:16,435 [Thread-96] DEBUG org.activiti.engine.impl.db.DbSqlSession  - flush summary: 4 insert, 0 update, 0 delete.
10:47:16,435 [Thread-96] DEBUG org.activiti.engine.impl.db.DbSqlSession  - now executing flush...
10:47:16,435 [Thread-96] DEBUG org.activiti.engine.impl.db.DbSqlSession  - inserting: HistoricProcessInstanceEntity[superProcessInstanceId=null]
10:47:16,435 [Thread-96] DEBUG org.activiti.engine.impl.persistence.entity.HistoricProcessInstanceEntity.insertHistoricProcessInstance  - ==&gt;  Preparing: insert into ACT_HI_PROCINST ( ID_, PROC_INST_ID_, BUSINESS_KEY_, PROC_DEF_ID_, START_TIME_, END_TIME_, DURATION_, START_USER_ID_, START_ACT_ID_, END_ACT_ID_, SUPER_PROCESS_INSTANCE_ID_, DELETE_REASON_, TENANT_ID_, NAME_ ) values ( ?, ?, ?, ?, ?, ?, ?, ?, ?, ?, ?, ?, ?, ? ) 
10:47:16,435 [Thread-96] DEBUG org.activiti.engine.impl.persistence.entity.HistoricProcessInstanceEntity.insertHistoricProcessInstance  - ==&gt; Parameters: 82(String), 82(String), null, idGeneratorDataSource:1:3(String), 2015-01-01 00:00:00.0(Timestamp), null, null, null, theStart(String), null, null, null, (String), null
10:47:16,435 [Thread-91] DEBUG org.activiti.engine.impl.persistence.entity.HistoricActivityInstanceEntity.bulkInsertHistoricActivityInstance  - &lt;==    Updates: 2
10:47:16,435 [Thread-91] DEBUG org.activiti.engine.impl.db.DbSqlSession  - inserting: ProcessInstance[83]
10:47:16,435 [Thread-91] DEBUG org.activiti.engine.impl.persistence.entity.ExecutionEntity.insertExecution  - ==&gt;  Preparing: insert into ACT_RU_EXECUTION (ID_, REV_, PROC_INST_ID_, BUSINESS_KEY_, PROC_DEF_ID_, ACT_ID_, IS_ACTIVE_, IS_CONCURRENT_, IS_SCOPE_,IS_EVENT_SCOPE_, PARENT_ID_, SUPER_EXEC_, SUSPENSION_STATE_, CACHED_ENT_STATE_, TENANT_ID_, NAME_) values ( ?, 1, ?, ?, ?, ?, ?, ?, ?, ?, ?, ?, ?, ?, ?, ? ) 
10:47:16,435 [Thread-91] DEBUG org.activiti.engine.impl.persistence.entity.ExecutionEntity.insertExecution  - ==&gt; Parameters: 83(String), 83(String), null, idGeneratorDataSource:1:3(String), javaService(String), true(Boolean), false(Boolean), true(Boolean), false(Boolean), null, null, 1(Integer), 2(Integer), (String), null
10:47:16,436 [Thread-91] DEBUG org.activiti.engine.impl.persistence.entity.ExecutionEntity.insertExecution  - &lt;==    Updates: 1
10:47:16,436 [Thread-91] DEBUG org.activiti.engine.impl.cfg.standalone.StandaloneMybatisTransactionContext  - firing event committing...
10:47:16,436 [Thread-91] DEBUG org.activiti.engine.impl.cfg.standalone.StandaloneMybatisTransactionContext  - committing the ibatis sql session...
10:47:16,436 [Thread-91] DEBUG org.apache.ibatis.transaction.jdbc.JdbcTransaction  - Committing JDBC Connection [conn53: url=jdbc:h2:mem:activiti user=SA]
10:47:16,436 [Thread-96] DEBUG org.activiti.engine.impl.persistence.entity.HistoricProcessInstanceEntity.insertHistoricProcessInstance  - &lt;==    Updates: 1
10:47:16,436 [Thread-91] DEBUG org.activiti.engine.impl.cfg.standalone.StandaloneMybatisTransactionContext  - firing event committed...
10:47:16,436 [Thread-96] DEBUG org.activiti.engine.impl.persistence.entity.HistoricActivityInstanceEntity.bulkInsertHistoricActivityInstance  - ==&gt;  Preparing: insert into ACT_HI_ACTINST ( ID_, PROC_DEF_ID_, PROC_INST_ID_, EXECUTION_ID_, ACT_ID_, TASK_ID_, CALL_PROC_INST_ID_, ACT_NAME_, ACT_TYPE_, ASSIGNEE_, START_TIME_, END_TIME_, DURATION_, TENANT_ID_ ) values (?, ?, ?, ?, ?, ?, ?, ?, ?, ?, ?, ?, ?, ?) , (?, ?, ?, ?, ?, ?, ?, ?, ?, ?, ?, ?, ?, ?) 
10:47:16,436 [Thread-96] DEBUG org.activiti.engine.impl.persistence.entity.HistoricActivityInstanceEntity.bulkInsertHistoricActivityInstance  - ==&gt; Parameters: 85(String), idGeneratorDataSource:1:3(String), 82(String), 82(String), theStart(String), null, null, null, startEvent(String), null, 2015-01-01 00:00:00.0(Timestamp), 2015-01-01 00:00:00.0(Timestamp), 0(Long), (String), 87(String), idGeneratorDataSource:1:3(String), 82(String), 82(String), javaService(String), null, null, Java service invocation(String), serviceTask(String), null, 2015-01-01 00:00:00.0(Timestamp), null, null, (String)
10:47:16,436 [Thread-91] DEBUG org.apache.ibatis.transaction.jdbc.JdbcTransaction  - Resetting autocommit to true on JDBC Connection [conn53: url=jdbc:h2:mem:activiti user=SA]
10:47:16,436 [Thread-96] DEBUG org.activiti.engine.impl.persistence.entity.HistoricActivityInstanceEntity.bulkInsertHistoricActivityInstance  - &lt;==    Updates: 2
10:47:16,436 [Thread-96] DEBUG org.activiti.engine.impl.db.DbSqlSession  - inserting: ProcessInstance[82]
10:47:16,436 [Thread-96] DEBUG org.activiti.engine.impl.persistence.entity.ExecutionEntity.insertExecution  - ==&gt;  Preparing: insert into ACT_RU_EXECUTION (ID_, REV_, PROC_INST_ID_, BUSINESS_KEY_, PROC_DEF_ID_, ACT_ID_, IS_ACTIVE_, IS_CONCURRENT_, IS_SCOPE_,IS_EVENT_SCOPE_, PARENT_ID_, SUPER_EXEC_, SUSPENSION_STATE_, CACHED_ENT_STATE_, TENANT_ID_, NAME_) values ( ?, 1, ?, ?, ?, ?, ?, ?, ?, ?, ?, ?, ?, ?, ?, ? ) 
10:47:16,436 [Thread-91] DEBUG org.apache.ibatis.transaction.jdbc.JdbcTransaction  - Closing JDBC Connection [conn53: url=jdbc:h2:mem:activiti user=SA]
10:47:16,436 [Thread-96] DEBUG org.activiti.engine.impl.persistence.entity.ExecutionEntity.insertExecution  - ==&gt; Parameters: 82(String), 82(String), null, idGeneratorDataSource:1:3(String), javaService(String), true(Boolean), false(Boolean), true(Boolean), false(Boolean), null, null, 1(Integer), 2(Integer), (String), null
10:47:16,436 [Thread-91] DEBUG org.apache.ibatis.datasource.pooled.PooledDataSource  - Returned connection 826925275 to pool.
10:47:16,436 [Thread-96] DEBUG org.activiti.engine.impl.persistence.entity.ExecutionEntity.insertExecution  - &lt;==    Updates: 1
10:47:16,436 [Thread-87] DEBUG org.apache.ibatis.datasource.pooled.PooledDataSource  - Checked out connection 826925275 from pool.
10:47:16,436 [Thread-96] DEBUG org.activiti.engine.impl.cfg.standalone.StandaloneMybatisTransactionContext  - firing event committing...
10:47:16,436 [Thread-96] DEBUG org.activiti.engine.impl.cfg.standalone.StandaloneMybatisTransactionContext  - committing the ibatis sql session...
10:47:16,436 [Thread-96] DEBUG org.apache.ibatis.transaction.jdbc.JdbcTransaction  - Committing JDBC Connection [conn55: url=jdbc:h2:mem:activiti user=SA]
10:47:16,436 [Thread-96] DEBUG org.activiti.engine.impl.cfg.standalone.StandaloneMybatisTransactionContext  - firing event committed...
10:47:16,436 [Thread-96] DEBUG org.apache.ibatis.transaction.jdbc.JdbcTransaction  - Resetting autocommit to true on JDBC Connection [conn55: url=jdbc:h2:mem:activiti user=SA]
10:47:16,436 [Thread-96] DEBUG org.apache.ibatis.transaction.jdbc.JdbcTransaction  - Closing JDBC Connection [conn55: url=jdbc:h2:mem:activiti user=SA]
10:47:16,436 [Thread-91] DEBUG org.activiti.engine.impl.interceptor.LogInterceptor  - --- StartProcessInstanceCmd finished --------------------------------------------------------
10:47:16,436 [Thread-91] DEBUG org.activiti.engine.impl.interceptor.LogInterceptor  - 

10:47:16,436 [Thread-91] DEBUG org.activiti.engine.impl.interceptor.LogInterceptor  - 

10:47:16,436 [Thread-91] DEBUG org.activiti.engine.impl.interceptor.LogInterceptor  - --- starting StartProcessInstanceCmd --------------------------------------------------------
10:47:16,436 [Thread-82] DEBUG org.apache.ibatis.datasource.pooled.PooledDataSource  - Waiting as long as 20000 milliseconds for connection.
10:47:16,436 [Thread-87] DEBUG org.apache.ibatis.transaction.jdbc.JdbcTransaction  - Setting autocommit to false on JDBC Connection [conn53: url=jdbc:h2:mem:activiti user=SA]
10:47:16,437 [Thread-89] DEBUG org.apache.ibatis.datasource.pooled.PooledDataSource  - Waiting as long as 20000 milliseconds for connection.
10:47:16,436 [Thread-91] DEBUG org.apache.ibatis.transaction.jdbc.JdbcTransaction  - Opening JDBC Connection
10:47:16,437 [Thread-88] DEBUG org.apache.ibatis.datasource.pooled.PooledDataSource  - Waiting as long as 20000 milliseconds for connection.
10:47:16,437 [Thread-87] DEBUG org.activiti.engine.impl.persistence.entity.ProcessDefinitionEntity.selectLatestProcessDefinitionByKey  - ==&gt;  Preparing: select * from ACT_RE_PROCDEF where KEY_ = ? and (TENANT_ID_ = &apos;&apos; or TENANT_ID_ is null) and VERSION_ = (select max(VERSION_) from ACT_RE_PROCDEF where KEY_ = ? and (TENANT_ID_ = &apos;&apos; or TENANT_ID_ is null)) 
10:47:16,437 [Thread-92] DEBUG org.apache.ibatis.datasource.pooled.PooledDataSource  - Waiting as long as 20000 milliseconds for connection.
10:47:16,437 [Thread-87] DEBUG org.activiti.engine.impl.persistence.entity.ProcessDefinitionEntity.selectLatestProcessDefinitionByKey  - ==&gt; Parameters: idGeneratorDataSource(String), idGeneratorDataSource(String)
10:47:16,437 [Thread-93] DEBUG org.apache.ibatis.datasource.pooled.PooledDataSource  - Waiting as long as 20000 milliseconds for connection.
10:47:16,437 [Thread-95] DEBUG org.apache.ibatis.datasource.pooled.PooledDataSource  - Waiting as long as 20000 milliseconds for connection.
10:47:16,437 [Thread-87] DEBUG org.activiti.engine.impl.persistence.entity.ProcessDefinitionEntity.selectLatestProcessDefinitionByKey  - &lt;==      Total: 1
10:47:16,437 [Thread-94] DEBUG org.apache.ibatis.datasource.pooled.PooledDataSource  - Waiting as long as 20000 milliseconds for connection.
10:47:16,437 [Thread-87] DEBUG org.activiti.engine.impl.interceptor.LogInterceptor  - 

10:47:16,437 [Thread-87] DEBUG org.activiti.engine.impl.interceptor.LogInterceptor  - --- starting GetNextIdBlockCmd --------------------------------------------------------
10:47:16,437 [Thread-97] DEBUG org.apache.ibatis.datasource.pooled.PooledDataSource  - Waiting as long as 20000 milliseconds for connection.
10:47:16,437 [Thread-87] DEBUG org.apache.ibatis.transaction.jdbc.JdbcTransaction  - Opening JDBC Connection
10:47:16,437 [Thread-85] DEBUG org.apache.ibatis.datasource.pooled.PooledDataSource  - Waiting as long as 20000 milliseconds for connection.
10:47:16,437 [Thread-87] DEBUG org.apache.ibatis.datasource.pooled.PooledDataSource  - Checked out connection 1094226572 from pool.
10:47:16,437 [Thread-100] DEBUG org.apache.ibatis.datasource.pooled.PooledDataSource  - Waiting as long as 20000 milliseconds for connection.
10:47:16,437 [Thread-87] DEBUG org.apache.ibatis.transaction.jdbc.JdbcTransaction  - Setting autocommit to false on JDBC Connection [conn54: url=jdbc:h2:mem:activiti user=SA]
10:47:16,437 [Thread-87] DEBUG org.activiti.engine.impl.persistence.entity.PropertyEntity.selectProperty  - ==&gt;  Preparing: select * from ACT_GE_PROPERTY where NAME_ = ? 
10:47:16,437 [Thread-99] DEBUG org.apache.ibatis.datasource.pooled.PooledDataSource  - Waiting as long as 20000 milliseconds for connection.
10:47:16,437 [Thread-87] DEBUG org.activiti.engine.impl.persistence.entity.PropertyEntity.selectProperty  - ==&gt; Parameters: next.dbid(String)
10:47:16,437 [Thread-83] DEBUG org.apache.ibatis.datasource.pooled.PooledDataSource  - Waiting as long as 20000 milliseconds for connection.
10:47:16,437 [Thread-87] DEBUG org.activiti.engine.impl.persistence.entity.PropertyEntity.selectProperty  - &lt;==      Total: 1
10:47:16,437 [Thread-90] DEBUG org.apache.ibatis.datasource.pooled.PooledDataSource  - Waiting as long as 20000 milliseconds for connection.
10:47:16,437 [Thread-87] DEBUG org.activiti.engine.impl.db.DbSqlSession  -   update PropertyEntity[name=next.dbid, value=91]
10:47:16,437 [Thread-87] DEBUG org.activiti.engine.impl.db.DbSqlSession  - flush summary: 0 insert, 1 update, 0 delete.
10:47:16,437 [Thread-87] DEBUG org.activiti.engine.impl.db.DbSqlSession  - now executing flush...
10:47:16,437 [Thread-91] DEBUG org.apache.ibatis.datasource.pooled.PooledDataSource  - Waiting as long as 20000 milliseconds for connection.
10:47:16,437 [Thread-87] DEBUG org.activiti.engine.impl.db.DbSqlSession  - updating: PropertyEntity[name=next.dbid, value=91]
10:47:16,437 [Thread-96] DEBUG org.apache.ibatis.datasource.pooled.PooledDataSource  - Returned connection 14606730 to pool.
10:47:16,437 [Thread-87] DEBUG org.activiti.engine.impl.persistence.entity.PropertyEntity.updateProperty  - ==&gt;  Preparing: update ACT_GE_PROPERTY SET REV_ = ?, VALUE_ = ? where NAME_ = ? and REV_ = ? 
10:47:16,437 [Thread-91] DEBUG org.apache.ibatis.datasource.pooled.PooledDataSource  - Checked out connection 14606730 from pool.
10:47:16,437 [Thread-96] DEBUG org.activiti.engine.impl.interceptor.LogInterceptor  - --- StartProcessInstanceCmd finished --------------------------------------------------------
10:47:16,438 [Thread-96] DEBUG org.activiti.engine.impl.interceptor.LogInterceptor  - 

10:47:16,438 [Thread-96] DEBUG org.activiti.engine.impl.interceptor.LogInterceptor  - 

10:47:16,438 [Thread-96] DEBUG org.activiti.engine.impl.interceptor.LogInterceptor  - --- starting StartProcessInstanceCmd --------------------------------------------------------
10:47:16,438 [Thread-90] DEBUG org.apache.ibatis.datasource.pooled.PooledDataSource  - Waiting as long as 20000 milliseconds for connection.
10:47:16,438 [Thread-96] DEBUG org.apache.ibatis.transaction.jdbc.JdbcTransaction  - Opening JDBC Connection
10:47:16,438 [Thread-91] DEBUG org.apache.ibatis.transaction.jdbc.JdbcTransaction  - Setting autocommit to false on JDBC Connection [conn55: url=jdbc:h2:mem:activiti user=SA]
10:47:16,438 [Thread-87] DEBUG org.activiti.engine.impl.persistence.entity.PropertyEntity.updateProperty  - ==&gt; Parameters: 31(Integer), 91(String), next.dbid(String), 30(Integer)
10:47:16,438 [Thread-91] DEBUG org.activiti.engine.impl.persistence.entity.ProcessDefinitionEntity.selectLatestProcessDefinitionByKey  - ==&gt;  Preparing: select * from ACT_RE_PROCDEF where KEY_ = ? and (TENANT_ID_ = &apos;&apos; or TENANT_ID_ is null) and VERSION_ = (select max(VERSION_) from ACT_RE_PROCDEF where KEY_ = ? and (TENANT_ID_ = &apos;&apos; or TENANT_ID_ is null)) 
10:47:16,438 [Thread-83] DEBUG org.apache.ibatis.datasource.pooled.PooledDataSource  - Waiting as long as 20000 milliseconds for connection.
10:47:16,438 [Thread-91] DEBUG org.activiti.engine.impl.persistence.entity.ProcessDefinitionEntity.selectLatestProcessDefinitionByKey  - ==&gt; Parameters: idGeneratorDataSource(String), idGeneratorDataSource(String)
10:47:16,438 [Thread-87] DEBUG org.activiti.engine.impl.persistence.entity.PropertyEntity.updateProperty  - &lt;==    Updates: 1
10:47:16,438 [Thread-91] DEBUG org.activiti.engine.impl.persistence.entity.ProcessDefinitionEntity.selectLatestProcessDefinitionByKey  - &lt;==      Total: 1
10:47:16,438 [Thread-99] DEBUG org.apache.ibatis.datasource.pooled.PooledDataSource  - Waiting as long as 20000 milliseconds for connection.
10:47:16,438 [Thread-87] DEBUG org.activiti.engine.impl.cfg.standalone.StandaloneMybatisTransactionContext  - firing event committing...
10:47:16,438 [Thread-87] DEBUG org.activiti.engine.impl.cfg.standalone.StandaloneMybatisTransactionContext  - committing the ibatis sql session...
10:47:16,438 [Thread-87] DEBUG org.apache.ibatis.transaction.jdbc.JdbcTransaction  - Committing JDBC Connection [conn54: url=jdbc:h2:mem:activiti user=SA]
10:47:16,438 [Thread-87] DEBUG org.activiti.engine.impl.cfg.standalone.StandaloneMybatisTransactionContext  - firing event committed...
10:47:16,438 [Thread-87] DEBUG org.apache.ibatis.transaction.jdbc.JdbcTransaction  - Resetting autocommit to true on JDBC Connection [conn54: url=jdbc:h2:mem:activiti user=SA]
10:47:16,438 [Thread-87] DEBUG org.apache.ibatis.transaction.jdbc.JdbcTransaction  - Closing JDBC Connection [conn54: url=jdbc:h2:mem:activiti user=SA]
10:47:16,438 [Thread-87] DEBUG org.apache.ibatis.datasource.pooled.PooledDataSource  - Returned connection 1094226572 to pool.
10:47:16,438 [Thread-100] DEBUG org.apache.ibatis.datasource.pooled.PooledDataSource  - Waiting as long as 20000 milliseconds for connection.
10:47:16,438 [Thread-87] DEBUG org.activiti.engine.impl.interceptor.LogInterceptor  - --- GetNextIdBlockCmd finished --------------------------------------------------------
10:47:16,438 [Thread-87] DEBUG org.activiti.engine.impl.interceptor.LogInterceptor  - 

10:47:16,438 [Thread-85] DEBUG org.apache.ibatis.datasource.pooled.PooledDataSource  - Waiting as long as 20000 milliseconds for connection.
10:47:16,438 [Thread-87] DEBUG org.activiti.engine.impl.persistence.entity.ExecutionEntity  - initializing ProcessInstance[88]
10:47:16,438 [Thread-91] DEBUG org.activiti.engine.impl.persistence.entity.ExecutionEntity  - initializing ProcessInstance[89]
10:47:16,438 [Thread-87] DEBUG org.activiti.engine.impl.history.DefaultHistoryManager  - Current history level: FULL, level required: ACTIVITY
10:47:16,438 [Thread-91] DEBUG org.activiti.engine.impl.history.DefaultHistoryManager  - Current history level: FULL, level required: ACTIVITY
10:47:16,438 [Thread-97] DEBUG org.apache.ibatis.datasource.pooled.PooledDataSource  - Waiting as long as 20000 milliseconds for connection.
10:47:16,438 [Thread-87] DEBUG org.activiti.engine.impl.pvm.runtime.AtomicOperationActivityExecute  - ProcessInstance[88] executes Activity(theStart): org.activiti.engine.impl.bpmn.behavior.NoneStartEventActivityBehavior
10:47:16,438 [Thread-94] DEBUG org.apache.ibatis.datasource.pooled.PooledDataSource  - Waiting as long as 20000 milliseconds for connection.
10:47:16,438 [Thread-91] DEBUG org.activiti.engine.impl.interceptor.LogInterceptor  - 

10:47:16,439 [Thread-91] DEBUG org.activiti.engine.impl.interceptor.LogInterceptor  - --- starting GetNextIdBlockCmd --------------------------------------------------------
10:47:16,439 [Thread-95] DEBUG org.apache.ibatis.datasource.pooled.PooledDataSource  - Waiting as long as 20000 milliseconds for connection.
10:47:16,438 [Thread-87] DEBUG org.activiti.engine.impl.persistence.entity.JobEntity.selectJobsByExecutionId  - ==&gt;  Preparing: select * from ACT_RU_JOB J where J.EXECUTION_ID_ = ? 
10:47:16,439 [Thread-93] DEBUG org.apache.ibatis.datasource.pooled.PooledDataSource  - Waiting as long as 20000 milliseconds for connection.
10:47:16,439 [Thread-91] DEBUG org.apache.ibatis.transaction.jdbc.JdbcTransaction  - Opening JDBC Connection
10:47:16,439 [Thread-91] DEBUG org.apache.ibatis.datasource.pooled.PooledDataSource  - Checked out connection 1094226572 from pool.
10:47:16,439 [Thread-92] DEBUG org.apache.ibatis.datasource.pooled.PooledDataSource  - Waiting as long as 20000 milliseconds for connection.
10:47:16,439 [Thread-87] DEBUG org.activiti.engine.impl.persistence.entity.JobEntity.selectJobsByExecutionId  - ==&gt; Parameters: 88(String)
10:47:16,439 [Thread-88] DEBUG org.apache.ibatis.datasource.pooled.PooledDataSource  - Waiting as long as 20000 milliseconds for connection.
10:47:16,439 [Thread-91] DEBUG org.apache.ibatis.transaction.jdbc.JdbcTransaction  - Setting autocommit to false on JDBC Connection [conn54: url=jdbc:h2:mem:activiti user=SA]
10:47:16,439 [Thread-91] DEBUG org.activiti.engine.impl.persistence.entity.PropertyEntity.selectProperty  - ==&gt;  Preparing: select * from ACT_GE_PROPERTY where NAME_ = ? 
10:47:16,439 [Thread-89] DEBUG org.apache.ibatis.datasource.pooled.PooledDataSource  - Waiting as long as 20000 milliseconds for connection.
10:47:16,439 [Thread-87] DEBUG org.activiti.engine.impl.persistence.entity.JobEntity.selectJobsByExecutionId  - &lt;==      Total: 0
10:47:16,439 [Thread-87] DEBUG org.activiti.engine.impl.bpmn.behavior.BpmnActivityBehavior  - Leaving activity &apos;theStart&apos;
10:47:16,439 [Thread-82] DEBUG org.apache.ibatis.datasource.pooled.PooledDataSource  - Waiting as long as 20000 milliseconds for connection.
10:47:16,439 [Thread-87] DEBUG org.activiti.engine.impl.history.DefaultHistoryManager  - Current history level: FULL, level required: ACTIVITY
10:47:16,439 [Thread-91] DEBUG org.activiti.engine.impl.persistence.entity.PropertyEntity.selectProperty  - ==&gt; Parameters: next.dbid(String)
10:47:16,439 [Thread-87] DEBUG org.activiti.engine.impl.pvm.runtime.AtomicOperationTransitionNotifyListenerTake  - ProcessInstance[88] takes transition (theStart)--flow1--&gt;(javaService)
10:47:16,439 [Thread-96] DEBUG org.apache.ibatis.datasource.pooled.PooledDataSource  - Waiting as long as 20000 milliseconds for connection.
10:47:16,439 [Thread-87] DEBUG org.activiti.engine.impl.history.DefaultHistoryManager  - Current history level: FULL, level required: ACTIVITY
10:47:16,439 [Thread-91] DEBUG org.activiti.engine.impl.persistence.entity.PropertyEntity.selectProperty  - &lt;==      Total: 1
10:47:16,439 [Thread-91] DEBUG org.activiti.engine.impl.db.DbSqlSession  -   update PropertyEntity[name=next.dbid, value=94]
10:47:16,439 [Thread-91] DEBUG org.activiti.engine.impl.db.DbSqlSession  - flush summary: 0 insert, 1 update, 0 delete.
10:47:16,439 [Thread-91] DEBUG org.activiti.engine.impl.db.DbSqlSession  - now executing flush...
10:47:16,439 [Thread-91] DEBUG org.activiti.engine.impl.db.DbSqlSession  - updating: PropertyEntity[name=next.dbid, value=94]
10:47:16,439 [Thread-91] DEBUG org.activiti.engine.impl.persistence.entity.PropertyEntity.updateProperty  - ==&gt;  Preparing: update ACT_GE_PROPERTY SET REV_ = ?, VALUE_ = ? where NAME_ = ? and REV_ = ? 
10:47:16,439 [Thread-91] DEBUG org.activiti.engine.impl.persistence.entity.PropertyEntity.updateProperty  - ==&gt; Parameters: 32(Integer), 94(String), next.dbid(String), 31(Integer)
10:47:16,439 [Thread-91] DEBUG org.activiti.engine.impl.persistence.entity.PropertyEntity.updateProperty  - &lt;==    Updates: 1
10:47:16,439 [Thread-91] DEBUG org.activiti.engine.impl.cfg.standalone.StandaloneMybatisTransactionContext  - firing event committing...
10:47:16,439 [Thread-91] DEBUG org.activiti.engine.impl.cfg.standalone.StandaloneMybatisTransactionContext  - committing the ibatis sql session...
10:47:16,439 [Thread-91] DEBUG org.apache.ibatis.transaction.jdbc.JdbcTransaction  - Committing JDBC Connection [conn54: url=jdbc:h2:mem:activiti user=SA]
10:47:16,440 [Thread-91] DEBUG org.activiti.engine.impl.cfg.standalone.StandaloneMybatisTransactionContext  - firing event committed...
10:47:16,440 [Thread-91] DEBUG org.apache.ibatis.transaction.jdbc.JdbcTransaction  - Resetting autocommit to true on JDBC Connection [conn54: url=jdbc:h2:mem:activiti user=SA]
10:47:16,440 [Thread-91] DEBUG org.apache.ibatis.transaction.jdbc.JdbcTransaction  - Closing JDBC Connection [conn54: url=jdbc:h2:mem:activiti user=SA]
10:47:16,440 [Thread-91] DEBUG org.apache.ibatis.datasource.pooled.PooledDataSource  - Returned connection 1094226572 to pool.
10:47:16,440 [Thread-91] DEBUG org.activiti.engine.impl.interceptor.LogInterceptor  - --- GetNextIdBlockCmd finished --------------------------------------------------------
10:47:16,440 [Thread-91] DEBUG org.activiti.engine.impl.interceptor.LogInterceptor  - 

10:47:16,440 [Thread-91] DEBUG org.activiti.engine.impl.pvm.runtime.AtomicOperationActivityExecute  - ProcessInstance[89] executes Activity(theStart): org.activiti.engine.impl.bpmn.behavior.NoneStartEventActivityBehavior
10:47:16,440 [Thread-87] DEBUG org.activiti.engine.impl.pvm.runtime.AtomicOperationActivityExecute  - ProcessInstance[88] executes Activity(javaService): org.activiti.engine.impl.bpmn.helper.ClassDelegate
10:47:16,440 [Thread-91] DEBUG org.activiti.engine.impl.persistence.entity.JobEntity.selectJobsByExecutionId  - ==&gt;  Preparing: select * from ACT_RU_JOB J where J.EXECUTION_ID_ = ? 
10:47:16,440 [Thread-87] DEBUG org.activiti.engine.impl.db.DbSqlSession  -   insert ProcessInstance[88]
10:47:16,440 [Thread-87] DEBUG org.activiti.engine.impl.db.DbSqlSession  -   insert HistoricProcessInstanceEntity[superProcessInstanceId=null]
10:47:16,440 [Thread-87] DEBUG org.activiti.engine.impl.db.DbSqlSession  -   insert HistoricActivityInstanceEntity[activityId=theStart, activityName=null]
10:47:16,440 [Thread-87] DEBUG org.activiti.engine.impl.db.DbSqlSession  -   insert HistoricActivityInstanceEntity[activityId=javaService, activityName=Java service invocation]
10:47:16,440 [Thread-87] DEBUG org.activiti.engine.impl.db.DbSqlSession  - flush summary: 4 insert, 0 update, 0 delete.
10:47:16,440 [Thread-87] DEBUG org.activiti.engine.impl.db.DbSqlSession  - now executing flush...
10:47:16,440 [Thread-87] DEBUG org.activiti.engine.impl.db.DbSqlSession  - inserting: HistoricProcessInstanceEntity[superProcessInstanceId=null]
10:47:16,440 [Thread-91] DEBUG org.activiti.engine.impl.persistence.entity.JobEntity.selectJobsByExecutionId  - ==&gt; Parameters: 89(String)
10:47:16,440 [Thread-87] DEBUG org.activiti.engine.impl.persistence.entity.HistoricProcessInstanceEntity.insertHistoricProcessInstance  - ==&gt;  Preparing: insert into ACT_HI_PROCINST ( ID_, PROC_INST_ID_, BUSINESS_KEY_, PROC_DEF_ID_, START_TIME_, END_TIME_, DURATION_, START_USER_ID_, START_ACT_ID_, END_ACT_ID_, SUPER_PROCESS_INSTANCE_ID_, DELETE_REASON_, TENANT_ID_, NAME_ ) values ( ?, ?, ?, ?, ?, ?, ?, ?, ?, ?, ?, ?, ?, ? ) 
10:47:16,440 [Thread-91] DEBUG org.activiti.engine.impl.persistence.entity.JobEntity.selectJobsByExecutionId  - &lt;==      Total: 0
10:47:16,440 [Thread-87] DEBUG org.activiti.engine.impl.persistence.entity.HistoricProcessInstanceEntity.insertHistoricProcessInstance  - ==&gt; Parameters: 88(String), 88(String), null, idGeneratorDataSource:1:3(String), 2015-01-01 00:00:00.0(Timestamp), null, null, null, theStart(String), null, null, null, (String), null
10:47:16,440 [Thread-91] DEBUG org.activiti.engine.impl.bpmn.behavior.BpmnActivityBehavior  - Leaving activity &apos;theStart&apos;
10:47:16,440 [Thread-87] DEBUG org.activiti.engine.impl.persistence.entity.HistoricProcessInstanceEntity.insertHistoricProcessInstance  - &lt;==    Updates: 1
10:47:16,440 [Thread-91] DEBUG org.activiti.engine.impl.history.DefaultHistoryManager  - Current history level: FULL, level required: ACTIVITY
10:47:16,440 [Thread-91] DEBUG org.activiti.engine.impl.pvm.runtime.AtomicOperationTransitionNotifyListenerTake  - ProcessInstance[89] takes transition (theStart)--flow1--&gt;(javaService)
10:47:16,440 [Thread-91] DEBUG org.activiti.engine.impl.history.DefaultHistoryManager  - Current history level: FULL, level required: ACTIVITY
10:47:16,440 [Thread-91] DEBUG org.activiti.engine.impl.pvm.runtime.AtomicOperationActivityExecute  - ProcessInstance[89] executes Activity(javaService): org.activiti.engine.impl.bpmn.helper.ClassDelegate
10:47:16,440 [Thread-87] DEBUG org.activiti.engine.impl.persistence.entity.HistoricActivityInstanceEntity.bulkInsertHistoricActivityInstance  - ==&gt;  Preparing: insert into ACT_HI_ACTINST ( ID_, PROC_DEF_ID_, PROC_INST_ID_, EXECUTION_ID_, ACT_ID_, TASK_ID_, CALL_PROC_INST_ID_, ACT_NAME_, ACT_TYPE_, ASSIGNEE_, START_TIME_, END_TIME_, DURATION_, TENANT_ID_ ) values (?, ?, ?, ?, ?, ?, ?, ?, ?, ?, ?, ?, ?, ?) , (?, ?, ?, ?, ?, ?, ?, ?, ?, ?, ?, ?, ?, ?) 
10:47:16,440 [Thread-91] DEBUG org.activiti.engine.impl.db.DbSqlSession  -   insert ProcessInstance[89]
10:47:16,440 [Thread-91] DEBUG org.activiti.engine.impl.db.DbSqlSession  -   insert HistoricProcessInstanceEntity[superProcessInstanceId=null]
10:47:16,440 [Thread-87] DEBUG org.activiti.engine.impl.persistence.entity.HistoricActivityInstanceEntity.bulkInsertHistoricActivityInstance  - ==&gt; Parameters: 90(String), idGeneratorDataSource:1:3(String), 88(String), 88(String), theStart(String), null, null, null, startEvent(String), null, 2015-01-01 00:00:00.0(Timestamp), 2015-01-01 00:00:00.0(Timestamp), 0(Long), (String), 92(String), idGeneratorDataSource:1:3(String), 88(String), 88(String), javaService(String), null, null, Java service invocation(String), serviceTask(String), null, 2015-01-01 00:00:00.0(Timestamp), null, null, (String)
10:47:16,440 [Thread-91] DEBUG org.activiti.engine.impl.db.DbSqlSession  -   insert HistoricActivityInstanceEntity[activityId=theStart, activityName=null]
10:47:16,440 [Thread-91] DEBUG org.activiti.engine.impl.db.DbSqlSession  -   insert HistoricActivityInstanceEntity[activityId=javaService, activityName=Java service invocation]
10:47:16,440 [Thread-91] DEBUG org.activiti.engine.impl.db.DbSqlSession  - flush summary: 4 insert, 0 update, 0 delete.
10:47:16,440 [Thread-91] DEBUG org.activiti.engine.impl.db.DbSqlSession  - now executing flush...
10:47:16,440 [Thread-91] DEBUG org.activiti.engine.impl.db.DbSqlSession  - inserting: HistoricProcessInstanceEntity[superProcessInstanceId=null]
10:47:16,440 [Thread-87] DEBUG org.activiti.engine.impl.persistence.entity.HistoricActivityInstanceEntity.bulkInsertHistoricActivityInstance  - &lt;==    Updates: 2
10:47:16,441 [Thread-87] DEBUG org.activiti.engine.impl.db.DbSqlSession  - inserting: ProcessInstance[88]
10:47:16,440 [Thread-91] DEBUG org.activiti.engine.impl.persistence.entity.HistoricProcessInstanceEntity.insertHistoricProcessInstance  - ==&gt;  Preparing: insert into ACT_HI_PROCINST ( ID_, PROC_INST_ID_, BUSINESS_KEY_, PROC_DEF_ID_, START_TIME_, END_TIME_, DURATION_, START_USER_ID_, START_ACT_ID_, END_ACT_ID_, SUPER_PROCESS_INSTANCE_ID_, DELETE_REASON_, TENANT_ID_, NAME_ ) values ( ?, ?, ?, ?, ?, ?, ?, ?, ?, ?, ?, ?, ?, ? ) 
10:47:16,441 [Thread-87] DEBUG org.activiti.engine.impl.persistence.entity.ExecutionEntity.insertExecution  - ==&gt;  Preparing: insert into ACT_RU_EXECUTION (ID_, REV_, PROC_INST_ID_, BUSINESS_KEY_, PROC_DEF_ID_, ACT_ID_, IS_ACTIVE_, IS_CONCURRENT_, IS_SCOPE_,IS_EVENT_SCOPE_, PARENT_ID_, SUPER_EXEC_, SUSPENSION_STATE_, CACHED_ENT_STATE_, TENANT_ID_, NAME_) values ( ?, 1, ?, ?, ?, ?, ?, ?, ?, ?, ?, ?, ?, ?, ?, ? ) 
10:47:16,441 [Thread-91] DEBUG org.activiti.engine.impl.persistence.entity.HistoricProcessInstanceEntity.insertHistoricProcessInstance  - ==&gt; Parameters: 89(String), 89(String), null, idGeneratorDataSource:1:3(String), 2015-01-01 00:00:00.0(Timestamp), null, null, null, theStart(String), null, null, null, (String), null
10:47:16,441 [Thread-87] DEBUG org.activiti.engine.impl.persistence.entity.ExecutionEntity.insertExecution  - ==&gt; Parameters: 88(String), 88(String), null, idGeneratorDataSource:1:3(String), javaService(String), true(Boolean), false(Boolean), true(Boolean), false(Boolean), null, null, 1(Integer), 2(Integer), (String), null
10:47:16,441 [Thread-87] DEBUG org.activiti.engine.impl.persistence.entity.ExecutionEntity.insertExecution  - &lt;==    Updates: 1
10:47:16,441 [Thread-87] DEBUG org.activiti.engine.impl.cfg.standalone.StandaloneMybatisTransactionContext  - firing event committing...
10:47:16,441 [Thread-87] DEBUG org.activiti.engine.impl.cfg.standalone.StandaloneMybatisTransactionContext  - committing the ibatis sql session...
10:47:16,441 [Thread-87] DEBUG org.apache.ibatis.transaction.jdbc.JdbcTransaction  - Committing JDBC Connection [conn53: url=jdbc:h2:mem:activiti user=SA]
10:47:16,441 [Thread-87] DEBUG org.activiti.engine.impl.cfg.standalone.StandaloneMybatisTransactionContext  - firing event committed...
10:47:16,441 [Thread-87] DEBUG org.apache.ibatis.transaction.jdbc.JdbcTransaction  - Resetting autocommit to true on JDBC Connection [conn53: url=jdbc:h2:mem:activiti user=SA]
10:47:16,441 [Thread-87] DEBUG org.apache.ibatis.transaction.jdbc.JdbcTransaction  - Closing JDBC Connection [conn53: url=jdbc:h2:mem:activiti user=SA]
10:47:16,441 [Thread-87] DEBUG org.apache.ibatis.datasource.pooled.PooledDataSource  - Returned connection 826925275 to pool.
10:47:16,441 [Thread-91] DEBUG org.activiti.engine.impl.persistence.entity.HistoricProcessInstanceEntity.insertHistoricProcessInstance  - &lt;==    Updates: 1
10:47:16,441 [Thread-87] DEBUG org.activiti.engine.impl.interceptor.LogInterceptor  - --- StartProcessInstanceCmd finished --------------------------------------------------------
10:47:16,441 [Thread-87] DEBUG org.activiti.engine.impl.interceptor.LogInterceptor  - 

10:47:16,441 [Thread-87] DEBUG org.activiti.engine.impl.interceptor.LogInterceptor  - 

10:47:16,441 [Thread-87] DEBUG org.activiti.engine.impl.interceptor.LogInterceptor  - --- starting StartProcessInstanceCmd --------------------------------------------------------
10:47:16,441 [Thread-96] DEBUG org.apache.ibatis.datasource.pooled.PooledDataSource  - Checked out connection 826925275 from pool.
10:47:16,441 [Thread-87] DEBUG org.apache.ibatis.transaction.jdbc.JdbcTransaction  - Opening JDBC Connection
10:47:16,441 [Thread-91] DEBUG org.activiti.engine.impl.persistence.entity.HistoricActivityInstanceEntity.bulkInsertHistoricActivityInstance  - ==&gt;  Preparing: insert into ACT_HI_ACTINST ( ID_, PROC_DEF_ID_, PROC_INST_ID_, EXECUTION_ID_, ACT_ID_, TASK_ID_, CALL_PROC_INST_ID_, ACT_NAME_, ACT_TYPE_, ASSIGNEE_, START_TIME_, END_TIME_, DURATION_, TENANT_ID_ ) values (?, ?, ?, ?, ?, ?, ?, ?, ?, ?, ?, ?, ?, ?) , (?, ?, ?, ?, ?, ?, ?, ?, ?, ?, ?, ?, ?, ?) 
10:47:16,441 [Thread-82] DEBUG org.apache.ibatis.datasource.pooled.PooledDataSource  - Waiting as long as 20000 milliseconds for connection.
10:47:16,441 [Thread-96] DEBUG org.apache.ibatis.transaction.jdbc.JdbcTransaction  - Setting autocommit to false on JDBC Connection [conn53: url=jdbc:h2:mem:activiti user=SA]
10:47:16,441 [Thread-89] DEBUG org.apache.ibatis.datasource.pooled.PooledDataSource  - Waiting as long as 20000 milliseconds for connection.
10:47:16,441 [Thread-91] DEBUG org.activiti.engine.impl.persistence.entity.HistoricActivityInstanceEntity.bulkInsertHistoricActivityInstance  - ==&gt; Parameters: 91(String), idGeneratorDataSource:1:3(String), 89(String), 89(String), theStart(String), null, null, null, startEvent(String), null, 2015-01-01 00:00:00.0(Timestamp), 2015-01-01 00:00:00.0(Timestamp), 0(Long), (String), 93(String), idGeneratorDataSource:1:3(String), 89(String), 89(String), javaService(String), null, null, Java service invocation(String), serviceTask(String), null, 2015-01-01 00:00:00.0(Timestamp), null, null, (String)
10:47:16,441 [Thread-88] DEBUG org.apache.ibatis.datasource.pooled.PooledDataSource  - Waiting as long as 20000 milliseconds for connection.
10:47:16,441 [Thread-96] DEBUG org.activiti.engine.impl.persistence.entity.ProcessDefinitionEntity.selectLatestProcessDefinitionByKey  - ==&gt;  Preparing: select * from ACT_RE_PROCDEF where KEY_ = ? and (TENANT_ID_ = &apos;&apos; or TENANT_ID_ is null) and VERSION_ = (select max(VERSION_) from ACT_RE_PROCDEF where KEY_ = ? and (TENANT_ID_ = &apos;&apos; or TENANT_ID_ is null)) 
10:47:16,441 [Thread-92] DEBUG org.apache.ibatis.datasource.pooled.PooledDataSource  - Waiting as long as 20000 milliseconds for connection.
10:47:16,441 [Thread-91] DEBUG org.activiti.engine.impl.persistence.entity.HistoricActivityInstanceEntity.bulkInsertHistoricActivityInstance  - &lt;==    Updates: 2
10:47:16,441 [Thread-91] DEBUG org.activiti.engine.impl.db.DbSqlSession  - inserting: ProcessInstance[89]
10:47:16,441 [Thread-93] DEBUG org.apache.ibatis.datasource.pooled.PooledDataSource  - Waiting as long as 20000 milliseconds for connection.
10:47:16,441 [Thread-96] DEBUG org.activiti.engine.impl.persistence.entity.ProcessDefinitionEntity.selectLatestProcessDefinitionByKey  - ==&gt; Parameters: idGeneratorDataSource(String), idGeneratorDataSource(String)
10:47:16,441 [Thread-95] DEBUG org.apache.ibatis.datasource.pooled.PooledDataSource  - Waiting as long as 20000 milliseconds for connection.
10:47:16,441 [Thread-91] DEBUG org.activiti.engine.impl.persistence.entity.ExecutionEntity.insertExecution  - ==&gt;  Preparing: insert into ACT_RU_EXECUTION (ID_, REV_, PROC_INST_ID_, BUSINESS_KEY_, PROC_DEF_ID_, ACT_ID_, IS_ACTIVE_, IS_CONCURRENT_, IS_SCOPE_,IS_EVENT_SCOPE_, PARENT_ID_, SUPER_EXEC_, SUSPENSION_STATE_, CACHED_ENT_STATE_, TENANT_ID_, NAME_) values ( ?, 1, ?, ?, ?, ?, ?, ?, ?, ?, ?, ?, ?, ?, ?, ? ) 
10:47:16,442 [Thread-94] DEBUG org.apache.ibatis.datasource.pooled.PooledDataSource  - Waiting as long as 20000 milliseconds for connection.
10:47:16,442 [Thread-96] DEBUG org.activiti.engine.impl.persistence.entity.ProcessDefinitionEntity.selectLatestProcessDefinitionByKey  - &lt;==      Total: 1
10:47:16,442 [Thread-97] DEBUG org.apache.ibatis.datasource.pooled.PooledDataSource  - Waiting as long as 20000 milliseconds for connection.
10:47:16,442 [Thread-91] DEBUG org.activiti.engine.impl.persistence.entity.ExecutionEntity.insertExecution  - ==&gt; Parameters: 89(String), 89(String), null, idGeneratorDataSource:1:3(String), javaService(String), true(Boolean), false(Boolean), true(Boolean), false(Boolean), null, null, 1(Integer), 2(Integer), (String), null
10:47:16,442 [Thread-85] DEBUG org.apache.ibatis.datasource.pooled.PooledDataSource  - Waiting as long as 20000 milliseconds for connection.
10:47:16,442 [Thread-96] DEBUG org.activiti.engine.impl.interceptor.LogInterceptor  - 

10:47:16,442 [Thread-96] DEBUG org.activiti.engine.impl.interceptor.LogInterceptor  - --- starting GetNextIdBlockCmd --------------------------------------------------------
10:47:16,442 [Thread-100] DEBUG org.apache.ibatis.datasource.pooled.PooledDataSource  - Waiting as long as 20000 milliseconds for connection.
10:47:16,442 [Thread-91] DEBUG org.activiti.engine.impl.persistence.entity.ExecutionEntity.insertExecution  - &lt;==    Updates: 1
10:47:16,442 [Thread-99] DEBUG org.apache.ibatis.datasource.pooled.PooledDataSource  - Waiting as long as 20000 milliseconds for connection.
10:47:16,442 [Thread-96] DEBUG org.apache.ibatis.transaction.jdbc.JdbcTransaction  - Opening JDBC Connection
10:47:16,442 [Thread-96] DEBUG org.apache.ibatis.datasource.pooled.PooledDataSource  - Checked out connection 1094226572 from pool.
10:47:16,442 [Thread-83] DEBUG org.apache.ibatis.datasource.pooled.PooledDataSource  - Waiting as long as 20000 milliseconds for connection.
10:47:16,442 [Thread-91] DEBUG org.activiti.engine.impl.cfg.standalone.StandaloneMybatisTransactionContext  - firing event committing...
10:47:16,442 [Thread-91] DEBUG org.activiti.engine.impl.cfg.standalone.StandaloneMybatisTransactionContext  - committing the ibatis sql session...
10:47:16,442 [Thread-91] DEBUG org.apache.ibatis.transaction.jdbc.JdbcTransaction  - Committing JDBC Connection [conn55: url=jdbc:h2:mem:activiti user=SA]
10:47:16,442 [Thread-90] DEBUG org.apache.ibatis.datasource.pooled.PooledDataSource  - Waiting as long as 20000 milliseconds for connection.
10:47:16,442 [Thread-96] DEBUG org.apache.ibatis.transaction.jdbc.JdbcTransaction  - Setting autocommit to false on JDBC Connection [conn54: url=jdbc:h2:mem:activiti user=SA]
10:47:16,442 [Thread-87] DEBUG org.apache.ibatis.datasource.pooled.PooledDataSource  - Waiting as long as 20000 milliseconds for connection.
10:47:16,442 [Thread-91] DEBUG org.activiti.engine.impl.cfg.standalone.StandaloneMybatisTransactionContext  - firing event committed...
10:47:16,442 [Thread-91] DEBUG org.apache.ibatis.transaction.jdbc.JdbcTransaction  - Resetting autocommit to true on JDBC Connection [conn55: url=jdbc:h2:mem:activiti user=SA]
10:47:16,442 [Thread-91] DEBUG org.apache.ibatis.transaction.jdbc.JdbcTransaction  - Closing JDBC Connection [conn55: url=jdbc:h2:mem:activiti user=SA]
10:47:16,442 [Thread-91] DEBUG org.apache.ibatis.datasource.pooled.PooledDataSource  - Returned connection 14606730 to pool.
10:47:16,442 [Thread-96] DEBUG org.activiti.engine.impl.persistence.entity.PropertyEntity.selectProperty  - ==&gt;  Preparing: select * from ACT_GE_PROPERTY where NAME_ = ? 
10:47:16,442 [Thread-87] DEBUG org.apache.ibatis.datasource.pooled.PooledDataSource  - Checked out connection 14606730 from pool.
10:47:16,442 [Thread-91] DEBUG org.activiti.engine.impl.interceptor.LogInterceptor  - --- StartProcessInstanceCmd finished --------------------------------------------------------
10:47:16,442 [Thread-91] DEBUG org.activiti.engine.impl.interceptor.LogInterceptor  - 

10:47:16,442 [Thread-90] DEBUG org.apache.ibatis.datasource.pooled.PooledDataSource  - Waiting as long as 20000 milliseconds for connection.
10:47:16,442 [Thread-87] DEBUG org.apache.ibatis.transaction.jdbc.JdbcTransaction  - Setting autocommit to false on JDBC Connection [conn55: url=jdbc:h2:mem:activiti user=SA]
10:47:16,443 [Thread-87] DEBUG org.activiti.engine.impl.persistence.entity.ProcessDefinitionEntity.selectLatestProcessDefinitionByKey  - ==&gt;  Preparing: select * from ACT_RE_PROCDEF where KEY_ = ? and (TENANT_ID_ = &apos;&apos; or TENANT_ID_ is null) and VERSION_ = (select max(VERSION_) from ACT_RE_PROCDEF where KEY_ = ? and (TENANT_ID_ = &apos;&apos; or TENANT_ID_ is null)) 
10:47:16,442 [Thread-96] DEBUG org.activiti.engine.impl.persistence.entity.PropertyEntity.selectProperty  - ==&gt; Parameters: next.dbid(String)
10:47:16,443 [Thread-87] DEBUG org.activiti.engine.impl.persistence.entity.ProcessDefinitionEntity.selectLatestProcessDefinitionByKey  - ==&gt; Parameters: idGeneratorDataSource(String), idGeneratorDataSource(String)
10:47:16,443 [Thread-83] DEBUG org.apache.ibatis.datasource.pooled.PooledDataSource  - Waiting as long as 20000 milliseconds for connection.
10:47:16,443 [Thread-96] DEBUG org.activiti.engine.impl.persistence.entity.PropertyEntity.selectProperty  - &lt;==      Total: 1
10:47:16,443 [Thread-99] DEBUG org.apache.ibatis.datasource.pooled.PooledDataSource  - Waiting as long as 20000 milliseconds for connection.
10:47:16,443 [Thread-87] DEBUG org.activiti.engine.impl.persistence.entity.ProcessDefinitionEntity.selectLatestProcessDefinitionByKey  - &lt;==      Total: 1
10:47:16,443 [Thread-100] DEBUG org.apache.ibatis.datasource.pooled.PooledDataSource  - Waiting as long as 20000 milliseconds for connection.
10:47:16,443 [Thread-96] DEBUG org.activiti.engine.impl.db.DbSqlSession  -   update PropertyEntity[name=next.dbid, value=97]
10:47:16,443 [Thread-96] DEBUG org.activiti.engine.impl.db.DbSqlSession  - flush summary: 0 insert, 1 update, 0 delete.
10:47:16,443 [Thread-96] DEBUG org.activiti.engine.impl.db.DbSqlSession  - now executing flush...
10:47:16,443 [Thread-85] DEBUG org.apache.ibatis.datasource.pooled.PooledDataSource  - Waiting as long as 20000 milliseconds for connection.
10:47:16,443 [Thread-96] DEBUG org.activiti.engine.impl.db.DbSqlSession  - updating: PropertyEntity[name=next.dbid, value=97]
10:47:16,443 [Thread-97] DEBUG org.apache.ibatis.datasource.pooled.PooledDataSource  - Waiting as long as 20000 milliseconds for connection.
10:47:16,443 [Thread-96] DEBUG org.activiti.engine.impl.persistence.entity.PropertyEntity.updateProperty  - ==&gt;  Preparing: update ACT_GE_PROPERTY SET REV_ = ?, VALUE_ = ? where NAME_ = ? and REV_ = ? 
10:47:16,443 [Thread-94] DEBUG org.apache.ibatis.datasource.pooled.PooledDataSource  - Waiting as long as 20000 milliseconds for connection.
10:47:16,443 [Thread-96] DEBUG org.activiti.engine.impl.persistence.entity.PropertyEntity.updateProperty  - ==&gt; Parameters: 33(Integer), 97(String), next.dbid(String), 32(Integer)
10:47:16,444 [Thread-95] DEBUG org.apache.ibatis.datasource.pooled.PooledDataSource  - Waiting as long as 20000 milliseconds for connection.
10:47:16,444 [Thread-96] DEBUG org.activiti.engine.impl.persistence.entity.PropertyEntity.updateProperty  - &lt;==    Updates: 1
10:47:16,444 [Thread-93] DEBUG org.apache.ibatis.datasource.pooled.PooledDataSource  - Waiting as long as 20000 milliseconds for connection.
10:47:16,444 [Thread-96] DEBUG org.activiti.engine.impl.cfg.standalone.StandaloneMybatisTransactionContext  - firing event committing...
10:47:16,444 [Thread-96] DEBUG org.activiti.engine.impl.cfg.standalone.StandaloneMybatisTransactionContext  - committing the ibatis sql session...
10:47:16,444 [Thread-96] DEBUG org.apache.ibatis.transaction.jdbc.JdbcTransaction  - Committing JDBC Connection [conn54: url=jdbc:h2:mem:activiti user=SA]
10:47:16,444 [Thread-92] DEBUG org.apache.ibatis.datasource.pooled.PooledDataSource  - Waiting as long as 20000 milliseconds for connection.
10:47:16,444 [Thread-96] DEBUG org.activiti.engine.impl.cfg.standalone.StandaloneMybatisTransactionContext  - firing event committed...
10:47:16,444 [Thread-88] DEBUG org.apache.ibatis.datasource.pooled.PooledDataSource  - Waiting as long as 20000 milliseconds for connection.
10:47:16,444 [Thread-96] DEBUG org.apache.ibatis.transaction.jdbc.JdbcTransaction  - Resetting autocommit to true on JDBC Connection [conn54: url=jdbc:h2:mem:activiti user=SA]
10:47:16,444 [Thread-89] DEBUG org.apache.ibatis.datasource.pooled.PooledDataSource  - Waiting as long as 20000 milliseconds for connection.
10:47:16,444 [Thread-96] DEBUG org.apache.ibatis.transaction.jdbc.JdbcTransaction  - Closing JDBC Connection [conn54: url=jdbc:h2:mem:activiti user=SA]
10:47:16,444 [Thread-82] DEBUG org.apache.ibatis.datasource.pooled.PooledDataSource  - Waiting as long as 20000 milliseconds for connection.
10:47:16,444 [Thread-96] DEBUG org.apache.ibatis.datasource.pooled.PooledDataSource  - Returned connection 1094226572 to pool.
10:47:16,444 [Thread-96] DEBUG org.activiti.engine.impl.interceptor.LogInterceptor  - --- GetNextIdBlockCmd finished --------------------------------------------------------
10:47:16,444 [Thread-96] DEBUG org.activiti.engine.impl.interceptor.LogInterceptor  - 

10:47:16,444 [Thread-96] DEBUG org.activiti.engine.impl.persistence.entity.ExecutionEntity  - initializing ProcessInstance[94]
10:47:16,444 [Thread-87] DEBUG org.activiti.engine.impl.persistence.entity.ExecutionEntity  - initializing ProcessInstance[95]
10:47:16,444 [Thread-96] DEBUG org.activiti.engine.impl.history.DefaultHistoryManager  - Current history level: FULL, level required: ACTIVITY
10:47:16,444 [Thread-87] DEBUG org.activiti.engine.impl.history.DefaultHistoryManager  - Current history level: FULL, level required: ACTIVITY
10:47:16,444 [Thread-96] DEBUG org.activiti.engine.impl.pvm.runtime.AtomicOperationActivityExecute  - ProcessInstance[94] executes Activity(theStart): org.activiti.engine.impl.bpmn.behavior.NoneStartEventActivityBehavior
10:47:16,445 [Thread-87] DEBUG org.activiti.engine.impl.interceptor.LogInterceptor  - 

10:47:16,445 [Thread-87] DEBUG org.activiti.engine.impl.interceptor.LogInterceptor  - --- starting GetNextIdBlockCmd --------------------------------------------------------
10:47:16,445 [Thread-96] DEBUG org.activiti.engine.impl.persistence.entity.JobEntity.selectJobsByExecutionId  - ==&gt;  Preparing: select * from ACT_RU_JOB J where J.EXECUTION_ID_ = ? 
10:47:16,445 [Thread-87] DEBUG org.apache.ibatis.transaction.jdbc.JdbcTransaction  - Opening JDBC Connection
10:47:16,445 [Thread-96] DEBUG org.activiti.engine.impl.persistence.entity.JobEntity.selectJobsByExecutionId  - ==&gt; Parameters: 94(String)
10:47:16,445 [Thread-87] DEBUG org.apache.ibatis.datasource.pooled.PooledDataSource  - Checked out connection 1094226572 from pool.
10:47:16,445 [Thread-96] DEBUG org.activiti.engine.impl.persistence.entity.JobEntity.selectJobsByExecutionId  - &lt;==      Total: 0
10:47:16,445 [Thread-96] DEBUG org.activiti.engine.impl.bpmn.behavior.BpmnActivityBehavior  - Leaving activity &apos;theStart&apos;
10:47:16,445 [Thread-87] DEBUG org.apache.ibatis.transaction.jdbc.JdbcTransaction  - Setting autocommit to false on JDBC Connection [conn54: url=jdbc:h2:mem:activiti user=SA]
10:47:16,445 [Thread-87] DEBUG org.activiti.engine.impl.persistence.entity.PropertyEntity.selectProperty  - ==&gt;  Preparing: select * from ACT_GE_PROPERTY where NAME_ = ? 
10:47:16,445 [Thread-96] DEBUG org.activiti.engine.impl.history.DefaultHistoryManager  - Current history level: FULL, level required: ACTIVITY
10:47:16,445 [Thread-87] DEBUG org.activiti.engine.impl.persistence.entity.PropertyEntity.selectProperty  - ==&gt; Parameters: next.dbid(String)
10:47:16,445 [Thread-96] DEBUG org.activiti.engine.impl.pvm.runtime.AtomicOperationTransitionNotifyListenerTake  - ProcessInstance[94] takes transition (theStart)--flow1--&gt;(javaService)
10:47:16,445 [Thread-87] DEBUG org.activiti.engine.impl.persistence.entity.PropertyEntity.selectProperty  - &lt;==      Total: 1
10:47:16,445 [Thread-96] DEBUG org.activiti.engine.impl.history.DefaultHistoryManager  - Current history level: FULL, level required: ACTIVITY
10:47:16,445 [Thread-87] DEBUG org.activiti.engine.impl.db.DbSqlSession  -   update PropertyEntity[name=next.dbid, value=100]
10:47:16,445 [Thread-87] DEBUG org.activiti.engine.impl.db.DbSqlSession  - flush summary: 0 insert, 1 update, 0 delete.
10:47:16,445 [Thread-87] DEBUG org.activiti.engine.impl.db.DbSqlSession  - now executing flush...
10:47:16,445 [Thread-87] DEBUG org.activiti.engine.impl.db.DbSqlSession  - updating: PropertyEntity[name=next.dbid, value=100]
10:47:16,445 [Thread-87] DEBUG org.activiti.engine.impl.persistence.entity.PropertyEntity.updateProperty  - ==&gt;  Preparing: update ACT_GE_PROPERTY SET REV_ = ?, VALUE_ = ? where NAME_ = ? and REV_ = ? 
10:47:16,445 [Thread-87] DEBUG org.activiti.engine.impl.persistence.entity.PropertyEntity.updateProperty  - ==&gt; Parameters: 34(Integer), 100(String), next.dbid(String), 33(Integer)
10:47:16,445 [Thread-87] DEBUG org.activiti.engine.impl.persistence.entity.PropertyEntity.updateProperty  - &lt;==    Updates: 1
10:47:16,445 [Thread-87] DEBUG org.activiti.engine.impl.cfg.standalone.StandaloneMybatisTransactionContext  - firing event committing...
10:47:16,445 [Thread-87] DEBUG org.activiti.engine.impl.cfg.standalone.StandaloneMybatisTransactionContext  - committing the ibatis sql session...
10:47:16,446 [Thread-87] DEBUG org.apache.ibatis.transaction.jdbc.JdbcTransaction  - Committing JDBC Connection [conn54: url=jdbc:h2:mem:activiti user=SA]
10:47:16,446 [Thread-87] DEBUG org.activiti.engine.impl.cfg.standalone.StandaloneMybatisTransactionContext  - firing event committed...
10:47:16,446 [Thread-87] DEBUG org.apache.ibatis.transaction.jdbc.JdbcTransaction  - Resetting autocommit to true on JDBC Connection [conn54: url=jdbc:h2:mem:activiti user=SA]
10:47:16,446 [Thread-87] DEBUG org.apache.ibatis.transaction.jdbc.JdbcTransaction  - Closing JDBC Connection [conn54: url=jdbc:h2:mem:activiti user=SA]
10:47:16,446 [Thread-87] DEBUG org.apache.ibatis.datasource.pooled.PooledDataSource  - Returned connection 1094226572 to pool.
10:47:16,446 [Thread-87] DEBUG org.activiti.engine.impl.interceptor.LogInterceptor  - --- GetNextIdBlockCmd finished --------------------------------------------------------
10:47:16,446 [Thread-87] DEBUG org.activiti.engine.impl.interceptor.LogInterceptor  - 

10:47:16,446 [Thread-87] DEBUG org.activiti.engine.impl.pvm.runtime.AtomicOperationActivityExecute  - ProcessInstance[95] executes Activity(theStart): org.activiti.engine.impl.bpmn.behavior.NoneStartEventActivityBehavior
10:47:16,446 [Thread-96] DEBUG org.activiti.engine.impl.pvm.runtime.AtomicOperationActivityExecute  - ProcessInstance[94] executes Activity(javaService): org.activiti.engine.impl.bpmn.helper.ClassDelegate
10:47:16,446 [Thread-87] DEBUG org.activiti.engine.impl.persistence.entity.JobEntity.selectJobsByExecutionId  - ==&gt;  Preparing: select * from ACT_RU_JOB J where J.EXECUTION_ID_ = ? 
10:47:16,446 [Thread-96] DEBUG org.activiti.engine.impl.db.DbSqlSession  -   insert ProcessInstance[94]
10:47:16,446 [Thread-96] DEBUG org.activiti.engine.impl.db.DbSqlSession  -   insert HistoricProcessInstanceEntity[superProcessInstanceId=null]
10:47:16,446 [Thread-96] DEBUG org.activiti.engine.impl.db.DbSqlSession  -   insert HistoricActivityInstanceEntity[activityId=theStart, activityName=null]
10:47:16,446 [Thread-96] DEBUG org.activiti.engine.impl.db.DbSqlSession  -   insert HistoricActivityInstanceEntity[activityId=javaService, activityName=Java service invocation]
10:47:16,446 [Thread-96] DEBUG org.activiti.engine.impl.db.DbSqlSession  - flush summary: 4 insert, 0 update, 0 delete.
10:47:16,447 [Thread-96] DEBUG org.activiti.engine.impl.db.DbSqlSession  - now executing flush...
10:47:16,447 [Thread-96] DEBUG org.activiti.engine.impl.db.DbSqlSession  - inserting: HistoricProcessInstanceEntity[superProcessInstanceId=null]
10:47:16,446 [Thread-87] DEBUG org.activiti.engine.impl.persistence.entity.JobEntity.selectJobsByExecutionId  - ==&gt; Parameters: 95(String)
10:47:16,447 [Thread-96] DEBUG org.activiti.engine.impl.persistence.entity.HistoricProcessInstanceEntity.insertHistoricProcessInstance  - ==&gt;  Preparing: insert into ACT_HI_PROCINST ( ID_, PROC_INST_ID_, BUSINESS_KEY_, PROC_DEF_ID_, START_TIME_, END_TIME_, DURATION_, START_USER_ID_, START_ACT_ID_, END_ACT_ID_, SUPER_PROCESS_INSTANCE_ID_, DELETE_REASON_, TENANT_ID_, NAME_ ) values ( ?, ?, ?, ?, ?, ?, ?, ?, ?, ?, ?, ?, ?, ? ) 
10:47:16,447 [Thread-87] DEBUG org.activiti.engine.impl.persistence.entity.JobEntity.selectJobsByExecutionId  - &lt;==      Total: 0
10:47:16,447 [Thread-96] DEBUG org.activiti.engine.impl.persistence.entity.HistoricProcessInstanceEntity.insertHistoricProcessInstance  - ==&gt; Parameters: 94(String), 94(String), null, idGeneratorDataSource:1:3(String), 2015-01-01 00:00:00.0(Timestamp), null, null, null, theStart(String), null, null, null, (String), null
10:47:16,447 [Thread-87] DEBUG org.activiti.engine.impl.bpmn.behavior.BpmnActivityBehavior  - Leaving activity &apos;theStart&apos;
10:47:16,447 [Thread-96] DEBUG org.activiti.engine.impl.persistence.entity.HistoricProcessInstanceEntity.insertHistoricProcessInstance  - &lt;==    Updates: 1
10:47:16,447 [Thread-87] DEBUG org.activiti.engine.impl.history.DefaultHistoryManager  - Current history level: FULL, level required: ACTIVITY
10:47:16,447 [Thread-87] DEBUG org.activiti.engine.impl.pvm.runtime.AtomicOperationTransitionNotifyListenerTake  - ProcessInstance[95] takes transition (theStart)--flow1--&gt;(javaService)
10:47:16,447 [Thread-87] DEBUG org.activiti.engine.impl.history.DefaultHistoryManager  - Current history level: FULL, level required: ACTIVITY
10:47:16,447 [Thread-96] DEBUG org.activiti.engine.impl.persistence.entity.HistoricActivityInstanceEntity.bulkInsertHistoricActivityInstance  - ==&gt;  Preparing: insert into ACT_HI_ACTINST ( ID_, PROC_DEF_ID_, PROC_INST_ID_, EXECUTION_ID_, ACT_ID_, TASK_ID_, CALL_PROC_INST_ID_, ACT_NAME_, ACT_TYPE_, ASSIGNEE_, START_TIME_, END_TIME_, DURATION_, TENANT_ID_ ) values (?, ?, ?, ?, ?, ?, ?, ?, ?, ?, ?, ?, ?, ?) , (?, ?, ?, ?, ?, ?, ?, ?, ?, ?, ?, ?, ?, ?) 
10:47:16,447 [Thread-87] DEBUG org.activiti.engine.impl.pvm.runtime.AtomicOperationActivityExecute  - ProcessInstance[95] executes Activity(javaService): org.activiti.engine.impl.bpmn.helper.ClassDelegate
10:47:16,447 [Thread-87] DEBUG org.activiti.engine.impl.db.DbSqlSession  -   insert ProcessInstance[95]
10:47:16,447 [Thread-96] DEBUG org.activiti.engine.impl.persistence.entity.HistoricActivityInstanceEntity.bulkInsertHistoricActivityInstance  - ==&gt; Parameters: 96(String), idGeneratorDataSource:1:3(String), 94(String), 94(String), theStart(String), null, null, null, startEvent(String), null, 2015-01-01 00:00:00.0(Timestamp), 2015-01-01 00:00:00.0(Timestamp), 0(Long), (String), 98(String), idGeneratorDataSource:1:3(String), 94(String), 94(String), javaService(String), null, null, Java service invocation(String), serviceTask(String), null, 2015-01-01 00:00:00.0(Timestamp), null, null, (String)
10:47:16,447 [Thread-87] DEBUG org.activiti.engine.impl.db.DbSqlSession  -   insert HistoricProcessInstanceEntity[superProcessInstanceId=null]
10:47:16,447 [Thread-87] DEBUG org.activiti.engine.impl.db.DbSqlSession  -   insert HistoricActivityInstanceEntity[activityId=theStart, activityName=null]
10:47:16,447 [Thread-87] DEBUG org.activiti.engine.impl.db.DbSqlSession  -   insert HistoricActivityInstanceEntity[activityId=javaService, activityName=Java service invocation]
10:47:16,447 [Thread-87] DEBUG org.activiti.engine.impl.db.DbSqlSession  - flush summary: 4 insert, 0 update, 0 delete.
10:47:16,447 [Thread-87] DEBUG org.activiti.engine.impl.db.DbSqlSession  - now executing flush...
10:47:16,447 [Thread-87] DEBUG org.activiti.engine.impl.db.DbSqlSession  - inserting: HistoricProcessInstanceEntity[superProcessInstanceId=null]
10:47:16,447 [Thread-96] DEBUG org.activiti.engine.impl.persistence.entity.HistoricActivityInstanceEntity.bulkInsertHistoricActivityInstance  - &lt;==    Updates: 2
10:47:16,447 [Thread-96] DEBUG org.activiti.engine.impl.db.DbSqlSession  - inserting: ProcessInstance[94]
10:47:16,447 [Thread-87] DEBUG org.activiti.engine.impl.persistence.entity.HistoricProcessInstanceEntity.insertHistoricProcessInstance  - ==&gt;  Preparing: insert into ACT_HI_PROCINST ( ID_, PROC_INST_ID_, BUSINESS_KEY_, PROC_DEF_ID_, START_TIME_, END_TIME_, DURATION_, START_USER_ID_, START_ACT_ID_, END_ACT_ID_, SUPER_PROCESS_INSTANCE_ID_, DELETE_REASON_, TENANT_ID_, NAME_ ) values ( ?, ?, ?, ?, ?, ?, ?, ?, ?, ?, ?, ?, ?, ? ) 
10:47:16,447 [Thread-96] DEBUG org.activiti.engine.impl.persistence.entity.ExecutionEntity.insertExecution  - ==&gt;  Preparing: insert into ACT_RU_EXECUTION (ID_, REV_, PROC_INST_ID_, BUSINESS_KEY_, PROC_DEF_ID_, ACT_ID_, IS_ACTIVE_, IS_CONCURRENT_, IS_SCOPE_,IS_EVENT_SCOPE_, PARENT_ID_, SUPER_EXEC_, SUSPENSION_STATE_, CACHED_ENT_STATE_, TENANT_ID_, NAME_) values ( ?, 1, ?, ?, ?, ?, ?, ?, ?, ?, ?, ?, ?, ?, ?, ? ) 
10:47:16,447 [Thread-87] DEBUG org.activiti.engine.impl.persistence.entity.HistoricProcessInstanceEntity.insertHistoricProcessInstance  - ==&gt; Parameters: 95(String), 95(String), null, idGeneratorDataSource:1:3(String), 2015-01-01 00:00:00.0(Timestamp), null, null, null, theStart(String), null, null, null, (String), null
10:47:16,447 [Thread-96] DEBUG org.activiti.engine.impl.persistence.entity.ExecutionEntity.insertExecution  - ==&gt; Parameters: 94(String), 94(String), null, idGeneratorDataSource:1:3(String), javaService(String), true(Boolean), false(Boolean), true(Boolean), false(Boolean), null, null, 1(Integer), 2(Integer), (String), null
10:47:16,447 [Thread-96] DEBUG org.activiti.engine.impl.persistence.entity.ExecutionEntity.insertExecution  - &lt;==    Updates: 1
10:47:16,447 [Thread-96] DEBUG org.activiti.engine.impl.cfg.standalone.StandaloneMybatisTransactionContext  - firing event committing...
10:47:16,447 [Thread-96] DEBUG org.activiti.engine.impl.cfg.standalone.StandaloneMybatisTransactionContext  - committing the ibatis sql session...
10:47:16,447 [Thread-96] DEBUG org.apache.ibatis.transaction.jdbc.JdbcTransaction  - Committing JDBC Connection [conn53: url=jdbc:h2:mem:activiti user=SA]
10:47:16,447 [Thread-96] DEBUG org.activiti.engine.impl.cfg.standalone.StandaloneMybatisTransactionContext  - firing event committed...
10:47:16,447 [Thread-96] DEBUG org.apache.ibatis.transaction.jdbc.JdbcTransaction  - Resetting autocommit to true on JDBC Connection [conn53: url=jdbc:h2:mem:activiti user=SA]
10:47:16,447 [Thread-96] DEBUG org.apache.ibatis.transaction.jdbc.JdbcTransaction  - Closing JDBC Connection [conn53: url=jdbc:h2:mem:activiti user=SA]
10:47:16,448 [Thread-96] DEBUG org.apache.ibatis.datasource.pooled.PooledDataSource  - Returned connection 826925275 to pool.
10:47:16,447 [Thread-87] DEBUG org.activiti.engine.impl.persistence.entity.HistoricProcessInstanceEntity.insertHistoricProcessInstance  - &lt;==    Updates: 1
10:47:16,448 [Thread-82] DEBUG org.apache.ibatis.datasource.pooled.PooledDataSource  - Checked out connection 826925275 from pool.
10:47:16,448 [Thread-96] DEBUG org.activiti.engine.impl.interceptor.LogInterceptor  - --- StartProcessInstanceCmd finished --------------------------------------------------------
10:47:16,448 [Thread-96] DEBUG org.activiti.engine.impl.interceptor.LogInterceptor  - 

10:47:16,448 [Thread-96] DEBUG org.activiti.engine.impl.interceptor.LogInterceptor  - 

10:47:16,448 [Thread-96] DEBUG org.activiti.engine.impl.interceptor.LogInterceptor  - --- starting StartProcessInstanceCmd --------------------------------------------------------
10:47:16,448 [Thread-89] DEBUG org.apache.ibatis.datasource.pooled.PooledDataSource  - Waiting as long as 20000 milliseconds for connection.
10:47:16,448 [Thread-82] DEBUG org.apache.ibatis.transaction.jdbc.JdbcTransaction  - Setting autocommit to false on JDBC Connection [conn53: url=jdbc:h2:mem:activiti user=SA]
10:47:16,448 [Thread-88] DEBUG org.apache.ibatis.datasource.pooled.PooledDataSource  - Waiting as long as 20000 milliseconds for connection.
10:47:16,448 [Thread-96] DEBUG org.apache.ibatis.transaction.jdbc.JdbcTransaction  - Opening JDBC Connection
10:47:16,448 [Thread-87] DEBUG org.activiti.engine.impl.persistence.entity.HistoricActivityInstanceEntity.bulkInsertHistoricActivityInstance  - ==&gt;  Preparing: insert into ACT_HI_ACTINST ( ID_, PROC_DEF_ID_, PROC_INST_ID_, EXECUTION_ID_, ACT_ID_, TASK_ID_, CALL_PROC_INST_ID_, ACT_NAME_, ACT_TYPE_, ASSIGNEE_, START_TIME_, END_TIME_, DURATION_, TENANT_ID_ ) values (?, ?, ?, ?, ?, ?, ?, ?, ?, ?, ?, ?, ?, ?) , (?, ?, ?, ?, ?, ?, ?, ?, ?, ?, ?, ?, ?, ?) 
10:47:16,448 [Thread-92] DEBUG org.apache.ibatis.datasource.pooled.PooledDataSource  - Waiting as long as 20000 milliseconds for connection.
10:47:16,448 [Thread-82] DEBUG org.activiti.engine.impl.persistence.entity.ProcessDefinitionEntity.selectLatestProcessDefinitionByKey  - ==&gt;  Preparing: select * from ACT_RE_PROCDEF where KEY_ = ? and (TENANT_ID_ = &apos;&apos; or TENANT_ID_ is null) and VERSION_ = (select max(VERSION_) from ACT_RE_PROCDEF where KEY_ = ? and (TENANT_ID_ = &apos;&apos; or TENANT_ID_ is null)) 
10:47:16,448 [Thread-87] DEBUG org.activiti.engine.impl.persistence.entity.HistoricActivityInstanceEntity.bulkInsertHistoricActivityInstance  - ==&gt; Parameters: 97(String), idGeneratorDataSource:1:3(String), 95(String), 95(String), theStart(String), null, null, null, startEvent(String), null, 2015-01-01 00:00:00.0(Timestamp), 2015-01-01 00:00:00.0(Timestamp), 0(Long), (String), 99(String), idGeneratorDataSource:1:3(String), 95(String), 95(String), javaService(String), null, null, Java service invocation(String), serviceTask(String), null, 2015-01-01 00:00:00.0(Timestamp), null, null, (String)
10:47:16,448 [Thread-93] DEBUG org.apache.ibatis.datasource.pooled.PooledDataSource  - Waiting as long as 20000 milliseconds for connection.
10:47:16,448 [Thread-87] DEBUG org.activiti.engine.impl.persistence.entity.HistoricActivityInstanceEntity.bulkInsertHistoricActivityInstance  - &lt;==    Updates: 2
10:47:16,448 [Thread-87] DEBUG org.activiti.engine.impl.db.DbSqlSession  - inserting: ProcessInstance[95]
10:47:16,448 [Thread-82] DEBUG org.activiti.engine.impl.persistence.entity.ProcessDefinitionEntity.selectLatestProcessDefinitionByKey  - ==&gt; Parameters: idGeneratorDataSource(String), idGeneratorDataSource(String)
10:47:16,448 [Thread-87] DEBUG org.activiti.engine.impl.persistence.entity.ExecutionEntity.insertExecution  - ==&gt;  Preparing: insert into ACT_RU_EXECUTION (ID_, REV_, PROC_INST_ID_, BUSINESS_KEY_, PROC_DEF_ID_, ACT_ID_, IS_ACTIVE_, IS_CONCURRENT_, IS_SCOPE_,IS_EVENT_SCOPE_, PARENT_ID_, SUPER_EXEC_, SUSPENSION_STATE_, CACHED_ENT_STATE_, TENANT_ID_, NAME_) values ( ?, 1, ?, ?, ?, ?, ?, ?, ?, ?, ?, ?, ?, ?, ?, ? ) 
10:47:16,448 [Thread-95] DEBUG org.apache.ibatis.datasource.pooled.PooledDataSource  - Waiting as long as 20000 milliseconds for connection.
10:47:16,448 [Thread-87] DEBUG org.activiti.engine.impl.persistence.entity.ExecutionEntity.insertExecution  - ==&gt; Parameters: 95(String), 95(String), null, idGeneratorDataSource:1:3(String), javaService(String), true(Boolean), false(Boolean), true(Boolean), false(Boolean), null, null, 1(Integer), 2(Integer), (String), null
10:47:16,448 [Thread-82] DEBUG org.activiti.engine.impl.persistence.entity.ProcessDefinitionEntity.selectLatestProcessDefinitionByKey  - &lt;==      Total: 1
10:47:16,448 [Thread-87] DEBUG org.activiti.engine.impl.persistence.entity.ExecutionEntity.insertExecution  - &lt;==    Updates: 1
10:47:16,448 [Thread-94] DEBUG org.apache.ibatis.datasource.pooled.PooledDataSource  - Waiting as long as 20000 milliseconds for connection.
10:47:16,448 [Thread-87] DEBUG org.activiti.engine.impl.cfg.standalone.StandaloneMybatisTransactionContext  - firing event committing...
10:47:16,448 [Thread-87] DEBUG org.activiti.engine.impl.cfg.standalone.StandaloneMybatisTransactionContext  - committing the ibatis sql session...
10:47:16,448 [Thread-87] DEBUG org.apache.ibatis.transaction.jdbc.JdbcTransaction  - Committing JDBC Connection [conn55: url=jdbc:h2:mem:activiti user=SA]
10:47:16,448 [Thread-87] DEBUG org.activiti.engine.impl.cfg.standalone.StandaloneMybatisTransactionContext  - firing event committed...
10:47:16,448 [Thread-87] DEBUG org.apache.ibatis.transaction.jdbc.JdbcTransaction  - Resetting autocommit to true on JDBC Connection [conn55: url=jdbc:h2:mem:activiti user=SA]
10:47:16,449 [Thread-87] DEBUG org.apache.ibatis.transaction.jdbc.JdbcTransaction  - Closing JDBC Connection [conn55: url=jdbc:h2:mem:activiti user=SA]
10:47:16,448 [Thread-82] DEBUG org.activiti.engine.impl.interceptor.LogInterceptor  - 

10:47:16,449 [Thread-82] DEBUG org.activiti.engine.impl.interceptor.LogInterceptor  - --- starting GetNextIdBlockCmd --------------------------------------------------------
10:47:16,448 [Thread-97] DEBUG org.apache.ibatis.datasource.pooled.PooledDataSource  - Waiting as long as 20000 milliseconds for connection.
10:47:16,449 [Thread-82] DEBUG org.apache.ibatis.transaction.jdbc.JdbcTransaction  - Opening JDBC Connection
10:47:16,449 [Thread-82] DEBUG org.apache.ibatis.datasource.pooled.PooledDataSource  - Checked out connection 1094226572 from pool.
10:47:16,449 [Thread-85] DEBUG org.apache.ibatis.datasource.pooled.PooledDataSource  - Waiting as long as 20000 milliseconds for connection.
10:47:16,449 [Thread-82] DEBUG org.apache.ibatis.transaction.jdbc.JdbcTransaction  - Setting autocommit to false on JDBC Connection [conn54: url=jdbc:h2:mem:activiti user=SA]
10:47:16,449 [Thread-100] DEBUG org.apache.ibatis.datasource.pooled.PooledDataSource  - Waiting as long as 20000 milliseconds for connection.
10:47:16,449 [Thread-82] DEBUG org.activiti.engine.impl.persistence.entity.PropertyEntity.selectProperty  - ==&gt;  Preparing: select * from ACT_GE_PROPERTY where NAME_ = ? 
10:47:16,449 [Thread-99] DEBUG org.apache.ibatis.datasource.pooled.PooledDataSource  - Waiting as long as 20000 milliseconds for connection.
10:47:16,449 [Thread-82] DEBUG org.activiti.engine.impl.persistence.entity.PropertyEntity.selectProperty  - ==&gt; Parameters: next.dbid(String)
10:47:16,449 [Thread-83] DEBUG org.apache.ibatis.datasource.pooled.PooledDataSource  - Waiting as long as 20000 milliseconds for connection.
10:47:16,449 [Thread-82] DEBUG org.activiti.engine.impl.persistence.entity.PropertyEntity.selectProperty  - &lt;==      Total: 1
10:47:16,449 [Thread-90] DEBUG org.apache.ibatis.datasource.pooled.PooledDataSource  - Waiting as long as 20000 milliseconds for connection.
10:47:16,449 [Thread-82] DEBUG org.activiti.engine.impl.db.DbSqlSession  -   update PropertyEntity[name=next.dbid, value=103]
10:47:16,449 [Thread-82] DEBUG org.activiti.engine.impl.db.DbSqlSession  - flush summary: 0 insert, 1 update, 0 delete.
10:47:16,449 [Thread-82] DEBUG org.activiti.engine.impl.db.DbSqlSession  - now executing flush...
10:47:16,449 [Thread-87] DEBUG org.apache.ibatis.datasource.pooled.PooledDataSource  - Returned connection 14606730 to pool.
10:47:16,449 [Thread-82] DEBUG org.activiti.engine.impl.db.DbSqlSession  - updating: PropertyEntity[name=next.dbid, value=103]
10:47:16,449 [Thread-87] DEBUG org.activiti.engine.impl.interceptor.LogInterceptor  - --- StartProcessInstanceCmd finished --------------------------------------------------------
10:47:16,449 [Thread-87] DEBUG org.activiti.engine.impl.interceptor.LogInterceptor  - 

10:47:16,449 [Thread-87] DEBUG org.activiti.engine.impl.interceptor.LogInterceptor  - 

10:47:16,449 [Thread-87] DEBUG org.activiti.engine.impl.interceptor.LogInterceptor  - --- starting StartProcessInstanceCmd --------------------------------------------------------
10:47:16,449 [Thread-96] DEBUG org.apache.ibatis.datasource.pooled.PooledDataSource  - Checked out connection 14606730 from pool.
10:47:16,449 [Thread-87] DEBUG org.apache.ibatis.transaction.jdbc.JdbcTransaction  - Opening JDBC Connection
10:47:16,449 [Thread-82] DEBUG org.activiti.engine.impl.persistence.entity.PropertyEntity.updateProperty  - ==&gt;  Preparing: update ACT_GE_PROPERTY SET REV_ = ?, VALUE_ = ? where NAME_ = ? and REV_ = ? 
10:47:16,449 [Thread-90] DEBUG org.apache.ibatis.datasource.pooled.PooledDataSource  - Waiting as long as 20000 milliseconds for connection.
10:47:16,449 [Thread-96] DEBUG org.apache.ibatis.transaction.jdbc.JdbcTransaction  - Setting autocommit to false on JDBC Connection [conn55: url=jdbc:h2:mem:activiti user=SA]
10:47:16,449 [Thread-83] DEBUG org.apache.ibatis.datasource.pooled.PooledDataSource  - Waiting as long as 20000 milliseconds for connection.
10:47:16,449 [Thread-82] DEBUG org.activiti.engine.impl.persistence.entity.PropertyEntity.updateProperty  - ==&gt; Parameters: 35(Integer), 103(String), next.dbid(String), 34(Integer)
10:47:16,450 [Thread-99] DEBUG org.apache.ibatis.datasource.pooled.PooledDataSource  - Waiting as long as 20000 milliseconds for connection.
10:47:16,449 [Thread-96] DEBUG org.activiti.engine.impl.persistence.entity.ProcessDefinitionEntity.selectLatestProcessDefinitionByKey  - ==&gt;  Preparing: select * from ACT_RE_PROCDEF where KEY_ = ? and (TENANT_ID_ = &apos;&apos; or TENANT_ID_ is null) and VERSION_ = (select max(VERSION_) from ACT_RE_PROCDEF where KEY_ = ? and (TENANT_ID_ = &apos;&apos; or TENANT_ID_ is null)) 
10:47:16,450 [Thread-100] DEBUG org.apache.ibatis.datasource.pooled.PooledDataSource  - Waiting as long as 20000 milliseconds for connection.
10:47:16,450 [Thread-82] DEBUG org.activiti.engine.impl.persistence.entity.PropertyEntity.updateProperty  - &lt;==    Updates: 1
10:47:16,450 [Thread-85] DEBUG org.apache.ibatis.datasource.pooled.PooledDataSource  - Waiting as long as 20000 milliseconds for connection.
10:47:16,450 [Thread-96] DEBUG org.activiti.engine.impl.persistence.entity.ProcessDefinitionEntity.selectLatestProcessDefinitionByKey  - ==&gt; Parameters: idGeneratorDataSource(String), idGeneratorDataSource(String)
10:47:16,450 [Thread-97] DEBUG org.apache.ibatis.datasource.pooled.PooledDataSource  - Waiting as long as 20000 milliseconds for connection.
10:47:16,450 [Thread-96] DEBUG org.activiti.engine.impl.persistence.entity.ProcessDefinitionEntity.selectLatestProcessDefinitionByKey  - &lt;==      Total: 1
10:47:16,450 [Thread-94] DEBUG org.apache.ibatis.datasource.pooled.PooledDataSource  - Waiting as long as 20000 milliseconds for connection.
10:47:16,450 [Thread-82] DEBUG org.activiti.engine.impl.cfg.standalone.StandaloneMybatisTransactionContext  - firing event committing...
10:47:16,450 [Thread-82] DEBUG org.activiti.engine.impl.cfg.standalone.StandaloneMybatisTransactionContext  - committing the ibatis sql session...
10:47:16,450 [Thread-82] DEBUG org.apache.ibatis.transaction.jdbc.JdbcTransaction  - Committing JDBC Connection [conn54: url=jdbc:h2:mem:activiti user=SA]
10:47:16,450 [Thread-82] DEBUG org.activiti.engine.impl.cfg.standalone.StandaloneMybatisTransactionContext  - firing event committed...
10:47:16,450 [Thread-82] DEBUG org.apache.ibatis.transaction.jdbc.JdbcTransaction  - Resetting autocommit to true on JDBC Connection [conn54: url=jdbc:h2:mem:activiti user=SA]
10:47:16,450 [Thread-82] DEBUG org.apache.ibatis.transaction.jdbc.JdbcTransaction  - Closing JDBC Connection [conn54: url=jdbc:h2:mem:activiti user=SA]
10:47:16,450 [Thread-82] DEBUG org.apache.ibatis.datasource.pooled.PooledDataSource  - Returned connection 1094226572 to pool.
10:47:16,450 [Thread-82] DEBUG org.activiti.engine.impl.interceptor.LogInterceptor  - --- GetNextIdBlockCmd finished --------------------------------------------------------
10:47:16,450 [Thread-82] DEBUG org.activiti.engine.impl.interceptor.LogInterceptor  - 

10:47:16,450 [Thread-95] DEBUG org.apache.ibatis.datasource.pooled.PooledDataSource  - Waiting as long as 20000 milliseconds for connection.
10:47:16,450 [Thread-93] DEBUG org.apache.ibatis.datasource.pooled.PooledDataSource  - Waiting as long as 20000 milliseconds for connection.
10:47:16,450 [Thread-82] DEBUG org.activiti.engine.impl.persistence.entity.ExecutionEntity  - initializing ProcessInstance[100]
10:47:16,450 [Thread-92] DEBUG org.apache.ibatis.datasource.pooled.PooledDataSource  - Waiting as long as 20000 milliseconds for connection.
10:47:16,450 [Thread-96] DEBUG org.activiti.engine.impl.persistence.entity.ExecutionEntity  - initializing ProcessInstance[101]
10:47:16,450 [Thread-96] DEBUG org.activiti.engine.impl.history.DefaultHistoryManager  - Current history level: FULL, level required: ACTIVITY
10:47:16,450 [Thread-88] DEBUG org.apache.ibatis.datasource.pooled.PooledDataSource  - Waiting as long as 20000 milliseconds for connection.
10:47:16,450 [Thread-82] DEBUG org.activiti.engine.impl.history.DefaultHistoryManager  - Current history level: FULL, level required: ACTIVITY
10:47:16,450 [Thread-89] DEBUG org.apache.ibatis.datasource.pooled.PooledDataSource  - Waiting as long as 20000 milliseconds for connection.
10:47:16,450 [Thread-96] DEBUG org.activiti.engine.impl.pvm.runtime.AtomicOperationActivityExecute  - ProcessInstance[101] executes Activity(theStart): org.activiti.engine.impl.bpmn.behavior.NoneStartEventActivityBehavior
10:47:16,450 [Thread-87] DEBUG org.apache.ibatis.datasource.pooled.PooledDataSource  - Waiting as long as 20000 milliseconds for connection.
10:47:16,450 [Thread-82] DEBUG org.activiti.engine.impl.interceptor.LogInterceptor  - 

10:47:16,451 [Thread-82] DEBUG org.activiti.engine.impl.interceptor.LogInterceptor  - --- starting GetNextIdBlockCmd --------------------------------------------------------
10:47:16,451 [Thread-96] DEBUG org.activiti.engine.impl.persistence.entity.JobEntity.selectJobsByExecutionId  - ==&gt;  Preparing: select * from ACT_RU_JOB J where J.EXECUTION_ID_ = ? 
10:47:16,451 [Thread-82] DEBUG org.apache.ibatis.transaction.jdbc.JdbcTransaction  - Opening JDBC Connection
10:47:16,451 [Thread-96] DEBUG org.activiti.engine.impl.persistence.entity.JobEntity.selectJobsByExecutionId  - ==&gt; Parameters: 101(String)
10:47:16,451 [Thread-82] DEBUG org.apache.ibatis.datasource.pooled.PooledDataSource  - Checked out connection 1094226572 from pool.
10:47:16,451 [Thread-96] DEBUG org.activiti.engine.impl.persistence.entity.JobEntity.selectJobsByExecutionId  - &lt;==      Total: 0
10:47:16,451 [Thread-82] DEBUG org.apache.ibatis.transaction.jdbc.JdbcTransaction  - Setting autocommit to false on JDBC Connection [conn54: url=jdbc:h2:mem:activiti user=SA]
10:47:16,451 [Thread-82] DEBUG org.activiti.engine.impl.persistence.entity.PropertyEntity.selectProperty  - ==&gt;  Preparing: select * from ACT_GE_PROPERTY where NAME_ = ? 
10:47:16,451 [Thread-96] DEBUG org.activiti.engine.impl.bpmn.behavior.BpmnActivityBehavior  - Leaving activity &apos;theStart&apos;
10:47:16,451 [Thread-82] DEBUG org.activiti.engine.impl.persistence.entity.PropertyEntity.selectProperty  - ==&gt; Parameters: next.dbid(String)
10:47:16,451 [Thread-96] DEBUG org.activiti.engine.impl.history.DefaultHistoryManager  - Current history level: FULL, level required: ACTIVITY
10:47:16,451 [Thread-82] DEBUG org.activiti.engine.impl.persistence.entity.PropertyEntity.selectProperty  - &lt;==      Total: 1
10:47:16,451 [Thread-96] DEBUG org.activiti.engine.impl.pvm.runtime.AtomicOperationTransitionNotifyListenerTake  - ProcessInstance[101] takes transition (theStart)--flow1--&gt;(javaService)
10:47:16,451 [Thread-82] DEBUG org.activiti.engine.impl.db.DbSqlSession  -   update PropertyEntity[name=next.dbid, value=106]
10:47:16,451 [Thread-82] DEBUG org.activiti.engine.impl.db.DbSqlSession  - flush summary: 0 insert, 1 update, 0 delete.
10:47:16,451 [Thread-82] DEBUG org.activiti.engine.impl.db.DbSqlSession  - now executing flush...
10:47:16,451 [Thread-96] DEBUG org.activiti.engine.impl.history.DefaultHistoryManager  - Current history level: FULL, level required: ACTIVITY
10:47:16,451 [Thread-82] DEBUG org.activiti.engine.impl.db.DbSqlSession  - updating: PropertyEntity[name=next.dbid, value=106]
10:47:16,451 [Thread-82] DEBUG org.activiti.engine.impl.persistence.entity.PropertyEntity.updateProperty  - ==&gt;  Preparing: update ACT_GE_PROPERTY SET REV_ = ?, VALUE_ = ? where NAME_ = ? and REV_ = ? 
10:47:16,451 [Thread-82] DEBUG org.activiti.engine.impl.persistence.entity.PropertyEntity.updateProperty  - ==&gt; Parameters: 36(Integer), 106(String), next.dbid(String), 35(Integer)
10:47:16,451 [Thread-82] DEBUG org.activiti.engine.impl.persistence.entity.PropertyEntity.updateProperty  - &lt;==    Updates: 1
10:47:16,451 [Thread-82] DEBUG org.activiti.engine.impl.cfg.standalone.StandaloneMybatisTransactionContext  - firing event committing...
10:47:16,451 [Thread-82] DEBUG org.activiti.engine.impl.cfg.standalone.StandaloneMybatisTransactionContext  - committing the ibatis sql session...
10:47:16,451 [Thread-82] DEBUG org.apache.ibatis.transaction.jdbc.JdbcTransaction  - Committing JDBC Connection [conn54: url=jdbc:h2:mem:activiti user=SA]
10:47:16,451 [Thread-82] DEBUG org.activiti.engine.impl.cfg.standalone.StandaloneMybatisTransactionContext  - firing event committed...
10:47:16,451 [Thread-82] DEBUG org.apache.ibatis.transaction.jdbc.JdbcTransaction  - Resetting autocommit to true on JDBC Connection [conn54: url=jdbc:h2:mem:activiti user=SA]
10:47:16,451 [Thread-82] DEBUG org.apache.ibatis.transaction.jdbc.JdbcTransaction  - Closing JDBC Connection [conn54: url=jdbc:h2:mem:activiti user=SA]
10:47:16,451 [Thread-82] DEBUG org.apache.ibatis.datasource.pooled.PooledDataSource  - Returned connection 1094226572 to pool.
10:47:16,451 [Thread-82] DEBUG org.activiti.engine.impl.interceptor.LogInterceptor  - --- GetNextIdBlockCmd finished --------------------------------------------------------
10:47:16,451 [Thread-82] DEBUG org.activiti.engine.impl.interceptor.LogInterceptor  - 

10:47:16,451 [Thread-82] DEBUG org.activiti.engine.impl.pvm.runtime.AtomicOperationActivityExecute  - ProcessInstance[100] executes Activity(theStart): org.activiti.engine.impl.bpmn.behavior.NoneStartEventActivityBehavior
10:47:16,451 [Thread-96] DEBUG org.activiti.engine.impl.pvm.runtime.AtomicOperationActivityExecute  - ProcessInstance[101] executes Activity(javaService): org.activiti.engine.impl.bpmn.helper.ClassDelegate
10:47:16,451 [Thread-82] DEBUG org.activiti.engine.impl.persistence.entity.JobEntity.selectJobsByExecutionId  - ==&gt;  Preparing: select * from ACT_RU_JOB J where J.EXECUTION_ID_ = ? 
10:47:16,452 [Thread-96] DEBUG org.activiti.engine.impl.db.DbSqlSession  -   insert ProcessInstance[101]
10:47:16,452 [Thread-96] DEBUG org.activiti.engine.impl.db.DbSqlSession  -   insert HistoricProcessInstanceEntity[superProcessInstanceId=null]
10:47:16,452 [Thread-96] DEBUG org.activiti.engine.impl.db.DbSqlSession  -   insert HistoricActivityInstanceEntity[activityId=theStart, activityName=null]
10:47:16,452 [Thread-96] DEBUG org.activiti.engine.impl.db.DbSqlSession  -   insert HistoricActivityInstanceEntity[activityId=javaService, activityName=Java service invocation]
10:47:16,452 [Thread-96] DEBUG org.activiti.engine.impl.db.DbSqlSession  - flush summary: 4 insert, 0 update, 0 delete.
10:47:16,452 [Thread-96] DEBUG org.activiti.engine.impl.db.DbSqlSession  - now executing flush...
10:47:16,452 [Thread-96] DEBUG org.activiti.engine.impl.db.DbSqlSession  - inserting: HistoricProcessInstanceEntity[superProcessInstanceId=null]
10:47:16,452 [Thread-82] DEBUG org.activiti.engine.impl.persistence.entity.JobEntity.selectJobsByExecutionId  - ==&gt; Parameters: 100(String)
10:47:16,452 [Thread-96] DEBUG org.activiti.engine.impl.persistence.entity.HistoricProcessInstanceEntity.insertHistoricProcessInstance  - ==&gt;  Preparing: insert into ACT_HI_PROCINST ( ID_, PROC_INST_ID_, BUSINESS_KEY_, PROC_DEF_ID_, START_TIME_, END_TIME_, DURATION_, START_USER_ID_, START_ACT_ID_, END_ACT_ID_, SUPER_PROCESS_INSTANCE_ID_, DELETE_REASON_, TENANT_ID_, NAME_ ) values ( ?, ?, ?, ?, ?, ?, ?, ?, ?, ?, ?, ?, ?, ? ) 
10:47:16,452 [Thread-82] DEBUG org.activiti.engine.impl.persistence.entity.JobEntity.selectJobsByExecutionId  - &lt;==      Total: 0
10:47:16,452 [Thread-96] DEBUG org.activiti.engine.impl.persistence.entity.HistoricProcessInstanceEntity.insertHistoricProcessInstance  - ==&gt; Parameters: 101(String), 101(String), null, idGeneratorDataSource:1:3(String), 2015-01-01 00:00:00.0(Timestamp), null, null, null, theStart(String), null, null, null, (String), null
10:47:16,452 [Thread-82] DEBUG org.activiti.engine.impl.bpmn.behavior.BpmnActivityBehavior  - Leaving activity &apos;theStart&apos;
10:47:16,452 [Thread-96] DEBUG org.activiti.engine.impl.persistence.entity.HistoricProcessInstanceEntity.insertHistoricProcessInstance  - &lt;==    Updates: 1
10:47:16,452 [Thread-82] DEBUG org.activiti.engine.impl.history.DefaultHistoryManager  - Current history level: FULL, level required: ACTIVITY
10:47:16,452 [Thread-82] DEBUG org.activiti.engine.impl.pvm.runtime.AtomicOperationTransitionNotifyListenerTake  - ProcessInstance[100] takes transition (theStart)--flow1--&gt;(javaService)
10:47:16,452 [Thread-82] DEBUG org.activiti.engine.impl.history.DefaultHistoryManager  - Current history level: FULL, level required: ACTIVITY
10:47:16,452 [Thread-96] DEBUG org.activiti.engine.impl.persistence.entity.HistoricActivityInstanceEntity.bulkInsertHistoricActivityInstance  - ==&gt;  Preparing: insert into ACT_HI_ACTINST ( ID_, PROC_DEF_ID_, PROC_INST_ID_, EXECUTION_ID_, ACT_ID_, TASK_ID_, CALL_PROC_INST_ID_, ACT_NAME_, ACT_TYPE_, ASSIGNEE_, START_TIME_, END_TIME_, DURATION_, TENANT_ID_ ) values (?, ?, ?, ?, ?, ?, ?, ?, ?, ?, ?, ?, ?, ?) , (?, ?, ?, ?, ?, ?, ?, ?, ?, ?, ?, ?, ?, ?) 
10:47:16,452 [Thread-82] DEBUG org.activiti.engine.impl.pvm.runtime.AtomicOperationActivityExecute  - ProcessInstance[100] executes Activity(javaService): org.activiti.engine.impl.bpmn.helper.ClassDelegate
10:47:16,452 [Thread-82] DEBUG org.activiti.engine.impl.db.DbSqlSession  -   insert ProcessInstance[100]
10:47:16,452 [Thread-82] DEBUG org.activiti.engine.impl.db.DbSqlSession  -   insert HistoricProcessInstanceEntity[superProcessInstanceId=null]
10:47:16,452 [Thread-82] DEBUG org.activiti.engine.impl.db.DbSqlSession  -   insert HistoricActivityInstanceEntity[activityId=theStart, activityName=null]
10:47:16,452 [Thread-82] DEBUG org.activiti.engine.impl.db.DbSqlSession  -   insert HistoricActivityInstanceEntity[activityId=javaService, activityName=Java service invocation]
10:47:16,452 [Thread-82] DEBUG org.activiti.engine.impl.db.DbSqlSession  - flush summary: 4 insert, 0 update, 0 delete.
10:47:16,452 [Thread-82] DEBUG org.activiti.engine.impl.db.DbSqlSession  - now executing flush...
10:47:16,452 [Thread-82] DEBUG org.activiti.engine.impl.db.DbSqlSession  - inserting: HistoricProcessInstanceEntity[superProcessInstanceId=null]
10:47:16,452 [Thread-96] DEBUG org.activiti.engine.impl.persistence.entity.HistoricActivityInstanceEntity.bulkInsertHistoricActivityInstance  - ==&gt; Parameters: 102(String), idGeneratorDataSource:1:3(String), 101(String), 101(String), theStart(String), null, null, null, startEvent(String), null, 2015-01-01 00:00:00.0(Timestamp), 2015-01-01 00:00:00.0(Timestamp), 0(Long), (String), 104(String), idGeneratorDataSource:1:3(String), 101(String), 101(String), javaService(String), null, null, Java service invocation(String), serviceTask(String), null, 2015-01-01 00:00:00.0(Timestamp), null, null, (String)
10:47:16,452 [Thread-82] DEBUG org.activiti.engine.impl.persistence.entity.HistoricProcessInstanceEntity.insertHistoricProcessInstance  - ==&gt;  Preparing: insert into ACT_HI_PROCINST ( ID_, PROC_INST_ID_, BUSINESS_KEY_, PROC_DEF_ID_, START_TIME_, END_TIME_, DURATION_, START_USER_ID_, START_ACT_ID_, END_ACT_ID_, SUPER_PROCESS_INSTANCE_ID_, DELETE_REASON_, TENANT_ID_, NAME_ ) values ( ?, ?, ?, ?, ?, ?, ?, ?, ?, ?, ?, ?, ?, ? ) 
10:47:16,452 [Thread-96] DEBUG org.activiti.engine.impl.persistence.entity.HistoricActivityInstanceEntity.bulkInsertHistoricActivityInstance  - &lt;==    Updates: 2
10:47:16,452 [Thread-82] DEBUG org.activiti.engine.impl.persistence.entity.HistoricProcessInstanceEntity.insertHistoricProcessInstance  - ==&gt; Parameters: 100(String), 100(String), null, idGeneratorDataSource:1:3(String), 2015-01-01 00:00:00.0(Timestamp), null, null, null, theStart(String), null, null, null, (String), null
10:47:16,452 [Thread-96] DEBUG org.activiti.engine.impl.db.DbSqlSession  - inserting: ProcessInstance[101]
10:47:16,452 [Thread-96] DEBUG org.activiti.engine.impl.persistence.entity.ExecutionEntity.insertExecution  - ==&gt;  Preparing: insert into ACT_RU_EXECUTION (ID_, REV_, PROC_INST_ID_, BUSINESS_KEY_, PROC_DEF_ID_, ACT_ID_, IS_ACTIVE_, IS_CONCURRENT_, IS_SCOPE_,IS_EVENT_SCOPE_, PARENT_ID_, SUPER_EXEC_, SUSPENSION_STATE_, CACHED_ENT_STATE_, TENANT_ID_, NAME_) values ( ?, 1, ?, ?, ?, ?, ?, ?, ?, ?, ?, ?, ?, ?, ?, ? ) 
10:47:16,452 [Thread-96] DEBUG org.activiti.engine.impl.persistence.entity.ExecutionEntity.insertExecution  - ==&gt; Parameters: 101(String), 101(String), null, idGeneratorDataSource:1:3(String), javaService(String), true(Boolean), false(Boolean), true(Boolean), false(Boolean), null, null, 1(Integer), 2(Integer), (String), null
10:47:16,452 [Thread-96] DEBUG org.activiti.engine.impl.persistence.entity.ExecutionEntity.insertExecution  - &lt;==    Updates: 1
10:47:16,452 [Thread-96] DEBUG org.activiti.engine.impl.cfg.standalone.StandaloneMybatisTransactionContext  - firing event committing...
10:47:16,452 [Thread-96] DEBUG org.activiti.engine.impl.cfg.standalone.StandaloneMybatisTransactionContext  - committing the ibatis sql session...
10:47:16,453 [Thread-96] DEBUG org.apache.ibatis.transaction.jdbc.JdbcTransaction  - Committing JDBC Connection [conn55: url=jdbc:h2:mem:activiti user=SA]
10:47:16,453 [Thread-96] DEBUG org.activiti.engine.impl.cfg.standalone.StandaloneMybatisTransactionContext  - firing event committed...
10:47:16,453 [Thread-96] DEBUG org.apache.ibatis.transaction.jdbc.JdbcTransaction  - Resetting autocommit to true on JDBC Connection [conn55: url=jdbc:h2:mem:activiti user=SA]
10:47:16,453 [Thread-96] DEBUG org.apache.ibatis.transaction.jdbc.JdbcTransaction  - Closing JDBC Connection [conn55: url=jdbc:h2:mem:activiti user=SA]
10:47:16,453 [Thread-96] DEBUG org.apache.ibatis.datasource.pooled.PooledDataSource  - Returned connection 14606730 to pool.
10:47:16,453 [Thread-82] DEBUG org.activiti.engine.impl.persistence.entity.HistoricProcessInstanceEntity.insertHistoricProcessInstance  - &lt;==    Updates: 1
10:47:16,453 [Thread-87] DEBUG org.apache.ibatis.datasource.pooled.PooledDataSource  - Checked out connection 14606730 from pool.
10:47:16,453 [Thread-96] DEBUG org.activiti.engine.impl.interceptor.LogInterceptor  - --- StartProcessInstanceCmd finished --------------------------------------------------------
10:47:16,453 [Thread-96] DEBUG org.activiti.engine.impl.interceptor.LogInterceptor  - 

10:47:16,453 [Thread-82] DEBUG org.activiti.engine.impl.persistence.entity.HistoricActivityInstanceEntity.bulkInsertHistoricActivityInstance  - ==&gt;  Preparing: insert into ACT_HI_ACTINST ( ID_, PROC_DEF_ID_, PROC_INST_ID_, EXECUTION_ID_, ACT_ID_, TASK_ID_, CALL_PROC_INST_ID_, ACT_NAME_, ACT_TYPE_, ASSIGNEE_, START_TIME_, END_TIME_, DURATION_, TENANT_ID_ ) values (?, ?, ?, ?, ?, ?, ?, ?, ?, ?, ?, ?, ?, ?) , (?, ?, ?, ?, ?, ?, ?, ?, ?, ?, ?, ?, ?, ?) 
10:47:16,453 [Thread-89] DEBUG org.apache.ibatis.datasource.pooled.PooledDataSource  - Waiting as long as 20000 milliseconds for connection.
10:47:16,453 [Thread-87] DEBUG org.apache.ibatis.transaction.jdbc.JdbcTransaction  - Setting autocommit to false on JDBC Connection [conn55: url=jdbc:h2:mem:activiti user=SA]
10:47:16,453 [Thread-88] DEBUG org.apache.ibatis.datasource.pooled.PooledDataSource  - Waiting as long as 20000 milliseconds for connection.
10:47:16,453 [Thread-82] DEBUG org.activiti.engine.impl.persistence.entity.HistoricActivityInstanceEntity.bulkInsertHistoricActivityInstance  - ==&gt; Parameters: 103(String), idGeneratorDataSource:1:3(String), 100(String), 100(String), theStart(String), null, null, null, startEvent(String), null, 2015-01-01 00:00:00.0(Timestamp), 2015-01-01 00:00:00.0(Timestamp), 0(Long), (String), 105(String), idGeneratorDataSource:1:3(String), 100(String), 100(String), javaService(String), null, null, Java service invocation(String), serviceTask(String), null, 2015-01-01 00:00:00.0(Timestamp), null, null, (String)
10:47:16,453 [Thread-92] DEBUG org.apache.ibatis.datasource.pooled.PooledDataSource  - Waiting as long as 20000 milliseconds for connection.
10:47:16,453 [Thread-87] DEBUG org.activiti.engine.impl.persistence.entity.ProcessDefinitionEntity.selectLatestProcessDefinitionByKey  - ==&gt;  Preparing: select * from ACT_RE_PROCDEF where KEY_ = ? and (TENANT_ID_ = &apos;&apos; or TENANT_ID_ is null) and VERSION_ = (select max(VERSION_) from ACT_RE_PROCDEF where KEY_ = ? and (TENANT_ID_ = &apos;&apos; or TENANT_ID_ is null)) 
10:47:16,453 [Thread-93] DEBUG org.apache.ibatis.datasource.pooled.PooledDataSource  - Waiting as long as 20000 milliseconds for connection.
10:47:16,453 [Thread-82] DEBUG org.activiti.engine.impl.persistence.entity.HistoricActivityInstanceEntity.bulkInsertHistoricActivityInstance  - &lt;==    Updates: 2
10:47:16,453 [Thread-82] DEBUG org.activiti.engine.impl.db.DbSqlSession  - inserting: ProcessInstance[100]
10:47:16,453 [Thread-95] DEBUG org.apache.ibatis.datasource.pooled.PooledDataSource  - Waiting as long as 20000 milliseconds for connection.
10:47:16,453 [Thread-87] DEBUG org.activiti.engine.impl.persistence.entity.ProcessDefinitionEntity.selectLatestProcessDefinitionByKey  - ==&gt; Parameters: idGeneratorDataSource(String), idGeneratorDataSource(String)
10:47:16,453 [Thread-94] DEBUG org.apache.ibatis.datasource.pooled.PooledDataSource  - Waiting as long as 20000 milliseconds for connection.
10:47:16,453 [Thread-87] DEBUG org.activiti.engine.impl.persistence.entity.ProcessDefinitionEntity.selectLatestProcessDefinitionByKey  - &lt;==      Total: 1
10:47:16,453 [Thread-82] DEBUG org.activiti.engine.impl.persistence.entity.ExecutionEntity.insertExecution  - ==&gt;  Preparing: insert into ACT_RU_EXECUTION (ID_, REV_, PROC_INST_ID_, BUSINESS_KEY_, PROC_DEF_ID_, ACT_ID_, IS_ACTIVE_, IS_CONCURRENT_, IS_SCOPE_,IS_EVENT_SCOPE_, PARENT_ID_, SUPER_EXEC_, SUSPENSION_STATE_, CACHED_ENT_STATE_, TENANT_ID_, NAME_) values ( ?, 1, ?, ?, ?, ?, ?, ?, ?, ?, ?, ?, ?, ?, ?, ? ) 
10:47:16,453 [Thread-87] DEBUG org.activiti.engine.impl.interceptor.LogInterceptor  - 

10:47:16,453 [Thread-97] DEBUG org.apache.ibatis.datasource.pooled.PooledDataSource  - Waiting as long as 20000 milliseconds for connection.
10:47:16,453 [Thread-87] DEBUG org.activiti.engine.impl.interceptor.LogInterceptor  - --- starting GetNextIdBlockCmd --------------------------------------------------------
10:47:16,453 [Thread-82] DEBUG org.activiti.engine.impl.persistence.entity.ExecutionEntity.insertExecution  - ==&gt; Parameters: 100(String), 100(String), null, idGeneratorDataSource:1:3(String), javaService(String), true(Boolean), false(Boolean), true(Boolean), false(Boolean), null, null, 1(Integer), 2(Integer), (String), null
10:47:16,453 [Thread-87] DEBUG org.apache.ibatis.transaction.jdbc.JdbcTransaction  - Opening JDBC Connection
10:47:16,454 [Thread-87] DEBUG org.apache.ibatis.datasource.pooled.PooledDataSource  - Checked out connection 1094226572 from pool.
10:47:16,453 [Thread-85] DEBUG org.apache.ibatis.datasource.pooled.PooledDataSource  - Waiting as long as 20000 milliseconds for connection.
10:47:16,454 [Thread-87] DEBUG org.apache.ibatis.transaction.jdbc.JdbcTransaction  - Setting autocommit to false on JDBC Connection [conn54: url=jdbc:h2:mem:activiti user=SA]
10:47:16,454 [Thread-87] DEBUG org.activiti.engine.impl.persistence.entity.PropertyEntity.selectProperty  - ==&gt;  Preparing: select * from ACT_GE_PROPERTY where NAME_ = ? 
10:47:16,454 [Thread-82] DEBUG org.activiti.engine.impl.persistence.entity.ExecutionEntity.insertExecution  - &lt;==    Updates: 1
10:47:16,454 [Thread-87] DEBUG org.activiti.engine.impl.persistence.entity.PropertyEntity.selectProperty  - ==&gt; Parameters: next.dbid(String)
10:47:16,454 [Thread-100] DEBUG org.apache.ibatis.datasource.pooled.PooledDataSource  - Waiting as long as 20000 milliseconds for connection.
10:47:16,454 [Thread-87] DEBUG org.activiti.engine.impl.persistence.entity.PropertyEntity.selectProperty  - &lt;==      Total: 1
10:47:16,454 [Thread-82] DEBUG org.activiti.engine.impl.cfg.standalone.StandaloneMybatisTransactionContext  - firing event committing...
10:47:16,454 [Thread-82] DEBUG org.activiti.engine.impl.cfg.standalone.StandaloneMybatisTransactionContext  - committing the ibatis sql session...
10:47:16,454 [Thread-82] DEBUG org.apache.ibatis.transaction.jdbc.JdbcTransaction  - Committing JDBC Connection [conn53: url=jdbc:h2:mem:activiti user=SA]
10:47:16,454 [Thread-87] DEBUG org.activiti.engine.impl.db.DbSqlSession  -   update PropertyEntity[name=next.dbid, value=109]
10:47:16,454 [Thread-87] DEBUG org.activiti.engine.impl.db.DbSqlSession  - flush summary: 0 insert, 1 update, 0 delete.
10:47:16,454 [Thread-87] DEBUG org.activiti.engine.impl.db.DbSqlSession  - now executing flush...
10:47:16,454 [Thread-99] DEBUG org.apache.ibatis.datasource.pooled.PooledDataSource  - Waiting as long as 20000 milliseconds for connection.
10:47:16,454 [Thread-87] DEBUG org.activiti.engine.impl.db.DbSqlSession  - updating: PropertyEntity[name=next.dbid, value=109]
10:47:16,454 [Thread-82] DEBUG org.activiti.engine.impl.cfg.standalone.StandaloneMybatisTransactionContext  - firing event committed...
10:47:16,454 [Thread-87] DEBUG org.activiti.engine.impl.persistence.entity.PropertyEntity.updateProperty  - ==&gt;  Preparing: update ACT_GE_PROPERTY SET REV_ = ?, VALUE_ = ? where NAME_ = ? and REV_ = ? 
10:47:16,454 [Thread-83] DEBUG org.apache.ibatis.datasource.pooled.PooledDataSource  - Waiting as long as 20000 milliseconds for connection.
10:47:16,454 [Thread-87] DEBUG org.activiti.engine.impl.persistence.entity.PropertyEntity.updateProperty  - ==&gt; Parameters: 37(Integer), 109(String), next.dbid(String), 36(Integer)
10:47:16,454 [Thread-82] DEBUG org.apache.ibatis.transaction.jdbc.JdbcTransaction  - Resetting autocommit to true on JDBC Connection [conn53: url=jdbc:h2:mem:activiti user=SA]
10:47:16,454 [Thread-87] DEBUG org.activiti.engine.impl.persistence.entity.PropertyEntity.updateProperty  - &lt;==    Updates: 1
10:47:16,454 [Thread-90] DEBUG org.apache.ibatis.datasource.pooled.PooledDataSource  - Waiting as long as 20000 milliseconds for connection.
10:47:16,454 [Thread-87] DEBUG org.activiti.engine.impl.cfg.standalone.StandaloneMybatisTransactionContext  - firing event committing...
10:47:16,454 [Thread-87] DEBUG org.activiti.engine.impl.cfg.standalone.StandaloneMybatisTransactionContext  - committing the ibatis sql session...
10:47:16,454 [Thread-87] DEBUG org.apache.ibatis.transaction.jdbc.JdbcTransaction  - Committing JDBC Connection [conn54: url=jdbc:h2:mem:activiti user=SA]
10:47:16,455 [Thread-87] DEBUG org.activiti.engine.impl.cfg.standalone.StandaloneMybatisTransactionContext  - firing event committed...
10:47:16,455 [Thread-87] DEBUG org.apache.ibatis.transaction.jdbc.JdbcTransaction  - Resetting autocommit to true on JDBC Connection [conn54: url=jdbc:h2:mem:activiti user=SA]
10:47:16,455 [Thread-87] DEBUG org.apache.ibatis.transaction.jdbc.JdbcTransaction  - Closing JDBC Connection [conn54: url=jdbc:h2:mem:activiti user=SA]
10:47:16,454 [Thread-82] DEBUG org.apache.ibatis.transaction.jdbc.JdbcTransaction  - Closing JDBC Connection [conn53: url=jdbc:h2:mem:activiti user=SA]
10:47:16,455 [Thread-82] DEBUG org.apache.ibatis.datasource.pooled.PooledDataSource  - Returned connection 826925275 to pool.
10:47:16,455 [Thread-87] DEBUG org.apache.ibatis.datasource.pooled.PooledDataSource  - Returned connection 1094226572 to pool.
10:47:16,455 [Thread-87] DEBUG org.activiti.engine.impl.interceptor.LogInterceptor  - --- GetNextIdBlockCmd finished --------------------------------------------------------
10:47:16,455 [Thread-87] DEBUG org.activiti.engine.impl.interceptor.LogInterceptor  - 

10:47:16,455 [Thread-82] DEBUG org.activiti.engine.impl.interceptor.LogInterceptor  - --- StartProcessInstanceCmd finished --------------------------------------------------------
10:47:16,455 [Thread-82] DEBUG org.activiti.engine.impl.interceptor.LogInterceptor  - 

10:47:16,455 [Thread-82] DEBUG org.activiti.engine.impl.interceptor.LogInterceptor  - 

10:47:16,455 [Thread-82] DEBUG org.activiti.engine.impl.interceptor.LogInterceptor  - --- starting StartProcessInstanceCmd --------------------------------------------------------
10:47:16,455 [Thread-90] DEBUG org.apache.ibatis.datasource.pooled.PooledDataSource  - Checked out connection 826925275 from pool.
10:47:16,455 [Thread-82] DEBUG org.apache.ibatis.transaction.jdbc.JdbcTransaction  - Opening JDBC Connection
10:47:16,455 [Thread-87] DEBUG org.activiti.engine.impl.persistence.entity.ExecutionEntity  - initializing ProcessInstance[106]
10:47:16,455 [Thread-83] DEBUG org.apache.ibatis.datasource.pooled.PooledDataSource  - Waiting as long as 20000 milliseconds for connection.
10:47:16,455 [Thread-90] DEBUG org.apache.ibatis.transaction.jdbc.JdbcTransaction  - Setting autocommit to false on JDBC Connection [conn53: url=jdbc:h2:mem:activiti user=SA]
10:47:16,455 [Thread-99] DEBUG org.apache.ibatis.datasource.pooled.PooledDataSource  - Waiting as long as 20000 milliseconds for connection.
10:47:16,455 [Thread-87] DEBUG org.activiti.engine.impl.history.DefaultHistoryManager  - Current history level: FULL, level required: ACTIVITY
10:47:16,455 [Thread-100] DEBUG org.apache.ibatis.datasource.pooled.PooledDataSource  - Waiting as long as 20000 milliseconds for connection.
10:47:16,455 [Thread-87] DEBUG org.activiti.engine.impl.pvm.runtime.AtomicOperationActivityExecute  - ProcessInstance[106] executes Activity(theStart): org.activiti.engine.impl.bpmn.behavior.NoneStartEventActivityBehavior
10:47:16,455 [Thread-90] DEBUG org.activiti.engine.impl.persistence.entity.ProcessDefinitionEntity.selectLatestProcessDefinitionByKey  - ==&gt;  Preparing: select * from ACT_RE_PROCDEF where KEY_ = ? and (TENANT_ID_ = &apos;&apos; or TENANT_ID_ is null) and VERSION_ = (select max(VERSION_) from ACT_RE_PROCDEF where KEY_ = ? and (TENANT_ID_ = &apos;&apos; or TENANT_ID_ is null)) 
10:47:16,455 [Thread-87] DEBUG org.activiti.engine.impl.persistence.entity.JobEntity.selectJobsByExecutionId  - ==&gt;  Preparing: select * from ACT_RU_JOB J where J.EXECUTION_ID_ = ? 
10:47:16,455 [Thread-85] DEBUG org.apache.ibatis.datasource.pooled.PooledDataSource  - Waiting as long as 20000 milliseconds for connection.
10:47:16,455 [Thread-87] DEBUG org.activiti.engine.impl.persistence.entity.JobEntity.selectJobsByExecutionId  - ==&gt; Parameters: 106(String)
10:47:16,455 [Thread-90] DEBUG org.activiti.engine.impl.persistence.entity.ProcessDefinitionEntity.selectLatestProcessDefinitionByKey  - ==&gt; Parameters: idGeneratorDataSource(String), idGeneratorDataSource(String)
10:47:16,455 [Thread-87] DEBUG org.activiti.engine.impl.persistence.entity.JobEntity.selectJobsByExecutionId  - &lt;==      Total: 0
10:47:16,456 [Thread-90] DEBUG org.activiti.engine.impl.persistence.entity.ProcessDefinitionEntity.selectLatestProcessDefinitionByKey  - &lt;==      Total: 1
10:47:16,455 [Thread-97] DEBUG org.apache.ibatis.datasource.pooled.PooledDataSource  - Waiting as long as 20000 milliseconds for connection.
10:47:16,456 [Thread-90] DEBUG org.activiti.engine.impl.persistence.entity.ExecutionEntity  - initializing ProcessInstance[108]
10:47:16,456 [Thread-87] DEBUG org.activiti.engine.impl.bpmn.behavior.BpmnActivityBehavior  - Leaving activity &apos;theStart&apos;
10:47:16,456 [Thread-90] DEBUG org.activiti.engine.impl.history.DefaultHistoryManager  - Current history level: FULL, level required: ACTIVITY
10:47:16,456 [Thread-94] DEBUG org.apache.ibatis.datasource.pooled.PooledDataSource  - Waiting as long as 20000 milliseconds for connection.
10:47:16,456 [Thread-90] DEBUG org.activiti.engine.impl.interceptor.LogInterceptor  - 

10:47:16,456 [Thread-90] DEBUG org.activiti.engine.impl.interceptor.LogInterceptor  - --- starting GetNextIdBlockCmd --------------------------------------------------------
10:47:16,456 [Thread-87] DEBUG org.activiti.engine.impl.history.DefaultHistoryManager  - Current history level: FULL, level required: ACTIVITY
10:47:16,456 [Thread-90] DEBUG org.apache.ibatis.transaction.jdbc.JdbcTransaction  - Opening JDBC Connection
10:47:16,456 [Thread-95] DEBUG org.apache.ibatis.datasource.pooled.PooledDataSource  - Waiting as long as 20000 milliseconds for connection.
10:47:16,456 [Thread-90] DEBUG org.apache.ibatis.datasource.pooled.PooledDataSource  - Checked out connection 1094226572 from pool.
10:47:16,456 [Thread-87] DEBUG org.activiti.engine.impl.pvm.runtime.AtomicOperationTransitionNotifyListenerTake  - ProcessInstance[106] takes transition (theStart)--flow1--&gt;(javaService)
10:47:16,456 [Thread-90] DEBUG org.apache.ibatis.transaction.jdbc.JdbcTransaction  - Setting autocommit to false on JDBC Connection [conn54: url=jdbc:h2:mem:activiti user=SA]
10:47:16,456 [Thread-90] DEBUG org.activiti.engine.impl.persistence.entity.PropertyEntity.selectProperty  - ==&gt;  Preparing: select * from ACT_GE_PROPERTY where NAME_ = ? 
10:47:16,456 [Thread-93] DEBUG org.apache.ibatis.datasource.pooled.PooledDataSource  - Waiting as long as 20000 milliseconds for connection.
10:47:16,456 [Thread-90] DEBUG org.activiti.engine.impl.persistence.entity.PropertyEntity.selectProperty  - ==&gt; Parameters: next.dbid(String)
10:47:16,456 [Thread-87] DEBUG org.activiti.engine.impl.history.DefaultHistoryManager  - Current history level: FULL, level required: ACTIVITY
10:47:16,456 [Thread-90] DEBUG org.activiti.engine.impl.persistence.entity.PropertyEntity.selectProperty  - &lt;==      Total: 1
10:47:16,456 [Thread-92] DEBUG org.apache.ibatis.datasource.pooled.PooledDataSource  - Waiting as long as 20000 milliseconds for connection.
10:47:16,456 [Thread-90] DEBUG org.activiti.engine.impl.db.DbSqlSession  -   update PropertyEntity[name=next.dbid, value=112]
10:47:16,456 [Thread-90] DEBUG org.activiti.engine.impl.db.DbSqlSession  - flush summary: 0 insert, 1 update, 0 delete.
10:47:16,456 [Thread-90] DEBUG org.activiti.engine.impl.db.DbSqlSession  - now executing flush...
10:47:16,456 [Thread-88] DEBUG org.apache.ibatis.datasource.pooled.PooledDataSource  - Waiting as long as 20000 milliseconds for connection.
10:47:16,456 [Thread-90] DEBUG org.activiti.engine.impl.db.DbSqlSession  - updating: PropertyEntity[name=next.dbid, value=112]
10:47:16,456 [Thread-89] DEBUG org.apache.ibatis.datasource.pooled.PooledDataSource  - Waiting as long as 20000 milliseconds for connection.
10:47:16,456 [Thread-90] DEBUG org.activiti.engine.impl.persistence.entity.PropertyEntity.updateProperty  - ==&gt;  Preparing: update ACT_GE_PROPERTY SET REV_ = ?, VALUE_ = ? where NAME_ = ? and REV_ = ? 
10:47:16,457 [Thread-82] DEBUG org.apache.ibatis.datasource.pooled.PooledDataSource  - Waiting as long as 20000 milliseconds for connection.
10:47:16,457 [Thread-90] DEBUG org.activiti.engine.impl.persistence.entity.PropertyEntity.updateProperty  - ==&gt; Parameters: 38(Integer), 112(String), next.dbid(String), 37(Integer)
10:47:16,457 [Thread-90] DEBUG org.activiti.engine.impl.persistence.entity.PropertyEntity.updateProperty  - &lt;==    Updates: 1
10:47:16,457 [Thread-90] DEBUG org.activiti.engine.impl.cfg.standalone.StandaloneMybatisTransactionContext  - firing event committing...
10:47:16,457 [Thread-90] DEBUG org.activiti.engine.impl.cfg.standalone.StandaloneMybatisTransactionContext  - committing the ibatis sql session...
10:47:16,457 [Thread-90] DEBUG org.apache.ibatis.transaction.jdbc.JdbcTransaction  - Committing JDBC Connection [conn54: url=jdbc:h2:mem:activiti user=SA]
10:47:16,457 [Thread-90] DEBUG org.activiti.engine.impl.cfg.standalone.StandaloneMybatisTransactionContext  - firing event committed...
10:47:16,457 [Thread-90] DEBUG org.apache.ibatis.transaction.jdbc.JdbcTransaction  - Resetting autocommit to true on JDBC Connection [conn54: url=jdbc:h2:mem:activiti user=SA]
10:47:16,457 [Thread-90] DEBUG org.apache.ibatis.transaction.jdbc.JdbcTransaction  - Closing JDBC Connection [conn54: url=jdbc:h2:mem:activiti user=SA]
10:47:16,457 [Thread-90] DEBUG org.apache.ibatis.datasource.pooled.PooledDataSource  - Returned connection 1094226572 to pool.
10:47:16,457 [Thread-90] DEBUG org.activiti.engine.impl.interceptor.LogInterceptor  - --- GetNextIdBlockCmd finished --------------------------------------------------------
10:47:16,457 [Thread-90] DEBUG org.activiti.engine.impl.interceptor.LogInterceptor  - 

10:47:16,457 [Thread-90] DEBUG org.activiti.engine.impl.pvm.runtime.AtomicOperationActivityExecute  - ProcessInstance[108] executes Activity(theStart): org.activiti.engine.impl.bpmn.behavior.NoneStartEventActivityBehavior
10:47:16,457 [Thread-87] DEBUG org.activiti.engine.impl.pvm.runtime.AtomicOperationActivityExecute  - ProcessInstance[106] executes Activity(javaService): org.activiti.engine.impl.bpmn.helper.ClassDelegate
10:47:16,457 [Thread-90] DEBUG org.activiti.engine.impl.persistence.entity.JobEntity.selectJobsByExecutionId  - ==&gt;  Preparing: select * from ACT_RU_JOB J where J.EXECUTION_ID_ = ? 
10:47:16,457 [Thread-87] DEBUG org.activiti.engine.impl.db.DbSqlSession  -   insert ProcessInstance[106]
10:47:16,457 [Thread-87] DEBUG org.activiti.engine.impl.db.DbSqlSession  -   insert HistoricProcessInstanceEntity[superProcessInstanceId=null]
10:47:16,457 [Thread-87] DEBUG org.activiti.engine.impl.db.DbSqlSession  -   insert HistoricActivityInstanceEntity[activityId=theStart, activityName=null]
10:47:16,457 [Thread-87] DEBUG org.activiti.engine.impl.db.DbSqlSession  -   insert HistoricActivityInstanceEntity[activityId=javaService, activityName=Java service invocation]
10:47:16,457 [Thread-87] DEBUG org.activiti.engine.impl.db.DbSqlSession  - flush summary: 4 insert, 0 update, 0 delete.
10:47:16,457 [Thread-87] DEBUG org.activiti.engine.impl.db.DbSqlSession  - now executing flush...
10:47:16,457 [Thread-87] DEBUG org.activiti.engine.impl.db.DbSqlSession  - inserting: HistoricProcessInstanceEntity[superProcessInstanceId=null]
10:47:16,457 [Thread-90] DEBUG org.activiti.engine.impl.persistence.entity.JobEntity.selectJobsByExecutionId  - ==&gt; Parameters: 108(String)
10:47:16,457 [Thread-87] DEBUG org.activiti.engine.impl.persistence.entity.HistoricProcessInstanceEntity.insertHistoricProcessInstance  - ==&gt;  Preparing: insert into ACT_HI_PROCINST ( ID_, PROC_INST_ID_, BUSINESS_KEY_, PROC_DEF_ID_, START_TIME_, END_TIME_, DURATION_, START_USER_ID_, START_ACT_ID_, END_ACT_ID_, SUPER_PROCESS_INSTANCE_ID_, DELETE_REASON_, TENANT_ID_, NAME_ ) values ( ?, ?, ?, ?, ?, ?, ?, ?, ?, ?, ?, ?, ?, ? ) 
10:47:16,457 [Thread-90] DEBUG org.activiti.engine.impl.persistence.entity.JobEntity.selectJobsByExecutionId  - &lt;==      Total: 0
10:47:16,457 [Thread-87] DEBUG org.activiti.engine.impl.persistence.entity.HistoricProcessInstanceEntity.insertHistoricProcessInstance  - ==&gt; Parameters: 106(String), 106(String), null, idGeneratorDataSource:1:3(String), 2015-01-01 00:00:00.0(Timestamp), null, null, null, theStart(String), null, null, null, (String), null
10:47:16,457 [Thread-90] DEBUG org.activiti.engine.impl.bpmn.behavior.BpmnActivityBehavior  - Leaving activity &apos;theStart&apos;
10:47:16,457 [Thread-87] DEBUG org.activiti.engine.impl.persistence.entity.HistoricProcessInstanceEntity.insertHistoricProcessInstance  - &lt;==    Updates: 1
10:47:16,457 [Thread-90] DEBUG org.activiti.engine.impl.history.DefaultHistoryManager  - Current history level: FULL, level required: ACTIVITY
10:47:16,457 [Thread-90] DEBUG org.activiti.engine.impl.pvm.runtime.AtomicOperationTransitionNotifyListenerTake  - ProcessInstance[108] takes transition (theStart)--flow1--&gt;(javaService)
10:47:16,457 [Thread-90] DEBUG org.activiti.engine.impl.history.DefaultHistoryManager  - Current history level: FULL, level required: ACTIVITY
10:47:16,457 [Thread-90] DEBUG org.activiti.engine.impl.pvm.runtime.AtomicOperationActivityExecute  - ProcessInstance[108] executes Activity(javaService): org.activiti.engine.impl.bpmn.helper.ClassDelegate
10:47:16,457 [Thread-87] DEBUG org.activiti.engine.impl.persistence.entity.HistoricActivityInstanceEntity.bulkInsertHistoricActivityInstance  - ==&gt;  Preparing: insert into ACT_HI_ACTINST ( ID_, PROC_DEF_ID_, PROC_INST_ID_, EXECUTION_ID_, ACT_ID_, TASK_ID_, CALL_PROC_INST_ID_, ACT_NAME_, ACT_TYPE_, ASSIGNEE_, START_TIME_, END_TIME_, DURATION_, TENANT_ID_ ) values (?, ?, ?, ?, ?, ?, ?, ?, ?, ?, ?, ?, ?, ?) , (?, ?, ?, ?, ?, ?, ?, ?, ?, ?, ?, ?, ?, ?) 
10:47:16,457 [Thread-90] DEBUG org.activiti.engine.impl.db.DbSqlSession  -   insert ProcessInstance[108]
10:47:16,457 [Thread-90] DEBUG org.activiti.engine.impl.db.DbSqlSession  -   insert HistoricProcessInstanceEntity[superProcessInstanceId=null]
10:47:16,457 [Thread-90] DEBUG org.activiti.engine.impl.db.DbSqlSession  -   insert HistoricActivityInstanceEntity[activityId=theStart, activityName=null]
10:47:16,458 [Thread-90] DEBUG org.activiti.engine.impl.db.DbSqlSession  -   insert HistoricActivityInstanceEntity[activityId=javaService, activityName=Java service invocation]
10:47:16,458 [Thread-90] DEBUG org.activiti.engine.impl.db.DbSqlSession  - flush summary: 4 insert, 0 update, 0 delete.
10:47:16,458 [Thread-90] DEBUG org.activiti.engine.impl.db.DbSqlSession  - now executing flush...
10:47:16,458 [Thread-90] DEBUG org.activiti.engine.impl.db.DbSqlSession  - inserting: HistoricProcessInstanceEntity[superProcessInstanceId=null]
10:47:16,457 [Thread-87] DEBUG org.activiti.engine.impl.persistence.entity.HistoricActivityInstanceEntity.bulkInsertHistoricActivityInstance  - ==&gt; Parameters: 107(String), idGeneratorDataSource:1:3(String), 106(String), 106(String), theStart(String), null, null, null, startEvent(String), null, 2015-01-01 00:00:00.0(Timestamp), 2015-01-01 00:00:00.0(Timestamp), 0(Long), (String), 110(String), idGeneratorDataSource:1:3(String), 106(String), 106(String), javaService(String), null, null, Java service invocation(String), serviceTask(String), null, 2015-01-01 00:00:00.0(Timestamp), null, null, (String)
10:47:16,458 [Thread-90] DEBUG org.activiti.engine.impl.persistence.entity.HistoricProcessInstanceEntity.insertHistoricProcessInstance  - ==&gt;  Preparing: insert into ACT_HI_PROCINST ( ID_, PROC_INST_ID_, BUSINESS_KEY_, PROC_DEF_ID_, START_TIME_, END_TIME_, DURATION_, START_USER_ID_, START_ACT_ID_, END_ACT_ID_, SUPER_PROCESS_INSTANCE_ID_, DELETE_REASON_, TENANT_ID_, NAME_ ) values ( ?, ?, ?, ?, ?, ?, ?, ?, ?, ?, ?, ?, ?, ? ) 
10:47:16,458 [Thread-87] DEBUG org.activiti.engine.impl.persistence.entity.HistoricActivityInstanceEntity.bulkInsertHistoricActivityInstance  - &lt;==    Updates: 2
10:47:16,458 [Thread-87] DEBUG org.activiti.engine.impl.db.DbSqlSession  - inserting: ProcessInstance[106]
10:47:16,458 [Thread-90] DEBUG org.activiti.engine.impl.persistence.entity.HistoricProcessInstanceEntity.insertHistoricProcessInstance  - ==&gt; Parameters: 108(String), 108(String), null, idGeneratorDataSource:1:3(String), 2015-01-01 00:00:00.0(Timestamp), null, null, null, theStart(String), null, null, null, (String), null
10:47:16,458 [Thread-87] DEBUG org.activiti.engine.impl.persistence.entity.ExecutionEntity.insertExecution  - ==&gt;  Preparing: insert into ACT_RU_EXECUTION (ID_, REV_, PROC_INST_ID_, BUSINESS_KEY_, PROC_DEF_ID_, ACT_ID_, IS_ACTIVE_, IS_CONCURRENT_, IS_SCOPE_,IS_EVENT_SCOPE_, PARENT_ID_, SUPER_EXEC_, SUSPENSION_STATE_, CACHED_ENT_STATE_, TENANT_ID_, NAME_) values ( ?, 1, ?, ?, ?, ?, ?, ?, ?, ?, ?, ?, ?, ?, ?, ? ) 
10:47:16,458 [Thread-87] DEBUG org.activiti.engine.impl.persistence.entity.ExecutionEntity.insertExecution  - ==&gt; Parameters: 106(String), 106(String), null, idGeneratorDataSource:1:3(String), javaService(String), true(Boolean), false(Boolean), true(Boolean), false(Boolean), null, null, 1(Integer), 2(Integer), (String), null
10:47:16,458 [Thread-87] DEBUG org.activiti.engine.impl.persistence.entity.ExecutionEntity.insertExecution  - &lt;==    Updates: 1
10:47:16,458 [Thread-87] DEBUG org.activiti.engine.impl.cfg.standalone.StandaloneMybatisTransactionContext  - firing event committing...
10:47:16,458 [Thread-87] DEBUG org.activiti.engine.impl.cfg.standalone.StandaloneMybatisTransactionContext  - committing the ibatis sql session...
10:47:16,458 [Thread-87] DEBUG org.apache.ibatis.transaction.jdbc.JdbcTransaction  - Committing JDBC Connection [conn55: url=jdbc:h2:mem:activiti user=SA]
10:47:16,458 [Thread-87] DEBUG org.activiti.engine.impl.cfg.standalone.StandaloneMybatisTransactionContext  - firing event committed...
10:47:16,458 [Thread-87] DEBUG org.apache.ibatis.transaction.jdbc.JdbcTransaction  - Resetting autocommit to true on JDBC Connection [conn55: url=jdbc:h2:mem:activiti user=SA]
10:47:16,458 [Thread-87] DEBUG org.apache.ibatis.transaction.jdbc.JdbcTransaction  - Closing JDBC Connection [conn55: url=jdbc:h2:mem:activiti user=SA]
10:47:16,458 [Thread-87] DEBUG org.apache.ibatis.datasource.pooled.PooledDataSource  - Returned connection 14606730 to pool.
10:47:16,458 [Thread-90] DEBUG org.activiti.engine.impl.persistence.entity.HistoricProcessInstanceEntity.insertHistoricProcessInstance  - &lt;==    Updates: 1
10:47:16,458 [Thread-82] DEBUG org.apache.ibatis.datasource.pooled.PooledDataSource  - Checked out connection 14606730 from pool.
10:47:16,458 [Thread-87] DEBUG org.activiti.engine.impl.interceptor.LogInterceptor  - --- StartProcessInstanceCmd finished --------------------------------------------------------
10:47:16,458 [Thread-87] DEBUG org.activiti.engine.impl.interceptor.LogInterceptor  - 

10:47:16,458 [Thread-87] DEBUG org.activiti.engine.impl.interceptor.LogInterceptor  - 

10:47:16,458 [Thread-87] DEBUG org.activiti.engine.impl.interceptor.LogInterceptor  - --- starting StartProcessInstanceCmd --------------------------------------------------------
10:47:16,458 [Thread-89] DEBUG org.apache.ibatis.datasource.pooled.PooledDataSource  - Waiting as long as 20000 milliseconds for connection.
10:47:16,458 [Thread-82] DEBUG org.apache.ibatis.transaction.jdbc.JdbcTransaction  - Setting autocommit to false on JDBC Connection [conn55: url=jdbc:h2:mem:activiti user=SA]
10:47:16,458 [Thread-88] DEBUG org.apache.ibatis.datasource.pooled.PooledDataSource  - Waiting as long as 20000 milliseconds for connection.
10:47:16,458 [Thread-87] DEBUG org.apache.ibatis.transaction.jdbc.JdbcTransaction  - Opening JDBC Connection
10:47:16,458 [Thread-90] DEBUG org.activiti.engine.impl.persistence.entity.HistoricActivityInstanceEntity.bulkInsertHistoricActivityInstance  - ==&gt;  Preparing: insert into ACT_HI_ACTINST ( ID_, PROC_DEF_ID_, PROC_INST_ID_, EXECUTION_ID_, ACT_ID_, TASK_ID_, CALL_PROC_INST_ID_, ACT_NAME_, ACT_TYPE_, ASSIGNEE_, START_TIME_, END_TIME_, DURATION_, TENANT_ID_ ) values (?, ?, ?, ?, ?, ?, ?, ?, ?, ?, ?, ?, ?, ?) , (?, ?, ?, ?, ?, ?, ?, ?, ?, ?, ?, ?, ?, ?) 
10:47:16,458 [Thread-92] DEBUG org.apache.ibatis.datasource.pooled.PooledDataSource  - Waiting as long as 20000 milliseconds for connection.
10:47:16,459 [Thread-93] DEBUG org.apache.ibatis.datasource.pooled.PooledDataSource  - Waiting as long as 20000 milliseconds for connection.
10:47:16,458 [Thread-82] DEBUG org.activiti.engine.impl.persistence.entity.ProcessDefinitionEntity.selectLatestProcessDefinitionByKey  - ==&gt;  Preparing: select * from ACT_RE_PROCDEF where KEY_ = ? and (TENANT_ID_ = &apos;&apos; or TENANT_ID_ is null) and VERSION_ = (select max(VERSION_) from ACT_RE_PROCDEF where KEY_ = ? and (TENANT_ID_ = &apos;&apos; or TENANT_ID_ is null)) 
10:47:16,459 [Thread-95] DEBUG org.apache.ibatis.datasource.pooled.PooledDataSource  - Waiting as long as 20000 milliseconds for connection.
10:47:16,459 [Thread-90] DEBUG org.activiti.engine.impl.persistence.entity.HistoricActivityInstanceEntity.bulkInsertHistoricActivityInstance  - ==&gt; Parameters: 109(String), idGeneratorDataSource:1:3(String), 108(String), 108(String), theStart(String), null, null, null, startEvent(String), null, 2015-01-01 00:00:00.0(Timestamp), 2015-01-01 00:00:00.0(Timestamp), 0(Long), (String), 111(String), idGeneratorDataSource:1:3(String), 108(String), 108(String), javaService(String), null, null, Java service invocation(String), serviceTask(String), null, 2015-01-01 00:00:00.0(Timestamp), null, null, (String)
10:47:16,459 [Thread-94] DEBUG org.apache.ibatis.datasource.pooled.PooledDataSource  - Waiting as long as 20000 milliseconds for connection.
10:47:16,459 [Thread-82] DEBUG org.activiti.engine.impl.persistence.entity.ProcessDefinitionEntity.selectLatestProcessDefinitionByKey  - ==&gt; Parameters: idGeneratorDataSource(String), idGeneratorDataSource(String)
10:47:16,459 [Thread-97] DEBUG org.apache.ibatis.datasource.pooled.PooledDataSource  - Waiting as long as 20000 milliseconds for connection.
10:47:16,459 [Thread-90] DEBUG org.activiti.engine.impl.persistence.entity.HistoricActivityInstanceEntity.bulkInsertHistoricActivityInstance  - &lt;==    Updates: 2
10:47:16,459 [Thread-90] DEBUG org.activiti.engine.impl.db.DbSqlSession  - inserting: ProcessInstance[108]
10:47:16,459 [Thread-85] DEBUG org.apache.ibatis.datasource.pooled.PooledDataSource  - Waiting as long as 20000 milliseconds for connection.
10:47:16,459 [Thread-82] DEBUG org.activiti.engine.impl.persistence.entity.ProcessDefinitionEntity.selectLatestProcessDefinitionByKey  - &lt;==      Total: 1
10:47:16,459 [Thread-100] DEBUG org.apache.ibatis.datasource.pooled.PooledDataSource  - Waiting as long as 20000 milliseconds for connection.
10:47:16,459 [Thread-90] DEBUG org.activiti.engine.impl.persistence.entity.ExecutionEntity.insertExecution  - ==&gt;  Preparing: insert into ACT_RU_EXECUTION (ID_, REV_, PROC_INST_ID_, BUSINESS_KEY_, PROC_DEF_ID_, ACT_ID_, IS_ACTIVE_, IS_CONCURRENT_, IS_SCOPE_,IS_EVENT_SCOPE_, PARENT_ID_, SUPER_EXEC_, SUSPENSION_STATE_, CACHED_ENT_STATE_, TENANT_ID_, NAME_) values ( ?, 1, ?, ?, ?, ?, ?, ?, ?, ?, ?, ?, ?, ?, ?, ? ) 
10:47:16,459 [Thread-99] DEBUG org.apache.ibatis.datasource.pooled.PooledDataSource  - Waiting as long as 20000 milliseconds for connection.
10:47:16,459 [Thread-82] DEBUG org.activiti.engine.impl.interceptor.LogInterceptor  - 

10:47:16,459 [Thread-82] DEBUG org.activiti.engine.impl.interceptor.LogInterceptor  - --- starting GetNextIdBlockCmd --------------------------------------------------------
10:47:16,459 [Thread-83] DEBUG org.apache.ibatis.datasource.pooled.PooledDataSource  - Waiting as long as 20000 milliseconds for connection.
10:47:16,459 [Thread-90] DEBUG org.activiti.engine.impl.persistence.entity.ExecutionEntity.insertExecution  - ==&gt; Parameters: 108(String), 108(String), null, idGeneratorDataSource:1:3(String), javaService(String), true(Boolean), false(Boolean), true(Boolean), false(Boolean), null, null, 1(Integer), 2(Integer), (String), null
10:47:16,459 [Thread-87] DEBUG org.apache.ibatis.datasource.pooled.PooledDataSource  - Waiting as long as 20000 milliseconds for connection.
10:47:16,459 [Thread-82] DEBUG org.apache.ibatis.transaction.jdbc.JdbcTransaction  - Opening JDBC Connection
10:47:16,459 [Thread-82] DEBUG org.apache.ibatis.datasource.pooled.PooledDataSource  - Checked out connection 1094226572 from pool.
10:47:16,459 [Thread-90] DEBUG org.activiti.engine.impl.persistence.entity.ExecutionEntity.insertExecution  - &lt;==    Updates: 1
10:47:16,460 [Thread-82] DEBUG org.apache.ibatis.transaction.jdbc.JdbcTransaction  - Setting autocommit to false on JDBC Connection [conn54: url=jdbc:h2:mem:activiti user=SA]
10:47:16,460 [Thread-82] DEBUG org.activiti.engine.impl.persistence.entity.PropertyEntity.selectProperty  - ==&gt;  Preparing: select * from ACT_GE_PROPERTY where NAME_ = ? 
10:47:16,460 [Thread-90] DEBUG org.activiti.engine.impl.cfg.standalone.StandaloneMybatisTransactionContext  - firing event committing...
10:47:16,460 [Thread-90] DEBUG org.activiti.engine.impl.cfg.standalone.StandaloneMybatisTransactionContext  - committing the ibatis sql session...
10:47:16,460 [Thread-90] DEBUG org.apache.ibatis.transaction.jdbc.JdbcTransaction  - Committing JDBC Connection [conn53: url=jdbc:h2:mem:activiti user=SA]
10:47:16,460 [Thread-82] DEBUG org.activiti.engine.impl.persistence.entity.PropertyEntity.selectProperty  - ==&gt; Parameters: next.dbid(String)
10:47:16,460 [Thread-90] DEBUG org.activiti.engine.impl.cfg.standalone.StandaloneMybatisTransactionContext  - firing event committed...
10:47:16,460 [Thread-82] DEBUG org.activiti.engine.impl.persistence.entity.PropertyEntity.selectProperty  - &lt;==      Total: 1
10:47:16,460 [Thread-90] DEBUG org.apache.ibatis.transaction.jdbc.JdbcTransaction  - Resetting autocommit to true on JDBC Connection [conn53: url=jdbc:h2:mem:activiti user=SA]
10:47:16,460 [Thread-82] DEBUG org.activiti.engine.impl.db.DbSqlSession  -   update PropertyEntity[name=next.dbid, value=115]
10:47:16,460 [Thread-82] DEBUG org.activiti.engine.impl.db.DbSqlSession  - flush summary: 0 insert, 1 update, 0 delete.
10:47:16,460 [Thread-82] DEBUG org.activiti.engine.impl.db.DbSqlSession  - now executing flush...
10:47:16,460 [Thread-90] DEBUG org.apache.ibatis.transaction.jdbc.JdbcTransaction  - Closing JDBC Connection [conn53: url=jdbc:h2:mem:activiti user=SA]
10:47:16,460 [Thread-82] DEBUG org.activiti.engine.impl.db.DbSqlSession  - updating: PropertyEntity[name=next.dbid, value=115]
10:47:16,460 [Thread-90] DEBUG org.apache.ibatis.datasource.pooled.PooledDataSource  - Returned connection 826925275 to pool.
10:47:16,460 [Thread-82] DEBUG org.activiti.engine.impl.persistence.entity.PropertyEntity.updateProperty  - ==&gt;  Preparing: update ACT_GE_PROPERTY SET REV_ = ?, VALUE_ = ? where NAME_ = ? and REV_ = ? 
10:47:16,460 [Thread-87] DEBUG org.apache.ibatis.datasource.pooled.PooledDataSource  - Checked out connection 826925275 from pool.
10:47:16,460 [Thread-82] DEBUG org.activiti.engine.impl.persistence.entity.PropertyEntity.updateProperty  - ==&gt; Parameters: 39(Integer), 115(String), next.dbid(String), 38(Integer)
10:47:16,460 [Thread-90] DEBUG org.activiti.engine.impl.interceptor.LogInterceptor  - --- StartProcessInstanceCmd finished --------------------------------------------------------
10:47:16,460 [Thread-90] DEBUG org.activiti.engine.impl.interceptor.LogInterceptor  - 

10:47:16,460 [Thread-90] DEBUG org.activiti.engine.impl.interceptor.LogInterceptor  - 

10:47:16,460 [Thread-90] DEBUG org.activiti.engine.impl.interceptor.LogInterceptor  - --- starting StartProcessInstanceCmd --------------------------------------------------------
10:47:16,460 [Thread-82] DEBUG org.activiti.engine.impl.persistence.entity.PropertyEntity.updateProperty  - &lt;==    Updates: 1
10:47:16,460 [Thread-83] DEBUG org.apache.ibatis.datasource.pooled.PooledDataSource  - Waiting as long as 20000 milliseconds for connection.
10:47:16,460 [Thread-87] DEBUG org.apache.ibatis.transaction.jdbc.JdbcTransaction  - Setting autocommit to false on JDBC Connection [conn53: url=jdbc:h2:mem:activiti user=SA]
10:47:16,460 [Thread-99] DEBUG org.apache.ibatis.datasource.pooled.PooledDataSource  - Waiting as long as 20000 milliseconds for connection.
10:47:16,460 [Thread-82] DEBUG org.activiti.engine.impl.cfg.standalone.StandaloneMybatisTransactionContext  - firing event committing...
10:47:16,460 [Thread-82] DEBUG org.activiti.engine.impl.cfg.standalone.StandaloneMybatisTransactionContext  - committing the ibatis sql session...
10:47:16,460 [Thread-82] DEBUG org.apache.ibatis.transaction.jdbc.JdbcTransaction  - Committing JDBC Connection [conn54: url=jdbc:h2:mem:activiti user=SA]
10:47:16,460 [Thread-82] DEBUG org.activiti.engine.impl.cfg.standalone.StandaloneMybatisTransactionContext  - firing event committed...
10:47:16,460 [Thread-82] DEBUG org.apache.ibatis.transaction.jdbc.JdbcTransaction  - Resetting autocommit to true on JDBC Connection [conn54: url=jdbc:h2:mem:activiti user=SA]
10:47:16,460 [Thread-82] DEBUG org.apache.ibatis.transaction.jdbc.JdbcTransaction  - Closing JDBC Connection [conn54: url=jdbc:h2:mem:activiti user=SA]
10:47:16,460 [Thread-82] DEBUG org.apache.ibatis.datasource.pooled.PooledDataSource  - Returned connection 1094226572 to pool.
10:47:16,460 [Thread-82] DEBUG org.activiti.engine.impl.interceptor.LogInterceptor  - --- GetNextIdBlockCmd finished --------------------------------------------------------
10:47:16,460 [Thread-82] DEBUG org.activiti.engine.impl.interceptor.LogInterceptor  - 

10:47:16,461 [Thread-82] DEBUG org.activiti.engine.impl.persistence.entity.ExecutionEntity  - initializing ProcessInstance[112]
10:47:16,460 [Thread-90] DEBUG org.apache.ibatis.transaction.jdbc.JdbcTransaction  - Opening JDBC Connection
10:47:16,461 [Thread-82] DEBUG org.activiti.engine.impl.history.DefaultHistoryManager  - Current history level: FULL, level required: ACTIVITY
10:47:16,460 [Thread-100] DEBUG org.apache.ibatis.datasource.pooled.PooledDataSource  - Waiting as long as 20000 milliseconds for connection.
10:47:16,461 [Thread-82] DEBUG org.activiti.engine.impl.pvm.runtime.AtomicOperationActivityExecute  - ProcessInstance[112] executes Activity(theStart): org.activiti.engine.impl.bpmn.behavior.NoneStartEventActivityBehavior
10:47:16,460 [Thread-87] DEBUG org.activiti.engine.impl.persistence.entity.ProcessDefinitionEntity.selectLatestProcessDefinitionByKey  - ==&gt;  Preparing: select * from ACT_RE_PROCDEF where KEY_ = ? and (TENANT_ID_ = &apos;&apos; or TENANT_ID_ is null) and VERSION_ = (select max(VERSION_) from ACT_RE_PROCDEF where KEY_ = ? and (TENANT_ID_ = &apos;&apos; or TENANT_ID_ is null)) 
10:47:16,461 [Thread-82] DEBUG org.activiti.engine.impl.persistence.entity.JobEntity.selectJobsByExecutionId  - ==&gt;  Preparing: select * from ACT_RU_JOB J where J.EXECUTION_ID_ = ? 
10:47:16,461 [Thread-85] DEBUG org.apache.ibatis.datasource.pooled.PooledDataSource  - Waiting as long as 20000 milliseconds for connection.
10:47:16,461 [Thread-82] DEBUG org.activiti.engine.impl.persistence.entity.JobEntity.selectJobsByExecutionId  - ==&gt; Parameters: 112(String)
10:47:16,461 [Thread-87] DEBUG org.activiti.engine.impl.persistence.entity.ProcessDefinitionEntity.selectLatestProcessDefinitionByKey  - ==&gt; Parameters: idGeneratorDataSource(String), idGeneratorDataSource(String)
10:47:16,461 [Thread-82] DEBUG org.activiti.engine.impl.persistence.entity.JobEntity.selectJobsByExecutionId  - &lt;==      Total: 0
10:47:16,461 [Thread-82] DEBUG org.activiti.engine.impl.bpmn.behavior.BpmnActivityBehavior  - Leaving activity &apos;theStart&apos;
10:47:16,461 [Thread-97] DEBUG org.apache.ibatis.datasource.pooled.PooledDataSource  - Waiting as long as 20000 milliseconds for connection.
10:47:16,461 [Thread-82] DEBUG org.activiti.engine.impl.history.DefaultHistoryManager  - Current history level: FULL, level required: ACTIVITY
10:47:16,461 [Thread-87] DEBUG org.activiti.engine.impl.persistence.entity.ProcessDefinitionEntity.selectLatestProcessDefinitionByKey  - &lt;==      Total: 1
10:47:16,461 [Thread-82] DEBUG org.activiti.engine.impl.pvm.runtime.AtomicOperationTransitionNotifyListenerTake  - ProcessInstance[112] takes transition (theStart)--flow1--&gt;(javaService)
10:47:16,461 [Thread-94] DEBUG org.apache.ibatis.datasource.pooled.PooledDataSource  - Waiting as long as 20000 milliseconds for connection.
10:47:16,461 [Thread-82] DEBUG org.activiti.engine.impl.history.DefaultHistoryManager  - Current history level: FULL, level required: ACTIVITY
10:47:16,461 [Thread-82] DEBUG org.activiti.engine.impl.interceptor.LogInterceptor  - 

10:47:16,461 [Thread-82] DEBUG org.activiti.engine.impl.interceptor.LogInterceptor  - --- starting GetNextIdBlockCmd --------------------------------------------------------
10:47:16,461 [Thread-87] DEBUG org.activiti.engine.impl.persistence.entity.ExecutionEntity  - initializing ProcessInstance[114]
10:47:16,461 [Thread-82] DEBUG org.apache.ibatis.transaction.jdbc.JdbcTransaction  - Opening JDBC Connection
10:47:16,461 [Thread-82] DEBUG org.apache.ibatis.datasource.pooled.PooledDataSource  - Checked out connection 1094226572 from pool.
10:47:16,461 [Thread-95] DEBUG org.apache.ibatis.datasource.pooled.PooledDataSource  - Waiting as long as 20000 milliseconds for connection.
10:47:16,461 [Thread-82] DEBUG org.apache.ibatis.transaction.jdbc.JdbcTransaction  - Setting autocommit to false on JDBC Connection [conn54: url=jdbc:h2:mem:activiti user=SA]
10:47:16,461 [Thread-82] DEBUG org.activiti.engine.impl.persistence.entity.PropertyEntity.selectProperty  - ==&gt;  Preparing: select * from ACT_GE_PROPERTY where NAME_ = ? 
10:47:16,461 [Thread-87] DEBUG org.activiti.engine.impl.history.DefaultHistoryManager  - Current history level: FULL, level required: ACTIVITY
10:47:16,461 [Thread-82] DEBUG org.activiti.engine.impl.persistence.entity.PropertyEntity.selectProperty  - ==&gt; Parameters: next.dbid(String)
10:47:16,461 [Thread-93] DEBUG org.apache.ibatis.datasource.pooled.PooledDataSource  - Waiting as long as 20000 milliseconds for connection.
10:47:16,461 [Thread-82] DEBUG org.activiti.engine.impl.persistence.entity.PropertyEntity.selectProperty  - &lt;==      Total: 1
10:47:16,462 [Thread-92] DEBUG org.apache.ibatis.datasource.pooled.PooledDataSource  - Waiting as long as 20000 milliseconds for connection.
10:47:16,462 [Thread-82] DEBUG org.activiti.engine.impl.db.DbSqlSession  -   update PropertyEntity[name=next.dbid, value=118]
10:47:16,462 [Thread-82] DEBUG org.activiti.engine.impl.db.DbSqlSession  - flush summary: 0 insert, 1 update, 0 delete.
10:47:16,462 [Thread-82] DEBUG org.activiti.engine.impl.db.DbSqlSession  - now executing flush...
10:47:16,462 [Thread-88] DEBUG org.apache.ibatis.datasource.pooled.PooledDataSource  - Waiting as long as 20000 milliseconds for connection.
10:47:16,462 [Thread-82] DEBUG org.activiti.engine.impl.db.DbSqlSession  - updating: PropertyEntity[name=next.dbid, value=118]
10:47:16,462 [Thread-89] DEBUG org.apache.ibatis.datasource.pooled.PooledDataSource  - Waiting as long as 20000 milliseconds for connection.
10:47:16,462 [Thread-82] DEBUG org.activiti.engine.impl.persistence.entity.PropertyEntity.updateProperty  - ==&gt;  Preparing: update ACT_GE_PROPERTY SET REV_ = ?, VALUE_ = ? where NAME_ = ? and REV_ = ? 
10:47:16,462 [Thread-90] DEBUG org.apache.ibatis.datasource.pooled.PooledDataSource  - Waiting as long as 20000 milliseconds for connection.
10:47:16,462 [Thread-82] DEBUG org.activiti.engine.impl.persistence.entity.PropertyEntity.updateProperty  - ==&gt; Parameters: 40(Integer), 118(String), next.dbid(String), 39(Integer)
10:47:16,462 [Thread-82] DEBUG org.activiti.engine.impl.persistence.entity.PropertyEntity.updateProperty  - &lt;==    Updates: 1
10:47:16,462 [Thread-82] DEBUG org.activiti.engine.impl.cfg.standalone.StandaloneMybatisTransactionContext  - firing event committing...
10:47:16,462 [Thread-82] DEBUG org.activiti.engine.impl.cfg.standalone.StandaloneMybatisTransactionContext  - committing the ibatis sql session...
10:47:16,462 [Thread-82] DEBUG org.apache.ibatis.transaction.jdbc.JdbcTransaction  - Committing JDBC Connection [conn54: url=jdbc:h2:mem:activiti user=SA]
10:47:16,462 [Thread-82] DEBUG org.activiti.engine.impl.cfg.standalone.StandaloneMybatisTransactionContext  - firing event committed...
10:47:16,462 [Thread-82] DEBUG org.apache.ibatis.transaction.jdbc.JdbcTransaction  - Resetting autocommit to true on JDBC Connection [conn54: url=jdbc:h2:mem:activiti user=SA]
10:47:16,462 [Thread-82] DEBUG org.apache.ibatis.transaction.jdbc.JdbcTransaction  - Closing JDBC Connection [conn54: url=jdbc:h2:mem:activiti user=SA]
10:47:16,462 [Thread-82] DEBUG org.apache.ibatis.datasource.pooled.PooledDataSource  - Returned connection 1094226572 to pool.
10:47:16,462 [Thread-82] DEBUG org.activiti.engine.impl.interceptor.LogInterceptor  - --- GetNextIdBlockCmd finished --------------------------------------------------------
10:47:16,462 [Thread-82] DEBUG org.activiti.engine.impl.interceptor.LogInterceptor  - 

10:47:16,462 [Thread-82] DEBUG org.activiti.engine.impl.pvm.runtime.AtomicOperationActivityExecute  - ProcessInstance[112] executes Activity(javaService): org.activiti.engine.impl.bpmn.helper.ClassDelegate
10:47:16,462 [Thread-87] DEBUG org.activiti.engine.impl.pvm.runtime.AtomicOperationActivityExecute  - ProcessInstance[114] executes Activity(theStart): org.activiti.engine.impl.bpmn.behavior.NoneStartEventActivityBehavior
10:47:16,462 [Thread-82] DEBUG org.activiti.engine.impl.db.DbSqlSession  -   insert ProcessInstance[112]
10:47:16,462 [Thread-82] DEBUG org.activiti.engine.impl.db.DbSqlSession  -   insert HistoricProcessInstanceEntity[superProcessInstanceId=null]
10:47:16,462 [Thread-82] DEBUG org.activiti.engine.impl.db.DbSqlSession  -   insert HistoricActivityInstanceEntity[activityId=theStart, activityName=null]
10:47:16,462 [Thread-82] DEBUG org.activiti.engine.impl.db.DbSqlSession  -   insert HistoricActivityInstanceEntity[activityId=javaService, activityName=Java service invocation]
10:47:16,462 [Thread-82] DEBUG org.activiti.engine.impl.db.DbSqlSession  - flush summary: 4 insert, 0 update, 0 delete.
10:47:16,462 [Thread-82] DEBUG org.activiti.engine.impl.db.DbSqlSession  - now executing flush...
10:47:16,462 [Thread-82] DEBUG org.activiti.engine.impl.db.DbSqlSession  - inserting: HistoricProcessInstanceEntity[superProcessInstanceId=null]
10:47:16,462 [Thread-87] DEBUG org.activiti.engine.impl.persistence.entity.JobEntity.selectJobsByExecutionId  - ==&gt;  Preparing: select * from ACT_RU_JOB J where J.EXECUTION_ID_ = ? 
10:47:16,463 [Thread-82] DEBUG org.activiti.engine.impl.persistence.entity.HistoricProcessInstanceEntity.insertHistoricProcessInstance  - ==&gt;  Preparing: insert into ACT_HI_PROCINST ( ID_, PROC_INST_ID_, BUSINESS_KEY_, PROC_DEF_ID_, START_TIME_, END_TIME_, DURATION_, START_USER_ID_, START_ACT_ID_, END_ACT_ID_, SUPER_PROCESS_INSTANCE_ID_, DELETE_REASON_, TENANT_ID_, NAME_ ) values ( ?, ?, ?, ?, ?, ?, ?, ?, ?, ?, ?, ?, ?, ? ) 
10:47:16,463 [Thread-87] DEBUG org.activiti.engine.impl.persistence.entity.JobEntity.selectJobsByExecutionId  - ==&gt; Parameters: 114(String)
10:47:16,463 [Thread-82] DEBUG org.activiti.engine.impl.persistence.entity.HistoricProcessInstanceEntity.insertHistoricProcessInstance  - ==&gt; Parameters: 112(String), 112(String), null, idGeneratorDataSource:1:3(String), 2015-01-01 00:00:00.0(Timestamp), null, null, null, theStart(String), null, null, null, (String), null
10:47:16,463 [Thread-87] DEBUG org.activiti.engine.impl.persistence.entity.JobEntity.selectJobsByExecutionId  - &lt;==      Total: 0
10:47:16,463 [Thread-82] DEBUG org.activiti.engine.impl.persistence.entity.HistoricProcessInstanceEntity.insertHistoricProcessInstance  - &lt;==    Updates: 1
10:47:16,463 [Thread-87] DEBUG org.activiti.engine.impl.bpmn.behavior.BpmnActivityBehavior  - Leaving activity &apos;theStart&apos;
10:47:16,463 [Thread-87] DEBUG org.activiti.engine.impl.history.DefaultHistoryManager  - Current history level: FULL, level required: ACTIVITY
10:47:16,463 [Thread-87] DEBUG org.activiti.engine.impl.pvm.runtime.AtomicOperationTransitionNotifyListenerTake  - ProcessInstance[114] takes transition (theStart)--flow1--&gt;(javaService)
10:47:16,463 [Thread-87] DEBUG org.activiti.engine.impl.history.DefaultHistoryManager  - Current history level: FULL, level required: ACTIVITY
10:47:16,463 [Thread-82] DEBUG org.activiti.engine.impl.persistence.entity.HistoricActivityInstanceEntity.bulkInsertHistoricActivityInstance  - ==&gt;  Preparing: insert into ACT_HI_ACTINST ( ID_, PROC_DEF_ID_, PROC_INST_ID_, EXECUTION_ID_, ACT_ID_, TASK_ID_, CALL_PROC_INST_ID_, ACT_NAME_, ACT_TYPE_, ASSIGNEE_, START_TIME_, END_TIME_, DURATION_, TENANT_ID_ ) values (?, ?, ?, ?, ?, ?, ?, ?, ?, ?, ?, ?, ?, ?) , (?, ?, ?, ?, ?, ?, ?, ?, ?, ?, ?, ?, ?, ?) 
10:47:16,463 [Thread-87] DEBUG org.activiti.engine.impl.pvm.runtime.AtomicOperationActivityExecute  - ProcessInstance[114] executes Activity(javaService): org.activiti.engine.impl.bpmn.helper.ClassDelegate
10:47:16,463 [Thread-87] DEBUG org.activiti.engine.impl.db.DbSqlSession  -   insert ProcessInstance[114]
10:47:16,463 [Thread-87] DEBUG org.activiti.engine.impl.db.DbSqlSession  -   insert HistoricProcessInstanceEntity[superProcessInstanceId=null]
10:47:16,463 [Thread-87] DEBUG org.activiti.engine.impl.db.DbSqlSession  -   insert HistoricActivityInstanceEntity[activityId=theStart, activityName=null]
10:47:16,463 [Thread-87] DEBUG org.activiti.engine.impl.db.DbSqlSession  -   insert HistoricActivityInstanceEntity[activityId=javaService, activityName=Java service invocation]
10:47:16,463 [Thread-87] DEBUG org.activiti.engine.impl.db.DbSqlSession  - flush summary: 4 insert, 0 update, 0 delete.
10:47:16,463 [Thread-87] DEBUG org.activiti.engine.impl.db.DbSqlSession  - now executing flush...
10:47:16,463 [Thread-87] DEBUG org.activiti.engine.impl.db.DbSqlSession  - inserting: HistoricProcessInstanceEntity[superProcessInstanceId=null]
10:47:16,463 [Thread-82] DEBUG org.activiti.engine.impl.persistence.entity.HistoricActivityInstanceEntity.bulkInsertHistoricActivityInstance  - ==&gt; Parameters: 113(String), idGeneratorDataSource:1:3(String), 112(String), 112(String), theStart(String), null, null, null, startEvent(String), null, 2015-01-01 00:00:00.0(Timestamp), 2015-01-01 00:00:00.0(Timestamp), 0(Long), (String), 115(String), idGeneratorDataSource:1:3(String), 112(String), 112(String), javaService(String), null, null, Java service invocation(String), serviceTask(String), null, 2015-01-01 00:00:00.0(Timestamp), null, null, (String)
10:47:16,463 [Thread-87] DEBUG org.activiti.engine.impl.persistence.entity.HistoricProcessInstanceEntity.insertHistoricProcessInstance  - ==&gt;  Preparing: insert into ACT_HI_PROCINST ( ID_, PROC_INST_ID_, BUSINESS_KEY_, PROC_DEF_ID_, START_TIME_, END_TIME_, DURATION_, START_USER_ID_, START_ACT_ID_, END_ACT_ID_, SUPER_PROCESS_INSTANCE_ID_, DELETE_REASON_, TENANT_ID_, NAME_ ) values ( ?, ?, ?, ?, ?, ?, ?, ?, ?, ?, ?, ?, ?, ? ) 
10:47:16,463 [Thread-82] DEBUG org.activiti.engine.impl.persistence.entity.HistoricActivityInstanceEntity.bulkInsertHistoricActivityInstance  - &lt;==    Updates: 2
10:47:16,463 [Thread-82] DEBUG org.activiti.engine.impl.db.DbSqlSession  - inserting: ProcessInstance[112]
10:47:16,463 [Thread-87] DEBUG org.activiti.engine.impl.persistence.entity.HistoricProcessInstanceEntity.insertHistoricProcessInstance  - ==&gt; Parameters: 114(String), 114(String), null, idGeneratorDataSource:1:3(String), 2015-01-01 00:00:00.0(Timestamp), null, null, null, theStart(String), null, null, null, (String), null
10:47:16,463 [Thread-82] DEBUG org.activiti.engine.impl.persistence.entity.ExecutionEntity.insertExecution  - ==&gt;  Preparing: insert into ACT_RU_EXECUTION (ID_, REV_, PROC_INST_ID_, BUSINESS_KEY_, PROC_DEF_ID_, ACT_ID_, IS_ACTIVE_, IS_CONCURRENT_, IS_SCOPE_,IS_EVENT_SCOPE_, PARENT_ID_, SUPER_EXEC_, SUSPENSION_STATE_, CACHED_ENT_STATE_, TENANT_ID_, NAME_) values ( ?, 1, ?, ?, ?, ?, ?, ?, ?, ?, ?, ?, ?, ?, ?, ? ) 
10:47:16,464 [Thread-82] DEBUG org.activiti.engine.impl.persistence.entity.ExecutionEntity.insertExecution  - ==&gt; Parameters: 112(String), 112(String), null, idGeneratorDataSource:1:3(String), javaService(String), true(Boolean), false(Boolean), true(Boolean), false(Boolean), null, null, 1(Integer), 2(Integer), (String), null
10:47:16,464 [Thread-82] DEBUG org.activiti.engine.impl.persistence.entity.ExecutionEntity.insertExecution  - &lt;==    Updates: 1
10:47:16,464 [Thread-82] DEBUG org.activiti.engine.impl.cfg.standalone.StandaloneMybatisTransactionContext  - firing event committing...
10:47:16,464 [Thread-82] DEBUG org.activiti.engine.impl.cfg.standalone.StandaloneMybatisTransactionContext  - committing the ibatis sql session...
10:47:16,464 [Thread-82] DEBUG org.apache.ibatis.transaction.jdbc.JdbcTransaction  - Committing JDBC Connection [conn55: url=jdbc:h2:mem:activiti user=SA]
10:47:16,464 [Thread-82] DEBUG org.activiti.engine.impl.cfg.standalone.StandaloneMybatisTransactionContext  - firing event committed...
10:47:16,464 [Thread-87] DEBUG org.activiti.engine.impl.persistence.entity.HistoricProcessInstanceEntity.insertHistoricProcessInstance  - &lt;==    Updates: 1
10:47:16,464 [Thread-82] DEBUG org.apache.ibatis.transaction.jdbc.JdbcTransaction  - Resetting autocommit to true on JDBC Connection [conn55: url=jdbc:h2:mem:activiti user=SA]
10:47:16,464 [Thread-82] DEBUG org.apache.ibatis.transaction.jdbc.JdbcTransaction  - Closing JDBC Connection [conn55: url=jdbc:h2:mem:activiti user=SA]
10:47:16,464 [Thread-82] DEBUG org.apache.ibatis.datasource.pooled.PooledDataSource  - Returned connection 14606730 to pool.
10:47:16,464 [Thread-82] DEBUG org.activiti.engine.impl.interceptor.LogInterceptor  - --- StartProcessInstanceCmd finished --------------------------------------------------------
10:47:16,464 [Thread-82] DEBUG org.activiti.engine.impl.interceptor.LogInterceptor  - 

10:47:16,464 [Thread-82] DEBUG org.activiti.engine.impl.interceptor.LogInterceptor  - 

10:47:16,464 [Thread-82] DEBUG org.activiti.engine.impl.interceptor.LogInterceptor  - --- starting StartProcessInstanceCmd --------------------------------------------------------
10:47:16,464 [Thread-90] DEBUG org.apache.ibatis.datasource.pooled.PooledDataSource  - Checked out connection 14606730 from pool.
10:47:16,464 [Thread-82] DEBUG org.apache.ibatis.transaction.jdbc.JdbcTransaction  - Opening JDBC Connection
10:47:16,464 [Thread-87] DEBUG org.activiti.engine.impl.persistence.entity.HistoricActivityInstanceEntity.bulkInsertHistoricActivityInstance  - ==&gt;  Preparing: insert into ACT_HI_ACTINST ( ID_, PROC_DEF_ID_, PROC_INST_ID_, EXECUTION_ID_, ACT_ID_, TASK_ID_, CALL_PROC_INST_ID_, ACT_NAME_, ACT_TYPE_, ASSIGNEE_, START_TIME_, END_TIME_, DURATION_, TENANT_ID_ ) values (?, ?, ?, ?, ?, ?, ?, ?, ?, ?, ?, ?, ?, ?) , (?, ?, ?, ?, ?, ?, ?, ?, ?, ?, ?, ?, ?, ?) 
10:47:16,464 [Thread-89] DEBUG org.apache.ibatis.datasource.pooled.PooledDataSource  - Waiting as long as 20000 milliseconds for connection.
10:47:16,464 [Thread-90] DEBUG org.apache.ibatis.transaction.jdbc.JdbcTransaction  - Setting autocommit to false on JDBC Connection [conn55: url=jdbc:h2:mem:activiti user=SA]
10:47:16,464 [Thread-88] DEBUG org.apache.ibatis.datasource.pooled.PooledDataSource  - Waiting as long as 20000 milliseconds for connection.
10:47:16,464 [Thread-87] DEBUG org.activiti.engine.impl.persistence.entity.HistoricActivityInstanceEntity.bulkInsertHistoricActivityInstance  - ==&gt; Parameters: 116(String), idGeneratorDataSource:1:3(String), 114(String), 114(String), theStart(String), null, null, null, startEvent(String), null, 2015-01-01 00:00:00.0(Timestamp), 2015-01-01 00:00:00.0(Timestamp), 0(Long), (String), 117(String), idGeneratorDataSource:1:3(String), 114(String), 114(String), javaService(String), null, null, Java service invocation(String), serviceTask(String), null, 2015-01-01 00:00:00.0(Timestamp), null, null, (String)
10:47:16,464 [Thread-92] DEBUG org.apache.ibatis.datasource.pooled.PooledDataSource  - Waiting as long as 20000 milliseconds for connection.
10:47:16,464 [Thread-90] DEBUG org.activiti.engine.impl.persistence.entity.ProcessDefinitionEntity.selectLatestProcessDefinitionByKey  - ==&gt;  Preparing: select * from ACT_RE_PROCDEF where KEY_ = ? and (TENANT_ID_ = &apos;&apos; or TENANT_ID_ is null) and VERSION_ = (select max(VERSION_) from ACT_RE_PROCDEF where KEY_ = ? and (TENANT_ID_ = &apos;&apos; or TENANT_ID_ is null)) 
10:47:16,465 [Thread-93] DEBUG org.apache.ibatis.datasource.pooled.PooledDataSource  - Waiting as long as 20000 milliseconds for connection.
10:47:16,464 [Thread-87] DEBUG org.activiti.engine.impl.persistence.entity.HistoricActivityInstanceEntity.bulkInsertHistoricActivityInstance  - &lt;==    Updates: 2
10:47:16,465 [Thread-87] DEBUG org.activiti.engine.impl.db.DbSqlSession  - inserting: ProcessInstance[114]
10:47:16,465 [Thread-95] DEBUG org.apache.ibatis.datasource.pooled.PooledDataSource  - Waiting as long as 20000 milliseconds for connection.
10:47:16,465 [Thread-90] DEBUG org.activiti.engine.impl.persistence.entity.ProcessDefinitionEntity.selectLatestProcessDefinitionByKey  - ==&gt; Parameters: idGeneratorDataSource(String), idGeneratorDataSource(String)
10:47:16,465 [Thread-94] DEBUG org.apache.ibatis.datasource.pooled.PooledDataSource  - Waiting as long as 20000 milliseconds for connection.
10:47:16,465 [Thread-87] DEBUG org.activiti.engine.impl.persistence.entity.ExecutionEntity.insertExecution  - ==&gt;  Preparing: insert into ACT_RU_EXECUTION (ID_, REV_, PROC_INST_ID_, BUSINESS_KEY_, PROC_DEF_ID_, ACT_ID_, IS_ACTIVE_, IS_CONCURRENT_, IS_SCOPE_,IS_EVENT_SCOPE_, PARENT_ID_, SUPER_EXEC_, SUSPENSION_STATE_, CACHED_ENT_STATE_, TENANT_ID_, NAME_) values ( ?, 1, ?, ?, ?, ?, ?, ?, ?, ?, ?, ?, ?, ?, ?, ? ) 
10:47:16,465 [Thread-90] DEBUG org.activiti.engine.impl.persistence.entity.ProcessDefinitionEntity.selectLatestProcessDefinitionByKey  - &lt;==      Total: 1
10:47:16,465 [Thread-97] DEBUG org.apache.ibatis.datasource.pooled.PooledDataSource  - Waiting as long as 20000 milliseconds for connection.
10:47:16,465 [Thread-90] DEBUG org.activiti.engine.impl.interceptor.LogInterceptor  - 

10:47:16,465 [Thread-90] DEBUG org.activiti.engine.impl.interceptor.LogInterceptor  - --- starting GetNextIdBlockCmd --------------------------------------------------------
10:47:16,465 [Thread-87] DEBUG org.activiti.engine.impl.persistence.entity.ExecutionEntity.insertExecution  - ==&gt; Parameters: 114(String), 114(String), null, idGeneratorDataSource:1:3(String), javaService(String), true(Boolean), false(Boolean), true(Boolean), false(Boolean), null, null, 1(Integer), 2(Integer), (String), null
10:47:16,465 [Thread-90] DEBUG org.apache.ibatis.transaction.jdbc.JdbcTransaction  - Opening JDBC Connection
10:47:16,465 [Thread-85] DEBUG org.apache.ibatis.datasource.pooled.PooledDataSource  - Waiting as long as 20000 milliseconds for connection.
10:47:16,465 [Thread-90] DEBUG org.apache.ibatis.datasource.pooled.PooledDataSource  - Checked out connection 1094226572 from pool.
10:47:16,465 [Thread-87] DEBUG org.activiti.engine.impl.persistence.entity.ExecutionEntity.insertExecution  - &lt;==    Updates: 1
10:47:16,465 [Thread-90] DEBUG org.apache.ibatis.transaction.jdbc.JdbcTransaction  - Setting autocommit to false on JDBC Connection [conn54: url=jdbc:h2:mem:activiti user=SA]
10:47:16,465 [Thread-100] DEBUG org.apache.ibatis.datasource.pooled.PooledDataSource  - Waiting as long as 20000 milliseconds for connection.
10:47:16,465 [Thread-90] DEBUG org.activiti.engine.impl.persistence.entity.PropertyEntity.selectProperty  - ==&gt;  Preparing: select * from ACT_GE_PROPERTY where NAME_ = ? 
10:47:16,465 [Thread-87] DEBUG org.activiti.engine.impl.cfg.standalone.StandaloneMybatisTransactionContext  - firing event committing...
10:47:16,465 [Thread-87] DEBUG org.activiti.engine.impl.cfg.standalone.StandaloneMybatisTransactionContext  - committing the ibatis sql session...
10:47:16,465 [Thread-87] DEBUG org.apache.ibatis.transaction.jdbc.JdbcTransaction  - Committing JDBC Connection [conn53: url=jdbc:h2:mem:activiti user=SA]
10:47:16,465 [Thread-90] DEBUG org.activiti.engine.impl.persistence.entity.PropertyEntity.selectProperty  - ==&gt; Parameters: next.dbid(String)
10:47:16,465 [Thread-99] DEBUG org.apache.ibatis.datasource.pooled.PooledDataSource  - Waiting as long as 20000 milliseconds for connection.
10:47:16,465 [Thread-90] DEBUG org.activiti.engine.impl.persistence.entity.PropertyEntity.selectProperty  - &lt;==      Total: 1
10:47:16,465 [Thread-87] DEBUG org.activiti.engine.impl.cfg.standalone.StandaloneMybatisTransactionContext  - firing event committed...
10:47:16,466 [Thread-90] DEBUG org.activiti.engine.impl.db.DbSqlSession  -   update PropertyEntity[name=next.dbid, value=121]
10:47:16,466 [Thread-90] DEBUG org.activiti.engine.impl.db.DbSqlSession  - flush summary: 0 insert, 1 update, 0 delete.
10:47:16,466 [Thread-90] DEBUG org.activiti.engine.impl.db.DbSqlSession  - now executing flush...
10:47:16,465 [Thread-83] DEBUG org.apache.ibatis.datasource.pooled.PooledDataSource  - Waiting as long as 20000 milliseconds for connection.
10:47:16,466 [Thread-90] DEBUG org.activiti.engine.impl.db.DbSqlSession  - updating: PropertyEntity[name=next.dbid, value=121]
10:47:16,466 [Thread-87] DEBUG org.apache.ibatis.transaction.jdbc.JdbcTransaction  - Resetting autocommit to true on JDBC Connection [conn53: url=jdbc:h2:mem:activiti user=SA]
10:47:16,466 [Thread-90] DEBUG org.activiti.engine.impl.persistence.entity.PropertyEntity.updateProperty  - ==&gt;  Preparing: update ACT_GE_PROPERTY SET REV_ = ?, VALUE_ = ? where NAME_ = ? and REV_ = ? 
10:47:16,466 [Thread-82] DEBUG org.apache.ibatis.datasource.pooled.PooledDataSource  - Waiting as long as 20000 milliseconds for connection.
10:47:16,466 [Thread-90] DEBUG org.activiti.engine.impl.persistence.entity.PropertyEntity.updateProperty  - ==&gt; Parameters: 41(Integer), 121(String), next.dbid(String), 40(Integer)
10:47:16,466 [Thread-87] DEBUG org.apache.ibatis.transaction.jdbc.JdbcTransaction  - Closing JDBC Connection [conn53: url=jdbc:h2:mem:activiti user=SA]
10:47:16,466 [Thread-90] DEBUG org.activiti.engine.impl.persistence.entity.PropertyEntity.updateProperty  - &lt;==    Updates: 1
10:47:16,466 [Thread-87] DEBUG org.apache.ibatis.datasource.pooled.PooledDataSource  - Returned connection 826925275 to pool.
10:47:16,466 [Thread-90] DEBUG org.activiti.engine.impl.cfg.standalone.StandaloneMybatisTransactionContext  - firing event committing...
10:47:16,466 [Thread-90] DEBUG org.activiti.engine.impl.cfg.standalone.StandaloneMybatisTransactionContext  - committing the ibatis sql session...
10:47:16,466 [Thread-90] DEBUG org.apache.ibatis.transaction.jdbc.JdbcTransaction  - Committing JDBC Connection [conn54: url=jdbc:h2:mem:activiti user=SA]
10:47:16,466 [Thread-82] DEBUG org.apache.ibatis.datasource.pooled.PooledDataSource  - Checked out connection 826925275 from pool.
10:47:16,466 [Thread-87] DEBUG org.activiti.engine.impl.interceptor.LogInterceptor  - --- StartProcessInstanceCmd finished --------------------------------------------------------
10:47:16,466 [Thread-87] DEBUG org.activiti.engine.impl.interceptor.LogInterceptor  - 

10:47:16,466 [Thread-87] DEBUG org.activiti.engine.impl.interceptor.LogInterceptor  - 

10:47:16,466 [Thread-87] DEBUG org.activiti.engine.impl.interceptor.LogInterceptor  - --- starting StartProcessInstanceCmd --------------------------------------------------------
10:47:16,466 [Thread-83] DEBUG org.apache.ibatis.datasource.pooled.PooledDataSource  - Waiting as long as 20000 milliseconds for connection.
10:47:16,466 [Thread-82] DEBUG org.apache.ibatis.transaction.jdbc.JdbcTransaction  - Setting autocommit to false on JDBC Connection [conn53: url=jdbc:h2:mem:activiti user=SA]
10:47:16,466 [Thread-90] DEBUG org.activiti.engine.impl.cfg.standalone.StandaloneMybatisTransactionContext  - firing event committed...
10:47:16,466 [Thread-82] DEBUG org.activiti.engine.impl.persistence.entity.ProcessDefinitionEntity.selectLatestProcessDefinitionByKey  - ==&gt;  Preparing: select * from ACT_RE_PROCDEF where KEY_ = ? and (TENANT_ID_ = &apos;&apos; or TENANT_ID_ is null) and VERSION_ = (select max(VERSION_) from ACT_RE_PROCDEF where KEY_ = ? and (TENANT_ID_ = &apos;&apos; or TENANT_ID_ is null)) 
10:47:16,466 [Thread-99] DEBUG org.apache.ibatis.datasource.pooled.PooledDataSource  - Waiting as long as 20000 milliseconds for connection.
10:47:16,466 [Thread-87] DEBUG org.apache.ibatis.transaction.jdbc.JdbcTransaction  - Opening JDBC Connection
10:47:16,466 [Thread-100] DEBUG org.apache.ibatis.datasource.pooled.PooledDataSource  - Waiting as long as 20000 milliseconds for connection.
10:47:16,466 [Thread-82] DEBUG org.activiti.engine.impl.persistence.entity.ProcessDefinitionEntity.selectLatestProcessDefinitionByKey  - ==&gt; Parameters: idGeneratorDataSource(String), idGeneratorDataSource(String)
10:47:16,466 [Thread-90] DEBUG org.apache.ibatis.transaction.jdbc.JdbcTransaction  - Resetting autocommit to true on JDBC Connection [conn54: url=jdbc:h2:mem:activiti user=SA]
10:47:16,467 [Thread-82] DEBUG org.activiti.engine.impl.persistence.entity.ProcessDefinitionEntity.selectLatestProcessDefinitionByKey  - &lt;==      Total: 1
10:47:16,467 [Thread-85] DEBUG org.apache.ibatis.datasource.pooled.PooledDataSource  - Waiting as long as 20000 milliseconds for connection.
10:47:16,467 [Thread-90] DEBUG org.apache.ibatis.transaction.jdbc.JdbcTransaction  - Closing JDBC Connection [conn54: url=jdbc:h2:mem:activiti user=SA]
10:47:16,467 [Thread-90] DEBUG org.apache.ibatis.datasource.pooled.PooledDataSource  - Returned connection 1094226572 to pool.
10:47:16,467 [Thread-97] DEBUG org.apache.ibatis.datasource.pooled.PooledDataSource  - Waiting as long as 20000 milliseconds for connection.
10:47:16,467 [Thread-90] DEBUG org.activiti.engine.impl.interceptor.LogInterceptor  - --- GetNextIdBlockCmd finished --------------------------------------------------------
10:47:16,467 [Thread-90] DEBUG org.activiti.engine.impl.interceptor.LogInterceptor  - 

10:47:16,467 [Thread-94] DEBUG org.apache.ibatis.datasource.pooled.PooledDataSource  - Waiting as long as 20000 milliseconds for connection.
10:47:16,467 [Thread-82] DEBUG org.activiti.engine.impl.persistence.entity.ExecutionEntity  - initializing ProcessInstance[119]
10:47:16,467 [Thread-90] DEBUG org.activiti.engine.impl.persistence.entity.ExecutionEntity  - initializing ProcessInstance[118]
10:47:16,467 [Thread-82] DEBUG org.activiti.engine.impl.history.DefaultHistoryManager  - Current history level: FULL, level required: ACTIVITY
10:47:16,467 [Thread-95] DEBUG org.apache.ibatis.datasource.pooled.PooledDataSource  - Waiting as long as 20000 milliseconds for connection.
10:47:16,467 [Thread-82] DEBUG org.activiti.engine.impl.pvm.runtime.AtomicOperationActivityExecute  - ProcessInstance[119] executes Activity(theStart): org.activiti.engine.impl.bpmn.behavior.NoneStartEventActivityBehavior
10:47:16,467 [Thread-90] DEBUG org.activiti.engine.impl.history.DefaultHistoryManager  - Current history level: FULL, level required: ACTIVITY
10:47:16,467 [Thread-82] DEBUG org.activiti.engine.impl.persistence.entity.JobEntity.selectJobsByExecutionId  - ==&gt;  Preparing: select * from ACT_RU_JOB J where J.EXECUTION_ID_ = ? 
10:47:16,467 [Thread-93] DEBUG org.apache.ibatis.datasource.pooled.PooledDataSource  - Waiting as long as 20000 milliseconds for connection.
10:47:16,467 [Thread-90] DEBUG org.activiti.engine.impl.interceptor.LogInterceptor  - 

10:47:16,467 [Thread-90] DEBUG org.activiti.engine.impl.interceptor.LogInterceptor  - --- starting GetNextIdBlockCmd --------------------------------------------------------
10:47:16,467 [Thread-82] DEBUG org.activiti.engine.impl.persistence.entity.JobEntity.selectJobsByExecutionId  - ==&gt; Parameters: 119(String)
10:47:16,467 [Thread-90] DEBUG org.apache.ibatis.transaction.jdbc.JdbcTransaction  - Opening JDBC Connection
10:47:16,467 [Thread-92] DEBUG org.apache.ibatis.datasource.pooled.PooledDataSource  - Waiting as long as 20000 milliseconds for connection.
10:47:16,467 [Thread-90] DEBUG org.apache.ibatis.datasource.pooled.PooledDataSource  - Checked out connection 1094226572 from pool.
10:47:16,467 [Thread-82] DEBUG org.activiti.engine.impl.persistence.entity.JobEntity.selectJobsByExecutionId  - &lt;==      Total: 0
10:47:16,467 [Thread-90] DEBUG org.apache.ibatis.transaction.jdbc.JdbcTransaction  - Setting autocommit to false on JDBC Connection [conn54: url=jdbc:h2:mem:activiti user=SA]
10:47:16,468 [Thread-90] DEBUG org.activiti.engine.impl.persistence.entity.PropertyEntity.selectProperty  - ==&gt;  Preparing: select * from ACT_GE_PROPERTY where NAME_ = ? 
10:47:16,467 [Thread-88] DEBUG org.apache.ibatis.datasource.pooled.PooledDataSource  - Waiting as long as 20000 milliseconds for connection.
10:47:16,468 [Thread-90] DEBUG org.activiti.engine.impl.persistence.entity.PropertyEntity.selectProperty  - ==&gt; Parameters: next.dbid(String)
10:47:16,468 [Thread-82] DEBUG org.activiti.engine.impl.bpmn.behavior.BpmnActivityBehavior  - Leaving activity &apos;theStart&apos;
10:47:16,468 [Thread-90] DEBUG org.activiti.engine.impl.persistence.entity.PropertyEntity.selectProperty  - &lt;==      Total: 1
10:47:16,468 [Thread-89] DEBUG org.apache.ibatis.datasource.pooled.PooledDataSource  - Waiting as long as 20000 milliseconds for connection.
10:47:16,468 [Thread-90] DEBUG org.activiti.engine.impl.db.DbSqlSession  -   update PropertyEntity[name=next.dbid, value=124]
10:47:16,468 [Thread-90] DEBUG org.activiti.engine.impl.db.DbSqlSession  - flush summary: 0 insert, 1 update, 0 delete.
10:47:16,468 [Thread-90] DEBUG org.activiti.engine.impl.db.DbSqlSession  - now executing flush...
10:47:16,468 [Thread-82] DEBUG org.activiti.engine.impl.history.DefaultHistoryManager  - Current history level: FULL, level required: ACTIVITY
10:47:16,468 [Thread-90] DEBUG org.activiti.engine.impl.db.DbSqlSession  - updating: PropertyEntity[name=next.dbid, value=124]
10:47:16,468 [Thread-87] DEBUG org.apache.ibatis.datasource.pooled.PooledDataSource  - Waiting as long as 20000 milliseconds for connection.
10:47:16,468 [Thread-90] DEBUG org.activiti.engine.impl.persistence.entity.PropertyEntity.updateProperty  - ==&gt;  Preparing: update ACT_GE_PROPERTY SET REV_ = ?, VALUE_ = ? where NAME_ = ? and REV_ = ? 
10:47:16,468 [Thread-82] DEBUG org.activiti.engine.impl.pvm.runtime.AtomicOperationTransitionNotifyListenerTake  - ProcessInstance[119] takes transition (theStart)--flow1--&gt;(javaService)
10:47:16,468 [Thread-90] DEBUG org.activiti.engine.impl.persistence.entity.PropertyEntity.updateProperty  - ==&gt; Parameters: 42(Integer), 124(String), next.dbid(String), 41(Integer)
10:47:16,468 [Thread-82] DEBUG org.activiti.engine.impl.history.DefaultHistoryManager  - Current history level: FULL, level required: ACTIVITY
10:47:16,468 [Thread-90] DEBUG org.activiti.engine.impl.persistence.entity.PropertyEntity.updateProperty  - &lt;==    Updates: 1
10:47:16,468 [Thread-90] DEBUG org.activiti.engine.impl.cfg.standalone.StandaloneMybatisTransactionContext  - firing event committing...
10:47:16,468 [Thread-90] DEBUG org.activiti.engine.impl.cfg.standalone.StandaloneMybatisTransactionContext  - committing the ibatis sql session...
10:47:16,468 [Thread-90] DEBUG org.apache.ibatis.transaction.jdbc.JdbcTransaction  - Committing JDBC Connection [conn54: url=jdbc:h2:mem:activiti user=SA]
10:47:16,468 [Thread-90] DEBUG org.activiti.engine.impl.cfg.standalone.StandaloneMybatisTransactionContext  - firing event committed...
10:47:16,468 [Thread-90] DEBUG org.apache.ibatis.transaction.jdbc.JdbcTransaction  - Resetting autocommit to true on JDBC Connection [conn54: url=jdbc:h2:mem:activiti user=SA]
10:47:16,468 [Thread-90] DEBUG org.apache.ibatis.transaction.jdbc.JdbcTransaction  - Closing JDBC Connection [conn54: url=jdbc:h2:mem:activiti user=SA]
10:47:16,468 [Thread-90] DEBUG org.apache.ibatis.datasource.pooled.PooledDataSource  - Returned connection 1094226572 to pool.
10:47:16,468 [Thread-90] DEBUG org.activiti.engine.impl.interceptor.LogInterceptor  - --- GetNextIdBlockCmd finished --------------------------------------------------------
10:47:16,468 [Thread-90] DEBUG org.activiti.engine.impl.interceptor.LogInterceptor  - 

10:47:16,468 [Thread-82] DEBUG org.activiti.engine.impl.pvm.runtime.AtomicOperationActivityExecute  - ProcessInstance[119] executes Activity(javaService): org.activiti.engine.impl.bpmn.helper.ClassDelegate
10:47:16,468 [Thread-82] DEBUG org.activiti.engine.impl.db.DbSqlSession  -   insert ProcessInstance[119]
10:47:16,468 [Thread-82] DEBUG org.activiti.engine.impl.db.DbSqlSession  -   insert HistoricProcessInstanceEntity[superProcessInstanceId=null]
10:47:16,469 [Thread-82] DEBUG org.activiti.engine.impl.db.DbSqlSession  -   insert HistoricActivityInstanceEntity[activityId=theStart, activityName=null]
10:47:16,469 [Thread-82] DEBUG org.activiti.engine.impl.db.DbSqlSession  -   insert HistoricActivityInstanceEntity[activityId=javaService, activityName=Java service invocation]
10:47:16,469 [Thread-82] DEBUG org.activiti.engine.impl.db.DbSqlSession  - flush summary: 4 insert, 0 update, 0 delete.
10:47:16,469 [Thread-82] DEBUG org.activiti.engine.impl.db.DbSqlSession  - now executing flush...
10:47:16,469 [Thread-82] DEBUG org.activiti.engine.impl.db.DbSqlSession  - inserting: HistoricProcessInstanceEntity[superProcessInstanceId=null]
10:47:16,468 [Thread-90] DEBUG org.activiti.engine.impl.pvm.runtime.AtomicOperationActivityExecute  - ProcessInstance[118] executes Activity(theStart): org.activiti.engine.impl.bpmn.behavior.NoneStartEventActivityBehavior
10:47:16,469 [Thread-82] DEBUG org.activiti.engine.impl.persistence.entity.HistoricProcessInstanceEntity.insertHistoricProcessInstance  - ==&gt;  Preparing: insert into ACT_HI_PROCINST ( ID_, PROC_INST_ID_, BUSINESS_KEY_, PROC_DEF_ID_, START_TIME_, END_TIME_, DURATION_, START_USER_ID_, START_ACT_ID_, END_ACT_ID_, SUPER_PROCESS_INSTANCE_ID_, DELETE_REASON_, TENANT_ID_, NAME_ ) values ( ?, ?, ?, ?, ?, ?, ?, ?, ?, ?, ?, ?, ?, ? ) 
10:47:16,469 [Thread-90] DEBUG org.activiti.engine.impl.persistence.entity.JobEntity.selectJobsByExecutionId  - ==&gt;  Preparing: select * from ACT_RU_JOB J where J.EXECUTION_ID_ = ? 
10:47:16,469 [Thread-82] DEBUG org.activiti.engine.impl.persistence.entity.HistoricProcessInstanceEntity.insertHistoricProcessInstance  - ==&gt; Parameters: 119(String), 119(String), null, idGeneratorDataSource:1:3(String), 2015-01-01 00:00:00.0(Timestamp), null, null, null, theStart(String), null, null, null, (String), null
10:47:16,469 [Thread-90] DEBUG org.activiti.engine.impl.persistence.entity.JobEntity.selectJobsByExecutionId  - ==&gt; Parameters: 118(String)
10:47:16,469 [Thread-82] DEBUG org.activiti.engine.impl.persistence.entity.HistoricProcessInstanceEntity.insertHistoricProcessInstance  - &lt;==    Updates: 1
10:47:16,469 [Thread-90] DEBUG org.activiti.engine.impl.persistence.entity.JobEntity.selectJobsByExecutionId  - &lt;==      Total: 0
10:47:16,469 [Thread-90] DEBUG org.activiti.engine.impl.bpmn.behavior.BpmnActivityBehavior  - Leaving activity &apos;theStart&apos;
10:47:16,469 [Thread-90] DEBUG org.activiti.engine.impl.history.DefaultHistoryManager  - Current history level: FULL, level required: ACTIVITY
10:47:16,469 [Thread-90] DEBUG org.activiti.engine.impl.pvm.runtime.AtomicOperationTransitionNotifyListenerTake  - ProcessInstance[118] takes transition (theStart)--flow1--&gt;(javaService)
10:47:16,469 [Thread-90] DEBUG org.activiti.engine.impl.history.DefaultHistoryManager  - Current history level: FULL, level required: ACTIVITY
10:47:16,469 [Thread-82] DEBUG org.activiti.engine.impl.persistence.entity.HistoricActivityInstanceEntity.bulkInsertHistoricActivityInstance  - ==&gt;  Preparing: insert into ACT_HI_ACTINST ( ID_, PROC_DEF_ID_, PROC_INST_ID_, EXECUTION_ID_, ACT_ID_, TASK_ID_, CALL_PROC_INST_ID_, ACT_NAME_, ACT_TYPE_, ASSIGNEE_, START_TIME_, END_TIME_, DURATION_, TENANT_ID_ ) values (?, ?, ?, ?, ?, ?, ?, ?, ?, ?, ?, ?, ?, ?) , (?, ?, ?, ?, ?, ?, ?, ?, ?, ?, ?, ?, ?, ?) 
10:47:16,469 [Thread-90] DEBUG org.activiti.engine.impl.pvm.runtime.AtomicOperationActivityExecute  - ProcessInstance[118] executes Activity(javaService): org.activiti.engine.impl.bpmn.helper.ClassDelegate
10:47:16,469 [Thread-90] DEBUG org.activiti.engine.impl.db.DbSqlSession  -   insert ProcessInstance[118]
10:47:16,469 [Thread-90] DEBUG org.activiti.engine.impl.db.DbSqlSession  -   insert HistoricProcessInstanceEntity[superProcessInstanceId=null]
10:47:16,469 [Thread-90] DEBUG org.activiti.engine.impl.db.DbSqlSession  -   insert HistoricActivityInstanceEntity[activityId=theStart, activityName=null]
10:47:16,469 [Thread-90] DEBUG org.activiti.engine.impl.db.DbSqlSession  -   insert HistoricActivityInstanceEntity[activityId=javaService, activityName=Java service invocation]
10:47:16,469 [Thread-90] DEBUG org.activiti.engine.impl.db.DbSqlSession  - flush summary: 4 insert, 0 update, 0 delete.
10:47:16,469 [Thread-90] DEBUG org.activiti.engine.impl.db.DbSqlSession  - now executing flush...
10:47:16,469 [Thread-90] DEBUG org.activiti.engine.impl.db.DbSqlSession  - inserting: HistoricProcessInstanceEntity[superProcessInstanceId=null]
10:47:16,469 [Thread-82] DEBUG org.activiti.engine.impl.persistence.entity.HistoricActivityInstanceEntity.bulkInsertHistoricActivityInstance  - ==&gt; Parameters: 120(String), idGeneratorDataSource:1:3(String), 119(String), 119(String), theStart(String), null, null, null, startEvent(String), null, 2015-01-01 00:00:00.0(Timestamp), 2015-01-01 00:00:00.0(Timestamp), 0(Long), (String), 122(String), idGeneratorDataSource:1:3(String), 119(String), 119(String), javaService(String), null, null, Java service invocation(String), serviceTask(String), null, 2015-01-01 00:00:00.0(Timestamp), null, null, (String)
10:47:16,469 [Thread-90] DEBUG org.activiti.engine.impl.persistence.entity.HistoricProcessInstanceEntity.insertHistoricProcessInstance  - ==&gt;  Preparing: insert into ACT_HI_PROCINST ( ID_, PROC_INST_ID_, BUSINESS_KEY_, PROC_DEF_ID_, START_TIME_, END_TIME_, DURATION_, START_USER_ID_, START_ACT_ID_, END_ACT_ID_, SUPER_PROCESS_INSTANCE_ID_, DELETE_REASON_, TENANT_ID_, NAME_ ) values ( ?, ?, ?, ?, ?, ?, ?, ?, ?, ?, ?, ?, ?, ? ) 
10:47:16,469 [Thread-82] DEBUG org.activiti.engine.impl.persistence.entity.HistoricActivityInstanceEntity.bulkInsertHistoricActivityInstance  - &lt;==    Updates: 2
10:47:16,470 [Thread-82] DEBUG org.activiti.engine.impl.db.DbSqlSession  - inserting: ProcessInstance[119]
10:47:16,470 [Thread-90] DEBUG org.activiti.engine.impl.persistence.entity.HistoricProcessInstanceEntity.insertHistoricProcessInstance  - ==&gt; Parameters: 118(String), 118(String), null, idGeneratorDataSource:1:3(String), 2015-01-01 00:00:00.0(Timestamp), null, null, null, theStart(String), null, null, null, (String), null
10:47:16,470 [Thread-82] DEBUG org.activiti.engine.impl.persistence.entity.ExecutionEntity.insertExecution  - ==&gt;  Preparing: insert into ACT_RU_EXECUTION (ID_, REV_, PROC_INST_ID_, BUSINESS_KEY_, PROC_DEF_ID_, ACT_ID_, IS_ACTIVE_, IS_CONCURRENT_, IS_SCOPE_,IS_EVENT_SCOPE_, PARENT_ID_, SUPER_EXEC_, SUSPENSION_STATE_, CACHED_ENT_STATE_, TENANT_ID_, NAME_) values ( ?, 1, ?, ?, ?, ?, ?, ?, ?, ?, ?, ?, ?, ?, ?, ? ) 
10:47:16,470 [Thread-82] DEBUG org.activiti.engine.impl.persistence.entity.ExecutionEntity.insertExecution  - ==&gt; Parameters: 119(String), 119(String), null, idGeneratorDataSource:1:3(String), javaService(String), true(Boolean), false(Boolean), true(Boolean), false(Boolean), null, null, 1(Integer), 2(Integer), (String), null
10:47:16,470 [Thread-82] DEBUG org.activiti.engine.impl.persistence.entity.ExecutionEntity.insertExecution  - &lt;==    Updates: 1
10:47:16,470 [Thread-82] DEBUG org.activiti.engine.impl.cfg.standalone.StandaloneMybatisTransactionContext  - firing event committing...
10:47:16,470 [Thread-82] DEBUG org.activiti.engine.impl.cfg.standalone.StandaloneMybatisTransactionContext  - committing the ibatis sql session...
10:47:16,470 [Thread-82] DEBUG org.apache.ibatis.transaction.jdbc.JdbcTransaction  - Committing JDBC Connection [conn53: url=jdbc:h2:mem:activiti user=SA]
10:47:16,470 [Thread-82] DEBUG org.activiti.engine.impl.cfg.standalone.StandaloneMybatisTransactionContext  - firing event committed...
10:47:16,470 [Thread-90] DEBUG org.activiti.engine.impl.persistence.entity.HistoricProcessInstanceEntity.insertHistoricProcessInstance  - &lt;==    Updates: 1
10:47:16,470 [Thread-82] DEBUG org.apache.ibatis.transaction.jdbc.JdbcTransaction  - Resetting autocommit to true on JDBC Connection [conn53: url=jdbc:h2:mem:activiti user=SA]
10:47:16,470 [Thread-82] DEBUG org.apache.ibatis.transaction.jdbc.JdbcTransaction  - Closing JDBC Connection [conn53: url=jdbc:h2:mem:activiti user=SA]
10:47:16,470 [Thread-82] DEBUG org.apache.ibatis.datasource.pooled.PooledDataSource  - Returned connection 826925275 to pool.
10:47:16,470 [Thread-82] DEBUG org.activiti.engine.impl.interceptor.LogInterceptor  - --- StartProcessInstanceCmd finished --------------------------------------------------------
10:47:16,470 [Thread-82] DEBUG org.activiti.engine.impl.interceptor.LogInterceptor  - 

10:47:16,470 [Thread-87] DEBUG org.apache.ibatis.datasource.pooled.PooledDataSource  - Checked out connection 826925275 from pool.
10:47:16,470 [Thread-90] DEBUG org.activiti.engine.impl.persistence.entity.HistoricActivityInstanceEntity.bulkInsertHistoricActivityInstance  - ==&gt;  Preparing: insert into ACT_HI_ACTINST ( ID_, PROC_DEF_ID_, PROC_INST_ID_, EXECUTION_ID_, ACT_ID_, TASK_ID_, CALL_PROC_INST_ID_, ACT_NAME_, ACT_TYPE_, ASSIGNEE_, START_TIME_, END_TIME_, DURATION_, TENANT_ID_ ) values (?, ?, ?, ?, ?, ?, ?, ?, ?, ?, ?, ?, ?, ?) , (?, ?, ?, ?, ?, ?, ?, ?, ?, ?, ?, ?, ?, ?) 
10:47:16,470 [Thread-89] DEBUG org.apache.ibatis.datasource.pooled.PooledDataSource  - Waiting as long as 20000 milliseconds for connection.
10:47:16,470 [Thread-87] DEBUG org.apache.ibatis.transaction.jdbc.JdbcTransaction  - Setting autocommit to false on JDBC Connection [conn53: url=jdbc:h2:mem:activiti user=SA]
10:47:16,470 [Thread-82] DEBUG org.activiti.engine.impl.interceptor.LogInterceptor  - 

10:47:16,470 [Thread-82] DEBUG org.activiti.engine.impl.interceptor.LogInterceptor  - --- starting StartProcessInstanceCmd --------------------------------------------------------
10:47:16,470 [Thread-87] DEBUG org.activiti.engine.impl.persistence.entity.ProcessDefinitionEntity.selectLatestProcessDefinitionByKey  - ==&gt;  Preparing: select * from ACT_RE_PROCDEF where KEY_ = ? and (TENANT_ID_ = &apos;&apos; or TENANT_ID_ is null) and VERSION_ = (select max(VERSION_) from ACT_RE_PROCDEF where KEY_ = ? and (TENANT_ID_ = &apos;&apos; or TENANT_ID_ is null)) 
10:47:16,470 [Thread-88] DEBUG org.apache.ibatis.datasource.pooled.PooledDataSource  - Waiting as long as 20000 milliseconds for connection.
10:47:16,470 [Thread-90] DEBUG org.activiti.engine.impl.persistence.entity.HistoricActivityInstanceEntity.bulkInsertHistoricActivityInstance  - ==&gt; Parameters: 121(String), idGeneratorDataSource:1:3(String), 118(String), 118(String), theStart(String), null, null, null, startEvent(String), null, 2015-01-01 00:00:00.0(Timestamp), 2015-01-01 00:00:00.0(Timestamp), 0(Long), (String), 123(String), idGeneratorDataSource:1:3(String), 118(String), 118(String), javaService(String), null, null, Java service invocation(String), serviceTask(String), null, 2015-01-01 00:00:00.0(Timestamp), null, null, (String)
10:47:16,470 [Thread-92] DEBUG org.apache.ibatis.datasource.pooled.PooledDataSource  - Waiting as long as 20000 milliseconds for connection.
10:47:16,470 [Thread-87] DEBUG org.activiti.engine.impl.persistence.entity.ProcessDefinitionEntity.selectLatestProcessDefinitionByKey  - ==&gt; Parameters: idGeneratorDataSource(String), idGeneratorDataSource(String)
10:47:16,470 [Thread-82] DEBUG org.apache.ibatis.transaction.jdbc.JdbcTransaction  - Opening JDBC Connection
10:47:16,471 [Thread-93] DEBUG org.apache.ibatis.datasource.pooled.PooledDataSource  - Waiting as long as 20000 milliseconds for connection.
10:47:16,471 [Thread-90] DEBUG org.activiti.engine.impl.persistence.entity.HistoricActivityInstanceEntity.bulkInsertHistoricActivityInstance  - &lt;==    Updates: 2
10:47:16,471 [Thread-90] DEBUG org.activiti.engine.impl.db.DbSqlSession  - inserting: ProcessInstance[118]
10:47:16,471 [Thread-95] DEBUG org.apache.ibatis.datasource.pooled.PooledDataSource  - Waiting as long as 20000 milliseconds for connection.
10:47:16,471 [Thread-87] DEBUG org.activiti.engine.impl.persistence.entity.ProcessDefinitionEntity.selectLatestProcessDefinitionByKey  - &lt;==      Total: 1
10:47:16,471 [Thread-94] DEBUG org.apache.ibatis.datasource.pooled.PooledDataSource  - Waiting as long as 20000 milliseconds for connection.
10:47:16,471 [Thread-90] DEBUG org.activiti.engine.impl.persistence.entity.ExecutionEntity.insertExecution  - ==&gt;  Preparing: insert into ACT_RU_EXECUTION (ID_, REV_, PROC_INST_ID_, BUSINESS_KEY_, PROC_DEF_ID_, ACT_ID_, IS_ACTIVE_, IS_CONCURRENT_, IS_SCOPE_,IS_EVENT_SCOPE_, PARENT_ID_, SUPER_EXEC_, SUSPENSION_STATE_, CACHED_ENT_STATE_, TENANT_ID_, NAME_) values ( ?, 1, ?, ?, ?, ?, ?, ?, ?, ?, ?, ?, ?, ?, ?, ? ) 
10:47:16,471 [Thread-97] DEBUG org.apache.ibatis.datasource.pooled.PooledDataSource  - Waiting as long as 20000 milliseconds for connection.
10:47:16,471 [Thread-87] DEBUG org.activiti.engine.impl.interceptor.LogInterceptor  - 

10:47:16,471 [Thread-87] DEBUG org.activiti.engine.impl.interceptor.LogInterceptor  - --- starting GetNextIdBlockCmd --------------------------------------------------------
10:47:16,471 [Thread-85] DEBUG org.apache.ibatis.datasource.pooled.PooledDataSource  - Waiting as long as 20000 milliseconds for connection.
10:47:16,471 [Thread-90] DEBUG org.activiti.engine.impl.persistence.entity.ExecutionEntity.insertExecution  - ==&gt; Parameters: 118(String), 118(String), null, idGeneratorDataSource:1:3(String), javaService(String), true(Boolean), false(Boolean), true(Boolean), false(Boolean), null, null, 1(Integer), 2(Integer), (String), null
10:47:16,471 [Thread-100] DEBUG org.apache.ibatis.datasource.pooled.PooledDataSource  - Waiting as long as 20000 milliseconds for connection.
10:47:16,471 [Thread-87] DEBUG org.apache.ibatis.transaction.jdbc.JdbcTransaction  - Opening JDBC Connection
10:47:16,471 [Thread-99] DEBUG org.apache.ibatis.datasource.pooled.PooledDataSource  - Waiting as long as 20000 milliseconds for connection.
10:47:16,471 [Thread-90] DEBUG org.activiti.engine.impl.persistence.entity.ExecutionEntity.insertExecution  - &lt;==    Updates: 1
10:47:16,471 [Thread-83] DEBUG org.apache.ibatis.datasource.pooled.PooledDataSource  - Waiting as long as 20000 milliseconds for connection.
10:47:16,471 [Thread-87] DEBUG org.apache.ibatis.datasource.pooled.PooledDataSource  - Checked out connection 1094226572 from pool.
10:47:16,471 [Thread-82] DEBUG org.apache.ibatis.datasource.pooled.PooledDataSource  - Waiting as long as 20000 milliseconds for connection.
10:47:16,471 [Thread-90] DEBUG org.activiti.engine.impl.cfg.standalone.StandaloneMybatisTransactionContext  - firing event committing...
10:47:16,471 [Thread-90] DEBUG org.activiti.engine.impl.cfg.standalone.StandaloneMybatisTransactionContext  - committing the ibatis sql session...
10:47:16,471 [Thread-90] DEBUG org.apache.ibatis.transaction.jdbc.JdbcTransaction  - Committing JDBC Connection [conn55: url=jdbc:h2:mem:activiti user=SA]
10:47:16,471 [Thread-87] DEBUG org.apache.ibatis.transaction.jdbc.JdbcTransaction  - Setting autocommit to false on JDBC Connection [conn54: url=jdbc:h2:mem:activiti user=SA]
10:47:16,472 [Thread-90] DEBUG org.activiti.engine.impl.cfg.standalone.StandaloneMybatisTransactionContext  - firing event committed...
10:47:16,472 [Thread-87] DEBUG org.activiti.engine.impl.persistence.entity.PropertyEntity.selectProperty  - ==&gt;  Preparing: select * from ACT_GE_PROPERTY where NAME_ = ? 
10:47:16,472 [Thread-90] DEBUG org.apache.ibatis.transaction.jdbc.JdbcTransaction  - Resetting autocommit to true on JDBC Connection [conn55: url=jdbc:h2:mem:activiti user=SA]
10:47:16,472 [Thread-87] DEBUG org.activiti.engine.impl.persistence.entity.PropertyEntity.selectProperty  - ==&gt; Parameters: next.dbid(String)
10:47:16,472 [Thread-90] DEBUG org.apache.ibatis.transaction.jdbc.JdbcTransaction  - Closing JDBC Connection [conn55: url=jdbc:h2:mem:activiti user=SA]
10:47:16,472 [Thread-87] DEBUG org.activiti.engine.impl.persistence.entity.PropertyEntity.selectProperty  - &lt;==      Total: 1
10:47:16,472 [Thread-90] DEBUG org.apache.ibatis.datasource.pooled.PooledDataSource  - Returned connection 14606730 to pool.
10:47:16,472 [Thread-87] DEBUG org.activiti.engine.impl.db.DbSqlSession  -   update PropertyEntity[name=next.dbid, value=127]
10:47:16,472 [Thread-87] DEBUG org.activiti.engine.impl.db.DbSqlSession  - flush summary: 0 insert, 1 update, 0 delete.
10:47:16,472 [Thread-87] DEBUG org.activiti.engine.impl.db.DbSqlSession  - now executing flush...
10:47:16,472 [Thread-82] DEBUG org.apache.ibatis.datasource.pooled.PooledDataSource  - Checked out connection 14606730 from pool.
10:47:16,472 [Thread-90] DEBUG org.activiti.engine.impl.interceptor.LogInterceptor  - --- StartProcessInstanceCmd finished --------------------------------------------------------
10:47:16,472 [Thread-90] DEBUG org.activiti.engine.impl.interceptor.LogInterceptor  - 

10:47:16,472 [Thread-90] DEBUG org.activiti.engine.impl.interceptor.LogInterceptor  - 

10:47:16,472 [Thread-90] DEBUG org.activiti.engine.impl.interceptor.LogInterceptor  - --- starting StartProcessInstanceCmd --------------------------------------------------------
10:47:16,472 [Thread-83] DEBUG org.apache.ibatis.datasource.pooled.PooledDataSource  - Waiting as long as 20000 milliseconds for connection.
10:47:16,472 [Thread-82] DEBUG org.apache.ibatis.transaction.jdbc.JdbcTransaction  - Setting autocommit to false on JDBC Connection [conn55: url=jdbc:h2:mem:activiti user=SA]
10:47:16,472 [Thread-87] DEBUG org.activiti.engine.impl.db.DbSqlSession  - updating: PropertyEntity[name=next.dbid, value=127]
10:47:16,472 [Thread-82] DEBUG org.activiti.engine.impl.persistence.entity.ProcessDefinitionEntity.selectLatestProcessDefinitionByKey  - ==&gt;  Preparing: select * from ACT_RE_PROCDEF where KEY_ = ? and (TENANT_ID_ = &apos;&apos; or TENANT_ID_ is null) and VERSION_ = (select max(VERSION_) from ACT_RE_PROCDEF where KEY_ = ? and (TENANT_ID_ = &apos;&apos; or TENANT_ID_ is null)) 
10:47:16,472 [Thread-99] DEBUG org.apache.ibatis.datasource.pooled.PooledDataSource  - Waiting as long as 20000 milliseconds for connection.
10:47:16,472 [Thread-90] DEBUG org.apache.ibatis.transaction.jdbc.JdbcTransaction  - Opening JDBC Connection
10:47:16,472 [Thread-100] DEBUG org.apache.ibatis.datasource.pooled.PooledDataSource  - Waiting as long as 20000 milliseconds for connection.
10:47:16,472 [Thread-82] DEBUG org.activiti.engine.impl.persistence.entity.ProcessDefinitionEntity.selectLatestProcessDefinitionByKey  - ==&gt; Parameters: idGeneratorDataSource(String), idGeneratorDataSource(String)
10:47:16,472 [Thread-87] DEBUG org.activiti.engine.impl.persistence.entity.PropertyEntity.updateProperty  - ==&gt;  Preparing: update ACT_GE_PROPERTY SET REV_ = ?, VALUE_ = ? where NAME_ = ? and REV_ = ? 
10:47:16,472 [Thread-82] DEBUG org.activiti.engine.impl.persistence.entity.ProcessDefinitionEntity.selectLatestProcessDefinitionByKey  - &lt;==      Total: 1
10:47:16,472 [Thread-85] DEBUG org.apache.ibatis.datasource.pooled.PooledDataSource  - Waiting as long as 20000 milliseconds for connection.
10:47:16,472 [Thread-87] DEBUG org.activiti.engine.impl.persistence.entity.PropertyEntity.updateProperty  - ==&gt; Parameters: 43(Integer), 127(String), next.dbid(String), 42(Integer)
10:47:16,473 [Thread-97] DEBUG org.apache.ibatis.datasource.pooled.PooledDataSource  - Waiting as long as 20000 milliseconds for connection.
10:47:16,473 [Thread-87] DEBUG org.activiti.engine.impl.persistence.entity.PropertyEntity.updateProperty  - &lt;==    Updates: 1
10:47:16,473 [Thread-94] DEBUG org.apache.ibatis.datasource.pooled.PooledDataSource  - Waiting as long as 20000 milliseconds for connection.
10:47:16,473 [Thread-87] DEBUG org.activiti.engine.impl.cfg.standalone.StandaloneMybatisTransactionContext  - firing event committing...
10:47:16,473 [Thread-87] DEBUG org.activiti.engine.impl.cfg.standalone.StandaloneMybatisTransactionContext  - committing the ibatis sql session...
10:47:16,473 [Thread-87] DEBUG org.apache.ibatis.transaction.jdbc.JdbcTransaction  - Committing JDBC Connection [conn54: url=jdbc:h2:mem:activiti user=SA]
10:47:16,473 [Thread-95] DEBUG org.apache.ibatis.datasource.pooled.PooledDataSource  - Waiting as long as 20000 milliseconds for connection.
10:47:16,473 [Thread-87] DEBUG org.activiti.engine.impl.cfg.standalone.StandaloneMybatisTransactionContext  - firing event committed...
10:47:16,473 [Thread-93] DEBUG org.apache.ibatis.datasource.pooled.PooledDataSource  - Waiting as long as 20000 milliseconds for connection.
10:47:16,473 [Thread-87] DEBUG org.apache.ibatis.transaction.jdbc.JdbcTransaction  - Resetting autocommit to true on JDBC Connection [conn54: url=jdbc:h2:mem:activiti user=SA]
10:47:16,473 [Thread-92] DEBUG org.apache.ibatis.datasource.pooled.PooledDataSource  - Waiting as long as 20000 milliseconds for connection.
10:47:16,473 [Thread-87] DEBUG org.apache.ibatis.transaction.jdbc.JdbcTransaction  - Closing JDBC Connection [conn54: url=jdbc:h2:mem:activiti user=SA]
10:47:16,473 [Thread-87] DEBUG org.apache.ibatis.datasource.pooled.PooledDataSource  - Returned connection 1094226572 to pool.
10:47:16,473 [Thread-88] DEBUG org.apache.ibatis.datasource.pooled.PooledDataSource  - Waiting as long as 20000 milliseconds for connection.
10:47:16,473 [Thread-87] DEBUG org.activiti.engine.impl.interceptor.LogInterceptor  - --- GetNextIdBlockCmd finished --------------------------------------------------------
10:47:16,473 [Thread-87] DEBUG org.activiti.engine.impl.interceptor.LogInterceptor  - 

10:47:16,473 [Thread-89] DEBUG org.apache.ibatis.datasource.pooled.PooledDataSource  - Waiting as long as 20000 milliseconds for connection.
10:47:16,473 [Thread-82] DEBUG org.activiti.engine.impl.persistence.entity.ExecutionEntity  - initializing ProcessInstance[125]
10:47:16,473 [Thread-87] DEBUG org.activiti.engine.impl.persistence.entity.ExecutionEntity  - initializing ProcessInstance[124]
10:47:16,473 [Thread-87] DEBUG org.activiti.engine.impl.history.DefaultHistoryManager  - Current history level: FULL, level required: ACTIVITY
10:47:16,473 [Thread-82] DEBUG org.activiti.engine.impl.history.DefaultHistoryManager  - Current history level: FULL, level required: ACTIVITY
10:47:16,473 [Thread-90] DEBUG org.apache.ibatis.datasource.pooled.PooledDataSource  - Waiting as long as 20000 milliseconds for connection.
10:47:16,473 [Thread-82] DEBUG org.activiti.engine.impl.interceptor.LogInterceptor  - 

10:47:16,473 [Thread-82] DEBUG org.activiti.engine.impl.interceptor.LogInterceptor  - --- starting GetNextIdBlockCmd --------------------------------------------------------
10:47:16,473 [Thread-87] DEBUG org.activiti.engine.impl.pvm.runtime.AtomicOperationActivityExecute  - ProcessInstance[124] executes Activity(theStart): org.activiti.engine.impl.bpmn.behavior.NoneStartEventActivityBehavior
10:47:16,473 [Thread-82] DEBUG org.apache.ibatis.transaction.jdbc.JdbcTransaction  - Opening JDBC Connection
10:47:16,474 [Thread-87] DEBUG org.activiti.engine.impl.persistence.entity.JobEntity.selectJobsByExecutionId  - ==&gt;  Preparing: select * from ACT_RU_JOB J where J.EXECUTION_ID_ = ? 
10:47:16,474 [Thread-82] DEBUG org.apache.ibatis.datasource.pooled.PooledDataSource  - Checked out connection 1094226572 from pool.
10:47:16,474 [Thread-87] DEBUG org.activiti.engine.impl.persistence.entity.JobEntity.selectJobsByExecutionId  - ==&gt; Parameters: 124(String)
10:47:16,474 [Thread-82] DEBUG org.apache.ibatis.transaction.jdbc.JdbcTransaction  - Setting autocommit to false on JDBC Connection [conn54: url=jdbc:h2:mem:activiti user=SA]
10:47:16,474 [Thread-82] DEBUG org.activiti.engine.impl.persistence.entity.PropertyEntity.selectProperty  - ==&gt;  Preparing: select * from ACT_GE_PROPERTY where NAME_ = ? 
10:47:16,474 [Thread-87] DEBUG org.activiti.engine.impl.persistence.entity.JobEntity.selectJobsByExecutionId  - &lt;==      Total: 0
10:47:16,474 [Thread-87] DEBUG org.activiti.engine.impl.bpmn.behavior.BpmnActivityBehavior  - Leaving activity &apos;theStart&apos;
10:47:16,474 [Thread-82] DEBUG org.activiti.engine.impl.persistence.entity.PropertyEntity.selectProperty  - ==&gt; Parameters: next.dbid(String)
10:47:16,474 [Thread-87] DEBUG org.activiti.engine.impl.history.DefaultHistoryManager  - Current history level: FULL, level required: ACTIVITY
10:47:16,474 [Thread-82] DEBUG org.activiti.engine.impl.persistence.entity.PropertyEntity.selectProperty  - &lt;==      Total: 1
10:47:16,474 [Thread-87] DEBUG org.activiti.engine.impl.pvm.runtime.AtomicOperationTransitionNotifyListenerTake  - ProcessInstance[124] takes transition (theStart)--flow1--&gt;(javaService)
10:47:16,474 [Thread-82] DEBUG org.activiti.engine.impl.db.DbSqlSession  -   update PropertyEntity[name=next.dbid, value=130]
10:47:16,474 [Thread-82] DEBUG org.activiti.engine.impl.db.DbSqlSession  - flush summary: 0 insert, 1 update, 0 delete.
10:47:16,474 [Thread-82] DEBUG org.activiti.engine.impl.db.DbSqlSession  - now executing flush...
10:47:16,474 [Thread-87] DEBUG org.activiti.engine.impl.history.DefaultHistoryManager  - Current history level: FULL, level required: ACTIVITY
10:47:16,474 [Thread-82] DEBUG org.activiti.engine.impl.db.DbSqlSession  - updating: PropertyEntity[name=next.dbid, value=130]
10:47:16,474 [Thread-82] DEBUG org.activiti.engine.impl.persistence.entity.PropertyEntity.updateProperty  - ==&gt;  Preparing: update ACT_GE_PROPERTY SET REV_ = ?, VALUE_ = ? where NAME_ = ? and REV_ = ? 
10:47:16,474 [Thread-82] DEBUG org.activiti.engine.impl.persistence.entity.PropertyEntity.updateProperty  - ==&gt; Parameters: 44(Integer), 130(String), next.dbid(String), 43(Integer)
10:47:16,474 [Thread-82] DEBUG org.activiti.engine.impl.persistence.entity.PropertyEntity.updateProperty  - &lt;==    Updates: 1
10:47:16,474 [Thread-82] DEBUG org.activiti.engine.impl.cfg.standalone.StandaloneMybatisTransactionContext  - firing event committing...
10:47:16,474 [Thread-82] DEBUG org.activiti.engine.impl.cfg.standalone.StandaloneMybatisTransactionContext  - committing the ibatis sql session...
10:47:16,474 [Thread-82] DEBUG org.apache.ibatis.transaction.jdbc.JdbcTransaction  - Committing JDBC Connection [conn54: url=jdbc:h2:mem:activiti user=SA]
10:47:16,474 [Thread-82] DEBUG org.activiti.engine.impl.cfg.standalone.StandaloneMybatisTransactionContext  - firing event committed...
10:47:16,474 [Thread-82] DEBUG org.apache.ibatis.transaction.jdbc.JdbcTransaction  - Resetting autocommit to true on JDBC Connection [conn54: url=jdbc:h2:mem:activiti user=SA]
10:47:16,474 [Thread-82] DEBUG org.apache.ibatis.transaction.jdbc.JdbcTransaction  - Closing JDBC Connection [conn54: url=jdbc:h2:mem:activiti user=SA]
10:47:16,474 [Thread-82] DEBUG org.apache.ibatis.datasource.pooled.PooledDataSource  - Returned connection 1094226572 to pool.
10:47:16,474 [Thread-82] DEBUG org.activiti.engine.impl.interceptor.LogInterceptor  - --- GetNextIdBlockCmd finished --------------------------------------------------------
10:47:16,474 [Thread-82] DEBUG org.activiti.engine.impl.interceptor.LogInterceptor  - 

10:47:16,475 [Thread-82] DEBUG org.activiti.engine.impl.pvm.runtime.AtomicOperationActivityExecute  - ProcessInstance[125] executes Activity(theStart): org.activiti.engine.impl.bpmn.behavior.NoneStartEventActivityBehavior
10:47:16,475 [Thread-87] DEBUG org.activiti.engine.impl.pvm.runtime.AtomicOperationActivityExecute  - ProcessInstance[124] executes Activity(javaService): org.activiti.engine.impl.bpmn.helper.ClassDelegate
10:47:16,475 [Thread-82] DEBUG org.activiti.engine.impl.persistence.entity.JobEntity.selectJobsByExecutionId  - ==&gt;  Preparing: select * from ACT_RU_JOB J where J.EXECUTION_ID_ = ? 
10:47:16,475 [Thread-87] DEBUG org.activiti.engine.impl.db.DbSqlSession  -   insert ProcessInstance[124]
10:47:16,475 [Thread-82] DEBUG org.activiti.engine.impl.persistence.entity.JobEntity.selectJobsByExecutionId  - ==&gt; Parameters: 125(String)
10:47:16,475 [Thread-87] DEBUG org.activiti.engine.impl.db.DbSqlSession  -   insert HistoricProcessInstanceEntity[superProcessInstanceId=null]
10:47:16,475 [Thread-87] DEBUG org.activiti.engine.impl.db.DbSqlSession  -   insert HistoricActivityInstanceEntity[activityId=theStart, activityName=null]
10:47:16,475 [Thread-87] DEBUG org.activiti.engine.impl.db.DbSqlSession  -   insert HistoricActivityInstanceEntity[activityId=javaService, activityName=Java service invocation]
10:47:16,475 [Thread-87] DEBUG org.activiti.engine.impl.db.DbSqlSession  - flush summary: 4 insert, 0 update, 0 delete.
10:47:16,475 [Thread-87] DEBUG org.activiti.engine.impl.db.DbSqlSession  - now executing flush...
10:47:16,475 [Thread-87] DEBUG org.activiti.engine.impl.db.DbSqlSession  - inserting: HistoricProcessInstanceEntity[superProcessInstanceId=null]
10:47:16,475 [Thread-82] DEBUG org.activiti.engine.impl.persistence.entity.JobEntity.selectJobsByExecutionId  - &lt;==      Total: 0
10:47:16,475 [Thread-82] DEBUG org.activiti.engine.impl.bpmn.behavior.BpmnActivityBehavior  - Leaving activity &apos;theStart&apos;
10:47:16,475 [Thread-87] DEBUG org.activiti.engine.impl.persistence.entity.HistoricProcessInstanceEntity.insertHistoricProcessInstance  - ==&gt;  Preparing: insert into ACT_HI_PROCINST ( ID_, PROC_INST_ID_, BUSINESS_KEY_, PROC_DEF_ID_, START_TIME_, END_TIME_, DURATION_, START_USER_ID_, START_ACT_ID_, END_ACT_ID_, SUPER_PROCESS_INSTANCE_ID_, DELETE_REASON_, TENANT_ID_, NAME_ ) values ( ?, ?, ?, ?, ?, ?, ?, ?, ?, ?, ?, ?, ?, ? ) 
10:47:16,475 [Thread-87] DEBUG org.activiti.engine.impl.persistence.entity.HistoricProcessInstanceEntity.insertHistoricProcessInstance  - ==&gt; Parameters: 124(String), 124(String), null, idGeneratorDataSource:1:3(String), 2015-01-01 00:00:00.0(Timestamp), null, null, null, theStart(String), null, null, null, (String), null
10:47:16,475 [Thread-87] DEBUG org.activiti.engine.impl.persistence.entity.HistoricProcessInstanceEntity.insertHistoricProcessInstance  - &lt;==    Updates: 1
10:47:16,475 [Thread-82] DEBUG org.activiti.engine.impl.history.DefaultHistoryManager  - Current history level: FULL, level required: ACTIVITY
10:47:16,476 [Thread-82] DEBUG org.activiti.engine.impl.pvm.runtime.AtomicOperationTransitionNotifyListenerTake  - ProcessInstance[125] takes transition (theStart)--flow1--&gt;(javaService)
10:47:16,476 [Thread-82] DEBUG org.activiti.engine.impl.history.DefaultHistoryManager  - Current history level: FULL, level required: ACTIVITY
10:47:16,476 [Thread-87] DEBUG org.activiti.engine.impl.persistence.entity.HistoricActivityInstanceEntity.bulkInsertHistoricActivityInstance  - ==&gt;  Preparing: insert into ACT_HI_ACTINST ( ID_, PROC_DEF_ID_, PROC_INST_ID_, EXECUTION_ID_, ACT_ID_, TASK_ID_, CALL_PROC_INST_ID_, ACT_NAME_, ACT_TYPE_, ASSIGNEE_, START_TIME_, END_TIME_, DURATION_, TENANT_ID_ ) values (?, ?, ?, ?, ?, ?, ?, ?, ?, ?, ?, ?, ?, ?) , (?, ?, ?, ?, ?, ?, ?, ?, ?, ?, ?, ?, ?, ?) 
10:47:16,476 [Thread-82] DEBUG org.activiti.engine.impl.pvm.runtime.AtomicOperationActivityExecute  - ProcessInstance[125] executes Activity(javaService): org.activiti.engine.impl.bpmn.helper.ClassDelegate
10:47:16,476 [Thread-87] DEBUG org.activiti.engine.impl.persistence.entity.HistoricActivityInstanceEntity.bulkInsertHistoricActivityInstance  - ==&gt; Parameters: 126(String), idGeneratorDataSource:1:3(String), 124(String), 124(String), theStart(String), null, null, null, startEvent(String), null, 2015-01-01 00:00:00.0(Timestamp), 2015-01-01 00:00:00.0(Timestamp), 0(Long), (String), 128(String), idGeneratorDataSource:1:3(String), 124(String), 124(String), javaService(String), null, null, Java service invocation(String), serviceTask(String), null, 2015-01-01 00:00:00.0(Timestamp), null, null, (String)
10:47:16,476 [Thread-82] DEBUG org.activiti.engine.impl.db.DbSqlSession  -   insert ProcessInstance[125]
10:47:16,476 [Thread-82] DEBUG org.activiti.engine.impl.db.DbSqlSession  -   insert HistoricProcessInstanceEntity[superProcessInstanceId=null]
10:47:16,476 [Thread-82] DEBUG org.activiti.engine.impl.db.DbSqlSession  -   insert HistoricActivityInstanceEntity[activityId=theStart, activityName=null]
10:47:16,476 [Thread-82] DEBUG org.activiti.engine.impl.db.DbSqlSession  -   insert HistoricActivityInstanceEntity[activityId=javaService, activityName=Java service invocation]
10:47:16,476 [Thread-82] DEBUG org.activiti.engine.impl.db.DbSqlSession  - flush summary: 4 insert, 0 update, 0 delete.
10:47:16,476 [Thread-82] DEBUG org.activiti.engine.impl.db.DbSqlSession  - now executing flush...
10:47:16,476 [Thread-82] DEBUG org.activiti.engine.impl.db.DbSqlSession  - inserting: HistoricProcessInstanceEntity[superProcessInstanceId=null]
10:47:16,476 [Thread-82] DEBUG org.activiti.engine.impl.persistence.entity.HistoricProcessInstanceEntity.insertHistoricProcessInstance  - ==&gt;  Preparing: insert into ACT_HI_PROCINST ( ID_, PROC_INST_ID_, BUSINESS_KEY_, PROC_DEF_ID_, START_TIME_, END_TIME_, DURATION_, START_USER_ID_, START_ACT_ID_, END_ACT_ID_, SUPER_PROCESS_INSTANCE_ID_, DELETE_REASON_, TENANT_ID_, NAME_ ) values ( ?, ?, ?, ?, ?, ?, ?, ?, ?, ?, ?, ?, ?, ? ) 
10:47:16,476 [Thread-87] DEBUG org.activiti.engine.impl.persistence.entity.HistoricActivityInstanceEntity.bulkInsertHistoricActivityInstance  - &lt;==    Updates: 2
10:47:16,476 [Thread-87] DEBUG org.activiti.engine.impl.db.DbSqlSession  - inserting: ProcessInstance[124]
10:47:16,476 [Thread-82] DEBUG org.activiti.engine.impl.persistence.entity.HistoricProcessInstanceEntity.insertHistoricProcessInstance  - ==&gt; Parameters: 125(String), 125(String), null, idGeneratorDataSource:1:3(String), 2015-01-01 00:00:00.0(Timestamp), null, null, null, theStart(String), null, null, null, (String), null
10:47:16,476 [Thread-87] DEBUG org.activiti.engine.impl.persistence.entity.ExecutionEntity.insertExecution  - ==&gt;  Preparing: insert into ACT_RU_EXECUTION (ID_, REV_, PROC_INST_ID_, BUSINESS_KEY_, PROC_DEF_ID_, ACT_ID_, IS_ACTIVE_, IS_CONCURRENT_, IS_SCOPE_,IS_EVENT_SCOPE_, PARENT_ID_, SUPER_EXEC_, SUSPENSION_STATE_, CACHED_ENT_STATE_, TENANT_ID_, NAME_) values ( ?, 1, ?, ?, ?, ?, ?, ?, ?, ?, ?, ?, ?, ?, ?, ? ) 
10:47:16,476 [Thread-87] DEBUG org.activiti.engine.impl.persistence.entity.ExecutionEntity.insertExecution  - ==&gt; Parameters: 124(String), 124(String), null, idGeneratorDataSource:1:3(String), javaService(String), true(Boolean), false(Boolean), true(Boolean), false(Boolean), null, null, 1(Integer), 2(Integer), (String), null
10:47:16,476 [Thread-87] DEBUG org.activiti.engine.impl.persistence.entity.ExecutionEntity.insertExecution  - &lt;==    Updates: 1
10:47:16,476 [Thread-87] DEBUG org.activiti.engine.impl.cfg.standalone.StandaloneMybatisTransactionContext  - firing event committing...
10:47:16,476 [Thread-87] DEBUG org.activiti.engine.impl.cfg.standalone.StandaloneMybatisTransactionContext  - committing the ibatis sql session...
10:47:16,476 [Thread-87] DEBUG org.apache.ibatis.transaction.jdbc.JdbcTransaction  - Committing JDBC Connection [conn53: url=jdbc:h2:mem:activiti user=SA]
10:47:16,476 [Thread-87] DEBUG org.activiti.engine.impl.cfg.standalone.StandaloneMybatisTransactionContext  - firing event committed...
10:47:16,476 [Thread-87] DEBUG org.apache.ibatis.transaction.jdbc.JdbcTransaction  - Resetting autocommit to true on JDBC Connection [conn53: url=jdbc:h2:mem:activiti user=SA]
10:47:16,477 [Thread-82] DEBUG org.activiti.engine.impl.persistence.entity.HistoricProcessInstanceEntity.insertHistoricProcessInstance  - &lt;==    Updates: 1
10:47:16,477 [Thread-87] DEBUG org.apache.ibatis.transaction.jdbc.JdbcTransaction  - Closing JDBC Connection [conn53: url=jdbc:h2:mem:activiti user=SA]
10:47:16,477 [Thread-87] DEBUG org.apache.ibatis.datasource.pooled.PooledDataSource  - Returned connection 826925275 to pool.
10:47:16,477 [Thread-87] DEBUG org.activiti.engine.impl.interceptor.LogInterceptor  - --- StartProcessInstanceCmd finished --------------------------------------------------------
10:47:16,477 [Thread-87] DEBUG org.activiti.engine.impl.interceptor.LogInterceptor  - 

10:47:16,477 [Thread-90] DEBUG org.apache.ibatis.datasource.pooled.PooledDataSource  - Checked out connection 826925275 from pool.
10:47:16,477 [Thread-82] DEBUG org.activiti.engine.impl.persistence.entity.HistoricActivityInstanceEntity.bulkInsertHistoricActivityInstance  - ==&gt;  Preparing: insert into ACT_HI_ACTINST ( ID_, PROC_DEF_ID_, PROC_INST_ID_, EXECUTION_ID_, ACT_ID_, TASK_ID_, CALL_PROC_INST_ID_, ACT_NAME_, ACT_TYPE_, ASSIGNEE_, START_TIME_, END_TIME_, DURATION_, TENANT_ID_ ) values (?, ?, ?, ?, ?, ?, ?, ?, ?, ?, ?, ?, ?, ?) , (?, ?, ?, ?, ?, ?, ?, ?, ?, ?, ?, ?, ?, ?) 
10:47:16,477 [Thread-89] DEBUG org.apache.ibatis.datasource.pooled.PooledDataSource  - Waiting as long as 20000 milliseconds for connection.
10:47:16,477 [Thread-82] DEBUG org.activiti.engine.impl.persistence.entity.HistoricActivityInstanceEntity.bulkInsertHistoricActivityInstance  - ==&gt; Parameters: 127(String), idGeneratorDataSource:1:3(String), 125(String), 125(String), theStart(String), null, null, null, startEvent(String), null, 2015-01-01 00:00:00.0(Timestamp), 2015-01-01 00:00:00.0(Timestamp), 0(Long), (String), 129(String), idGeneratorDataSource:1:3(String), 125(String), 125(String), javaService(String), null, null, Java service invocation(String), serviceTask(String), null, 2015-01-01 00:00:00.0(Timestamp), null, null, (String)
10:47:16,477 [Thread-88] DEBUG org.apache.ibatis.datasource.pooled.PooledDataSource  - Waiting as long as 20000 milliseconds for connection.
10:47:16,477 [Thread-92] DEBUG org.apache.ibatis.datasource.pooled.PooledDataSource  - Waiting as long as 20000 milliseconds for connection.
10:47:16,477 [Thread-90] DEBUG org.apache.ibatis.transaction.jdbc.JdbcTransaction  - Setting autocommit to false on JDBC Connection [conn53: url=jdbc:h2:mem:activiti user=SA]
10:47:16,477 [Thread-93] DEBUG org.apache.ibatis.datasource.pooled.PooledDataSource  - Waiting as long as 20000 milliseconds for connection.
10:47:16,477 [Thread-82] DEBUG org.activiti.engine.impl.persistence.entity.HistoricActivityInstanceEntity.bulkInsertHistoricActivityInstance  - &lt;==    Updates: 2
10:47:16,477 [Thread-82] DEBUG org.activiti.engine.impl.db.DbSqlSession  - inserting: ProcessInstance[125]
10:47:16,477 [Thread-95] DEBUG org.apache.ibatis.datasource.pooled.PooledDataSource  - Waiting as long as 20000 milliseconds for connection.
10:47:16,477 [Thread-94] DEBUG org.apache.ibatis.datasource.pooled.PooledDataSource  - Waiting as long as 20000 milliseconds for connection.
10:47:16,477 [Thread-90] DEBUG org.activiti.engine.impl.persistence.entity.ProcessDefinitionEntity.selectLatestProcessDefinitionByKey  - ==&gt;  Preparing: select * from ACT_RE_PROCDEF where KEY_ = ? and (TENANT_ID_ = &apos;&apos; or TENANT_ID_ is null) and VERSION_ = (select max(VERSION_) from ACT_RE_PROCDEF where KEY_ = ? and (TENANT_ID_ = &apos;&apos; or TENANT_ID_ is null)) 
10:47:16,478 [Thread-97] DEBUG org.apache.ibatis.datasource.pooled.PooledDataSource  - Waiting as long as 20000 milliseconds for connection.
10:47:16,477 [Thread-82] DEBUG org.activiti.engine.impl.persistence.entity.ExecutionEntity.insertExecution  - ==&gt;  Preparing: insert into ACT_RU_EXECUTION (ID_, REV_, PROC_INST_ID_, BUSINESS_KEY_, PROC_DEF_ID_, ACT_ID_, IS_ACTIVE_, IS_CONCURRENT_, IS_SCOPE_,IS_EVENT_SCOPE_, PARENT_ID_, SUPER_EXEC_, SUSPENSION_STATE_, CACHED_ENT_STATE_, TENANT_ID_, NAME_) values ( ?, 1, ?, ?, ?, ?, ?, ?, ?, ?, ?, ?, ?, ?, ?, ? ) 
10:47:16,478 [Thread-85] DEBUG org.apache.ibatis.datasource.pooled.PooledDataSource  - Waiting as long as 20000 milliseconds for connection.
10:47:16,478 [Thread-90] DEBUG org.activiti.engine.impl.persistence.entity.ProcessDefinitionEntity.selectLatestProcessDefinitionByKey  - ==&gt; Parameters: idGeneratorDataSource(String), idGeneratorDataSource(String)
10:47:16,478 [Thread-100] DEBUG org.apache.ibatis.datasource.pooled.PooledDataSource  - Waiting as long as 20000 milliseconds for connection.
10:47:16,478 [Thread-82] DEBUG org.activiti.engine.impl.persistence.entity.ExecutionEntity.insertExecution  - ==&gt; Parameters: 125(String), 125(String), null, idGeneratorDataSource:1:3(String), javaService(String), true(Boolean), false(Boolean), true(Boolean), false(Boolean), null, null, 1(Integer), 2(Integer), (String), null
10:47:16,478 [Thread-82] DEBUG org.activiti.engine.impl.persistence.entity.ExecutionEntity.insertExecution  - &lt;==    Updates: 1
10:47:16,478 [Thread-90] DEBUG org.activiti.engine.impl.persistence.entity.ProcessDefinitionEntity.selectLatestProcessDefinitionByKey  - &lt;==      Total: 1
10:47:16,478 [Thread-99] DEBUG org.apache.ibatis.datasource.pooled.PooledDataSource  - Waiting as long as 20000 milliseconds for connection.
10:47:16,478 [Thread-90] DEBUG org.activiti.engine.impl.interceptor.LogInterceptor  - 

10:47:16,478 [Thread-90] DEBUG org.activiti.engine.impl.interceptor.LogInterceptor  - --- starting GetNextIdBlockCmd --------------------------------------------------------
10:47:16,478 [Thread-82] DEBUG org.activiti.engine.impl.cfg.standalone.StandaloneMybatisTransactionContext  - firing event committing...
10:47:16,478 [Thread-82] DEBUG org.activiti.engine.impl.cfg.standalone.StandaloneMybatisTransactionContext  - committing the ibatis sql session...
10:47:16,478 [Thread-82] DEBUG org.apache.ibatis.transaction.jdbc.JdbcTransaction  - Committing JDBC Connection [conn55: url=jdbc:h2:mem:activiti user=SA]
10:47:16,478 [Thread-90] DEBUG org.apache.ibatis.transaction.jdbc.JdbcTransaction  - Opening JDBC Connection
10:47:16,478 [Thread-90] DEBUG org.apache.ibatis.datasource.pooled.PooledDataSource  - Checked out connection 1094226572 from pool.
10:47:16,478 [Thread-83] DEBUG org.apache.ibatis.datasource.pooled.PooledDataSource  - Waiting as long as 20000 milliseconds for connection.
10:47:16,478 [Thread-90] DEBUG org.apache.ibatis.transaction.jdbc.JdbcTransaction  - Setting autocommit to false on JDBC Connection [conn54: url=jdbc:h2:mem:activiti user=SA]
10:47:16,478 [Thread-90] DEBUG org.activiti.engine.impl.persistence.entity.PropertyEntity.selectProperty  - ==&gt;  Preparing: select * from ACT_GE_PROPERTY where NAME_ = ? 
10:47:16,478 [Thread-82] DEBUG org.activiti.engine.impl.cfg.standalone.StandaloneMybatisTransactionContext  - firing event committed...
10:47:16,478 [Thread-82] DEBUG org.apache.ibatis.transaction.jdbc.JdbcTransaction  - Resetting autocommit to true on JDBC Connection [conn55: url=jdbc:h2:mem:activiti user=SA]
10:47:16,478 [Thread-82] DEBUG org.apache.ibatis.transaction.jdbc.JdbcTransaction  - Closing JDBC Connection [conn55: url=jdbc:h2:mem:activiti user=SA]
10:47:16,478 [Thread-82] DEBUG org.apache.ibatis.datasource.pooled.PooledDataSource  - Returned connection 14606730 to pool.
10:47:16,478 [Thread-90] DEBUG org.activiti.engine.impl.persistence.entity.PropertyEntity.selectProperty  - ==&gt; Parameters: next.dbid(String)
10:47:16,479 [Thread-83] DEBUG org.apache.ibatis.datasource.pooled.PooledDataSource  - Checked out connection 14606730 from pool.
10:47:16,479 [Thread-82] DEBUG org.activiti.engine.impl.interceptor.LogInterceptor  - --- StartProcessInstanceCmd finished --------------------------------------------------------
10:47:16,479 [Thread-82] DEBUG org.activiti.engine.impl.interceptor.LogInterceptor  - 

10:47:16,479 [Thread-82] DEBUG org.activiti.engine.impl.interceptor.LogInterceptor  - 

10:47:16,479 [Thread-82] DEBUG org.activiti.engine.impl.interceptor.LogInterceptor  - --- starting StartProcessInstanceCmd --------------------------------------------------------
10:47:16,479 [Thread-99] DEBUG org.apache.ibatis.datasource.pooled.PooledDataSource  - Waiting as long as 20000 milliseconds for connection.
10:47:16,479 [Thread-83] DEBUG org.apache.ibatis.transaction.jdbc.JdbcTransaction  - Setting autocommit to false on JDBC Connection [conn55: url=jdbc:h2:mem:activiti user=SA]
10:47:16,479 [Thread-90] DEBUG org.activiti.engine.impl.persistence.entity.PropertyEntity.selectProperty  - &lt;==      Total: 1
10:47:16,479 [Thread-83] DEBUG org.activiti.engine.impl.persistence.entity.ProcessDefinitionEntity.selectLatestProcessDefinitionByKey  - ==&gt;  Preparing: select * from ACT_RE_PROCDEF where KEY_ = ? and (TENANT_ID_ = &apos;&apos; or TENANT_ID_ is null) and VERSION_ = (select max(VERSION_) from ACT_RE_PROCDEF where KEY_ = ? and (TENANT_ID_ = &apos;&apos; or TENANT_ID_ is null)) 
10:47:16,479 [Thread-100] DEBUG org.apache.ibatis.datasource.pooled.PooledDataSource  - Waiting as long as 20000 milliseconds for connection.
10:47:16,479 [Thread-82] DEBUG org.apache.ibatis.transaction.jdbc.JdbcTransaction  - Opening JDBC Connection
10:47:16,479 [Thread-85] DEBUG org.apache.ibatis.datasource.pooled.PooledDataSource  - Waiting as long as 20000 milliseconds for connection.
10:47:16,479 [Thread-83] DEBUG org.activiti.engine.impl.persistence.entity.ProcessDefinitionEntity.selectLatestProcessDefinitionByKey  - ==&gt; Parameters: idGeneratorDataSource(String), idGeneratorDataSource(String)
10:47:16,479 [Thread-90] DEBUG org.activiti.engine.impl.db.DbSqlSession  -   update PropertyEntity[name=next.dbid, value=133]
10:47:16,479 [Thread-83] DEBUG org.activiti.engine.impl.persistence.entity.ProcessDefinitionEntity.selectLatestProcessDefinitionByKey  - &lt;==      Total: 1
10:47:16,479 [Thread-97] DEBUG org.apache.ibatis.datasource.pooled.PooledDataSource  - Waiting as long as 20000 milliseconds for connection.
10:47:16,479 [Thread-90] DEBUG org.activiti.engine.impl.db.DbSqlSession  - flush summary: 0 insert, 1 update, 0 delete.
10:47:16,479 [Thread-90] DEBUG org.activiti.engine.impl.db.DbSqlSession  - now executing flush...
10:47:16,479 [Thread-90] DEBUG org.activiti.engine.impl.db.DbSqlSession  - updating: PropertyEntity[name=next.dbid, value=133]
10:47:16,479 [Thread-94] DEBUG org.apache.ibatis.datasource.pooled.PooledDataSource  - Waiting as long as 20000 milliseconds for connection.
10:47:16,479 [Thread-90] DEBUG org.activiti.engine.impl.persistence.entity.PropertyEntity.updateProperty  - ==&gt;  Preparing: update ACT_GE_PROPERTY SET REV_ = ?, VALUE_ = ? where NAME_ = ? and REV_ = ? 
10:47:16,479 [Thread-95] DEBUG org.apache.ibatis.datasource.pooled.PooledDataSource  - Waiting as long as 20000 milliseconds for connection.
10:47:16,479 [Thread-90] DEBUG org.activiti.engine.impl.persistence.entity.PropertyEntity.updateProperty  - ==&gt; Parameters: 45(Integer), 133(String), next.dbid(String), 44(Integer)
10:47:16,479 [Thread-93] DEBUG org.apache.ibatis.datasource.pooled.PooledDataSource  - Waiting as long as 20000 milliseconds for connection.
10:47:16,479 [Thread-90] DEBUG org.activiti.engine.impl.persistence.entity.PropertyEntity.updateProperty  - &lt;==    Updates: 1
10:47:16,479 [Thread-90] DEBUG org.activiti.engine.impl.cfg.standalone.StandaloneMybatisTransactionContext  - firing event committing...
10:47:16,480 [Thread-90] DEBUG org.activiti.engine.impl.cfg.standalone.StandaloneMybatisTransactionContext  - committing the ibatis sql session...
10:47:16,480 [Thread-90] DEBUG org.apache.ibatis.transaction.jdbc.JdbcTransaction  - Committing JDBC Connection [conn54: url=jdbc:h2:mem:activiti user=SA]
10:47:16,480 [Thread-90] DEBUG org.activiti.engine.impl.cfg.standalone.StandaloneMybatisTransactionContext  - firing event committed...
10:47:16,480 [Thread-90] DEBUG org.apache.ibatis.transaction.jdbc.JdbcTransaction  - Resetting autocommit to true on JDBC Connection [conn54: url=jdbc:h2:mem:activiti user=SA]
10:47:16,480 [Thread-90] DEBUG org.apache.ibatis.transaction.jdbc.JdbcTransaction  - Closing JDBC Connection [conn54: url=jdbc:h2:mem:activiti user=SA]
10:47:16,480 [Thread-90] DEBUG org.apache.ibatis.datasource.pooled.PooledDataSource  - Returned connection 1094226572 to pool.
10:47:16,480 [Thread-90] DEBUG org.activiti.engine.impl.interceptor.LogInterceptor  - --- GetNextIdBlockCmd finished --------------------------------------------------------
10:47:16,480 [Thread-90] DEBUG org.activiti.engine.impl.interceptor.LogInterceptor  - 

10:47:16,479 [Thread-92] DEBUG org.apache.ibatis.datasource.pooled.PooledDataSource  - Waiting as long as 20000 milliseconds for connection.
10:47:16,480 [Thread-83] DEBUG org.activiti.engine.impl.persistence.entity.ExecutionEntity  - initializing ProcessInstance[131]
10:47:16,480 [Thread-90] DEBUG org.activiti.engine.impl.persistence.entity.ExecutionEntity  - initializing ProcessInstance[130]
10:47:16,480 [Thread-90] DEBUG org.activiti.engine.impl.history.DefaultHistoryManager  - Current history level: FULL, level required: ACTIVITY
10:47:16,480 [Thread-83] DEBUG org.activiti.engine.impl.history.DefaultHistoryManager  - Current history level: FULL, level required: ACTIVITY
10:47:16,480 [Thread-90] DEBUG org.activiti.engine.impl.pvm.runtime.AtomicOperationActivityExecute  - ProcessInstance[130] executes Activity(theStart): org.activiti.engine.impl.bpmn.behavior.NoneStartEventActivityBehavior
10:47:16,480 [Thread-88] DEBUG org.apache.ibatis.datasource.pooled.PooledDataSource  - Waiting as long as 20000 milliseconds for connection.
10:47:16,480 [Thread-90] DEBUG org.activiti.engine.impl.persistence.entity.JobEntity.selectJobsByExecutionId  - ==&gt;  Preparing: select * from ACT_RU_JOB J where J.EXECUTION_ID_ = ? 
10:47:16,480 [Thread-83] DEBUG org.activiti.engine.impl.interceptor.LogInterceptor  - 

10:47:16,480 [Thread-83] DEBUG org.activiti.engine.impl.interceptor.LogInterceptor  - --- starting GetNextIdBlockCmd --------------------------------------------------------
10:47:16,480 [Thread-90] DEBUG org.activiti.engine.impl.persistence.entity.JobEntity.selectJobsByExecutionId  - ==&gt; Parameters: 130(String)
10:47:16,480 [Thread-89] DEBUG org.apache.ibatis.datasource.pooled.PooledDataSource  - Waiting as long as 20000 milliseconds for connection.
10:47:16,480 [Thread-90] DEBUG org.activiti.engine.impl.persistence.entity.JobEntity.selectJobsByExecutionId  - &lt;==      Total: 0
10:47:16,480 [Thread-90] DEBUG org.activiti.engine.impl.bpmn.behavior.BpmnActivityBehavior  - Leaving activity &apos;theStart&apos;
10:47:16,480 [Thread-83] DEBUG org.apache.ibatis.transaction.jdbc.JdbcTransaction  - Opening JDBC Connection
10:47:16,480 [Thread-83] DEBUG org.apache.ibatis.datasource.pooled.PooledDataSource  - Checked out connection 1094226572 from pool.
10:47:16,480 [Thread-90] DEBUG org.activiti.engine.impl.history.DefaultHistoryManager  - Current history level: FULL, level required: ACTIVITY
10:47:16,480 [Thread-82] DEBUG org.apache.ibatis.datasource.pooled.PooledDataSource  - Waiting as long as 20000 milliseconds for connection.
10:47:16,480 [Thread-90] DEBUG org.activiti.engine.impl.pvm.runtime.AtomicOperationTransitionNotifyListenerTake  - ProcessInstance[130] takes transition (theStart)--flow1--&gt;(javaService)
10:47:16,480 [Thread-83] DEBUG org.apache.ibatis.transaction.jdbc.JdbcTransaction  - Setting autocommit to false on JDBC Connection [conn54: url=jdbc:h2:mem:activiti user=SA]
10:47:16,481 [Thread-83] DEBUG org.activiti.engine.impl.persistence.entity.PropertyEntity.selectProperty  - ==&gt;  Preparing: select * from ACT_GE_PROPERTY where NAME_ = ? 
10:47:16,480 [Thread-90] DEBUG org.activiti.engine.impl.history.DefaultHistoryManager  - Current history level: FULL, level required: ACTIVITY
10:47:16,481 [Thread-83] DEBUG org.activiti.engine.impl.persistence.entity.PropertyEntity.selectProperty  - ==&gt; Parameters: next.dbid(String)
10:47:16,481 [Thread-83] DEBUG org.activiti.engine.impl.persistence.entity.PropertyEntity.selectProperty  - &lt;==      Total: 1
10:47:16,481 [Thread-83] DEBUG org.activiti.engine.impl.db.DbSqlSession  -   update PropertyEntity[name=next.dbid, value=136]
10:47:16,481 [Thread-83] DEBUG org.activiti.engine.impl.db.DbSqlSession  - flush summary: 0 insert, 1 update, 0 delete.
10:47:16,481 [Thread-83] DEBUG org.activiti.engine.impl.db.DbSqlSession  - now executing flush...
10:47:16,481 [Thread-83] DEBUG org.activiti.engine.impl.db.DbSqlSession  - updating: PropertyEntity[name=next.dbid, value=136]
10:47:16,481 [Thread-83] DEBUG org.activiti.engine.impl.persistence.entity.PropertyEntity.updateProperty  - ==&gt;  Preparing: update ACT_GE_PROPERTY SET REV_ = ?, VALUE_ = ? where NAME_ = ? and REV_ = ? 
10:47:16,481 [Thread-83] DEBUG org.activiti.engine.impl.persistence.entity.PropertyEntity.updateProperty  - ==&gt; Parameters: 46(Integer), 136(String), next.dbid(String), 45(Integer)
10:47:16,481 [Thread-83] DEBUG org.activiti.engine.impl.persistence.entity.PropertyEntity.updateProperty  - &lt;==    Updates: 1
10:47:16,481 [Thread-83] DEBUG org.activiti.engine.impl.cfg.standalone.StandaloneMybatisTransactionContext  - firing event committing...
10:47:16,481 [Thread-83] DEBUG org.activiti.engine.impl.cfg.standalone.StandaloneMybatisTransactionContext  - committing the ibatis sql session...
10:47:16,481 [Thread-83] DEBUG org.apache.ibatis.transaction.jdbc.JdbcTransaction  - Committing JDBC Connection [conn54: url=jdbc:h2:mem:activiti user=SA]
10:47:16,481 [Thread-83] DEBUG org.activiti.engine.impl.cfg.standalone.StandaloneMybatisTransactionContext  - firing event committed...
10:47:16,481 [Thread-83] DEBUG org.apache.ibatis.transaction.jdbc.JdbcTransaction  - Resetting autocommit to true on JDBC Connection [conn54: url=jdbc:h2:mem:activiti user=SA]
10:47:16,481 [Thread-83] DEBUG org.apache.ibatis.transaction.jdbc.JdbcTransaction  - Closing JDBC Connection [conn54: url=jdbc:h2:mem:activiti user=SA]
10:47:16,481 [Thread-83] DEBUG org.apache.ibatis.datasource.pooled.PooledDataSource  - Returned connection 1094226572 to pool.
10:47:16,481 [Thread-83] DEBUG org.activiti.engine.impl.interceptor.LogInterceptor  - --- GetNextIdBlockCmd finished --------------------------------------------------------
10:47:16,481 [Thread-83] DEBUG org.activiti.engine.impl.interceptor.LogInterceptor  - 

10:47:16,481 [Thread-83] DEBUG org.activiti.engine.impl.pvm.runtime.AtomicOperationActivityExecute  - ProcessInstance[131] executes Activity(theStart): org.activiti.engine.impl.bpmn.behavior.NoneStartEventActivityBehavior
10:47:16,481 [Thread-90] DEBUG org.activiti.engine.impl.pvm.runtime.AtomicOperationActivityExecute  - ProcessInstance[130] executes Activity(javaService): org.activiti.engine.impl.bpmn.helper.ClassDelegate
10:47:16,481 [Thread-83] DEBUG org.activiti.engine.impl.persistence.entity.JobEntity.selectJobsByExecutionId  - ==&gt;  Preparing: select * from ACT_RU_JOB J where J.EXECUTION_ID_ = ? 
10:47:16,481 [Thread-83] DEBUG org.activiti.engine.impl.persistence.entity.JobEntity.selectJobsByExecutionId  - ==&gt; Parameters: 131(String)
10:47:16,481 [Thread-90] DEBUG org.activiti.engine.impl.db.DbSqlSession  -   insert ProcessInstance[130]
10:47:16,481 [Thread-90] DEBUG org.activiti.engine.impl.db.DbSqlSession  -   insert HistoricProcessInstanceEntity[superProcessInstanceId=null]
10:47:16,481 [Thread-90] DEBUG org.activiti.engine.impl.db.DbSqlSession  -   insert HistoricActivityInstanceEntity[activityId=theStart, activityName=null]
10:47:16,481 [Thread-90] DEBUG org.activiti.engine.impl.db.DbSqlSession  -   insert HistoricActivityInstanceEntity[activityId=javaService, activityName=Java service invocation]
10:47:16,481 [Thread-90] DEBUG org.activiti.engine.impl.db.DbSqlSession  - flush summary: 4 insert, 0 update, 0 delete.
10:47:16,481 [Thread-90] DEBUG org.activiti.engine.impl.db.DbSqlSession  - now executing flush...
10:47:16,481 [Thread-90] DEBUG org.activiti.engine.impl.db.DbSqlSession  - inserting: HistoricProcessInstanceEntity[superProcessInstanceId=null]
10:47:16,482 [Thread-90] DEBUG org.activiti.engine.impl.persistence.entity.HistoricProcessInstanceEntity.insertHistoricProcessInstance  - ==&gt;  Preparing: insert into ACT_HI_PROCINST ( ID_, PROC_INST_ID_, BUSINESS_KEY_, PROC_DEF_ID_, START_TIME_, END_TIME_, DURATION_, START_USER_ID_, START_ACT_ID_, END_ACT_ID_, SUPER_PROCESS_INSTANCE_ID_, DELETE_REASON_, TENANT_ID_, NAME_ ) values ( ?, ?, ?, ?, ?, ?, ?, ?, ?, ?, ?, ?, ?, ? ) 
10:47:16,481 [Thread-83] DEBUG org.activiti.engine.impl.persistence.entity.JobEntity.selectJobsByExecutionId  - &lt;==      Total: 0
10:47:16,482 [Thread-83] DEBUG org.activiti.engine.impl.bpmn.behavior.BpmnActivityBehavior  - Leaving activity &apos;theStart&apos;
10:47:16,482 [Thread-90] DEBUG org.activiti.engine.impl.persistence.entity.HistoricProcessInstanceEntity.insertHistoricProcessInstance  - ==&gt; Parameters: 130(String), 130(String), null, idGeneratorDataSource:1:3(String), 2015-01-01 00:00:00.0(Timestamp), null, null, null, theStart(String), null, null, null, (String), null
10:47:16,482 [Thread-83] DEBUG org.activiti.engine.impl.history.DefaultHistoryManager  - Current history level: FULL, level required: ACTIVITY
10:47:16,482 [Thread-90] DEBUG org.activiti.engine.impl.persistence.entity.HistoricProcessInstanceEntity.insertHistoricProcessInstance  - &lt;==    Updates: 1
10:47:16,482 [Thread-83] DEBUG org.activiti.engine.impl.pvm.runtime.AtomicOperationTransitionNotifyListenerTake  - ProcessInstance[131] takes transition (theStart)--flow1--&gt;(javaService)
10:47:16,482 [Thread-83] DEBUG org.activiti.engine.impl.history.DefaultHistoryManager  - Current history level: FULL, level required: ACTIVITY
10:47:16,482 [Thread-83] DEBUG org.activiti.engine.impl.pvm.runtime.AtomicOperationActivityExecute  - ProcessInstance[131] executes Activity(javaService): org.activiti.engine.impl.bpmn.helper.ClassDelegate
10:47:16,482 [Thread-90] DEBUG org.activiti.engine.impl.persistence.entity.HistoricActivityInstanceEntity.bulkInsertHistoricActivityInstance  - ==&gt;  Preparing: insert into ACT_HI_ACTINST ( ID_, PROC_DEF_ID_, PROC_INST_ID_, EXECUTION_ID_, ACT_ID_, TASK_ID_, CALL_PROC_INST_ID_, ACT_NAME_, ACT_TYPE_, ASSIGNEE_, START_TIME_, END_TIME_, DURATION_, TENANT_ID_ ) values (?, ?, ?, ?, ?, ?, ?, ?, ?, ?, ?, ?, ?, ?) , (?, ?, ?, ?, ?, ?, ?, ?, ?, ?, ?, ?, ?, ?) 
10:47:16,482 [Thread-83] DEBUG org.activiti.engine.impl.db.DbSqlSession  -   insert ProcessInstance[131]
10:47:16,482 [Thread-83] DEBUG org.activiti.engine.impl.db.DbSqlSession  -   insert HistoricProcessInstanceEntity[superProcessInstanceId=null]
10:47:16,482 [Thread-83] DEBUG org.activiti.engine.impl.db.DbSqlSession  -   insert HistoricActivityInstanceEntity[activityId=theStart, activityName=null]
10:47:16,482 [Thread-83] DEBUG org.activiti.engine.impl.db.DbSqlSession  -   insert HistoricActivityInstanceEntity[activityId=javaService, activityName=Java service invocation]
10:47:16,482 [Thread-83] DEBUG org.activiti.engine.impl.db.DbSqlSession  - flush summary: 4 insert, 0 update, 0 delete.
10:47:16,482 [Thread-83] DEBUG org.activiti.engine.impl.db.DbSqlSession  - now executing flush...
10:47:16,482 [Thread-83] DEBUG org.activiti.engine.impl.db.DbSqlSession  - inserting: HistoricProcessInstanceEntity[superProcessInstanceId=null]
10:47:16,482 [Thread-90] DEBUG org.activiti.engine.impl.persistence.entity.HistoricActivityInstanceEntity.bulkInsertHistoricActivityInstance  - ==&gt; Parameters: 132(String), idGeneratorDataSource:1:3(String), 130(String), 130(String), theStart(String), null, null, null, startEvent(String), null, 2015-01-01 00:00:00.0(Timestamp), 2015-01-01 00:00:00.0(Timestamp), 0(Long), (String), 134(String), idGeneratorDataSource:1:3(String), 130(String), 130(String), javaService(String), null, null, Java service invocation(String), serviceTask(String), null, 2015-01-01 00:00:00.0(Timestamp), null, null, (String)
10:47:16,482 [Thread-83] DEBUG org.activiti.engine.impl.persistence.entity.HistoricProcessInstanceEntity.insertHistoricProcessInstance  - ==&gt;  Preparing: insert into ACT_HI_PROCINST ( ID_, PROC_INST_ID_, BUSINESS_KEY_, PROC_DEF_ID_, START_TIME_, END_TIME_, DURATION_, START_USER_ID_, START_ACT_ID_, END_ACT_ID_, SUPER_PROCESS_INSTANCE_ID_, DELETE_REASON_, TENANT_ID_, NAME_ ) values ( ?, ?, ?, ?, ?, ?, ?, ?, ?, ?, ?, ?, ?, ? ) 
10:47:16,482 [Thread-90] DEBUG org.activiti.engine.impl.persistence.entity.HistoricActivityInstanceEntity.bulkInsertHistoricActivityInstance  - &lt;==    Updates: 2
10:47:16,482 [Thread-90] DEBUG org.activiti.engine.impl.db.DbSqlSession  - inserting: ProcessInstance[130]
10:47:16,482 [Thread-83] DEBUG org.activiti.engine.impl.persistence.entity.HistoricProcessInstanceEntity.insertHistoricProcessInstance  - ==&gt; Parameters: 131(String), 131(String), null, idGeneratorDataSource:1:3(String), 2015-01-01 00:00:00.0(Timestamp), null, null, null, theStart(String), null, null, null, (String), null
10:47:16,482 [Thread-90] DEBUG org.activiti.engine.impl.persistence.entity.ExecutionEntity.insertExecution  - ==&gt;  Preparing: insert into ACT_RU_EXECUTION (ID_, REV_, PROC_INST_ID_, BUSINESS_KEY_, PROC_DEF_ID_, ACT_ID_, IS_ACTIVE_, IS_CONCURRENT_, IS_SCOPE_,IS_EVENT_SCOPE_, PARENT_ID_, SUPER_EXEC_, SUSPENSION_STATE_, CACHED_ENT_STATE_, TENANT_ID_, NAME_) values ( ?, 1, ?, ?, ?, ?, ?, ?, ?, ?, ?, ?, ?, ?, ?, ? ) 
10:47:16,483 [Thread-90] DEBUG org.activiti.engine.impl.persistence.entity.ExecutionEntity.insertExecution  - ==&gt; Parameters: 130(String), 130(String), null, idGeneratorDataSource:1:3(String), javaService(String), true(Boolean), false(Boolean), true(Boolean), false(Boolean), null, null, 1(Integer), 2(Integer), (String), null
10:47:16,483 [Thread-90] DEBUG org.activiti.engine.impl.persistence.entity.ExecutionEntity.insertExecution  - &lt;==    Updates: 1
10:47:16,483 [Thread-90] DEBUG org.activiti.engine.impl.cfg.standalone.StandaloneMybatisTransactionContext  - firing event committing...
10:47:16,483 [Thread-90] DEBUG org.activiti.engine.impl.cfg.standalone.StandaloneMybatisTransactionContext  - committing the ibatis sql session...
10:47:16,483 [Thread-90] DEBUG org.apache.ibatis.transaction.jdbc.JdbcTransaction  - Committing JDBC Connection [conn53: url=jdbc:h2:mem:activiti user=SA]
10:47:16,483 [Thread-90] DEBUG org.activiti.engine.impl.cfg.standalone.StandaloneMybatisTransactionContext  - firing event committed...
10:47:16,483 [Thread-83] DEBUG org.activiti.engine.impl.persistence.entity.HistoricProcessInstanceEntity.insertHistoricProcessInstance  - &lt;==    Updates: 1
10:47:16,483 [Thread-90] DEBUG org.apache.ibatis.transaction.jdbc.JdbcTransaction  - Resetting autocommit to true on JDBC Connection [conn53: url=jdbc:h2:mem:activiti user=SA]
10:47:16,483 [Thread-83] DEBUG org.activiti.engine.impl.persistence.entity.HistoricActivityInstanceEntity.bulkInsertHistoricActivityInstance  - ==&gt;  Preparing: insert into ACT_HI_ACTINST ( ID_, PROC_DEF_ID_, PROC_INST_ID_, EXECUTION_ID_, ACT_ID_, TASK_ID_, CALL_PROC_INST_ID_, ACT_NAME_, ACT_TYPE_, ASSIGNEE_, START_TIME_, END_TIME_, DURATION_, TENANT_ID_ ) values (?, ?, ?, ?, ?, ?, ?, ?, ?, ?, ?, ?, ?, ?) , (?, ?, ?, ?, ?, ?, ?, ?, ?, ?, ?, ?, ?, ?) 
10:47:16,483 [Thread-83] DEBUG org.activiti.engine.impl.persistence.entity.HistoricActivityInstanceEntity.bulkInsertHistoricActivityInstance  - ==&gt; Parameters: 133(String), idGeneratorDataSource:1:3(String), 131(String), 131(String), theStart(String), null, null, null, startEvent(String), null, 2015-01-01 00:00:00.0(Timestamp), 2015-01-01 00:00:00.0(Timestamp), 0(Long), (String), 135(String), idGeneratorDataSource:1:3(String), 131(String), 131(String), javaService(String), null, null, Java service invocation(String), serviceTask(String), null, 2015-01-01 00:00:00.0(Timestamp), null, null, (String)
10:47:16,483 [Thread-90] DEBUG org.apache.ibatis.transaction.jdbc.JdbcTransaction  - Closing JDBC Connection [conn53: url=jdbc:h2:mem:activiti user=SA]
10:47:16,483 [Thread-83] DEBUG org.activiti.engine.impl.persistence.entity.HistoricActivityInstanceEntity.bulkInsertHistoricActivityInstance  - &lt;==    Updates: 2
10:47:16,483 [Thread-83] DEBUG org.activiti.engine.impl.db.DbSqlSession  - inserting: ProcessInstance[131]
10:47:16,483 [Thread-83] DEBUG org.activiti.engine.impl.persistence.entity.ExecutionEntity.insertExecution  - ==&gt;  Preparing: insert into ACT_RU_EXECUTION (ID_, REV_, PROC_INST_ID_, BUSINESS_KEY_, PROC_DEF_ID_, ACT_ID_, IS_ACTIVE_, IS_CONCURRENT_, IS_SCOPE_,IS_EVENT_SCOPE_, PARENT_ID_, SUPER_EXEC_, SUSPENSION_STATE_, CACHED_ENT_STATE_, TENANT_ID_, NAME_) values ( ?, 1, ?, ?, ?, ?, ?, ?, ?, ?, ?, ?, ?, ?, ?, ? ) 
10:47:16,483 [Thread-90] DEBUG org.apache.ibatis.datasource.pooled.PooledDataSource  - Returned connection 826925275 to pool.
10:47:16,483 [Thread-83] DEBUG org.activiti.engine.impl.persistence.entity.ExecutionEntity.insertExecution  - ==&gt; Parameters: 131(String), 131(String), null, idGeneratorDataSource:1:3(String), javaService(String), true(Boolean), false(Boolean), true(Boolean), false(Boolean), null, null, 1(Integer), 2(Integer), (String), null
10:47:16,483 [Thread-82] DEBUG org.apache.ibatis.datasource.pooled.PooledDataSource  - Checked out connection 826925275 from pool.
10:47:16,483 [Thread-90] DEBUG org.activiti.engine.impl.interceptor.LogInterceptor  - --- StartProcessInstanceCmd finished --------------------------------------------------------
10:47:16,483 [Thread-89] DEBUG org.apache.ibatis.datasource.pooled.PooledDataSource  - Waiting as long as 20000 milliseconds for connection.
10:47:16,483 [Thread-90] DEBUG org.activiti.engine.impl.interceptor.LogInterceptor  - 

10:47:16,483 [Thread-82] DEBUG org.apache.ibatis.transaction.jdbc.JdbcTransaction  - Setting autocommit to false on JDBC Connection [conn53: url=jdbc:h2:mem:activiti user=SA]
10:47:16,483 [Thread-83] DEBUG org.activiti.engine.impl.persistence.entity.ExecutionEntity.insertExecution  - &lt;==    Updates: 1
10:47:16,483 [Thread-83] DEBUG org.activiti.engine.impl.cfg.standalone.StandaloneMybatisTransactionContext  - firing event committing...
10:47:16,483 [Thread-83] DEBUG org.activiti.engine.impl.cfg.standalone.StandaloneMybatisTransactionContext  - committing the ibatis sql session...
10:47:16,483 [Thread-83] DEBUG org.apache.ibatis.transaction.jdbc.JdbcTransaction  - Committing JDBC Connection [conn55: url=jdbc:h2:mem:activiti user=SA]
10:47:16,483 [Thread-82] DEBUG org.activiti.engine.impl.persistence.entity.ProcessDefinitionEntity.selectLatestProcessDefinitionByKey  - ==&gt;  Preparing: select * from ACT_RE_PROCDEF where KEY_ = ? and (TENANT_ID_ = &apos;&apos; or TENANT_ID_ is null) and VERSION_ = (select max(VERSION_) from ACT_RE_PROCDEF where KEY_ = ? and (TENANT_ID_ = &apos;&apos; or TENANT_ID_ is null)) 
10:47:16,483 [Thread-90] DEBUG org.activiti.engine.impl.interceptor.LogInterceptor  - 

10:47:16,484 [Thread-90] DEBUG org.activiti.engine.impl.interceptor.LogInterceptor  - --- starting StartProcessInstanceCmd --------------------------------------------------------
10:47:16,483 [Thread-88] DEBUG org.apache.ibatis.datasource.pooled.PooledDataSource  - Waiting as long as 20000 milliseconds for connection.
10:47:16,484 [Thread-90] DEBUG org.apache.ibatis.transaction.jdbc.JdbcTransaction  - Opening JDBC Connection
10:47:16,483 [Thread-82] DEBUG org.activiti.engine.impl.persistence.entity.ProcessDefinitionEntity.selectLatestProcessDefinitionByKey  - ==&gt; Parameters: idGeneratorDataSource(String), idGeneratorDataSource(String)
10:47:16,483 [Thread-83] DEBUG org.activiti.engine.impl.cfg.standalone.StandaloneMybatisTransactionContext  - firing event committed...
10:47:16,484 [Thread-83] DEBUG org.apache.ibatis.transaction.jdbc.JdbcTransaction  - Resetting autocommit to true on JDBC Connection [conn55: url=jdbc:h2:mem:activiti user=SA]
10:47:16,484 [Thread-83] DEBUG org.apache.ibatis.transaction.jdbc.JdbcTransaction  - Closing JDBC Connection [conn55: url=jdbc:h2:mem:activiti user=SA]
10:47:16,484 [Thread-92] DEBUG org.apache.ibatis.datasource.pooled.PooledDataSource  - Waiting as long as 20000 milliseconds for connection.
10:47:16,484 [Thread-82] DEBUG org.activiti.engine.impl.persistence.entity.ProcessDefinitionEntity.selectLatestProcessDefinitionByKey  - &lt;==      Total: 1
10:47:16,484 [Thread-93] DEBUG org.apache.ibatis.datasource.pooled.PooledDataSource  - Waiting as long as 20000 milliseconds for connection.
10:47:16,484 [Thread-82] DEBUG org.activiti.engine.impl.interceptor.LogInterceptor  - 

10:47:16,484 [Thread-82] DEBUG org.activiti.engine.impl.interceptor.LogInterceptor  - --- starting GetNextIdBlockCmd --------------------------------------------------------
10:47:16,484 [Thread-82] DEBUG org.apache.ibatis.transaction.jdbc.JdbcTransaction  - Opening JDBC Connection
10:47:16,484 [Thread-82] DEBUG org.apache.ibatis.datasource.pooled.PooledDataSource  - Checked out connection 1094226572 from pool.
10:47:16,484 [Thread-82] DEBUG org.apache.ibatis.transaction.jdbc.JdbcTransaction  - Setting autocommit to false on JDBC Connection [conn54: url=jdbc:h2:mem:activiti user=SA]
10:47:16,484 [Thread-82] DEBUG org.activiti.engine.impl.persistence.entity.PropertyEntity.selectProperty  - ==&gt;  Preparing: select * from ACT_GE_PROPERTY where NAME_ = ? 
10:47:16,484 [Thread-82] DEBUG org.activiti.engine.impl.persistence.entity.PropertyEntity.selectProperty  - ==&gt; Parameters: next.dbid(String)
10:47:16,484 [Thread-95] DEBUG org.apache.ibatis.datasource.pooled.PooledDataSource  - Waiting as long as 20000 milliseconds for connection.
10:47:16,484 [Thread-82] DEBUG org.activiti.engine.impl.persistence.entity.PropertyEntity.selectProperty  - &lt;==      Total: 1
10:47:16,484 [Thread-82] DEBUG org.activiti.engine.impl.db.DbSqlSession  -   update PropertyEntity[name=next.dbid, value=139]
10:47:16,484 [Thread-82] DEBUG org.activiti.engine.impl.db.DbSqlSession  - flush summary: 0 insert, 1 update, 0 delete.
10:47:16,484 [Thread-82] DEBUG org.activiti.engine.impl.db.DbSqlSession  - now executing flush...
10:47:16,484 [Thread-82] DEBUG org.activiti.engine.impl.db.DbSqlSession  - updating: PropertyEntity[name=next.dbid, value=139]
10:47:16,484 [Thread-82] DEBUG org.activiti.engine.impl.persistence.entity.PropertyEntity.updateProperty  - ==&gt;  Preparing: update ACT_GE_PROPERTY SET REV_ = ?, VALUE_ = ? where NAME_ = ? and REV_ = ? 
10:47:16,484 [Thread-82] DEBUG org.activiti.engine.impl.persistence.entity.PropertyEntity.updateProperty  - ==&gt; Parameters: 47(Integer), 139(String), next.dbid(String), 46(Integer)
10:47:16,485 [Thread-82] DEBUG org.activiti.engine.impl.persistence.entity.PropertyEntity.updateProperty  - &lt;==    Updates: 1
10:47:16,485 [Thread-82] DEBUG org.activiti.engine.impl.cfg.standalone.StandaloneMybatisTransactionContext  - firing event committing...
10:47:16,485 [Thread-82] DEBUG org.activiti.engine.impl.cfg.standalone.StandaloneMybatisTransactionContext  - committing the ibatis sql session...
10:47:16,485 [Thread-82] DEBUG org.apache.ibatis.transaction.jdbc.JdbcTransaction  - Committing JDBC Connection [conn54: url=jdbc:h2:mem:activiti user=SA]
10:47:16,485 [Thread-82] DEBUG org.activiti.engine.impl.cfg.standalone.StandaloneMybatisTransactionContext  - firing event committed...
10:47:16,485 [Thread-82] DEBUG org.apache.ibatis.transaction.jdbc.JdbcTransaction  - Resetting autocommit to true on JDBC Connection [conn54: url=jdbc:h2:mem:activiti user=SA]
10:47:16,485 [Thread-82] DEBUG org.apache.ibatis.transaction.jdbc.JdbcTransaction  - Closing JDBC Connection [conn54: url=jdbc:h2:mem:activiti user=SA]
10:47:16,485 [Thread-82] DEBUG org.apache.ibatis.datasource.pooled.PooledDataSource  - Returned connection 1094226572 to pool.
10:47:16,485 [Thread-82] DEBUG org.activiti.engine.impl.interceptor.LogInterceptor  - --- GetNextIdBlockCmd finished --------------------------------------------------------
10:47:16,485 [Thread-82] DEBUG org.activiti.engine.impl.interceptor.LogInterceptor  - 

10:47:16,484 [Thread-94] DEBUG org.apache.ibatis.datasource.pooled.PooledDataSource  - Waiting as long as 20000 milliseconds for connection.
10:47:16,485 [Thread-82] DEBUG org.activiti.engine.impl.persistence.entity.ExecutionEntity  - initializing ProcessInstance[136]
10:47:16,485 [Thread-82] DEBUG org.activiti.engine.impl.history.DefaultHistoryManager  - Current history level: FULL, level required: ACTIVITY
10:47:16,485 [Thread-82] DEBUG org.activiti.engine.impl.pvm.runtime.AtomicOperationActivityExecute  - ProcessInstance[136] executes Activity(theStart): org.activiti.engine.impl.bpmn.behavior.NoneStartEventActivityBehavior
10:47:16,485 [Thread-82] DEBUG org.activiti.engine.impl.persistence.entity.JobEntity.selectJobsByExecutionId  - ==&gt;  Preparing: select * from ACT_RU_JOB J where J.EXECUTION_ID_ = ? 
10:47:16,485 [Thread-82] DEBUG org.activiti.engine.impl.persistence.entity.JobEntity.selectJobsByExecutionId  - ==&gt; Parameters: 136(String)
10:47:16,485 [Thread-82] DEBUG org.activiti.engine.impl.persistence.entity.JobEntity.selectJobsByExecutionId  - &lt;==      Total: 0
10:47:16,485 [Thread-97] DEBUG org.apache.ibatis.datasource.pooled.PooledDataSource  - Waiting as long as 20000 milliseconds for connection.
10:47:16,485 [Thread-82] DEBUG org.activiti.engine.impl.bpmn.behavior.BpmnActivityBehavior  - Leaving activity &apos;theStart&apos;
10:47:16,485 [Thread-85] DEBUG org.apache.ibatis.datasource.pooled.PooledDataSource  - Waiting as long as 20000 milliseconds for connection.
10:47:16,485 [Thread-82] DEBUG org.activiti.engine.impl.history.DefaultHistoryManager  - Current history level: FULL, level required: ACTIVITY
10:47:16,485 [Thread-82] DEBUG org.activiti.engine.impl.pvm.runtime.AtomicOperationTransitionNotifyListenerTake  - ProcessInstance[136] takes transition (theStart)--flow1--&gt;(javaService)
10:47:16,485 [Thread-82] DEBUG org.activiti.engine.impl.history.DefaultHistoryManager  - Current history level: FULL, level required: ACTIVITY
10:47:16,485 [Thread-100] DEBUG org.apache.ibatis.datasource.pooled.PooledDataSource  - Waiting as long as 20000 milliseconds for connection.
10:47:16,485 [Thread-82] DEBUG org.activiti.engine.impl.pvm.runtime.AtomicOperationActivityExecute  - ProcessInstance[136] executes Activity(javaService): org.activiti.engine.impl.bpmn.helper.ClassDelegate
10:47:16,485 [Thread-82] DEBUG org.activiti.engine.impl.db.DbSqlSession  -   insert ProcessInstance[136]
10:47:16,485 [Thread-82] DEBUG org.activiti.engine.impl.db.DbSqlSession  -   insert HistoricProcessInstanceEntity[superProcessInstanceId=null]
10:47:16,485 [Thread-82] DEBUG org.activiti.engine.impl.db.DbSqlSession  -   insert HistoricActivityInstanceEntity[activityId=theStart, activityName=null]
10:47:16,485 [Thread-99] DEBUG org.apache.ibatis.datasource.pooled.PooledDataSource  - Waiting as long as 20000 milliseconds for connection.
10:47:16,485 [Thread-82] DEBUG org.activiti.engine.impl.db.DbSqlSession  -   insert HistoricActivityInstanceEntity[activityId=javaService, activityName=Java service invocation]
10:47:16,485 [Thread-82] DEBUG org.activiti.engine.impl.db.DbSqlSession  - flush summary: 4 insert, 0 update, 0 delete.
10:47:16,486 [Thread-82] DEBUG org.activiti.engine.impl.db.DbSqlSession  - now executing flush...
10:47:16,486 [Thread-82] DEBUG org.activiti.engine.impl.db.DbSqlSession  - inserting: HistoricProcessInstanceEntity[superProcessInstanceId=null]
10:47:16,485 [Thread-83] DEBUG org.apache.ibatis.datasource.pooled.PooledDataSource  - Returned connection 14606730 to pool.
10:47:16,486 [Thread-82] DEBUG org.activiti.engine.impl.persistence.entity.HistoricProcessInstanceEntity.insertHistoricProcessInstance  - ==&gt;  Preparing: insert into ACT_HI_PROCINST ( ID_, PROC_INST_ID_, BUSINESS_KEY_, PROC_DEF_ID_, START_TIME_, END_TIME_, DURATION_, START_USER_ID_, START_ACT_ID_, END_ACT_ID_, SUPER_PROCESS_INSTANCE_ID_, DELETE_REASON_, TENANT_ID_, NAME_ ) values ( ?, ?, ?, ?, ?, ?, ?, ?, ?, ?, ?, ?, ?, ? ) 
10:47:16,486 [Thread-90] DEBUG org.apache.ibatis.datasource.pooled.PooledDataSource  - Checked out connection 14606730 from pool.
10:47:16,486 [Thread-83] DEBUG org.activiti.engine.impl.interceptor.LogInterceptor  - --- StartProcessInstanceCmd finished --------------------------------------------------------
10:47:16,486 [Thread-83] DEBUG org.activiti.engine.impl.interceptor.LogInterceptor  - 

10:47:16,486 [Thread-83] DEBUG org.activiti.engine.impl.interceptor.LogInterceptor  - 

10:47:16,486 [Thread-83] DEBUG org.activiti.engine.impl.interceptor.LogInterceptor  - --- starting StartProcessInstanceCmd --------------------------------------------------------
10:47:16,486 [Thread-83] DEBUG org.apache.ibatis.transaction.jdbc.JdbcTransaction  - Opening JDBC Connection
10:47:16,486 [Thread-99] DEBUG org.apache.ibatis.datasource.pooled.PooledDataSource  - Waiting as long as 20000 milliseconds for connection.
10:47:16,486 [Thread-90] DEBUG org.apache.ibatis.transaction.jdbc.JdbcTransaction  - Setting autocommit to false on JDBC Connection [conn55: url=jdbc:h2:mem:activiti user=SA]
10:47:16,486 [Thread-90] DEBUG org.activiti.engine.impl.persistence.entity.ProcessDefinitionEntity.selectLatestProcessDefinitionByKey  - ==&gt;  Preparing: select * from ACT_RE_PROCDEF where KEY_ = ? and (TENANT_ID_ = &apos;&apos; or TENANT_ID_ is null) and VERSION_ = (select max(VERSION_) from ACT_RE_PROCDEF where KEY_ = ? and (TENANT_ID_ = &apos;&apos; or TENANT_ID_ is null)) 
10:47:16,486 [Thread-82] DEBUG org.activiti.engine.impl.persistence.entity.HistoricProcessInstanceEntity.insertHistoricProcessInstance  - ==&gt; Parameters: 136(String), 136(String), null, idGeneratorDataSource:1:3(String), 2015-01-01 00:00:00.0(Timestamp), null, null, null, theStart(String), null, null, null, (String), null
10:47:16,486 [Thread-90] DEBUG org.activiti.engine.impl.persistence.entity.ProcessDefinitionEntity.selectLatestProcessDefinitionByKey  - ==&gt; Parameters: idGeneratorDataSource(String), idGeneratorDataSource(String)
10:47:16,486 [Thread-90] DEBUG org.activiti.engine.impl.persistence.entity.ProcessDefinitionEntity.selectLatestProcessDefinitionByKey  - &lt;==      Total: 1
10:47:16,486 [Thread-100] DEBUG org.apache.ibatis.datasource.pooled.PooledDataSource  - Waiting as long as 20000 milliseconds for connection.
10:47:16,486 [Thread-90] DEBUG org.activiti.engine.impl.interceptor.LogInterceptor  - 

10:47:16,486 [Thread-90] DEBUG org.activiti.engine.impl.interceptor.LogInterceptor  - --- starting GetNextIdBlockCmd --------------------------------------------------------
10:47:16,486 [Thread-90] DEBUG org.apache.ibatis.transaction.jdbc.JdbcTransaction  - Opening JDBC Connection
10:47:16,486 [Thread-90] DEBUG org.apache.ibatis.datasource.pooled.PooledDataSource  - Checked out connection 1094226572 from pool.
10:47:16,486 [Thread-82] DEBUG org.activiti.engine.impl.persistence.entity.HistoricProcessInstanceEntity.insertHistoricProcessInstance  - &lt;==    Updates: 1
10:47:16,486 [Thread-90] DEBUG org.apache.ibatis.transaction.jdbc.JdbcTransaction  - Setting autocommit to false on JDBC Connection [conn54: url=jdbc:h2:mem:activiti user=SA]
10:47:16,486 [Thread-90] DEBUG org.activiti.engine.impl.persistence.entity.PropertyEntity.selectProperty  - ==&gt;  Preparing: select * from ACT_GE_PROPERTY where NAME_ = ? 
10:47:16,486 [Thread-90] DEBUG org.activiti.engine.impl.persistence.entity.PropertyEntity.selectProperty  - ==&gt; Parameters: next.dbid(String)
10:47:16,486 [Thread-85] DEBUG org.apache.ibatis.datasource.pooled.PooledDataSource  - Waiting as long as 20000 milliseconds for connection.
10:47:16,486 [Thread-97] DEBUG org.apache.ibatis.datasource.pooled.PooledDataSource  - Waiting as long as 20000 milliseconds for connection.
10:47:16,487 [Thread-94] DEBUG org.apache.ibatis.datasource.pooled.PooledDataSource  - Waiting as long as 20000 milliseconds for connection.
10:47:16,487 [Thread-95] DEBUG org.apache.ibatis.datasource.pooled.PooledDataSource  - Waiting as long as 20000 milliseconds for connection.
10:47:16,487 [Thread-93] DEBUG org.apache.ibatis.datasource.pooled.PooledDataSource  - Waiting as long as 20000 milliseconds for connection.
10:47:16,486 [Thread-90] DEBUG org.activiti.engine.impl.persistence.entity.PropertyEntity.selectProperty  - &lt;==      Total: 1
10:47:16,486 [Thread-82] DEBUG org.activiti.engine.impl.persistence.entity.HistoricActivityInstanceEntity.bulkInsertHistoricActivityInstance  - ==&gt;  Preparing: insert into ACT_HI_ACTINST ( ID_, PROC_DEF_ID_, PROC_INST_ID_, EXECUTION_ID_, ACT_ID_, TASK_ID_, CALL_PROC_INST_ID_, ACT_NAME_, ACT_TYPE_, ASSIGNEE_, START_TIME_, END_TIME_, DURATION_, TENANT_ID_ ) values (?, ?, ?, ?, ?, ?, ?, ?, ?, ?, ?, ?, ?, ?) , (?, ?, ?, ?, ?, ?, ?, ?, ?, ?, ?, ?, ?, ?) 
10:47:16,487 [Thread-90] DEBUG org.activiti.engine.impl.db.DbSqlSession  -   update PropertyEntity[name=next.dbid, value=142]
10:47:16,487 [Thread-90] DEBUG org.activiti.engine.impl.db.DbSqlSession  - flush summary: 0 insert, 1 update, 0 delete.
10:47:16,487 [Thread-90] DEBUG org.activiti.engine.impl.db.DbSqlSession  - now executing flush...
10:47:16,487 [Thread-92] DEBUG org.apache.ibatis.datasource.pooled.PooledDataSource  - Waiting as long as 20000 milliseconds for connection.
10:47:16,487 [Thread-90] DEBUG org.activiti.engine.impl.db.DbSqlSession  - updating: PropertyEntity[name=next.dbid, value=142]
10:47:16,487 [Thread-82] DEBUG org.activiti.engine.impl.persistence.entity.HistoricActivityInstanceEntity.bulkInsertHistoricActivityInstance  - ==&gt; Parameters: 137(String), idGeneratorDataSource:1:3(String), 136(String), 136(String), theStart(String), null, null, null, startEvent(String), null, 2015-01-01 00:00:00.0(Timestamp), 2015-01-01 00:00:00.0(Timestamp), 0(Long), (String), 138(String), idGeneratorDataSource:1:3(String), 136(String), 136(String), javaService(String), null, null, Java service invocation(String), serviceTask(String), null, 2015-01-01 00:00:00.0(Timestamp), null, null, (String)
10:47:16,487 [Thread-90] DEBUG org.activiti.engine.impl.persistence.entity.PropertyEntity.updateProperty  - ==&gt;  Preparing: update ACT_GE_PROPERTY SET REV_ = ?, VALUE_ = ? where NAME_ = ? and REV_ = ? 
10:47:16,487 [Thread-88] DEBUG org.apache.ibatis.datasource.pooled.PooledDataSource  - Waiting as long as 20000 milliseconds for connection.
10:47:16,487 [Thread-90] DEBUG org.activiti.engine.impl.persistence.entity.PropertyEntity.updateProperty  - ==&gt; Parameters: 48(Integer), 142(String), next.dbid(String), 47(Integer)
10:47:16,487 [Thread-82] DEBUG org.activiti.engine.impl.persistence.entity.HistoricActivityInstanceEntity.bulkInsertHistoricActivityInstance  - &lt;==    Updates: 2
10:47:16,487 [Thread-82] DEBUG org.activiti.engine.impl.db.DbSqlSession  - inserting: ProcessInstance[136]
10:47:16,487 [Thread-90] DEBUG org.activiti.engine.impl.persistence.entity.PropertyEntity.updateProperty  - &lt;==    Updates: 1
10:47:16,487 [Thread-89] DEBUG org.apache.ibatis.datasource.pooled.PooledDataSource  - Waiting as long as 20000 milliseconds for connection.
10:47:16,487 [Thread-90] DEBUG org.activiti.engine.impl.cfg.standalone.StandaloneMybatisTransactionContext  - firing event committing...
10:47:16,487 [Thread-90] DEBUG org.activiti.engine.impl.cfg.standalone.StandaloneMybatisTransactionContext  - committing the ibatis sql session...
10:47:16,487 [Thread-90] DEBUG org.apache.ibatis.transaction.jdbc.JdbcTransaction  - Committing JDBC Connection [conn54: url=jdbc:h2:mem:activiti user=SA]
10:47:16,487 [Thread-90] DEBUG org.activiti.engine.impl.cfg.standalone.StandaloneMybatisTransactionContext  - firing event committed...
10:47:16,487 [Thread-90] DEBUG org.apache.ibatis.transaction.jdbc.JdbcTransaction  - Resetting autocommit to true on JDBC Connection [conn54: url=jdbc:h2:mem:activiti user=SA]
10:47:16,487 [Thread-90] DEBUG org.apache.ibatis.transaction.jdbc.JdbcTransaction  - Closing JDBC Connection [conn54: url=jdbc:h2:mem:activiti user=SA]
10:47:16,487 [Thread-90] DEBUG org.apache.ibatis.datasource.pooled.PooledDataSource  - Returned connection 1094226572 to pool.
10:47:16,487 [Thread-82] DEBUG org.activiti.engine.impl.persistence.entity.ExecutionEntity.insertExecution  - ==&gt;  Preparing: insert into ACT_RU_EXECUTION (ID_, REV_, PROC_INST_ID_, BUSINESS_KEY_, PROC_DEF_ID_, ACT_ID_, IS_ACTIVE_, IS_CONCURRENT_, IS_SCOPE_,IS_EVENT_SCOPE_, PARENT_ID_, SUPER_EXEC_, SUSPENSION_STATE_, CACHED_ENT_STATE_, TENANT_ID_, NAME_) values ( ?, 1, ?, ?, ?, ?, ?, ?, ?, ?, ?, ?, ?, ?, ?, ? ) 
10:47:16,487 [Thread-90] DEBUG org.activiti.engine.impl.interceptor.LogInterceptor  - --- GetNextIdBlockCmd finished --------------------------------------------------------
10:47:16,487 [Thread-90] DEBUG org.activiti.engine.impl.interceptor.LogInterceptor  - 

10:47:16,487 [Thread-90] DEBUG org.activiti.engine.impl.persistence.entity.ExecutionEntity  - initializing ProcessInstance[139]
10:47:16,487 [Thread-83] DEBUG org.apache.ibatis.datasource.pooled.PooledDataSource  - Waiting as long as 20000 milliseconds for connection.
10:47:16,488 [Thread-90] DEBUG org.activiti.engine.impl.history.DefaultHistoryManager  - Current history level: FULL, level required: ACTIVITY
10:47:16,487 [Thread-82] DEBUG org.activiti.engine.impl.persistence.entity.ExecutionEntity.insertExecution  - ==&gt; Parameters: 136(String), 136(String), null, idGeneratorDataSource:1:3(String), javaService(String), true(Boolean), false(Boolean), true(Boolean), false(Boolean), null, null, 1(Integer), 2(Integer), (String), null
10:47:16,488 [Thread-90] DEBUG org.activiti.engine.impl.pvm.runtime.AtomicOperationActivityExecute  - ProcessInstance[139] executes Activity(theStart): org.activiti.engine.impl.bpmn.behavior.NoneStartEventActivityBehavior
10:47:16,488 [Thread-82] DEBUG org.activiti.engine.impl.persistence.entity.ExecutionEntity.insertExecution  - &lt;==    Updates: 1
10:47:16,488 [Thread-90] DEBUG org.activiti.engine.impl.persistence.entity.JobEntity.selectJobsByExecutionId  - ==&gt;  Preparing: select * from ACT_RU_JOB J where J.EXECUTION_ID_ = ? 
10:47:16,488 [Thread-82] DEBUG org.activiti.engine.impl.cfg.standalone.StandaloneMybatisTransactionContext  - firing event committing...
10:47:16,488 [Thread-82] DEBUG org.activiti.engine.impl.cfg.standalone.StandaloneMybatisTransactionContext  - committing the ibatis sql session...
10:47:16,488 [Thread-82] DEBUG org.apache.ibatis.transaction.jdbc.JdbcTransaction  - Committing JDBC Connection [conn53: url=jdbc:h2:mem:activiti user=SA]
10:47:16,488 [Thread-82] DEBUG org.activiti.engine.impl.cfg.standalone.StandaloneMybatisTransactionContext  - firing event committed...
10:47:16,488 [Thread-82] DEBUG org.apache.ibatis.transaction.jdbc.JdbcTransaction  - Resetting autocommit to true on JDBC Connection [conn53: url=jdbc:h2:mem:activiti user=SA]
10:47:16,488 [Thread-82] DEBUG org.apache.ibatis.transaction.jdbc.JdbcTransaction  - Closing JDBC Connection [conn53: url=jdbc:h2:mem:activiti user=SA]
10:47:16,488 [Thread-82] DEBUG org.apache.ibatis.datasource.pooled.PooledDataSource  - Returned connection 826925275 to pool.
10:47:16,488 [Thread-90] DEBUG org.activiti.engine.impl.persistence.entity.JobEntity.selectJobsByExecutionId  - ==&gt; Parameters: 139(String)
10:47:16,488 [Thread-83] DEBUG org.apache.ibatis.datasource.pooled.PooledDataSource  - Checked out connection 826925275 from pool.
10:47:16,488 [Thread-82] DEBUG org.activiti.engine.impl.interceptor.LogInterceptor  - --- StartProcessInstanceCmd finished --------------------------------------------------------
10:47:16,488 [Thread-82] DEBUG org.activiti.engine.impl.interceptor.LogInterceptor  - 

10:47:16,488 [Thread-89] DEBUG org.apache.ibatis.datasource.pooled.PooledDataSource  - Waiting as long as 20000 milliseconds for connection.
10:47:16,488 [Thread-83] DEBUG org.apache.ibatis.transaction.jdbc.JdbcTransaction  - Setting autocommit to false on JDBC Connection [conn53: url=jdbc:h2:mem:activiti user=SA]
10:47:16,488 [Thread-90] DEBUG org.activiti.engine.impl.persistence.entity.JobEntity.selectJobsByExecutionId  - &lt;==      Total: 0
10:47:16,488 [Thread-83] DEBUG org.activiti.engine.impl.persistence.entity.ProcessDefinitionEntity.selectLatestProcessDefinitionByKey  - ==&gt;  Preparing: select * from ACT_RE_PROCDEF where KEY_ = ? and (TENANT_ID_ = &apos;&apos; or TENANT_ID_ is null) and VERSION_ = (select max(VERSION_) from ACT_RE_PROCDEF where KEY_ = ? and (TENANT_ID_ = &apos;&apos; or TENANT_ID_ is null)) 
10:47:16,488 [Thread-88] DEBUG org.apache.ibatis.datasource.pooled.PooledDataSource  - Waiting as long as 20000 milliseconds for connection.
10:47:16,488 [Thread-83] DEBUG org.activiti.engine.impl.persistence.entity.ProcessDefinitionEntity.selectLatestProcessDefinitionByKey  - ==&gt; Parameters: idGeneratorDataSource(String), idGeneratorDataSource(String)
10:47:16,488 [Thread-90] DEBUG org.activiti.engine.impl.bpmn.behavior.BpmnActivityBehavior  - Leaving activity &apos;theStart&apos;
10:47:16,488 [Thread-83] DEBUG org.activiti.engine.impl.persistence.entity.ProcessDefinitionEntity.selectLatestProcessDefinitionByKey  - &lt;==      Total: 1
10:47:16,488 [Thread-92] DEBUG org.apache.ibatis.datasource.pooled.PooledDataSource  - Waiting as long as 20000 milliseconds for connection.
10:47:16,488 [Thread-83] DEBUG org.activiti.engine.impl.persistence.entity.ExecutionEntity  - initializing ProcessInstance[141]
10:47:16,488 [Thread-90] DEBUG org.activiti.engine.impl.history.DefaultHistoryManager  - Current history level: FULL, level required: ACTIVITY
10:47:16,488 [Thread-83] DEBUG org.activiti.engine.impl.history.DefaultHistoryManager  - Current history level: FULL, level required: ACTIVITY
10:47:16,488 [Thread-93] DEBUG org.apache.ibatis.datasource.pooled.PooledDataSource  - Waiting as long as 20000 milliseconds for connection.
10:47:16,488 [Thread-83] DEBUG org.activiti.engine.impl.interceptor.LogInterceptor  - 

10:47:16,488 [Thread-83] DEBUG org.activiti.engine.impl.interceptor.LogInterceptor  - --- starting GetNextIdBlockCmd --------------------------------------------------------
10:47:16,488 [Thread-90] DEBUG org.activiti.engine.impl.pvm.runtime.AtomicOperationTransitionNotifyListenerTake  - ProcessInstance[139] takes transition (theStart)--flow1--&gt;(javaService)
10:47:16,489 [Thread-83] DEBUG org.apache.ibatis.transaction.jdbc.JdbcTransaction  - Opening JDBC Connection
10:47:16,488 [Thread-95] DEBUG org.apache.ibatis.datasource.pooled.PooledDataSource  - Waiting as long as 20000 milliseconds for connection.
10:47:16,489 [Thread-83] DEBUG org.apache.ibatis.datasource.pooled.PooledDataSource  - Checked out connection 1094226572 from pool.
10:47:16,489 [Thread-90] DEBUG org.activiti.engine.impl.history.DefaultHistoryManager  - Current history level: FULL, level required: ACTIVITY
10:47:16,489 [Thread-83] DEBUG org.apache.ibatis.transaction.jdbc.JdbcTransaction  - Setting autocommit to false on JDBC Connection [conn54: url=jdbc:h2:mem:activiti user=SA]
10:47:16,489 [Thread-94] DEBUG org.apache.ibatis.datasource.pooled.PooledDataSource  - Waiting as long as 20000 milliseconds for connection.
10:47:16,489 [Thread-83] DEBUG org.activiti.engine.impl.persistence.entity.PropertyEntity.selectProperty  - ==&gt;  Preparing: select * from ACT_GE_PROPERTY where NAME_ = ? 
10:47:16,489 [Thread-97] DEBUG org.apache.ibatis.datasource.pooled.PooledDataSource  - Waiting as long as 20000 milliseconds for connection.
10:47:16,489 [Thread-83] DEBUG org.activiti.engine.impl.persistence.entity.PropertyEntity.selectProperty  - ==&gt; Parameters: next.dbid(String)
10:47:16,489 [Thread-85] DEBUG org.apache.ibatis.datasource.pooled.PooledDataSource  - Waiting as long as 20000 milliseconds for connection.
10:47:16,489 [Thread-83] DEBUG org.activiti.engine.impl.persistence.entity.PropertyEntity.selectProperty  - &lt;==      Total: 1
10:47:16,489 [Thread-100] DEBUG org.apache.ibatis.datasource.pooled.PooledDataSource  - Waiting as long as 20000 milliseconds for connection.
10:47:16,489 [Thread-83] DEBUG org.activiti.engine.impl.db.DbSqlSession  -   update PropertyEntity[name=next.dbid, value=145]
10:47:16,489 [Thread-83] DEBUG org.activiti.engine.impl.db.DbSqlSession  - flush summary: 0 insert, 1 update, 0 delete.
10:47:16,489 [Thread-83] DEBUG org.activiti.engine.impl.db.DbSqlSession  - now executing flush...
10:47:16,489 [Thread-83] DEBUG org.activiti.engine.impl.db.DbSqlSession  - updating: PropertyEntity[name=next.dbid, value=145]
10:47:16,489 [Thread-99] DEBUG org.apache.ibatis.datasource.pooled.PooledDataSource  - Waiting as long as 20000 milliseconds for connection.
10:47:16,489 [Thread-83] DEBUG org.activiti.engine.impl.persistence.entity.PropertyEntity.updateProperty  - ==&gt;  Preparing: update ACT_GE_PROPERTY SET REV_ = ?, VALUE_ = ? where NAME_ = ? and REV_ = ? 
10:47:16,489 [Thread-83] DEBUG org.activiti.engine.impl.persistence.entity.PropertyEntity.updateProperty  - ==&gt; Parameters: 49(Integer), 145(String), next.dbid(String), 48(Integer)
10:47:16,489 [Thread-83] DEBUG org.activiti.engine.impl.persistence.entity.PropertyEntity.updateProperty  - &lt;==    Updates: 1
10:47:16,489 [Thread-83] DEBUG org.activiti.engine.impl.cfg.standalone.StandaloneMybatisTransactionContext  - firing event committing...
10:47:16,489 [Thread-83] DEBUG org.activiti.engine.impl.cfg.standalone.StandaloneMybatisTransactionContext  - committing the ibatis sql session...
10:47:16,489 [Thread-83] DEBUG org.apache.ibatis.transaction.jdbc.JdbcTransaction  - Committing JDBC Connection [conn54: url=jdbc:h2:mem:activiti user=SA]
10:47:16,489 [Thread-83] DEBUG org.activiti.engine.impl.cfg.standalone.StandaloneMybatisTransactionContext  - firing event committed...
10:47:16,489 [Thread-83] DEBUG org.apache.ibatis.transaction.jdbc.JdbcTransaction  - Resetting autocommit to true on JDBC Connection [conn54: url=jdbc:h2:mem:activiti user=SA]
10:47:16,489 [Thread-83] DEBUG org.apache.ibatis.transaction.jdbc.JdbcTransaction  - Closing JDBC Connection [conn54: url=jdbc:h2:mem:activiti user=SA]
10:47:16,489 [Thread-83] DEBUG org.apache.ibatis.datasource.pooled.PooledDataSource  - Returned connection 1094226572 to pool.
10:47:16,489 [Thread-83] DEBUG org.activiti.engine.impl.interceptor.LogInterceptor  - --- GetNextIdBlockCmd finished --------------------------------------------------------
10:47:16,489 [Thread-83] DEBUG org.activiti.engine.impl.interceptor.LogInterceptor  - 

10:47:16,489 [Thread-83] DEBUG org.activiti.engine.impl.pvm.runtime.AtomicOperationActivityExecute  - ProcessInstance[141] executes Activity(theStart): org.activiti.engine.impl.bpmn.behavior.NoneStartEventActivityBehavior
10:47:16,489 [Thread-90] DEBUG org.activiti.engine.impl.pvm.runtime.AtomicOperationActivityExecute  - ProcessInstance[139] executes Activity(javaService): org.activiti.engine.impl.bpmn.helper.ClassDelegate
10:47:16,490 [Thread-83] DEBUG org.activiti.engine.impl.persistence.entity.JobEntity.selectJobsByExecutionId  - ==&gt;  Preparing: select * from ACT_RU_JOB J where J.EXECUTION_ID_ = ? 
10:47:16,490 [Thread-83] DEBUG org.activiti.engine.impl.persistence.entity.JobEntity.selectJobsByExecutionId  - ==&gt; Parameters: 141(String)
10:47:16,490 [Thread-90] DEBUG org.activiti.engine.impl.db.DbSqlSession  -   insert ProcessInstance[139]
10:47:16,490 [Thread-90] DEBUG org.activiti.engine.impl.db.DbSqlSession  -   insert HistoricProcessInstanceEntity[superProcessInstanceId=null]
10:47:16,490 [Thread-90] DEBUG org.activiti.engine.impl.db.DbSqlSession  -   insert HistoricActivityInstanceEntity[activityId=theStart, activityName=null]
10:47:16,490 [Thread-90] DEBUG org.activiti.engine.impl.db.DbSqlSession  -   insert HistoricActivityInstanceEntity[activityId=javaService, activityName=Java service invocation]
10:47:16,490 [Thread-90] DEBUG org.activiti.engine.impl.db.DbSqlSession  - flush summary: 4 insert, 0 update, 0 delete.
10:47:16,490 [Thread-90] DEBUG org.activiti.engine.impl.db.DbSqlSession  - now executing flush...
10:47:16,490 [Thread-90] DEBUG org.activiti.engine.impl.db.DbSqlSession  - inserting: HistoricProcessInstanceEntity[superProcessInstanceId=null]
10:47:16,490 [Thread-83] DEBUG org.activiti.engine.impl.persistence.entity.JobEntity.selectJobsByExecutionId  - &lt;==      Total: 0
10:47:16,490 [Thread-83] DEBUG org.activiti.engine.impl.bpmn.behavior.BpmnActivityBehavior  - Leaving activity &apos;theStart&apos;
10:47:16,490 [Thread-90] DEBUG org.activiti.engine.impl.persistence.entity.HistoricProcessInstanceEntity.insertHistoricProcessInstance  - ==&gt;  Preparing: insert into ACT_HI_PROCINST ( ID_, PROC_INST_ID_, BUSINESS_KEY_, PROC_DEF_ID_, START_TIME_, END_TIME_, DURATION_, START_USER_ID_, START_ACT_ID_, END_ACT_ID_, SUPER_PROCESS_INSTANCE_ID_, DELETE_REASON_, TENANT_ID_, NAME_ ) values ( ?, ?, ?, ?, ?, ?, ?, ?, ?, ?, ?, ?, ?, ? ) 
10:47:16,490 [Thread-83] DEBUG org.activiti.engine.impl.history.DefaultHistoryManager  - Current history level: FULL, level required: ACTIVITY
10:47:16,490 [Thread-90] DEBUG org.activiti.engine.impl.persistence.entity.HistoricProcessInstanceEntity.insertHistoricProcessInstance  - ==&gt; Parameters: 139(String), 139(String), null, idGeneratorDataSource:1:3(String), 2015-01-01 00:00:00.0(Timestamp), null, null, null, theStart(String), null, null, null, (String), null
10:47:16,490 [Thread-83] DEBUG org.activiti.engine.impl.pvm.runtime.AtomicOperationTransitionNotifyListenerTake  - ProcessInstance[141] takes transition (theStart)--flow1--&gt;(javaService)
10:47:16,490 [Thread-90] DEBUG org.activiti.engine.impl.persistence.entity.HistoricProcessInstanceEntity.insertHistoricProcessInstance  - &lt;==    Updates: 1
10:47:16,490 [Thread-83] DEBUG org.activiti.engine.impl.history.DefaultHistoryManager  - Current history level: FULL, level required: ACTIVITY
10:47:16,490 [Thread-83] DEBUG org.activiti.engine.impl.pvm.runtime.AtomicOperationActivityExecute  - ProcessInstance[141] executes Activity(javaService): org.activiti.engine.impl.bpmn.helper.ClassDelegate
10:47:16,490 [Thread-83] DEBUG org.activiti.engine.impl.db.DbSqlSession  -   insert ProcessInstance[141]
10:47:16,490 [Thread-83] DEBUG org.activiti.engine.impl.db.DbSqlSession  -   insert HistoricProcessInstanceEntity[superProcessInstanceId=null]
10:47:16,490 [Thread-90] DEBUG org.activiti.engine.impl.persistence.entity.HistoricActivityInstanceEntity.bulkInsertHistoricActivityInstance  - ==&gt;  Preparing: insert into ACT_HI_ACTINST ( ID_, PROC_DEF_ID_, PROC_INST_ID_, EXECUTION_ID_, ACT_ID_, TASK_ID_, CALL_PROC_INST_ID_, ACT_NAME_, ACT_TYPE_, ASSIGNEE_, START_TIME_, END_TIME_, DURATION_, TENANT_ID_ ) values (?, ?, ?, ?, ?, ?, ?, ?, ?, ?, ?, ?, ?, ?) , (?, ?, ?, ?, ?, ?, ?, ?, ?, ?, ?, ?, ?, ?) 
10:47:16,490 [Thread-83] DEBUG org.activiti.engine.impl.db.DbSqlSession  -   insert HistoricActivityInstanceEntity[activityId=theStart, activityName=null]
10:47:16,490 [Thread-83] DEBUG org.activiti.engine.impl.db.DbSqlSession  -   insert HistoricActivityInstanceEntity[activityId=javaService, activityName=Java service invocation]
10:47:16,490 [Thread-90] DEBUG org.activiti.engine.impl.persistence.entity.HistoricActivityInstanceEntity.bulkInsertHistoricActivityInstance  - ==&gt; Parameters: 140(String), idGeneratorDataSource:1:3(String), 139(String), 139(String), theStart(String), null, null, null, startEvent(String), null, 2015-01-01 00:00:00.0(Timestamp), 2015-01-01 00:00:00.0(Timestamp), 0(Long), (String), 143(String), idGeneratorDataSource:1:3(String), 139(String), 139(String), javaService(String), null, null, Java service invocation(String), serviceTask(String), null, 2015-01-01 00:00:00.0(Timestamp), null, null, (String)
10:47:16,491 [Thread-83] DEBUG org.activiti.engine.impl.db.DbSqlSession  - flush summary: 4 insert, 0 update, 0 delete.
10:47:16,491 [Thread-83] DEBUG org.activiti.engine.impl.db.DbSqlSession  - now executing flush...
10:47:16,491 [Thread-90] DEBUG org.activiti.engine.impl.persistence.entity.HistoricActivityInstanceEntity.bulkInsertHistoricActivityInstance  - &lt;==    Updates: 2
10:47:16,491 [Thread-83] DEBUG org.activiti.engine.impl.db.DbSqlSession  - inserting: HistoricProcessInstanceEntity[superProcessInstanceId=null]
10:47:16,491 [Thread-90] DEBUG org.activiti.engine.impl.db.DbSqlSession  - inserting: ProcessInstance[139]
10:47:16,491 [Thread-83] DEBUG org.activiti.engine.impl.persistence.entity.HistoricProcessInstanceEntity.insertHistoricProcessInstance  - ==&gt;  Preparing: insert into ACT_HI_PROCINST ( ID_, PROC_INST_ID_, BUSINESS_KEY_, PROC_DEF_ID_, START_TIME_, END_TIME_, DURATION_, START_USER_ID_, START_ACT_ID_, END_ACT_ID_, SUPER_PROCESS_INSTANCE_ID_, DELETE_REASON_, TENANT_ID_, NAME_ ) values ( ?, ?, ?, ?, ?, ?, ?, ?, ?, ?, ?, ?, ?, ? ) 
10:47:16,491 [Thread-90] DEBUG org.activiti.engine.impl.persistence.entity.ExecutionEntity.insertExecution  - ==&gt;  Preparing: insert into ACT_RU_EXECUTION (ID_, REV_, PROC_INST_ID_, BUSINESS_KEY_, PROC_DEF_ID_, ACT_ID_, IS_ACTIVE_, IS_CONCURRENT_, IS_SCOPE_,IS_EVENT_SCOPE_, PARENT_ID_, SUPER_EXEC_, SUSPENSION_STATE_, CACHED_ENT_STATE_, TENANT_ID_, NAME_) values ( ?, 1, ?, ?, ?, ?, ?, ?, ?, ?, ?, ?, ?, ?, ?, ? ) 
10:47:16,491 [Thread-90] DEBUG org.activiti.engine.impl.persistence.entity.ExecutionEntity.insertExecution  - ==&gt; Parameters: 139(String), 139(String), null, idGeneratorDataSource:1:3(String), javaService(String), true(Boolean), false(Boolean), true(Boolean), false(Boolean), null, null, 1(Integer), 2(Integer), (String), null
10:47:16,491 [Thread-83] DEBUG org.activiti.engine.impl.persistence.entity.HistoricProcessInstanceEntity.insertHistoricProcessInstance  - ==&gt; Parameters: 141(String), 141(String), null, idGeneratorDataSource:1:3(String), 2015-01-01 00:00:00.0(Timestamp), null, null, null, theStart(String), null, null, null, (String), null
10:47:16,491 [Thread-90] DEBUG org.activiti.engine.impl.persistence.entity.ExecutionEntity.insertExecution  - &lt;==    Updates: 1
10:47:16,491 [Thread-90] DEBUG org.activiti.engine.impl.cfg.standalone.StandaloneMybatisTransactionContext  - firing event committing...
10:47:16,491 [Thread-90] DEBUG org.activiti.engine.impl.cfg.standalone.StandaloneMybatisTransactionContext  - committing the ibatis sql session...
10:47:16,491 [Thread-90] DEBUG org.apache.ibatis.transaction.jdbc.JdbcTransaction  - Committing JDBC Connection [conn55: url=jdbc:h2:mem:activiti user=SA]
10:47:16,491 [Thread-90] DEBUG org.activiti.engine.impl.cfg.standalone.StandaloneMybatisTransactionContext  - firing event committed...
10:47:16,491 [Thread-83] DEBUG org.activiti.engine.impl.persistence.entity.HistoricProcessInstanceEntity.insertHistoricProcessInstance  - &lt;==    Updates: 1
10:47:16,491 [Thread-90] DEBUG org.apache.ibatis.transaction.jdbc.JdbcTransaction  - Resetting autocommit to true on JDBC Connection [conn55: url=jdbc:h2:mem:activiti user=SA]
10:47:16,491 [Thread-90] DEBUG org.apache.ibatis.transaction.jdbc.JdbcTransaction  - Closing JDBC Connection [conn55: url=jdbc:h2:mem:activiti user=SA]
10:47:16,491 [Thread-90] DEBUG org.apache.ibatis.datasource.pooled.PooledDataSource  - Returned connection 14606730 to pool.
10:47:16,491 [Thread-90] DEBUG org.activiti.engine.impl.interceptor.LogInterceptor  - --- StartProcessInstanceCmd finished --------------------------------------------------------
10:47:16,491 [Thread-90] DEBUG org.activiti.engine.impl.interceptor.LogInterceptor  - 

10:47:16,491 [Thread-99] DEBUG org.apache.ibatis.datasource.pooled.PooledDataSource  - Checked out connection 14606730 from pool.
10:47:16,491 [Thread-83] DEBUG org.activiti.engine.impl.persistence.entity.HistoricActivityInstanceEntity.bulkInsertHistoricActivityInstance  - ==&gt;  Preparing: insert into ACT_HI_ACTINST ( ID_, PROC_DEF_ID_, PROC_INST_ID_, EXECUTION_ID_, ACT_ID_, TASK_ID_, CALL_PROC_INST_ID_, ACT_NAME_, ACT_TYPE_, ASSIGNEE_, START_TIME_, END_TIME_, DURATION_, TENANT_ID_ ) values (?, ?, ?, ?, ?, ?, ?, ?, ?, ?, ?, ?, ?, ?) , (?, ?, ?, ?, ?, ?, ?, ?, ?, ?, ?, ?, ?, ?) 
10:47:16,492 [Thread-100] DEBUG org.apache.ibatis.datasource.pooled.PooledDataSource  - Waiting as long as 20000 milliseconds for connection.
10:47:16,492 [Thread-83] DEBUG org.activiti.engine.impl.persistence.entity.HistoricActivityInstanceEntity.bulkInsertHistoricActivityInstance  - ==&gt; Parameters: 142(String), idGeneratorDataSource:1:3(String), 141(String), 141(String), theStart(String), null, null, null, startEvent(String), null, 2015-01-01 00:00:00.0(Timestamp), 2015-01-01 00:00:00.0(Timestamp), 0(Long), (String), 144(String), idGeneratorDataSource:1:3(String), 141(String), 141(String), javaService(String), null, null, Java service invocation(String), serviceTask(String), null, 2015-01-01 00:00:00.0(Timestamp), null, null, (String)
10:47:16,492 [Thread-83] DEBUG org.activiti.engine.impl.persistence.entity.HistoricActivityInstanceEntity.bulkInsertHistoricActivityInstance  - &lt;==    Updates: 2
10:47:16,492 [Thread-99] DEBUG org.apache.ibatis.transaction.jdbc.JdbcTransaction  - Setting autocommit to false on JDBC Connection [conn55: url=jdbc:h2:mem:activiti user=SA]
10:47:16,492 [Thread-83] DEBUG org.activiti.engine.impl.db.DbSqlSession  - inserting: ProcessInstance[141]
10:47:16,492 [Thread-83] DEBUG org.activiti.engine.impl.persistence.entity.ExecutionEntity.insertExecution  - ==&gt;  Preparing: insert into ACT_RU_EXECUTION (ID_, REV_, PROC_INST_ID_, BUSINESS_KEY_, PROC_DEF_ID_, ACT_ID_, IS_ACTIVE_, IS_CONCURRENT_, IS_SCOPE_,IS_EVENT_SCOPE_, PARENT_ID_, SUPER_EXEC_, SUSPENSION_STATE_, CACHED_ENT_STATE_, TENANT_ID_, NAME_) values ( ?, 1, ?, ?, ?, ?, ?, ?, ?, ?, ?, ?, ?, ?, ?, ? ) 
10:47:16,492 [Thread-85] DEBUG org.apache.ibatis.datasource.pooled.PooledDataSource  - Waiting as long as 20000 milliseconds for connection.
10:47:16,492 [Thread-83] DEBUG org.activiti.engine.impl.persistence.entity.ExecutionEntity.insertExecution  - ==&gt; Parameters: 141(String), 141(String), null, idGeneratorDataSource:1:3(String), javaService(String), true(Boolean), false(Boolean), true(Boolean), false(Boolean), null, null, 1(Integer), 2(Integer), (String), null
10:47:16,492 [Thread-83] DEBUG org.activiti.engine.impl.persistence.entity.ExecutionEntity.insertExecution  - &lt;==    Updates: 1
10:47:16,492 [Thread-83] DEBUG org.activiti.engine.impl.cfg.standalone.StandaloneMybatisTransactionContext  - firing event committing...
10:47:16,492 [Thread-83] DEBUG org.activiti.engine.impl.cfg.standalone.StandaloneMybatisTransactionContext  - committing the ibatis sql session...
10:47:16,492 [Thread-99] DEBUG org.activiti.engine.impl.persistence.entity.ProcessDefinitionEntity.selectLatestProcessDefinitionByKey  - ==&gt;  Preparing: select * from ACT_RE_PROCDEF where KEY_ = ? and (TENANT_ID_ = &apos;&apos; or TENANT_ID_ is null) and VERSION_ = (select max(VERSION_) from ACT_RE_PROCDEF where KEY_ = ? and (TENANT_ID_ = &apos;&apos; or TENANT_ID_ is null)) 
10:47:16,492 [Thread-83] DEBUG org.apache.ibatis.transaction.jdbc.JdbcTransaction  - Committing JDBC Connection [conn53: url=jdbc:h2:mem:activiti user=SA]
10:47:16,492 [Thread-83] DEBUG org.activiti.engine.impl.cfg.standalone.StandaloneMybatisTransactionContext  - firing event committed...
10:47:16,492 [Thread-97] DEBUG org.apache.ibatis.datasource.pooled.PooledDataSource  - Waiting as long as 20000 milliseconds for connection.
10:47:16,492 [Thread-94] DEBUG org.apache.ibatis.datasource.pooled.PooledDataSource  - Waiting as long as 20000 milliseconds for connection.
10:47:16,492 [Thread-95] DEBUG org.apache.ibatis.datasource.pooled.PooledDataSource  - Waiting as long as 20000 milliseconds for connection.
10:47:16,492 [Thread-93] DEBUG org.apache.ibatis.datasource.pooled.PooledDataSource  - Waiting as long as 20000 milliseconds for connection.
10:47:16,492 [Thread-92] DEBUG org.apache.ibatis.datasource.pooled.PooledDataSource  - Waiting as long as 20000 milliseconds for connection.
10:47:16,492 [Thread-88] DEBUG org.apache.ibatis.datasource.pooled.PooledDataSource  - Waiting as long as 20000 milliseconds for connection.
10:47:16,493 [Thread-89] DEBUG org.apache.ibatis.datasource.pooled.PooledDataSource  - Waiting as long as 20000 milliseconds for connection.
10:47:16,492 [Thread-83] DEBUG org.apache.ibatis.transaction.jdbc.JdbcTransaction  - Resetting autocommit to true on JDBC Connection [conn53: url=jdbc:h2:mem:activiti user=SA]
10:47:16,492 [Thread-99] DEBUG org.activiti.engine.impl.persistence.entity.ProcessDefinitionEntity.selectLatestProcessDefinitionByKey  - ==&gt; Parameters: idGeneratorDataSource(String), idGeneratorDataSource(String)
10:47:16,493 [Thread-83] DEBUG org.apache.ibatis.transaction.jdbc.JdbcTransaction  - Closing JDBC Connection [conn53: url=jdbc:h2:mem:activiti user=SA]
10:47:16,493 [Thread-83] DEBUG org.apache.ibatis.datasource.pooled.PooledDataSource  - Returned connection 826925275 to pool.
10:47:16,493 [Thread-99] DEBUG org.activiti.engine.impl.persistence.entity.ProcessDefinitionEntity.selectLatestProcessDefinitionByKey  - &lt;==      Total: 1
10:47:16,493 [Thread-89] DEBUG org.apache.ibatis.datasource.pooled.PooledDataSource  - Checked out connection 826925275 from pool.
10:47:16,493 [Thread-83] DEBUG org.activiti.engine.impl.interceptor.LogInterceptor  - --- StartProcessInstanceCmd finished --------------------------------------------------------
10:47:16,493 [Thread-83] DEBUG org.activiti.engine.impl.interceptor.LogInterceptor  - 

10:47:16,493 [Thread-83] DEBUG org.activiti.engine.impl.interceptor.LogInterceptor  - 

10:47:16,493 [Thread-83] DEBUG org.activiti.engine.impl.interceptor.LogInterceptor  - --- starting StartProcessInstanceCmd --------------------------------------------------------
10:47:16,493 [Thread-83] DEBUG org.apache.ibatis.transaction.jdbc.JdbcTransaction  - Opening JDBC Connection
10:47:16,493 [Thread-88] DEBUG org.apache.ibatis.datasource.pooled.PooledDataSource  - Waiting as long as 20000 milliseconds for connection.
10:47:16,493 [Thread-89] DEBUG org.apache.ibatis.transaction.jdbc.JdbcTransaction  - Setting autocommit to false on JDBC Connection [conn53: url=jdbc:h2:mem:activiti user=SA]
10:47:16,493 [Thread-89] DEBUG org.activiti.engine.impl.persistence.entity.ProcessDefinitionEntity.selectLatestProcessDefinitionByKey  - ==&gt;  Preparing: select * from ACT_RE_PROCDEF where KEY_ = ? and (TENANT_ID_ = &apos;&apos; or TENANT_ID_ is null) and VERSION_ = (select max(VERSION_) from ACT_RE_PROCDEF where KEY_ = ? and (TENANT_ID_ = &apos;&apos; or TENANT_ID_ is null)) 
10:47:16,493 [Thread-89] DEBUG org.activiti.engine.impl.persistence.entity.ProcessDefinitionEntity.selectLatestProcessDefinitionByKey  - ==&gt; Parameters: idGeneratorDataSource(String), idGeneratorDataSource(String)
10:47:16,493 [Thread-99] DEBUG org.activiti.engine.impl.interceptor.LogInterceptor  - 

10:47:16,493 [Thread-99] DEBUG org.activiti.engine.impl.interceptor.LogInterceptor  - --- starting GetNextIdBlockCmd --------------------------------------------------------
10:47:16,493 [Thread-89] DEBUG org.activiti.engine.impl.persistence.entity.ProcessDefinitionEntity.selectLatestProcessDefinitionByKey  - &lt;==      Total: 1
10:47:16,493 [Thread-92] DEBUG org.apache.ibatis.datasource.pooled.PooledDataSource  - Waiting as long as 20000 milliseconds for connection.
10:47:16,493 [Thread-93] DEBUG org.apache.ibatis.datasource.pooled.PooledDataSource  - Waiting as long as 20000 milliseconds for connection.
10:47:16,493 [Thread-99] DEBUG org.apache.ibatis.transaction.jdbc.JdbcTransaction  - Opening JDBC Connection
10:47:16,493 [Thread-95] DEBUG org.apache.ibatis.datasource.pooled.PooledDataSource  - Waiting as long as 20000 milliseconds for connection.
10:47:16,494 [Thread-94] DEBUG org.apache.ibatis.datasource.pooled.PooledDataSource  - Waiting as long as 20000 milliseconds for connection.
10:47:16,494 [Thread-97] DEBUG org.apache.ibatis.datasource.pooled.PooledDataSource  - Waiting as long as 20000 milliseconds for connection.
10:47:16,494 [Thread-85] DEBUG org.apache.ibatis.datasource.pooled.PooledDataSource  - Waiting as long as 20000 milliseconds for connection.
10:47:16,494 [Thread-100] DEBUG org.apache.ibatis.datasource.pooled.PooledDataSource  - Waiting as long as 20000 milliseconds for connection.
10:47:16,494 [Thread-83] DEBUG org.apache.ibatis.datasource.pooled.PooledDataSource  - Waiting as long as 20000 milliseconds for connection.
10:47:16,493 [Thread-99] DEBUG org.apache.ibatis.datasource.pooled.PooledDataSource  - Checked out connection 1094226572 from pool.
10:47:16,494 [Thread-99] DEBUG org.apache.ibatis.transaction.jdbc.JdbcTransaction  - Setting autocommit to false on JDBC Connection [conn54: url=jdbc:h2:mem:activiti user=SA]
10:47:16,494 [Thread-99] DEBUG org.activiti.engine.impl.persistence.entity.PropertyEntity.selectProperty  - ==&gt;  Preparing: select * from ACT_GE_PROPERTY where NAME_ = ? 
10:47:16,494 [Thread-99] DEBUG org.activiti.engine.impl.persistence.entity.PropertyEntity.selectProperty  - ==&gt; Parameters: next.dbid(String)
10:47:16,494 [Thread-99] DEBUG org.activiti.engine.impl.persistence.entity.PropertyEntity.selectProperty  - &lt;==      Total: 1
10:47:16,494 [Thread-99] DEBUG org.activiti.engine.impl.db.DbSqlSession  -   update PropertyEntity[name=next.dbid, value=148]
10:47:16,494 [Thread-99] DEBUG org.activiti.engine.impl.db.DbSqlSession  - flush summary: 0 insert, 1 update, 0 delete.
10:47:16,494 [Thread-99] DEBUG org.activiti.engine.impl.db.DbSqlSession  - now executing flush...
10:47:16,494 [Thread-99] DEBUG org.activiti.engine.impl.db.DbSqlSession  - updating: PropertyEntity[name=next.dbid, value=148]
10:47:16,494 [Thread-99] DEBUG org.activiti.engine.impl.persistence.entity.PropertyEntity.updateProperty  - ==&gt;  Preparing: update ACT_GE_PROPERTY SET REV_ = ?, VALUE_ = ? where NAME_ = ? and REV_ = ? 
10:47:16,494 [Thread-99] DEBUG org.activiti.engine.impl.persistence.entity.PropertyEntity.updateProperty  - ==&gt; Parameters: 50(Integer), 148(String), next.dbid(String), 49(Integer)
10:47:16,494 [Thread-99] DEBUG org.activiti.engine.impl.persistence.entity.PropertyEntity.updateProperty  - &lt;==    Updates: 1
10:47:16,494 [Thread-99] DEBUG org.activiti.engine.impl.cfg.standalone.StandaloneMybatisTransactionContext  - firing event committing...
10:47:16,494 [Thread-99] DEBUG org.activiti.engine.impl.cfg.standalone.StandaloneMybatisTransactionContext  - committing the ibatis sql session...
10:47:16,494 [Thread-99] DEBUG org.apache.ibatis.transaction.jdbc.JdbcTransaction  - Committing JDBC Connection [conn54: url=jdbc:h2:mem:activiti user=SA]
10:47:16,494 [Thread-99] DEBUG org.activiti.engine.impl.cfg.standalone.StandaloneMybatisTransactionContext  - firing event committed...
10:47:16,494 [Thread-99] DEBUG org.apache.ibatis.transaction.jdbc.JdbcTransaction  - Resetting autocommit to true on JDBC Connection [conn54: url=jdbc:h2:mem:activiti user=SA]
10:47:16,494 [Thread-99] DEBUG org.apache.ibatis.transaction.jdbc.JdbcTransaction  - Closing JDBC Connection [conn54: url=jdbc:h2:mem:activiti user=SA]
10:47:16,494 [Thread-99] DEBUG org.apache.ibatis.datasource.pooled.PooledDataSource  - Returned connection 1094226572 to pool.
10:47:16,494 [Thread-99] DEBUG org.activiti.engine.impl.interceptor.LogInterceptor  - --- GetNextIdBlockCmd finished --------------------------------------------------------
10:47:16,494 [Thread-99] DEBUG org.activiti.engine.impl.interceptor.LogInterceptor  - 

10:47:16,494 [Thread-99] DEBUG org.activiti.engine.impl.persistence.entity.ExecutionEntity  - initializing ProcessInstance[145]
10:47:16,494 [Thread-99] DEBUG org.activiti.engine.impl.history.DefaultHistoryManager  - Current history level: FULL, level required: ACTIVITY
10:47:16,494 [Thread-89] DEBUG org.activiti.engine.impl.persistence.entity.ExecutionEntity  - initializing ProcessInstance[146]
10:47:16,494 [Thread-89] DEBUG org.activiti.engine.impl.history.DefaultHistoryManager  - Current history level: FULL, level required: ACTIVITY
10:47:16,494 [Thread-89] DEBUG org.activiti.engine.impl.interceptor.LogInterceptor  - 

10:47:16,494 [Thread-89] DEBUG org.activiti.engine.impl.interceptor.LogInterceptor  - --- starting GetNextIdBlockCmd --------------------------------------------------------
10:47:16,494 [Thread-89] DEBUG org.apache.ibatis.transaction.jdbc.JdbcTransaction  - Opening JDBC Connection
10:47:16,495 [Thread-89] DEBUG org.apache.ibatis.datasource.pooled.PooledDataSource  - Checked out connection 1094226572 from pool.
10:47:16,495 [Thread-89] DEBUG org.apache.ibatis.transaction.jdbc.JdbcTransaction  - Setting autocommit to false on JDBC Connection [conn54: url=jdbc:h2:mem:activiti user=SA]
10:47:16,495 [Thread-89] DEBUG org.activiti.engine.impl.persistence.entity.PropertyEntity.selectProperty  - ==&gt;  Preparing: select * from ACT_GE_PROPERTY where NAME_ = ? 
10:47:16,495 [Thread-89] DEBUG org.activiti.engine.impl.persistence.entity.PropertyEntity.selectProperty  - ==&gt; Parameters: next.dbid(String)
10:47:16,495 [Thread-89] DEBUG org.activiti.engine.impl.persistence.entity.PropertyEntity.selectProperty  - &lt;==      Total: 1
10:47:16,495 [Thread-89] DEBUG org.activiti.engine.impl.db.DbSqlSession  -   update PropertyEntity[name=next.dbid, value=151]
10:47:16,494 [Thread-99] DEBUG org.activiti.engine.impl.pvm.runtime.AtomicOperationActivityExecute  - ProcessInstance[145] executes Activity(theStart): org.activiti.engine.impl.bpmn.behavior.NoneStartEventActivityBehavior
10:47:16,495 [Thread-89] DEBUG org.activiti.engine.impl.db.DbSqlSession  - flush summary: 0 insert, 1 update, 0 delete.
10:47:16,495 [Thread-89] DEBUG org.activiti.engine.impl.db.DbSqlSession  - now executing flush...
10:47:16,495 [Thread-89] DEBUG org.activiti.engine.impl.db.DbSqlSession  - updating: PropertyEntity[name=next.dbid, value=151]
10:47:16,495 [Thread-99] DEBUG org.activiti.engine.impl.persistence.entity.JobEntity.selectJobsByExecutionId  - ==&gt;  Preparing: select * from ACT_RU_JOB J where J.EXECUTION_ID_ = ? 
10:47:16,495 [Thread-89] DEBUG org.activiti.engine.impl.persistence.entity.PropertyEntity.updateProperty  - ==&gt;  Preparing: update ACT_GE_PROPERTY SET REV_ = ?, VALUE_ = ? where NAME_ = ? and REV_ = ? 
10:47:16,495 [Thread-99] DEBUG org.activiti.engine.impl.persistence.entity.JobEntity.selectJobsByExecutionId  - ==&gt; Parameters: 145(String)
10:47:16,495 [Thread-89] DEBUG org.activiti.engine.impl.persistence.entity.PropertyEntity.updateProperty  - ==&gt; Parameters: 51(Integer), 151(String), next.dbid(String), 50(Integer)
10:47:16,495 [Thread-99] DEBUG org.activiti.engine.impl.persistence.entity.JobEntity.selectJobsByExecutionId  - &lt;==      Total: 0
10:47:16,495 [Thread-89] DEBUG org.activiti.engine.impl.persistence.entity.PropertyEntity.updateProperty  - &lt;==    Updates: 1
10:47:16,495 [Thread-99] DEBUG org.activiti.engine.impl.bpmn.behavior.BpmnActivityBehavior  - Leaving activity &apos;theStart&apos;
10:47:16,495 [Thread-89] DEBUG org.activiti.engine.impl.cfg.standalone.StandaloneMybatisTransactionContext  - firing event committing...
10:47:16,495 [Thread-89] DEBUG org.activiti.engine.impl.cfg.standalone.StandaloneMybatisTransactionContext  - committing the ibatis sql session...
10:47:16,495 [Thread-89] DEBUG org.apache.ibatis.transaction.jdbc.JdbcTransaction  - Committing JDBC Connection [conn54: url=jdbc:h2:mem:activiti user=SA]
10:47:16,495 [Thread-89] DEBUG org.activiti.engine.impl.cfg.standalone.StandaloneMybatisTransactionContext  - firing event committed...
10:47:16,495 [Thread-89] DEBUG org.apache.ibatis.transaction.jdbc.JdbcTransaction  - Resetting autocommit to true on JDBC Connection [conn54: url=jdbc:h2:mem:activiti user=SA]
10:47:16,495 [Thread-89] DEBUG org.apache.ibatis.transaction.jdbc.JdbcTransaction  - Closing JDBC Connection [conn54: url=jdbc:h2:mem:activiti user=SA]
10:47:16,495 [Thread-99] DEBUG org.activiti.engine.impl.history.DefaultHistoryManager  - Current history level: FULL, level required: ACTIVITY
10:47:16,495 [Thread-89] DEBUG org.apache.ibatis.datasource.pooled.PooledDataSource  - Returned connection 1094226572 to pool.
10:47:16,495 [Thread-99] DEBUG org.activiti.engine.impl.pvm.runtime.AtomicOperationTransitionNotifyListenerTake  - ProcessInstance[145] takes transition (theStart)--flow1--&gt;(javaService)
10:47:16,495 [Thread-89] DEBUG org.activiti.engine.impl.interceptor.LogInterceptor  - --- GetNextIdBlockCmd finished --------------------------------------------------------
10:47:16,495 [Thread-89] DEBUG org.activiti.engine.impl.interceptor.LogInterceptor  - 

10:47:16,495 [Thread-99] DEBUG org.activiti.engine.impl.history.DefaultHistoryManager  - Current history level: FULL, level required: ACTIVITY
10:47:16,495 [Thread-89] DEBUG org.activiti.engine.impl.pvm.runtime.AtomicOperationActivityExecute  - ProcessInstance[146] executes Activity(theStart): org.activiti.engine.impl.bpmn.behavior.NoneStartEventActivityBehavior
10:47:16,495 [Thread-99] DEBUG org.activiti.engine.impl.pvm.runtime.AtomicOperationActivityExecute  - ProcessInstance[145] executes Activity(javaService): org.activiti.engine.impl.bpmn.helper.ClassDelegate
10:47:16,495 [Thread-89] DEBUG org.activiti.engine.impl.persistence.entity.JobEntity.selectJobsByExecutionId  - ==&gt;  Preparing: select * from ACT_RU_JOB J where J.EXECUTION_ID_ = ? 
10:47:16,495 [Thread-99] DEBUG org.activiti.engine.impl.db.DbSqlSession  -   insert ProcessInstance[145]
10:47:16,495 [Thread-99] DEBUG org.activiti.engine.impl.db.DbSqlSession  -   insert HistoricProcessInstanceEntity[superProcessInstanceId=null]
10:47:16,495 [Thread-99] DEBUG org.activiti.engine.impl.db.DbSqlSession  -   insert HistoricActivityInstanceEntity[activityId=theStart, activityName=null]
10:47:16,495 [Thread-99] DEBUG org.activiti.engine.impl.db.DbSqlSession  -   insert HistoricActivityInstanceEntity[activityId=javaService, activityName=Java service invocation]
10:47:16,495 [Thread-99] DEBUG org.activiti.engine.impl.db.DbSqlSession  - flush summary: 4 insert, 0 update, 0 delete.
10:47:16,495 [Thread-99] DEBUG org.activiti.engine.impl.db.DbSqlSession  - now executing flush...
10:47:16,495 [Thread-99] DEBUG org.activiti.engine.impl.db.DbSqlSession  - inserting: HistoricProcessInstanceEntity[superProcessInstanceId=null]
10:47:16,495 [Thread-89] DEBUG org.activiti.engine.impl.persistence.entity.JobEntity.selectJobsByExecutionId  - ==&gt; Parameters: 146(String)
10:47:16,495 [Thread-99] DEBUG org.activiti.engine.impl.persistence.entity.HistoricProcessInstanceEntity.insertHistoricProcessInstance  - ==&gt;  Preparing: insert into ACT_HI_PROCINST ( ID_, PROC_INST_ID_, BUSINESS_KEY_, PROC_DEF_ID_, START_TIME_, END_TIME_, DURATION_, START_USER_ID_, START_ACT_ID_, END_ACT_ID_, SUPER_PROCESS_INSTANCE_ID_, DELETE_REASON_, TENANT_ID_, NAME_ ) values ( ?, ?, ?, ?, ?, ?, ?, ?, ?, ?, ?, ?, ?, ? ) 
10:47:16,495 [Thread-89] DEBUG org.activiti.engine.impl.persistence.entity.JobEntity.selectJobsByExecutionId  - &lt;==      Total: 0
10:47:16,495 [Thread-99] DEBUG org.activiti.engine.impl.persistence.entity.HistoricProcessInstanceEntity.insertHistoricProcessInstance  - ==&gt; Parameters: 145(String), 145(String), null, idGeneratorDataSource:1:3(String), 2015-01-01 00:00:00.0(Timestamp), null, null, null, theStart(String), null, null, null, (String), null
10:47:16,495 [Thread-89] DEBUG org.activiti.engine.impl.bpmn.behavior.BpmnActivityBehavior  - Leaving activity &apos;theStart&apos;
10:47:16,495 [Thread-99] DEBUG org.activiti.engine.impl.persistence.entity.HistoricProcessInstanceEntity.insertHistoricProcessInstance  - &lt;==    Updates: 1
10:47:16,495 [Thread-89] DEBUG org.activiti.engine.impl.history.DefaultHistoryManager  - Current history level: FULL, level required: ACTIVITY
10:47:16,495 [Thread-89] DEBUG org.activiti.engine.impl.pvm.runtime.AtomicOperationTransitionNotifyListenerTake  - ProcessInstance[146] takes transition (theStart)--flow1--&gt;(javaService)
10:47:16,496 [Thread-89] DEBUG org.activiti.engine.impl.history.DefaultHistoryManager  - Current history level: FULL, level required: ACTIVITY
10:47:16,496 [Thread-99] DEBUG org.activiti.engine.impl.persistence.entity.HistoricActivityInstanceEntity.bulkInsertHistoricActivityInstance  - ==&gt;  Preparing: insert into ACT_HI_ACTINST ( ID_, PROC_DEF_ID_, PROC_INST_ID_, EXECUTION_ID_, ACT_ID_, TASK_ID_, CALL_PROC_INST_ID_, ACT_NAME_, ACT_TYPE_, ASSIGNEE_, START_TIME_, END_TIME_, DURATION_, TENANT_ID_ ) values (?, ?, ?, ?, ?, ?, ?, ?, ?, ?, ?, ?, ?, ?) , (?, ?, ?, ?, ?, ?, ?, ?, ?, ?, ?, ?, ?, ?) 
10:47:16,496 [Thread-99] DEBUG org.activiti.engine.impl.persistence.entity.HistoricActivityInstanceEntity.bulkInsertHistoricActivityInstance  - ==&gt; Parameters: 147(String), idGeneratorDataSource:1:3(String), 145(String), 145(String), theStart(String), null, null, null, startEvent(String), null, 2015-01-01 00:00:00.0(Timestamp), 2015-01-01 00:00:00.0(Timestamp), 0(Long), (String), 149(String), idGeneratorDataSource:1:3(String), 145(String), 145(String), javaService(String), null, null, Java service invocation(String), serviceTask(String), null, 2015-01-01 00:00:00.0(Timestamp), null, null, (String)
10:47:16,496 [Thread-89] DEBUG org.activiti.engine.impl.pvm.runtime.AtomicOperationActivityExecute  - ProcessInstance[146] executes Activity(javaService): org.activiti.engine.impl.bpmn.helper.ClassDelegate
10:47:16,496 [Thread-99] DEBUG org.activiti.engine.impl.persistence.entity.HistoricActivityInstanceEntity.bulkInsertHistoricActivityInstance  - &lt;==    Updates: 2
10:47:16,496 [Thread-99] DEBUG org.activiti.engine.impl.db.DbSqlSession  - inserting: ProcessInstance[145]
10:47:16,496 [Thread-89] DEBUG org.activiti.engine.impl.db.DbSqlSession  -   insert ProcessInstance[146]
10:47:16,496 [Thread-89] DEBUG org.activiti.engine.impl.db.DbSqlSession  -   insert HistoricProcessInstanceEntity[superProcessInstanceId=null]
10:47:16,496 [Thread-89] DEBUG org.activiti.engine.impl.db.DbSqlSession  -   insert HistoricActivityInstanceEntity[activityId=theStart, activityName=null]
10:47:16,496 [Thread-89] DEBUG org.activiti.engine.impl.db.DbSqlSession  -   insert HistoricActivityInstanceEntity[activityId=javaService, activityName=Java service invocation]
10:47:16,496 [Thread-89] DEBUG org.activiti.engine.impl.db.DbSqlSession  - flush summary: 4 insert, 0 update, 0 delete.
10:47:16,496 [Thread-89] DEBUG org.activiti.engine.impl.db.DbSqlSession  - now executing flush...
10:47:16,496 [Thread-89] DEBUG org.activiti.engine.impl.db.DbSqlSession  - inserting: HistoricProcessInstanceEntity[superProcessInstanceId=null]
10:47:16,496 [Thread-99] DEBUG org.activiti.engine.impl.persistence.entity.ExecutionEntity.insertExecution  - ==&gt;  Preparing: insert into ACT_RU_EXECUTION (ID_, REV_, PROC_INST_ID_, BUSINESS_KEY_, PROC_DEF_ID_, ACT_ID_, IS_ACTIVE_, IS_CONCURRENT_, IS_SCOPE_,IS_EVENT_SCOPE_, PARENT_ID_, SUPER_EXEC_, SUSPENSION_STATE_, CACHED_ENT_STATE_, TENANT_ID_, NAME_) values ( ?, 1, ?, ?, ?, ?, ?, ?, ?, ?, ?, ?, ?, ?, ?, ? ) 
10:47:16,496 [Thread-89] DEBUG org.activiti.engine.impl.persistence.entity.HistoricProcessInstanceEntity.insertHistoricProcessInstance  - ==&gt;  Preparing: insert into ACT_HI_PROCINST ( ID_, PROC_INST_ID_, BUSINESS_KEY_, PROC_DEF_ID_, START_TIME_, END_TIME_, DURATION_, START_USER_ID_, START_ACT_ID_, END_ACT_ID_, SUPER_PROCESS_INSTANCE_ID_, DELETE_REASON_, TENANT_ID_, NAME_ ) values ( ?, ?, ?, ?, ?, ?, ?, ?, ?, ?, ?, ?, ?, ? ) 
10:47:16,496 [Thread-99] DEBUG org.activiti.engine.impl.persistence.entity.ExecutionEntity.insertExecution  - ==&gt; Parameters: 145(String), 145(String), null, idGeneratorDataSource:1:3(String), javaService(String), true(Boolean), false(Boolean), true(Boolean), false(Boolean), null, null, 1(Integer), 2(Integer), (String), null
10:47:16,496 [Thread-89] DEBUG org.activiti.engine.impl.persistence.entity.HistoricProcessInstanceEntity.insertHistoricProcessInstance  - ==&gt; Parameters: 146(String), 146(String), null, idGeneratorDataSource:1:3(String), 2015-01-01 00:00:00.0(Timestamp), null, null, null, theStart(String), null, null, null, (String), null
10:47:16,496 [Thread-99] DEBUG org.activiti.engine.impl.persistence.entity.ExecutionEntity.insertExecution  - &lt;==    Updates: 1
10:47:16,496 [Thread-99] DEBUG org.activiti.engine.impl.cfg.standalone.StandaloneMybatisTransactionContext  - firing event committing...
10:47:16,496 [Thread-99] DEBUG org.activiti.engine.impl.cfg.standalone.StandaloneMybatisTransactionContext  - committing the ibatis sql session...
10:47:16,496 [Thread-99] DEBUG org.apache.ibatis.transaction.jdbc.JdbcTransaction  - Committing JDBC Connection [conn55: url=jdbc:h2:mem:activiti user=SA]
10:47:16,496 [Thread-99] DEBUG org.activiti.engine.impl.cfg.standalone.StandaloneMybatisTransactionContext  - firing event committed...
10:47:16,496 [Thread-89] DEBUG org.activiti.engine.impl.persistence.entity.HistoricProcessInstanceEntity.insertHistoricProcessInstance  - &lt;==    Updates: 1
10:47:16,496 [Thread-99] DEBUG org.apache.ibatis.transaction.jdbc.JdbcTransaction  - Resetting autocommit to true on JDBC Connection [conn55: url=jdbc:h2:mem:activiti user=SA]
10:47:16,496 [Thread-99] DEBUG org.apache.ibatis.transaction.jdbc.JdbcTransaction  - Closing JDBC Connection [conn55: url=jdbc:h2:mem:activiti user=SA]
10:47:16,496 [Thread-99] DEBUG org.apache.ibatis.datasource.pooled.PooledDataSource  - Returned connection 14606730 to pool.
10:47:16,496 [Thread-99] DEBUG org.activiti.engine.impl.interceptor.LogInterceptor  - --- StartProcessInstanceCmd finished --------------------------------------------------------
10:47:16,496 [Thread-99] DEBUG org.activiti.engine.impl.interceptor.LogInterceptor  - 

10:47:16,496 [Thread-99] DEBUG org.activiti.engine.impl.interceptor.LogInterceptor  - 

10:47:16,496 [Thread-99] DEBUG org.activiti.engine.impl.interceptor.LogInterceptor  - --- starting StartProcessInstanceCmd --------------------------------------------------------
10:47:16,496 [Thread-89] DEBUG org.activiti.engine.impl.persistence.entity.HistoricActivityInstanceEntity.bulkInsertHistoricActivityInstance  - ==&gt;  Preparing: insert into ACT_HI_ACTINST ( ID_, PROC_DEF_ID_, PROC_INST_ID_, EXECUTION_ID_, ACT_ID_, TASK_ID_, CALL_PROC_INST_ID_, ACT_NAME_, ACT_TYPE_, ASSIGNEE_, START_TIME_, END_TIME_, DURATION_, TENANT_ID_ ) values (?, ?, ?, ?, ?, ?, ?, ?, ?, ?, ?, ?, ?, ?) , (?, ?, ?, ?, ?, ?, ?, ?, ?, ?, ?, ?, ?, ?) 
10:47:16,496 [Thread-99] DEBUG org.apache.ibatis.transaction.jdbc.JdbcTransaction  - Opening JDBC Connection
10:47:16,496 [Thread-83] DEBUG org.apache.ibatis.datasource.pooled.PooledDataSource  - Checked out connection 14606730 from pool.
10:47:16,496 [Thread-89] DEBUG org.activiti.engine.impl.persistence.entity.HistoricActivityInstanceEntity.bulkInsertHistoricActivityInstance  - ==&gt; Parameters: 148(String), idGeneratorDataSource:1:3(String), 146(String), 146(String), theStart(String), null, null, null, startEvent(String), null, 2015-01-01 00:00:00.0(Timestamp), 2015-01-01 00:00:00.0(Timestamp), 0(Long), (String), 150(String), idGeneratorDataSource:1:3(String), 146(String), 146(String), javaService(String), null, null, Java service invocation(String), serviceTask(String), null, 2015-01-01 00:00:00.0(Timestamp), null, null, (String)
10:47:16,496 [Thread-100] DEBUG org.apache.ibatis.datasource.pooled.PooledDataSource  - Waiting as long as 20000 milliseconds for connection.
10:47:16,496 [Thread-83] DEBUG org.apache.ibatis.transaction.jdbc.JdbcTransaction  - Setting autocommit to false on JDBC Connection [conn55: url=jdbc:h2:mem:activiti user=SA]
10:47:16,497 [Thread-85] DEBUG org.apache.ibatis.datasource.pooled.PooledDataSource  - Waiting as long as 20000 milliseconds for connection.
10:47:16,496 [Thread-89] DEBUG org.activiti.engine.impl.persistence.entity.HistoricActivityInstanceEntity.bulkInsertHistoricActivityInstance  - &lt;==    Updates: 2
10:47:16,497 [Thread-89] DEBUG org.activiti.engine.impl.db.DbSqlSession  - inserting: ProcessInstance[146]
10:47:16,497 [Thread-97] DEBUG org.apache.ibatis.datasource.pooled.PooledDataSource  - Waiting as long as 20000 milliseconds for connection.
10:47:16,497 [Thread-83] DEBUG org.activiti.engine.impl.persistence.entity.ProcessDefinitionEntity.selectLatestProcessDefinitionByKey  - ==&gt;  Preparing: select * from ACT_RE_PROCDEF where KEY_ = ? and (TENANT_ID_ = &apos;&apos; or TENANT_ID_ is null) and VERSION_ = (select max(VERSION_) from ACT_RE_PROCDEF where KEY_ = ? and (TENANT_ID_ = &apos;&apos; or TENANT_ID_ is null)) 
10:47:16,497 [Thread-94] DEBUG org.apache.ibatis.datasource.pooled.PooledDataSource  - Waiting as long as 20000 milliseconds for connection.
10:47:16,497 [Thread-89] DEBUG org.activiti.engine.impl.persistence.entity.ExecutionEntity.insertExecution  - ==&gt;  Preparing: insert into ACT_RU_EXECUTION (ID_, REV_, PROC_INST_ID_, BUSINESS_KEY_, PROC_DEF_ID_, ACT_ID_, IS_ACTIVE_, IS_CONCURRENT_, IS_SCOPE_,IS_EVENT_SCOPE_, PARENT_ID_, SUPER_EXEC_, SUSPENSION_STATE_, CACHED_ENT_STATE_, TENANT_ID_, NAME_) values ( ?, 1, ?, ?, ?, ?, ?, ?, ?, ?, ?, ?, ?, ?, ?, ? ) 
10:47:16,497 [Thread-95] DEBUG org.apache.ibatis.datasource.pooled.PooledDataSource  - Waiting as long as 20000 milliseconds for connection.
10:47:16,497 [Thread-83] DEBUG org.activiti.engine.impl.persistence.entity.ProcessDefinitionEntity.selectLatestProcessDefinitionByKey  - ==&gt; Parameters: idGeneratorDataSource(String), idGeneratorDataSource(String)
10:47:16,497 [Thread-93] DEBUG org.apache.ibatis.datasource.pooled.PooledDataSource  - Waiting as long as 20000 milliseconds for connection.
10:47:16,497 [Thread-83] DEBUG org.activiti.engine.impl.persistence.entity.ProcessDefinitionEntity.selectLatestProcessDefinitionByKey  - &lt;==      Total: 1
10:47:16,497 [Thread-89] DEBUG org.activiti.engine.impl.persistence.entity.ExecutionEntity.insertExecution  - ==&gt; Parameters: 146(String), 146(String), null, idGeneratorDataSource:1:3(String), javaService(String), true(Boolean), false(Boolean), true(Boolean), false(Boolean), null, null, 1(Integer), 2(Integer), (String), null
10:47:16,497 [Thread-83] DEBUG org.activiti.engine.impl.interceptor.LogInterceptor  - 

10:47:16,497 [Thread-83] DEBUG org.activiti.engine.impl.interceptor.LogInterceptor  - --- starting GetNextIdBlockCmd --------------------------------------------------------
10:47:16,497 [Thread-92] DEBUG org.apache.ibatis.datasource.pooled.PooledDataSource  - Waiting as long as 20000 milliseconds for connection.
10:47:16,497 [Thread-83] DEBUG org.apache.ibatis.transaction.jdbc.JdbcTransaction  - Opening JDBC Connection
10:47:16,497 [Thread-89] DEBUG org.activiti.engine.impl.persistence.entity.ExecutionEntity.insertExecution  - &lt;==    Updates: 1
10:47:16,497 [Thread-83] DEBUG org.apache.ibatis.datasource.pooled.PooledDataSource  - Checked out connection 1094226572 from pool.
10:47:16,497 [Thread-88] DEBUG org.apache.ibatis.datasource.pooled.PooledDataSource  - Waiting as long as 20000 milliseconds for connection.
10:47:16,497 [Thread-83] DEBUG org.apache.ibatis.transaction.jdbc.JdbcTransaction  - Setting autocommit to false on JDBC Connection [conn54: url=jdbc:h2:mem:activiti user=SA]
10:47:16,497 [Thread-83] DEBUG org.activiti.engine.impl.persistence.entity.PropertyEntity.selectProperty  - ==&gt;  Preparing: select * from ACT_GE_PROPERTY where NAME_ = ? 
10:47:16,497 [Thread-89] DEBUG org.activiti.engine.impl.cfg.standalone.StandaloneMybatisTransactionContext  - firing event committing...
10:47:16,497 [Thread-89] DEBUG org.activiti.engine.impl.cfg.standalone.StandaloneMybatisTransactionContext  - committing the ibatis sql session...
10:47:16,497 [Thread-89] DEBUG org.apache.ibatis.transaction.jdbc.JdbcTransaction  - Committing JDBC Connection [conn53: url=jdbc:h2:mem:activiti user=SA]
10:47:16,497 [Thread-83] DEBUG org.activiti.engine.impl.persistence.entity.PropertyEntity.selectProperty  - ==&gt; Parameters: next.dbid(String)
10:47:16,497 [Thread-99] DEBUG org.apache.ibatis.datasource.pooled.PooledDataSource  - Waiting as long as 20000 milliseconds for connection.
10:47:16,497 [Thread-83] DEBUG org.activiti.engine.impl.persistence.entity.PropertyEntity.selectProperty  - &lt;==      Total: 1
10:47:16,497 [Thread-89] DEBUG org.activiti.engine.impl.cfg.standalone.StandaloneMybatisTransactionContext  - firing event committed...
10:47:16,497 [Thread-83] DEBUG org.activiti.engine.impl.db.DbSqlSession  -   update PropertyEntity[name=next.dbid, value=154]
10:47:16,498 [Thread-83] DEBUG org.activiti.engine.impl.db.DbSqlSession  - flush summary: 0 insert, 1 update, 0 delete.
10:47:16,498 [Thread-83] DEBUG org.activiti.engine.impl.db.DbSqlSession  - now executing flush...
10:47:16,498 [Thread-83] DEBUG org.activiti.engine.impl.db.DbSqlSession  - updating: PropertyEntity[name=next.dbid, value=154]
10:47:16,498 [Thread-89] DEBUG org.apache.ibatis.transaction.jdbc.JdbcTransaction  - Resetting autocommit to true on JDBC Connection [conn53: url=jdbc:h2:mem:activiti user=SA]
10:47:16,498 [Thread-83] DEBUG org.activiti.engine.impl.persistence.entity.PropertyEntity.updateProperty  - ==&gt;  Preparing: update ACT_GE_PROPERTY SET REV_ = ?, VALUE_ = ? where NAME_ = ? and REV_ = ? 
10:47:16,498 [Thread-89] DEBUG org.apache.ibatis.transaction.jdbc.JdbcTransaction  - Closing JDBC Connection [conn53: url=jdbc:h2:mem:activiti user=SA]
10:47:16,498 [Thread-83] DEBUG org.activiti.engine.impl.persistence.entity.PropertyEntity.updateProperty  - ==&gt; Parameters: 52(Integer), 154(String), next.dbid(String), 51(Integer)
10:47:16,498 [Thread-89] DEBUG org.apache.ibatis.datasource.pooled.PooledDataSource  - Returned connection 826925275 to pool.
10:47:16,498 [Thread-83] DEBUG org.activiti.engine.impl.persistence.entity.PropertyEntity.updateProperty  - &lt;==    Updates: 1
10:47:16,498 [Thread-83] DEBUG org.activiti.engine.impl.cfg.standalone.StandaloneMybatisTransactionContext  - firing event committing...
10:47:16,498 [Thread-83] DEBUG org.activiti.engine.impl.cfg.standalone.StandaloneMybatisTransactionContext  - committing the ibatis sql session...
10:47:16,498 [Thread-83] DEBUG org.apache.ibatis.transaction.jdbc.JdbcTransaction  - Committing JDBC Connection [conn54: url=jdbc:h2:mem:activiti user=SA]
10:47:16,498 [Thread-83] DEBUG org.activiti.engine.impl.cfg.standalone.StandaloneMybatisTransactionContext  - firing event committed...
10:47:16,498 [Thread-83] DEBUG org.apache.ibatis.transaction.jdbc.JdbcTransaction  - Resetting autocommit to true on JDBC Connection [conn54: url=jdbc:h2:mem:activiti user=SA]
10:47:16,498 [Thread-83] DEBUG org.apache.ibatis.transaction.jdbc.JdbcTransaction  - Closing JDBC Connection [conn54: url=jdbc:h2:mem:activiti user=SA]
10:47:16,498 [Thread-83] DEBUG org.apache.ibatis.datasource.pooled.PooledDataSource  - Returned connection 1094226572 to pool.
10:47:16,498 [Thread-83] DEBUG org.activiti.engine.impl.interceptor.LogInterceptor  - --- GetNextIdBlockCmd finished --------------------------------------------------------
10:47:16,498 [Thread-83] DEBUG org.activiti.engine.impl.interceptor.LogInterceptor  - 

10:47:16,498 [Thread-83] DEBUG org.activiti.engine.impl.persistence.entity.ExecutionEntity  - initializing ProcessInstance[151]
10:47:16,498 [Thread-89] DEBUG org.activiti.engine.impl.interceptor.LogInterceptor  - --- StartProcessInstanceCmd finished --------------------------------------------------------
10:47:16,498 [Thread-89] DEBUG org.activiti.engine.impl.interceptor.LogInterceptor  - 

10:47:16,498 [Thread-89] DEBUG org.activiti.engine.impl.interceptor.LogInterceptor  - 

10:47:16,498 [Thread-89] DEBUG org.activiti.engine.impl.interceptor.LogInterceptor  - --- starting StartProcessInstanceCmd --------------------------------------------------------
10:47:16,498 [Thread-83] DEBUG org.activiti.engine.impl.history.DefaultHistoryManager  - Current history level: FULL, level required: ACTIVITY
10:47:16,498 [Thread-83] DEBUG org.activiti.engine.impl.pvm.runtime.AtomicOperationActivityExecute  - ProcessInstance[151] executes Activity(theStart): org.activiti.engine.impl.bpmn.behavior.NoneStartEventActivityBehavior
10:47:16,498 [Thread-99] DEBUG org.apache.ibatis.datasource.pooled.PooledDataSource  - Checked out connection 826925275 from pool.
10:47:16,498 [Thread-83] DEBUG org.activiti.engine.impl.persistence.entity.JobEntity.selectJobsByExecutionId  - ==&gt;  Preparing: select * from ACT_RU_JOB J where J.EXECUTION_ID_ = ? 
10:47:16,498 [Thread-89] DEBUG org.apache.ibatis.transaction.jdbc.JdbcTransaction  - Opening JDBC Connection
10:47:16,498 [Thread-83] DEBUG org.activiti.engine.impl.persistence.entity.JobEntity.selectJobsByExecutionId  - ==&gt; Parameters: 151(String)
10:47:16,498 [Thread-88] DEBUG org.apache.ibatis.datasource.pooled.PooledDataSource  - Waiting as long as 20000 milliseconds for connection.
10:47:16,498 [Thread-99] DEBUG org.apache.ibatis.transaction.jdbc.JdbcTransaction  - Setting autocommit to false on JDBC Connection [conn53: url=jdbc:h2:mem:activiti user=SA]
10:47:16,498 [Thread-92] DEBUG org.apache.ibatis.datasource.pooled.PooledDataSource  - Waiting as long as 20000 milliseconds for connection.
10:47:16,498 [Thread-83] DEBUG org.activiti.engine.impl.persistence.entity.JobEntity.selectJobsByExecutionId  - &lt;==      Total: 0
10:47:16,498 [Thread-83] DEBUG org.activiti.engine.impl.bpmn.behavior.BpmnActivityBehavior  - Leaving activity &apos;theStart&apos;
10:47:16,498 [Thread-93] DEBUG org.apache.ibatis.datasource.pooled.PooledDataSource  - Waiting as long as 20000 milliseconds for connection.
10:47:16,498 [Thread-99] DEBUG org.activiti.engine.impl.persistence.entity.ProcessDefinitionEntity.selectLatestProcessDefinitionByKey  - ==&gt;  Preparing: select * from ACT_RE_PROCDEF where KEY_ = ? and (TENANT_ID_ = &apos;&apos; or TENANT_ID_ is null) and VERSION_ = (select max(VERSION_) from ACT_RE_PROCDEF where KEY_ = ? and (TENANT_ID_ = &apos;&apos; or TENANT_ID_ is null)) 
10:47:16,499 [Thread-95] DEBUG org.apache.ibatis.datasource.pooled.PooledDataSource  - Waiting as long as 20000 milliseconds for connection.
10:47:16,499 [Thread-83] DEBUG org.activiti.engine.impl.history.DefaultHistoryManager  - Current history level: FULL, level required: ACTIVITY
10:47:16,499 [Thread-94] DEBUG org.apache.ibatis.datasource.pooled.PooledDataSource  - Waiting as long as 20000 milliseconds for connection.
10:47:16,499 [Thread-99] DEBUG org.activiti.engine.impl.persistence.entity.ProcessDefinitionEntity.selectLatestProcessDefinitionByKey  - ==&gt; Parameters: idGeneratorDataSource(String), idGeneratorDataSource(String)
10:47:16,499 [Thread-97] DEBUG org.apache.ibatis.datasource.pooled.PooledDataSource  - Waiting as long as 20000 milliseconds for connection.
10:47:16,499 [Thread-99] DEBUG org.activiti.engine.impl.persistence.entity.ProcessDefinitionEntity.selectLatestProcessDefinitionByKey  - &lt;==      Total: 1
10:47:16,499 [Thread-83] DEBUG org.activiti.engine.impl.pvm.runtime.AtomicOperationTransitionNotifyListenerTake  - ProcessInstance[151] takes transition (theStart)--flow1--&gt;(javaService)
10:47:16,499 [Thread-99] DEBUG org.activiti.engine.impl.persistence.entity.ExecutionEntity  - initializing ProcessInstance[153]
10:47:16,499 [Thread-99] DEBUG org.activiti.engine.impl.history.DefaultHistoryManager  - Current history level: FULL, level required: ACTIVITY
10:47:16,499 [Thread-85] DEBUG org.apache.ibatis.datasource.pooled.PooledDataSource  - Waiting as long as 20000 milliseconds for connection.
10:47:16,499 [Thread-99] DEBUG org.activiti.engine.impl.interceptor.LogInterceptor  - 

10:47:16,499 [Thread-99] DEBUG org.activiti.engine.impl.interceptor.LogInterceptor  - --- starting GetNextIdBlockCmd --------------------------------------------------------
10:47:16,499 [Thread-83] DEBUG org.activiti.engine.impl.history.DefaultHistoryManager  - Current history level: FULL, level required: ACTIVITY
10:47:16,499 [Thread-99] DEBUG org.apache.ibatis.transaction.jdbc.JdbcTransaction  - Opening JDBC Connection
10:47:16,499 [Thread-100] DEBUG org.apache.ibatis.datasource.pooled.PooledDataSource  - Waiting as long as 20000 milliseconds for connection.
10:47:16,499 [Thread-99] DEBUG org.apache.ibatis.datasource.pooled.PooledDataSource  - Checked out connection 1094226572 from pool.
10:47:16,499 [Thread-89] DEBUG org.apache.ibatis.datasource.pooled.PooledDataSource  - Waiting as long as 20000 milliseconds for connection.
10:47:16,499 [Thread-99] DEBUG org.apache.ibatis.transaction.jdbc.JdbcTransaction  - Setting autocommit to false on JDBC Connection [conn54: url=jdbc:h2:mem:activiti user=SA]
10:47:16,499 [Thread-99] DEBUG org.activiti.engine.impl.persistence.entity.PropertyEntity.selectProperty  - ==&gt;  Preparing: select * from ACT_GE_PROPERTY where NAME_ = ? 
10:47:16,499 [Thread-99] DEBUG org.activiti.engine.impl.persistence.entity.PropertyEntity.selectProperty  - ==&gt; Parameters: next.dbid(String)
10:47:16,499 [Thread-99] DEBUG org.activiti.engine.impl.persistence.entity.PropertyEntity.selectProperty  - &lt;==      Total: 1
10:47:16,499 [Thread-99] DEBUG org.activiti.engine.impl.db.DbSqlSession  -   update PropertyEntity[name=next.dbid, value=157]
10:47:16,499 [Thread-99] DEBUG org.activiti.engine.impl.db.DbSqlSession  - flush summary: 0 insert, 1 update, 0 delete.
10:47:16,499 [Thread-99] DEBUG org.activiti.engine.impl.db.DbSqlSession  - now executing flush...
10:47:16,499 [Thread-99] DEBUG org.activiti.engine.impl.db.DbSqlSession  - updating: PropertyEntity[name=next.dbid, value=157]
10:47:16,499 [Thread-99] DEBUG org.activiti.engine.impl.persistence.entity.PropertyEntity.updateProperty  - ==&gt;  Preparing: update ACT_GE_PROPERTY SET REV_ = ?, VALUE_ = ? where NAME_ = ? and REV_ = ? 
10:47:16,499 [Thread-99] DEBUG org.activiti.engine.impl.persistence.entity.PropertyEntity.updateProperty  - ==&gt; Parameters: 53(Integer), 157(String), next.dbid(String), 52(Integer)
10:47:16,499 [Thread-99] DEBUG org.activiti.engine.impl.persistence.entity.PropertyEntity.updateProperty  - &lt;==    Updates: 1
10:47:16,499 [Thread-99] DEBUG org.activiti.engine.impl.cfg.standalone.StandaloneMybatisTransactionContext  - firing event committing...
10:47:16,499 [Thread-99] DEBUG org.activiti.engine.impl.cfg.standalone.StandaloneMybatisTransactionContext  - committing the ibatis sql session...
10:47:16,500 [Thread-99] DEBUG org.apache.ibatis.transaction.jdbc.JdbcTransaction  - Committing JDBC Connection [conn54: url=jdbc:h2:mem:activiti user=SA]
10:47:16,500 [Thread-99] DEBUG org.activiti.engine.impl.cfg.standalone.StandaloneMybatisTransactionContext  - firing event committed...
10:47:16,500 [Thread-99] DEBUG org.apache.ibatis.transaction.jdbc.JdbcTransaction  - Resetting autocommit to true on JDBC Connection [conn54: url=jdbc:h2:mem:activiti user=SA]
10:47:16,500 [Thread-99] DEBUG org.apache.ibatis.transaction.jdbc.JdbcTransaction  - Closing JDBC Connection [conn54: url=jdbc:h2:mem:activiti user=SA]
10:47:16,500 [Thread-99] DEBUG org.apache.ibatis.datasource.pooled.PooledDataSource  - Returned connection 1094226572 to pool.
10:47:16,500 [Thread-99] DEBUG org.activiti.engine.impl.interceptor.LogInterceptor  - --- GetNextIdBlockCmd finished --------------------------------------------------------
10:47:16,500 [Thread-99] DEBUG org.activiti.engine.impl.interceptor.LogInterceptor  - 

10:47:16,500 [Thread-99] DEBUG org.activiti.engine.impl.pvm.runtime.AtomicOperationActivityExecute  - ProcessInstance[153] executes Activity(theStart): org.activiti.engine.impl.bpmn.behavior.NoneStartEventActivityBehavior
10:47:16,500 [Thread-83] DEBUG org.activiti.engine.impl.pvm.runtime.AtomicOperationActivityExecute  - ProcessInstance[151] executes Activity(javaService): org.activiti.engine.impl.bpmn.helper.ClassDelegate
10:47:16,500 [Thread-99] DEBUG org.activiti.engine.impl.persistence.entity.JobEntity.selectJobsByExecutionId  - ==&gt;  Preparing: select * from ACT_RU_JOB J where J.EXECUTION_ID_ = ? 
10:47:16,500 [Thread-83] DEBUG org.activiti.engine.impl.db.DbSqlSession  -   insert ProcessInstance[151]
10:47:16,500 [Thread-83] DEBUG org.activiti.engine.impl.db.DbSqlSession  -   insert HistoricProcessInstanceEntity[superProcessInstanceId=null]
10:47:16,500 [Thread-83] DEBUG org.activiti.engine.impl.db.DbSqlSession  -   insert HistoricActivityInstanceEntity[activityId=theStart, activityName=null]
10:47:16,500 [Thread-83] DEBUG org.activiti.engine.impl.db.DbSqlSession  -   insert HistoricActivityInstanceEntity[activityId=javaService, activityName=Java service invocation]
10:47:16,500 [Thread-83] DEBUG org.activiti.engine.impl.db.DbSqlSession  - flush summary: 4 insert, 0 update, 0 delete.
10:47:16,500 [Thread-83] DEBUG org.activiti.engine.impl.db.DbSqlSession  - now executing flush...
10:47:16,500 [Thread-83] DEBUG org.activiti.engine.impl.db.DbSqlSession  - inserting: HistoricProcessInstanceEntity[superProcessInstanceId=null]
10:47:16,500 [Thread-99] DEBUG org.activiti.engine.impl.persistence.entity.JobEntity.selectJobsByExecutionId  - ==&gt; Parameters: 153(String)
10:47:16,500 [Thread-83] DEBUG org.activiti.engine.impl.persistence.entity.HistoricProcessInstanceEntity.insertHistoricProcessInstance  - ==&gt;  Preparing: insert into ACT_HI_PROCINST ( ID_, PROC_INST_ID_, BUSINESS_KEY_, PROC_DEF_ID_, START_TIME_, END_TIME_, DURATION_, START_USER_ID_, START_ACT_ID_, END_ACT_ID_, SUPER_PROCESS_INSTANCE_ID_, DELETE_REASON_, TENANT_ID_, NAME_ ) values ( ?, ?, ?, ?, ?, ?, ?, ?, ?, ?, ?, ?, ?, ? ) 
10:47:16,500 [Thread-99] DEBUG org.activiti.engine.impl.persistence.entity.JobEntity.selectJobsByExecutionId  - &lt;==      Total: 0
10:47:16,500 [Thread-83] DEBUG org.activiti.engine.impl.persistence.entity.HistoricProcessInstanceEntity.insertHistoricProcessInstance  - ==&gt; Parameters: 151(String), 151(String), null, idGeneratorDataSource:1:3(String), 2015-01-01 00:00:00.0(Timestamp), null, null, null, theStart(String), null, null, null, (String), null
10:47:16,500 [Thread-99] DEBUG org.activiti.engine.impl.bpmn.behavior.BpmnActivityBehavior  - Leaving activity &apos;theStart&apos;
10:47:16,500 [Thread-83] DEBUG org.activiti.engine.impl.persistence.entity.HistoricProcessInstanceEntity.insertHistoricProcessInstance  - &lt;==    Updates: 1
10:47:16,500 [Thread-99] DEBUG org.activiti.engine.impl.history.DefaultHistoryManager  - Current history level: FULL, level required: ACTIVITY
10:47:16,500 [Thread-99] DEBUG org.activiti.engine.impl.pvm.runtime.AtomicOperationTransitionNotifyListenerTake  - ProcessInstance[153] takes transition (theStart)--flow1--&gt;(javaService)
10:47:16,500 [Thread-99] DEBUG org.activiti.engine.impl.history.DefaultHistoryManager  - Current history level: FULL, level required: ACTIVITY
10:47:16,500 [Thread-99] DEBUG org.activiti.engine.impl.pvm.runtime.AtomicOperationActivityExecute  - ProcessInstance[153] executes Activity(javaService): org.activiti.engine.impl.bpmn.helper.ClassDelegate
10:47:16,500 [Thread-83] DEBUG org.activiti.engine.impl.persistence.entity.HistoricActivityInstanceEntity.bulkInsertHistoricActivityInstance  - ==&gt;  Preparing: insert into ACT_HI_ACTINST ( ID_, PROC_DEF_ID_, PROC_INST_ID_, EXECUTION_ID_, ACT_ID_, TASK_ID_, CALL_PROC_INST_ID_, ACT_NAME_, ACT_TYPE_, ASSIGNEE_, START_TIME_, END_TIME_, DURATION_, TENANT_ID_ ) values (?, ?, ?, ?, ?, ?, ?, ?, ?, ?, ?, ?, ?, ?) , (?, ?, ?, ?, ?, ?, ?, ?, ?, ?, ?, ?, ?, ?) 
10:47:16,500 [Thread-99] DEBUG org.activiti.engine.impl.db.DbSqlSession  -   insert ProcessInstance[153]
10:47:16,500 [Thread-99] DEBUG org.activiti.engine.impl.db.DbSqlSession  -   insert HistoricProcessInstanceEntity[superProcessInstanceId=null]
10:47:16,500 [Thread-83] DEBUG org.activiti.engine.impl.persistence.entity.HistoricActivityInstanceEntity.bulkInsertHistoricActivityInstance  - ==&gt; Parameters: 152(String), idGeneratorDataSource:1:3(String), 151(String), 151(String), theStart(String), null, null, null, startEvent(String), null, 2015-01-01 00:00:00.0(Timestamp), 2015-01-01 00:00:00.0(Timestamp), 0(Long), (String), 155(String), idGeneratorDataSource:1:3(String), 151(String), 151(String), javaService(String), null, null, Java service invocation(String), serviceTask(String), null, 2015-01-01 00:00:00.0(Timestamp), null, null, (String)
10:47:16,500 [Thread-99] DEBUG org.activiti.engine.impl.db.DbSqlSession  -   insert HistoricActivityInstanceEntity[activityId=theStart, activityName=null]
10:47:16,500 [Thread-83] DEBUG org.activiti.engine.impl.persistence.entity.HistoricActivityInstanceEntity.bulkInsertHistoricActivityInstance  - &lt;==    Updates: 2
10:47:16,501 [Thread-83] DEBUG org.activiti.engine.impl.db.DbSqlSession  - inserting: ProcessInstance[151]
10:47:16,500 [Thread-99] DEBUG org.activiti.engine.impl.db.DbSqlSession  -   insert HistoricActivityInstanceEntity[activityId=javaService, activityName=Java service invocation]
10:47:16,501 [Thread-99] DEBUG org.activiti.engine.impl.db.DbSqlSession  - flush summary: 4 insert, 0 update, 0 delete.
10:47:16,501 [Thread-99] DEBUG org.activiti.engine.impl.db.DbSqlSession  - now executing flush...
10:47:16,501 [Thread-99] DEBUG org.activiti.engine.impl.db.DbSqlSession  - inserting: HistoricProcessInstanceEntity[superProcessInstanceId=null]
10:47:16,501 [Thread-83] DEBUG org.activiti.engine.impl.persistence.entity.ExecutionEntity.insertExecution  - ==&gt;  Preparing: insert into ACT_RU_EXECUTION (ID_, REV_, PROC_INST_ID_, BUSINESS_KEY_, PROC_DEF_ID_, ACT_ID_, IS_ACTIVE_, IS_CONCURRENT_, IS_SCOPE_,IS_EVENT_SCOPE_, PARENT_ID_, SUPER_EXEC_, SUSPENSION_STATE_, CACHED_ENT_STATE_, TENANT_ID_, NAME_) values ( ?, 1, ?, ?, ?, ?, ?, ?, ?, ?, ?, ?, ?, ?, ?, ? ) 
10:47:16,501 [Thread-99] DEBUG org.activiti.engine.impl.persistence.entity.HistoricProcessInstanceEntity.insertHistoricProcessInstance  - ==&gt;  Preparing: insert into ACT_HI_PROCINST ( ID_, PROC_INST_ID_, BUSINESS_KEY_, PROC_DEF_ID_, START_TIME_, END_TIME_, DURATION_, START_USER_ID_, START_ACT_ID_, END_ACT_ID_, SUPER_PROCESS_INSTANCE_ID_, DELETE_REASON_, TENANT_ID_, NAME_ ) values ( ?, ?, ?, ?, ?, ?, ?, ?, ?, ?, ?, ?, ?, ? ) 
10:47:16,501 [Thread-83] DEBUG org.activiti.engine.impl.persistence.entity.ExecutionEntity.insertExecution  - ==&gt; Parameters: 151(String), 151(String), null, idGeneratorDataSource:1:3(String), javaService(String), true(Boolean), false(Boolean), true(Boolean), false(Boolean), null, null, 1(Integer), 2(Integer), (String), null
10:47:16,501 [Thread-99] DEBUG org.activiti.engine.impl.persistence.entity.HistoricProcessInstanceEntity.insertHistoricProcessInstance  - ==&gt; Parameters: 153(String), 153(String), null, idGeneratorDataSource:1:3(String), 2015-01-01 00:00:00.0(Timestamp), null, null, null, theStart(String), null, null, null, (String), null
10:47:16,501 [Thread-83] DEBUG org.activiti.engine.impl.persistence.entity.ExecutionEntity.insertExecution  - &lt;==    Updates: 1
10:47:16,501 [Thread-83] DEBUG org.activiti.engine.impl.cfg.standalone.StandaloneMybatisTransactionContext  - firing event committing...
10:47:16,501 [Thread-83] DEBUG org.activiti.engine.impl.cfg.standalone.StandaloneMybatisTransactionContext  - committing the ibatis sql session...
10:47:16,501 [Thread-83] DEBUG org.apache.ibatis.transaction.jdbc.JdbcTransaction  - Committing JDBC Connection [conn55: url=jdbc:h2:mem:activiti user=SA]
10:47:16,501 [Thread-83] DEBUG org.activiti.engine.impl.cfg.standalone.StandaloneMybatisTransactionContext  - firing event committed...
10:47:16,501 [Thread-99] DEBUG org.activiti.engine.impl.persistence.entity.HistoricProcessInstanceEntity.insertHistoricProcessInstance  - &lt;==    Updates: 1
10:47:16,501 [Thread-83] DEBUG org.apache.ibatis.transaction.jdbc.JdbcTransaction  - Resetting autocommit to true on JDBC Connection [conn55: url=jdbc:h2:mem:activiti user=SA]
10:47:16,501 [Thread-83] DEBUG org.apache.ibatis.transaction.jdbc.JdbcTransaction  - Closing JDBC Connection [conn55: url=jdbc:h2:mem:activiti user=SA]
10:47:16,501 [Thread-83] DEBUG org.apache.ibatis.datasource.pooled.PooledDataSource  - Returned connection 14606730 to pool.
10:47:16,501 [Thread-83] DEBUG org.activiti.engine.impl.interceptor.LogInterceptor  - --- StartProcessInstanceCmd finished --------------------------------------------------------
10:47:16,501 [Thread-83] DEBUG org.activiti.engine.impl.interceptor.LogInterceptor  - 

10:47:16,501 [Thread-83] DEBUG org.activiti.engine.impl.interceptor.LogInterceptor  - 

10:47:16,501 [Thread-83] DEBUG org.activiti.engine.impl.interceptor.LogInterceptor  - --- starting StartProcessInstanceCmd --------------------------------------------------------
10:47:16,501 [Thread-89] DEBUG org.apache.ibatis.datasource.pooled.PooledDataSource  - Checked out connection 14606730 from pool.
10:47:16,501 [Thread-99] DEBUG org.activiti.engine.impl.persistence.entity.HistoricActivityInstanceEntity.bulkInsertHistoricActivityInstance  - ==&gt;  Preparing: insert into ACT_HI_ACTINST ( ID_, PROC_DEF_ID_, PROC_INST_ID_, EXECUTION_ID_, ACT_ID_, TASK_ID_, CALL_PROC_INST_ID_, ACT_NAME_, ACT_TYPE_, ASSIGNEE_, START_TIME_, END_TIME_, DURATION_, TENANT_ID_ ) values (?, ?, ?, ?, ?, ?, ?, ?, ?, ?, ?, ?, ?, ?) , (?, ?, ?, ?, ?, ?, ?, ?, ?, ?, ?, ?, ?, ?) 
10:47:16,501 [Thread-100] DEBUG org.apache.ibatis.datasource.pooled.PooledDataSource  - Waiting as long as 20000 milliseconds for connection.
10:47:16,501 [Thread-89] DEBUG org.apache.ibatis.transaction.jdbc.JdbcTransaction  - Setting autocommit to false on JDBC Connection [conn55: url=jdbc:h2:mem:activiti user=SA]
10:47:16,501 [Thread-83] DEBUG org.apache.ibatis.transaction.jdbc.JdbcTransaction  - Opening JDBC Connection
10:47:16,501 [Thread-89] DEBUG org.activiti.engine.impl.persistence.entity.ProcessDefinitionEntity.selectLatestProcessDefinitionByKey  - ==&gt;  Preparing: select * from ACT_RE_PROCDEF where KEY_ = ? and (TENANT_ID_ = &apos;&apos; or TENANT_ID_ is null) and VERSION_ = (select max(VERSION_) from ACT_RE_PROCDEF where KEY_ = ? and (TENANT_ID_ = &apos;&apos; or TENANT_ID_ is null)) 
10:47:16,501 [Thread-85] DEBUG org.apache.ibatis.datasource.pooled.PooledDataSource  - Waiting as long as 20000 milliseconds for connection.
10:47:16,501 [Thread-99] DEBUG org.activiti.engine.impl.persistence.entity.HistoricActivityInstanceEntity.bulkInsertHistoricActivityInstance  - ==&gt; Parameters: 154(String), idGeneratorDataSource:1:3(String), 153(String), 153(String), theStart(String), null, null, null, startEvent(String), null, 2015-01-01 00:00:00.0(Timestamp), 2015-01-01 00:00:00.0(Timestamp), 0(Long), (String), 156(String), idGeneratorDataSource:1:3(String), 153(String), 153(String), javaService(String), null, null, Java service invocation(String), serviceTask(String), null, 2015-01-01 00:00:00.0(Timestamp), null, null, (String)
10:47:16,501 [Thread-97] DEBUG org.apache.ibatis.datasource.pooled.PooledDataSource  - Waiting as long as 20000 milliseconds for connection.
10:47:16,501 [Thread-89] DEBUG org.activiti.engine.impl.persistence.entity.ProcessDefinitionEntity.selectLatestProcessDefinitionByKey  - ==&gt; Parameters: idGeneratorDataSource(String), idGeneratorDataSource(String)
10:47:16,501 [Thread-94] DEBUG org.apache.ibatis.datasource.pooled.PooledDataSource  - Waiting as long as 20000 milliseconds for connection.
10:47:16,501 [Thread-89] DEBUG org.activiti.engine.impl.persistence.entity.ProcessDefinitionEntity.selectLatestProcessDefinitionByKey  - &lt;==      Total: 1
10:47:16,501 [Thread-99] DEBUG org.activiti.engine.impl.persistence.entity.HistoricActivityInstanceEntity.bulkInsertHistoricActivityInstance  - &lt;==    Updates: 2
10:47:16,502 [Thread-99] DEBUG org.activiti.engine.impl.db.DbSqlSession  - inserting: ProcessInstance[153]
10:47:16,502 [Thread-89] DEBUG org.activiti.engine.impl.interceptor.LogInterceptor  - 

10:47:16,502 [Thread-89] DEBUG org.activiti.engine.impl.interceptor.LogInterceptor  - --- starting GetNextIdBlockCmd --------------------------------------------------------
10:47:16,502 [Thread-95] DEBUG org.apache.ibatis.datasource.pooled.PooledDataSource  - Waiting as long as 20000 milliseconds for connection.
10:47:16,502 [Thread-89] DEBUG org.apache.ibatis.transaction.jdbc.JdbcTransaction  - Opening JDBC Connection
10:47:16,502 [Thread-99] DEBUG org.activiti.engine.impl.persistence.entity.ExecutionEntity.insertExecution  - ==&gt;  Preparing: insert into ACT_RU_EXECUTION (ID_, REV_, PROC_INST_ID_, BUSINESS_KEY_, PROC_DEF_ID_, ACT_ID_, IS_ACTIVE_, IS_CONCURRENT_, IS_SCOPE_,IS_EVENT_SCOPE_, PARENT_ID_, SUPER_EXEC_, SUSPENSION_STATE_, CACHED_ENT_STATE_, TENANT_ID_, NAME_) values ( ?, 1, ?, ?, ?, ?, ?, ?, ?, ?, ?, ?, ?, ?, ?, ? ) 
10:47:16,502 [Thread-89] DEBUG org.apache.ibatis.datasource.pooled.PooledDataSource  - Checked out connection 1094226572 from pool.
10:47:16,502 [Thread-93] DEBUG org.apache.ibatis.datasource.pooled.PooledDataSource  - Waiting as long as 20000 milliseconds for connection.
10:47:16,502 [Thread-89] DEBUG org.apache.ibatis.transaction.jdbc.JdbcTransaction  - Setting autocommit to false on JDBC Connection [conn54: url=jdbc:h2:mem:activiti user=SA]
10:47:16,502 [Thread-89] DEBUG org.activiti.engine.impl.persistence.entity.PropertyEntity.selectProperty  - ==&gt;  Preparing: select * from ACT_GE_PROPERTY where NAME_ = ? 
10:47:16,502 [Thread-99] DEBUG org.activiti.engine.impl.persistence.entity.ExecutionEntity.insertExecution  - ==&gt; Parameters: 153(String), 153(String), null, idGeneratorDataSource:1:3(String), javaService(String), true(Boolean), false(Boolean), true(Boolean), false(Boolean), null, null, 1(Integer), 2(Integer), (String), null
10:47:16,502 [Thread-89] DEBUG org.activiti.engine.impl.persistence.entity.PropertyEntity.selectProperty  - ==&gt; Parameters: next.dbid(String)
10:47:16,502 [Thread-92] DEBUG org.apache.ibatis.datasource.pooled.PooledDataSource  - Waiting as long as 20000 milliseconds for connection.
10:47:16,502 [Thread-89] DEBUG org.activiti.engine.impl.persistence.entity.PropertyEntity.selectProperty  - &lt;==      Total: 1
10:47:16,502 [Thread-99] DEBUG org.activiti.engine.impl.persistence.entity.ExecutionEntity.insertExecution  - &lt;==    Updates: 1
10:47:16,502 [Thread-99] DEBUG org.activiti.engine.impl.cfg.standalone.StandaloneMybatisTransactionContext  - firing event committing...
10:47:16,502 [Thread-99] DEBUG org.activiti.engine.impl.cfg.standalone.StandaloneMybatisTransactionContext  - committing the ibatis sql session...
10:47:16,502 [Thread-99] DEBUG org.apache.ibatis.transaction.jdbc.JdbcTransaction  - Committing JDBC Connection [conn53: url=jdbc:h2:mem:activiti user=SA]
10:47:16,502 [Thread-89] DEBUG org.activiti.engine.impl.db.DbSqlSession  -   update PropertyEntity[name=next.dbid, value=160]
10:47:16,502 [Thread-89] DEBUG org.activiti.engine.impl.db.DbSqlSession  - flush summary: 0 insert, 1 update, 0 delete.
10:47:16,502 [Thread-89] DEBUG org.activiti.engine.impl.db.DbSqlSession  - now executing flush...
10:47:16,502 [Thread-89] DEBUG org.activiti.engine.impl.db.DbSqlSession  - updating: PropertyEntity[name=next.dbid, value=160]
10:47:16,502 [Thread-88] DEBUG org.apache.ibatis.datasource.pooled.PooledDataSource  - Waiting as long as 20000 milliseconds for connection.
10:47:16,502 [Thread-89] DEBUG org.activiti.engine.impl.persistence.entity.PropertyEntity.updateProperty  - ==&gt;  Preparing: update ACT_GE_PROPERTY SET REV_ = ?, VALUE_ = ? where NAME_ = ? and REV_ = ? 
10:47:16,502 [Thread-99] DEBUG org.activiti.engine.impl.cfg.standalone.StandaloneMybatisTransactionContext  - firing event committed...
10:47:16,502 [Thread-99] DEBUG org.apache.ibatis.transaction.jdbc.JdbcTransaction  - Resetting autocommit to true on JDBC Connection [conn53: url=jdbc:h2:mem:activiti user=SA]
10:47:16,502 [Thread-99] DEBUG org.apache.ibatis.transaction.jdbc.JdbcTransaction  - Closing JDBC Connection [conn53: url=jdbc:h2:mem:activiti user=SA]
10:47:16,502 [Thread-89] DEBUG org.activiti.engine.impl.persistence.entity.PropertyEntity.updateProperty  - ==&gt; Parameters: 54(Integer), 160(String), next.dbid(String), 53(Integer)
10:47:16,502 [Thread-83] DEBUG org.apache.ibatis.datasource.pooled.PooledDataSource  - Waiting as long as 20000 milliseconds for connection.
10:47:16,502 [Thread-89] DEBUG org.activiti.engine.impl.persistence.entity.PropertyEntity.updateProperty  - &lt;==    Updates: 1
10:47:16,502 [Thread-99] DEBUG org.apache.ibatis.datasource.pooled.PooledDataSource  - Returned connection 826925275 to pool.
10:47:16,503 [Thread-89] DEBUG org.activiti.engine.impl.cfg.standalone.StandaloneMybatisTransactionContext  - firing event committing...
10:47:16,503 [Thread-89] DEBUG org.activiti.engine.impl.cfg.standalone.StandaloneMybatisTransactionContext  - committing the ibatis sql session...
10:47:16,503 [Thread-89] DEBUG org.apache.ibatis.transaction.jdbc.JdbcTransaction  - Committing JDBC Connection [conn54: url=jdbc:h2:mem:activiti user=SA]
10:47:16,503 [Thread-89] DEBUG org.activiti.engine.impl.cfg.standalone.StandaloneMybatisTransactionContext  - firing event committed...
10:47:16,503 [Thread-89] DEBUG org.apache.ibatis.transaction.jdbc.JdbcTransaction  - Resetting autocommit to true on JDBC Connection [conn54: url=jdbc:h2:mem:activiti user=SA]
10:47:16,503 [Thread-89] DEBUG org.apache.ibatis.transaction.jdbc.JdbcTransaction  - Closing JDBC Connection [conn54: url=jdbc:h2:mem:activiti user=SA]
10:47:16,503 [Thread-83] DEBUG org.apache.ibatis.datasource.pooled.PooledDataSource  - Checked out connection 826925275 from pool.
10:47:16,503 [Thread-99] DEBUG org.activiti.engine.impl.interceptor.LogInterceptor  - --- StartProcessInstanceCmd finished --------------------------------------------------------
10:47:16,503 [Thread-99] DEBUG org.activiti.engine.impl.interceptor.LogInterceptor  - 

10:47:16,503 [Thread-99] DEBUG org.activiti.engine.impl.interceptor.LogInterceptor  - 

10:47:16,503 [Thread-99] DEBUG org.activiti.engine.impl.interceptor.LogInterceptor  - --- starting StartProcessInstanceCmd --------------------------------------------------------
10:47:16,503 [Thread-88] DEBUG org.apache.ibatis.datasource.pooled.PooledDataSource  - Waiting as long as 20000 milliseconds for connection.
10:47:16,503 [Thread-83] DEBUG org.apache.ibatis.transaction.jdbc.JdbcTransaction  - Setting autocommit to false on JDBC Connection [conn53: url=jdbc:h2:mem:activiti user=SA]
10:47:16,503 [Thread-89] DEBUG org.apache.ibatis.datasource.pooled.PooledDataSource  - Returned connection 1094226572 to pool.
10:47:16,503 [Thread-89] DEBUG org.activiti.engine.impl.interceptor.LogInterceptor  - --- GetNextIdBlockCmd finished --------------------------------------------------------
10:47:16,503 [Thread-89] DEBUG org.activiti.engine.impl.interceptor.LogInterceptor  - 

10:47:16,503 [Thread-89] DEBUG org.activiti.engine.impl.persistence.entity.ExecutionEntity  - initializing ProcessInstance[157]
10:47:16,503 [Thread-83] DEBUG org.activiti.engine.impl.persistence.entity.ProcessDefinitionEntity.selectLatestProcessDefinitionByKey  - ==&gt;  Preparing: select * from ACT_RE_PROCDEF where KEY_ = ? and (TENANT_ID_ = &apos;&apos; or TENANT_ID_ is null) and VERSION_ = (select max(VERSION_) from ACT_RE_PROCDEF where KEY_ = ? and (TENANT_ID_ = &apos;&apos; or TENANT_ID_ is null)) 
10:47:16,503 [Thread-92] DEBUG org.apache.ibatis.datasource.pooled.PooledDataSource  - Waiting as long as 20000 milliseconds for connection.
10:47:16,503 [Thread-99] DEBUG org.apache.ibatis.transaction.jdbc.JdbcTransaction  - Opening JDBC Connection
10:47:16,503 [Thread-93] DEBUG org.apache.ibatis.datasource.pooled.PooledDataSource  - Waiting as long as 20000 milliseconds for connection.
10:47:16,503 [Thread-83] DEBUG org.activiti.engine.impl.persistence.entity.ProcessDefinitionEntity.selectLatestProcessDefinitionByKey  - ==&gt; Parameters: idGeneratorDataSource(String), idGeneratorDataSource(String)
10:47:16,503 [Thread-89] DEBUG org.activiti.engine.impl.history.DefaultHistoryManager  - Current history level: FULL, level required: ACTIVITY
10:47:16,503 [Thread-83] DEBUG org.activiti.engine.impl.persistence.entity.ProcessDefinitionEntity.selectLatestProcessDefinitionByKey  - &lt;==      Total: 1
10:47:16,503 [Thread-89] DEBUG org.activiti.engine.impl.pvm.runtime.AtomicOperationActivityExecute  - ProcessInstance[157] executes Activity(theStart): org.activiti.engine.impl.bpmn.behavior.NoneStartEventActivityBehavior
10:47:16,503 [Thread-83] DEBUG org.activiti.engine.impl.persistence.entity.ExecutionEntity  - initializing ProcessInstance[159]
10:47:16,503 [Thread-95] DEBUG org.apache.ibatis.datasource.pooled.PooledDataSource  - Waiting as long as 20000 milliseconds for connection.
10:47:16,503 [Thread-83] DEBUG org.activiti.engine.impl.history.DefaultHistoryManager  - Current history level: FULL, level required: ACTIVITY
10:47:16,503 [Thread-89] DEBUG org.activiti.engine.impl.persistence.entity.JobEntity.selectJobsByExecutionId  - ==&gt;  Preparing: select * from ACT_RU_JOB J where J.EXECUTION_ID_ = ? 
10:47:16,503 [Thread-83] DEBUG org.activiti.engine.impl.interceptor.LogInterceptor  - 

10:47:16,503 [Thread-83] DEBUG org.activiti.engine.impl.interceptor.LogInterceptor  - --- starting GetNextIdBlockCmd --------------------------------------------------------
10:47:16,503 [Thread-94] DEBUG org.apache.ibatis.datasource.pooled.PooledDataSource  - Waiting as long as 20000 milliseconds for connection.
10:47:16,503 [Thread-83] DEBUG org.apache.ibatis.transaction.jdbc.JdbcTransaction  - Opening JDBC Connection
10:47:16,503 [Thread-89] DEBUG org.activiti.engine.impl.persistence.entity.JobEntity.selectJobsByExecutionId  - ==&gt; Parameters: 157(String)
10:47:16,504 [Thread-83] DEBUG org.apache.ibatis.datasource.pooled.PooledDataSource  - Checked out connection 1094226572 from pool.
10:47:16,504 [Thread-97] DEBUG org.apache.ibatis.datasource.pooled.PooledDataSource  - Waiting as long as 20000 milliseconds for connection.
10:47:16,504 [Thread-83] DEBUG org.apache.ibatis.transaction.jdbc.JdbcTransaction  - Setting autocommit to false on JDBC Connection [conn54: url=jdbc:h2:mem:activiti user=SA]
10:47:16,504 [Thread-83] DEBUG org.activiti.engine.impl.persistence.entity.PropertyEntity.selectProperty  - ==&gt;  Preparing: select * from ACT_GE_PROPERTY where NAME_ = ? 
10:47:16,504 [Thread-89] DEBUG org.activiti.engine.impl.persistence.entity.JobEntity.selectJobsByExecutionId  - &lt;==      Total: 0
10:47:16,504 [Thread-83] DEBUG org.activiti.engine.impl.persistence.entity.PropertyEntity.selectProperty  - ==&gt; Parameters: next.dbid(String)
10:47:16,504 [Thread-85] DEBUG org.apache.ibatis.datasource.pooled.PooledDataSource  - Waiting as long as 20000 milliseconds for connection.
10:47:16,504 [Thread-83] DEBUG org.activiti.engine.impl.persistence.entity.PropertyEntity.selectProperty  - &lt;==      Total: 1
10:47:16,504 [Thread-89] DEBUG org.activiti.engine.impl.bpmn.behavior.BpmnActivityBehavior  - Leaving activity &apos;theStart&apos;
10:47:16,504 [Thread-83] DEBUG org.activiti.engine.impl.db.DbSqlSession  -   update PropertyEntity[name=next.dbid, value=163]
10:47:16,504 [Thread-83] DEBUG org.activiti.engine.impl.db.DbSqlSession  - flush summary: 0 insert, 1 update, 0 delete.
10:47:16,504 [Thread-83] DEBUG org.activiti.engine.impl.db.DbSqlSession  - now executing flush...
10:47:16,504 [Thread-83] DEBUG org.activiti.engine.impl.db.DbSqlSession  - updating: PropertyEntity[name=next.dbid, value=163]
10:47:16,504 [Thread-100] DEBUG org.apache.ibatis.datasource.pooled.PooledDataSource  - Waiting as long as 20000 milliseconds for connection.
10:47:16,504 [Thread-83] DEBUG org.activiti.engine.impl.persistence.entity.PropertyEntity.updateProperty  - ==&gt;  Preparing: update ACT_GE_PROPERTY SET REV_ = ?, VALUE_ = ? where NAME_ = ? and REV_ = ? 
10:47:16,504 [Thread-89] DEBUG org.activiti.engine.impl.history.DefaultHistoryManager  - Current history level: FULL, level required: ACTIVITY
10:47:16,504 [Thread-83] DEBUG org.activiti.engine.impl.persistence.entity.PropertyEntity.updateProperty  - ==&gt; Parameters: 55(Integer), 163(String), next.dbid(String), 54(Integer)
10:47:16,504 [Thread-99] DEBUG org.apache.ibatis.datasource.pooled.PooledDataSource  - Waiting as long as 20000 milliseconds for connection.
10:47:16,504 [Thread-83] DEBUG org.activiti.engine.impl.persistence.entity.PropertyEntity.updateProperty  - &lt;==    Updates: 1
10:47:16,504 [Thread-83] DEBUG org.activiti.engine.impl.cfg.standalone.StandaloneMybatisTransactionContext  - firing event committing...
10:47:16,504 [Thread-83] DEBUG org.activiti.engine.impl.cfg.standalone.StandaloneMybatisTransactionContext  - committing the ibatis sql session...
10:47:16,504 [Thread-83] DEBUG org.apache.ibatis.transaction.jdbc.JdbcTransaction  - Committing JDBC Connection [conn54: url=jdbc:h2:mem:activiti user=SA]
10:47:16,504 [Thread-83] DEBUG org.activiti.engine.impl.cfg.standalone.StandaloneMybatisTransactionContext  - firing event committed...
10:47:16,504 [Thread-83] DEBUG org.apache.ibatis.transaction.jdbc.JdbcTransaction  - Resetting autocommit to true on JDBC Connection [conn54: url=jdbc:h2:mem:activiti user=SA]
10:47:16,504 [Thread-83] DEBUG org.apache.ibatis.transaction.jdbc.JdbcTransaction  - Closing JDBC Connection [conn54: url=jdbc:h2:mem:activiti user=SA]
10:47:16,504 [Thread-83] DEBUG org.apache.ibatis.datasource.pooled.PooledDataSource  - Returned connection 1094226572 to pool.
10:47:16,504 [Thread-83] DEBUG org.activiti.engine.impl.interceptor.LogInterceptor  - --- GetNextIdBlockCmd finished --------------------------------------------------------
10:47:16,504 [Thread-83] DEBUG org.activiti.engine.impl.interceptor.LogInterceptor  - 

10:47:16,504 [Thread-89] DEBUG org.activiti.engine.impl.pvm.runtime.AtomicOperationTransitionNotifyListenerTake  - ProcessInstance[157] takes transition (theStart)--flow1--&gt;(javaService)
10:47:16,504 [Thread-83] DEBUG org.activiti.engine.impl.pvm.runtime.AtomicOperationActivityExecute  - ProcessInstance[159] executes Activity(theStart): org.activiti.engine.impl.bpmn.behavior.NoneStartEventActivityBehavior
10:47:16,504 [Thread-89] DEBUG org.activiti.engine.impl.history.DefaultHistoryManager  - Current history level: FULL, level required: ACTIVITY
10:47:16,504 [Thread-83] DEBUG org.activiti.engine.impl.persistence.entity.JobEntity.selectJobsByExecutionId  - ==&gt;  Preparing: select * from ACT_RU_JOB J where J.EXECUTION_ID_ = ? 
10:47:16,504 [Thread-89] DEBUG org.activiti.engine.impl.pvm.runtime.AtomicOperationActivityExecute  - ProcessInstance[157] executes Activity(javaService): org.activiti.engine.impl.bpmn.helper.ClassDelegate
10:47:16,505 [Thread-83] DEBUG org.activiti.engine.impl.persistence.entity.JobEntity.selectJobsByExecutionId  - ==&gt; Parameters: 159(String)
10:47:16,505 [Thread-89] DEBUG org.activiti.engine.impl.db.DbSqlSession  -   insert ProcessInstance[157]
10:47:16,505 [Thread-89] DEBUG org.activiti.engine.impl.db.DbSqlSession  -   insert HistoricProcessInstanceEntity[superProcessInstanceId=null]
10:47:16,505 [Thread-89] DEBUG org.activiti.engine.impl.db.DbSqlSession  -   insert HistoricActivityInstanceEntity[activityId=theStart, activityName=null]
10:47:16,505 [Thread-89] DEBUG org.activiti.engine.impl.db.DbSqlSession  -   insert HistoricActivityInstanceEntity[activityId=javaService, activityName=Java service invocation]
10:47:16,505 [Thread-89] DEBUG org.activiti.engine.impl.db.DbSqlSession  - flush summary: 4 insert, 0 update, 0 delete.
10:47:16,505 [Thread-89] DEBUG org.activiti.engine.impl.db.DbSqlSession  - now executing flush...
10:47:16,505 [Thread-89] DEBUG org.activiti.engine.impl.db.DbSqlSession  - inserting: HistoricProcessInstanceEntity[superProcessInstanceId=null]
10:47:16,505 [Thread-83] DEBUG org.activiti.engine.impl.persistence.entity.JobEntity.selectJobsByExecutionId  - &lt;==      Total: 0
10:47:16,505 [Thread-83] DEBUG org.activiti.engine.impl.bpmn.behavior.BpmnActivityBehavior  - Leaving activity &apos;theStart&apos;
10:47:16,505 [Thread-89] DEBUG org.activiti.engine.impl.persistence.entity.HistoricProcessInstanceEntity.insertHistoricProcessInstance  - ==&gt;  Preparing: insert into ACT_HI_PROCINST ( ID_, PROC_INST_ID_, BUSINESS_KEY_, PROC_DEF_ID_, START_TIME_, END_TIME_, DURATION_, START_USER_ID_, START_ACT_ID_, END_ACT_ID_, SUPER_PROCESS_INSTANCE_ID_, DELETE_REASON_, TENANT_ID_, NAME_ ) values ( ?, ?, ?, ?, ?, ?, ?, ?, ?, ?, ?, ?, ?, ? ) 
10:47:16,505 [Thread-83] DEBUG org.activiti.engine.impl.history.DefaultHistoryManager  - Current history level: FULL, level required: ACTIVITY
10:47:16,505 [Thread-89] DEBUG org.activiti.engine.impl.persistence.entity.HistoricProcessInstanceEntity.insertHistoricProcessInstance  - ==&gt; Parameters: 157(String), 157(String), null, idGeneratorDataSource:1:3(String), 2015-01-01 00:00:00.0(Timestamp), null, null, null, theStart(String), null, null, null, (String), null
10:47:16,505 [Thread-83] DEBUG org.activiti.engine.impl.pvm.runtime.AtomicOperationTransitionNotifyListenerTake  - ProcessInstance[159] takes transition (theStart)--flow1--&gt;(javaService)
10:47:16,505 [Thread-89] DEBUG org.activiti.engine.impl.persistence.entity.HistoricProcessInstanceEntity.insertHistoricProcessInstance  - &lt;==    Updates: 1
10:47:16,505 [Thread-83] DEBUG org.activiti.engine.impl.history.DefaultHistoryManager  - Current history level: FULL, level required: ACTIVITY
10:47:16,505 [Thread-83] DEBUG org.activiti.engine.impl.pvm.runtime.AtomicOperationActivityExecute  - ProcessInstance[159] executes Activity(javaService): org.activiti.engine.impl.bpmn.helper.ClassDelegate
10:47:16,505 [Thread-83] DEBUG org.activiti.engine.impl.db.DbSqlSession  -   insert ProcessInstance[159]
10:47:16,505 [Thread-83] DEBUG org.activiti.engine.impl.db.DbSqlSession  -   insert HistoricProcessInstanceEntity[superProcessInstanceId=null]
10:47:16,505 [Thread-83] DEBUG org.activiti.engine.impl.db.DbSqlSession  -   insert HistoricActivityInstanceEntity[activityId=theStart, activityName=null]
10:47:16,505 [Thread-83] DEBUG org.activiti.engine.impl.db.DbSqlSession  -   insert HistoricActivityInstanceEntity[activityId=javaService, activityName=Java service invocation]
10:47:16,505 [Thread-83] DEBUG org.activiti.engine.impl.db.DbSqlSession  - flush summary: 4 insert, 0 update, 0 delete.
10:47:16,505 [Thread-83] DEBUG org.activiti.engine.impl.db.DbSqlSession  - now executing flush...
10:47:16,505 [Thread-83] DEBUG org.activiti.engine.impl.db.DbSqlSession  - inserting: HistoricProcessInstanceEntity[superProcessInstanceId=null]
10:47:16,505 [Thread-89] DEBUG org.activiti.engine.impl.persistence.entity.HistoricActivityInstanceEntity.bulkInsertHistoricActivityInstance  - ==&gt;  Preparing: insert into ACT_HI_ACTINST ( ID_, PROC_DEF_ID_, PROC_INST_ID_, EXECUTION_ID_, ACT_ID_, TASK_ID_, CALL_PROC_INST_ID_, ACT_NAME_, ACT_TYPE_, ASSIGNEE_, START_TIME_, END_TIME_, DURATION_, TENANT_ID_ ) values (?, ?, ?, ?, ?, ?, ?, ?, ?, ?, ?, ?, ?, ?) , (?, ?, ?, ?, ?, ?, ?, ?, ?, ?, ?, ?, ?, ?) 
10:47:16,505 [Thread-83] DEBUG org.activiti.engine.impl.persistence.entity.HistoricProcessInstanceEntity.insertHistoricProcessInstance  - ==&gt;  Preparing: insert into ACT_HI_PROCINST ( ID_, PROC_INST_ID_, BUSINESS_KEY_, PROC_DEF_ID_, START_TIME_, END_TIME_, DURATION_, START_USER_ID_, START_ACT_ID_, END_ACT_ID_, SUPER_PROCESS_INSTANCE_ID_, DELETE_REASON_, TENANT_ID_, NAME_ ) values ( ?, ?, ?, ?, ?, ?, ?, ?, ?, ?, ?, ?, ?, ? ) 
10:47:16,505 [Thread-89] DEBUG org.activiti.engine.impl.persistence.entity.HistoricActivityInstanceEntity.bulkInsertHistoricActivityInstance  - ==&gt; Parameters: 158(String), idGeneratorDataSource:1:3(String), 157(String), 157(String), theStart(String), null, null, null, startEvent(String), null, 2015-01-01 00:00:00.0(Timestamp), 2015-01-01 00:00:00.0(Timestamp), 0(Long), (String), 161(String), idGeneratorDataSource:1:3(String), 157(String), 157(String), javaService(String), null, null, Java service invocation(String), serviceTask(String), null, 2015-01-01 00:00:00.0(Timestamp), null, null, (String)
10:47:16,505 [Thread-83] DEBUG org.activiti.engine.impl.persistence.entity.HistoricProcessInstanceEntity.insertHistoricProcessInstance  - ==&gt; Parameters: 159(String), 159(String), null, idGeneratorDataSource:1:3(String), 2015-01-01 00:00:00.0(Timestamp), null, null, null, theStart(String), null, null, null, (String), null
10:47:16,505 [Thread-89] DEBUG org.activiti.engine.impl.persistence.entity.HistoricActivityInstanceEntity.bulkInsertHistoricActivityInstance  - &lt;==    Updates: 2
10:47:16,505 [Thread-89] DEBUG org.activiti.engine.impl.db.DbSqlSession  - inserting: ProcessInstance[157]
10:47:16,505 [Thread-89] DEBUG org.activiti.engine.impl.persistence.entity.ExecutionEntity.insertExecution  - ==&gt;  Preparing: insert into ACT_RU_EXECUTION (ID_, REV_, PROC_INST_ID_, BUSINESS_KEY_, PROC_DEF_ID_, ACT_ID_, IS_ACTIVE_, IS_CONCURRENT_, IS_SCOPE_,IS_EVENT_SCOPE_, PARENT_ID_, SUPER_EXEC_, SUSPENSION_STATE_, CACHED_ENT_STATE_, TENANT_ID_, NAME_) values ( ?, 1, ?, ?, ?, ?, ?, ?, ?, ?, ?, ?, ?, ?, ?, ? ) 
10:47:16,505 [Thread-89] DEBUG org.activiti.engine.impl.persistence.entity.ExecutionEntity.insertExecution  - ==&gt; Parameters: 157(String), 157(String), null, idGeneratorDataSource:1:3(String), javaService(String), true(Boolean), false(Boolean), true(Boolean), false(Boolean), null, null, 1(Integer), 2(Integer), (String), null
10:47:16,505 [Thread-89] DEBUG org.activiti.engine.impl.persistence.entity.ExecutionEntity.insertExecution  - &lt;==    Updates: 1
10:47:16,505 [Thread-89] DEBUG org.activiti.engine.impl.cfg.standalone.StandaloneMybatisTransactionContext  - firing event committing...
10:47:16,505 [Thread-89] DEBUG org.activiti.engine.impl.cfg.standalone.StandaloneMybatisTransactionContext  - committing the ibatis sql session...
10:47:16,506 [Thread-89] DEBUG org.apache.ibatis.transaction.jdbc.JdbcTransaction  - Committing JDBC Connection [conn55: url=jdbc:h2:mem:activiti user=SA]
10:47:16,506 [Thread-89] DEBUG org.activiti.engine.impl.cfg.standalone.StandaloneMybatisTransactionContext  - firing event committed...
10:47:16,506 [Thread-83] DEBUG org.activiti.engine.impl.persistence.entity.HistoricProcessInstanceEntity.insertHistoricProcessInstance  - &lt;==    Updates: 1
10:47:16,506 [Thread-89] DEBUG org.apache.ibatis.transaction.jdbc.JdbcTransaction  - Resetting autocommit to true on JDBC Connection [conn55: url=jdbc:h2:mem:activiti user=SA]
10:47:16,506 [Thread-89] DEBUG org.apache.ibatis.transaction.jdbc.JdbcTransaction  - Closing JDBC Connection [conn55: url=jdbc:h2:mem:activiti user=SA]
10:47:16,506 [Thread-89] DEBUG org.apache.ibatis.datasource.pooled.PooledDataSource  - Returned connection 14606730 to pool.
10:47:16,506 [Thread-89] DEBUG org.activiti.engine.impl.interceptor.LogInterceptor  - --- StartProcessInstanceCmd finished --------------------------------------------------------
10:47:16,506 [Thread-99] DEBUG org.apache.ibatis.datasource.pooled.PooledDataSource  - Checked out connection 14606730 from pool.
10:47:16,506 [Thread-89] DEBUG org.activiti.engine.impl.interceptor.LogInterceptor  - 

10:47:16,506 [Thread-89] DEBUG org.activiti.engine.impl.interceptor.LogInterceptor  - 

10:47:16,506 [Thread-89] DEBUG org.activiti.engine.impl.interceptor.LogInterceptor  - --- starting StartProcessInstanceCmd --------------------------------------------------------
10:47:16,506 [Thread-83] DEBUG org.activiti.engine.impl.persistence.entity.HistoricActivityInstanceEntity.bulkInsertHistoricActivityInstance  - ==&gt;  Preparing: insert into ACT_HI_ACTINST ( ID_, PROC_DEF_ID_, PROC_INST_ID_, EXECUTION_ID_, ACT_ID_, TASK_ID_, CALL_PROC_INST_ID_, ACT_NAME_, ACT_TYPE_, ASSIGNEE_, START_TIME_, END_TIME_, DURATION_, TENANT_ID_ ) values (?, ?, ?, ?, ?, ?, ?, ?, ?, ?, ?, ?, ?, ?) , (?, ?, ?, ?, ?, ?, ?, ?, ?, ?, ?, ?, ?, ?) 
10:47:16,506 [Thread-89] DEBUG org.apache.ibatis.transaction.jdbc.JdbcTransaction  - Opening JDBC Connection
10:47:16,506 [Thread-100] DEBUG org.apache.ibatis.datasource.pooled.PooledDataSource  - Waiting as long as 20000 milliseconds for connection.
10:47:16,506 [Thread-99] DEBUG org.apache.ibatis.transaction.jdbc.JdbcTransaction  - Setting autocommit to false on JDBC Connection [conn55: url=jdbc:h2:mem:activiti user=SA]
10:47:16,506 [Thread-85] DEBUG org.apache.ibatis.datasource.pooled.PooledDataSource  - Waiting as long as 20000 milliseconds for connection.
10:47:16,506 [Thread-83] DEBUG org.activiti.engine.impl.persistence.entity.HistoricActivityInstanceEntity.bulkInsertHistoricActivityInstance  - ==&gt; Parameters: 160(String), idGeneratorDataSource:1:3(String), 159(String), 159(String), theStart(String), null, null, null, startEvent(String), null, 2015-01-01 00:00:00.0(Timestamp), 2015-01-01 00:00:00.0(Timestamp), 0(Long), (String), 162(String), idGeneratorDataSource:1:3(String), 159(String), 159(String), javaService(String), null, null, Java service invocation(String), serviceTask(String), null, 2015-01-01 00:00:00.0(Timestamp), null, null, (String)
10:47:16,506 [Thread-97] DEBUG org.apache.ibatis.datasource.pooled.PooledDataSource  - Waiting as long as 20000 milliseconds for connection.
10:47:16,506 [Thread-99] DEBUG org.activiti.engine.impl.persistence.entity.ProcessDefinitionEntity.selectLatestProcessDefinitionByKey  - ==&gt;  Preparing: select * from ACT_RE_PROCDEF where KEY_ = ? and (TENANT_ID_ = &apos;&apos; or TENANT_ID_ is null) and VERSION_ = (select max(VERSION_) from ACT_RE_PROCDEF where KEY_ = ? and (TENANT_ID_ = &apos;&apos; or TENANT_ID_ is null)) 
10:47:16,506 [Thread-94] DEBUG org.apache.ibatis.datasource.pooled.PooledDataSource  - Waiting as long as 20000 milliseconds for connection.
10:47:16,506 [Thread-83] DEBUG org.activiti.engine.impl.persistence.entity.HistoricActivityInstanceEntity.bulkInsertHistoricActivityInstance  - &lt;==    Updates: 2
10:47:16,506 [Thread-83] DEBUG org.activiti.engine.impl.db.DbSqlSession  - inserting: ProcessInstance[159]
10:47:16,506 [Thread-95] DEBUG org.apache.ibatis.datasource.pooled.PooledDataSource  - Waiting as long as 20000 milliseconds for connection.
10:47:16,506 [Thread-99] DEBUG org.activiti.engine.impl.persistence.entity.ProcessDefinitionEntity.selectLatestProcessDefinitionByKey  - ==&gt; Parameters: idGeneratorDataSource(String), idGeneratorDataSource(String)
10:47:16,507 [Thread-93] DEBUG org.apache.ibatis.datasource.pooled.PooledDataSource  - Waiting as long as 20000 milliseconds for connection.
10:47:16,506 [Thread-83] DEBUG org.activiti.engine.impl.persistence.entity.ExecutionEntity.insertExecution  - ==&gt;  Preparing: insert into ACT_RU_EXECUTION (ID_, REV_, PROC_INST_ID_, BUSINESS_KEY_, PROC_DEF_ID_, ACT_ID_, IS_ACTIVE_, IS_CONCURRENT_, IS_SCOPE_,IS_EVENT_SCOPE_, PARENT_ID_, SUPER_EXEC_, SUSPENSION_STATE_, CACHED_ENT_STATE_, TENANT_ID_, NAME_) values ( ?, 1, ?, ?, ?, ?, ?, ?, ?, ?, ?, ?, ?, ?, ?, ? ) 
10:47:16,507 [Thread-92] DEBUG org.apache.ibatis.datasource.pooled.PooledDataSource  - Waiting as long as 20000 milliseconds for connection.
10:47:16,507 [Thread-99] DEBUG org.activiti.engine.impl.persistence.entity.ProcessDefinitionEntity.selectLatestProcessDefinitionByKey  - &lt;==      Total: 1
10:47:16,507 [Thread-88] DEBUG org.apache.ibatis.datasource.pooled.PooledDataSource  - Waiting as long as 20000 milliseconds for connection.
10:47:16,507 [Thread-83] DEBUG org.activiti.engine.impl.persistence.entity.ExecutionEntity.insertExecution  - ==&gt; Parameters: 159(String), 159(String), null, idGeneratorDataSource:1:3(String), javaService(String), true(Boolean), false(Boolean), true(Boolean), false(Boolean), null, null, 1(Integer), 2(Integer), (String), null
10:47:16,507 [Thread-99] DEBUG org.activiti.engine.impl.interceptor.LogInterceptor  - 

10:47:16,507 [Thread-89] DEBUG org.apache.ibatis.datasource.pooled.PooledDataSource  - Waiting as long as 20000 milliseconds for connection.
10:47:16,507 [Thread-83] DEBUG org.activiti.engine.impl.persistence.entity.ExecutionEntity.insertExecution  - &lt;==    Updates: 1
10:47:16,507 [Thread-83] DEBUG org.activiti.engine.impl.cfg.standalone.StandaloneMybatisTransactionContext  - firing event committing...
10:47:16,507 [Thread-83] DEBUG org.activiti.engine.impl.cfg.standalone.StandaloneMybatisTransactionContext  - committing the ibatis sql session...
10:47:16,507 [Thread-83] DEBUG org.apache.ibatis.transaction.jdbc.JdbcTransaction  - Committing JDBC Connection [conn53: url=jdbc:h2:mem:activiti user=SA]
10:47:16,507 [Thread-99] DEBUG org.activiti.engine.impl.interceptor.LogInterceptor  - --- starting GetNextIdBlockCmd --------------------------------------------------------
10:47:16,507 [Thread-83] DEBUG org.activiti.engine.impl.cfg.standalone.StandaloneMybatisTransactionContext  - firing event committed...
10:47:16,507 [Thread-99] DEBUG org.apache.ibatis.transaction.jdbc.JdbcTransaction  - Opening JDBC Connection
10:47:16,507 [Thread-83] DEBUG org.apache.ibatis.transaction.jdbc.JdbcTransaction  - Resetting autocommit to true on JDBC Connection [conn53: url=jdbc:h2:mem:activiti user=SA]
10:47:16,507 [Thread-83] DEBUG org.apache.ibatis.transaction.jdbc.JdbcTransaction  - Closing JDBC Connection [conn53: url=jdbc:h2:mem:activiti user=SA]
10:47:16,507 [Thread-83] DEBUG org.apache.ibatis.datasource.pooled.PooledDataSource  - Returned connection 826925275 to pool.
10:47:16,507 [Thread-99] DEBUG org.apache.ibatis.datasource.pooled.PooledDataSource  - Checked out connection 1094226572 from pool.
10:47:16,507 [Thread-89] DEBUG org.apache.ibatis.datasource.pooled.PooledDataSource  - Checked out connection 826925275 from pool.
10:47:16,507 [Thread-83] DEBUG org.activiti.engine.impl.interceptor.LogInterceptor  - --- StartProcessInstanceCmd finished --------------------------------------------------------
10:47:16,507 [Thread-88] DEBUG org.apache.ibatis.datasource.pooled.PooledDataSource  - Waiting as long as 20000 milliseconds for connection.
10:47:16,507 [Thread-89] DEBUG org.apache.ibatis.transaction.jdbc.JdbcTransaction  - Setting autocommit to false on JDBC Connection [conn53: url=jdbc:h2:mem:activiti user=SA]
10:47:16,507 [Thread-99] DEBUG org.apache.ibatis.transaction.jdbc.JdbcTransaction  - Setting autocommit to false on JDBC Connection [conn54: url=jdbc:h2:mem:activiti user=SA]
10:47:16,507 [Thread-99] DEBUG org.activiti.engine.impl.persistence.entity.PropertyEntity.selectProperty  - ==&gt;  Preparing: select * from ACT_GE_PROPERTY where NAME_ = ? 
10:47:16,507 [Thread-89] DEBUG org.activiti.engine.impl.persistence.entity.ProcessDefinitionEntity.selectLatestProcessDefinitionByKey  - ==&gt;  Preparing: select * from ACT_RE_PROCDEF where KEY_ = ? and (TENANT_ID_ = &apos;&apos; or TENANT_ID_ is null) and VERSION_ = (select max(VERSION_) from ACT_RE_PROCDEF where KEY_ = ? and (TENANT_ID_ = &apos;&apos; or TENANT_ID_ is null)) 
10:47:16,507 [Thread-92] DEBUG org.apache.ibatis.datasource.pooled.PooledDataSource  - Waiting as long as 20000 milliseconds for connection.
10:47:16,507 [Thread-83] DEBUG org.activiti.engine.impl.interceptor.LogInterceptor  - 

10:47:16,507 [Thread-83] DEBUG org.activiti.engine.impl.interceptor.LogInterceptor  - 

10:47:16,507 [Thread-83] DEBUG org.activiti.engine.impl.interceptor.LogInterceptor  - --- starting StartProcessInstanceCmd --------------------------------------------------------
10:47:16,507 [Thread-93] DEBUG org.apache.ibatis.datasource.pooled.PooledDataSource  - Waiting as long as 20000 milliseconds for connection.
10:47:16,507 [Thread-89] DEBUG org.activiti.engine.impl.persistence.entity.ProcessDefinitionEntity.selectLatestProcessDefinitionByKey  - ==&gt; Parameters: idGeneratorDataSource(String), idGeneratorDataSource(String)
10:47:16,507 [Thread-99] DEBUG org.activiti.engine.impl.persistence.entity.PropertyEntity.selectProperty  - ==&gt; Parameters: next.dbid(String)
10:47:16,507 [Thread-89] DEBUG org.activiti.engine.impl.persistence.entity.ProcessDefinitionEntity.selectLatestProcessDefinitionByKey  - &lt;==      Total: 1
10:47:16,507 [Thread-99] DEBUG org.activiti.engine.impl.persistence.entity.PropertyEntity.selectProperty  - &lt;==      Total: 1
10:47:16,507 [Thread-95] DEBUG org.apache.ibatis.datasource.pooled.PooledDataSource  - Waiting as long as 20000 milliseconds for connection.
10:47:16,507 [Thread-83] DEBUG org.apache.ibatis.transaction.jdbc.JdbcTransaction  - Opening JDBC Connection
10:47:16,507 [Thread-94] DEBUG org.apache.ibatis.datasource.pooled.PooledDataSource  - Waiting as long as 20000 milliseconds for connection.
10:47:16,507 [Thread-99] DEBUG org.activiti.engine.impl.db.DbSqlSession  -   update PropertyEntity[name=next.dbid, value=166]
10:47:16,507 [Thread-99] DEBUG org.activiti.engine.impl.db.DbSqlSession  - flush summary: 0 insert, 1 update, 0 delete.
10:47:16,507 [Thread-99] DEBUG org.activiti.engine.impl.db.DbSqlSession  - now executing flush...
10:47:16,507 [Thread-99] DEBUG org.activiti.engine.impl.db.DbSqlSession  - updating: PropertyEntity[name=next.dbid, value=166]
10:47:16,507 [Thread-97] DEBUG org.apache.ibatis.datasource.pooled.PooledDataSource  - Waiting as long as 20000 milliseconds for connection.
10:47:16,507 [Thread-99] DEBUG org.activiti.engine.impl.persistence.entity.PropertyEntity.updateProperty  - ==&gt;  Preparing: update ACT_GE_PROPERTY SET REV_ = ?, VALUE_ = ? where NAME_ = ? and REV_ = ? 
10:47:16,507 [Thread-85] DEBUG org.apache.ibatis.datasource.pooled.PooledDataSource  - Waiting as long as 20000 milliseconds for connection.
10:47:16,507 [Thread-99] DEBUG org.activiti.engine.impl.persistence.entity.PropertyEntity.updateProperty  - ==&gt; Parameters: 56(Integer), 166(String), next.dbid(String), 55(Integer)
10:47:16,509 [Thread-100] DEBUG org.apache.ibatis.datasource.pooled.PooledDataSource  - Waiting as long as 20000 milliseconds for connection.
10:47:16,509 [Thread-99] DEBUG org.activiti.engine.impl.persistence.entity.PropertyEntity.updateProperty  - &lt;==    Updates: 1
10:47:16,509 [Thread-99] DEBUG org.activiti.engine.impl.cfg.standalone.StandaloneMybatisTransactionContext  - firing event committing...
10:47:16,509 [Thread-99] DEBUG org.activiti.engine.impl.cfg.standalone.StandaloneMybatisTransactionContext  - committing the ibatis sql session...
10:47:16,509 [Thread-99] DEBUG org.apache.ibatis.transaction.jdbc.JdbcTransaction  - Committing JDBC Connection [conn54: url=jdbc:h2:mem:activiti user=SA]
10:47:16,509 [Thread-99] DEBUG org.activiti.engine.impl.cfg.standalone.StandaloneMybatisTransactionContext  - firing event committed...
10:47:16,509 [Thread-99] DEBUG org.apache.ibatis.transaction.jdbc.JdbcTransaction  - Resetting autocommit to true on JDBC Connection [conn54: url=jdbc:h2:mem:activiti user=SA]
10:47:16,509 [Thread-99] DEBUG org.apache.ibatis.transaction.jdbc.JdbcTransaction  - Closing JDBC Connection [conn54: url=jdbc:h2:mem:activiti user=SA]
10:47:16,509 [Thread-99] DEBUG org.apache.ibatis.datasource.pooled.PooledDataSource  - Returned connection 1094226572 to pool.
10:47:16,509 [Thread-99] DEBUG org.activiti.engine.impl.interceptor.LogInterceptor  - --- GetNextIdBlockCmd finished --------------------------------------------------------
10:47:16,509 [Thread-99] DEBUG org.activiti.engine.impl.interceptor.LogInterceptor  - 

10:47:16,509 [Thread-83] DEBUG org.apache.ibatis.datasource.pooled.PooledDataSource  - Waiting as long as 20000 milliseconds for connection.
10:47:16,509 [Thread-89] DEBUG org.activiti.engine.impl.persistence.entity.ExecutionEntity  - initializing ProcessInstance[164]
10:47:16,509 [Thread-99] DEBUG org.activiti.engine.impl.persistence.entity.ExecutionEntity  - initializing ProcessInstance[163]
10:47:16,509 [Thread-89] DEBUG org.activiti.engine.impl.history.DefaultHistoryManager  - Current history level: FULL, level required: ACTIVITY
10:47:16,509 [Thread-99] DEBUG org.activiti.engine.impl.history.DefaultHistoryManager  - Current history level: FULL, level required: ACTIVITY
10:47:16,509 [Thread-89] DEBUG org.activiti.engine.impl.pvm.runtime.AtomicOperationActivityExecute  - ProcessInstance[164] executes Activity(theStart): org.activiti.engine.impl.bpmn.behavior.NoneStartEventActivityBehavior
10:47:16,509 [Thread-99] DEBUG org.activiti.engine.impl.interceptor.LogInterceptor  - 

10:47:16,509 [Thread-99] DEBUG org.activiti.engine.impl.interceptor.LogInterceptor  - --- starting GetNextIdBlockCmd --------------------------------------------------------
10:47:16,509 [Thread-89] DEBUG org.activiti.engine.impl.persistence.entity.JobEntity.selectJobsByExecutionId  - ==&gt;  Preparing: select * from ACT_RU_JOB J where J.EXECUTION_ID_ = ? 
10:47:16,509 [Thread-99] DEBUG org.apache.ibatis.transaction.jdbc.JdbcTransaction  - Opening JDBC Connection
10:47:16,509 [Thread-99] DEBUG org.apache.ibatis.datasource.pooled.PooledDataSource  - Checked out connection 1094226572 from pool.
10:47:16,509 [Thread-99] DEBUG org.apache.ibatis.transaction.jdbc.JdbcTransaction  - Setting autocommit to false on JDBC Connection [conn54: url=jdbc:h2:mem:activiti user=SA]
10:47:16,509 [Thread-99] DEBUG org.activiti.engine.impl.persistence.entity.PropertyEntity.selectProperty  - ==&gt;  Preparing: select * from ACT_GE_PROPERTY where NAME_ = ? 
10:47:16,509 [Thread-89] DEBUG org.activiti.engine.impl.persistence.entity.JobEntity.selectJobsByExecutionId  - ==&gt; Parameters: 164(String)
10:47:16,509 [Thread-99] DEBUG org.activiti.engine.impl.persistence.entity.PropertyEntity.selectProperty  - ==&gt; Parameters: next.dbid(String)
10:47:16,509 [Thread-89] DEBUG org.activiti.engine.impl.persistence.entity.JobEntity.selectJobsByExecutionId  - &lt;==      Total: 0
10:47:16,509 [Thread-99] DEBUG org.activiti.engine.impl.persistence.entity.PropertyEntity.selectProperty  - &lt;==      Total: 1
10:47:16,509 [Thread-89] DEBUG org.activiti.engine.impl.bpmn.behavior.BpmnActivityBehavior  - Leaving activity &apos;theStart&apos;
10:47:16,509 [Thread-99] DEBUG org.activiti.engine.impl.db.DbSqlSession  -   update PropertyEntity[name=next.dbid, value=169]
10:47:16,509 [Thread-99] DEBUG org.activiti.engine.impl.db.DbSqlSession  - flush summary: 0 insert, 1 update, 0 delete.
10:47:16,509 [Thread-99] DEBUG org.activiti.engine.impl.db.DbSqlSession  - now executing flush...
10:47:16,509 [Thread-99] DEBUG org.activiti.engine.impl.db.DbSqlSession  - updating: PropertyEntity[name=next.dbid, value=169]
10:47:16,509 [Thread-89] DEBUG org.activiti.engine.impl.history.DefaultHistoryManager  - Current history level: FULL, level required: ACTIVITY
10:47:16,509 [Thread-99] DEBUG org.activiti.engine.impl.persistence.entity.PropertyEntity.updateProperty  - ==&gt;  Preparing: update ACT_GE_PROPERTY SET REV_ = ?, VALUE_ = ? where NAME_ = ? and REV_ = ? 
10:47:16,510 [Thread-89] DEBUG org.activiti.engine.impl.pvm.runtime.AtomicOperationTransitionNotifyListenerTake  - ProcessInstance[164] takes transition (theStart)--flow1--&gt;(javaService)
10:47:16,510 [Thread-99] DEBUG org.activiti.engine.impl.persistence.entity.PropertyEntity.updateProperty  - ==&gt; Parameters: 57(Integer), 169(String), next.dbid(String), 56(Integer)
10:47:16,510 [Thread-89] DEBUG org.activiti.engine.impl.history.DefaultHistoryManager  - Current history level: FULL, level required: ACTIVITY
10:47:16,510 [Thread-99] DEBUG org.activiti.engine.impl.persistence.entity.PropertyEntity.updateProperty  - &lt;==    Updates: 1
10:47:16,510 [Thread-99] DEBUG org.activiti.engine.impl.cfg.standalone.StandaloneMybatisTransactionContext  - firing event committing...
10:47:16,510 [Thread-99] DEBUG org.activiti.engine.impl.cfg.standalone.StandaloneMybatisTransactionContext  - committing the ibatis sql session...
10:47:16,510 [Thread-99] DEBUG org.apache.ibatis.transaction.jdbc.JdbcTransaction  - Committing JDBC Connection [conn54: url=jdbc:h2:mem:activiti user=SA]
10:47:16,510 [Thread-99] DEBUG org.activiti.engine.impl.cfg.standalone.StandaloneMybatisTransactionContext  - firing event committed...
10:47:16,510 [Thread-99] DEBUG org.apache.ibatis.transaction.jdbc.JdbcTransaction  - Resetting autocommit to true on JDBC Connection [conn54: url=jdbc:h2:mem:activiti user=SA]
10:47:16,510 [Thread-99] DEBUG org.apache.ibatis.transaction.jdbc.JdbcTransaction  - Closing JDBC Connection [conn54: url=jdbc:h2:mem:activiti user=SA]
10:47:16,510 [Thread-99] DEBUG org.apache.ibatis.datasource.pooled.PooledDataSource  - Returned connection 1094226572 to pool.
10:47:16,510 [Thread-99] DEBUG org.activiti.engine.impl.interceptor.LogInterceptor  - --- GetNextIdBlockCmd finished --------------------------------------------------------
10:47:16,510 [Thread-99] DEBUG org.activiti.engine.impl.interceptor.LogInterceptor  - 

10:47:16,510 [Thread-99] DEBUG org.activiti.engine.impl.pvm.runtime.AtomicOperationActivityExecute  - ProcessInstance[163] executes Activity(theStart): org.activiti.engine.impl.bpmn.behavior.NoneStartEventActivityBehavior
10:47:16,510 [Thread-89] DEBUG org.activiti.engine.impl.pvm.runtime.AtomicOperationActivityExecute  - ProcessInstance[164] executes Activity(javaService): org.activiti.engine.impl.bpmn.helper.ClassDelegate
10:47:16,510 [Thread-99] DEBUG org.activiti.engine.impl.persistence.entity.JobEntity.selectJobsByExecutionId  - ==&gt;  Preparing: select * from ACT_RU_JOB J where J.EXECUTION_ID_ = ? 
10:47:16,510 [Thread-89] DEBUG org.activiti.engine.impl.db.DbSqlSession  -   insert ProcessInstance[164]
10:47:16,510 [Thread-89] DEBUG org.activiti.engine.impl.db.DbSqlSession  -   insert HistoricProcessInstanceEntity[superProcessInstanceId=null]
10:47:16,510 [Thread-89] DEBUG org.activiti.engine.impl.db.DbSqlSession  -   insert HistoricActivityInstanceEntity[activityId=theStart, activityName=null]
10:47:16,510 [Thread-89] DEBUG org.activiti.engine.impl.db.DbSqlSession  -   insert HistoricActivityInstanceEntity[activityId=javaService, activityName=Java service invocation]
10:47:16,510 [Thread-89] DEBUG org.activiti.engine.impl.db.DbSqlSession  - flush summary: 4 insert, 0 update, 0 delete.
10:47:16,510 [Thread-89] DEBUG org.activiti.engine.impl.db.DbSqlSession  - now executing flush...
10:47:16,510 [Thread-89] DEBUG org.activiti.engine.impl.db.DbSqlSession  - inserting: HistoricProcessInstanceEntity[superProcessInstanceId=null]
10:47:16,510 [Thread-99] DEBUG org.activiti.engine.impl.persistence.entity.JobEntity.selectJobsByExecutionId  - ==&gt; Parameters: 163(String)
10:47:16,510 [Thread-89] DEBUG org.activiti.engine.impl.persistence.entity.HistoricProcessInstanceEntity.insertHistoricProcessInstance  - ==&gt;  Preparing: insert into ACT_HI_PROCINST ( ID_, PROC_INST_ID_, BUSINESS_KEY_, PROC_DEF_ID_, START_TIME_, END_TIME_, DURATION_, START_USER_ID_, START_ACT_ID_, END_ACT_ID_, SUPER_PROCESS_INSTANCE_ID_, DELETE_REASON_, TENANT_ID_, NAME_ ) values ( ?, ?, ?, ?, ?, ?, ?, ?, ?, ?, ?, ?, ?, ? ) 
10:47:16,510 [Thread-99] DEBUG org.activiti.engine.impl.persistence.entity.JobEntity.selectJobsByExecutionId  - &lt;==      Total: 0
10:47:16,510 [Thread-89] DEBUG org.activiti.engine.impl.persistence.entity.HistoricProcessInstanceEntity.insertHistoricProcessInstance  - ==&gt; Parameters: 164(String), 164(String), null, idGeneratorDataSource:1:3(String), 2015-01-01 00:00:00.0(Timestamp), null, null, null, theStart(String), null, null, null, (String), null
10:47:16,510 [Thread-99] DEBUG org.activiti.engine.impl.bpmn.behavior.BpmnActivityBehavior  - Leaving activity &apos;theStart&apos;
10:47:16,510 [Thread-89] DEBUG org.activiti.engine.impl.persistence.entity.HistoricProcessInstanceEntity.insertHistoricProcessInstance  - &lt;==    Updates: 1
10:47:16,510 [Thread-99] DEBUG org.activiti.engine.impl.history.DefaultHistoryManager  - Current history level: FULL, level required: ACTIVITY
10:47:16,511 [Thread-99] DEBUG org.activiti.engine.impl.pvm.runtime.AtomicOperationTransitionNotifyListenerTake  - ProcessInstance[163] takes transition (theStart)--flow1--&gt;(javaService)
10:47:16,511 [Thread-99] DEBUG org.activiti.engine.impl.history.DefaultHistoryManager  - Current history level: FULL, level required: ACTIVITY
10:47:16,511 [Thread-89] DEBUG org.activiti.engine.impl.persistence.entity.HistoricActivityInstanceEntity.bulkInsertHistoricActivityInstance  - ==&gt;  Preparing: insert into ACT_HI_ACTINST ( ID_, PROC_DEF_ID_, PROC_INST_ID_, EXECUTION_ID_, ACT_ID_, TASK_ID_, CALL_PROC_INST_ID_, ACT_NAME_, ACT_TYPE_, ASSIGNEE_, START_TIME_, END_TIME_, DURATION_, TENANT_ID_ ) values (?, ?, ?, ?, ?, ?, ?, ?, ?, ?, ?, ?, ?, ?) , (?, ?, ?, ?, ?, ?, ?, ?, ?, ?, ?, ?, ?, ?) 
10:47:16,511 [Thread-99] DEBUG org.activiti.engine.impl.pvm.runtime.AtomicOperationActivityExecute  - ProcessInstance[163] executes Activity(javaService): org.activiti.engine.impl.bpmn.helper.ClassDelegate
10:47:16,511 [Thread-99] DEBUG org.activiti.engine.impl.db.DbSqlSession  -   insert ProcessInstance[163]
10:47:16,511 [Thread-99] DEBUG org.activiti.engine.impl.db.DbSqlSession  -   insert HistoricProcessInstanceEntity[superProcessInstanceId=null]
10:47:16,511 [Thread-99] DEBUG org.activiti.engine.impl.db.DbSqlSession  -   insert HistoricActivityInstanceEntity[activityId=theStart, activityName=null]
10:47:16,511 [Thread-99] DEBUG org.activiti.engine.impl.db.DbSqlSession  -   insert HistoricActivityInstanceEntity[activityId=javaService, activityName=Java service invocation]
10:47:16,511 [Thread-99] DEBUG org.activiti.engine.impl.db.DbSqlSession  - flush summary: 4 insert, 0 update, 0 delete.
10:47:16,511 [Thread-99] DEBUG org.activiti.engine.impl.db.DbSqlSession  - now executing flush...
10:47:16,511 [Thread-99] DEBUG org.activiti.engine.impl.db.DbSqlSession  - inserting: HistoricProcessInstanceEntity[superProcessInstanceId=null]
10:47:16,511 [Thread-89] DEBUG org.activiti.engine.impl.persistence.entity.HistoricActivityInstanceEntity.bulkInsertHistoricActivityInstance  - ==&gt; Parameters: 165(String), idGeneratorDataSource:1:3(String), 164(String), 164(String), theStart(String), null, null, null, startEvent(String), null, 2015-01-01 00:00:00.0(Timestamp), 2015-01-01 00:00:00.0(Timestamp), 0(Long), (String), 167(String), idGeneratorDataSource:1:3(String), 164(String), 164(String), javaService(String), null, null, Java service invocation(String), serviceTask(String), null, 2015-01-01 00:00:00.0(Timestamp), null, null, (String)
10:47:16,511 [Thread-99] DEBUG org.activiti.engine.impl.persistence.entity.HistoricProcessInstanceEntity.insertHistoricProcessInstance  - ==&gt;  Preparing: insert into ACT_HI_PROCINST ( ID_, PROC_INST_ID_, BUSINESS_KEY_, PROC_DEF_ID_, START_TIME_, END_TIME_, DURATION_, START_USER_ID_, START_ACT_ID_, END_ACT_ID_, SUPER_PROCESS_INSTANCE_ID_, DELETE_REASON_, TENANT_ID_, NAME_ ) values ( ?, ?, ?, ?, ?, ?, ?, ?, ?, ?, ?, ?, ?, ? ) 
10:47:16,511 [Thread-89] DEBUG org.activiti.engine.impl.persistence.entity.HistoricActivityInstanceEntity.bulkInsertHistoricActivityInstance  - &lt;==    Updates: 2
10:47:16,511 [Thread-89] DEBUG org.activiti.engine.impl.db.DbSqlSession  - inserting: ProcessInstance[164]
10:47:16,511 [Thread-99] DEBUG org.activiti.engine.impl.persistence.entity.HistoricProcessInstanceEntity.insertHistoricProcessInstance  - ==&gt; Parameters: 163(String), 163(String), null, idGeneratorDataSource:1:3(String), 2015-01-01 00:00:00.0(Timestamp), null, null, null, theStart(String), null, null, null, (String), null
10:47:16,511 [Thread-89] DEBUG org.activiti.engine.impl.persistence.entity.ExecutionEntity.insertExecution  - ==&gt;  Preparing: insert into ACT_RU_EXECUTION (ID_, REV_, PROC_INST_ID_, BUSINESS_KEY_, PROC_DEF_ID_, ACT_ID_, IS_ACTIVE_, IS_CONCURRENT_, IS_SCOPE_,IS_EVENT_SCOPE_, PARENT_ID_, SUPER_EXEC_, SUSPENSION_STATE_, CACHED_ENT_STATE_, TENANT_ID_, NAME_) values ( ?, 1, ?, ?, ?, ?, ?, ?, ?, ?, ?, ?, ?, ?, ?, ? ) 
10:47:16,511 [Thread-89] DEBUG org.activiti.engine.impl.persistence.entity.ExecutionEntity.insertExecution  - ==&gt; Parameters: 164(String), 164(String), null, idGeneratorDataSource:1:3(String), javaService(String), true(Boolean), false(Boolean), true(Boolean), false(Boolean), null, null, 1(Integer), 2(Integer), (String), null
10:47:16,511 [Thread-89] DEBUG org.activiti.engine.impl.persistence.entity.ExecutionEntity.insertExecution  - &lt;==    Updates: 1
10:47:16,511 [Thread-89] DEBUG org.activiti.engine.impl.cfg.standalone.StandaloneMybatisTransactionContext  - firing event committing...
10:47:16,511 [Thread-89] DEBUG org.activiti.engine.impl.cfg.standalone.StandaloneMybatisTransactionContext  - committing the ibatis sql session...
10:47:16,511 [Thread-89] DEBUG org.apache.ibatis.transaction.jdbc.JdbcTransaction  - Committing JDBC Connection [conn53: url=jdbc:h2:mem:activiti user=SA]
10:47:16,511 [Thread-89] DEBUG org.activiti.engine.impl.cfg.standalone.StandaloneMybatisTransactionContext  - firing event committed...
10:47:16,511 [Thread-99] DEBUG org.activiti.engine.impl.persistence.entity.HistoricProcessInstanceEntity.insertHistoricProcessInstance  - &lt;==    Updates: 1
10:47:16,511 [Thread-89] DEBUG org.apache.ibatis.transaction.jdbc.JdbcTransaction  - Resetting autocommit to true on JDBC Connection [conn53: url=jdbc:h2:mem:activiti user=SA]
10:47:16,511 [Thread-89] DEBUG org.apache.ibatis.transaction.jdbc.JdbcTransaction  - Closing JDBC Connection [conn53: url=jdbc:h2:mem:activiti user=SA]
10:47:16,511 [Thread-89] DEBUG org.apache.ibatis.datasource.pooled.PooledDataSource  - Returned connection 826925275 to pool.
10:47:16,511 [Thread-89] DEBUG org.activiti.engine.impl.interceptor.LogInterceptor  - --- StartProcessInstanceCmd finished --------------------------------------------------------
10:47:16,511 [Thread-89] DEBUG org.activiti.engine.impl.interceptor.LogInterceptor  - 

10:47:16,511 [Thread-89] DEBUG org.activiti.engine.impl.interceptor.LogInterceptor  - 

10:47:16,511 [Thread-89] DEBUG org.activiti.engine.impl.interceptor.LogInterceptor  - --- starting StartProcessInstanceCmd --------------------------------------------------------
10:47:16,511 [Thread-99] DEBUG org.activiti.engine.impl.persistence.entity.HistoricActivityInstanceEntity.bulkInsertHistoricActivityInstance  - ==&gt;  Preparing: insert into ACT_HI_ACTINST ( ID_, PROC_DEF_ID_, PROC_INST_ID_, EXECUTION_ID_, ACT_ID_, TASK_ID_, CALL_PROC_INST_ID_, ACT_NAME_, ACT_TYPE_, ASSIGNEE_, START_TIME_, END_TIME_, DURATION_, TENANT_ID_ ) values (?, ?, ?, ?, ?, ?, ?, ?, ?, ?, ?, ?, ?, ?) , (?, ?, ?, ?, ?, ?, ?, ?, ?, ?, ?, ?, ?, ?) 
10:47:16,511 [Thread-83] DEBUG org.apache.ibatis.datasource.pooled.PooledDataSource  - Checked out connection 826925275 from pool.
10:47:16,512 [Thread-99] DEBUG org.activiti.engine.impl.persistence.entity.HistoricActivityInstanceEntity.bulkInsertHistoricActivityInstance  - ==&gt; Parameters: 166(String), idGeneratorDataSource:1:3(String), 163(String), 163(String), theStart(String), null, null, null, startEvent(String), null, 2015-01-01 00:00:00.0(Timestamp), 2015-01-01 00:00:00.0(Timestamp), 0(Long), (String), 168(String), idGeneratorDataSource:1:3(String), 163(String), 163(String), javaService(String), null, null, Java service invocation(String), serviceTask(String), null, 2015-01-01 00:00:00.0(Timestamp), null, null, (String)
10:47:16,511 [Thread-89] DEBUG org.apache.ibatis.transaction.jdbc.JdbcTransaction  - Opening JDBC Connection
10:47:16,512 [Thread-99] DEBUG org.activiti.engine.impl.persistence.entity.HistoricActivityInstanceEntity.bulkInsertHistoricActivityInstance  - &lt;==    Updates: 2
10:47:16,512 [Thread-99] DEBUG org.activiti.engine.impl.db.DbSqlSession  - inserting: ProcessInstance[163]
10:47:16,512 [Thread-100] DEBUG org.apache.ibatis.datasource.pooled.PooledDataSource  - Waiting as long as 20000 milliseconds for connection.
10:47:16,512 [Thread-83] DEBUG org.apache.ibatis.transaction.jdbc.JdbcTransaction  - Setting autocommit to false on JDBC Connection [conn53: url=jdbc:h2:mem:activiti user=SA]
10:47:16,512 [Thread-85] DEBUG org.apache.ibatis.datasource.pooled.PooledDataSource  - Waiting as long as 20000 milliseconds for connection.
10:47:16,512 [Thread-99] DEBUG org.activiti.engine.impl.persistence.entity.ExecutionEntity.insertExecution  - ==&gt;  Preparing: insert into ACT_RU_EXECUTION (ID_, REV_, PROC_INST_ID_, BUSINESS_KEY_, PROC_DEF_ID_, ACT_ID_, IS_ACTIVE_, IS_CONCURRENT_, IS_SCOPE_,IS_EVENT_SCOPE_, PARENT_ID_, SUPER_EXEC_, SUSPENSION_STATE_, CACHED_ENT_STATE_, TENANT_ID_, NAME_) values ( ?, 1, ?, ?, ?, ?, ?, ?, ?, ?, ?, ?, ?, ?, ?, ? ) 
10:47:16,512 [Thread-97] DEBUG org.apache.ibatis.datasource.pooled.PooledDataSource  - Waiting as long as 20000 milliseconds for connection.
10:47:16,512 [Thread-83] DEBUG org.activiti.engine.impl.persistence.entity.ProcessDefinitionEntity.selectLatestProcessDefinitionByKey  - ==&gt;  Preparing: select * from ACT_RE_PROCDEF where KEY_ = ? and (TENANT_ID_ = &apos;&apos; or TENANT_ID_ is null) and VERSION_ = (select max(VERSION_) from ACT_RE_PROCDEF where KEY_ = ? and (TENANT_ID_ = &apos;&apos; or TENANT_ID_ is null)) 
10:47:16,512 [Thread-94] DEBUG org.apache.ibatis.datasource.pooled.PooledDataSource  - Waiting as long as 20000 milliseconds for connection.
10:47:16,512 [Thread-99] DEBUG org.activiti.engine.impl.persistence.entity.ExecutionEntity.insertExecution  - ==&gt; Parameters: 163(String), 163(String), null, idGeneratorDataSource:1:3(String), javaService(String), true(Boolean), false(Boolean), true(Boolean), false(Boolean), null, null, 1(Integer), 2(Integer), (String), null
10:47:16,512 [Thread-95] DEBUG org.apache.ibatis.datasource.pooled.PooledDataSource  - Waiting as long as 20000 milliseconds for connection.
10:47:16,512 [Thread-83] DEBUG org.activiti.engine.impl.persistence.entity.ProcessDefinitionEntity.selectLatestProcessDefinitionByKey  - ==&gt; Parameters: idGeneratorDataSource(String), idGeneratorDataSource(String)
10:47:16,512 [Thread-93] DEBUG org.apache.ibatis.datasource.pooled.PooledDataSource  - Waiting as long as 20000 milliseconds for connection.
10:47:16,512 [Thread-83] DEBUG org.activiti.engine.impl.persistence.entity.ProcessDefinitionEntity.selectLatestProcessDefinitionByKey  - &lt;==      Total: 1
10:47:16,512 [Thread-99] DEBUG org.activiti.engine.impl.persistence.entity.ExecutionEntity.insertExecution  - &lt;==    Updates: 1
10:47:16,512 [Thread-83] DEBUG org.activiti.engine.impl.interceptor.LogInterceptor  - 

10:47:16,512 [Thread-83] DEBUG org.activiti.engine.impl.interceptor.LogInterceptor  - --- starting GetNextIdBlockCmd --------------------------------------------------------
10:47:16,512 [Thread-92] DEBUG org.apache.ibatis.datasource.pooled.PooledDataSource  - Waiting as long as 20000 milliseconds for connection.
10:47:16,512 [Thread-83] DEBUG org.apache.ibatis.transaction.jdbc.JdbcTransaction  - Opening JDBC Connection
10:47:16,512 [Thread-83] DEBUG org.apache.ibatis.datasource.pooled.PooledDataSource  - Checked out connection 1094226572 from pool.
10:47:16,512 [Thread-83] DEBUG org.apache.ibatis.transaction.jdbc.JdbcTransaction  - Setting autocommit to false on JDBC Connection [conn54: url=jdbc:h2:mem:activiti user=SA]
10:47:16,512 [Thread-83] DEBUG org.activiti.engine.impl.persistence.entity.PropertyEntity.selectProperty  - ==&gt;  Preparing: select * from ACT_GE_PROPERTY where NAME_ = ? 
10:47:16,512 [Thread-99] DEBUG org.activiti.engine.impl.cfg.standalone.StandaloneMybatisTransactionContext  - firing event committing...
10:47:16,512 [Thread-99] DEBUG org.activiti.engine.impl.cfg.standalone.StandaloneMybatisTransactionContext  - committing the ibatis sql session...
10:47:16,512 [Thread-99] DEBUG org.apache.ibatis.transaction.jdbc.JdbcTransaction  - Committing JDBC Connection [conn55: url=jdbc:h2:mem:activiti user=SA]
10:47:16,512 [Thread-83] DEBUG org.activiti.engine.impl.persistence.entity.PropertyEntity.selectProperty  - ==&gt; Parameters: next.dbid(String)
10:47:16,512 [Thread-88] DEBUG org.apache.ibatis.datasource.pooled.PooledDataSource  - Waiting as long as 20000 milliseconds for connection.
10:47:16,512 [Thread-83] DEBUG org.activiti.engine.impl.persistence.entity.PropertyEntity.selectProperty  - &lt;==      Total: 1
10:47:16,512 [Thread-89] DEBUG org.apache.ibatis.datasource.pooled.PooledDataSource  - Waiting as long as 20000 milliseconds for connection.
10:47:16,512 [Thread-99] DEBUG org.activiti.engine.impl.cfg.standalone.StandaloneMybatisTransactionContext  - firing event committed...
10:47:16,512 [Thread-83] DEBUG org.activiti.engine.impl.db.DbSqlSession  -   update PropertyEntity[name=next.dbid, value=172]
10:47:16,513 [Thread-83] DEBUG org.activiti.engine.impl.db.DbSqlSession  - flush summary: 0 insert, 1 update, 0 delete.
10:47:16,513 [Thread-83] DEBUG org.activiti.engine.impl.db.DbSqlSession  - now executing flush...
10:47:16,513 [Thread-99] DEBUG org.apache.ibatis.transaction.jdbc.JdbcTransaction  - Resetting autocommit to true on JDBC Connection [conn55: url=jdbc:h2:mem:activiti user=SA]
10:47:16,513 [Thread-99] DEBUG org.apache.ibatis.transaction.jdbc.JdbcTransaction  - Closing JDBC Connection [conn55: url=jdbc:h2:mem:activiti user=SA]
10:47:16,513 [Thread-99] DEBUG org.apache.ibatis.datasource.pooled.PooledDataSource  - Returned connection 14606730 to pool.
10:47:16,513 [Thread-83] DEBUG org.activiti.engine.impl.db.DbSqlSession  - updating: PropertyEntity[name=next.dbid, value=172]
10:47:16,513 [Thread-89] DEBUG org.apache.ibatis.datasource.pooled.PooledDataSource  - Checked out connection 14606730 from pool.
10:47:16,513 [Thread-99] DEBUG org.activiti.engine.impl.interceptor.LogInterceptor  - --- StartProcessInstanceCmd finished --------------------------------------------------------
10:47:16,513 [Thread-99] DEBUG org.activiti.engine.impl.interceptor.LogInterceptor  - 

10:47:16,513 [Thread-99] DEBUG org.activiti.engine.impl.interceptor.LogInterceptor  - 

10:47:16,513 [Thread-99] DEBUG org.activiti.engine.impl.interceptor.LogInterceptor  - --- starting StartProcessInstanceCmd --------------------------------------------------------
10:47:16,513 [Thread-88] DEBUG org.apache.ibatis.datasource.pooled.PooledDataSource  - Waiting as long as 20000 milliseconds for connection.
10:47:16,513 [Thread-89] DEBUG org.apache.ibatis.transaction.jdbc.JdbcTransaction  - Setting autocommit to false on JDBC Connection [conn55: url=jdbc:h2:mem:activiti user=SA]
10:47:16,513 [Thread-83] DEBUG org.activiti.engine.impl.persistence.entity.PropertyEntity.updateProperty  - ==&gt;  Preparing: update ACT_GE_PROPERTY SET REV_ = ?, VALUE_ = ? where NAME_ = ? and REV_ = ? 
10:47:16,513 [Thread-89] DEBUG org.activiti.engine.impl.persistence.entity.ProcessDefinitionEntity.selectLatestProcessDefinitionByKey  - ==&gt;  Preparing: select * from ACT_RE_PROCDEF where KEY_ = ? and (TENANT_ID_ = &apos;&apos; or TENANT_ID_ is null) and VERSION_ = (select max(VERSION_) from ACT_RE_PROCDEF where KEY_ = ? and (TENANT_ID_ = &apos;&apos; or TENANT_ID_ is null)) 
10:47:16,513 [Thread-92] DEBUG org.apache.ibatis.datasource.pooled.PooledDataSource  - Waiting as long as 20000 milliseconds for connection.
10:47:16,513 [Thread-99] DEBUG org.apache.ibatis.transaction.jdbc.JdbcTransaction  - Opening JDBC Connection
10:47:16,513 [Thread-93] DEBUG org.apache.ibatis.datasource.pooled.PooledDataSource  - Waiting as long as 20000 milliseconds for connection.
10:47:16,513 [Thread-89] DEBUG org.activiti.engine.impl.persistence.entity.ProcessDefinitionEntity.selectLatestProcessDefinitionByKey  - ==&gt; Parameters: idGeneratorDataSource(String), idGeneratorDataSource(String)
10:47:16,513 [Thread-83] DEBUG org.activiti.engine.impl.persistence.entity.PropertyEntity.updateProperty  - ==&gt; Parameters: 58(Integer), 172(String), next.dbid(String), 57(Integer)
10:47:16,513 [Thread-89] DEBUG org.activiti.engine.impl.persistence.entity.ProcessDefinitionEntity.selectLatestProcessDefinitionByKey  - &lt;==      Total: 1
10:47:16,513 [Thread-95] DEBUG org.apache.ibatis.datasource.pooled.PooledDataSource  - Waiting as long as 20000 milliseconds for connection.
10:47:16,513 [Thread-83] DEBUG org.activiti.engine.impl.persistence.entity.PropertyEntity.updateProperty  - &lt;==    Updates: 1
10:47:16,513 [Thread-83] DEBUG org.activiti.engine.impl.cfg.standalone.StandaloneMybatisTransactionContext  - firing event committing...
10:47:16,513 [Thread-83] DEBUG org.activiti.engine.impl.cfg.standalone.StandaloneMybatisTransactionContext  - committing the ibatis sql session...
10:47:16,513 [Thread-83] DEBUG org.apache.ibatis.transaction.jdbc.JdbcTransaction  - Committing JDBC Connection [conn54: url=jdbc:h2:mem:activiti user=SA]
10:47:16,513 [Thread-83] DEBUG org.activiti.engine.impl.cfg.standalone.StandaloneMybatisTransactionContext  - firing event committed...
10:47:16,513 [Thread-94] DEBUG org.apache.ibatis.datasource.pooled.PooledDataSource  - Waiting as long as 20000 milliseconds for connection.
10:47:16,513 [Thread-83] DEBUG org.apache.ibatis.transaction.jdbc.JdbcTransaction  - Resetting autocommit to true on JDBC Connection [conn54: url=jdbc:h2:mem:activiti user=SA]
10:47:16,514 [Thread-83] DEBUG org.apache.ibatis.transaction.jdbc.JdbcTransaction  - Closing JDBC Connection [conn54: url=jdbc:h2:mem:activiti user=SA]
10:47:16,513 [Thread-97] DEBUG org.apache.ibatis.datasource.pooled.PooledDataSource  - Waiting as long as 20000 milliseconds for connection.
10:47:16,514 [Thread-83] DEBUG org.apache.ibatis.datasource.pooled.PooledDataSource  - Returned connection 1094226572 to pool.
10:47:16,514 [Thread-85] DEBUG org.apache.ibatis.datasource.pooled.PooledDataSource  - Waiting as long as 20000 milliseconds for connection.
10:47:16,514 [Thread-83] DEBUG org.activiti.engine.impl.interceptor.LogInterceptor  - --- GetNextIdBlockCmd finished --------------------------------------------------------
10:47:16,514 [Thread-83] DEBUG org.activiti.engine.impl.interceptor.LogInterceptor  - 

10:47:16,514 [Thread-100] DEBUG org.apache.ibatis.datasource.pooled.PooledDataSource  - Waiting as long as 20000 milliseconds for connection.
10:47:16,514 [Thread-89] DEBUG org.activiti.engine.impl.persistence.entity.ExecutionEntity  - initializing ProcessInstance[170]
10:47:16,514 [Thread-83] DEBUG org.activiti.engine.impl.persistence.entity.ExecutionEntity  - initializing ProcessInstance[169]
10:47:16,514 [Thread-83] DEBUG org.activiti.engine.impl.history.DefaultHistoryManager  - Current history level: FULL, level required: ACTIVITY
10:47:16,514 [Thread-89] DEBUG org.activiti.engine.impl.history.DefaultHistoryManager  - Current history level: FULL, level required: ACTIVITY
10:47:16,514 [Thread-99] DEBUG org.apache.ibatis.datasource.pooled.PooledDataSource  - Waiting as long as 20000 milliseconds for connection.
10:47:16,514 [Thread-89] DEBUG org.activiti.engine.impl.interceptor.LogInterceptor  - 

10:47:16,514 [Thread-89] DEBUG org.activiti.engine.impl.interceptor.LogInterceptor  - --- starting GetNextIdBlockCmd --------------------------------------------------------
10:47:16,514 [Thread-83] DEBUG org.activiti.engine.impl.pvm.runtime.AtomicOperationActivityExecute  - ProcessInstance[169] executes Activity(theStart): org.activiti.engine.impl.bpmn.behavior.NoneStartEventActivityBehavior
10:47:16,514 [Thread-89] DEBUG org.apache.ibatis.transaction.jdbc.JdbcTransaction  - Opening JDBC Connection
10:47:16,514 [Thread-89] DEBUG org.apache.ibatis.datasource.pooled.PooledDataSource  - Checked out connection 1094226572 from pool.
10:47:16,514 [Thread-89] DEBUG org.apache.ibatis.transaction.jdbc.JdbcTransaction  - Setting autocommit to false on JDBC Connection [conn54: url=jdbc:h2:mem:activiti user=SA]
10:47:16,514 [Thread-83] DEBUG org.activiti.engine.impl.persistence.entity.JobEntity.selectJobsByExecutionId  - ==&gt;  Preparing: select * from ACT_RU_JOB J where J.EXECUTION_ID_ = ? 
10:47:16,514 [Thread-89] DEBUG org.activiti.engine.impl.persistence.entity.PropertyEntity.selectProperty  - ==&gt;  Preparing: select * from ACT_GE_PROPERTY where NAME_ = ? 
10:47:16,514 [Thread-83] DEBUG org.activiti.engine.impl.persistence.entity.JobEntity.selectJobsByExecutionId  - ==&gt; Parameters: 169(String)
10:47:16,514 [Thread-89] DEBUG org.activiti.engine.impl.persistence.entity.PropertyEntity.selectProperty  - ==&gt; Parameters: next.dbid(String)
10:47:16,514 [Thread-83] DEBUG org.activiti.engine.impl.persistence.entity.JobEntity.selectJobsByExecutionId  - &lt;==      Total: 0
10:47:16,514 [Thread-83] DEBUG org.activiti.engine.impl.bpmn.behavior.BpmnActivityBehavior  - Leaving activity &apos;theStart&apos;
10:47:16,514 [Thread-89] DEBUG org.activiti.engine.impl.persistence.entity.PropertyEntity.selectProperty  - &lt;==      Total: 1
10:47:16,514 [Thread-83] DEBUG org.activiti.engine.impl.history.DefaultHistoryManager  - Current history level: FULL, level required: ACTIVITY
10:47:16,514 [Thread-89] DEBUG org.activiti.engine.impl.db.DbSqlSession  -   update PropertyEntity[name=next.dbid, value=175]
10:47:16,514 [Thread-89] DEBUG org.activiti.engine.impl.db.DbSqlSession  - flush summary: 0 insert, 1 update, 0 delete.
10:47:16,514 [Thread-89] DEBUG org.activiti.engine.impl.db.DbSqlSession  - now executing flush...
10:47:16,514 [Thread-89] DEBUG org.activiti.engine.impl.db.DbSqlSession  - updating: PropertyEntity[name=next.dbid, value=175]
10:47:16,514 [Thread-83] DEBUG org.activiti.engine.impl.pvm.runtime.AtomicOperationTransitionNotifyListenerTake  - ProcessInstance[169] takes transition (theStart)--flow1--&gt;(javaService)
10:47:16,514 [Thread-89] DEBUG org.activiti.engine.impl.persistence.entity.PropertyEntity.updateProperty  - ==&gt;  Preparing: update ACT_GE_PROPERTY SET REV_ = ?, VALUE_ = ? where NAME_ = ? and REV_ = ? 
10:47:16,515 [Thread-83] DEBUG org.activiti.engine.impl.history.DefaultHistoryManager  - Current history level: FULL, level required: ACTIVITY
10:47:16,515 [Thread-89] DEBUG org.activiti.engine.impl.persistence.entity.PropertyEntity.updateProperty  - ==&gt; Parameters: 59(Integer), 175(String), next.dbid(String), 58(Integer)
10:47:16,515 [Thread-89] DEBUG org.activiti.engine.impl.persistence.entity.PropertyEntity.updateProperty  - &lt;==    Updates: 1
10:47:16,515 [Thread-89] DEBUG org.activiti.engine.impl.cfg.standalone.StandaloneMybatisTransactionContext  - firing event committing...
10:47:16,515 [Thread-89] DEBUG org.activiti.engine.impl.cfg.standalone.StandaloneMybatisTransactionContext  - committing the ibatis sql session...
10:47:16,515 [Thread-89] DEBUG org.apache.ibatis.transaction.jdbc.JdbcTransaction  - Committing JDBC Connection [conn54: url=jdbc:h2:mem:activiti user=SA]
10:47:16,515 [Thread-89] DEBUG org.activiti.engine.impl.cfg.standalone.StandaloneMybatisTransactionContext  - firing event committed...
10:47:16,515 [Thread-89] DEBUG org.apache.ibatis.transaction.jdbc.JdbcTransaction  - Resetting autocommit to true on JDBC Connection [conn54: url=jdbc:h2:mem:activiti user=SA]
10:47:16,515 [Thread-89] DEBUG org.apache.ibatis.transaction.jdbc.JdbcTransaction  - Closing JDBC Connection [conn54: url=jdbc:h2:mem:activiti user=SA]
10:47:16,515 [Thread-89] DEBUG org.apache.ibatis.datasource.pooled.PooledDataSource  - Returned connection 1094226572 to pool.
10:47:16,515 [Thread-89] DEBUG org.activiti.engine.impl.interceptor.LogInterceptor  - --- GetNextIdBlockCmd finished --------------------------------------------------------
10:47:16,515 [Thread-89] DEBUG org.activiti.engine.impl.interceptor.LogInterceptor  - 

10:47:16,515 [Thread-83] DEBUG org.activiti.engine.impl.pvm.runtime.AtomicOperationActivityExecute  - ProcessInstance[169] executes Activity(javaService): org.activiti.engine.impl.bpmn.helper.ClassDelegate
10:47:16,515 [Thread-89] DEBUG org.activiti.engine.impl.pvm.runtime.AtomicOperationActivityExecute  - ProcessInstance[170] executes Activity(theStart): org.activiti.engine.impl.bpmn.behavior.NoneStartEventActivityBehavior
10:47:16,515 [Thread-83] DEBUG org.activiti.engine.impl.db.DbSqlSession  -   insert ProcessInstance[169]
10:47:16,515 [Thread-83] DEBUG org.activiti.engine.impl.db.DbSqlSession  -   insert HistoricProcessInstanceEntity[superProcessInstanceId=null]
10:47:16,515 [Thread-83] DEBUG org.activiti.engine.impl.db.DbSqlSession  -   insert HistoricActivityInstanceEntity[activityId=theStart, activityName=null]
10:47:16,515 [Thread-83] DEBUG org.activiti.engine.impl.db.DbSqlSession  -   insert HistoricActivityInstanceEntity[activityId=javaService, activityName=Java service invocation]
10:47:16,515 [Thread-83] DEBUG org.activiti.engine.impl.db.DbSqlSession  - flush summary: 4 insert, 0 update, 0 delete.
10:47:16,515 [Thread-83] DEBUG org.activiti.engine.impl.db.DbSqlSession  - now executing flush...
10:47:16,515 [Thread-83] DEBUG org.activiti.engine.impl.db.DbSqlSession  - inserting: HistoricProcessInstanceEntity[superProcessInstanceId=null]
10:47:16,515 [Thread-89] DEBUG org.activiti.engine.impl.persistence.entity.JobEntity.selectJobsByExecutionId  - ==&gt;  Preparing: select * from ACT_RU_JOB J where J.EXECUTION_ID_ = ? 
10:47:16,515 [Thread-83] DEBUG org.activiti.engine.impl.persistence.entity.HistoricProcessInstanceEntity.insertHistoricProcessInstance  - ==&gt;  Preparing: insert into ACT_HI_PROCINST ( ID_, PROC_INST_ID_, BUSINESS_KEY_, PROC_DEF_ID_, START_TIME_, END_TIME_, DURATION_, START_USER_ID_, START_ACT_ID_, END_ACT_ID_, SUPER_PROCESS_INSTANCE_ID_, DELETE_REASON_, TENANT_ID_, NAME_ ) values ( ?, ?, ?, ?, ?, ?, ?, ?, ?, ?, ?, ?, ?, ? ) 
10:47:16,515 [Thread-89] DEBUG org.activiti.engine.impl.persistence.entity.JobEntity.selectJobsByExecutionId  - ==&gt; Parameters: 170(String)
10:47:16,515 [Thread-83] DEBUG org.activiti.engine.impl.persistence.entity.HistoricProcessInstanceEntity.insertHistoricProcessInstance  - ==&gt; Parameters: 169(String), 169(String), null, idGeneratorDataSource:1:3(String), 2015-01-01 00:00:00.0(Timestamp), null, null, null, theStart(String), null, null, null, (String), null
10:47:16,515 [Thread-89] DEBUG org.activiti.engine.impl.persistence.entity.JobEntity.selectJobsByExecutionId  - &lt;==      Total: 0
10:47:16,515 [Thread-89] DEBUG org.activiti.engine.impl.bpmn.behavior.BpmnActivityBehavior  - Leaving activity &apos;theStart&apos;
10:47:16,515 [Thread-83] DEBUG org.activiti.engine.impl.persistence.entity.HistoricProcessInstanceEntity.insertHistoricProcessInstance  - &lt;==    Updates: 1
10:47:16,515 [Thread-89] DEBUG org.activiti.engine.impl.history.DefaultHistoryManager  - Current history level: FULL, level required: ACTIVITY
10:47:16,515 [Thread-89] DEBUG org.activiti.engine.impl.pvm.runtime.AtomicOperationTransitionNotifyListenerTake  - ProcessInstance[170] takes transition (theStart)--flow1--&gt;(javaService)
10:47:16,515 [Thread-89] DEBUG org.activiti.engine.impl.history.DefaultHistoryManager  - Current history level: FULL, level required: ACTIVITY
10:47:16,515 [Thread-83] DEBUG org.activiti.engine.impl.persistence.entity.HistoricActivityInstanceEntity.bulkInsertHistoricActivityInstance  - ==&gt;  Preparing: insert into ACT_HI_ACTINST ( ID_, PROC_DEF_ID_, PROC_INST_ID_, EXECUTION_ID_, ACT_ID_, TASK_ID_, CALL_PROC_INST_ID_, ACT_NAME_, ACT_TYPE_, ASSIGNEE_, START_TIME_, END_TIME_, DURATION_, TENANT_ID_ ) values (?, ?, ?, ?, ?, ?, ?, ?, ?, ?, ?, ?, ?, ?) , (?, ?, ?, ?, ?, ?, ?, ?, ?, ?, ?, ?, ?, ?) 
10:47:16,515 [Thread-89] DEBUG org.activiti.engine.impl.pvm.runtime.AtomicOperationActivityExecute  - ProcessInstance[170] executes Activity(javaService): org.activiti.engine.impl.bpmn.helper.ClassDelegate
10:47:16,515 [Thread-83] DEBUG org.activiti.engine.impl.persistence.entity.HistoricActivityInstanceEntity.bulkInsertHistoricActivityInstance  - ==&gt; Parameters: 171(String), idGeneratorDataSource:1:3(String), 169(String), 169(String), theStart(String), null, null, null, startEvent(String), null, 2015-01-01 00:00:00.0(Timestamp), 2015-01-01 00:00:00.0(Timestamp), 0(Long), (String), 173(String), idGeneratorDataSource:1:3(String), 169(String), 169(String), javaService(String), null, null, Java service invocation(String), serviceTask(String), null, 2015-01-01 00:00:00.0(Timestamp), null, null, (String)
10:47:16,515 [Thread-89] DEBUG org.activiti.engine.impl.db.DbSqlSession  -   insert ProcessInstance[170]
10:47:16,516 [Thread-89] DEBUG org.activiti.engine.impl.db.DbSqlSession  -   insert HistoricProcessInstanceEntity[superProcessInstanceId=null]
10:47:16,516 [Thread-89] DEBUG org.activiti.engine.impl.db.DbSqlSession  -   insert HistoricActivityInstanceEntity[activityId=theStart, activityName=null]
10:47:16,516 [Thread-89] DEBUG org.activiti.engine.impl.db.DbSqlSession  -   insert HistoricActivityInstanceEntity[activityId=javaService, activityName=Java service invocation]
10:47:16,516 [Thread-89] DEBUG org.activiti.engine.impl.db.DbSqlSession  - flush summary: 4 insert, 0 update, 0 delete.
10:47:16,516 [Thread-89] DEBUG org.activiti.engine.impl.db.DbSqlSession  - now executing flush...
10:47:16,516 [Thread-89] DEBUG org.activiti.engine.impl.db.DbSqlSession  - inserting: HistoricProcessInstanceEntity[superProcessInstanceId=null]
10:47:16,516 [Thread-83] DEBUG org.activiti.engine.impl.persistence.entity.HistoricActivityInstanceEntity.bulkInsertHistoricActivityInstance  - &lt;==    Updates: 2
10:47:16,516 [Thread-83] DEBUG org.activiti.engine.impl.db.DbSqlSession  - inserting: ProcessInstance[169]
10:47:16,516 [Thread-89] DEBUG org.activiti.engine.impl.persistence.entity.HistoricProcessInstanceEntity.insertHistoricProcessInstance  - ==&gt;  Preparing: insert into ACT_HI_PROCINST ( ID_, PROC_INST_ID_, BUSINESS_KEY_, PROC_DEF_ID_, START_TIME_, END_TIME_, DURATION_, START_USER_ID_, START_ACT_ID_, END_ACT_ID_, SUPER_PROCESS_INSTANCE_ID_, DELETE_REASON_, TENANT_ID_, NAME_ ) values ( ?, ?, ?, ?, ?, ?, ?, ?, ?, ?, ?, ?, ?, ? ) 
10:47:16,516 [Thread-83] DEBUG org.activiti.engine.impl.persistence.entity.ExecutionEntity.insertExecution  - ==&gt;  Preparing: insert into ACT_RU_EXECUTION (ID_, REV_, PROC_INST_ID_, BUSINESS_KEY_, PROC_DEF_ID_, ACT_ID_, IS_ACTIVE_, IS_CONCURRENT_, IS_SCOPE_,IS_EVENT_SCOPE_, PARENT_ID_, SUPER_EXEC_, SUSPENSION_STATE_, CACHED_ENT_STATE_, TENANT_ID_, NAME_) values ( ?, 1, ?, ?, ?, ?, ?, ?, ?, ?, ?, ?, ?, ?, ?, ? ) 
10:47:16,516 [Thread-89] DEBUG org.activiti.engine.impl.persistence.entity.HistoricProcessInstanceEntity.insertHistoricProcessInstance  - ==&gt; Parameters: 170(String), 170(String), null, idGeneratorDataSource:1:3(String), 2015-01-01 00:00:00.0(Timestamp), null, null, null, theStart(String), null, null, null, (String), null
10:47:16,516 [Thread-83] DEBUG org.activiti.engine.impl.persistence.entity.ExecutionEntity.insertExecution  - ==&gt; Parameters: 169(String), 169(String), null, idGeneratorDataSource:1:3(String), javaService(String), true(Boolean), false(Boolean), true(Boolean), false(Boolean), null, null, 1(Integer), 2(Integer), (String), null
10:47:16,516 [Thread-83] DEBUG org.activiti.engine.impl.persistence.entity.ExecutionEntity.insertExecution  - &lt;==    Updates: 1
10:47:16,516 [Thread-83] DEBUG org.activiti.engine.impl.cfg.standalone.StandaloneMybatisTransactionContext  - firing event committing...
10:47:16,516 [Thread-83] DEBUG org.activiti.engine.impl.cfg.standalone.StandaloneMybatisTransactionContext  - committing the ibatis sql session...
10:47:16,516 [Thread-83] DEBUG org.apache.ibatis.transaction.jdbc.JdbcTransaction  - Committing JDBC Connection [conn53: url=jdbc:h2:mem:activiti user=SA]
10:47:16,516 [Thread-83] DEBUG org.activiti.engine.impl.cfg.standalone.StandaloneMybatisTransactionContext  - firing event committed...
10:47:16,516 [Thread-83] DEBUG org.apache.ibatis.transaction.jdbc.JdbcTransaction  - Resetting autocommit to true on JDBC Connection [conn53: url=jdbc:h2:mem:activiti user=SA]
10:47:16,516 [Thread-83] DEBUG org.apache.ibatis.transaction.jdbc.JdbcTransaction  - Closing JDBC Connection [conn53: url=jdbc:h2:mem:activiti user=SA]
10:47:16,516 [Thread-83] DEBUG org.apache.ibatis.datasource.pooled.PooledDataSource  - Returned connection 826925275 to pool.
10:47:16,516 [Thread-89] DEBUG org.activiti.engine.impl.persistence.entity.HistoricProcessInstanceEntity.insertHistoricProcessInstance  - &lt;==    Updates: 1
10:47:16,516 [Thread-99] DEBUG org.apache.ibatis.datasource.pooled.PooledDataSource  - Checked out connection 826925275 from pool.
10:47:16,516 [Thread-83] DEBUG org.activiti.engine.impl.interceptor.LogInterceptor  - --- StartProcessInstanceCmd finished --------------------------------------------------------
10:47:16,516 [Thread-83] DEBUG org.activiti.engine.impl.interceptor.LogInterceptor  - 

10:47:16,516 [Thread-100] DEBUG org.apache.ibatis.datasource.pooled.PooledDataSource  - Waiting as long as 20000 milliseconds for connection.
10:47:16,516 [Thread-99] DEBUG org.apache.ibatis.transaction.jdbc.JdbcTransaction  - Setting autocommit to false on JDBC Connection [conn53: url=jdbc:h2:mem:activiti user=SA]
10:47:16,516 [Thread-85] DEBUG org.apache.ibatis.datasource.pooled.PooledDataSource  - Waiting as long as 20000 milliseconds for connection.
10:47:16,516 [Thread-89] DEBUG org.activiti.engine.impl.persistence.entity.HistoricActivityInstanceEntity.bulkInsertHistoricActivityInstance  - ==&gt;  Preparing: insert into ACT_HI_ACTINST ( ID_, PROC_DEF_ID_, PROC_INST_ID_, EXECUTION_ID_, ACT_ID_, TASK_ID_, CALL_PROC_INST_ID_, ACT_NAME_, ACT_TYPE_, ASSIGNEE_, START_TIME_, END_TIME_, DURATION_, TENANT_ID_ ) values (?, ?, ?, ?, ?, ?, ?, ?, ?, ?, ?, ?, ?, ?) , (?, ?, ?, ?, ?, ?, ?, ?, ?, ?, ?, ?, ?, ?) 
10:47:16,516 [Thread-97] DEBUG org.apache.ibatis.datasource.pooled.PooledDataSource  - Waiting as long as 20000 milliseconds for connection.
10:47:16,516 [Thread-99] DEBUG org.activiti.engine.impl.persistence.entity.ProcessDefinitionEntity.selectLatestProcessDefinitionByKey  - ==&gt;  Preparing: select * from ACT_RE_PROCDEF where KEY_ = ? and (TENANT_ID_ = &apos;&apos; or TENANT_ID_ is null) and VERSION_ = (select max(VERSION_) from ACT_RE_PROCDEF where KEY_ = ? and (TENANT_ID_ = &apos;&apos; or TENANT_ID_ is null)) 
10:47:16,516 [Thread-94] DEBUG org.apache.ibatis.datasource.pooled.PooledDataSource  - Waiting as long as 20000 milliseconds for connection.
10:47:16,516 [Thread-89] DEBUG org.activiti.engine.impl.persistence.entity.HistoricActivityInstanceEntity.bulkInsertHistoricActivityInstance  - ==&gt; Parameters: 172(String), idGeneratorDataSource:1:3(String), 170(String), 170(String), theStart(String), null, null, null, startEvent(String), null, 2015-01-01 00:00:00.0(Timestamp), 2015-01-01 00:00:00.0(Timestamp), 0(Long), (String), 174(String), idGeneratorDataSource:1:3(String), 170(String), 170(String), javaService(String), null, null, Java service invocation(String), serviceTask(String), null, 2015-01-01 00:00:00.0(Timestamp), null, null, (String)
10:47:16,517 [Thread-95] DEBUG org.apache.ibatis.datasource.pooled.PooledDataSource  - Waiting as long as 20000 milliseconds for connection.
10:47:16,516 [Thread-99] DEBUG org.activiti.engine.impl.persistence.entity.ProcessDefinitionEntity.selectLatestProcessDefinitionByKey  - ==&gt; Parameters: idGeneratorDataSource(String), idGeneratorDataSource(String)
10:47:16,517 [Thread-93] DEBUG org.apache.ibatis.datasource.pooled.PooledDataSource  - Waiting as long as 20000 milliseconds for connection.
10:47:16,517 [Thread-99] DEBUG org.activiti.engine.impl.persistence.entity.ProcessDefinitionEntity.selectLatestProcessDefinitionByKey  - &lt;==      Total: 1
10:47:16,517 [Thread-89] DEBUG org.activiti.engine.impl.persistence.entity.HistoricActivityInstanceEntity.bulkInsertHistoricActivityInstance  - &lt;==    Updates: 2
10:47:16,517 [Thread-89] DEBUG org.activiti.engine.impl.db.DbSqlSession  - inserting: ProcessInstance[170]
10:47:16,517 [Thread-99] DEBUG org.activiti.engine.impl.interceptor.LogInterceptor  - 

10:47:16,517 [Thread-99] DEBUG org.activiti.engine.impl.interceptor.LogInterceptor  - --- starting GetNextIdBlockCmd --------------------------------------------------------
10:47:16,517 [Thread-92] DEBUG org.apache.ibatis.datasource.pooled.PooledDataSource  - Waiting as long as 20000 milliseconds for connection.
10:47:16,517 [Thread-99] DEBUG org.apache.ibatis.transaction.jdbc.JdbcTransaction  - Opening JDBC Connection
10:47:16,517 [Thread-99] DEBUG org.apache.ibatis.datasource.pooled.PooledDataSource  - Checked out connection 1094226572 from pool.
10:47:16,517 [Thread-99] DEBUG org.apache.ibatis.transaction.jdbc.JdbcTransaction  - Setting autocommit to false on JDBC Connection [conn54: url=jdbc:h2:mem:activiti user=SA]
10:47:16,517 [Thread-99] DEBUG org.activiti.engine.impl.persistence.entity.PropertyEntity.selectProperty  - ==&gt;  Preparing: select * from ACT_GE_PROPERTY where NAME_ = ? 
10:47:16,517 [Thread-89] DEBUG org.activiti.engine.impl.persistence.entity.ExecutionEntity.insertExecution  - ==&gt;  Preparing: insert into ACT_RU_EXECUTION (ID_, REV_, PROC_INST_ID_, BUSINESS_KEY_, PROC_DEF_ID_, ACT_ID_, IS_ACTIVE_, IS_CONCURRENT_, IS_SCOPE_,IS_EVENT_SCOPE_, PARENT_ID_, SUPER_EXEC_, SUSPENSION_STATE_, CACHED_ENT_STATE_, TENANT_ID_, NAME_) values ( ?, 1, ?, ?, ?, ?, ?, ?, ?, ?, ?, ?, ?, ?, ?, ? ) 
10:47:16,517 [Thread-99] DEBUG org.activiti.engine.impl.persistence.entity.PropertyEntity.selectProperty  - ==&gt; Parameters: next.dbid(String)
10:47:16,517 [Thread-88] DEBUG org.apache.ibatis.datasource.pooled.PooledDataSource  - Waiting as long as 20000 milliseconds for connection.
10:47:16,517 [Thread-99] DEBUG org.activiti.engine.impl.persistence.entity.PropertyEntity.selectProperty  - &lt;==      Total: 1
10:47:16,517 [Thread-89] DEBUG org.activiti.engine.impl.persistence.entity.ExecutionEntity.insertExecution  - ==&gt; Parameters: 170(String), 170(String), null, idGeneratorDataSource:1:3(String), javaService(String), true(Boolean), false(Boolean), true(Boolean), false(Boolean), null, null, 1(Integer), 2(Integer), (String), null
10:47:16,517 [Thread-99] DEBUG org.activiti.engine.impl.db.DbSqlSession  -   update PropertyEntity[name=next.dbid, value=178]
10:47:16,517 [Thread-99] DEBUG org.activiti.engine.impl.db.DbSqlSession  - flush summary: 0 insert, 1 update, 0 delete.
10:47:16,517 [Thread-99] DEBUG org.activiti.engine.impl.db.DbSqlSession  - now executing flush...
10:47:16,517 [Thread-99] DEBUG org.activiti.engine.impl.db.DbSqlSession  - updating: PropertyEntity[name=next.dbid, value=178]
10:47:16,517 [Thread-89] DEBUG org.activiti.engine.impl.persistence.entity.ExecutionEntity.insertExecution  - &lt;==    Updates: 1
10:47:16,517 [Thread-89] DEBUG org.activiti.engine.impl.cfg.standalone.StandaloneMybatisTransactionContext  - firing event committing...
10:47:16,517 [Thread-89] DEBUG org.activiti.engine.impl.cfg.standalone.StandaloneMybatisTransactionContext  - committing the ibatis sql session...
10:47:16,517 [Thread-89] DEBUG org.apache.ibatis.transaction.jdbc.JdbcTransaction  - Committing JDBC Connection [conn55: url=jdbc:h2:mem:activiti user=SA]
10:47:16,517 [Thread-99] DEBUG org.activiti.engine.impl.persistence.entity.PropertyEntity.updateProperty  - ==&gt;  Preparing: update ACT_GE_PROPERTY SET REV_ = ?, VALUE_ = ? where NAME_ = ? and REV_ = ? 
10:47:16,517 [Thread-89] DEBUG org.activiti.engine.impl.cfg.standalone.StandaloneMybatisTransactionContext  - firing event committed...
10:47:16,517 [Thread-89] DEBUG org.apache.ibatis.transaction.jdbc.JdbcTransaction  - Resetting autocommit to true on JDBC Connection [conn55: url=jdbc:h2:mem:activiti user=SA]
10:47:16,517 [Thread-89] DEBUG org.apache.ibatis.transaction.jdbc.JdbcTransaction  - Closing JDBC Connection [conn55: url=jdbc:h2:mem:activiti user=SA]
10:47:16,517 [Thread-99] DEBUG org.activiti.engine.impl.persistence.entity.PropertyEntity.updateProperty  - ==&gt; Parameters: 60(Integer), 178(String), next.dbid(String), 59(Integer)
10:47:16,517 [Thread-89] DEBUG org.apache.ibatis.datasource.pooled.PooledDataSource  - Returned connection 14606730 to pool.
10:47:16,517 [Thread-99] DEBUG org.activiti.engine.impl.persistence.entity.PropertyEntity.updateProperty  - &lt;==    Updates: 1
10:47:16,518 [Thread-88] DEBUG org.apache.ibatis.datasource.pooled.PooledDataSource  - Checked out connection 14606730 from pool.
10:47:16,517 [Thread-89] DEBUG org.activiti.engine.impl.interceptor.LogInterceptor  - --- StartProcessInstanceCmd finished --------------------------------------------------------
10:47:16,518 [Thread-89] DEBUG org.activiti.engine.impl.interceptor.LogInterceptor  - 

10:47:16,518 [Thread-89] DEBUG org.activiti.engine.impl.interceptor.LogInterceptor  - 

10:47:16,518 [Thread-89] DEBUG org.activiti.engine.impl.interceptor.LogInterceptor  - --- starting StartProcessInstanceCmd --------------------------------------------------------
10:47:16,518 [Thread-92] DEBUG org.apache.ibatis.datasource.pooled.PooledDataSource  - Waiting as long as 20000 milliseconds for connection.
10:47:16,518 [Thread-88] DEBUG org.apache.ibatis.transaction.jdbc.JdbcTransaction  - Setting autocommit to false on JDBC Connection [conn55: url=jdbc:h2:mem:activiti user=SA]
10:47:16,518 [Thread-99] DEBUG org.activiti.engine.impl.cfg.standalone.StandaloneMybatisTransactionContext  - firing event committing...
10:47:16,518 [Thread-99] DEBUG org.activiti.engine.impl.cfg.standalone.StandaloneMybatisTransactionContext  - committing the ibatis sql session...
10:47:16,518 [Thread-99] DEBUG org.apache.ibatis.transaction.jdbc.JdbcTransaction  - Committing JDBC Connection [conn54: url=jdbc:h2:mem:activiti user=SA]
10:47:16,518 [Thread-99] DEBUG org.activiti.engine.impl.cfg.standalone.StandaloneMybatisTransactionContext  - firing event committed...
10:47:16,518 [Thread-99] DEBUG org.apache.ibatis.transaction.jdbc.JdbcTransaction  - Resetting autocommit to true on JDBC Connection [conn54: url=jdbc:h2:mem:activiti user=SA]
10:47:16,518 [Thread-99] DEBUG org.apache.ibatis.transaction.jdbc.JdbcTransaction  - Closing JDBC Connection [conn54: url=jdbc:h2:mem:activiti user=SA]
10:47:16,518 [Thread-99] DEBUG org.apache.ibatis.datasource.pooled.PooledDataSource  - Returned connection 1094226572 to pool.
10:47:16,518 [Thread-99] DEBUG org.activiti.engine.impl.interceptor.LogInterceptor  - --- GetNextIdBlockCmd finished --------------------------------------------------------
10:47:16,518 [Thread-99] DEBUG org.activiti.engine.impl.interceptor.LogInterceptor  - 

10:47:16,518 [Thread-99] DEBUG org.activiti.engine.impl.persistence.entity.ExecutionEntity  - initializing ProcessInstance[175]
10:47:16,518 [Thread-88] DEBUG org.activiti.engine.impl.persistence.entity.ProcessDefinitionEntity.selectLatestProcessDefinitionByKey  - ==&gt;  Preparing: select * from ACT_RE_PROCDEF where KEY_ = ? and (TENANT_ID_ = &apos;&apos; or TENANT_ID_ is null) and VERSION_ = (select max(VERSION_) from ACT_RE_PROCDEF where KEY_ = ? and (TENANT_ID_ = &apos;&apos; or TENANT_ID_ is null)) 
10:47:16,518 [Thread-88] DEBUG org.activiti.engine.impl.persistence.entity.ProcessDefinitionEntity.selectLatestProcessDefinitionByKey  - ==&gt; Parameters: idGeneratorDataSource(String), idGeneratorDataSource(String)
10:47:16,518 [Thread-93] DEBUG org.apache.ibatis.datasource.pooled.PooledDataSource  - Waiting as long as 20000 milliseconds for connection.
10:47:16,518 [Thread-88] DEBUG org.activiti.engine.impl.persistence.entity.ProcessDefinitionEntity.selectLatestProcessDefinitionByKey  - &lt;==      Total: 1
10:47:16,518 [Thread-89] DEBUG org.apache.ibatis.transaction.jdbc.JdbcTransaction  - Opening JDBC Connection
10:47:16,518 [Thread-88] DEBUG org.activiti.engine.impl.persistence.entity.ExecutionEntity  - initializing ProcessInstance[176]
10:47:16,518 [Thread-95] DEBUG org.apache.ibatis.datasource.pooled.PooledDataSource  - Waiting as long as 20000 milliseconds for connection.
10:47:16,518 [Thread-99] DEBUG org.activiti.engine.impl.history.DefaultHistoryManager  - Current history level: FULL, level required: ACTIVITY
10:47:16,518 [Thread-94] DEBUG org.apache.ibatis.datasource.pooled.PooledDataSource  - Waiting as long as 20000 milliseconds for connection.
10:47:16,518 [Thread-88] DEBUG org.activiti.engine.impl.history.DefaultHistoryManager  - Current history level: FULL, level required: ACTIVITY
10:47:16,518 [Thread-88] DEBUG org.activiti.engine.impl.interceptor.LogInterceptor  - 

10:47:16,518 [Thread-88] DEBUG org.activiti.engine.impl.interceptor.LogInterceptor  - --- starting GetNextIdBlockCmd --------------------------------------------------------
10:47:16,518 [Thread-97] DEBUG org.apache.ibatis.datasource.pooled.PooledDataSource  - Waiting as long as 20000 milliseconds for connection.
10:47:16,518 [Thread-99] DEBUG org.activiti.engine.impl.pvm.runtime.AtomicOperationActivityExecute  - ProcessInstance[175] executes Activity(theStart): org.activiti.engine.impl.bpmn.behavior.NoneStartEventActivityBehavior
10:47:16,518 [Thread-85] DEBUG org.apache.ibatis.datasource.pooled.PooledDataSource  - Waiting as long as 20000 milliseconds for connection.
10:47:16,518 [Thread-88] DEBUG org.apache.ibatis.transaction.jdbc.JdbcTransaction  - Opening JDBC Connection
10:47:16,518 [Thread-88] DEBUG org.apache.ibatis.datasource.pooled.PooledDataSource  - Checked out connection 1094226572 from pool.
10:47:16,518 [Thread-100] DEBUG org.apache.ibatis.datasource.pooled.PooledDataSource  - Waiting as long as 20000 milliseconds for connection.
10:47:16,518 [Thread-99] DEBUG org.activiti.engine.impl.persistence.entity.JobEntity.selectJobsByExecutionId  - ==&gt;  Preparing: select * from ACT_RU_JOB J where J.EXECUTION_ID_ = ? 
10:47:16,519 [Thread-89] DEBUG org.apache.ibatis.datasource.pooled.PooledDataSource  - Waiting as long as 20000 milliseconds for connection.
10:47:16,519 [Thread-88] DEBUG org.apache.ibatis.transaction.jdbc.JdbcTransaction  - Setting autocommit to false on JDBC Connection [conn54: url=jdbc:h2:mem:activiti user=SA]
10:47:16,519 [Thread-88] DEBUG org.activiti.engine.impl.persistence.entity.PropertyEntity.selectProperty  - ==&gt;  Preparing: select * from ACT_GE_PROPERTY where NAME_ = ? 
10:47:16,519 [Thread-99] DEBUG org.activiti.engine.impl.persistence.entity.JobEntity.selectJobsByExecutionId  - ==&gt; Parameters: 175(String)
10:47:16,519 [Thread-88] DEBUG org.activiti.engine.impl.persistence.entity.PropertyEntity.selectProperty  - ==&gt; Parameters: next.dbid(String)
10:47:16,519 [Thread-99] DEBUG org.activiti.engine.impl.persistence.entity.JobEntity.selectJobsByExecutionId  - &lt;==      Total: 0
10:47:16,519 [Thread-99] DEBUG org.activiti.engine.impl.bpmn.behavior.BpmnActivityBehavior  - Leaving activity &apos;theStart&apos;
10:47:16,519 [Thread-88] DEBUG org.activiti.engine.impl.persistence.entity.PropertyEntity.selectProperty  - &lt;==      Total: 1
10:47:16,519 [Thread-99] DEBUG org.activiti.engine.impl.history.DefaultHistoryManager  - Current history level: FULL, level required: ACTIVITY
10:47:16,519 [Thread-88] DEBUG org.activiti.engine.impl.db.DbSqlSession  -   update PropertyEntity[name=next.dbid, value=181]
10:47:16,519 [Thread-88] DEBUG org.activiti.engine.impl.db.DbSqlSession  - flush summary: 0 insert, 1 update, 0 delete.
10:47:16,519 [Thread-88] DEBUG org.activiti.engine.impl.db.DbSqlSession  - now executing flush...
10:47:16,519 [Thread-88] DEBUG org.activiti.engine.impl.db.DbSqlSession  - updating: PropertyEntity[name=next.dbid, value=181]
10:47:16,519 [Thread-99] DEBUG org.activiti.engine.impl.pvm.runtime.AtomicOperationTransitionNotifyListenerTake  - ProcessInstance[175] takes transition (theStart)--flow1--&gt;(javaService)
10:47:16,519 [Thread-88] DEBUG org.activiti.engine.impl.persistence.entity.PropertyEntity.updateProperty  - ==&gt;  Preparing: update ACT_GE_PROPERTY SET REV_ = ?, VALUE_ = ? where NAME_ = ? and REV_ = ? 
10:47:16,519 [Thread-99] DEBUG org.activiti.engine.impl.history.DefaultHistoryManager  - Current history level: FULL, level required: ACTIVITY
10:47:16,519 [Thread-88] DEBUG org.activiti.engine.impl.persistence.entity.PropertyEntity.updateProperty  - ==&gt; Parameters: 61(Integer), 181(String), next.dbid(String), 60(Integer)
10:47:16,519 [Thread-88] DEBUG org.activiti.engine.impl.persistence.entity.PropertyEntity.updateProperty  - &lt;==    Updates: 1
10:47:16,519 [Thread-88] DEBUG org.activiti.engine.impl.cfg.standalone.StandaloneMybatisTransactionContext  - firing event committing...
10:47:16,519 [Thread-88] DEBUG org.activiti.engine.impl.cfg.standalone.StandaloneMybatisTransactionContext  - committing the ibatis sql session...
10:47:16,519 [Thread-88] DEBUG org.apache.ibatis.transaction.jdbc.JdbcTransaction  - Committing JDBC Connection [conn54: url=jdbc:h2:mem:activiti user=SA]
10:47:16,519 [Thread-88] DEBUG org.activiti.engine.impl.cfg.standalone.StandaloneMybatisTransactionContext  - firing event committed...
10:47:16,519 [Thread-88] DEBUG org.apache.ibatis.transaction.jdbc.JdbcTransaction  - Resetting autocommit to true on JDBC Connection [conn54: url=jdbc:h2:mem:activiti user=SA]
10:47:16,519 [Thread-88] DEBUG org.apache.ibatis.transaction.jdbc.JdbcTransaction  - Closing JDBC Connection [conn54: url=jdbc:h2:mem:activiti user=SA]
10:47:16,519 [Thread-88] DEBUG org.apache.ibatis.datasource.pooled.PooledDataSource  - Returned connection 1094226572 to pool.
10:47:16,519 [Thread-88] DEBUG org.activiti.engine.impl.interceptor.LogInterceptor  - --- GetNextIdBlockCmd finished --------------------------------------------------------
10:47:16,519 [Thread-88] DEBUG org.activiti.engine.impl.interceptor.LogInterceptor  - 

10:47:16,519 [Thread-88] DEBUG org.activiti.engine.impl.pvm.runtime.AtomicOperationActivityExecute  - ProcessInstance[176] executes Activity(theStart): org.activiti.engine.impl.bpmn.behavior.NoneStartEventActivityBehavior
10:47:16,519 [Thread-99] DEBUG org.activiti.engine.impl.pvm.runtime.AtomicOperationActivityExecute  - ProcessInstance[175] executes Activity(javaService): org.activiti.engine.impl.bpmn.helper.ClassDelegate
10:47:16,519 [Thread-88] DEBUG org.activiti.engine.impl.persistence.entity.JobEntity.selectJobsByExecutionId  - ==&gt;  Preparing: select * from ACT_RU_JOB J where J.EXECUTION_ID_ = ? 
10:47:16,519 [Thread-99] DEBUG org.activiti.engine.impl.db.DbSqlSession  -   insert ProcessInstance[175]
10:47:16,519 [Thread-99] DEBUG org.activiti.engine.impl.db.DbSqlSession  -   insert HistoricProcessInstanceEntity[superProcessInstanceId=null]
10:47:16,519 [Thread-99] DEBUG org.activiti.engine.impl.db.DbSqlSession  -   insert HistoricActivityInstanceEntity[activityId=theStart, activityName=null]
10:47:16,519 [Thread-99] DEBUG org.activiti.engine.impl.db.DbSqlSession  -   insert HistoricActivityInstanceEntity[activityId=javaService, activityName=Java service invocation]
10:47:16,519 [Thread-99] DEBUG org.activiti.engine.impl.db.DbSqlSession  - flush summary: 4 insert, 0 update, 0 delete.
10:47:16,520 [Thread-99] DEBUG org.activiti.engine.impl.db.DbSqlSession  - now executing flush...
10:47:16,520 [Thread-99] DEBUG org.activiti.engine.impl.db.DbSqlSession  - inserting: HistoricProcessInstanceEntity[superProcessInstanceId=null]
10:47:16,519 [Thread-88] DEBUG org.activiti.engine.impl.persistence.entity.JobEntity.selectJobsByExecutionId  - ==&gt; Parameters: 176(String)
10:47:16,520 [Thread-99] DEBUG org.activiti.engine.impl.persistence.entity.HistoricProcessInstanceEntity.insertHistoricProcessInstance  - ==&gt;  Preparing: insert into ACT_HI_PROCINST ( ID_, PROC_INST_ID_, BUSINESS_KEY_, PROC_DEF_ID_, START_TIME_, END_TIME_, DURATION_, START_USER_ID_, START_ACT_ID_, END_ACT_ID_, SUPER_PROCESS_INSTANCE_ID_, DELETE_REASON_, TENANT_ID_, NAME_ ) values ( ?, ?, ?, ?, ?, ?, ?, ?, ?, ?, ?, ?, ?, ? ) 
10:47:16,520 [Thread-88] DEBUG org.activiti.engine.impl.persistence.entity.JobEntity.selectJobsByExecutionId  - &lt;==      Total: 0
10:47:16,520 [Thread-88] DEBUG org.activiti.engine.impl.bpmn.behavior.BpmnActivityBehavior  - Leaving activity &apos;theStart&apos;
10:47:16,520 [Thread-99] DEBUG org.activiti.engine.impl.persistence.entity.HistoricProcessInstanceEntity.insertHistoricProcessInstance  - ==&gt; Parameters: 175(String), 175(String), null, idGeneratorDataSource:1:3(String), 2015-01-01 00:00:00.0(Timestamp), null, null, null, theStart(String), null, null, null, (String), null
10:47:16,520 [Thread-88] DEBUG org.activiti.engine.impl.history.DefaultHistoryManager  - Current history level: FULL, level required: ACTIVITY
10:47:16,520 [Thread-99] DEBUG org.activiti.engine.impl.persistence.entity.HistoricProcessInstanceEntity.insertHistoricProcessInstance  - &lt;==    Updates: 1
10:47:16,520 [Thread-88] DEBUG org.activiti.engine.impl.pvm.runtime.AtomicOperationTransitionNotifyListenerTake  - ProcessInstance[176] takes transition (theStart)--flow1--&gt;(javaService)
10:47:16,520 [Thread-88] DEBUG org.activiti.engine.impl.history.DefaultHistoryManager  - Current history level: FULL, level required: ACTIVITY
10:47:16,520 [Thread-99] DEBUG org.activiti.engine.impl.persistence.entity.HistoricActivityInstanceEntity.bulkInsertHistoricActivityInstance  - ==&gt;  Preparing: insert into ACT_HI_ACTINST ( ID_, PROC_DEF_ID_, PROC_INST_ID_, EXECUTION_ID_, ACT_ID_, TASK_ID_, CALL_PROC_INST_ID_, ACT_NAME_, ACT_TYPE_, ASSIGNEE_, START_TIME_, END_TIME_, DURATION_, TENANT_ID_ ) values (?, ?, ?, ?, ?, ?, ?, ?, ?, ?, ?, ?, ?, ?) , (?, ?, ?, ?, ?, ?, ?, ?, ?, ?, ?, ?, ?, ?) 
10:47:16,520 [Thread-88] DEBUG org.activiti.engine.impl.pvm.runtime.AtomicOperationActivityExecute  - ProcessInstance[176] executes Activity(javaService): org.activiti.engine.impl.bpmn.helper.ClassDelegate
10:47:16,520 [Thread-88] DEBUG org.activiti.engine.impl.db.DbSqlSession  -   insert ProcessInstance[176]
10:47:16,520 [Thread-88] DEBUG org.activiti.engine.impl.db.DbSqlSession  -   insert HistoricProcessInstanceEntity[superProcessInstanceId=null]
10:47:16,520 [Thread-88] DEBUG org.activiti.engine.impl.db.DbSqlSession  -   insert HistoricActivityInstanceEntity[activityId=theStart, activityName=null]
10:47:16,520 [Thread-88] DEBUG org.activiti.engine.impl.db.DbSqlSession  -   insert HistoricActivityInstanceEntity[activityId=javaService, activityName=Java service invocation]
10:47:16,520 [Thread-88] DEBUG org.activiti.engine.impl.db.DbSqlSession  - flush summary: 4 insert, 0 update, 0 delete.
10:47:16,520 [Thread-88] DEBUG org.activiti.engine.impl.db.DbSqlSession  - now executing flush...
10:47:16,520 [Thread-88] DEBUG org.activiti.engine.impl.db.DbSqlSession  - inserting: HistoricProcessInstanceEntity[superProcessInstanceId=null]
10:47:16,520 [Thread-99] DEBUG org.activiti.engine.impl.persistence.entity.HistoricActivityInstanceEntity.bulkInsertHistoricActivityInstance  - ==&gt; Parameters: 177(String), idGeneratorDataSource:1:3(String), 175(String), 175(String), theStart(String), null, null, null, startEvent(String), null, 2015-01-01 00:00:00.0(Timestamp), 2015-01-01 00:00:00.0(Timestamp), 0(Long), (String), 179(String), idGeneratorDataSource:1:3(String), 175(String), 175(String), javaService(String), null, null, Java service invocation(String), serviceTask(String), null, 2015-01-01 00:00:00.0(Timestamp), null, null, (String)
10:47:16,520 [Thread-88] DEBUG org.activiti.engine.impl.persistence.entity.HistoricProcessInstanceEntity.insertHistoricProcessInstance  - ==&gt;  Preparing: insert into ACT_HI_PROCINST ( ID_, PROC_INST_ID_, BUSINESS_KEY_, PROC_DEF_ID_, START_TIME_, END_TIME_, DURATION_, START_USER_ID_, START_ACT_ID_, END_ACT_ID_, SUPER_PROCESS_INSTANCE_ID_, DELETE_REASON_, TENANT_ID_, NAME_ ) values ( ?, ?, ?, ?, ?, ?, ?, ?, ?, ?, ?, ?, ?, ? ) 
10:47:16,520 [Thread-99] DEBUG org.activiti.engine.impl.persistence.entity.HistoricActivityInstanceEntity.bulkInsertHistoricActivityInstance  - &lt;==    Updates: 2
10:47:16,520 [Thread-99] DEBUG org.activiti.engine.impl.db.DbSqlSession  - inserting: ProcessInstance[175]
10:47:16,520 [Thread-88] DEBUG org.activiti.engine.impl.persistence.entity.HistoricProcessInstanceEntity.insertHistoricProcessInstance  - ==&gt; Parameters: 176(String), 176(String), null, idGeneratorDataSource:1:3(String), 2015-01-01 00:00:00.0(Timestamp), null, null, null, theStart(String), null, null, null, (String), null
10:47:16,520 [Thread-99] DEBUG org.activiti.engine.impl.persistence.entity.ExecutionEntity.insertExecution  - ==&gt;  Preparing: insert into ACT_RU_EXECUTION (ID_, REV_, PROC_INST_ID_, BUSINESS_KEY_, PROC_DEF_ID_, ACT_ID_, IS_ACTIVE_, IS_CONCURRENT_, IS_SCOPE_,IS_EVENT_SCOPE_, PARENT_ID_, SUPER_EXEC_, SUSPENSION_STATE_, CACHED_ENT_STATE_, TENANT_ID_, NAME_) values ( ?, 1, ?, ?, ?, ?, ?, ?, ?, ?, ?, ?, ?, ?, ?, ? ) 
10:47:16,520 [Thread-99] DEBUG org.activiti.engine.impl.persistence.entity.ExecutionEntity.insertExecution  - ==&gt; Parameters: 175(String), 175(String), null, idGeneratorDataSource:1:3(String), javaService(String), true(Boolean), false(Boolean), true(Boolean), false(Boolean), null, null, 1(Integer), 2(Integer), (String), null
10:47:16,520 [Thread-99] DEBUG org.activiti.engine.impl.persistence.entity.ExecutionEntity.insertExecution  - &lt;==    Updates: 1
10:47:16,520 [Thread-99] DEBUG org.activiti.engine.impl.cfg.standalone.StandaloneMybatisTransactionContext  - firing event committing...
10:47:16,520 [Thread-99] DEBUG org.activiti.engine.impl.cfg.standalone.StandaloneMybatisTransactionContext  - committing the ibatis sql session...
10:47:16,520 [Thread-99] DEBUG org.apache.ibatis.transaction.jdbc.JdbcTransaction  - Committing JDBC Connection [conn53: url=jdbc:h2:mem:activiti user=SA]
10:47:16,520 [Thread-99] DEBUG org.activiti.engine.impl.cfg.standalone.StandaloneMybatisTransactionContext  - firing event committed...
10:47:16,520 [Thread-99] DEBUG org.apache.ibatis.transaction.jdbc.JdbcTransaction  - Resetting autocommit to true on JDBC Connection [conn53: url=jdbc:h2:mem:activiti user=SA]
10:47:16,520 [Thread-99] DEBUG org.apache.ibatis.transaction.jdbc.JdbcTransaction  - Closing JDBC Connection [conn53: url=jdbc:h2:mem:activiti user=SA]
10:47:16,520 [Thread-99] DEBUG org.apache.ibatis.datasource.pooled.PooledDataSource  - Returned connection 826925275 to pool.
10:47:16,520 [Thread-88] DEBUG org.activiti.engine.impl.persistence.entity.HistoricProcessInstanceEntity.insertHistoricProcessInstance  - &lt;==    Updates: 1
10:47:16,520 [Thread-99] DEBUG org.activiti.engine.impl.interceptor.LogInterceptor  - --- StartProcessInstanceCmd finished --------------------------------------------------------
10:47:16,521 [Thread-99] DEBUG org.activiti.engine.impl.interceptor.LogInterceptor  - 

10:47:16,521 [Thread-99] DEBUG org.activiti.engine.impl.interceptor.LogInterceptor  - 

10:47:16,521 [Thread-99] DEBUG org.activiti.engine.impl.interceptor.LogInterceptor  - --- starting StartProcessInstanceCmd --------------------------------------------------------
10:47:16,521 [Thread-89] DEBUG org.apache.ibatis.datasource.pooled.PooledDataSource  - Checked out connection 826925275 from pool.
10:47:16,521 [Thread-89] DEBUG org.apache.ibatis.transaction.jdbc.JdbcTransaction  - Setting autocommit to false on JDBC Connection [conn53: url=jdbc:h2:mem:activiti user=SA]
10:47:16,521 [Thread-99] DEBUG org.apache.ibatis.transaction.jdbc.JdbcTransaction  - Opening JDBC Connection
10:47:16,521 [Thread-88] DEBUG org.activiti.engine.impl.persistence.entity.HistoricActivityInstanceEntity.bulkInsertHistoricActivityInstance  - ==&gt;  Preparing: insert into ACT_HI_ACTINST ( ID_, PROC_DEF_ID_, PROC_INST_ID_, EXECUTION_ID_, ACT_ID_, TASK_ID_, CALL_PROC_INST_ID_, ACT_NAME_, ACT_TYPE_, ASSIGNEE_, START_TIME_, END_TIME_, DURATION_, TENANT_ID_ ) values (?, ?, ?, ?, ?, ?, ?, ?, ?, ?, ?, ?, ?, ?) , (?, ?, ?, ?, ?, ?, ?, ?, ?, ?, ?, ?, ?, ?) 
10:47:16,521 [Thread-89] DEBUG org.activiti.engine.impl.persistence.entity.ProcessDefinitionEntity.selectLatestProcessDefinitionByKey  - ==&gt;  Preparing: select * from ACT_RE_PROCDEF where KEY_ = ? and (TENANT_ID_ = &apos;&apos; or TENANT_ID_ is null) and VERSION_ = (select max(VERSION_) from ACT_RE_PROCDEF where KEY_ = ? and (TENANT_ID_ = &apos;&apos; or TENANT_ID_ is null)) 
10:47:16,521 [Thread-100] DEBUG org.apache.ibatis.datasource.pooled.PooledDataSource  - Waiting as long as 20000 milliseconds for connection.
10:47:16,521 [Thread-88] DEBUG org.activiti.engine.impl.persistence.entity.HistoricActivityInstanceEntity.bulkInsertHistoricActivityInstance  - ==&gt; Parameters: 178(String), idGeneratorDataSource:1:3(String), 176(String), 176(String), theStart(String), null, null, null, startEvent(String), null, 2015-01-01 00:00:00.0(Timestamp), 2015-01-01 00:00:00.0(Timestamp), 0(Long), (String), 180(String), idGeneratorDataSource:1:3(String), 176(String), 176(String), javaService(String), null, null, Java service invocation(String), serviceTask(String), null, 2015-01-01 00:00:00.0(Timestamp), null, null, (String)
10:47:16,521 [Thread-89] DEBUG org.activiti.engine.impl.persistence.entity.ProcessDefinitionEntity.selectLatestProcessDefinitionByKey  - ==&gt; Parameters: idGeneratorDataSource(String), idGeneratorDataSource(String)
10:47:16,521 [Thread-88] DEBUG org.activiti.engine.impl.persistence.entity.HistoricActivityInstanceEntity.bulkInsertHistoricActivityInstance  - &lt;==    Updates: 2
10:47:16,521 [Thread-89] DEBUG org.activiti.engine.impl.persistence.entity.ProcessDefinitionEntity.selectLatestProcessDefinitionByKey  - &lt;==      Total: 1
10:47:16,521 [Thread-85] DEBUG org.apache.ibatis.datasource.pooled.PooledDataSource  - Waiting as long as 20000 milliseconds for connection.
10:47:16,521 [Thread-89] DEBUG org.activiti.engine.impl.interceptor.LogInterceptor  - 

10:47:16,521 [Thread-89] DEBUG org.activiti.engine.impl.interceptor.LogInterceptor  - --- starting GetNextIdBlockCmd --------------------------------------------------------
10:47:16,521 [Thread-88] DEBUG org.activiti.engine.impl.db.DbSqlSession  - inserting: ProcessInstance[176]
10:47:16,521 [Thread-89] DEBUG org.apache.ibatis.transaction.jdbc.JdbcTransaction  - Opening JDBC Connection
10:47:16,521 [Thread-89] DEBUG org.apache.ibatis.datasource.pooled.PooledDataSource  - Checked out connection 1094226572 from pool.
10:47:16,521 [Thread-89] DEBUG org.apache.ibatis.transaction.jdbc.JdbcTransaction  - Setting autocommit to false on JDBC Connection [conn54: url=jdbc:h2:mem:activiti user=SA]
10:47:16,521 [Thread-89] DEBUG org.activiti.engine.impl.persistence.entity.PropertyEntity.selectProperty  - ==&gt;  Preparing: select * from ACT_GE_PROPERTY where NAME_ = ? 
10:47:16,521 [Thread-97] DEBUG org.apache.ibatis.datasource.pooled.PooledDataSource  - Waiting as long as 20000 milliseconds for connection.
10:47:16,521 [Thread-89] DEBUG org.activiti.engine.impl.persistence.entity.PropertyEntity.selectProperty  - ==&gt; Parameters: next.dbid(String)
10:47:16,521 [Thread-88] DEBUG org.activiti.engine.impl.persistence.entity.ExecutionEntity.insertExecution  - ==&gt;  Preparing: insert into ACT_RU_EXECUTION (ID_, REV_, PROC_INST_ID_, BUSINESS_KEY_, PROC_DEF_ID_, ACT_ID_, IS_ACTIVE_, IS_CONCURRENT_, IS_SCOPE_,IS_EVENT_SCOPE_, PARENT_ID_, SUPER_EXEC_, SUSPENSION_STATE_, CACHED_ENT_STATE_, TENANT_ID_, NAME_) values ( ?, 1, ?, ?, ?, ?, ?, ?, ?, ?, ?, ?, ?, ?, ?, ? ) 
10:47:16,521 [Thread-89] DEBUG org.activiti.engine.impl.persistence.entity.PropertyEntity.selectProperty  - &lt;==      Total: 1
10:47:16,521 [Thread-94] DEBUG org.apache.ibatis.datasource.pooled.PooledDataSource  - Waiting as long as 20000 milliseconds for connection.
10:47:16,521 [Thread-89] DEBUG org.activiti.engine.impl.db.DbSqlSession  -   update PropertyEntity[name=next.dbid, value=184]
10:47:16,521 [Thread-89] DEBUG org.activiti.engine.impl.db.DbSqlSession  - flush summary: 0 insert, 1 update, 0 delete.
10:47:16,521 [Thread-89] DEBUG org.activiti.engine.impl.db.DbSqlSession  - now executing flush...
10:47:16,521 [Thread-89] DEBUG org.activiti.engine.impl.db.DbSqlSession  - updating: PropertyEntity[name=next.dbid, value=184]
10:47:16,521 [Thread-88] DEBUG org.activiti.engine.impl.persistence.entity.ExecutionEntity.insertExecution  - ==&gt; Parameters: 176(String), 176(String), null, idGeneratorDataSource:1:3(String), javaService(String), true(Boolean), false(Boolean), true(Boolean), false(Boolean), null, null, 1(Integer), 2(Integer), (String), null
10:47:16,521 [Thread-89] DEBUG org.activiti.engine.impl.persistence.entity.PropertyEntity.updateProperty  - ==&gt;  Preparing: update ACT_GE_PROPERTY SET REV_ = ?, VALUE_ = ? where NAME_ = ? and REV_ = ? 
10:47:16,521 [Thread-95] DEBUG org.apache.ibatis.datasource.pooled.PooledDataSource  - Waiting as long as 20000 milliseconds for connection.
10:47:16,522 [Thread-89] DEBUG org.activiti.engine.impl.persistence.entity.PropertyEntity.updateProperty  - ==&gt; Parameters: 62(Integer), 184(String), next.dbid(String), 61(Integer)
10:47:16,521 [Thread-88] DEBUG org.activiti.engine.impl.persistence.entity.ExecutionEntity.insertExecution  - &lt;==    Updates: 1
10:47:16,522 [Thread-89] DEBUG org.activiti.engine.impl.persistence.entity.PropertyEntity.updateProperty  - &lt;==    Updates: 1
10:47:16,522 [Thread-93] DEBUG org.apache.ibatis.datasource.pooled.PooledDataSource  - Waiting as long as 20000 milliseconds for connection.
10:47:16,522 [Thread-89] DEBUG org.activiti.engine.impl.cfg.standalone.StandaloneMybatisTransactionContext  - firing event committing...
10:47:16,522 [Thread-89] DEBUG org.activiti.engine.impl.cfg.standalone.StandaloneMybatisTransactionContext  - committing the ibatis sql session...
10:47:16,522 [Thread-89] DEBUG org.apache.ibatis.transaction.jdbc.JdbcTransaction  - Committing JDBC Connection [conn54: url=jdbc:h2:mem:activiti user=SA]
10:47:16,522 [Thread-88] DEBUG org.activiti.engine.impl.cfg.standalone.StandaloneMybatisTransactionContext  - firing event committing...
10:47:16,522 [Thread-88] DEBUG org.activiti.engine.impl.cfg.standalone.StandaloneMybatisTransactionContext  - committing the ibatis sql session...
10:47:16,522 [Thread-88] DEBUG org.apache.ibatis.transaction.jdbc.JdbcTransaction  - Committing JDBC Connection [conn55: url=jdbc:h2:mem:activiti user=SA]
10:47:16,522 [Thread-88] DEBUG org.activiti.engine.impl.cfg.standalone.StandaloneMybatisTransactionContext  - firing event committed...
10:47:16,522 [Thread-88] DEBUG org.apache.ibatis.transaction.jdbc.JdbcTransaction  - Resetting autocommit to true on JDBC Connection [conn55: url=jdbc:h2:mem:activiti user=SA]
10:47:16,522 [Thread-88] DEBUG org.apache.ibatis.transaction.jdbc.JdbcTransaction  - Closing JDBC Connection [conn55: url=jdbc:h2:mem:activiti user=SA]
10:47:16,522 [Thread-89] DEBUG org.activiti.engine.impl.cfg.standalone.StandaloneMybatisTransactionContext  - firing event committed...
10:47:16,522 [Thread-92] DEBUG org.apache.ibatis.datasource.pooled.PooledDataSource  - Waiting as long as 20000 milliseconds for connection.
10:47:16,522 [Thread-89] DEBUG org.apache.ibatis.transaction.jdbc.JdbcTransaction  - Resetting autocommit to true on JDBC Connection [conn54: url=jdbc:h2:mem:activiti user=SA]
10:47:16,522 [Thread-99] DEBUG org.apache.ibatis.datasource.pooled.PooledDataSource  - Waiting as long as 20000 milliseconds for connection.
10:47:16,522 [Thread-89] DEBUG org.apache.ibatis.transaction.jdbc.JdbcTransaction  - Closing JDBC Connection [conn54: url=jdbc:h2:mem:activiti user=SA]
10:47:16,522 [Thread-89] DEBUG org.apache.ibatis.datasource.pooled.PooledDataSource  - Returned connection 1094226572 to pool.
10:47:16,522 [Thread-88] DEBUG org.apache.ibatis.datasource.pooled.PooledDataSource  - Returned connection 14606730 to pool.
10:47:16,522 [Thread-89] DEBUG org.activiti.engine.impl.interceptor.LogInterceptor  - --- GetNextIdBlockCmd finished --------------------------------------------------------
10:47:16,522 [Thread-89] DEBUG org.activiti.engine.impl.interceptor.LogInterceptor  - 

10:47:16,522 [Thread-99] DEBUG org.apache.ibatis.datasource.pooled.PooledDataSource  - Checked out connection 14606730 from pool.
10:47:16,522 [Thread-88] DEBUG org.activiti.engine.impl.interceptor.LogInterceptor  - --- StartProcessInstanceCmd finished --------------------------------------------------------
10:47:16,522 [Thread-88] DEBUG org.activiti.engine.impl.interceptor.LogInterceptor  - 

10:47:16,522 [Thread-88] DEBUG org.activiti.engine.impl.interceptor.LogInterceptor  - 

10:47:16,522 [Thread-88] DEBUG org.activiti.engine.impl.interceptor.LogInterceptor  - --- starting StartProcessInstanceCmd --------------------------------------------------------
10:47:16,522 [Thread-92] DEBUG org.apache.ibatis.datasource.pooled.PooledDataSource  - Waiting as long as 20000 milliseconds for connection.
10:47:16,522 [Thread-99] DEBUG org.apache.ibatis.transaction.jdbc.JdbcTransaction  - Setting autocommit to false on JDBC Connection [conn55: url=jdbc:h2:mem:activiti user=SA]
10:47:16,522 [Thread-89] DEBUG org.activiti.engine.impl.persistence.entity.ExecutionEntity  - initializing ProcessInstance[181]
10:47:16,523 [Thread-99] DEBUG org.activiti.engine.impl.persistence.entity.ProcessDefinitionEntity.selectLatestProcessDefinitionByKey  - ==&gt;  Preparing: select * from ACT_RE_PROCDEF where KEY_ = ? and (TENANT_ID_ = &apos;&apos; or TENANT_ID_ is null) and VERSION_ = (select max(VERSION_) from ACT_RE_PROCDEF where KEY_ = ? and (TENANT_ID_ = &apos;&apos; or TENANT_ID_ is null)) 
10:47:16,523 [Thread-93] DEBUG org.apache.ibatis.datasource.pooled.PooledDataSource  - Waiting as long as 20000 milliseconds for connection.
10:47:16,522 [Thread-88] DEBUG org.apache.ibatis.transaction.jdbc.JdbcTransaction  - Opening JDBC Connection
10:47:16,523 [Thread-95] DEBUG org.apache.ibatis.datasource.pooled.PooledDataSource  - Waiting as long as 20000 milliseconds for connection.
10:47:16,523 [Thread-99] DEBUG org.activiti.engine.impl.persistence.entity.ProcessDefinitionEntity.selectLatestProcessDefinitionByKey  - ==&gt; Parameters: idGeneratorDataSource(String), idGeneratorDataSource(String)
10:47:16,523 [Thread-89] DEBUG org.activiti.engine.impl.history.DefaultHistoryManager  - Current history level: FULL, level required: ACTIVITY
10:47:16,523 [Thread-99] DEBUG org.activiti.engine.impl.persistence.entity.ProcessDefinitionEntity.selectLatestProcessDefinitionByKey  - &lt;==      Total: 1
10:47:16,523 [Thread-94] DEBUG org.apache.ibatis.datasource.pooled.PooledDataSource  - Waiting as long as 20000 milliseconds for connection.
10:47:16,523 [Thread-99] DEBUG org.activiti.engine.impl.persistence.entity.ExecutionEntity  - initializing ProcessInstance[183]
10:47:16,523 [Thread-89] DEBUG org.activiti.engine.impl.pvm.runtime.AtomicOperationActivityExecute  - ProcessInstance[181] executes Activity(theStart): org.activiti.engine.impl.bpmn.behavior.NoneStartEventActivityBehavior
10:47:16,523 [Thread-99] DEBUG org.activiti.engine.impl.history.DefaultHistoryManager  - Current history level: FULL, level required: ACTIVITY
10:47:16,523 [Thread-97] DEBUG org.apache.ibatis.datasource.pooled.PooledDataSource  - Waiting as long as 20000 milliseconds for connection.
10:47:16,523 [Thread-99] DEBUG org.activiti.engine.impl.interceptor.LogInterceptor  - 

10:47:16,523 [Thread-99] DEBUG org.activiti.engine.impl.interceptor.LogInterceptor  - --- starting GetNextIdBlockCmd --------------------------------------------------------
10:47:16,523 [Thread-89] DEBUG org.activiti.engine.impl.persistence.entity.JobEntity.selectJobsByExecutionId  - ==&gt;  Preparing: select * from ACT_RU_JOB J where J.EXECUTION_ID_ = ? 
10:47:16,523 [Thread-99] DEBUG org.apache.ibatis.transaction.jdbc.JdbcTransaction  - Opening JDBC Connection
10:47:16,523 [Thread-99] DEBUG org.apache.ibatis.datasource.pooled.PooledDataSource  - Checked out connection 1094226572 from pool.
10:47:16,523 [Thread-99] DEBUG org.apache.ibatis.transaction.jdbc.JdbcTransaction  - Setting autocommit to false on JDBC Connection [conn54: url=jdbc:h2:mem:activiti user=SA]
10:47:16,523 [Thread-99] DEBUG org.activiti.engine.impl.persistence.entity.PropertyEntity.selectProperty  - ==&gt;  Preparing: select * from ACT_GE_PROPERTY where NAME_ = ? 
10:47:16,523 [Thread-85] DEBUG org.apache.ibatis.datasource.pooled.PooledDataSource  - Waiting as long as 20000 milliseconds for connection.
10:47:16,523 [Thread-99] DEBUG org.activiti.engine.impl.persistence.entity.PropertyEntity.selectProperty  - ==&gt; Parameters: next.dbid(String)
10:47:16,523 [Thread-89] DEBUG org.activiti.engine.impl.persistence.entity.JobEntity.selectJobsByExecutionId  - ==&gt; Parameters: 181(String)
10:47:16,523 [Thread-99] DEBUG org.activiti.engine.impl.persistence.entity.PropertyEntity.selectProperty  - &lt;==      Total: 1
10:47:16,523 [Thread-100] DEBUG org.apache.ibatis.datasource.pooled.PooledDataSource  - Waiting as long as 20000 milliseconds for connection.
10:47:16,523 [Thread-99] DEBUG org.activiti.engine.impl.db.DbSqlSession  -   update PropertyEntity[name=next.dbid, value=187]
10:47:16,523 [Thread-99] DEBUG org.activiti.engine.impl.db.DbSqlSession  - flush summary: 0 insert, 1 update, 0 delete.
10:47:16,523 [Thread-99] DEBUG org.activiti.engine.impl.db.DbSqlSession  - now executing flush...
10:47:16,523 [Thread-99] DEBUG org.activiti.engine.impl.db.DbSqlSession  - updating: PropertyEntity[name=next.dbid, value=187]
10:47:16,523 [Thread-89] DEBUG org.activiti.engine.impl.persistence.entity.JobEntity.selectJobsByExecutionId  - &lt;==      Total: 0
10:47:16,524 [Thread-99] DEBUG org.activiti.engine.impl.persistence.entity.PropertyEntity.updateProperty  - ==&gt;  Preparing: update ACT_GE_PROPERTY SET REV_ = ?, VALUE_ = ? where NAME_ = ? and REV_ = ? 
10:47:16,523 [Thread-88] DEBUG org.apache.ibatis.datasource.pooled.PooledDataSource  - Waiting as long as 20000 milliseconds for connection.
10:47:16,524 [Thread-99] DEBUG org.activiti.engine.impl.persistence.entity.PropertyEntity.updateProperty  - ==&gt; Parameters: 63(Integer), 187(String), next.dbid(String), 62(Integer)
10:47:16,524 [Thread-89] DEBUG org.activiti.engine.impl.bpmn.behavior.BpmnActivityBehavior  - Leaving activity &apos;theStart&apos;
10:47:16,524 [Thread-99] DEBUG org.activiti.engine.impl.persistence.entity.PropertyEntity.updateProperty  - &lt;==    Updates: 1
10:47:16,524 [Thread-99] DEBUG org.activiti.engine.impl.cfg.standalone.StandaloneMybatisTransactionContext  - firing event committing...
10:47:16,524 [Thread-99] DEBUG org.activiti.engine.impl.cfg.standalone.StandaloneMybatisTransactionContext  - committing the ibatis sql session...
10:47:16,524 [Thread-99] DEBUG org.apache.ibatis.transaction.jdbc.JdbcTransaction  - Committing JDBC Connection [conn54: url=jdbc:h2:mem:activiti user=SA]
10:47:16,524 [Thread-99] DEBUG org.activiti.engine.impl.cfg.standalone.StandaloneMybatisTransactionContext  - firing event committed...
10:47:16,524 [Thread-99] DEBUG org.apache.ibatis.transaction.jdbc.JdbcTransaction  - Resetting autocommit to true on JDBC Connection [conn54: url=jdbc:h2:mem:activiti user=SA]
10:47:16,524 [Thread-99] DEBUG org.apache.ibatis.transaction.jdbc.JdbcTransaction  - Closing JDBC Connection [conn54: url=jdbc:h2:mem:activiti user=SA]
10:47:16,524 [Thread-99] DEBUG org.apache.ibatis.datasource.pooled.PooledDataSource  - Returned connection 1094226572 to pool.
10:47:16,524 [Thread-99] DEBUG org.activiti.engine.impl.interceptor.LogInterceptor  - --- GetNextIdBlockCmd finished --------------------------------------------------------
10:47:16,524 [Thread-99] DEBUG org.activiti.engine.impl.interceptor.LogInterceptor  - 

10:47:16,524 [Thread-89] DEBUG org.activiti.engine.impl.history.DefaultHistoryManager  - Current history level: FULL, level required: ACTIVITY
10:47:16,524 [Thread-99] DEBUG org.activiti.engine.impl.pvm.runtime.AtomicOperationActivityExecute  - ProcessInstance[183] executes Activity(theStart): org.activiti.engine.impl.bpmn.behavior.NoneStartEventActivityBehavior
10:47:16,524 [Thread-89] DEBUG org.activiti.engine.impl.pvm.runtime.AtomicOperationTransitionNotifyListenerTake  - ProcessInstance[181] takes transition (theStart)--flow1--&gt;(javaService)
10:47:16,524 [Thread-99] DEBUG org.activiti.engine.impl.persistence.entity.JobEntity.selectJobsByExecutionId  - ==&gt;  Preparing: select * from ACT_RU_JOB J where J.EXECUTION_ID_ = ? 
10:47:16,524 [Thread-89] DEBUG org.activiti.engine.impl.history.DefaultHistoryManager  - Current history level: FULL, level required: ACTIVITY
10:47:16,524 [Thread-99] DEBUG org.activiti.engine.impl.persistence.entity.JobEntity.selectJobsByExecutionId  - ==&gt; Parameters: 183(String)
10:47:16,524 [Thread-89] DEBUG org.activiti.engine.impl.pvm.runtime.AtomicOperationActivityExecute  - ProcessInstance[181] executes Activity(javaService): org.activiti.engine.impl.bpmn.helper.ClassDelegate
10:47:16,524 [Thread-99] DEBUG org.activiti.engine.impl.persistence.entity.JobEntity.selectJobsByExecutionId  - &lt;==      Total: 0
10:47:16,524 [Thread-99] DEBUG org.activiti.engine.impl.bpmn.behavior.BpmnActivityBehavior  - Leaving activity &apos;theStart&apos;
10:47:16,524 [Thread-89] DEBUG org.activiti.engine.impl.db.DbSqlSession  -   insert ProcessInstance[181]
10:47:16,524 [Thread-89] DEBUG org.activiti.engine.impl.db.DbSqlSession  -   insert HistoricProcessInstanceEntity[superProcessInstanceId=null]
10:47:16,524 [Thread-89] DEBUG org.activiti.engine.impl.db.DbSqlSession  -   insert HistoricActivityInstanceEntity[activityId=theStart, activityName=null]
10:47:16,524 [Thread-89] DEBUG org.activiti.engine.impl.db.DbSqlSession  -   insert HistoricActivityInstanceEntity[activityId=javaService, activityName=Java service invocation]
10:47:16,524 [Thread-89] DEBUG org.activiti.engine.impl.db.DbSqlSession  - flush summary: 4 insert, 0 update, 0 delete.
10:47:16,524 [Thread-89] DEBUG org.activiti.engine.impl.db.DbSqlSession  - now executing flush...
10:47:16,524 [Thread-89] DEBUG org.activiti.engine.impl.db.DbSqlSession  - inserting: HistoricProcessInstanceEntity[superProcessInstanceId=null]
10:47:16,524 [Thread-99] DEBUG org.activiti.engine.impl.history.DefaultHistoryManager  - Current history level: FULL, level required: ACTIVITY
10:47:16,524 [Thread-89] DEBUG org.activiti.engine.impl.persistence.entity.HistoricProcessInstanceEntity.insertHistoricProcessInstance  - ==&gt;  Preparing: insert into ACT_HI_PROCINST ( ID_, PROC_INST_ID_, BUSINESS_KEY_, PROC_DEF_ID_, START_TIME_, END_TIME_, DURATION_, START_USER_ID_, START_ACT_ID_, END_ACT_ID_, SUPER_PROCESS_INSTANCE_ID_, DELETE_REASON_, TENANT_ID_, NAME_ ) values ( ?, ?, ?, ?, ?, ?, ?, ?, ?, ?, ?, ?, ?, ? ) 
10:47:16,524 [Thread-99] DEBUG org.activiti.engine.impl.pvm.runtime.AtomicOperationTransitionNotifyListenerTake  - ProcessInstance[183] takes transition (theStart)--flow1--&gt;(javaService)
10:47:16,524 [Thread-89] DEBUG org.activiti.engine.impl.persistence.entity.HistoricProcessInstanceEntity.insertHistoricProcessInstance  - ==&gt; Parameters: 181(String), 181(String), null, idGeneratorDataSource:1:3(String), 2015-01-01 00:00:00.0(Timestamp), null, null, null, theStart(String), null, null, null, (String), null
10:47:16,524 [Thread-99] DEBUG org.activiti.engine.impl.history.DefaultHistoryManager  - Current history level: FULL, level required: ACTIVITY
10:47:16,524 [Thread-89] DEBUG org.activiti.engine.impl.persistence.entity.HistoricProcessInstanceEntity.insertHistoricProcessInstance  - &lt;==    Updates: 1
10:47:16,524 [Thread-99] DEBUG org.activiti.engine.impl.pvm.runtime.AtomicOperationActivityExecute  - ProcessInstance[183] executes Activity(javaService): org.activiti.engine.impl.bpmn.helper.ClassDelegate
10:47:16,525 [Thread-99] DEBUG org.activiti.engine.impl.db.DbSqlSession  -   insert ProcessInstance[183]
10:47:16,525 [Thread-99] DEBUG org.activiti.engine.impl.db.DbSqlSession  -   insert HistoricProcessInstanceEntity[superProcessInstanceId=null]
10:47:16,525 [Thread-99] DEBUG org.activiti.engine.impl.db.DbSqlSession  -   insert HistoricActivityInstanceEntity[activityId=theStart, activityName=null]
10:47:16,525 [Thread-89] DEBUG org.activiti.engine.impl.persistence.entity.HistoricActivityInstanceEntity.bulkInsertHistoricActivityInstance  - ==&gt;  Preparing: insert into ACT_HI_ACTINST ( ID_, PROC_DEF_ID_, PROC_INST_ID_, EXECUTION_ID_, ACT_ID_, TASK_ID_, CALL_PROC_INST_ID_, ACT_NAME_, ACT_TYPE_, ASSIGNEE_, START_TIME_, END_TIME_, DURATION_, TENANT_ID_ ) values (?, ?, ?, ?, ?, ?, ?, ?, ?, ?, ?, ?, ?, ?) , (?, ?, ?, ?, ?, ?, ?, ?, ?, ?, ?, ?, ?, ?) 
10:47:16,525 [Thread-99] DEBUG org.activiti.engine.impl.db.DbSqlSession  -   insert HistoricActivityInstanceEntity[activityId=javaService, activityName=Java service invocation]
10:47:16,525 [Thread-99] DEBUG org.activiti.engine.impl.db.DbSqlSession  - flush summary: 4 insert, 0 update, 0 delete.
10:47:16,525 [Thread-99] DEBUG org.activiti.engine.impl.db.DbSqlSession  - now executing flush...
10:47:16,525 [Thread-99] DEBUG org.activiti.engine.impl.db.DbSqlSession  - inserting: HistoricProcessInstanceEntity[superProcessInstanceId=null]
10:47:16,525 [Thread-89] DEBUG org.activiti.engine.impl.persistence.entity.HistoricActivityInstanceEntity.bulkInsertHistoricActivityInstance  - ==&gt; Parameters: 182(String), idGeneratorDataSource:1:3(String), 181(String), 181(String), theStart(String), null, null, null, startEvent(String), null, 2015-01-01 00:00:00.0(Timestamp), 2015-01-01 00:00:00.0(Timestamp), 0(Long), (String), 185(String), idGeneratorDataSource:1:3(String), 181(String), 181(String), javaService(String), null, null, Java service invocation(String), serviceTask(String), null, 2015-01-01 00:00:00.0(Timestamp), null, null, (String)
10:47:16,525 [Thread-99] DEBUG org.activiti.engine.impl.persistence.entity.HistoricProcessInstanceEntity.insertHistoricProcessInstance  - ==&gt;  Preparing: insert into ACT_HI_PROCINST ( ID_, PROC_INST_ID_, BUSINESS_KEY_, PROC_DEF_ID_, START_TIME_, END_TIME_, DURATION_, START_USER_ID_, START_ACT_ID_, END_ACT_ID_, SUPER_PROCESS_INSTANCE_ID_, DELETE_REASON_, TENANT_ID_, NAME_ ) values ( ?, ?, ?, ?, ?, ?, ?, ?, ?, ?, ?, ?, ?, ? ) 
10:47:16,525 [Thread-89] DEBUG org.activiti.engine.impl.persistence.entity.HistoricActivityInstanceEntity.bulkInsertHistoricActivityInstance  - &lt;==    Updates: 2
10:47:16,525 [Thread-89] DEBUG org.activiti.engine.impl.db.DbSqlSession  - inserting: ProcessInstance[181]
10:47:16,525 [Thread-99] DEBUG org.activiti.engine.impl.persistence.entity.HistoricProcessInstanceEntity.insertHistoricProcessInstance  - ==&gt; Parameters: 183(String), 183(String), null, idGeneratorDataSource:1:3(String), 2015-01-01 00:00:00.0(Timestamp), null, null, null, theStart(String), null, null, null, (String), null
10:47:16,525 [Thread-89] DEBUG org.activiti.engine.impl.persistence.entity.ExecutionEntity.insertExecution  - ==&gt;  Preparing: insert into ACT_RU_EXECUTION (ID_, REV_, PROC_INST_ID_, BUSINESS_KEY_, PROC_DEF_ID_, ACT_ID_, IS_ACTIVE_, IS_CONCURRENT_, IS_SCOPE_,IS_EVENT_SCOPE_, PARENT_ID_, SUPER_EXEC_, SUSPENSION_STATE_, CACHED_ENT_STATE_, TENANT_ID_, NAME_) values ( ?, 1, ?, ?, ?, ?, ?, ?, ?, ?, ?, ?, ?, ?, ?, ? ) 
10:47:16,525 [Thread-89] DEBUG org.activiti.engine.impl.persistence.entity.ExecutionEntity.insertExecution  - ==&gt; Parameters: 181(String), 181(String), null, idGeneratorDataSource:1:3(String), javaService(String), true(Boolean), false(Boolean), true(Boolean), false(Boolean), null, null, 1(Integer), 2(Integer), (String), null
10:47:16,525 [Thread-89] DEBUG org.activiti.engine.impl.persistence.entity.ExecutionEntity.insertExecution  - &lt;==    Updates: 1
10:47:16,525 [Thread-89] DEBUG org.activiti.engine.impl.cfg.standalone.StandaloneMybatisTransactionContext  - firing event committing...
10:47:16,525 [Thread-89] DEBUG org.activiti.engine.impl.cfg.standalone.StandaloneMybatisTransactionContext  - committing the ibatis sql session...
10:47:16,525 [Thread-89] DEBUG org.apache.ibatis.transaction.jdbc.JdbcTransaction  - Committing JDBC Connection [conn53: url=jdbc:h2:mem:activiti user=SA]
10:47:16,525 [Thread-89] DEBUG org.activiti.engine.impl.cfg.standalone.StandaloneMybatisTransactionContext  - firing event committed...
10:47:16,525 [Thread-99] DEBUG org.activiti.engine.impl.persistence.entity.HistoricProcessInstanceEntity.insertHistoricProcessInstance  - &lt;==    Updates: 1
10:47:16,525 [Thread-89] DEBUG org.apache.ibatis.transaction.jdbc.JdbcTransaction  - Resetting autocommit to true on JDBC Connection [conn53: url=jdbc:h2:mem:activiti user=SA]
10:47:16,525 [Thread-89] DEBUG org.apache.ibatis.transaction.jdbc.JdbcTransaction  - Closing JDBC Connection [conn53: url=jdbc:h2:mem:activiti user=SA]
10:47:16,525 [Thread-89] DEBUG org.apache.ibatis.datasource.pooled.PooledDataSource  - Returned connection 826925275 to pool.
10:47:16,525 [Thread-89] DEBUG org.activiti.engine.impl.interceptor.LogInterceptor  - --- StartProcessInstanceCmd finished --------------------------------------------------------
10:47:16,525 [Thread-89] DEBUG org.activiti.engine.impl.interceptor.LogInterceptor  - 

10:47:16,525 [Thread-99] DEBUG org.activiti.engine.impl.persistence.entity.HistoricActivityInstanceEntity.bulkInsertHistoricActivityInstance  - ==&gt;  Preparing: insert into ACT_HI_ACTINST ( ID_, PROC_DEF_ID_, PROC_INST_ID_, EXECUTION_ID_, ACT_ID_, TASK_ID_, CALL_PROC_INST_ID_, ACT_NAME_, ACT_TYPE_, ASSIGNEE_, START_TIME_, END_TIME_, DURATION_, TENANT_ID_ ) values (?, ?, ?, ?, ?, ?, ?, ?, ?, ?, ?, ?, ?, ?) , (?, ?, ?, ?, ?, ?, ?, ?, ?, ?, ?, ?, ?, ?) 
10:47:16,525 [Thread-88] DEBUG org.apache.ibatis.datasource.pooled.PooledDataSource  - Checked out connection 826925275 from pool.
10:47:16,525 [Thread-88] DEBUG org.apache.ibatis.transaction.jdbc.JdbcTransaction  - Setting autocommit to false on JDBC Connection [conn53: url=jdbc:h2:mem:activiti user=SA]
10:47:16,525 [Thread-88] DEBUG org.activiti.engine.impl.persistence.entity.ProcessDefinitionEntity.selectLatestProcessDefinitionByKey  - ==&gt;  Preparing: select * from ACT_RE_PROCDEF where KEY_ = ? and (TENANT_ID_ = &apos;&apos; or TENANT_ID_ is null) and VERSION_ = (select max(VERSION_) from ACT_RE_PROCDEF where KEY_ = ? and (TENANT_ID_ = &apos;&apos; or TENANT_ID_ is null)) 
10:47:16,525 [Thread-100] DEBUG org.apache.ibatis.datasource.pooled.PooledDataSource  - Waiting as long as 20000 milliseconds for connection.
10:47:16,525 [Thread-99] DEBUG org.activiti.engine.impl.persistence.entity.HistoricActivityInstanceEntity.bulkInsertHistoricActivityInstance  - ==&gt; Parameters: 184(String), idGeneratorDataSource:1:3(String), 183(String), 183(String), theStart(String), null, null, null, startEvent(String), null, 2015-01-01 00:00:00.0(Timestamp), 2015-01-01 00:00:00.0(Timestamp), 0(Long), (String), 186(String), idGeneratorDataSource:1:3(String), 183(String), 183(String), javaService(String), null, null, Java service invocation(String), serviceTask(String), null, 2015-01-01 00:00:00.0(Timestamp), null, null, (String)
10:47:16,525 [Thread-85] DEBUG org.apache.ibatis.datasource.pooled.PooledDataSource  - Waiting as long as 20000 milliseconds for connection.
10:47:16,525 [Thread-88] DEBUG org.activiti.engine.impl.persistence.entity.ProcessDefinitionEntity.selectLatestProcessDefinitionByKey  - ==&gt; Parameters: idGeneratorDataSource(String), idGeneratorDataSource(String)
10:47:16,525 [Thread-97] DEBUG org.apache.ibatis.datasource.pooled.PooledDataSource  - Waiting as long as 20000 milliseconds for connection.
10:47:16,525 [Thread-99] DEBUG org.activiti.engine.impl.persistence.entity.HistoricActivityInstanceEntity.bulkInsertHistoricActivityInstance  - &lt;==    Updates: 2
10:47:16,526 [Thread-94] DEBUG org.apache.ibatis.datasource.pooled.PooledDataSource  - Waiting as long as 20000 milliseconds for connection.
10:47:16,526 [Thread-88] DEBUG org.activiti.engine.impl.persistence.entity.ProcessDefinitionEntity.selectLatestProcessDefinitionByKey  - &lt;==      Total: 1
10:47:16,526 [Thread-95] DEBUG org.apache.ibatis.datasource.pooled.PooledDataSource  - Waiting as long as 20000 milliseconds for connection.
10:47:16,526 [Thread-99] DEBUG org.activiti.engine.impl.db.DbSqlSession  - inserting: ProcessInstance[183]
10:47:16,526 [Thread-93] DEBUG org.apache.ibatis.datasource.pooled.PooledDataSource  - Waiting as long as 20000 milliseconds for connection.
10:47:16,526 [Thread-88] DEBUG org.activiti.engine.impl.interceptor.LogInterceptor  - 

10:47:16,526 [Thread-88] DEBUG org.activiti.engine.impl.interceptor.LogInterceptor  - --- starting GetNextIdBlockCmd --------------------------------------------------------
10:47:16,526 [Thread-92] DEBUG org.apache.ibatis.datasource.pooled.PooledDataSource  - Waiting as long as 20000 milliseconds for connection.
10:47:16,526 [Thread-99] DEBUG org.activiti.engine.impl.persistence.entity.ExecutionEntity.insertExecution  - ==&gt;  Preparing: insert into ACT_RU_EXECUTION (ID_, REV_, PROC_INST_ID_, BUSINESS_KEY_, PROC_DEF_ID_, ACT_ID_, IS_ACTIVE_, IS_CONCURRENT_, IS_SCOPE_,IS_EVENT_SCOPE_, PARENT_ID_, SUPER_EXEC_, SUSPENSION_STATE_, CACHED_ENT_STATE_, TENANT_ID_, NAME_) values ( ?, 1, ?, ?, ?, ?, ?, ?, ?, ?, ?, ?, ?, ?, ?, ? ) 
10:47:16,526 [Thread-88] DEBUG org.apache.ibatis.transaction.jdbc.JdbcTransaction  - Opening JDBC Connection
10:47:16,526 [Thread-88] DEBUG org.apache.ibatis.datasource.pooled.PooledDataSource  - Checked out connection 1094226572 from pool.
10:47:16,526 [Thread-88] DEBUG org.apache.ibatis.transaction.jdbc.JdbcTransaction  - Setting autocommit to false on JDBC Connection [conn54: url=jdbc:h2:mem:activiti user=SA]
10:47:16,526 [Thread-99] DEBUG org.activiti.engine.impl.persistence.entity.ExecutionEntity.insertExecution  - ==&gt; Parameters: 183(String), 183(String), null, idGeneratorDataSource:1:3(String), javaService(String), true(Boolean), false(Boolean), true(Boolean), false(Boolean), null, null, 1(Integer), 2(Integer), (String), null
10:47:16,526 [Thread-88] DEBUG org.activiti.engine.impl.persistence.entity.PropertyEntity.selectProperty  - ==&gt;  Preparing: select * from ACT_GE_PROPERTY where NAME_ = ? 
10:47:16,526 [Thread-99] DEBUG org.activiti.engine.impl.persistence.entity.ExecutionEntity.insertExecution  - &lt;==    Updates: 1
10:47:16,526 [Thread-99] DEBUG org.activiti.engine.impl.cfg.standalone.StandaloneMybatisTransactionContext  - firing event committing...
10:47:16,526 [Thread-99] DEBUG org.activiti.engine.impl.cfg.standalone.StandaloneMybatisTransactionContext  - committing the ibatis sql session...
10:47:16,526 [Thread-99] DEBUG org.apache.ibatis.transaction.jdbc.JdbcTransaction  - Committing JDBC Connection [conn55: url=jdbc:h2:mem:activiti user=SA]
10:47:16,526 [Thread-99] DEBUG org.activiti.engine.impl.cfg.standalone.StandaloneMybatisTransactionContext  - firing event committed...
10:47:16,526 [Thread-99] DEBUG org.apache.ibatis.transaction.jdbc.JdbcTransaction  - Resetting autocommit to true on JDBC Connection [conn55: url=jdbc:h2:mem:activiti user=SA]
10:47:16,526 [Thread-99] DEBUG org.apache.ibatis.transaction.jdbc.JdbcTransaction  - Closing JDBC Connection [conn55: url=jdbc:h2:mem:activiti user=SA]
10:47:16,526 [Thread-99] DEBUG org.apache.ibatis.datasource.pooled.PooledDataSource  - Returned connection 14606730 to pool.
10:47:16,526 [Thread-88] DEBUG org.activiti.engine.impl.persistence.entity.PropertyEntity.selectProperty  - ==&gt; Parameters: next.dbid(String)
10:47:16,526 [Thread-92] DEBUG org.apache.ibatis.datasource.pooled.PooledDataSource  - Checked out connection 14606730 from pool.
10:47:16,526 [Thread-88] DEBUG org.activiti.engine.impl.persistence.entity.PropertyEntity.selectProperty  - &lt;==      Total: 1
10:47:16,526 [Thread-93] DEBUG org.apache.ibatis.datasource.pooled.PooledDataSource  - Waiting as long as 20000 milliseconds for connection.
10:47:16,526 [Thread-99] DEBUG org.activiti.engine.impl.interceptor.LogInterceptor  - --- StartProcessInstanceCmd finished --------------------------------------------------------
10:47:16,526 [Thread-99] DEBUG org.activiti.engine.impl.interceptor.LogInterceptor  - 

10:47:16,526 [Thread-95] DEBUG org.apache.ibatis.datasource.pooled.PooledDataSource  - Waiting as long as 20000 milliseconds for connection.
10:47:16,526 [Thread-88] DEBUG org.activiti.engine.impl.db.DbSqlSession  -   update PropertyEntity[name=next.dbid, value=190]
10:47:16,527 [Thread-88] DEBUG org.activiti.engine.impl.db.DbSqlSession  - flush summary: 0 insert, 1 update, 0 delete.
10:47:16,527 [Thread-88] DEBUG org.activiti.engine.impl.db.DbSqlSession  - now executing flush...
10:47:16,527 [Thread-88] DEBUG org.activiti.engine.impl.db.DbSqlSession  - updating: PropertyEntity[name=next.dbid, value=190]
10:47:16,526 [Thread-92] DEBUG org.apache.ibatis.transaction.jdbc.JdbcTransaction  - Setting autocommit to false on JDBC Connection [conn55: url=jdbc:h2:mem:activiti user=SA]
10:47:16,527 [Thread-88] DEBUG org.activiti.engine.impl.persistence.entity.PropertyEntity.updateProperty  - ==&gt;  Preparing: update ACT_GE_PROPERTY SET REV_ = ?, VALUE_ = ? where NAME_ = ? and REV_ = ? 
10:47:16,526 [Thread-94] DEBUG org.apache.ibatis.datasource.pooled.PooledDataSource  - Waiting as long as 20000 milliseconds for connection.
10:47:16,527 [Thread-88] DEBUG org.activiti.engine.impl.persistence.entity.PropertyEntity.updateProperty  - ==&gt; Parameters: 64(Integer), 190(String), next.dbid(String), 63(Integer)
10:47:16,527 [Thread-92] DEBUG org.activiti.engine.impl.persistence.entity.ProcessDefinitionEntity.selectLatestProcessDefinitionByKey  - ==&gt;  Preparing: select * from ACT_RE_PROCDEF where KEY_ = ? and (TENANT_ID_ = &apos;&apos; or TENANT_ID_ is null) and VERSION_ = (select max(VERSION_) from ACT_RE_PROCDEF where KEY_ = ? and (TENANT_ID_ = &apos;&apos; or TENANT_ID_ is null)) 
10:47:16,527 [Thread-88] DEBUG org.activiti.engine.impl.persistence.entity.PropertyEntity.updateProperty  - &lt;==    Updates: 1
10:47:16,527 [Thread-88] DEBUG org.activiti.engine.impl.cfg.standalone.StandaloneMybatisTransactionContext  - firing event committing...
10:47:16,527 [Thread-88] DEBUG org.activiti.engine.impl.cfg.standalone.StandaloneMybatisTransactionContext  - committing the ibatis sql session...
10:47:16,527 [Thread-88] DEBUG org.apache.ibatis.transaction.jdbc.JdbcTransaction  - Committing JDBC Connection [conn54: url=jdbc:h2:mem:activiti user=SA]
10:47:16,527 [Thread-88] DEBUG org.activiti.engine.impl.cfg.standalone.StandaloneMybatisTransactionContext  - firing event committed...
10:47:16,527 [Thread-88] DEBUG org.apache.ibatis.transaction.jdbc.JdbcTransaction  - Resetting autocommit to true on JDBC Connection [conn54: url=jdbc:h2:mem:activiti user=SA]
10:47:16,527 [Thread-88] DEBUG org.apache.ibatis.transaction.jdbc.JdbcTransaction  - Closing JDBC Connection [conn54: url=jdbc:h2:mem:activiti user=SA]
10:47:16,527 [Thread-88] DEBUG org.apache.ibatis.datasource.pooled.PooledDataSource  - Returned connection 1094226572 to pool.
10:47:16,527 [Thread-88] DEBUG org.activiti.engine.impl.interceptor.LogInterceptor  - --- GetNextIdBlockCmd finished --------------------------------------------------------
10:47:16,527 [Thread-88] DEBUG org.activiti.engine.impl.interceptor.LogInterceptor  - 

10:47:16,527 [Thread-88] DEBUG org.activiti.engine.impl.persistence.entity.ExecutionEntity  - initializing ProcessInstance[187]
10:47:16,527 [Thread-97] DEBUG org.apache.ibatis.datasource.pooled.PooledDataSource  - Waiting as long as 20000 milliseconds for connection.
10:47:16,527 [Thread-88] DEBUG org.activiti.engine.impl.history.DefaultHistoryManager  - Current history level: FULL, level required: ACTIVITY
10:47:16,527 [Thread-92] DEBUG org.activiti.engine.impl.persistence.entity.ProcessDefinitionEntity.selectLatestProcessDefinitionByKey  - ==&gt; Parameters: idGeneratorDataSource(String), idGeneratorDataSource(String)
10:47:16,527 [Thread-85] DEBUG org.apache.ibatis.datasource.pooled.PooledDataSource  - Waiting as long as 20000 milliseconds for connection.
10:47:16,527 [Thread-88] DEBUG org.activiti.engine.impl.pvm.runtime.AtomicOperationActivityExecute  - ProcessInstance[187] executes Activity(theStart): org.activiti.engine.impl.bpmn.behavior.NoneStartEventActivityBehavior
10:47:16,527 [Thread-100] DEBUG org.apache.ibatis.datasource.pooled.PooledDataSource  - Waiting as long as 20000 milliseconds for connection.
10:47:16,527 [Thread-92] DEBUG org.activiti.engine.impl.persistence.entity.ProcessDefinitionEntity.selectLatestProcessDefinitionByKey  - &lt;==      Total: 1
10:47:16,527 [Thread-88] DEBUG org.activiti.engine.impl.persistence.entity.JobEntity.selectJobsByExecutionId  - ==&gt;  Preparing: select * from ACT_RU_JOB J where J.EXECUTION_ID_ = ? 
10:47:16,527 [Thread-92] DEBUG org.activiti.engine.impl.persistence.entity.ExecutionEntity  - initializing ProcessInstance[189]
10:47:16,527 [Thread-88] DEBUG org.activiti.engine.impl.persistence.entity.JobEntity.selectJobsByExecutionId  - ==&gt; Parameters: 187(String)
10:47:16,527 [Thread-92] DEBUG org.activiti.engine.impl.history.DefaultHistoryManager  - Current history level: FULL, level required: ACTIVITY
10:47:16,527 [Thread-88] DEBUG org.activiti.engine.impl.persistence.entity.JobEntity.selectJobsByExecutionId  - &lt;==      Total: 0
10:47:16,528 [Thread-88] DEBUG org.activiti.engine.impl.bpmn.behavior.BpmnActivityBehavior  - Leaving activity &apos;theStart&apos;
10:47:16,527 [Thread-92] DEBUG org.activiti.engine.impl.interceptor.LogInterceptor  - 

10:47:16,528 [Thread-92] DEBUG org.activiti.engine.impl.interceptor.LogInterceptor  - --- starting GetNextIdBlockCmd --------------------------------------------------------
10:47:16,528 [Thread-88] DEBUG org.activiti.engine.impl.history.DefaultHistoryManager  - Current history level: FULL, level required: ACTIVITY
10:47:16,528 [Thread-92] DEBUG org.apache.ibatis.transaction.jdbc.JdbcTransaction  - Opening JDBC Connection
10:47:16,528 [Thread-92] DEBUG org.apache.ibatis.datasource.pooled.PooledDataSource  - Checked out connection 1094226572 from pool.
10:47:16,528 [Thread-92] DEBUG org.apache.ibatis.transaction.jdbc.JdbcTransaction  - Setting autocommit to false on JDBC Connection [conn54: url=jdbc:h2:mem:activiti user=SA]
10:47:16,528 [Thread-88] DEBUG org.activiti.engine.impl.pvm.runtime.AtomicOperationTransitionNotifyListenerTake  - ProcessInstance[187] takes transition (theStart)--flow1--&gt;(javaService)
10:47:16,528 [Thread-92] DEBUG org.activiti.engine.impl.persistence.entity.PropertyEntity.selectProperty  - ==&gt;  Preparing: select * from ACT_GE_PROPERTY where NAME_ = ? 
10:47:16,528 [Thread-88] DEBUG org.activiti.engine.impl.history.DefaultHistoryManager  - Current history level: FULL, level required: ACTIVITY
10:47:16,528 [Thread-92] DEBUG org.activiti.engine.impl.persistence.entity.PropertyEntity.selectProperty  - ==&gt; Parameters: next.dbid(String)
10:47:16,528 [Thread-92] DEBUG org.activiti.engine.impl.persistence.entity.PropertyEntity.selectProperty  - &lt;==      Total: 1
10:47:16,528 [Thread-92] DEBUG org.activiti.engine.impl.db.DbSqlSession  -   update PropertyEntity[name=next.dbid, value=193]
10:47:16,528 [Thread-92] DEBUG org.activiti.engine.impl.db.DbSqlSession  - flush summary: 0 insert, 1 update, 0 delete.
10:47:16,528 [Thread-92] DEBUG org.activiti.engine.impl.db.DbSqlSession  - now executing flush...
10:47:16,528 [Thread-92] DEBUG org.activiti.engine.impl.db.DbSqlSession  - updating: PropertyEntity[name=next.dbid, value=193]
10:47:16,528 [Thread-92] DEBUG org.activiti.engine.impl.persistence.entity.PropertyEntity.updateProperty  - ==&gt;  Preparing: update ACT_GE_PROPERTY SET REV_ = ?, VALUE_ = ? where NAME_ = ? and REV_ = ? 
10:47:16,528 [Thread-92] DEBUG org.activiti.engine.impl.persistence.entity.PropertyEntity.updateProperty  - ==&gt; Parameters: 65(Integer), 193(String), next.dbid(String), 64(Integer)
10:47:16,528 [Thread-92] DEBUG org.activiti.engine.impl.persistence.entity.PropertyEntity.updateProperty  - &lt;==    Updates: 1
10:47:16,528 [Thread-92] DEBUG org.activiti.engine.impl.cfg.standalone.StandaloneMybatisTransactionContext  - firing event committing...
10:47:16,528 [Thread-92] DEBUG org.activiti.engine.impl.cfg.standalone.StandaloneMybatisTransactionContext  - committing the ibatis sql session...
10:47:16,528 [Thread-92] DEBUG org.apache.ibatis.transaction.jdbc.JdbcTransaction  - Committing JDBC Connection [conn54: url=jdbc:h2:mem:activiti user=SA]
10:47:16,528 [Thread-92] DEBUG org.activiti.engine.impl.cfg.standalone.StandaloneMybatisTransactionContext  - firing event committed...
10:47:16,528 [Thread-92] DEBUG org.apache.ibatis.transaction.jdbc.JdbcTransaction  - Resetting autocommit to true on JDBC Connection [conn54: url=jdbc:h2:mem:activiti user=SA]
10:47:16,528 [Thread-92] DEBUG org.apache.ibatis.transaction.jdbc.JdbcTransaction  - Closing JDBC Connection [conn54: url=jdbc:h2:mem:activiti user=SA]
10:47:16,528 [Thread-92] DEBUG org.apache.ibatis.datasource.pooled.PooledDataSource  - Returned connection 1094226572 to pool.
10:47:16,528 [Thread-92] DEBUG org.activiti.engine.impl.interceptor.LogInterceptor  - --- GetNextIdBlockCmd finished --------------------------------------------------------
10:47:16,528 [Thread-92] DEBUG org.activiti.engine.impl.interceptor.LogInterceptor  - 

10:47:16,528 [Thread-92] DEBUG org.activiti.engine.impl.pvm.runtime.AtomicOperationActivityExecute  - ProcessInstance[189] executes Activity(theStart): org.activiti.engine.impl.bpmn.behavior.NoneStartEventActivityBehavior
10:47:16,528 [Thread-88] DEBUG org.activiti.engine.impl.pvm.runtime.AtomicOperationActivityExecute  - ProcessInstance[187] executes Activity(javaService): org.activiti.engine.impl.bpmn.helper.ClassDelegate
10:47:16,528 [Thread-92] DEBUG org.activiti.engine.impl.persistence.entity.JobEntity.selectJobsByExecutionId  - ==&gt;  Preparing: select * from ACT_RU_JOB J where J.EXECUTION_ID_ = ? 
10:47:16,528 [Thread-88] DEBUG org.activiti.engine.impl.db.DbSqlSession  -   insert ProcessInstance[187]
10:47:16,528 [Thread-88] DEBUG org.activiti.engine.impl.db.DbSqlSession  -   insert HistoricProcessInstanceEntity[superProcessInstanceId=null]
10:47:16,528 [Thread-88] DEBUG org.activiti.engine.impl.db.DbSqlSession  -   insert HistoricActivityInstanceEntity[activityId=theStart, activityName=null]
10:47:16,528 [Thread-88] DEBUG org.activiti.engine.impl.db.DbSqlSession  -   insert HistoricActivityInstanceEntity[activityId=javaService, activityName=Java service invocation]
10:47:16,528 [Thread-88] DEBUG org.activiti.engine.impl.db.DbSqlSession  - flush summary: 4 insert, 0 update, 0 delete.
10:47:16,528 [Thread-88] DEBUG org.activiti.engine.impl.db.DbSqlSession  - now executing flush...
10:47:16,529 [Thread-88] DEBUG org.activiti.engine.impl.db.DbSqlSession  - inserting: HistoricProcessInstanceEntity[superProcessInstanceId=null]
10:47:16,528 [Thread-92] DEBUG org.activiti.engine.impl.persistence.entity.JobEntity.selectJobsByExecutionId  - ==&gt; Parameters: 189(String)
10:47:16,529 [Thread-88] DEBUG org.activiti.engine.impl.persistence.entity.HistoricProcessInstanceEntity.insertHistoricProcessInstance  - ==&gt;  Preparing: insert into ACT_HI_PROCINST ( ID_, PROC_INST_ID_, BUSINESS_KEY_, PROC_DEF_ID_, START_TIME_, END_TIME_, DURATION_, START_USER_ID_, START_ACT_ID_, END_ACT_ID_, SUPER_PROCESS_INSTANCE_ID_, DELETE_REASON_, TENANT_ID_, NAME_ ) values ( ?, ?, ?, ?, ?, ?, ?, ?, ?, ?, ?, ?, ?, ? ) 
10:47:16,529 [Thread-92] DEBUG org.activiti.engine.impl.persistence.entity.JobEntity.selectJobsByExecutionId  - &lt;==      Total: 0
10:47:16,529 [Thread-88] DEBUG org.activiti.engine.impl.persistence.entity.HistoricProcessInstanceEntity.insertHistoricProcessInstance  - ==&gt; Parameters: 187(String), 187(String), null, idGeneratorDataSource:1:3(String), 2015-01-01 00:00:00.0(Timestamp), null, null, null, theStart(String), null, null, null, (String), null
10:47:16,529 [Thread-92] DEBUG org.activiti.engine.impl.bpmn.behavior.BpmnActivityBehavior  - Leaving activity &apos;theStart&apos;
10:47:16,529 [Thread-88] DEBUG org.activiti.engine.impl.persistence.entity.HistoricProcessInstanceEntity.insertHistoricProcessInstance  - &lt;==    Updates: 1
10:47:16,529 [Thread-92] DEBUG org.activiti.engine.impl.history.DefaultHistoryManager  - Current history level: FULL, level required: ACTIVITY
10:47:16,529 [Thread-92] DEBUG org.activiti.engine.impl.pvm.runtime.AtomicOperationTransitionNotifyListenerTake  - ProcessInstance[189] takes transition (theStart)--flow1--&gt;(javaService)
10:47:16,529 [Thread-92] DEBUG org.activiti.engine.impl.history.DefaultHistoryManager  - Current history level: FULL, level required: ACTIVITY
10:47:16,529 [Thread-88] DEBUG org.activiti.engine.impl.persistence.entity.HistoricActivityInstanceEntity.bulkInsertHistoricActivityInstance  - ==&gt;  Preparing: insert into ACT_HI_ACTINST ( ID_, PROC_DEF_ID_, PROC_INST_ID_, EXECUTION_ID_, ACT_ID_, TASK_ID_, CALL_PROC_INST_ID_, ACT_NAME_, ACT_TYPE_, ASSIGNEE_, START_TIME_, END_TIME_, DURATION_, TENANT_ID_ ) values (?, ?, ?, ?, ?, ?, ?, ?, ?, ?, ?, ?, ?, ?) , (?, ?, ?, ?, ?, ?, ?, ?, ?, ?, ?, ?, ?, ?) 
10:47:16,529 [Thread-92] DEBUG org.activiti.engine.impl.pvm.runtime.AtomicOperationActivityExecute  - ProcessInstance[189] executes Activity(javaService): org.activiti.engine.impl.bpmn.helper.ClassDelegate
10:47:16,529 [Thread-92] DEBUG org.activiti.engine.impl.db.DbSqlSession  -   insert ProcessInstance[189]
10:47:16,529 [Thread-92] DEBUG org.activiti.engine.impl.db.DbSqlSession  -   insert HistoricProcessInstanceEntity[superProcessInstanceId=null]
10:47:16,529 [Thread-92] DEBUG org.activiti.engine.impl.db.DbSqlSession  -   insert HistoricActivityInstanceEntity[activityId=theStart, activityName=null]
10:47:16,529 [Thread-92] DEBUG org.activiti.engine.impl.db.DbSqlSession  -   insert HistoricActivityInstanceEntity[activityId=javaService, activityName=Java service invocation]
10:47:16,529 [Thread-92] DEBUG org.activiti.engine.impl.db.DbSqlSession  - flush summary: 4 insert, 0 update, 0 delete.
10:47:16,529 [Thread-92] DEBUG org.activiti.engine.impl.db.DbSqlSession  - now executing flush...
10:47:16,529 [Thread-92] DEBUG org.activiti.engine.impl.db.DbSqlSession  - inserting: HistoricProcessInstanceEntity[superProcessInstanceId=null]
10:47:16,529 [Thread-88] DEBUG org.activiti.engine.impl.persistence.entity.HistoricActivityInstanceEntity.bulkInsertHistoricActivityInstance  - ==&gt; Parameters: 188(String), idGeneratorDataSource:1:3(String), 187(String), 187(String), theStart(String), null, null, null, startEvent(String), null, 2015-01-01 00:00:00.0(Timestamp), 2015-01-01 00:00:00.0(Timestamp), 0(Long), (String), 191(String), idGeneratorDataSource:1:3(String), 187(String), 187(String), javaService(String), null, null, Java service invocation(String), serviceTask(String), null, 2015-01-01 00:00:00.0(Timestamp), null, null, (String)
10:47:16,529 [Thread-92] DEBUG org.activiti.engine.impl.persistence.entity.HistoricProcessInstanceEntity.insertHistoricProcessInstance  - ==&gt;  Preparing: insert into ACT_HI_PROCINST ( ID_, PROC_INST_ID_, BUSINESS_KEY_, PROC_DEF_ID_, START_TIME_, END_TIME_, DURATION_, START_USER_ID_, START_ACT_ID_, END_ACT_ID_, SUPER_PROCESS_INSTANCE_ID_, DELETE_REASON_, TENANT_ID_, NAME_ ) values ( ?, ?, ?, ?, ?, ?, ?, ?, ?, ?, ?, ?, ?, ? ) 
10:47:16,529 [Thread-88] DEBUG org.activiti.engine.impl.persistence.entity.HistoricActivityInstanceEntity.bulkInsertHistoricActivityInstance  - &lt;==    Updates: 2
10:47:16,529 [Thread-88] DEBUG org.activiti.engine.impl.db.DbSqlSession  - inserting: ProcessInstance[187]
10:47:16,529 [Thread-92] DEBUG org.activiti.engine.impl.persistence.entity.HistoricProcessInstanceEntity.insertHistoricProcessInstance  - ==&gt; Parameters: 189(String), 189(String), null, idGeneratorDataSource:1:3(String), 2015-01-01 00:00:00.0(Timestamp), null, null, null, theStart(String), null, null, null, (String), null
10:47:16,529 [Thread-88] DEBUG org.activiti.engine.impl.persistence.entity.ExecutionEntity.insertExecution  - ==&gt;  Preparing: insert into ACT_RU_EXECUTION (ID_, REV_, PROC_INST_ID_, BUSINESS_KEY_, PROC_DEF_ID_, ACT_ID_, IS_ACTIVE_, IS_CONCURRENT_, IS_SCOPE_,IS_EVENT_SCOPE_, PARENT_ID_, SUPER_EXEC_, SUSPENSION_STATE_, CACHED_ENT_STATE_, TENANT_ID_, NAME_) values ( ?, 1, ?, ?, ?, ?, ?, ?, ?, ?, ?, ?, ?, ?, ?, ? ) 
10:47:16,529 [Thread-88] DEBUG org.activiti.engine.impl.persistence.entity.ExecutionEntity.insertExecution  - ==&gt; Parameters: 187(String), 187(String), null, idGeneratorDataSource:1:3(String), javaService(String), true(Boolean), false(Boolean), true(Boolean), false(Boolean), null, null, 1(Integer), 2(Integer), (String), null
10:47:16,529 [Thread-88] DEBUG org.activiti.engine.impl.persistence.entity.ExecutionEntity.insertExecution  - &lt;==    Updates: 1
10:47:16,529 [Thread-88] DEBUG org.activiti.engine.impl.cfg.standalone.StandaloneMybatisTransactionContext  - firing event committing...
10:47:16,529 [Thread-88] DEBUG org.activiti.engine.impl.cfg.standalone.StandaloneMybatisTransactionContext  - committing the ibatis sql session...
10:47:16,529 [Thread-88] DEBUG org.apache.ibatis.transaction.jdbc.JdbcTransaction  - Committing JDBC Connection [conn53: url=jdbc:h2:mem:activiti user=SA]
10:47:16,529 [Thread-88] DEBUG org.activiti.engine.impl.cfg.standalone.StandaloneMybatisTransactionContext  - firing event committed...
10:47:16,529 [Thread-88] DEBUG org.apache.ibatis.transaction.jdbc.JdbcTransaction  - Resetting autocommit to true on JDBC Connection [conn53: url=jdbc:h2:mem:activiti user=SA]
10:47:16,529 [Thread-88] DEBUG org.apache.ibatis.transaction.jdbc.JdbcTransaction  - Closing JDBC Connection [conn53: url=jdbc:h2:mem:activiti user=SA]
10:47:16,529 [Thread-92] DEBUG org.activiti.engine.impl.persistence.entity.HistoricProcessInstanceEntity.insertHistoricProcessInstance  - &lt;==    Updates: 1
10:47:16,529 [Thread-88] DEBUG org.apache.ibatis.datasource.pooled.PooledDataSource  - Returned connection 826925275 to pool.
10:47:16,529 [Thread-88] DEBUG org.activiti.engine.impl.interceptor.LogInterceptor  - --- StartProcessInstanceCmd finished --------------------------------------------------------
10:47:16,530 [Thread-88] DEBUG org.activiti.engine.impl.interceptor.LogInterceptor  - 

10:47:16,530 [Thread-88] DEBUG org.activiti.engine.impl.interceptor.LogInterceptor  - 

10:47:16,530 [Thread-88] DEBUG org.activiti.engine.impl.interceptor.LogInterceptor  - --- starting StartProcessInstanceCmd --------------------------------------------------------
10:47:16,530 [Thread-100] DEBUG org.apache.ibatis.datasource.pooled.PooledDataSource  - Checked out connection 826925275 from pool.
10:47:16,530 [Thread-88] DEBUG org.apache.ibatis.transaction.jdbc.JdbcTransaction  - Opening JDBC Connection
10:47:16,530 [Thread-92] DEBUG org.activiti.engine.impl.persistence.entity.HistoricActivityInstanceEntity.bulkInsertHistoricActivityInstance  - ==&gt;  Preparing: insert into ACT_HI_ACTINST ( ID_, PROC_DEF_ID_, PROC_INST_ID_, EXECUTION_ID_, ACT_ID_, TASK_ID_, CALL_PROC_INST_ID_, ACT_NAME_, ACT_TYPE_, ASSIGNEE_, START_TIME_, END_TIME_, DURATION_, TENANT_ID_ ) values (?, ?, ?, ?, ?, ?, ?, ?, ?, ?, ?, ?, ?, ?) , (?, ?, ?, ?, ?, ?, ?, ?, ?, ?, ?, ?, ?, ?) 
10:47:16,530 [Thread-85] DEBUG org.apache.ibatis.datasource.pooled.PooledDataSource  - Waiting as long as 20000 milliseconds for connection.
10:47:16,530 [Thread-100] DEBUG org.apache.ibatis.transaction.jdbc.JdbcTransaction  - Setting autocommit to false on JDBC Connection [conn53: url=jdbc:h2:mem:activiti user=SA]
10:47:16,530 [Thread-97] DEBUG org.apache.ibatis.datasource.pooled.PooledDataSource  - Waiting as long as 20000 milliseconds for connection.
10:47:16,530 [Thread-92] DEBUG org.activiti.engine.impl.persistence.entity.HistoricActivityInstanceEntity.bulkInsertHistoricActivityInstance  - ==&gt; Parameters: 190(String), idGeneratorDataSource:1:3(String), 189(String), 189(String), theStart(String), null, null, null, startEvent(String), null, 2015-01-01 00:00:00.0(Timestamp), 2015-01-01 00:00:00.0(Timestamp), 0(Long), (String), 192(String), idGeneratorDataSource:1:3(String), 189(String), 189(String), javaService(String), null, null, Java service invocation(String), serviceTask(String), null, 2015-01-01 00:00:00.0(Timestamp), null, null, (String)
10:47:16,530 [Thread-94] DEBUG org.apache.ibatis.datasource.pooled.PooledDataSource  - Waiting as long as 20000 milliseconds for connection.
10:47:16,530 [Thread-100] DEBUG org.activiti.engine.impl.persistence.entity.ProcessDefinitionEntity.selectLatestProcessDefinitionByKey  - ==&gt;  Preparing: select * from ACT_RE_PROCDEF where KEY_ = ? and (TENANT_ID_ = &apos;&apos; or TENANT_ID_ is null) and VERSION_ = (select max(VERSION_) from ACT_RE_PROCDEF where KEY_ = ? and (TENANT_ID_ = &apos;&apos; or TENANT_ID_ is null)) 
10:47:16,530 [Thread-95] DEBUG org.apache.ibatis.datasource.pooled.PooledDataSource  - Waiting as long as 20000 milliseconds for connection.
10:47:16,530 [Thread-92] DEBUG org.activiti.engine.impl.persistence.entity.HistoricActivityInstanceEntity.bulkInsertHistoricActivityInstance  - &lt;==    Updates: 2
10:47:16,530 [Thread-92] DEBUG org.activiti.engine.impl.db.DbSqlSession  - inserting: ProcessInstance[189]
10:47:16,530 [Thread-93] DEBUG org.apache.ibatis.datasource.pooled.PooledDataSource  - Waiting as long as 20000 milliseconds for connection.
10:47:16,530 [Thread-100] DEBUG org.activiti.engine.impl.persistence.entity.ProcessDefinitionEntity.selectLatestProcessDefinitionByKey  - ==&gt; Parameters: idGeneratorDataSource(String), idGeneratorDataSource(String)
10:47:16,530 [Thread-88] DEBUG org.apache.ibatis.datasource.pooled.PooledDataSource  - Waiting as long as 20000 milliseconds for connection.
10:47:16,530 [Thread-100] DEBUG org.activiti.engine.impl.persistence.entity.ProcessDefinitionEntity.selectLatestProcessDefinitionByKey  - &lt;==      Total: 1
10:47:16,530 [Thread-92] DEBUG org.activiti.engine.impl.persistence.entity.ExecutionEntity.insertExecution  - ==&gt;  Preparing: insert into ACT_RU_EXECUTION (ID_, REV_, PROC_INST_ID_, BUSINESS_KEY_, PROC_DEF_ID_, ACT_ID_, IS_ACTIVE_, IS_CONCURRENT_, IS_SCOPE_,IS_EVENT_SCOPE_, PARENT_ID_, SUPER_EXEC_, SUSPENSION_STATE_, CACHED_ENT_STATE_, TENANT_ID_, NAME_) values ( ?, 1, ?, ?, ?, ?, ?, ?, ?, ?, ?, ?, ?, ?, ?, ? ) 
10:47:16,530 [Thread-100] DEBUG org.activiti.engine.impl.interceptor.LogInterceptor  - 

10:47:16,530 [Thread-100] DEBUG org.activiti.engine.impl.interceptor.LogInterceptor  - --- starting GetNextIdBlockCmd --------------------------------------------------------
10:47:16,530 [Thread-92] DEBUG org.activiti.engine.impl.persistence.entity.ExecutionEntity.insertExecution  - ==&gt; Parameters: 189(String), 189(String), null, idGeneratorDataSource:1:3(String), javaService(String), true(Boolean), false(Boolean), true(Boolean), false(Boolean), null, null, 1(Integer), 2(Integer), (String), null
10:47:16,530 [Thread-100] DEBUG org.apache.ibatis.transaction.jdbc.JdbcTransaction  - Opening JDBC Connection
10:47:16,530 [Thread-100] DEBUG org.apache.ibatis.datasource.pooled.PooledDataSource  - Checked out connection 1094226572 from pool.
10:47:16,530 [Thread-100] DEBUG org.apache.ibatis.transaction.jdbc.JdbcTransaction  - Setting autocommit to false on JDBC Connection [conn54: url=jdbc:h2:mem:activiti user=SA]
10:47:16,530 [Thread-92] DEBUG org.activiti.engine.impl.persistence.entity.ExecutionEntity.insertExecution  - &lt;==    Updates: 1
10:47:16,530 [Thread-92] DEBUG org.activiti.engine.impl.cfg.standalone.StandaloneMybatisTransactionContext  - firing event committing...
10:47:16,530 [Thread-92] DEBUG org.activiti.engine.impl.cfg.standalone.StandaloneMybatisTransactionContext  - committing the ibatis sql session...
10:47:16,530 [Thread-92] DEBUG org.apache.ibatis.transaction.jdbc.JdbcTransaction  - Committing JDBC Connection [conn55: url=jdbc:h2:mem:activiti user=SA]
10:47:16,530 [Thread-100] DEBUG org.activiti.engine.impl.persistence.entity.PropertyEntity.selectProperty  - ==&gt;  Preparing: select * from ACT_GE_PROPERTY where NAME_ = ? 
10:47:16,530 [Thread-92] DEBUG org.activiti.engine.impl.cfg.standalone.StandaloneMybatisTransactionContext  - firing event committed...
10:47:16,530 [Thread-92] DEBUG org.apache.ibatis.transaction.jdbc.JdbcTransaction  - Resetting autocommit to true on JDBC Connection [conn55: url=jdbc:h2:mem:activiti user=SA]
10:47:16,531 [Thread-92] DEBUG org.apache.ibatis.transaction.jdbc.JdbcTransaction  - Closing JDBC Connection [conn55: url=jdbc:h2:mem:activiti user=SA]
10:47:16,531 [Thread-92] DEBUG org.apache.ibatis.datasource.pooled.PooledDataSource  - Returned connection 14606730 to pool.
10:47:16,530 [Thread-100] DEBUG org.activiti.engine.impl.persistence.entity.PropertyEntity.selectProperty  - ==&gt; Parameters: next.dbid(String)
10:47:16,531 [Thread-88] DEBUG org.apache.ibatis.datasource.pooled.PooledDataSource  - Checked out connection 14606730 from pool.
10:47:16,531 [Thread-92] DEBUG org.activiti.engine.impl.interceptor.LogInterceptor  - --- StartProcessInstanceCmd finished --------------------------------------------------------
10:47:16,531 [Thread-92] DEBUG org.activiti.engine.impl.interceptor.LogInterceptor  - 

10:47:16,531 [Thread-92] DEBUG org.activiti.engine.impl.interceptor.LogInterceptor  - 

10:47:16,531 [Thread-92] DEBUG org.activiti.engine.impl.interceptor.LogInterceptor  - --- starting StartProcessInstanceCmd --------------------------------------------------------
10:47:16,531 [Thread-93] DEBUG org.apache.ibatis.datasource.pooled.PooledDataSource  - Waiting as long as 20000 milliseconds for connection.
10:47:16,531 [Thread-88] DEBUG org.apache.ibatis.transaction.jdbc.JdbcTransaction  - Setting autocommit to false on JDBC Connection [conn55: url=jdbc:h2:mem:activiti user=SA]
10:47:16,531 [Thread-100] DEBUG org.activiti.engine.impl.persistence.entity.PropertyEntity.selectProperty  - &lt;==      Total: 1
10:47:16,531 [Thread-88] DEBUG org.activiti.engine.impl.persistence.entity.ProcessDefinitionEntity.selectLatestProcessDefinitionByKey  - ==&gt;  Preparing: select * from ACT_RE_PROCDEF where KEY_ = ? and (TENANT_ID_ = &apos;&apos; or TENANT_ID_ is null) and VERSION_ = (select max(VERSION_) from ACT_RE_PROCDEF where KEY_ = ? and (TENANT_ID_ = &apos;&apos; or TENANT_ID_ is null)) 
10:47:16,531 [Thread-95] DEBUG org.apache.ibatis.datasource.pooled.PooledDataSource  - Waiting as long as 20000 milliseconds for connection.
10:47:16,531 [Thread-92] DEBUG org.apache.ibatis.transaction.jdbc.JdbcTransaction  - Opening JDBC Connection
10:47:16,531 [Thread-94] DEBUG org.apache.ibatis.datasource.pooled.PooledDataSource  - Waiting as long as 20000 milliseconds for connection.
10:47:16,531 [Thread-88] DEBUG org.activiti.engine.impl.persistence.entity.ProcessDefinitionEntity.selectLatestProcessDefinitionByKey  - ==&gt; Parameters: idGeneratorDataSource(String), idGeneratorDataSource(String)
10:47:16,531 [Thread-100] DEBUG org.activiti.engine.impl.db.DbSqlSession  -   update PropertyEntity[name=next.dbid, value=196]
10:47:16,531 [Thread-88] DEBUG org.activiti.engine.impl.persistence.entity.ProcessDefinitionEntity.selectLatestProcessDefinitionByKey  - &lt;==      Total: 1
10:47:16,531 [Thread-100] DEBUG org.activiti.engine.impl.db.DbSqlSession  - flush summary: 0 insert, 1 update, 0 delete.
10:47:16,531 [Thread-100] DEBUG org.activiti.engine.impl.db.DbSqlSession  - now executing flush...
10:47:16,531 [Thread-100] DEBUG org.activiti.engine.impl.db.DbSqlSession  - updating: PropertyEntity[name=next.dbid, value=196]
10:47:16,531 [Thread-97] DEBUG org.apache.ibatis.datasource.pooled.PooledDataSource  - Waiting as long as 20000 milliseconds for connection.
10:47:16,531 [Thread-100] DEBUG org.activiti.engine.impl.persistence.entity.PropertyEntity.updateProperty  - ==&gt;  Preparing: update ACT_GE_PROPERTY SET REV_ = ?, VALUE_ = ? where NAME_ = ? and REV_ = ? 
10:47:16,531 [Thread-85] DEBUG org.apache.ibatis.datasource.pooled.PooledDataSource  - Waiting as long as 20000 milliseconds for connection.
10:47:16,531 [Thread-100] DEBUG org.activiti.engine.impl.persistence.entity.PropertyEntity.updateProperty  - ==&gt; Parameters: 66(Integer), 196(String), next.dbid(String), 65(Integer)
10:47:16,531 [Thread-92] DEBUG org.apache.ibatis.datasource.pooled.PooledDataSource  - Waiting as long as 20000 milliseconds for connection.
10:47:16,531 [Thread-100] DEBUG org.activiti.engine.impl.persistence.entity.PropertyEntity.updateProperty  - &lt;==    Updates: 1
10:47:16,531 [Thread-100] DEBUG org.activiti.engine.impl.cfg.standalone.StandaloneMybatisTransactionContext  - firing event committing...
10:47:16,531 [Thread-100] DEBUG org.activiti.engine.impl.cfg.standalone.StandaloneMybatisTransactionContext  - committing the ibatis sql session...
10:47:16,531 [Thread-100] DEBUG org.apache.ibatis.transaction.jdbc.JdbcTransaction  - Committing JDBC Connection [conn54: url=jdbc:h2:mem:activiti user=SA]
10:47:16,531 [Thread-100] DEBUG org.activiti.engine.impl.cfg.standalone.StandaloneMybatisTransactionContext  - firing event committed...
10:47:16,531 [Thread-100] DEBUG org.apache.ibatis.transaction.jdbc.JdbcTransaction  - Resetting autocommit to true on JDBC Connection [conn54: url=jdbc:h2:mem:activiti user=SA]
10:47:16,531 [Thread-100] DEBUG org.apache.ibatis.transaction.jdbc.JdbcTransaction  - Closing JDBC Connection [conn54: url=jdbc:h2:mem:activiti user=SA]
10:47:16,532 [Thread-100] DEBUG org.apache.ibatis.datasource.pooled.PooledDataSource  - Returned connection 1094226572 to pool.
10:47:16,532 [Thread-100] DEBUG org.activiti.engine.impl.interceptor.LogInterceptor  - --- GetNextIdBlockCmd finished --------------------------------------------------------
10:47:16,532 [Thread-100] DEBUG org.activiti.engine.impl.interceptor.LogInterceptor  - 

10:47:16,532 [Thread-100] DEBUG org.activiti.engine.impl.persistence.entity.ExecutionEntity  - initializing ProcessInstance[193]
10:47:16,532 [Thread-100] DEBUG org.activiti.engine.impl.history.DefaultHistoryManager  - Current history level: FULL, level required: ACTIVITY
10:47:16,532 [Thread-88] DEBUG org.activiti.engine.impl.persistence.entity.ExecutionEntity  - initializing ProcessInstance[194]
10:47:16,532 [Thread-100] DEBUG org.activiti.engine.impl.pvm.runtime.AtomicOperationActivityExecute  - ProcessInstance[193] executes Activity(theStart): org.activiti.engine.impl.bpmn.behavior.NoneStartEventActivityBehavior
10:47:16,532 [Thread-88] DEBUG org.activiti.engine.impl.history.DefaultHistoryManager  - Current history level: FULL, level required: ACTIVITY
10:47:16,532 [Thread-100] DEBUG org.activiti.engine.impl.persistence.entity.JobEntity.selectJobsByExecutionId  - ==&gt;  Preparing: select * from ACT_RU_JOB J where J.EXECUTION_ID_ = ? 
10:47:16,532 [Thread-88] DEBUG org.activiti.engine.impl.interceptor.LogInterceptor  - 

10:47:16,532 [Thread-88] DEBUG org.activiti.engine.impl.interceptor.LogInterceptor  - --- starting GetNextIdBlockCmd --------------------------------------------------------
10:47:16,532 [Thread-100] DEBUG org.activiti.engine.impl.persistence.entity.JobEntity.selectJobsByExecutionId  - ==&gt; Parameters: 193(String)
10:47:16,532 [Thread-88] DEBUG org.apache.ibatis.transaction.jdbc.JdbcTransaction  - Opening JDBC Connection
10:47:16,532 [Thread-88] DEBUG org.apache.ibatis.datasource.pooled.PooledDataSource  - Checked out connection 1094226572 from pool.
10:47:16,532 [Thread-88] DEBUG org.apache.ibatis.transaction.jdbc.JdbcTransaction  - Setting autocommit to false on JDBC Connection [conn54: url=jdbc:h2:mem:activiti user=SA]
10:47:16,532 [Thread-100] DEBUG org.activiti.engine.impl.persistence.entity.JobEntity.selectJobsByExecutionId  - &lt;==      Total: 0
10:47:16,532 [Thread-100] DEBUG org.activiti.engine.impl.bpmn.behavior.BpmnActivityBehavior  - Leaving activity &apos;theStart&apos;
10:47:16,532 [Thread-88] DEBUG org.activiti.engine.impl.persistence.entity.PropertyEntity.selectProperty  - ==&gt;  Preparing: select * from ACT_GE_PROPERTY where NAME_ = ? 
10:47:16,532 [Thread-100] DEBUG org.activiti.engine.impl.history.DefaultHistoryManager  - Current history level: FULL, level required: ACTIVITY
10:47:16,532 [Thread-88] DEBUG org.activiti.engine.impl.persistence.entity.PropertyEntity.selectProperty  - ==&gt; Parameters: next.dbid(String)
10:47:16,532 [Thread-100] DEBUG org.activiti.engine.impl.pvm.runtime.AtomicOperationTransitionNotifyListenerTake  - ProcessInstance[193] takes transition (theStart)--flow1--&gt;(javaService)
10:47:16,532 [Thread-88] DEBUG org.activiti.engine.impl.persistence.entity.PropertyEntity.selectProperty  - &lt;==      Total: 1
10:47:16,532 [Thread-100] DEBUG org.activiti.engine.impl.history.DefaultHistoryManager  - Current history level: FULL, level required: ACTIVITY
10:47:16,532 [Thread-88] DEBUG org.activiti.engine.impl.db.DbSqlSession  -   update PropertyEntity[name=next.dbid, value=199]
10:47:16,532 [Thread-88] DEBUG org.activiti.engine.impl.db.DbSqlSession  - flush summary: 0 insert, 1 update, 0 delete.
10:47:16,532 [Thread-88] DEBUG org.activiti.engine.impl.db.DbSqlSession  - now executing flush...
10:47:16,532 [Thread-88] DEBUG org.activiti.engine.impl.db.DbSqlSession  - updating: PropertyEntity[name=next.dbid, value=199]
10:47:16,532 [Thread-88] DEBUG org.activiti.engine.impl.persistence.entity.PropertyEntity.updateProperty  - ==&gt;  Preparing: update ACT_GE_PROPERTY SET REV_ = ?, VALUE_ = ? where NAME_ = ? and REV_ = ? 
10:47:16,532 [Thread-88] DEBUG org.activiti.engine.impl.persistence.entity.PropertyEntity.updateProperty  - ==&gt; Parameters: 67(Integer), 199(String), next.dbid(String), 66(Integer)
10:47:16,532 [Thread-88] DEBUG org.activiti.engine.impl.persistence.entity.PropertyEntity.updateProperty  - &lt;==    Updates: 1
10:47:16,532 [Thread-88] DEBUG org.activiti.engine.impl.cfg.standalone.StandaloneMybatisTransactionContext  - firing event committing...
10:47:16,532 [Thread-88] DEBUG org.activiti.engine.impl.cfg.standalone.StandaloneMybatisTransactionContext  - committing the ibatis sql session...
10:47:16,532 [Thread-88] DEBUG org.apache.ibatis.transaction.jdbc.JdbcTransaction  - Committing JDBC Connection [conn54: url=jdbc:h2:mem:activiti user=SA]
10:47:16,532 [Thread-88] DEBUG org.activiti.engine.impl.cfg.standalone.StandaloneMybatisTransactionContext  - firing event committed...
10:47:16,532 [Thread-88] DEBUG org.apache.ibatis.transaction.jdbc.JdbcTransaction  - Resetting autocommit to true on JDBC Connection [conn54: url=jdbc:h2:mem:activiti user=SA]
10:47:16,532 [Thread-88] DEBUG org.apache.ibatis.transaction.jdbc.JdbcTransaction  - Closing JDBC Connection [conn54: url=jdbc:h2:mem:activiti user=SA]
10:47:16,533 [Thread-88] DEBUG org.apache.ibatis.datasource.pooled.PooledDataSource  - Returned connection 1094226572 to pool.
10:47:16,533 [Thread-88] DEBUG org.activiti.engine.impl.interceptor.LogInterceptor  - --- GetNextIdBlockCmd finished --------------------------------------------------------
10:47:16,533 [Thread-88] DEBUG org.activiti.engine.impl.interceptor.LogInterceptor  - 

10:47:16,533 [Thread-100] DEBUG org.activiti.engine.impl.pvm.runtime.AtomicOperationActivityExecute  - ProcessInstance[193] executes Activity(javaService): org.activiti.engine.impl.bpmn.helper.ClassDelegate
10:47:16,533 [Thread-88] DEBUG org.activiti.engine.impl.pvm.runtime.AtomicOperationActivityExecute  - ProcessInstance[194] executes Activity(theStart): org.activiti.engine.impl.bpmn.behavior.NoneStartEventActivityBehavior
10:47:16,533 [Thread-100] DEBUG org.activiti.engine.impl.db.DbSqlSession  -   insert ProcessInstance[193]
10:47:16,533 [Thread-100] DEBUG org.activiti.engine.impl.db.DbSqlSession  -   insert HistoricProcessInstanceEntity[superProcessInstanceId=null]
10:47:16,533 [Thread-100] DEBUG org.activiti.engine.impl.db.DbSqlSession  -   insert HistoricActivityInstanceEntity[activityId=theStart, activityName=null]
10:47:16,533 [Thread-100] DEBUG org.activiti.engine.impl.db.DbSqlSession  -   insert HistoricActivityInstanceEntity[activityId=javaService, activityName=Java service invocation]
10:47:16,533 [Thread-100] DEBUG org.activiti.engine.impl.db.DbSqlSession  - flush summary: 4 insert, 0 update, 0 delete.
10:47:16,533 [Thread-100] DEBUG org.activiti.engine.impl.db.DbSqlSession  - now executing flush...
10:47:16,533 [Thread-100] DEBUG org.activiti.engine.impl.db.DbSqlSession  - inserting: HistoricProcessInstanceEntity[superProcessInstanceId=null]
10:47:16,533 [Thread-88] DEBUG org.activiti.engine.impl.persistence.entity.JobEntity.selectJobsByExecutionId  - ==&gt;  Preparing: select * from ACT_RU_JOB J where J.EXECUTION_ID_ = ? 
10:47:16,533 [Thread-100] DEBUG org.activiti.engine.impl.persistence.entity.HistoricProcessInstanceEntity.insertHistoricProcessInstance  - ==&gt;  Preparing: insert into ACT_HI_PROCINST ( ID_, PROC_INST_ID_, BUSINESS_KEY_, PROC_DEF_ID_, START_TIME_, END_TIME_, DURATION_, START_USER_ID_, START_ACT_ID_, END_ACT_ID_, SUPER_PROCESS_INSTANCE_ID_, DELETE_REASON_, TENANT_ID_, NAME_ ) values ( ?, ?, ?, ?, ?, ?, ?, ?, ?, ?, ?, ?, ?, ? ) 
10:47:16,533 [Thread-88] DEBUG org.activiti.engine.impl.persistence.entity.JobEntity.selectJobsByExecutionId  - ==&gt; Parameters: 194(String)
10:47:16,533 [Thread-100] DEBUG org.activiti.engine.impl.persistence.entity.HistoricProcessInstanceEntity.insertHistoricProcessInstance  - ==&gt; Parameters: 193(String), 193(String), null, idGeneratorDataSource:1:3(String), 2015-01-01 00:00:00.0(Timestamp), null, null, null, theStart(String), null, null, null, (String), null
10:47:16,533 [Thread-88] DEBUG org.activiti.engine.impl.persistence.entity.JobEntity.selectJobsByExecutionId  - &lt;==      Total: 0
10:47:16,533 [Thread-88] DEBUG org.activiti.engine.impl.bpmn.behavior.BpmnActivityBehavior  - Leaving activity &apos;theStart&apos;
10:47:16,533 [Thread-100] DEBUG org.activiti.engine.impl.persistence.entity.HistoricProcessInstanceEntity.insertHistoricProcessInstance  - &lt;==    Updates: 1
10:47:16,533 [Thread-88] DEBUG org.activiti.engine.impl.history.DefaultHistoryManager  - Current history level: FULL, level required: ACTIVITY
10:47:16,533 [Thread-88] DEBUG org.activiti.engine.impl.pvm.runtime.AtomicOperationTransitionNotifyListenerTake  - ProcessInstance[194] takes transition (theStart)--flow1--&gt;(javaService)
10:47:16,533 [Thread-88] DEBUG org.activiti.engine.impl.history.DefaultHistoryManager  - Current history level: FULL, level required: ACTIVITY
10:47:16,533 [Thread-100] DEBUG org.activiti.engine.impl.persistence.entity.HistoricActivityInstanceEntity.bulkInsertHistoricActivityInstance  - ==&gt;  Preparing: insert into ACT_HI_ACTINST ( ID_, PROC_DEF_ID_, PROC_INST_ID_, EXECUTION_ID_, ACT_ID_, TASK_ID_, CALL_PROC_INST_ID_, ACT_NAME_, ACT_TYPE_, ASSIGNEE_, START_TIME_, END_TIME_, DURATION_, TENANT_ID_ ) values (?, ?, ?, ?, ?, ?, ?, ?, ?, ?, ?, ?, ?, ?) , (?, ?, ?, ?, ?, ?, ?, ?, ?, ?, ?, ?, ?, ?) 
10:47:16,533 [Thread-88] DEBUG org.activiti.engine.impl.pvm.runtime.AtomicOperationActivityExecute  - ProcessInstance[194] executes Activity(javaService): org.activiti.engine.impl.bpmn.helper.ClassDelegate
10:47:16,533 [Thread-100] DEBUG org.activiti.engine.impl.persistence.entity.HistoricActivityInstanceEntity.bulkInsertHistoricActivityInstance  - ==&gt; Parameters: 195(String), idGeneratorDataSource:1:3(String), 193(String), 193(String), theStart(String), null, null, null, startEvent(String), null, 2015-01-01 00:00:00.0(Timestamp), 2015-01-01 00:00:00.0(Timestamp), 0(Long), (String), 197(String), idGeneratorDataSource:1:3(String), 193(String), 193(String), javaService(String), null, null, Java service invocation(String), serviceTask(String), null, 2015-01-01 00:00:00.0(Timestamp), null, null, (String)
10:47:16,533 [Thread-88] DEBUG org.activiti.engine.impl.db.DbSqlSession  -   insert ProcessInstance[194]
10:47:16,533 [Thread-88] DEBUG org.activiti.engine.impl.db.DbSqlSession  -   insert HistoricProcessInstanceEntity[superProcessInstanceId=null]
10:47:16,533 [Thread-88] DEBUG org.activiti.engine.impl.db.DbSqlSession  -   insert HistoricActivityInstanceEntity[activityId=theStart, activityName=null]
10:47:16,533 [Thread-88] DEBUG org.activiti.engine.impl.db.DbSqlSession  -   insert HistoricActivityInstanceEntity[activityId=javaService, activityName=Java service invocation]
10:47:16,533 [Thread-88] DEBUG org.activiti.engine.impl.db.DbSqlSession  - flush summary: 4 insert, 0 update, 0 delete.
10:47:16,533 [Thread-88] DEBUG org.activiti.engine.impl.db.DbSqlSession  - now executing flush...
10:47:16,533 [Thread-88] DEBUG org.activiti.engine.impl.db.DbSqlSession  - inserting: HistoricProcessInstanceEntity[superProcessInstanceId=null]
10:47:16,533 [Thread-100] DEBUG org.activiti.engine.impl.persistence.entity.HistoricActivityInstanceEntity.bulkInsertHistoricActivityInstance  - &lt;==    Updates: 2
10:47:16,533 [Thread-100] DEBUG org.activiti.engine.impl.db.DbSqlSession  - inserting: ProcessInstance[193]
10:47:16,533 [Thread-88] DEBUG org.activiti.engine.impl.persistence.entity.HistoricProcessInstanceEntity.insertHistoricProcessInstance  - ==&gt;  Preparing: insert into ACT_HI_PROCINST ( ID_, PROC_INST_ID_, BUSINESS_KEY_, PROC_DEF_ID_, START_TIME_, END_TIME_, DURATION_, START_USER_ID_, START_ACT_ID_, END_ACT_ID_, SUPER_PROCESS_INSTANCE_ID_, DELETE_REASON_, TENANT_ID_, NAME_ ) values ( ?, ?, ?, ?, ?, ?, ?, ?, ?, ?, ?, ?, ?, ? ) 
10:47:16,533 [Thread-100] DEBUG org.activiti.engine.impl.persistence.entity.ExecutionEntity.insertExecution  - ==&gt;  Preparing: insert into ACT_RU_EXECUTION (ID_, REV_, PROC_INST_ID_, BUSINESS_KEY_, PROC_DEF_ID_, ACT_ID_, IS_ACTIVE_, IS_CONCURRENT_, IS_SCOPE_,IS_EVENT_SCOPE_, PARENT_ID_, SUPER_EXEC_, SUSPENSION_STATE_, CACHED_ENT_STATE_, TENANT_ID_, NAME_) values ( ?, 1, ?, ?, ?, ?, ?, ?, ?, ?, ?, ?, ?, ?, ?, ? ) 
10:47:16,534 [Thread-88] DEBUG org.activiti.engine.impl.persistence.entity.HistoricProcessInstanceEntity.insertHistoricProcessInstance  - ==&gt; Parameters: 194(String), 194(String), null, idGeneratorDataSource:1:3(String), 2015-01-01 00:00:00.0(Timestamp), null, null, null, theStart(String), null, null, null, (String), null
10:47:16,534 [Thread-100] DEBUG org.activiti.engine.impl.persistence.entity.ExecutionEntity.insertExecution  - ==&gt; Parameters: 193(String), 193(String), null, idGeneratorDataSource:1:3(String), javaService(String), true(Boolean), false(Boolean), true(Boolean), false(Boolean), null, null, 1(Integer), 2(Integer), (String), null
10:47:16,534 [Thread-100] DEBUG org.activiti.engine.impl.persistence.entity.ExecutionEntity.insertExecution  - &lt;==    Updates: 1
10:47:16,534 [Thread-100] DEBUG org.activiti.engine.impl.cfg.standalone.StandaloneMybatisTransactionContext  - firing event committing...
10:47:16,534 [Thread-100] DEBUG org.activiti.engine.impl.cfg.standalone.StandaloneMybatisTransactionContext  - committing the ibatis sql session...
10:47:16,534 [Thread-100] DEBUG org.apache.ibatis.transaction.jdbc.JdbcTransaction  - Committing JDBC Connection [conn53: url=jdbc:h2:mem:activiti user=SA]
10:47:16,534 [Thread-100] DEBUG org.activiti.engine.impl.cfg.standalone.StandaloneMybatisTransactionContext  - firing event committed...
10:47:16,534 [Thread-100] DEBUG org.apache.ibatis.transaction.jdbc.JdbcTransaction  - Resetting autocommit to true on JDBC Connection [conn53: url=jdbc:h2:mem:activiti user=SA]
10:47:16,534 [Thread-100] DEBUG org.apache.ibatis.transaction.jdbc.JdbcTransaction  - Closing JDBC Connection [conn53: url=jdbc:h2:mem:activiti user=SA]
10:47:16,534 [Thread-100] DEBUG org.apache.ibatis.datasource.pooled.PooledDataSource  - Returned connection 826925275 to pool.
10:47:16,534 [Thread-88] DEBUG org.activiti.engine.impl.persistence.entity.HistoricProcessInstanceEntity.insertHistoricProcessInstance  - &lt;==    Updates: 1
10:47:16,534 [Thread-92] DEBUG org.apache.ibatis.datasource.pooled.PooledDataSource  - Checked out connection 826925275 from pool.
10:47:16,534 [Thread-100] DEBUG org.activiti.engine.impl.interceptor.LogInterceptor  - --- StartProcessInstanceCmd finished --------------------------------------------------------
10:47:16,534 [Thread-100] DEBUG org.activiti.engine.impl.interceptor.LogInterceptor  - 

10:47:16,534 [Thread-100] DEBUG org.activiti.engine.impl.interceptor.LogInterceptor  - 

10:47:16,534 [Thread-100] DEBUG org.activiti.engine.impl.interceptor.LogInterceptor  - --- starting StartProcessInstanceCmd --------------------------------------------------------
10:47:16,534 [Thread-85] DEBUG org.apache.ibatis.datasource.pooled.PooledDataSource  - Waiting as long as 20000 milliseconds for connection.
10:47:16,534 [Thread-92] DEBUG org.apache.ibatis.transaction.jdbc.JdbcTransaction  - Setting autocommit to false on JDBC Connection [conn53: url=jdbc:h2:mem:activiti user=SA]
10:47:16,534 [Thread-97] DEBUG org.apache.ibatis.datasource.pooled.PooledDataSource  - Waiting as long as 20000 milliseconds for connection.
10:47:16,534 [Thread-100] DEBUG org.apache.ibatis.transaction.jdbc.JdbcTransaction  - Opening JDBC Connection
10:47:16,534 [Thread-88] DEBUG org.activiti.engine.impl.persistence.entity.HistoricActivityInstanceEntity.bulkInsertHistoricActivityInstance  - ==&gt;  Preparing: insert into ACT_HI_ACTINST ( ID_, PROC_DEF_ID_, PROC_INST_ID_, EXECUTION_ID_, ACT_ID_, TASK_ID_, CALL_PROC_INST_ID_, ACT_NAME_, ACT_TYPE_, ASSIGNEE_, START_TIME_, END_TIME_, DURATION_, TENANT_ID_ ) values (?, ?, ?, ?, ?, ?, ?, ?, ?, ?, ?, ?, ?, ?) , (?, ?, ?, ?, ?, ?, ?, ?, ?, ?, ?, ?, ?, ?) 
10:47:16,534 [Thread-94] DEBUG org.apache.ibatis.datasource.pooled.PooledDataSource  - Waiting as long as 20000 milliseconds for connection.
10:47:16,534 [Thread-92] DEBUG org.activiti.engine.impl.persistence.entity.ProcessDefinitionEntity.selectLatestProcessDefinitionByKey  - ==&gt;  Preparing: select * from ACT_RE_PROCDEF where KEY_ = ? and (TENANT_ID_ = &apos;&apos; or TENANT_ID_ is null) and VERSION_ = (select max(VERSION_) from ACT_RE_PROCDEF where KEY_ = ? and (TENANT_ID_ = &apos;&apos; or TENANT_ID_ is null)) 
10:47:16,534 [Thread-95] DEBUG org.apache.ibatis.datasource.pooled.PooledDataSource  - Waiting as long as 20000 milliseconds for connection.
10:47:16,534 [Thread-88] DEBUG org.activiti.engine.impl.persistence.entity.HistoricActivityInstanceEntity.bulkInsertHistoricActivityInstance  - ==&gt; Parameters: 196(String), idGeneratorDataSource:1:3(String), 194(String), 194(String), theStart(String), null, null, null, startEvent(String), null, 2015-01-01 00:00:00.0(Timestamp), 2015-01-01 00:00:00.0(Timestamp), 0(Long), (String), 198(String), idGeneratorDataSource:1:3(String), 194(String), 194(String), javaService(String), null, null, Java service invocation(String), serviceTask(String), null, 2015-01-01 00:00:00.0(Timestamp), null, null, (String)
10:47:16,534 [Thread-93] DEBUG org.apache.ibatis.datasource.pooled.PooledDataSource  - Waiting as long as 20000 milliseconds for connection.
10:47:16,534 [Thread-92] DEBUG org.activiti.engine.impl.persistence.entity.ProcessDefinitionEntity.selectLatestProcessDefinitionByKey  - ==&gt; Parameters: idGeneratorDataSource(String), idGeneratorDataSource(String)
10:47:16,534 [Thread-100] DEBUG org.apache.ibatis.datasource.pooled.PooledDataSource  - Waiting as long as 20000 milliseconds for connection.
10:47:16,534 [Thread-92] DEBUG org.activiti.engine.impl.persistence.entity.ProcessDefinitionEntity.selectLatestProcessDefinitionByKey  - &lt;==      Total: 1
10:47:16,534 [Thread-88] DEBUG org.activiti.engine.impl.persistence.entity.HistoricActivityInstanceEntity.bulkInsertHistoricActivityInstance  - &lt;==    Updates: 2
10:47:16,535 [Thread-88] DEBUG org.activiti.engine.impl.db.DbSqlSession  - inserting: ProcessInstance[194]
10:47:16,534 [Thread-92] DEBUG org.activiti.engine.impl.interceptor.LogInterceptor  - 

10:47:16,535 [Thread-92] DEBUG org.activiti.engine.impl.interceptor.LogInterceptor  - --- starting GetNextIdBlockCmd --------------------------------------------------------
10:47:16,535 [Thread-88] DEBUG org.activiti.engine.impl.persistence.entity.ExecutionEntity.insertExecution  - ==&gt;  Preparing: insert into ACT_RU_EXECUTION (ID_, REV_, PROC_INST_ID_, BUSINESS_KEY_, PROC_DEF_ID_, ACT_ID_, IS_ACTIVE_, IS_CONCURRENT_, IS_SCOPE_,IS_EVENT_SCOPE_, PARENT_ID_, SUPER_EXEC_, SUSPENSION_STATE_, CACHED_ENT_STATE_, TENANT_ID_, NAME_) values ( ?, 1, ?, ?, ?, ?, ?, ?, ?, ?, ?, ?, ?, ?, ?, ? ) 
10:47:16,535 [Thread-92] DEBUG org.apache.ibatis.transaction.jdbc.JdbcTransaction  - Opening JDBC Connection
10:47:16,535 [Thread-92] DEBUG org.apache.ibatis.datasource.pooled.PooledDataSource  - Checked out connection 1094226572 from pool.
10:47:16,535 [Thread-92] DEBUG org.apache.ibatis.transaction.jdbc.JdbcTransaction  - Setting autocommit to false on JDBC Connection [conn54: url=jdbc:h2:mem:activiti user=SA]
10:47:16,535 [Thread-92] DEBUG org.activiti.engine.impl.persistence.entity.PropertyEntity.selectProperty  - ==&gt;  Preparing: select * from ACT_GE_PROPERTY where NAME_ = ? 
10:47:16,535 [Thread-88] DEBUG org.activiti.engine.impl.persistence.entity.ExecutionEntity.insertExecution  - ==&gt; Parameters: 194(String), 194(String), null, idGeneratorDataSource:1:3(String), javaService(String), true(Boolean), false(Boolean), true(Boolean), false(Boolean), null, null, 1(Integer), 2(Integer), (String), null
10:47:16,535 [Thread-92] DEBUG org.activiti.engine.impl.persistence.entity.PropertyEntity.selectProperty  - ==&gt; Parameters: next.dbid(String)
10:47:16,535 [Thread-88] DEBUG org.activiti.engine.impl.persistence.entity.ExecutionEntity.insertExecution  - &lt;==    Updates: 1
10:47:16,535 [Thread-88] DEBUG org.activiti.engine.impl.cfg.standalone.StandaloneMybatisTransactionContext  - firing event committing...
10:47:16,535 [Thread-88] DEBUG org.activiti.engine.impl.cfg.standalone.StandaloneMybatisTransactionContext  - committing the ibatis sql session...
10:47:16,535 [Thread-88] DEBUG org.apache.ibatis.transaction.jdbc.JdbcTransaction  - Committing JDBC Connection [conn55: url=jdbc:h2:mem:activiti user=SA]
10:47:16,535 [Thread-92] DEBUG org.activiti.engine.impl.persistence.entity.PropertyEntity.selectProperty  - &lt;==      Total: 1
10:47:16,535 [Thread-88] DEBUG org.activiti.engine.impl.cfg.standalone.StandaloneMybatisTransactionContext  - firing event committed...
10:47:16,535 [Thread-88] DEBUG org.apache.ibatis.transaction.jdbc.JdbcTransaction  - Resetting autocommit to true on JDBC Connection [conn55: url=jdbc:h2:mem:activiti user=SA]
10:47:16,535 [Thread-88] DEBUG org.apache.ibatis.transaction.jdbc.JdbcTransaction  - Closing JDBC Connection [conn55: url=jdbc:h2:mem:activiti user=SA]
10:47:16,535 [Thread-88] DEBUG org.apache.ibatis.datasource.pooled.PooledDataSource  - Returned connection 14606730 to pool.
10:47:16,535 [Thread-92] DEBUG org.activiti.engine.impl.db.DbSqlSession  -   update PropertyEntity[name=next.dbid, value=202]
10:47:16,535 [Thread-92] DEBUG org.activiti.engine.impl.db.DbSqlSession  - flush summary: 0 insert, 1 update, 0 delete.
10:47:16,535 [Thread-92] DEBUG org.activiti.engine.impl.db.DbSqlSession  - now executing flush...
10:47:16,535 [Thread-92] DEBUG org.activiti.engine.impl.db.DbSqlSession  - updating: PropertyEntity[name=next.dbid, value=202]
10:47:16,535 [Thread-100] DEBUG org.apache.ibatis.datasource.pooled.PooledDataSource  - Checked out connection 14606730 from pool.
10:47:16,535 [Thread-100] DEBUG org.apache.ibatis.transaction.jdbc.JdbcTransaction  - Setting autocommit to false on JDBC Connection [conn55: url=jdbc:h2:mem:activiti user=SA]
10:47:16,535 [Thread-88] DEBUG org.activiti.engine.impl.interceptor.LogInterceptor  - --- StartProcessInstanceCmd finished --------------------------------------------------------
10:47:16,535 [Thread-88] DEBUG org.activiti.engine.impl.interceptor.LogInterceptor  - 

10:47:16,535 [Thread-88] DEBUG org.activiti.engine.impl.interceptor.LogInterceptor  - 

10:47:16,535 [Thread-88] DEBUG org.activiti.engine.impl.interceptor.LogInterceptor  - --- starting StartProcessInstanceCmd --------------------------------------------------------
10:47:16,535 [Thread-100] DEBUG org.activiti.engine.impl.persistence.entity.ProcessDefinitionEntity.selectLatestProcessDefinitionByKey  - ==&gt;  Preparing: select * from ACT_RE_PROCDEF where KEY_ = ? and (TENANT_ID_ = &apos;&apos; or TENANT_ID_ is null) and VERSION_ = (select max(VERSION_) from ACT_RE_PROCDEF where KEY_ = ? and (TENANT_ID_ = &apos;&apos; or TENANT_ID_ is null)) 
10:47:16,535 [Thread-93] DEBUG org.apache.ibatis.datasource.pooled.PooledDataSource  - Waiting as long as 20000 milliseconds for connection.
10:47:16,535 [Thread-92] DEBUG org.activiti.engine.impl.persistence.entity.PropertyEntity.updateProperty  - ==&gt;  Preparing: update ACT_GE_PROPERTY SET REV_ = ?, VALUE_ = ? where NAME_ = ? and REV_ = ? 
10:47:16,535 [Thread-95] DEBUG org.apache.ibatis.datasource.pooled.PooledDataSource  - Waiting as long as 20000 milliseconds for connection.
10:47:16,535 [Thread-100] DEBUG org.activiti.engine.impl.persistence.entity.ProcessDefinitionEntity.selectLatestProcessDefinitionByKey  - ==&gt; Parameters: idGeneratorDataSource(String), idGeneratorDataSource(String)
10:47:16,535 [Thread-88] DEBUG org.apache.ibatis.transaction.jdbc.JdbcTransaction  - Opening JDBC Connection
10:47:16,536 [Thread-100] DEBUG org.activiti.engine.impl.persistence.entity.ProcessDefinitionEntity.selectLatestProcessDefinitionByKey  - &lt;==      Total: 1
10:47:16,535 [Thread-94] DEBUG org.apache.ibatis.datasource.pooled.PooledDataSource  - Waiting as long as 20000 milliseconds for connection.
10:47:16,535 [Thread-92] DEBUG org.activiti.engine.impl.persistence.entity.PropertyEntity.updateProperty  - ==&gt; Parameters: 68(Integer), 202(String), next.dbid(String), 67(Integer)
10:47:16,536 [Thread-97] DEBUG org.apache.ibatis.datasource.pooled.PooledDataSource  - Waiting as long as 20000 milliseconds for connection.
10:47:16,536 [Thread-92] DEBUG org.activiti.engine.impl.persistence.entity.PropertyEntity.updateProperty  - &lt;==    Updates: 1
10:47:16,536 [Thread-92] DEBUG org.activiti.engine.impl.cfg.standalone.StandaloneMybatisTransactionContext  - firing event committing...
10:47:16,536 [Thread-92] DEBUG org.activiti.engine.impl.cfg.standalone.StandaloneMybatisTransactionContext  - committing the ibatis sql session...
10:47:16,536 [Thread-92] DEBUG org.apache.ibatis.transaction.jdbc.JdbcTransaction  - Committing JDBC Connection [conn54: url=jdbc:h2:mem:activiti user=SA]
10:47:16,536 [Thread-92] DEBUG org.activiti.engine.impl.cfg.standalone.StandaloneMybatisTransactionContext  - firing event committed...
10:47:16,536 [Thread-92] DEBUG org.apache.ibatis.transaction.jdbc.JdbcTransaction  - Resetting autocommit to true on JDBC Connection [conn54: url=jdbc:h2:mem:activiti user=SA]
10:47:16,536 [Thread-92] DEBUG org.apache.ibatis.transaction.jdbc.JdbcTransaction  - Closing JDBC Connection [conn54: url=jdbc:h2:mem:activiti user=SA]
10:47:16,536 [Thread-92] DEBUG org.apache.ibatis.datasource.pooled.PooledDataSource  - Returned connection 1094226572 to pool.
10:47:16,536 [Thread-92] DEBUG org.activiti.engine.impl.interceptor.LogInterceptor  - --- GetNextIdBlockCmd finished --------------------------------------------------------
10:47:16,536 [Thread-92] DEBUG org.activiti.engine.impl.interceptor.LogInterceptor  - 

10:47:16,536 [Thread-85] DEBUG org.apache.ibatis.datasource.pooled.PooledDataSource  - Waiting as long as 20000 milliseconds for connection.
10:47:16,536 [Thread-100] DEBUG org.activiti.engine.impl.persistence.entity.ExecutionEntity  - initializing ProcessInstance[200]
10:47:16,536 [Thread-92] DEBUG org.activiti.engine.impl.persistence.entity.ExecutionEntity  - initializing ProcessInstance[199]
10:47:16,536 [Thread-100] DEBUG org.activiti.engine.impl.history.DefaultHistoryManager  - Current history level: FULL, level required: ACTIVITY
10:47:16,536 [Thread-88] DEBUG org.apache.ibatis.datasource.pooled.PooledDataSource  - Waiting as long as 20000 milliseconds for connection.
10:47:16,536 [Thread-100] DEBUG org.activiti.engine.impl.pvm.runtime.AtomicOperationActivityExecute  - ProcessInstance[200] executes Activity(theStart): org.activiti.engine.impl.bpmn.behavior.NoneStartEventActivityBehavior
10:47:16,536 [Thread-92] DEBUG org.activiti.engine.impl.history.DefaultHistoryManager  - Current history level: FULL, level required: ACTIVITY
10:47:16,536 [Thread-100] DEBUG org.activiti.engine.impl.persistence.entity.JobEntity.selectJobsByExecutionId  - ==&gt;  Preparing: select * from ACT_RU_JOB J where J.EXECUTION_ID_ = ? 
10:47:16,536 [Thread-92] DEBUG org.activiti.engine.impl.interceptor.LogInterceptor  - 

10:47:16,536 [Thread-92] DEBUG org.activiti.engine.impl.interceptor.LogInterceptor  - --- starting GetNextIdBlockCmd --------------------------------------------------------
10:47:16,536 [Thread-100] DEBUG org.activiti.engine.impl.persistence.entity.JobEntity.selectJobsByExecutionId  - ==&gt; Parameters: 200(String)
10:47:16,536 [Thread-92] DEBUG org.apache.ibatis.transaction.jdbc.JdbcTransaction  - Opening JDBC Connection
10:47:16,536 [Thread-92] DEBUG org.apache.ibatis.datasource.pooled.PooledDataSource  - Checked out connection 1094226572 from pool.
10:47:16,536 [Thread-92] DEBUG org.apache.ibatis.transaction.jdbc.JdbcTransaction  - Setting autocommit to false on JDBC Connection [conn54: url=jdbc:h2:mem:activiti user=SA]
10:47:16,536 [Thread-92] DEBUG org.activiti.engine.impl.persistence.entity.PropertyEntity.selectProperty  - ==&gt;  Preparing: select * from ACT_GE_PROPERTY where NAME_ = ? 
10:47:16,536 [Thread-100] DEBUG org.activiti.engine.impl.persistence.entity.JobEntity.selectJobsByExecutionId  - &lt;==      Total: 0
10:47:16,536 [Thread-92] DEBUG org.activiti.engine.impl.persistence.entity.PropertyEntity.selectProperty  - ==&gt; Parameters: next.dbid(String)
10:47:16,536 [Thread-100] DEBUG org.activiti.engine.impl.bpmn.behavior.BpmnActivityBehavior  - Leaving activity &apos;theStart&apos;
10:47:16,536 [Thread-92] DEBUG org.activiti.engine.impl.persistence.entity.PropertyEntity.selectProperty  - &lt;==      Total: 1
10:47:16,537 [Thread-100] DEBUG org.activiti.engine.impl.history.DefaultHistoryManager  - Current history level: FULL, level required: ACTIVITY
10:47:16,537 [Thread-92] DEBUG org.activiti.engine.impl.db.DbSqlSession  -   update PropertyEntity[name=next.dbid, value=205]
10:47:16,537 [Thread-92] DEBUG org.activiti.engine.impl.db.DbSqlSession  - flush summary: 0 insert, 1 update, 0 delete.
10:47:16,537 [Thread-92] DEBUG org.activiti.engine.impl.db.DbSqlSession  - now executing flush...
10:47:16,537 [Thread-92] DEBUG org.activiti.engine.impl.db.DbSqlSession  - updating: PropertyEntity[name=next.dbid, value=205]
10:47:16,537 [Thread-100] DEBUG org.activiti.engine.impl.pvm.runtime.AtomicOperationTransitionNotifyListenerTake  - ProcessInstance[200] takes transition (theStart)--flow1--&gt;(javaService)
10:47:16,537 [Thread-92] DEBUG org.activiti.engine.impl.persistence.entity.PropertyEntity.updateProperty  - ==&gt;  Preparing: update ACT_GE_PROPERTY SET REV_ = ?, VALUE_ = ? where NAME_ = ? and REV_ = ? 
10:47:16,537 [Thread-100] DEBUG org.activiti.engine.impl.history.DefaultHistoryManager  - Current history level: FULL, level required: ACTIVITY
10:47:16,537 [Thread-92] DEBUG org.activiti.engine.impl.persistence.entity.PropertyEntity.updateProperty  - ==&gt; Parameters: 69(Integer), 205(String), next.dbid(String), 68(Integer)
10:47:16,537 [Thread-92] DEBUG org.activiti.engine.impl.persistence.entity.PropertyEntity.updateProperty  - &lt;==    Updates: 1
10:47:16,537 [Thread-92] DEBUG org.activiti.engine.impl.cfg.standalone.StandaloneMybatisTransactionContext  - firing event committing...
10:47:16,537 [Thread-92] DEBUG org.activiti.engine.impl.cfg.standalone.StandaloneMybatisTransactionContext  - committing the ibatis sql session...
10:47:16,537 [Thread-92] DEBUG org.apache.ibatis.transaction.jdbc.JdbcTransaction  - Committing JDBC Connection [conn54: url=jdbc:h2:mem:activiti user=SA]
10:47:16,537 [Thread-92] DEBUG org.activiti.engine.impl.cfg.standalone.StandaloneMybatisTransactionContext  - firing event committed...
10:47:16,537 [Thread-92] DEBUG org.apache.ibatis.transaction.jdbc.JdbcTransaction  - Resetting autocommit to true on JDBC Connection [conn54: url=jdbc:h2:mem:activiti user=SA]
10:47:16,537 [Thread-92] DEBUG org.apache.ibatis.transaction.jdbc.JdbcTransaction  - Closing JDBC Connection [conn54: url=jdbc:h2:mem:activiti user=SA]
10:47:16,537 [Thread-92] DEBUG org.apache.ibatis.datasource.pooled.PooledDataSource  - Returned connection 1094226572 to pool.
10:47:16,537 [Thread-92] DEBUG org.activiti.engine.impl.interceptor.LogInterceptor  - --- GetNextIdBlockCmd finished --------------------------------------------------------
10:47:16,537 [Thread-92] DEBUG org.activiti.engine.impl.interceptor.LogInterceptor  - 

10:47:16,537 [Thread-100] DEBUG org.activiti.engine.impl.pvm.runtime.AtomicOperationActivityExecute  - ProcessInstance[200] executes Activity(javaService): org.activiti.engine.impl.bpmn.helper.ClassDelegate
10:47:16,537 [Thread-92] DEBUG org.activiti.engine.impl.pvm.runtime.AtomicOperationActivityExecute  - ProcessInstance[199] executes Activity(theStart): org.activiti.engine.impl.bpmn.behavior.NoneStartEventActivityBehavior
10:47:16,537 [Thread-100] DEBUG org.activiti.engine.impl.db.DbSqlSession  -   insert ProcessInstance[200]
10:47:16,537 [Thread-100] DEBUG org.activiti.engine.impl.db.DbSqlSession  -   insert HistoricProcessInstanceEntity[superProcessInstanceId=null]
10:47:16,537 [Thread-100] DEBUG org.activiti.engine.impl.db.DbSqlSession  -   insert HistoricActivityInstanceEntity[activityId=theStart, activityName=null]
10:47:16,537 [Thread-100] DEBUG org.activiti.engine.impl.db.DbSqlSession  -   insert HistoricActivityInstanceEntity[activityId=javaService, activityName=Java service invocation]
10:47:16,537 [Thread-100] DEBUG org.activiti.engine.impl.db.DbSqlSession  - flush summary: 4 insert, 0 update, 0 delete.
10:47:16,537 [Thread-100] DEBUG org.activiti.engine.impl.db.DbSqlSession  - now executing flush...
10:47:16,537 [Thread-100] DEBUG org.activiti.engine.impl.db.DbSqlSession  - inserting: HistoricProcessInstanceEntity[superProcessInstanceId=null]
10:47:16,537 [Thread-92] DEBUG org.activiti.engine.impl.persistence.entity.JobEntity.selectJobsByExecutionId  - ==&gt;  Preparing: select * from ACT_RU_JOB J where J.EXECUTION_ID_ = ? 
10:47:16,537 [Thread-100] DEBUG org.activiti.engine.impl.persistence.entity.HistoricProcessInstanceEntity.insertHistoricProcessInstance  - ==&gt;  Preparing: insert into ACT_HI_PROCINST ( ID_, PROC_INST_ID_, BUSINESS_KEY_, PROC_DEF_ID_, START_TIME_, END_TIME_, DURATION_, START_USER_ID_, START_ACT_ID_, END_ACT_ID_, SUPER_PROCESS_INSTANCE_ID_, DELETE_REASON_, TENANT_ID_, NAME_ ) values ( ?, ?, ?, ?, ?, ?, ?, ?, ?, ?, ?, ?, ?, ? ) 
10:47:16,537 [Thread-92] DEBUG org.activiti.engine.impl.persistence.entity.JobEntity.selectJobsByExecutionId  - ==&gt; Parameters: 199(String)
10:47:16,537 [Thread-100] DEBUG org.activiti.engine.impl.persistence.entity.HistoricProcessInstanceEntity.insertHistoricProcessInstance  - ==&gt; Parameters: 200(String), 200(String), null, idGeneratorDataSource:1:3(String), 2015-01-01 00:00:00.0(Timestamp), null, null, null, theStart(String), null, null, null, (String), null
10:47:16,537 [Thread-92] DEBUG org.activiti.engine.impl.persistence.entity.JobEntity.selectJobsByExecutionId  - &lt;==      Total: 0
10:47:16,538 [Thread-92] DEBUG org.activiti.engine.impl.bpmn.behavior.BpmnActivityBehavior  - Leaving activity &apos;theStart&apos;
10:47:16,538 [Thread-100] DEBUG org.activiti.engine.impl.persistence.entity.HistoricProcessInstanceEntity.insertHistoricProcessInstance  - &lt;==    Updates: 1
10:47:16,538 [Thread-92] DEBUG org.activiti.engine.impl.history.DefaultHistoryManager  - Current history level: FULL, level required: ACTIVITY
10:47:16,538 [Thread-92] DEBUG org.activiti.engine.impl.pvm.runtime.AtomicOperationTransitionNotifyListenerTake  - ProcessInstance[199] takes transition (theStart)--flow1--&gt;(javaService)
10:47:16,538 [Thread-92] DEBUG org.activiti.engine.impl.history.DefaultHistoryManager  - Current history level: FULL, level required: ACTIVITY
10:47:16,538 [Thread-100] DEBUG org.activiti.engine.impl.persistence.entity.HistoricActivityInstanceEntity.bulkInsertHistoricActivityInstance  - ==&gt;  Preparing: insert into ACT_HI_ACTINST ( ID_, PROC_DEF_ID_, PROC_INST_ID_, EXECUTION_ID_, ACT_ID_, TASK_ID_, CALL_PROC_INST_ID_, ACT_NAME_, ACT_TYPE_, ASSIGNEE_, START_TIME_, END_TIME_, DURATION_, TENANT_ID_ ) values (?, ?, ?, ?, ?, ?, ?, ?, ?, ?, ?, ?, ?, ?) , (?, ?, ?, ?, ?, ?, ?, ?, ?, ?, ?, ?, ?, ?) 
10:47:16,538 [Thread-92] DEBUG org.activiti.engine.impl.pvm.runtime.AtomicOperationActivityExecute  - ProcessInstance[199] executes Activity(javaService): org.activiti.engine.impl.bpmn.helper.ClassDelegate
10:47:16,538 [Thread-92] DEBUG org.activiti.engine.impl.db.DbSqlSession  -   insert ProcessInstance[199]
10:47:16,538 [Thread-92] DEBUG org.activiti.engine.impl.db.DbSqlSession  -   insert HistoricProcessInstanceEntity[superProcessInstanceId=null]
10:47:16,538 [Thread-92] DEBUG org.activiti.engine.impl.db.DbSqlSession  -   insert HistoricActivityInstanceEntity[activityId=theStart, activityName=null]
10:47:16,538 [Thread-92] DEBUG org.activiti.engine.impl.db.DbSqlSession  -   insert HistoricActivityInstanceEntity[activityId=javaService, activityName=Java service invocation]
10:47:16,538 [Thread-92] DEBUG org.activiti.engine.impl.db.DbSqlSession  - flush summary: 4 insert, 0 update, 0 delete.
10:47:16,538 [Thread-92] DEBUG org.activiti.engine.impl.db.DbSqlSession  - now executing flush...
10:47:16,538 [Thread-92] DEBUG org.activiti.engine.impl.db.DbSqlSession  - inserting: HistoricProcessInstanceEntity[superProcessInstanceId=null]
10:47:16,538 [Thread-100] DEBUG org.activiti.engine.impl.persistence.entity.HistoricActivityInstanceEntity.bulkInsertHistoricActivityInstance  - ==&gt; Parameters: 201(String), idGeneratorDataSource:1:3(String), 200(String), 200(String), theStart(String), null, null, null, startEvent(String), null, 2015-01-01 00:00:00.0(Timestamp), 2015-01-01 00:00:00.0(Timestamp), 0(Long), (String), 203(String), idGeneratorDataSource:1:3(String), 200(String), 200(String), javaService(String), null, null, Java service invocation(String), serviceTask(String), null, 2015-01-01 00:00:00.0(Timestamp), null, null, (String)
10:47:16,538 [Thread-92] DEBUG org.activiti.engine.impl.persistence.entity.HistoricProcessInstanceEntity.insertHistoricProcessInstance  - ==&gt;  Preparing: insert into ACT_HI_PROCINST ( ID_, PROC_INST_ID_, BUSINESS_KEY_, PROC_DEF_ID_, START_TIME_, END_TIME_, DURATION_, START_USER_ID_, START_ACT_ID_, END_ACT_ID_, SUPER_PROCESS_INSTANCE_ID_, DELETE_REASON_, TENANT_ID_, NAME_ ) values ( ?, ?, ?, ?, ?, ?, ?, ?, ?, ?, ?, ?, ?, ? ) 
10:47:16,538 [Thread-100] DEBUG org.activiti.engine.impl.persistence.entity.HistoricActivityInstanceEntity.bulkInsertHistoricActivityInstance  - &lt;==    Updates: 2
10:47:16,538 [Thread-92] DEBUG org.activiti.engine.impl.persistence.entity.HistoricProcessInstanceEntity.insertHistoricProcessInstance  - ==&gt; Parameters: 199(String), 199(String), null, idGeneratorDataSource:1:3(String), 2015-01-01 00:00:00.0(Timestamp), null, null, null, theStart(String), null, null, null, (String), null
10:47:16,538 [Thread-100] DEBUG org.activiti.engine.impl.db.DbSqlSession  - inserting: ProcessInstance[200]
10:47:16,538 [Thread-100] DEBUG org.activiti.engine.impl.persistence.entity.ExecutionEntity.insertExecution  - ==&gt;  Preparing: insert into ACT_RU_EXECUTION (ID_, REV_, PROC_INST_ID_, BUSINESS_KEY_, PROC_DEF_ID_, ACT_ID_, IS_ACTIVE_, IS_CONCURRENT_, IS_SCOPE_,IS_EVENT_SCOPE_, PARENT_ID_, SUPER_EXEC_, SUSPENSION_STATE_, CACHED_ENT_STATE_, TENANT_ID_, NAME_) values ( ?, 1, ?, ?, ?, ?, ?, ?, ?, ?, ?, ?, ?, ?, ?, ? ) 
10:47:16,538 [Thread-100] DEBUG org.activiti.engine.impl.persistence.entity.ExecutionEntity.insertExecution  - ==&gt; Parameters: 200(String), 200(String), null, idGeneratorDataSource:1:3(String), javaService(String), true(Boolean), false(Boolean), true(Boolean), false(Boolean), null, null, 1(Integer), 2(Integer), (String), null
10:47:16,538 [Thread-100] DEBUG org.activiti.engine.impl.persistence.entity.ExecutionEntity.insertExecution  - &lt;==    Updates: 1
10:47:16,538 [Thread-100] DEBUG org.activiti.engine.impl.cfg.standalone.StandaloneMybatisTransactionContext  - firing event committing...
10:47:16,538 [Thread-100] DEBUG org.activiti.engine.impl.cfg.standalone.StandaloneMybatisTransactionContext  - committing the ibatis sql session...
10:47:16,538 [Thread-100] DEBUG org.apache.ibatis.transaction.jdbc.JdbcTransaction  - Committing JDBC Connection [conn55: url=jdbc:h2:mem:activiti user=SA]
10:47:16,538 [Thread-100] DEBUG org.activiti.engine.impl.cfg.standalone.StandaloneMybatisTransactionContext  - firing event committed...
10:47:16,538 [Thread-100] DEBUG org.apache.ibatis.transaction.jdbc.JdbcTransaction  - Resetting autocommit to true on JDBC Connection [conn55: url=jdbc:h2:mem:activiti user=SA]
10:47:16,538 [Thread-100] DEBUG org.apache.ibatis.transaction.jdbc.JdbcTransaction  - Closing JDBC Connection [conn55: url=jdbc:h2:mem:activiti user=SA]
10:47:16,538 [Thread-92] DEBUG org.activiti.engine.impl.persistence.entity.HistoricProcessInstanceEntity.insertHistoricProcessInstance  - &lt;==    Updates: 1
10:47:16,538 [Thread-100] DEBUG org.apache.ibatis.datasource.pooled.PooledDataSource  - Returned connection 14606730 to pool.
10:47:16,538 [Thread-100] DEBUG org.activiti.engine.impl.interceptor.LogInterceptor  - --- StartProcessInstanceCmd finished --------------------------------------------------------
10:47:16,538 [Thread-100] DEBUG org.activiti.engine.impl.interceptor.LogInterceptor  - 

10:47:16,538 [Thread-100] DEBUG org.activiti.engine.impl.interceptor.LogInterceptor  - 

10:47:16,538 [Thread-100] DEBUG org.activiti.engine.impl.interceptor.LogInterceptor  - --- starting StartProcessInstanceCmd --------------------------------------------------------
10:47:16,538 [Thread-88] DEBUG org.apache.ibatis.datasource.pooled.PooledDataSource  - Checked out connection 14606730 from pool.
10:47:16,539 [Thread-100] DEBUG org.apache.ibatis.transaction.jdbc.JdbcTransaction  - Opening JDBC Connection
10:47:16,538 [Thread-92] DEBUG org.activiti.engine.impl.persistence.entity.HistoricActivityInstanceEntity.bulkInsertHistoricActivityInstance  - ==&gt;  Preparing: insert into ACT_HI_ACTINST ( ID_, PROC_DEF_ID_, PROC_INST_ID_, EXECUTION_ID_, ACT_ID_, TASK_ID_, CALL_PROC_INST_ID_, ACT_NAME_, ACT_TYPE_, ASSIGNEE_, START_TIME_, END_TIME_, DURATION_, TENANT_ID_ ) values (?, ?, ?, ?, ?, ?, ?, ?, ?, ?, ?, ?, ?, ?) , (?, ?, ?, ?, ?, ?, ?, ?, ?, ?, ?, ?, ?, ?) 
10:47:16,539 [Thread-85] DEBUG org.apache.ibatis.datasource.pooled.PooledDataSource  - Waiting as long as 20000 milliseconds for connection.
10:47:16,539 [Thread-88] DEBUG org.apache.ibatis.transaction.jdbc.JdbcTransaction  - Setting autocommit to false on JDBC Connection [conn55: url=jdbc:h2:mem:activiti user=SA]
10:47:16,539 [Thread-92] DEBUG org.activiti.engine.impl.persistence.entity.HistoricActivityInstanceEntity.bulkInsertHistoricActivityInstance  - ==&gt; Parameters: 202(String), idGeneratorDataSource:1:3(String), 199(String), 199(String), theStart(String), null, null, null, startEvent(String), null, 2015-01-01 00:00:00.0(Timestamp), 2015-01-01 00:00:00.0(Timestamp), 0(Long), (String), 204(String), idGeneratorDataSource:1:3(String), 199(String), 199(String), javaService(String), null, null, Java service invocation(String), serviceTask(String), null, 2015-01-01 00:00:00.0(Timestamp), null, null, (String)
10:47:16,539 [Thread-97] DEBUG org.apache.ibatis.datasource.pooled.PooledDataSource  - Waiting as long as 20000 milliseconds for connection.
10:47:16,539 [Thread-92] DEBUG org.activiti.engine.impl.persistence.entity.HistoricActivityInstanceEntity.bulkInsertHistoricActivityInstance  - &lt;==    Updates: 2
10:47:16,539 [Thread-92] DEBUG org.activiti.engine.impl.db.DbSqlSession  - inserting: ProcessInstance[199]
10:47:16,539 [Thread-88] DEBUG org.activiti.engine.impl.persistence.entity.ProcessDefinitionEntity.selectLatestProcessDefinitionByKey  - ==&gt;  Preparing: select * from ACT_RE_PROCDEF where KEY_ = ? and (TENANT_ID_ = &apos;&apos; or TENANT_ID_ is null) and VERSION_ = (select max(VERSION_) from ACT_RE_PROCDEF where KEY_ = ? and (TENANT_ID_ = &apos;&apos; or TENANT_ID_ is null)) 
10:47:16,539 [Thread-92] DEBUG org.activiti.engine.impl.persistence.entity.ExecutionEntity.insertExecution  - ==&gt;  Preparing: insert into ACT_RU_EXECUTION (ID_, REV_, PROC_INST_ID_, BUSINESS_KEY_, PROC_DEF_ID_, ACT_ID_, IS_ACTIVE_, IS_CONCURRENT_, IS_SCOPE_,IS_EVENT_SCOPE_, PARENT_ID_, SUPER_EXEC_, SUSPENSION_STATE_, CACHED_ENT_STATE_, TENANT_ID_, NAME_) values ( ?, 1, ?, ?, ?, ?, ?, ?, ?, ?, ?, ?, ?, ?, ?, ? ) 
10:47:16,539 [Thread-94] DEBUG org.apache.ibatis.datasource.pooled.PooledDataSource  - Waiting as long as 20000 milliseconds for connection.
10:47:16,539 [Thread-92] DEBUG org.activiti.engine.impl.persistence.entity.ExecutionEntity.insertExecution  - ==&gt; Parameters: 199(String), 199(String), null, idGeneratorDataSource:1:3(String), javaService(String), true(Boolean), false(Boolean), true(Boolean), false(Boolean), null, null, 1(Integer), 2(Integer), (String), null
10:47:16,539 [Thread-88] DEBUG org.activiti.engine.impl.persistence.entity.ProcessDefinitionEntity.selectLatestProcessDefinitionByKey  - ==&gt; Parameters: idGeneratorDataSource(String), idGeneratorDataSource(String)
10:47:16,539 [Thread-92] DEBUG org.activiti.engine.impl.persistence.entity.ExecutionEntity.insertExecution  - &lt;==    Updates: 1
10:47:16,539 [Thread-92] DEBUG org.activiti.engine.impl.cfg.standalone.StandaloneMybatisTransactionContext  - firing event committing...
10:47:16,539 [Thread-92] DEBUG org.activiti.engine.impl.cfg.standalone.StandaloneMybatisTransactionContext  - committing the ibatis sql session...
10:47:16,539 [Thread-92] DEBUG org.apache.ibatis.transaction.jdbc.JdbcTransaction  - Committing JDBC Connection [conn53: url=jdbc:h2:mem:activiti user=SA]
10:47:16,539 [Thread-92] DEBUG org.activiti.engine.impl.cfg.standalone.StandaloneMybatisTransactionContext  - firing event committed...
10:47:16,539 [Thread-92] DEBUG org.apache.ibatis.transaction.jdbc.JdbcTransaction  - Resetting autocommit to true on JDBC Connection [conn53: url=jdbc:h2:mem:activiti user=SA]
10:47:16,539 [Thread-92] DEBUG org.apache.ibatis.transaction.jdbc.JdbcTransaction  - Closing JDBC Connection [conn53: url=jdbc:h2:mem:activiti user=SA]
10:47:16,539 [Thread-95] DEBUG org.apache.ibatis.datasource.pooled.PooledDataSource  - Waiting as long as 20000 milliseconds for connection.
10:47:16,539 [Thread-88] DEBUG org.activiti.engine.impl.persistence.entity.ProcessDefinitionEntity.selectLatestProcessDefinitionByKey  - &lt;==      Total: 1
10:47:16,539 [Thread-93] DEBUG org.apache.ibatis.datasource.pooled.PooledDataSource  - Waiting as long as 20000 milliseconds for connection.
10:47:16,539 [Thread-88] DEBUG org.activiti.engine.impl.interceptor.LogInterceptor  - 

10:47:16,539 [Thread-88] DEBUG org.activiti.engine.impl.interceptor.LogInterceptor  - --- starting GetNextIdBlockCmd --------------------------------------------------------
10:47:16,539 [Thread-92] DEBUG org.apache.ibatis.datasource.pooled.PooledDataSource  - Returned connection 826925275 to pool.
10:47:16,539 [Thread-88] DEBUG org.apache.ibatis.transaction.jdbc.JdbcTransaction  - Opening JDBC Connection
10:47:16,539 [Thread-88] DEBUG org.apache.ibatis.datasource.pooled.PooledDataSource  - Checked out connection 1094226572 from pool.
10:47:16,539 [Thread-88] DEBUG org.apache.ibatis.transaction.jdbc.JdbcTransaction  - Setting autocommit to false on JDBC Connection [conn54: url=jdbc:h2:mem:activiti user=SA]
10:47:16,539 [Thread-100] DEBUG org.apache.ibatis.datasource.pooled.PooledDataSource  - Checked out connection 826925275 from pool.
10:47:16,539 [Thread-92] DEBUG org.activiti.engine.impl.interceptor.LogInterceptor  - --- StartProcessInstanceCmd finished --------------------------------------------------------
10:47:16,539 [Thread-92] DEBUG org.activiti.engine.impl.interceptor.LogInterceptor  - 

10:47:16,539 [Thread-92] DEBUG org.activiti.engine.impl.interceptor.LogInterceptor  - 

10:47:16,539 [Thread-92] DEBUG org.activiti.engine.impl.interceptor.LogInterceptor  - --- starting StartProcessInstanceCmd --------------------------------------------------------
10:47:16,539 [Thread-93] DEBUG org.apache.ibatis.datasource.pooled.PooledDataSource  - Waiting as long as 20000 milliseconds for connection.
10:47:16,539 [Thread-100] DEBUG org.apache.ibatis.transaction.jdbc.JdbcTransaction  - Setting autocommit to false on JDBC Connection [conn53: url=jdbc:h2:mem:activiti user=SA]
10:47:16,539 [Thread-88] DEBUG org.activiti.engine.impl.persistence.entity.PropertyEntity.selectProperty  - ==&gt;  Preparing: select * from ACT_GE_PROPERTY where NAME_ = ? 
10:47:16,540 [Thread-100] DEBUG org.activiti.engine.impl.persistence.entity.ProcessDefinitionEntity.selectLatestProcessDefinitionByKey  - ==&gt;  Preparing: select * from ACT_RE_PROCDEF where KEY_ = ? and (TENANT_ID_ = &apos;&apos; or TENANT_ID_ is null) and VERSION_ = (select max(VERSION_) from ACT_RE_PROCDEF where KEY_ = ? and (TENANT_ID_ = &apos;&apos; or TENANT_ID_ is null)) 
10:47:16,540 [Thread-95] DEBUG org.apache.ibatis.datasource.pooled.PooledDataSource  - Waiting as long as 20000 milliseconds for connection.
10:47:16,540 [Thread-92] DEBUG org.apache.ibatis.transaction.jdbc.JdbcTransaction  - Opening JDBC Connection
10:47:16,540 [Thread-94] DEBUG org.apache.ibatis.datasource.pooled.PooledDataSource  - Waiting as long as 20000 milliseconds for connection.
10:47:16,540 [Thread-100] DEBUG org.activiti.engine.impl.persistence.entity.ProcessDefinitionEntity.selectLatestProcessDefinitionByKey  - ==&gt; Parameters: idGeneratorDataSource(String), idGeneratorDataSource(String)
10:47:16,540 [Thread-88] DEBUG org.activiti.engine.impl.persistence.entity.PropertyEntity.selectProperty  - ==&gt; Parameters: next.dbid(String)
10:47:16,540 [Thread-100] DEBUG org.activiti.engine.impl.persistence.entity.ProcessDefinitionEntity.selectLatestProcessDefinitionByKey  - &lt;==      Total: 1
10:47:16,540 [Thread-88] DEBUG org.activiti.engine.impl.persistence.entity.PropertyEntity.selectProperty  - &lt;==      Total: 1
10:47:16,540 [Thread-97] DEBUG org.apache.ibatis.datasource.pooled.PooledDataSource  - Waiting as long as 20000 milliseconds for connection.
10:47:16,540 [Thread-88] DEBUG org.activiti.engine.impl.db.DbSqlSession  -   update PropertyEntity[name=next.dbid, value=208]
10:47:16,540 [Thread-88] DEBUG org.activiti.engine.impl.db.DbSqlSession  - flush summary: 0 insert, 1 update, 0 delete.
10:47:16,540 [Thread-88] DEBUG org.activiti.engine.impl.db.DbSqlSession  - now executing flush...
10:47:16,540 [Thread-88] DEBUG org.activiti.engine.impl.db.DbSqlSession  - updating: PropertyEntity[name=next.dbid, value=208]
10:47:16,540 [Thread-85] DEBUG org.apache.ibatis.datasource.pooled.PooledDataSource  - Waiting as long as 20000 milliseconds for connection.
10:47:16,540 [Thread-88] DEBUG org.activiti.engine.impl.persistence.entity.PropertyEntity.updateProperty  - ==&gt;  Preparing: update ACT_GE_PROPERTY SET REV_ = ?, VALUE_ = ? where NAME_ = ? and REV_ = ? 
10:47:16,540 [Thread-92] DEBUG org.apache.ibatis.datasource.pooled.PooledDataSource  - Waiting as long as 20000 milliseconds for connection.
10:47:16,540 [Thread-88] DEBUG org.activiti.engine.impl.persistence.entity.PropertyEntity.updateProperty  - ==&gt; Parameters: 70(Integer), 208(String), next.dbid(String), 69(Integer)
10:47:16,540 [Thread-88] DEBUG org.activiti.engine.impl.persistence.entity.PropertyEntity.updateProperty  - &lt;==    Updates: 1
10:47:16,540 [Thread-88] DEBUG org.activiti.engine.impl.cfg.standalone.StandaloneMybatisTransactionContext  - firing event committing...
10:47:16,540 [Thread-88] DEBUG org.activiti.engine.impl.cfg.standalone.StandaloneMybatisTransactionContext  - committing the ibatis sql session...
10:47:16,540 [Thread-88] DEBUG org.apache.ibatis.transaction.jdbc.JdbcTransaction  - Committing JDBC Connection [conn54: url=jdbc:h2:mem:activiti user=SA]
10:47:16,540 [Thread-88] DEBUG org.activiti.engine.impl.cfg.standalone.StandaloneMybatisTransactionContext  - firing event committed...
10:47:16,540 [Thread-88] DEBUG org.apache.ibatis.transaction.jdbc.JdbcTransaction  - Resetting autocommit to true on JDBC Connection [conn54: url=jdbc:h2:mem:activiti user=SA]
10:47:16,540 [Thread-88] DEBUG org.apache.ibatis.transaction.jdbc.JdbcTransaction  - Closing JDBC Connection [conn54: url=jdbc:h2:mem:activiti user=SA]
10:47:16,540 [Thread-88] DEBUG org.apache.ibatis.datasource.pooled.PooledDataSource  - Returned connection 1094226572 to pool.
10:47:16,540 [Thread-88] DEBUG org.activiti.engine.impl.interceptor.LogInterceptor  - --- GetNextIdBlockCmd finished --------------------------------------------------------
10:47:16,540 [Thread-88] DEBUG org.activiti.engine.impl.interceptor.LogInterceptor  - 

10:47:16,540 [Thread-88] DEBUG org.activiti.engine.impl.persistence.entity.ExecutionEntity  - initializing ProcessInstance[205]
10:47:16,540 [Thread-88] DEBUG org.activiti.engine.impl.history.DefaultHistoryManager  - Current history level: FULL, level required: ACTIVITY
10:47:16,540 [Thread-100] DEBUG org.activiti.engine.impl.persistence.entity.ExecutionEntity  - initializing ProcessInstance[206]
10:47:16,540 [Thread-88] DEBUG org.activiti.engine.impl.pvm.runtime.AtomicOperationActivityExecute  - ProcessInstance[205] executes Activity(theStart): org.activiti.engine.impl.bpmn.behavior.NoneStartEventActivityBehavior
10:47:16,540 [Thread-100] DEBUG org.activiti.engine.impl.history.DefaultHistoryManager  - Current history level: FULL, level required: ACTIVITY
10:47:16,541 [Thread-100] DEBUG org.activiti.engine.impl.interceptor.LogInterceptor  - 

10:47:16,541 [Thread-100] DEBUG org.activiti.engine.impl.interceptor.LogInterceptor  - --- starting GetNextIdBlockCmd --------------------------------------------------------
10:47:16,540 [Thread-88] DEBUG org.activiti.engine.impl.persistence.entity.JobEntity.selectJobsByExecutionId  - ==&gt;  Preparing: select * from ACT_RU_JOB J where J.EXECUTION_ID_ = ? 
10:47:16,541 [Thread-100] DEBUG org.apache.ibatis.transaction.jdbc.JdbcTransaction  - Opening JDBC Connection
10:47:16,541 [Thread-100] DEBUG org.apache.ibatis.datasource.pooled.PooledDataSource  - Checked out connection 1094226572 from pool.
10:47:16,541 [Thread-100] DEBUG org.apache.ibatis.transaction.jdbc.JdbcTransaction  - Setting autocommit to false on JDBC Connection [conn54: url=jdbc:h2:mem:activiti user=SA]
10:47:16,541 [Thread-100] DEBUG org.activiti.engine.impl.persistence.entity.PropertyEntity.selectProperty  - ==&gt;  Preparing: select * from ACT_GE_PROPERTY where NAME_ = ? 
10:47:16,541 [Thread-88] DEBUG org.activiti.engine.impl.persistence.entity.JobEntity.selectJobsByExecutionId  - ==&gt; Parameters: 205(String)
10:47:16,541 [Thread-100] DEBUG org.activiti.engine.impl.persistence.entity.PropertyEntity.selectProperty  - ==&gt; Parameters: next.dbid(String)
10:47:16,541 [Thread-88] DEBUG org.activiti.engine.impl.persistence.entity.JobEntity.selectJobsByExecutionId  - &lt;==      Total: 0
10:47:16,541 [Thread-88] DEBUG org.activiti.engine.impl.bpmn.behavior.BpmnActivityBehavior  - Leaving activity &apos;theStart&apos;
10:47:16,541 [Thread-100] DEBUG org.activiti.engine.impl.persistence.entity.PropertyEntity.selectProperty  - &lt;==      Total: 1
10:47:16,541 [Thread-88] DEBUG org.activiti.engine.impl.history.DefaultHistoryManager  - Current history level: FULL, level required: ACTIVITY
10:47:16,541 [Thread-100] DEBUG org.activiti.engine.impl.db.DbSqlSession  -   update PropertyEntity[name=next.dbid, value=211]
10:47:16,541 [Thread-100] DEBUG org.activiti.engine.impl.db.DbSqlSession  - flush summary: 0 insert, 1 update, 0 delete.
10:47:16,541 [Thread-100] DEBUG org.activiti.engine.impl.db.DbSqlSession  - now executing flush...
10:47:16,541 [Thread-100] DEBUG org.activiti.engine.impl.db.DbSqlSession  - updating: PropertyEntity[name=next.dbid, value=211]
10:47:16,541 [Thread-88] DEBUG org.activiti.engine.impl.pvm.runtime.AtomicOperationTransitionNotifyListenerTake  - ProcessInstance[205] takes transition (theStart)--flow1--&gt;(javaService)
10:47:16,541 [Thread-100] DEBUG org.activiti.engine.impl.persistence.entity.PropertyEntity.updateProperty  - ==&gt;  Preparing: update ACT_GE_PROPERTY SET REV_ = ?, VALUE_ = ? where NAME_ = ? and REV_ = ? 
10:47:16,541 [Thread-88] DEBUG org.activiti.engine.impl.history.DefaultHistoryManager  - Current history level: FULL, level required: ACTIVITY
10:47:16,541 [Thread-100] DEBUG org.activiti.engine.impl.persistence.entity.PropertyEntity.updateProperty  - ==&gt; Parameters: 71(Integer), 211(String), next.dbid(String), 70(Integer)
10:47:16,541 [Thread-100] DEBUG org.activiti.engine.impl.persistence.entity.PropertyEntity.updateProperty  - &lt;==    Updates: 1
10:47:16,541 [Thread-100] DEBUG org.activiti.engine.impl.cfg.standalone.StandaloneMybatisTransactionContext  - firing event committing...
10:47:16,541 [Thread-100] DEBUG org.activiti.engine.impl.cfg.standalone.StandaloneMybatisTransactionContext  - committing the ibatis sql session...
10:47:16,541 [Thread-100] DEBUG org.apache.ibatis.transaction.jdbc.JdbcTransaction  - Committing JDBC Connection [conn54: url=jdbc:h2:mem:activiti user=SA]
10:47:16,541 [Thread-100] DEBUG org.activiti.engine.impl.cfg.standalone.StandaloneMybatisTransactionContext  - firing event committed...
10:47:16,541 [Thread-100] DEBUG org.apache.ibatis.transaction.jdbc.JdbcTransaction  - Resetting autocommit to true on JDBC Connection [conn54: url=jdbc:h2:mem:activiti user=SA]
10:47:16,541 [Thread-100] DEBUG org.apache.ibatis.transaction.jdbc.JdbcTransaction  - Closing JDBC Connection [conn54: url=jdbc:h2:mem:activiti user=SA]
10:47:16,541 [Thread-100] DEBUG org.apache.ibatis.datasource.pooled.PooledDataSource  - Returned connection 1094226572 to pool.
10:47:16,541 [Thread-100] DEBUG org.activiti.engine.impl.interceptor.LogInterceptor  - --- GetNextIdBlockCmd finished --------------------------------------------------------
10:47:16,541 [Thread-100] DEBUG org.activiti.engine.impl.interceptor.LogInterceptor  - 

10:47:16,541 [Thread-88] DEBUG org.activiti.engine.impl.pvm.runtime.AtomicOperationActivityExecute  - ProcessInstance[205] executes Activity(javaService): org.activiti.engine.impl.bpmn.helper.ClassDelegate
10:47:16,541 [Thread-100] DEBUG org.activiti.engine.impl.pvm.runtime.AtomicOperationActivityExecute  - ProcessInstance[206] executes Activity(theStart): org.activiti.engine.impl.bpmn.behavior.NoneStartEventActivityBehavior
10:47:16,541 [Thread-88] DEBUG org.activiti.engine.impl.db.DbSqlSession  -   insert ProcessInstance[205]
10:47:16,541 [Thread-88] DEBUG org.activiti.engine.impl.db.DbSqlSession  -   insert HistoricProcessInstanceEntity[superProcessInstanceId=null]
10:47:16,541 [Thread-88] DEBUG org.activiti.engine.impl.db.DbSqlSession  -   insert HistoricActivityInstanceEntity[activityId=theStart, activityName=null]
10:47:16,541 [Thread-88] DEBUG org.activiti.engine.impl.db.DbSqlSession  -   insert HistoricActivityInstanceEntity[activityId=javaService, activityName=Java service invocation]
10:47:16,541 [Thread-88] DEBUG org.activiti.engine.impl.db.DbSqlSession  - flush summary: 4 insert, 0 update, 0 delete.
10:47:16,541 [Thread-88] DEBUG org.activiti.engine.impl.db.DbSqlSession  - now executing flush...
10:47:16,541 [Thread-88] DEBUG org.activiti.engine.impl.db.DbSqlSession  - inserting: HistoricProcessInstanceEntity[superProcessInstanceId=null]
10:47:16,541 [Thread-100] DEBUG org.activiti.engine.impl.persistence.entity.JobEntity.selectJobsByExecutionId  - ==&gt;  Preparing: select * from ACT_RU_JOB J where J.EXECUTION_ID_ = ? 
10:47:16,542 [Thread-88] DEBUG org.activiti.engine.impl.persistence.entity.HistoricProcessInstanceEntity.insertHistoricProcessInstance  - ==&gt;  Preparing: insert into ACT_HI_PROCINST ( ID_, PROC_INST_ID_, BUSINESS_KEY_, PROC_DEF_ID_, START_TIME_, END_TIME_, DURATION_, START_USER_ID_, START_ACT_ID_, END_ACT_ID_, SUPER_PROCESS_INSTANCE_ID_, DELETE_REASON_, TENANT_ID_, NAME_ ) values ( ?, ?, ?, ?, ?, ?, ?, ?, ?, ?, ?, ?, ?, ? ) 
10:47:16,542 [Thread-100] DEBUG org.activiti.engine.impl.persistence.entity.JobEntity.selectJobsByExecutionId  - ==&gt; Parameters: 206(String)
10:47:16,542 [Thread-88] DEBUG org.activiti.engine.impl.persistence.entity.HistoricProcessInstanceEntity.insertHistoricProcessInstance  - ==&gt; Parameters: 205(String), 205(String), null, idGeneratorDataSource:1:3(String), 2015-01-01 00:00:00.0(Timestamp), null, null, null, theStart(String), null, null, null, (String), null
10:47:16,542 [Thread-100] DEBUG org.activiti.engine.impl.persistence.entity.JobEntity.selectJobsByExecutionId  - &lt;==      Total: 0
10:47:16,542 [Thread-100] DEBUG org.activiti.engine.impl.bpmn.behavior.BpmnActivityBehavior  - Leaving activity &apos;theStart&apos;
10:47:16,542 [Thread-88] DEBUG org.activiti.engine.impl.persistence.entity.HistoricProcessInstanceEntity.insertHistoricProcessInstance  - &lt;==    Updates: 1
10:47:16,542 [Thread-100] DEBUG org.activiti.engine.impl.history.DefaultHistoryManager  - Current history level: FULL, level required: ACTIVITY
10:47:16,542 [Thread-100] DEBUG org.activiti.engine.impl.pvm.runtime.AtomicOperationTransitionNotifyListenerTake  - ProcessInstance[206] takes transition (theStart)--flow1--&gt;(javaService)
10:47:16,542 [Thread-100] DEBUG org.activiti.engine.impl.history.DefaultHistoryManager  - Current history level: FULL, level required: ACTIVITY
10:47:16,542 [Thread-100] DEBUG org.activiti.engine.impl.pvm.runtime.AtomicOperationActivityExecute  - ProcessInstance[206] executes Activity(javaService): org.activiti.engine.impl.bpmn.helper.ClassDelegate
10:47:16,542 [Thread-88] DEBUG org.activiti.engine.impl.persistence.entity.HistoricActivityInstanceEntity.bulkInsertHistoricActivityInstance  - ==&gt;  Preparing: insert into ACT_HI_ACTINST ( ID_, PROC_DEF_ID_, PROC_INST_ID_, EXECUTION_ID_, ACT_ID_, TASK_ID_, CALL_PROC_INST_ID_, ACT_NAME_, ACT_TYPE_, ASSIGNEE_, START_TIME_, END_TIME_, DURATION_, TENANT_ID_ ) values (?, ?, ?, ?, ?, ?, ?, ?, ?, ?, ?, ?, ?, ?) , (?, ?, ?, ?, ?, ?, ?, ?, ?, ?, ?, ?, ?, ?) 
10:47:16,542 [Thread-100] DEBUG org.activiti.engine.impl.db.DbSqlSession  -   insert ProcessInstance[206]
10:47:16,542 [Thread-100] DEBUG org.activiti.engine.impl.db.DbSqlSession  -   insert HistoricProcessInstanceEntity[superProcessInstanceId=null]
10:47:16,542 [Thread-88] DEBUG org.activiti.engine.impl.persistence.entity.HistoricActivityInstanceEntity.bulkInsertHistoricActivityInstance  - ==&gt; Parameters: 207(String), idGeneratorDataSource:1:3(String), 205(String), 205(String), theStart(String), null, null, null, startEvent(String), null, 2015-01-01 00:00:00.0(Timestamp), 2015-01-01 00:00:00.0(Timestamp), 0(Long), (String), 209(String), idGeneratorDataSource:1:3(String), 205(String), 205(String), javaService(String), null, null, Java service invocation(String), serviceTask(String), null, 2015-01-01 00:00:00.0(Timestamp), null, null, (String)
10:47:16,542 [Thread-100] DEBUG org.activiti.engine.impl.db.DbSqlSession  -   insert HistoricActivityInstanceEntity[activityId=theStart, activityName=null]
10:47:16,542 [Thread-100] DEBUG org.activiti.engine.impl.db.DbSqlSession  -   insert HistoricActivityInstanceEntity[activityId=javaService, activityName=Java service invocation]
10:47:16,542 [Thread-100] DEBUG org.activiti.engine.impl.db.DbSqlSession  - flush summary: 4 insert, 0 update, 0 delete.
10:47:16,542 [Thread-100] DEBUG org.activiti.engine.impl.db.DbSqlSession  - now executing flush...
10:47:16,542 [Thread-100] DEBUG org.activiti.engine.impl.db.DbSqlSession  - inserting: HistoricProcessInstanceEntity[superProcessInstanceId=null]
10:47:16,542 [Thread-88] DEBUG org.activiti.engine.impl.persistence.entity.HistoricActivityInstanceEntity.bulkInsertHistoricActivityInstance  - &lt;==    Updates: 2
10:47:16,542 [Thread-88] DEBUG org.activiti.engine.impl.db.DbSqlSession  - inserting: ProcessInstance[205]
10:47:16,542 [Thread-100] DEBUG org.activiti.engine.impl.persistence.entity.HistoricProcessInstanceEntity.insertHistoricProcessInstance  - ==&gt;  Preparing: insert into ACT_HI_PROCINST ( ID_, PROC_INST_ID_, BUSINESS_KEY_, PROC_DEF_ID_, START_TIME_, END_TIME_, DURATION_, START_USER_ID_, START_ACT_ID_, END_ACT_ID_, SUPER_PROCESS_INSTANCE_ID_, DELETE_REASON_, TENANT_ID_, NAME_ ) values ( ?, ?, ?, ?, ?, ?, ?, ?, ?, ?, ?, ?, ?, ? ) 
10:47:16,542 [Thread-88] DEBUG org.activiti.engine.impl.persistence.entity.ExecutionEntity.insertExecution  - ==&gt;  Preparing: insert into ACT_RU_EXECUTION (ID_, REV_, PROC_INST_ID_, BUSINESS_KEY_, PROC_DEF_ID_, ACT_ID_, IS_ACTIVE_, IS_CONCURRENT_, IS_SCOPE_,IS_EVENT_SCOPE_, PARENT_ID_, SUPER_EXEC_, SUSPENSION_STATE_, CACHED_ENT_STATE_, TENANT_ID_, NAME_) values ( ?, 1, ?, ?, ?, ?, ?, ?, ?, ?, ?, ?, ?, ?, ?, ? ) 
10:47:16,542 [Thread-100] DEBUG org.activiti.engine.impl.persistence.entity.HistoricProcessInstanceEntity.insertHistoricProcessInstance  - ==&gt; Parameters: 206(String), 206(String), null, idGeneratorDataSource:1:3(String), 2015-01-01 00:00:00.0(Timestamp), null, null, null, theStart(String), null, null, null, (String), null
10:47:16,542 [Thread-88] DEBUG org.activiti.engine.impl.persistence.entity.ExecutionEntity.insertExecution  - ==&gt; Parameters: 205(String), 205(String), null, idGeneratorDataSource:1:3(String), javaService(String), true(Boolean), false(Boolean), true(Boolean), false(Boolean), null, null, 1(Integer), 2(Integer), (String), null
10:47:16,542 [Thread-88] DEBUG org.activiti.engine.impl.persistence.entity.ExecutionEntity.insertExecution  - &lt;==    Updates: 1
10:47:16,542 [Thread-88] DEBUG org.activiti.engine.impl.cfg.standalone.StandaloneMybatisTransactionContext  - firing event committing...
10:47:16,542 [Thread-88] DEBUG org.activiti.engine.impl.cfg.standalone.StandaloneMybatisTransactionContext  - committing the ibatis sql session...
10:47:16,542 [Thread-88] DEBUG org.apache.ibatis.transaction.jdbc.JdbcTransaction  - Committing JDBC Connection [conn55: url=jdbc:h2:mem:activiti user=SA]
10:47:16,542 [Thread-88] DEBUG org.activiti.engine.impl.cfg.standalone.StandaloneMybatisTransactionContext  - firing event committed...
10:47:16,542 [Thread-88] DEBUG org.apache.ibatis.transaction.jdbc.JdbcTransaction  - Resetting autocommit to true on JDBC Connection [conn55: url=jdbc:h2:mem:activiti user=SA]
10:47:16,542 [Thread-88] DEBUG org.apache.ibatis.transaction.jdbc.JdbcTransaction  - Closing JDBC Connection [conn55: url=jdbc:h2:mem:activiti user=SA]
10:47:16,542 [Thread-88] DEBUG org.apache.ibatis.datasource.pooled.PooledDataSource  - Returned connection 14606730 to pool.
10:47:16,542 [Thread-100] DEBUG org.activiti.engine.impl.persistence.entity.HistoricProcessInstanceEntity.insertHistoricProcessInstance  - &lt;==    Updates: 1
10:47:16,542 [Thread-92] DEBUG org.apache.ibatis.datasource.pooled.PooledDataSource  - Checked out connection 14606730 from pool.
10:47:16,542 [Thread-88] DEBUG org.activiti.engine.impl.interceptor.LogInterceptor  - --- StartProcessInstanceCmd finished --------------------------------------------------------
10:47:16,542 [Thread-85] DEBUG org.apache.ibatis.datasource.pooled.PooledDataSource  - Waiting as long as 20000 milliseconds for connection.
10:47:16,542 [Thread-100] DEBUG org.activiti.engine.impl.persistence.entity.HistoricActivityInstanceEntity.bulkInsertHistoricActivityInstance  - ==&gt;  Preparing: insert into ACT_HI_ACTINST ( ID_, PROC_DEF_ID_, PROC_INST_ID_, EXECUTION_ID_, ACT_ID_, TASK_ID_, CALL_PROC_INST_ID_, ACT_NAME_, ACT_TYPE_, ASSIGNEE_, START_TIME_, END_TIME_, DURATION_, TENANT_ID_ ) values (?, ?, ?, ?, ?, ?, ?, ?, ?, ?, ?, ?, ?, ?) , (?, ?, ?, ?, ?, ?, ?, ?, ?, ?, ?, ?, ?, ?) 
10:47:16,542 [Thread-88] DEBUG org.activiti.engine.impl.interceptor.LogInterceptor  - 

10:47:16,543 [Thread-88] DEBUG org.activiti.engine.impl.interceptor.LogInterceptor  - 

10:47:16,543 [Thread-100] DEBUG org.activiti.engine.impl.persistence.entity.HistoricActivityInstanceEntity.bulkInsertHistoricActivityInstance  - ==&gt; Parameters: 208(String), idGeneratorDataSource:1:3(String), 206(String), 206(String), theStart(String), null, null, null, startEvent(String), null, 2015-01-01 00:00:00.0(Timestamp), 2015-01-01 00:00:00.0(Timestamp), 0(Long), (String), 210(String), idGeneratorDataSource:1:3(String), 206(String), 206(String), javaService(String), null, null, Java service invocation(String), serviceTask(String), null, 2015-01-01 00:00:00.0(Timestamp), null, null, (String)
10:47:16,542 [Thread-92] DEBUG org.apache.ibatis.transaction.jdbc.JdbcTransaction  - Setting autocommit to false on JDBC Connection [conn55: url=jdbc:h2:mem:activiti user=SA]
10:47:16,543 [Thread-100] DEBUG org.activiti.engine.impl.persistence.entity.HistoricActivityInstanceEntity.bulkInsertHistoricActivityInstance  - &lt;==    Updates: 2
10:47:16,543 [Thread-100] DEBUG org.activiti.engine.impl.db.DbSqlSession  - inserting: ProcessInstance[206]
10:47:16,543 [Thread-88] DEBUG org.activiti.engine.impl.interceptor.LogInterceptor  - --- starting StartProcessInstanceCmd --------------------------------------------------------
10:47:16,543 [Thread-97] DEBUG org.apache.ibatis.datasource.pooled.PooledDataSource  - Waiting as long as 20000 milliseconds for connection.
10:47:16,543 [Thread-88] DEBUG org.apache.ibatis.transaction.jdbc.JdbcTransaction  - Opening JDBC Connection
10:47:16,543 [Thread-100] DEBUG org.activiti.engine.impl.persistence.entity.ExecutionEntity.insertExecution  - ==&gt;  Preparing: insert into ACT_RU_EXECUTION (ID_, REV_, PROC_INST_ID_, BUSINESS_KEY_, PROC_DEF_ID_, ACT_ID_, IS_ACTIVE_, IS_CONCURRENT_, IS_SCOPE_,IS_EVENT_SCOPE_, PARENT_ID_, SUPER_EXEC_, SUSPENSION_STATE_, CACHED_ENT_STATE_, TENANT_ID_, NAME_) values ( ?, 1, ?, ?, ?, ?, ?, ?, ?, ?, ?, ?, ?, ?, ?, ? ) 
10:47:16,543 [Thread-92] DEBUG org.activiti.engine.impl.persistence.entity.ProcessDefinitionEntity.selectLatestProcessDefinitionByKey  - ==&gt;  Preparing: select * from ACT_RE_PROCDEF where KEY_ = ? and (TENANT_ID_ = &apos;&apos; or TENANT_ID_ is null) and VERSION_ = (select max(VERSION_) from ACT_RE_PROCDEF where KEY_ = ? and (TENANT_ID_ = &apos;&apos; or TENANT_ID_ is null)) 
10:47:16,543 [Thread-100] DEBUG org.activiti.engine.impl.persistence.entity.ExecutionEntity.insertExecution  - ==&gt; Parameters: 206(String), 206(String), null, idGeneratorDataSource:1:3(String), javaService(String), true(Boolean), false(Boolean), true(Boolean), false(Boolean), null, null, 1(Integer), 2(Integer), (String), null
10:47:16,543 [Thread-94] DEBUG org.apache.ibatis.datasource.pooled.PooledDataSource  - Waiting as long as 20000 milliseconds for connection.
10:47:16,543 [Thread-100] DEBUG org.activiti.engine.impl.persistence.entity.ExecutionEntity.insertExecution  - &lt;==    Updates: 1
10:47:16,543 [Thread-100] DEBUG org.activiti.engine.impl.cfg.standalone.StandaloneMybatisTransactionContext  - firing event committing...
10:47:16,543 [Thread-100] DEBUG org.activiti.engine.impl.cfg.standalone.StandaloneMybatisTransactionContext  - committing the ibatis sql session...
10:47:16,543 [Thread-100] DEBUG org.apache.ibatis.transaction.jdbc.JdbcTransaction  - Committing JDBC Connection [conn53: url=jdbc:h2:mem:activiti user=SA]
10:47:16,543 [Thread-92] DEBUG org.activiti.engine.impl.persistence.entity.ProcessDefinitionEntity.selectLatestProcessDefinitionByKey  - ==&gt; Parameters: idGeneratorDataSource(String), idGeneratorDataSource(String)
10:47:16,543 [Thread-100] DEBUG org.activiti.engine.impl.cfg.standalone.StandaloneMybatisTransactionContext  - firing event committed...
10:47:16,543 [Thread-100] DEBUG org.apache.ibatis.transaction.jdbc.JdbcTransaction  - Resetting autocommit to true on JDBC Connection [conn53: url=jdbc:h2:mem:activiti user=SA]
10:47:16,543 [Thread-100] DEBUG org.apache.ibatis.transaction.jdbc.JdbcTransaction  - Closing JDBC Connection [conn53: url=jdbc:h2:mem:activiti user=SA]
10:47:16,543 [Thread-95] DEBUG org.apache.ibatis.datasource.pooled.PooledDataSource  - Waiting as long as 20000 milliseconds for connection.
10:47:16,543 [Thread-92] DEBUG org.activiti.engine.impl.persistence.entity.ProcessDefinitionEntity.selectLatestProcessDefinitionByKey  - &lt;==      Total: 1
10:47:16,543 [Thread-93] DEBUG org.apache.ibatis.datasource.pooled.PooledDataSource  - Waiting as long as 20000 milliseconds for connection.
10:47:16,543 [Thread-92] DEBUG org.activiti.engine.impl.interceptor.LogInterceptor  - 

10:47:16,543 [Thread-100] DEBUG org.apache.ibatis.datasource.pooled.PooledDataSource  - Returned connection 826925275 to pool.
10:47:16,543 [Thread-92] DEBUG org.activiti.engine.impl.interceptor.LogInterceptor  - --- starting GetNextIdBlockCmd --------------------------------------------------------
10:47:16,543 [Thread-88] DEBUG org.apache.ibatis.datasource.pooled.PooledDataSource  - Checked out connection 826925275 from pool.
10:47:16,543 [Thread-100] DEBUG org.activiti.engine.impl.interceptor.LogInterceptor  - --- StartProcessInstanceCmd finished --------------------------------------------------------
10:47:16,543 [Thread-100] DEBUG org.activiti.engine.impl.interceptor.LogInterceptor  - 

10:47:16,543 [Thread-100] DEBUG org.activiti.engine.impl.interceptor.LogInterceptor  - 

10:47:16,543 [Thread-100] DEBUG org.activiti.engine.impl.interceptor.LogInterceptor  - --- starting StartProcessInstanceCmd --------------------------------------------------------
10:47:16,543 [Thread-93] DEBUG org.apache.ibatis.datasource.pooled.PooledDataSource  - Waiting as long as 20000 milliseconds for connection.
10:47:16,543 [Thread-88] DEBUG org.apache.ibatis.transaction.jdbc.JdbcTransaction  - Setting autocommit to false on JDBC Connection [conn53: url=jdbc:h2:mem:activiti user=SA]
10:47:16,543 [Thread-92] DEBUG org.apache.ibatis.transaction.jdbc.JdbcTransaction  - Opening JDBC Connection
10:47:16,544 [Thread-92] DEBUG org.apache.ibatis.datasource.pooled.PooledDataSource  - Checked out connection 1094226572 from pool.
10:47:16,544 [Thread-92] DEBUG org.apache.ibatis.transaction.jdbc.JdbcTransaction  - Setting autocommit to false on JDBC Connection [conn54: url=jdbc:h2:mem:activiti user=SA]
10:47:16,544 [Thread-88] DEBUG org.activiti.engine.impl.persistence.entity.ProcessDefinitionEntity.selectLatestProcessDefinitionByKey  - ==&gt;  Preparing: select * from ACT_RE_PROCDEF where KEY_ = ? and (TENANT_ID_ = &apos;&apos; or TENANT_ID_ is null) and VERSION_ = (select max(VERSION_) from ACT_RE_PROCDEF where KEY_ = ? and (TENANT_ID_ = &apos;&apos; or TENANT_ID_ is null)) 
10:47:16,543 [Thread-95] DEBUG org.apache.ibatis.datasource.pooled.PooledDataSource  - Waiting as long as 20000 milliseconds for connection.
10:47:16,543 [Thread-100] DEBUG org.apache.ibatis.transaction.jdbc.JdbcTransaction  - Opening JDBC Connection
10:47:16,544 [Thread-94] DEBUG org.apache.ibatis.datasource.pooled.PooledDataSource  - Waiting as long as 20000 milliseconds for connection.
10:47:16,544 [Thread-88] DEBUG org.activiti.engine.impl.persistence.entity.ProcessDefinitionEntity.selectLatestProcessDefinitionByKey  - ==&gt; Parameters: idGeneratorDataSource(String), idGeneratorDataSource(String)
10:47:16,544 [Thread-92] DEBUG org.activiti.engine.impl.persistence.entity.PropertyEntity.selectProperty  - ==&gt;  Preparing: select * from ACT_GE_PROPERTY where NAME_ = ? 
10:47:16,544 [Thread-88] DEBUG org.activiti.engine.impl.persistence.entity.ProcessDefinitionEntity.selectLatestProcessDefinitionByKey  - &lt;==      Total: 1
10:47:16,544 [Thread-92] DEBUG org.activiti.engine.impl.persistence.entity.PropertyEntity.selectProperty  - ==&gt; Parameters: next.dbid(String)
10:47:16,544 [Thread-97] DEBUG org.apache.ibatis.datasource.pooled.PooledDataSource  - Waiting as long as 20000 milliseconds for connection.
10:47:16,544 [Thread-92] DEBUG org.activiti.engine.impl.persistence.entity.PropertyEntity.selectProperty  - &lt;==      Total: 1
10:47:16,544 [Thread-85] DEBUG org.apache.ibatis.datasource.pooled.PooledDataSource  - Waiting as long as 20000 milliseconds for connection.
10:47:16,544 [Thread-92] DEBUG org.activiti.engine.impl.db.DbSqlSession  -   update PropertyEntity[name=next.dbid, value=214]
10:47:16,544 [Thread-92] DEBUG org.activiti.engine.impl.db.DbSqlSession  - flush summary: 0 insert, 1 update, 0 delete.
10:47:16,544 [Thread-92] DEBUG org.activiti.engine.impl.db.DbSqlSession  - now executing flush...
10:47:16,544 [Thread-92] DEBUG org.activiti.engine.impl.db.DbSqlSession  - updating: PropertyEntity[name=next.dbid, value=214]
10:47:16,544 [Thread-100] DEBUG org.apache.ibatis.datasource.pooled.PooledDataSource  - Waiting as long as 20000 milliseconds for connection.
10:47:16,544 [Thread-92] DEBUG org.activiti.engine.impl.persistence.entity.PropertyEntity.updateProperty  - ==&gt;  Preparing: update ACT_GE_PROPERTY SET REV_ = ?, VALUE_ = ? where NAME_ = ? and REV_ = ? 
10:47:16,544 [Thread-92] DEBUG org.activiti.engine.impl.persistence.entity.PropertyEntity.updateProperty  - ==&gt; Parameters: 72(Integer), 214(String), next.dbid(String), 71(Integer)
10:47:16,544 [Thread-92] DEBUG org.activiti.engine.impl.persistence.entity.PropertyEntity.updateProperty  - &lt;==    Updates: 1
10:47:16,544 [Thread-92] DEBUG org.activiti.engine.impl.cfg.standalone.StandaloneMybatisTransactionContext  - firing event committing...
10:47:16,544 [Thread-92] DEBUG org.activiti.engine.impl.cfg.standalone.StandaloneMybatisTransactionContext  - committing the ibatis sql session...
10:47:16,544 [Thread-92] DEBUG org.apache.ibatis.transaction.jdbc.JdbcTransaction  - Committing JDBC Connection [conn54: url=jdbc:h2:mem:activiti user=SA]
10:47:16,544 [Thread-92] DEBUG org.activiti.engine.impl.cfg.standalone.StandaloneMybatisTransactionContext  - firing event committed...
10:47:16,544 [Thread-92] DEBUG org.apache.ibatis.transaction.jdbc.JdbcTransaction  - Resetting autocommit to true on JDBC Connection [conn54: url=jdbc:h2:mem:activiti user=SA]
10:47:16,544 [Thread-92] DEBUG org.apache.ibatis.transaction.jdbc.JdbcTransaction  - Closing JDBC Connection [conn54: url=jdbc:h2:mem:activiti user=SA]
10:47:16,544 [Thread-92] DEBUG org.apache.ibatis.datasource.pooled.PooledDataSource  - Returned connection 1094226572 to pool.
10:47:16,544 [Thread-92] DEBUG org.activiti.engine.impl.interceptor.LogInterceptor  - --- GetNextIdBlockCmd finished --------------------------------------------------------
10:47:16,544 [Thread-92] DEBUG org.activiti.engine.impl.interceptor.LogInterceptor  - 

10:47:16,544 [Thread-92] DEBUG org.activiti.engine.impl.persistence.entity.ExecutionEntity  - initializing ProcessInstance[211]
10:47:16,544 [Thread-92] DEBUG org.activiti.engine.impl.history.DefaultHistoryManager  - Current history level: FULL, level required: ACTIVITY
10:47:16,544 [Thread-88] DEBUG org.activiti.engine.impl.persistence.entity.ExecutionEntity  - initializing ProcessInstance[212]
10:47:16,544 [Thread-92] DEBUG org.activiti.engine.impl.pvm.runtime.AtomicOperationActivityExecute  - ProcessInstance[211] executes Activity(theStart): org.activiti.engine.impl.bpmn.behavior.NoneStartEventActivityBehavior
10:47:16,544 [Thread-88] DEBUG org.activiti.engine.impl.history.DefaultHistoryManager  - Current history level: FULL, level required: ACTIVITY
10:47:16,544 [Thread-92] DEBUG org.activiti.engine.impl.persistence.entity.JobEntity.selectJobsByExecutionId  - ==&gt;  Preparing: select * from ACT_RU_JOB J where J.EXECUTION_ID_ = ? 
10:47:16,544 [Thread-88] DEBUG org.activiti.engine.impl.interceptor.LogInterceptor  - 

10:47:16,545 [Thread-88] DEBUG org.activiti.engine.impl.interceptor.LogInterceptor  - --- starting GetNextIdBlockCmd --------------------------------------------------------
10:47:16,545 [Thread-92] DEBUG org.activiti.engine.impl.persistence.entity.JobEntity.selectJobsByExecutionId  - ==&gt; Parameters: 211(String)
10:47:16,545 [Thread-88] DEBUG org.apache.ibatis.transaction.jdbc.JdbcTransaction  - Opening JDBC Connection
10:47:16,545 [Thread-88] DEBUG org.apache.ibatis.datasource.pooled.PooledDataSource  - Checked out connection 1094226572 from pool.
10:47:16,545 [Thread-88] DEBUG org.apache.ibatis.transaction.jdbc.JdbcTransaction  - Setting autocommit to false on JDBC Connection [conn54: url=jdbc:h2:mem:activiti user=SA]
10:47:16,545 [Thread-92] DEBUG org.activiti.engine.impl.persistence.entity.JobEntity.selectJobsByExecutionId  - &lt;==      Total: 0
10:47:16,545 [Thread-92] DEBUG org.activiti.engine.impl.bpmn.behavior.BpmnActivityBehavior  - Leaving activity &apos;theStart&apos;
10:47:16,545 [Thread-88] DEBUG org.activiti.engine.impl.persistence.entity.PropertyEntity.selectProperty  - ==&gt;  Preparing: select * from ACT_GE_PROPERTY where NAME_ = ? 
10:47:16,545 [Thread-92] DEBUG org.activiti.engine.impl.history.DefaultHistoryManager  - Current history level: FULL, level required: ACTIVITY
10:47:16,545 [Thread-88] DEBUG org.activiti.engine.impl.persistence.entity.PropertyEntity.selectProperty  - ==&gt; Parameters: next.dbid(String)
10:47:16,545 [Thread-92] DEBUG org.activiti.engine.impl.pvm.runtime.AtomicOperationTransitionNotifyListenerTake  - ProcessInstance[211] takes transition (theStart)--flow1--&gt;(javaService)
10:47:16,545 [Thread-88] DEBUG org.activiti.engine.impl.persistence.entity.PropertyEntity.selectProperty  - &lt;==      Total: 1
10:47:16,545 [Thread-92] DEBUG org.activiti.engine.impl.history.DefaultHistoryManager  - Current history level: FULL, level required: ACTIVITY
10:47:16,545 [Thread-88] DEBUG org.activiti.engine.impl.db.DbSqlSession  -   update PropertyEntity[name=next.dbid, value=217]
10:47:16,545 [Thread-88] DEBUG org.activiti.engine.impl.db.DbSqlSession  - flush summary: 0 insert, 1 update, 0 delete.
10:47:16,545 [Thread-88] DEBUG org.activiti.engine.impl.db.DbSqlSession  - now executing flush...
10:47:16,545 [Thread-88] DEBUG org.activiti.engine.impl.db.DbSqlSession  - updating: PropertyEntity[name=next.dbid, value=217]
10:47:16,545 [Thread-88] DEBUG org.activiti.engine.impl.persistence.entity.PropertyEntity.updateProperty  - ==&gt;  Preparing: update ACT_GE_PROPERTY SET REV_ = ?, VALUE_ = ? where NAME_ = ? and REV_ = ? 
10:47:16,545 [Thread-88] DEBUG org.activiti.engine.impl.persistence.entity.PropertyEntity.updateProperty  - ==&gt; Parameters: 73(Integer), 217(String), next.dbid(String), 72(Integer)
10:47:16,545 [Thread-88] DEBUG org.activiti.engine.impl.persistence.entity.PropertyEntity.updateProperty  - &lt;==    Updates: 1
10:47:16,545 [Thread-88] DEBUG org.activiti.engine.impl.cfg.standalone.StandaloneMybatisTransactionContext  - firing event committing...
10:47:16,545 [Thread-88] DEBUG org.activiti.engine.impl.cfg.standalone.StandaloneMybatisTransactionContext  - committing the ibatis sql session...
10:47:16,545 [Thread-88] DEBUG org.apache.ibatis.transaction.jdbc.JdbcTransaction  - Committing JDBC Connection [conn54: url=jdbc:h2:mem:activiti user=SA]
10:47:16,545 [Thread-88] DEBUG org.activiti.engine.impl.cfg.standalone.StandaloneMybatisTransactionContext  - firing event committed...
10:47:16,545 [Thread-88] DEBUG org.apache.ibatis.transaction.jdbc.JdbcTransaction  - Resetting autocommit to true on JDBC Connection [conn54: url=jdbc:h2:mem:activiti user=SA]
10:47:16,545 [Thread-88] DEBUG org.apache.ibatis.transaction.jdbc.JdbcTransaction  - Closing JDBC Connection [conn54: url=jdbc:h2:mem:activiti user=SA]
10:47:16,545 [Thread-88] DEBUG org.apache.ibatis.datasource.pooled.PooledDataSource  - Returned connection 1094226572 to pool.
10:47:16,545 [Thread-88] DEBUG org.activiti.engine.impl.interceptor.LogInterceptor  - --- GetNextIdBlockCmd finished --------------------------------------------------------
10:47:16,545 [Thread-88] DEBUG org.activiti.engine.impl.interceptor.LogInterceptor  - 

10:47:16,545 [Thread-88] DEBUG org.activiti.engine.impl.pvm.runtime.AtomicOperationActivityExecute  - ProcessInstance[212] executes Activity(theStart): org.activiti.engine.impl.bpmn.behavior.NoneStartEventActivityBehavior
10:47:16,545 [Thread-92] DEBUG org.activiti.engine.impl.pvm.runtime.AtomicOperationActivityExecute  - ProcessInstance[211] executes Activity(javaService): org.activiti.engine.impl.bpmn.helper.ClassDelegate
10:47:16,545 [Thread-88] DEBUG org.activiti.engine.impl.persistence.entity.JobEntity.selectJobsByExecutionId  - ==&gt;  Preparing: select * from ACT_RU_JOB J where J.EXECUTION_ID_ = ? 
10:47:16,545 [Thread-92] DEBUG org.activiti.engine.impl.db.DbSqlSession  -   insert ProcessInstance[211]
10:47:16,545 [Thread-92] DEBUG org.activiti.engine.impl.db.DbSqlSession  -   insert HistoricProcessInstanceEntity[superProcessInstanceId=null]
10:47:16,545 [Thread-92] DEBUG org.activiti.engine.impl.db.DbSqlSession  -   insert HistoricActivityInstanceEntity[activityId=theStart, activityName=null]
10:47:16,545 [Thread-92] DEBUG org.activiti.engine.impl.db.DbSqlSession  -   insert HistoricActivityInstanceEntity[activityId=javaService, activityName=Java service invocation]
10:47:16,545 [Thread-92] DEBUG org.activiti.engine.impl.db.DbSqlSession  - flush summary: 4 insert, 0 update, 0 delete.
10:47:16,545 [Thread-92] DEBUG org.activiti.engine.impl.db.DbSqlSession  - now executing flush...
10:47:16,546 [Thread-92] DEBUG org.activiti.engine.impl.db.DbSqlSession  - inserting: HistoricProcessInstanceEntity[superProcessInstanceId=null]
10:47:16,545 [Thread-88] DEBUG org.activiti.engine.impl.persistence.entity.JobEntity.selectJobsByExecutionId  - ==&gt; Parameters: 212(String)
10:47:16,546 [Thread-92] DEBUG org.activiti.engine.impl.persistence.entity.HistoricProcessInstanceEntity.insertHistoricProcessInstance  - ==&gt;  Preparing: insert into ACT_HI_PROCINST ( ID_, PROC_INST_ID_, BUSINESS_KEY_, PROC_DEF_ID_, START_TIME_, END_TIME_, DURATION_, START_USER_ID_, START_ACT_ID_, END_ACT_ID_, SUPER_PROCESS_INSTANCE_ID_, DELETE_REASON_, TENANT_ID_, NAME_ ) values ( ?, ?, ?, ?, ?, ?, ?, ?, ?, ?, ?, ?, ?, ? ) 
10:47:16,546 [Thread-88] DEBUG org.activiti.engine.impl.persistence.entity.JobEntity.selectJobsByExecutionId  - &lt;==      Total: 0
10:47:16,546 [Thread-88] DEBUG org.activiti.engine.impl.bpmn.behavior.BpmnActivityBehavior  - Leaving activity &apos;theStart&apos;
10:47:16,546 [Thread-92] DEBUG org.activiti.engine.impl.persistence.entity.HistoricProcessInstanceEntity.insertHistoricProcessInstance  - ==&gt; Parameters: 211(String), 211(String), null, idGeneratorDataSource:1:3(String), 2015-01-01 00:00:00.0(Timestamp), null, null, null, theStart(String), null, null, null, (String), null
10:47:16,546 [Thread-88] DEBUG org.activiti.engine.impl.history.DefaultHistoryManager  - Current history level: FULL, level required: ACTIVITY
10:47:16,546 [Thread-92] DEBUG org.activiti.engine.impl.persistence.entity.HistoricProcessInstanceEntity.insertHistoricProcessInstance  - &lt;==    Updates: 1
10:47:16,546 [Thread-88] DEBUG org.activiti.engine.impl.pvm.runtime.AtomicOperationTransitionNotifyListenerTake  - ProcessInstance[212] takes transition (theStart)--flow1--&gt;(javaService)
10:47:16,546 [Thread-88] DEBUG org.activiti.engine.impl.history.DefaultHistoryManager  - Current history level: FULL, level required: ACTIVITY
10:47:16,546 [Thread-88] DEBUG org.activiti.engine.impl.pvm.runtime.AtomicOperationActivityExecute  - ProcessInstance[212] executes Activity(javaService): org.activiti.engine.impl.bpmn.helper.ClassDelegate
10:47:16,546 [Thread-92] DEBUG org.activiti.engine.impl.persistence.entity.HistoricActivityInstanceEntity.bulkInsertHistoricActivityInstance  - ==&gt;  Preparing: insert into ACT_HI_ACTINST ( ID_, PROC_DEF_ID_, PROC_INST_ID_, EXECUTION_ID_, ACT_ID_, TASK_ID_, CALL_PROC_INST_ID_, ACT_NAME_, ACT_TYPE_, ASSIGNEE_, START_TIME_, END_TIME_, DURATION_, TENANT_ID_ ) values (?, ?, ?, ?, ?, ?, ?, ?, ?, ?, ?, ?, ?, ?) , (?, ?, ?, ?, ?, ?, ?, ?, ?, ?, ?, ?, ?, ?) 
10:47:16,546 [Thread-88] DEBUG org.activiti.engine.impl.db.DbSqlSession  -   insert ProcessInstance[212]
10:47:16,546 [Thread-88] DEBUG org.activiti.engine.impl.db.DbSqlSession  -   insert HistoricProcessInstanceEntity[superProcessInstanceId=null]
10:47:16,546 [Thread-88] DEBUG org.activiti.engine.impl.db.DbSqlSession  -   insert HistoricActivityInstanceEntity[activityId=theStart, activityName=null]
10:47:16,546 [Thread-88] DEBUG org.activiti.engine.impl.db.DbSqlSession  -   insert HistoricActivityInstanceEntity[activityId=javaService, activityName=Java service invocation]
10:47:16,546 [Thread-88] DEBUG org.activiti.engine.impl.db.DbSqlSession  - flush summary: 4 insert, 0 update, 0 delete.
10:47:16,546 [Thread-88] DEBUG org.activiti.engine.impl.db.DbSqlSession  - now executing flush...
10:47:16,546 [Thread-88] DEBUG org.activiti.engine.impl.db.DbSqlSession  - inserting: HistoricProcessInstanceEntity[superProcessInstanceId=null]
10:47:16,546 [Thread-92] DEBUG org.activiti.engine.impl.persistence.entity.HistoricActivityInstanceEntity.bulkInsertHistoricActivityInstance  - ==&gt; Parameters: 213(String), idGeneratorDataSource:1:3(String), 211(String), 211(String), theStart(String), null, null, null, startEvent(String), null, 2015-01-01 00:00:00.0(Timestamp), 2015-01-01 00:00:00.0(Timestamp), 0(Long), (String), 215(String), idGeneratorDataSource:1:3(String), 211(String), 211(String), javaService(String), null, null, Java service invocation(String), serviceTask(String), null, 2015-01-01 00:00:00.0(Timestamp), null, null, (String)
10:47:16,546 [Thread-88] DEBUG org.activiti.engine.impl.persistence.entity.HistoricProcessInstanceEntity.insertHistoricProcessInstance  - ==&gt;  Preparing: insert into ACT_HI_PROCINST ( ID_, PROC_INST_ID_, BUSINESS_KEY_, PROC_DEF_ID_, START_TIME_, END_TIME_, DURATION_, START_USER_ID_, START_ACT_ID_, END_ACT_ID_, SUPER_PROCESS_INSTANCE_ID_, DELETE_REASON_, TENANT_ID_, NAME_ ) values ( ?, ?, ?, ?, ?, ?, ?, ?, ?, ?, ?, ?, ?, ? ) 
10:47:16,546 [Thread-92] DEBUG org.activiti.engine.impl.persistence.entity.HistoricActivityInstanceEntity.bulkInsertHistoricActivityInstance  - &lt;==    Updates: 2
10:47:16,546 [Thread-92] DEBUG org.activiti.engine.impl.db.DbSqlSession  - inserting: ProcessInstance[211]
10:47:16,546 [Thread-88] DEBUG org.activiti.engine.impl.persistence.entity.HistoricProcessInstanceEntity.insertHistoricProcessInstance  - ==&gt; Parameters: 212(String), 212(String), null, idGeneratorDataSource:1:3(String), 2015-01-01 00:00:00.0(Timestamp), null, null, null, theStart(String), null, null, null, (String), null
10:47:16,546 [Thread-92] DEBUG org.activiti.engine.impl.persistence.entity.ExecutionEntity.insertExecution  - ==&gt;  Preparing: insert into ACT_RU_EXECUTION (ID_, REV_, PROC_INST_ID_, BUSINESS_KEY_, PROC_DEF_ID_, ACT_ID_, IS_ACTIVE_, IS_CONCURRENT_, IS_SCOPE_,IS_EVENT_SCOPE_, PARENT_ID_, SUPER_EXEC_, SUSPENSION_STATE_, CACHED_ENT_STATE_, TENANT_ID_, NAME_) values ( ?, 1, ?, ?, ?, ?, ?, ?, ?, ?, ?, ?, ?, ?, ?, ? ) 
10:47:16,546 [Thread-92] DEBUG org.activiti.engine.impl.persistence.entity.ExecutionEntity.insertExecution  - ==&gt; Parameters: 211(String), 211(String), null, idGeneratorDataSource:1:3(String), javaService(String), true(Boolean), false(Boolean), true(Boolean), false(Boolean), null, null, 1(Integer), 2(Integer), (String), null
10:47:16,546 [Thread-92] DEBUG org.activiti.engine.impl.persistence.entity.ExecutionEntity.insertExecution  - &lt;==    Updates: 1
10:47:16,546 [Thread-92] DEBUG org.activiti.engine.impl.cfg.standalone.StandaloneMybatisTransactionContext  - firing event committing...
10:47:16,546 [Thread-92] DEBUG org.activiti.engine.impl.cfg.standalone.StandaloneMybatisTransactionContext  - committing the ibatis sql session...
10:47:16,546 [Thread-92] DEBUG org.apache.ibatis.transaction.jdbc.JdbcTransaction  - Committing JDBC Connection [conn55: url=jdbc:h2:mem:activiti user=SA]
10:47:16,546 [Thread-92] DEBUG org.activiti.engine.impl.cfg.standalone.StandaloneMybatisTransactionContext  - firing event committed...
10:47:16,546 [Thread-92] DEBUG org.apache.ibatis.transaction.jdbc.JdbcTransaction  - Resetting autocommit to true on JDBC Connection [conn55: url=jdbc:h2:mem:activiti user=SA]
10:47:16,546 [Thread-92] DEBUG org.apache.ibatis.transaction.jdbc.JdbcTransaction  - Closing JDBC Connection [conn55: url=jdbc:h2:mem:activiti user=SA]
10:47:16,546 [Thread-92] DEBUG org.apache.ibatis.datasource.pooled.PooledDataSource  - Returned connection 14606730 to pool.
10:47:16,546 [Thread-88] DEBUG org.activiti.engine.impl.persistence.entity.HistoricProcessInstanceEntity.insertHistoricProcessInstance  - &lt;==    Updates: 1
10:47:16,546 [Thread-92] DEBUG org.activiti.engine.impl.interceptor.LogInterceptor  - --- StartProcessInstanceCmd finished --------------------------------------------------------
10:47:16,546 [Thread-92] DEBUG org.activiti.engine.impl.interceptor.LogInterceptor  - 

10:47:16,546 [Thread-92] DEBUG org.activiti.engine.impl.interceptor.LogInterceptor  - 

10:47:16,547 [Thread-92] DEBUG org.activiti.engine.impl.interceptor.LogInterceptor  - --- starting StartProcessInstanceCmd --------------------------------------------------------
10:47:16,547 [Thread-88] DEBUG org.activiti.engine.impl.persistence.entity.HistoricActivityInstanceEntity.bulkInsertHistoricActivityInstance  - ==&gt;  Preparing: insert into ACT_HI_ACTINST ( ID_, PROC_DEF_ID_, PROC_INST_ID_, EXECUTION_ID_, ACT_ID_, TASK_ID_, CALL_PROC_INST_ID_, ACT_NAME_, ACT_TYPE_, ASSIGNEE_, START_TIME_, END_TIME_, DURATION_, TENANT_ID_ ) values (?, ?, ?, ?, ?, ?, ?, ?, ?, ?, ?, ?, ?, ?) , (?, ?, ?, ?, ?, ?, ?, ?, ?, ?, ?, ?, ?, ?) 
10:47:16,546 [Thread-100] DEBUG org.apache.ibatis.datasource.pooled.PooledDataSource  - Checked out connection 14606730 from pool.
10:47:16,547 [Thread-92] DEBUG org.apache.ibatis.transaction.jdbc.JdbcTransaction  - Opening JDBC Connection
10:47:16,547 [Thread-85] DEBUG org.apache.ibatis.datasource.pooled.PooledDataSource  - Waiting as long as 20000 milliseconds for connection.
10:47:16,547 [Thread-88] DEBUG org.activiti.engine.impl.persistence.entity.HistoricActivityInstanceEntity.bulkInsertHistoricActivityInstance  - ==&gt; Parameters: 214(String), idGeneratorDataSource:1:3(String), 212(String), 212(String), theStart(String), null, null, null, startEvent(String), null, 2015-01-01 00:00:00.0(Timestamp), 2015-01-01 00:00:00.0(Timestamp), 0(Long), (String), 216(String), idGeneratorDataSource:1:3(String), 212(String), 212(String), javaService(String), null, null, Java service invocation(String), serviceTask(String), null, 2015-01-01 00:00:00.0(Timestamp), null, null, (String)
10:47:16,547 [Thread-100] DEBUG org.apache.ibatis.transaction.jdbc.JdbcTransaction  - Setting autocommit to false on JDBC Connection [conn55: url=jdbc:h2:mem:activiti user=SA]
10:47:16,547 [Thread-88] DEBUG org.activiti.engine.impl.persistence.entity.HistoricActivityInstanceEntity.bulkInsertHistoricActivityInstance  - &lt;==    Updates: 2
10:47:16,547 [Thread-88] DEBUG org.activiti.engine.impl.db.DbSqlSession  - inserting: ProcessInstance[212]
10:47:16,547 [Thread-97] DEBUG org.apache.ibatis.datasource.pooled.PooledDataSource  - Waiting as long as 20000 milliseconds for connection.
10:47:16,547 [Thread-88] DEBUG org.activiti.engine.impl.persistence.entity.ExecutionEntity.insertExecution  - ==&gt;  Preparing: insert into ACT_RU_EXECUTION (ID_, REV_, PROC_INST_ID_, BUSINESS_KEY_, PROC_DEF_ID_, ACT_ID_, IS_ACTIVE_, IS_CONCURRENT_, IS_SCOPE_,IS_EVENT_SCOPE_, PARENT_ID_, SUPER_EXEC_, SUSPENSION_STATE_, CACHED_ENT_STATE_, TENANT_ID_, NAME_) values ( ?, 1, ?, ?, ?, ?, ?, ?, ?, ?, ?, ?, ?, ?, ?, ? ) 
10:47:16,547 [Thread-100] DEBUG org.activiti.engine.impl.persistence.entity.ProcessDefinitionEntity.selectLatestProcessDefinitionByKey  - ==&gt;  Preparing: select * from ACT_RE_PROCDEF where KEY_ = ? and (TENANT_ID_ = &apos;&apos; or TENANT_ID_ is null) and VERSION_ = (select max(VERSION_) from ACT_RE_PROCDEF where KEY_ = ? and (TENANT_ID_ = &apos;&apos; or TENANT_ID_ is null)) 
10:47:16,547 [Thread-88] DEBUG org.activiti.engine.impl.persistence.entity.ExecutionEntity.insertExecution  - ==&gt; Parameters: 212(String), 212(String), null, idGeneratorDataSource:1:3(String), javaService(String), true(Boolean), false(Boolean), true(Boolean), false(Boolean), null, null, 1(Integer), 2(Integer), (String), null
10:47:16,547 [Thread-94] DEBUG org.apache.ibatis.datasource.pooled.PooledDataSource  - Waiting as long as 20000 milliseconds for connection.
10:47:16,547 [Thread-88] DEBUG org.activiti.engine.impl.persistence.entity.ExecutionEntity.insertExecution  - &lt;==    Updates: 1
10:47:16,547 [Thread-88] DEBUG org.activiti.engine.impl.cfg.standalone.StandaloneMybatisTransactionContext  - firing event committing...
10:47:16,547 [Thread-88] DEBUG org.activiti.engine.impl.cfg.standalone.StandaloneMybatisTransactionContext  - committing the ibatis sql session...
10:47:16,547 [Thread-88] DEBUG org.apache.ibatis.transaction.jdbc.JdbcTransaction  - Committing JDBC Connection [conn53: url=jdbc:h2:mem:activiti user=SA]
10:47:16,547 [Thread-88] DEBUG org.activiti.engine.impl.cfg.standalone.StandaloneMybatisTransactionContext  - firing event committed...
10:47:16,547 [Thread-88] DEBUG org.apache.ibatis.transaction.jdbc.JdbcTransaction  - Resetting autocommit to true on JDBC Connection [conn53: url=jdbc:h2:mem:activiti user=SA]
10:47:16,547 [Thread-88] DEBUG org.apache.ibatis.transaction.jdbc.JdbcTransaction  - Closing JDBC Connection [conn53: url=jdbc:h2:mem:activiti user=SA]
10:47:16,547 [Thread-100] DEBUG org.activiti.engine.impl.persistence.entity.ProcessDefinitionEntity.selectLatestProcessDefinitionByKey  - ==&gt; Parameters: idGeneratorDataSource(String), idGeneratorDataSource(String)
10:47:16,547 [Thread-95] DEBUG org.apache.ibatis.datasource.pooled.PooledDataSource  - Waiting as long as 20000 milliseconds for connection.
10:47:16,547 [Thread-100] DEBUG org.activiti.engine.impl.persistence.entity.ProcessDefinitionEntity.selectLatestProcessDefinitionByKey  - &lt;==      Total: 1
10:47:16,547 [Thread-93] DEBUG org.apache.ibatis.datasource.pooled.PooledDataSource  - Waiting as long as 20000 milliseconds for connection.
10:47:16,547 [Thread-100] DEBUG org.activiti.engine.impl.interceptor.LogInterceptor  - 

10:47:16,547 [Thread-100] DEBUG org.activiti.engine.impl.interceptor.LogInterceptor  - --- starting GetNextIdBlockCmd --------------------------------------------------------
10:47:16,547 [Thread-88] DEBUG org.apache.ibatis.datasource.pooled.PooledDataSource  - Returned connection 826925275 to pool.
10:47:16,547 [Thread-100] DEBUG org.apache.ibatis.transaction.jdbc.JdbcTransaction  - Opening JDBC Connection
10:47:16,547 [Thread-100] DEBUG org.apache.ibatis.datasource.pooled.PooledDataSource  - Checked out connection 1094226572 from pool.
10:47:16,547 [Thread-100] DEBUG org.apache.ibatis.transaction.jdbc.JdbcTransaction  - Setting autocommit to false on JDBC Connection [conn54: url=jdbc:h2:mem:activiti user=SA]
10:47:16,547 [Thread-92] DEBUG org.apache.ibatis.datasource.pooled.PooledDataSource  - Checked out connection 826925275 from pool.
10:47:16,547 [Thread-88] DEBUG org.activiti.engine.impl.interceptor.LogInterceptor  - --- StartProcessInstanceCmd finished --------------------------------------------------------
10:47:16,547 [Thread-88] DEBUG org.activiti.engine.impl.interceptor.LogInterceptor  - 

10:47:16,547 [Thread-93] DEBUG org.apache.ibatis.datasource.pooled.PooledDataSource  - Waiting as long as 20000 milliseconds for connection.
10:47:16,547 [Thread-92] DEBUG org.apache.ibatis.transaction.jdbc.JdbcTransaction  - Setting autocommit to false on JDBC Connection [conn53: url=jdbc:h2:mem:activiti user=SA]
10:47:16,547 [Thread-100] DEBUG org.activiti.engine.impl.persistence.entity.PropertyEntity.selectProperty  - ==&gt;  Preparing: select * from ACT_GE_PROPERTY where NAME_ = ? 
10:47:16,548 [Thread-92] DEBUG org.activiti.engine.impl.persistence.entity.ProcessDefinitionEntity.selectLatestProcessDefinitionByKey  - ==&gt;  Preparing: select * from ACT_RE_PROCDEF where KEY_ = ? and (TENANT_ID_ = &apos;&apos; or TENANT_ID_ is null) and VERSION_ = (select max(VERSION_) from ACT_RE_PROCDEF where KEY_ = ? and (TENANT_ID_ = &apos;&apos; or TENANT_ID_ is null)) 
10:47:16,548 [Thread-95] DEBUG org.apache.ibatis.datasource.pooled.PooledDataSource  - Waiting as long as 20000 milliseconds for connection.
10:47:16,548 [Thread-92] DEBUG org.activiti.engine.impl.persistence.entity.ProcessDefinitionEntity.selectLatestProcessDefinitionByKey  - ==&gt; Parameters: idGeneratorDataSource(String), idGeneratorDataSource(String)
10:47:16,548 [Thread-100] DEBUG org.activiti.engine.impl.persistence.entity.PropertyEntity.selectProperty  - ==&gt; Parameters: next.dbid(String)
10:47:16,548 [Thread-92] DEBUG org.activiti.engine.impl.persistence.entity.ProcessDefinitionEntity.selectLatestProcessDefinitionByKey  - &lt;==      Total: 1
10:47:16,548 [Thread-100] DEBUG org.activiti.engine.impl.persistence.entity.PropertyEntity.selectProperty  - &lt;==      Total: 1
10:47:16,548 [Thread-94] DEBUG org.apache.ibatis.datasource.pooled.PooledDataSource  - Waiting as long as 20000 milliseconds for connection.
10:47:16,548 [Thread-100] DEBUG org.activiti.engine.impl.db.DbSqlSession  -   update PropertyEntity[name=next.dbid, value=220]
10:47:16,548 [Thread-100] DEBUG org.activiti.engine.impl.db.DbSqlSession  - flush summary: 0 insert, 1 update, 0 delete.
10:47:16,548 [Thread-100] DEBUG org.activiti.engine.impl.db.DbSqlSession  - now executing flush...
10:47:16,548 [Thread-97] DEBUG org.apache.ibatis.datasource.pooled.PooledDataSource  - Waiting as long as 20000 milliseconds for connection.
10:47:16,548 [Thread-100] DEBUG org.activiti.engine.impl.db.DbSqlSession  - updating: PropertyEntity[name=next.dbid, value=220]
10:47:16,548 [Thread-85] DEBUG org.apache.ibatis.datasource.pooled.PooledDataSource  - Waiting as long as 20000 milliseconds for connection.
10:47:16,548 [Thread-100] DEBUG org.activiti.engine.impl.persistence.entity.PropertyEntity.updateProperty  - ==&gt;  Preparing: update ACT_GE_PROPERTY SET REV_ = ?, VALUE_ = ? where NAME_ = ? and REV_ = ? 
10:47:16,548 [Thread-100] DEBUG org.activiti.engine.impl.persistence.entity.PropertyEntity.updateProperty  - ==&gt; Parameters: 74(Integer), 220(String), next.dbid(String), 73(Integer)
10:47:16,548 [Thread-100] DEBUG org.activiti.engine.impl.persistence.entity.PropertyEntity.updateProperty  - &lt;==    Updates: 1
10:47:16,548 [Thread-100] DEBUG org.activiti.engine.impl.cfg.standalone.StandaloneMybatisTransactionContext  - firing event committing...
10:47:16,548 [Thread-100] DEBUG org.activiti.engine.impl.cfg.standalone.StandaloneMybatisTransactionContext  - committing the ibatis sql session...
10:47:16,548 [Thread-100] DEBUG org.apache.ibatis.transaction.jdbc.JdbcTransaction  - Committing JDBC Connection [conn54: url=jdbc:h2:mem:activiti user=SA]
10:47:16,548 [Thread-100] DEBUG org.activiti.engine.impl.cfg.standalone.StandaloneMybatisTransactionContext  - firing event committed...
10:47:16,548 [Thread-100] DEBUG org.apache.ibatis.transaction.jdbc.JdbcTransaction  - Resetting autocommit to true on JDBC Connection [conn54: url=jdbc:h2:mem:activiti user=SA]
10:47:16,548 [Thread-100] DEBUG org.apache.ibatis.transaction.jdbc.JdbcTransaction  - Closing JDBC Connection [conn54: url=jdbc:h2:mem:activiti user=SA]
10:47:16,548 [Thread-100] DEBUG org.apache.ibatis.datasource.pooled.PooledDataSource  - Returned connection 1094226572 to pool.
10:47:16,548 [Thread-100] DEBUG org.activiti.engine.impl.interceptor.LogInterceptor  - --- GetNextIdBlockCmd finished --------------------------------------------------------
10:47:16,548 [Thread-100] DEBUG org.activiti.engine.impl.interceptor.LogInterceptor  - 

10:47:16,548 [Thread-100] DEBUG org.activiti.engine.impl.persistence.entity.ExecutionEntity  - initializing ProcessInstance[217]
10:47:16,548 [Thread-100] DEBUG org.activiti.engine.impl.history.DefaultHistoryManager  - Current history level: FULL, level required: ACTIVITY
10:47:16,548 [Thread-92] DEBUG org.activiti.engine.impl.persistence.entity.ExecutionEntity  - initializing ProcessInstance[218]
10:47:16,548 [Thread-100] DEBUG org.activiti.engine.impl.pvm.runtime.AtomicOperationActivityExecute  - ProcessInstance[217] executes Activity(theStart): org.activiti.engine.impl.bpmn.behavior.NoneStartEventActivityBehavior
10:47:16,548 [Thread-92] DEBUG org.activiti.engine.impl.history.DefaultHistoryManager  - Current history level: FULL, level required: ACTIVITY
10:47:16,548 [Thread-100] DEBUG org.activiti.engine.impl.persistence.entity.JobEntity.selectJobsByExecutionId  - ==&gt;  Preparing: select * from ACT_RU_JOB J where J.EXECUTION_ID_ = ? 
10:47:16,548 [Thread-92] DEBUG org.activiti.engine.impl.interceptor.LogInterceptor  - 

10:47:16,548 [Thread-92] DEBUG org.activiti.engine.impl.interceptor.LogInterceptor  - --- starting GetNextIdBlockCmd --------------------------------------------------------
10:47:16,548 [Thread-100] DEBUG org.activiti.engine.impl.persistence.entity.JobEntity.selectJobsByExecutionId  - ==&gt; Parameters: 217(String)
10:47:16,549 [Thread-92] DEBUG org.apache.ibatis.transaction.jdbc.JdbcTransaction  - Opening JDBC Connection
10:47:16,549 [Thread-92] DEBUG org.apache.ibatis.datasource.pooled.PooledDataSource  - Checked out connection 1094226572 from pool.
10:47:16,549 [Thread-92] DEBUG org.apache.ibatis.transaction.jdbc.JdbcTransaction  - Setting autocommit to false on JDBC Connection [conn54: url=jdbc:h2:mem:activiti user=SA]
10:47:16,549 [Thread-92] DEBUG org.activiti.engine.impl.persistence.entity.PropertyEntity.selectProperty  - ==&gt;  Preparing: select * from ACT_GE_PROPERTY where NAME_ = ? 
10:47:16,549 [Thread-100] DEBUG org.activiti.engine.impl.persistence.entity.JobEntity.selectJobsByExecutionId  - &lt;==      Total: 0
10:47:16,549 [Thread-100] DEBUG org.activiti.engine.impl.bpmn.behavior.BpmnActivityBehavior  - Leaving activity &apos;theStart&apos;
10:47:16,549 [Thread-92] DEBUG org.activiti.engine.impl.persistence.entity.PropertyEntity.selectProperty  - ==&gt; Parameters: next.dbid(String)
10:47:16,549 [Thread-100] DEBUG org.activiti.engine.impl.history.DefaultHistoryManager  - Current history level: FULL, level required: ACTIVITY
10:47:16,549 [Thread-92] DEBUG org.activiti.engine.impl.persistence.entity.PropertyEntity.selectProperty  - &lt;==      Total: 1
10:47:16,549 [Thread-100] DEBUG org.activiti.engine.impl.pvm.runtime.AtomicOperationTransitionNotifyListenerTake  - ProcessInstance[217] takes transition (theStart)--flow1--&gt;(javaService)
10:47:16,549 [Thread-92] DEBUG org.activiti.engine.impl.db.DbSqlSession  -   update PropertyEntity[name=next.dbid, value=223]
10:47:16,549 [Thread-92] DEBUG org.activiti.engine.impl.db.DbSqlSession  - flush summary: 0 insert, 1 update, 0 delete.
10:47:16,549 [Thread-92] DEBUG org.activiti.engine.impl.db.DbSqlSession  - now executing flush...
10:47:16,549 [Thread-92] DEBUG org.activiti.engine.impl.db.DbSqlSession  - updating: PropertyEntity[name=next.dbid, value=223]
10:47:16,549 [Thread-100] DEBUG org.activiti.engine.impl.history.DefaultHistoryManager  - Current history level: FULL, level required: ACTIVITY
10:47:16,549 [Thread-92] DEBUG org.activiti.engine.impl.persistence.entity.PropertyEntity.updateProperty  - ==&gt;  Preparing: update ACT_GE_PROPERTY SET REV_ = ?, VALUE_ = ? where NAME_ = ? and REV_ = ? 
10:47:16,549 [Thread-92] DEBUG org.activiti.engine.impl.persistence.entity.PropertyEntity.updateProperty  - ==&gt; Parameters: 75(Integer), 223(String), next.dbid(String), 74(Integer)
10:47:16,549 [Thread-92] DEBUG org.activiti.engine.impl.persistence.entity.PropertyEntity.updateProperty  - &lt;==    Updates: 1
10:47:16,549 [Thread-92] DEBUG org.activiti.engine.impl.cfg.standalone.StandaloneMybatisTransactionContext  - firing event committing...
10:47:16,549 [Thread-92] DEBUG org.activiti.engine.impl.cfg.standalone.StandaloneMybatisTransactionContext  - committing the ibatis sql session...
10:47:16,549 [Thread-92] DEBUG org.apache.ibatis.transaction.jdbc.JdbcTransaction  - Committing JDBC Connection [conn54: url=jdbc:h2:mem:activiti user=SA]
10:47:16,549 [Thread-92] DEBUG org.activiti.engine.impl.cfg.standalone.StandaloneMybatisTransactionContext  - firing event committed...
10:47:16,549 [Thread-92] DEBUG org.apache.ibatis.transaction.jdbc.JdbcTransaction  - Resetting autocommit to true on JDBC Connection [conn54: url=jdbc:h2:mem:activiti user=SA]
10:47:16,549 [Thread-92] DEBUG org.apache.ibatis.transaction.jdbc.JdbcTransaction  - Closing JDBC Connection [conn54: url=jdbc:h2:mem:activiti user=SA]
10:47:16,549 [Thread-92] DEBUG org.apache.ibatis.datasource.pooled.PooledDataSource  - Returned connection 1094226572 to pool.
10:47:16,549 [Thread-92] DEBUG org.activiti.engine.impl.interceptor.LogInterceptor  - --- GetNextIdBlockCmd finished --------------------------------------------------------
10:47:16,549 [Thread-92] DEBUG org.activiti.engine.impl.interceptor.LogInterceptor  - 

10:47:16,549 [Thread-92] DEBUG org.activiti.engine.impl.pvm.runtime.AtomicOperationActivityExecute  - ProcessInstance[218] executes Activity(theStart): org.activiti.engine.impl.bpmn.behavior.NoneStartEventActivityBehavior
10:47:16,549 [Thread-100] DEBUG org.activiti.engine.impl.pvm.runtime.AtomicOperationActivityExecute  - ProcessInstance[217] executes Activity(javaService): org.activiti.engine.impl.bpmn.helper.ClassDelegate
10:47:16,549 [Thread-92] DEBUG org.activiti.engine.impl.persistence.entity.JobEntity.selectJobsByExecutionId  - ==&gt;  Preparing: select * from ACT_RU_JOB J where J.EXECUTION_ID_ = ? 
10:47:16,549 [Thread-100] DEBUG org.activiti.engine.impl.db.DbSqlSession  -   insert ProcessInstance[217]
10:47:16,549 [Thread-100] DEBUG org.activiti.engine.impl.db.DbSqlSession  -   insert HistoricProcessInstanceEntity[superProcessInstanceId=null]
10:47:16,549 [Thread-100] DEBUG org.activiti.engine.impl.db.DbSqlSession  -   insert HistoricActivityInstanceEntity[activityId=theStart, activityName=null]
10:47:16,549 [Thread-100] DEBUG org.activiti.engine.impl.db.DbSqlSession  -   insert HistoricActivityInstanceEntity[activityId=javaService, activityName=Java service invocation]
10:47:16,549 [Thread-100] DEBUG org.activiti.engine.impl.db.DbSqlSession  - flush summary: 4 insert, 0 update, 0 delete.
10:47:16,549 [Thread-100] DEBUG org.activiti.engine.impl.db.DbSqlSession  - now executing flush...
10:47:16,549 [Thread-100] DEBUG org.activiti.engine.impl.db.DbSqlSession  - inserting: HistoricProcessInstanceEntity[superProcessInstanceId=null]
10:47:16,549 [Thread-92] DEBUG org.activiti.engine.impl.persistence.entity.JobEntity.selectJobsByExecutionId  - ==&gt; Parameters: 218(String)
10:47:16,550 [Thread-100] DEBUG org.activiti.engine.impl.persistence.entity.HistoricProcessInstanceEntity.insertHistoricProcessInstance  - ==&gt;  Preparing: insert into ACT_HI_PROCINST ( ID_, PROC_INST_ID_, BUSINESS_KEY_, PROC_DEF_ID_, START_TIME_, END_TIME_, DURATION_, START_USER_ID_, START_ACT_ID_, END_ACT_ID_, SUPER_PROCESS_INSTANCE_ID_, DELETE_REASON_, TENANT_ID_, NAME_ ) values ( ?, ?, ?, ?, ?, ?, ?, ?, ?, ?, ?, ?, ?, ? ) 
10:47:16,550 [Thread-92] DEBUG org.activiti.engine.impl.persistence.entity.JobEntity.selectJobsByExecutionId  - &lt;==      Total: 0
10:47:16,550 [Thread-92] DEBUG org.activiti.engine.impl.bpmn.behavior.BpmnActivityBehavior  - Leaving activity &apos;theStart&apos;
10:47:16,550 [Thread-100] DEBUG org.activiti.engine.impl.persistence.entity.HistoricProcessInstanceEntity.insertHistoricProcessInstance  - ==&gt; Parameters: 217(String), 217(String), null, idGeneratorDataSource:1:3(String), 2015-01-01 00:00:00.0(Timestamp), null, null, null, theStart(String), null, null, null, (String), null
10:47:16,550 [Thread-92] DEBUG org.activiti.engine.impl.history.DefaultHistoryManager  - Current history level: FULL, level required: ACTIVITY
10:47:16,550 [Thread-100] DEBUG org.activiti.engine.impl.persistence.entity.HistoricProcessInstanceEntity.insertHistoricProcessInstance  - &lt;==    Updates: 1
10:47:16,550 [Thread-92] DEBUG org.activiti.engine.impl.pvm.runtime.AtomicOperationTransitionNotifyListenerTake  - ProcessInstance[218] takes transition (theStart)--flow1--&gt;(javaService)
10:47:16,550 [Thread-92] DEBUG org.activiti.engine.impl.history.DefaultHistoryManager  - Current history level: FULL, level required: ACTIVITY
10:47:16,550 [Thread-92] DEBUG org.activiti.engine.impl.pvm.runtime.AtomicOperationActivityExecute  - ProcessInstance[218] executes Activity(javaService): org.activiti.engine.impl.bpmn.helper.ClassDelegate
10:47:16,550 [Thread-100] DEBUG org.activiti.engine.impl.persistence.entity.HistoricActivityInstanceEntity.bulkInsertHistoricActivityInstance  - ==&gt;  Preparing: insert into ACT_HI_ACTINST ( ID_, PROC_DEF_ID_, PROC_INST_ID_, EXECUTION_ID_, ACT_ID_, TASK_ID_, CALL_PROC_INST_ID_, ACT_NAME_, ACT_TYPE_, ASSIGNEE_, START_TIME_, END_TIME_, DURATION_, TENANT_ID_ ) values (?, ?, ?, ?, ?, ?, ?, ?, ?, ?, ?, ?, ?, ?) , (?, ?, ?, ?, ?, ?, ?, ?, ?, ?, ?, ?, ?, ?) 
10:47:16,550 [Thread-92] DEBUG org.activiti.engine.impl.db.DbSqlSession  -   insert ProcessInstance[218]
10:47:16,550 [Thread-92] DEBUG org.activiti.engine.impl.db.DbSqlSession  -   insert HistoricProcessInstanceEntity[superProcessInstanceId=null]
10:47:16,550 [Thread-92] DEBUG org.activiti.engine.impl.db.DbSqlSession  -   insert HistoricActivityInstanceEntity[activityId=theStart, activityName=null]
10:47:16,550 [Thread-92] DEBUG org.activiti.engine.impl.db.DbSqlSession  -   insert HistoricActivityInstanceEntity[activityId=javaService, activityName=Java service invocation]
10:47:16,550 [Thread-92] DEBUG org.activiti.engine.impl.db.DbSqlSession  - flush summary: 4 insert, 0 update, 0 delete.
10:47:16,550 [Thread-92] DEBUG org.activiti.engine.impl.db.DbSqlSession  - now executing flush...
10:47:16,550 [Thread-92] DEBUG org.activiti.engine.impl.db.DbSqlSession  - inserting: HistoricProcessInstanceEntity[superProcessInstanceId=null]
10:47:16,550 [Thread-100] DEBUG org.activiti.engine.impl.persistence.entity.HistoricActivityInstanceEntity.bulkInsertHistoricActivityInstance  - ==&gt; Parameters: 219(String), idGeneratorDataSource:1:3(String), 217(String), 217(String), theStart(String), null, null, null, startEvent(String), null, 2015-01-01 00:00:00.0(Timestamp), 2015-01-01 00:00:00.0(Timestamp), 0(Long), (String), 221(String), idGeneratorDataSource:1:3(String), 217(String), 217(String), javaService(String), null, null, Java service invocation(String), serviceTask(String), null, 2015-01-01 00:00:00.0(Timestamp), null, null, (String)
10:47:16,550 [Thread-92] DEBUG org.activiti.engine.impl.persistence.entity.HistoricProcessInstanceEntity.insertHistoricProcessInstance  - ==&gt;  Preparing: insert into ACT_HI_PROCINST ( ID_, PROC_INST_ID_, BUSINESS_KEY_, PROC_DEF_ID_, START_TIME_, END_TIME_, DURATION_, START_USER_ID_, START_ACT_ID_, END_ACT_ID_, SUPER_PROCESS_INSTANCE_ID_, DELETE_REASON_, TENANT_ID_, NAME_ ) values ( ?, ?, ?, ?, ?, ?, ?, ?, ?, ?, ?, ?, ?, ? ) 
10:47:16,550 [Thread-100] DEBUG org.activiti.engine.impl.persistence.entity.HistoricActivityInstanceEntity.bulkInsertHistoricActivityInstance  - &lt;==    Updates: 2
10:47:16,550 [Thread-100] DEBUG org.activiti.engine.impl.db.DbSqlSession  - inserting: ProcessInstance[217]
10:47:16,550 [Thread-92] DEBUG org.activiti.engine.impl.persistence.entity.HistoricProcessInstanceEntity.insertHistoricProcessInstance  - ==&gt; Parameters: 218(String), 218(String), null, idGeneratorDataSource:1:3(String), 2015-01-01 00:00:00.0(Timestamp), null, null, null, theStart(String), null, null, null, (String), null
10:47:16,550 [Thread-100] DEBUG org.activiti.engine.impl.persistence.entity.ExecutionEntity.insertExecution  - ==&gt;  Preparing: insert into ACT_RU_EXECUTION (ID_, REV_, PROC_INST_ID_, BUSINESS_KEY_, PROC_DEF_ID_, ACT_ID_, IS_ACTIVE_, IS_CONCURRENT_, IS_SCOPE_,IS_EVENT_SCOPE_, PARENT_ID_, SUPER_EXEC_, SUSPENSION_STATE_, CACHED_ENT_STATE_, TENANT_ID_, NAME_) values ( ?, 1, ?, ?, ?, ?, ?, ?, ?, ?, ?, ?, ?, ?, ?, ? ) 
10:47:16,550 [Thread-100] DEBUG org.activiti.engine.impl.persistence.entity.ExecutionEntity.insertExecution  - ==&gt; Parameters: 217(String), 217(String), null, idGeneratorDataSource:1:3(String), javaService(String), true(Boolean), false(Boolean), true(Boolean), false(Boolean), null, null, 1(Integer), 2(Integer), (String), null
10:47:16,550 [Thread-100] DEBUG org.activiti.engine.impl.persistence.entity.ExecutionEntity.insertExecution  - &lt;==    Updates: 1
10:47:16,550 [Thread-100] DEBUG org.activiti.engine.impl.cfg.standalone.StandaloneMybatisTransactionContext  - firing event committing...
10:47:16,550 [Thread-100] DEBUG org.activiti.engine.impl.cfg.standalone.StandaloneMybatisTransactionContext  - committing the ibatis sql session...
10:47:16,550 [Thread-100] DEBUG org.apache.ibatis.transaction.jdbc.JdbcTransaction  - Committing JDBC Connection [conn55: url=jdbc:h2:mem:activiti user=SA]
10:47:16,550 [Thread-100] DEBUG org.activiti.engine.impl.cfg.standalone.StandaloneMybatisTransactionContext  - firing event committed...
10:47:16,550 [Thread-100] DEBUG org.apache.ibatis.transaction.jdbc.JdbcTransaction  - Resetting autocommit to true on JDBC Connection [conn55: url=jdbc:h2:mem:activiti user=SA]
10:47:16,550 [Thread-100] DEBUG org.apache.ibatis.transaction.jdbc.JdbcTransaction  - Closing JDBC Connection [conn55: url=jdbc:h2:mem:activiti user=SA]
10:47:16,550 [Thread-100] DEBUG org.apache.ibatis.datasource.pooled.PooledDataSource  - Returned connection 14606730 to pool.
10:47:16,550 [Thread-92] DEBUG org.activiti.engine.impl.persistence.entity.HistoricProcessInstanceEntity.insertHistoricProcessInstance  - &lt;==    Updates: 1
10:47:16,550 [Thread-85] DEBUG org.apache.ibatis.datasource.pooled.PooledDataSource  - Checked out connection 14606730 from pool.
10:47:16,550 [Thread-100] DEBUG org.activiti.engine.impl.interceptor.LogInterceptor  - --- StartProcessInstanceCmd finished --------------------------------------------------------
10:47:16,551 [Thread-97] DEBUG org.apache.ibatis.datasource.pooled.PooledDataSource  - Waiting as long as 20000 milliseconds for connection.
10:47:16,551 [Thread-92] DEBUG org.activiti.engine.impl.persistence.entity.HistoricActivityInstanceEntity.bulkInsertHistoricActivityInstance  - ==&gt;  Preparing: insert into ACT_HI_ACTINST ( ID_, PROC_DEF_ID_, PROC_INST_ID_, EXECUTION_ID_, ACT_ID_, TASK_ID_, CALL_PROC_INST_ID_, ACT_NAME_, ACT_TYPE_, ASSIGNEE_, START_TIME_, END_TIME_, DURATION_, TENANT_ID_ ) values (?, ?, ?, ?, ?, ?, ?, ?, ?, ?, ?, ?, ?, ?) , (?, ?, ?, ?, ?, ?, ?, ?, ?, ?, ?, ?, ?, ?) 
10:47:16,551 [Thread-100] DEBUG org.activiti.engine.impl.interceptor.LogInterceptor  - 

10:47:16,551 [Thread-100] DEBUG org.activiti.engine.impl.interceptor.LogInterceptor  - 

10:47:16,551 [Thread-100] DEBUG org.activiti.engine.impl.interceptor.LogInterceptor  - --- starting StartProcessInstanceCmd --------------------------------------------------------
10:47:16,550 [Thread-85] DEBUG org.apache.ibatis.transaction.jdbc.JdbcTransaction  - Setting autocommit to false on JDBC Connection [conn55: url=jdbc:h2:mem:activiti user=SA]
10:47:16,551 [Thread-100] DEBUG org.apache.ibatis.transaction.jdbc.JdbcTransaction  - Opening JDBC Connection
10:47:16,551 [Thread-92] DEBUG org.activiti.engine.impl.persistence.entity.HistoricActivityInstanceEntity.bulkInsertHistoricActivityInstance  - ==&gt; Parameters: 220(String), idGeneratorDataSource:1:3(String), 218(String), 218(String), theStart(String), null, null, null, startEvent(String), null, 2015-01-01 00:00:00.0(Timestamp), 2015-01-01 00:00:00.0(Timestamp), 0(Long), (String), 222(String), idGeneratorDataSource:1:3(String), 218(String), 218(String), javaService(String), null, null, Java service invocation(String), serviceTask(String), null, 2015-01-01 00:00:00.0(Timestamp), null, null, (String)
10:47:16,551 [Thread-94] DEBUG org.apache.ibatis.datasource.pooled.PooledDataSource  - Waiting as long as 20000 milliseconds for connection.
10:47:16,551 [Thread-92] DEBUG org.activiti.engine.impl.persistence.entity.HistoricActivityInstanceEntity.bulkInsertHistoricActivityInstance  - &lt;==    Updates: 2
10:47:16,551 [Thread-92] DEBUG org.activiti.engine.impl.db.DbSqlSession  - inserting: ProcessInstance[218]
10:47:16,551 [Thread-85] DEBUG org.activiti.engine.impl.persistence.entity.ProcessDefinitionEntity.selectLatestProcessDefinitionByKey  - ==&gt;  Preparing: select * from ACT_RE_PROCDEF where KEY_ = ? and (TENANT_ID_ = &apos;&apos; or TENANT_ID_ is null) and VERSION_ = (select max(VERSION_) from ACT_RE_PROCDEF where KEY_ = ? and (TENANT_ID_ = &apos;&apos; or TENANT_ID_ is null)) 
10:47:16,551 [Thread-92] DEBUG org.activiti.engine.impl.persistence.entity.ExecutionEntity.insertExecution  - ==&gt;  Preparing: insert into ACT_RU_EXECUTION (ID_, REV_, PROC_INST_ID_, BUSINESS_KEY_, PROC_DEF_ID_, ACT_ID_, IS_ACTIVE_, IS_CONCURRENT_, IS_SCOPE_,IS_EVENT_SCOPE_, PARENT_ID_, SUPER_EXEC_, SUSPENSION_STATE_, CACHED_ENT_STATE_, TENANT_ID_, NAME_) values ( ?, 1, ?, ?, ?, ?, ?, ?, ?, ?, ?, ?, ?, ?, ?, ? ) 
10:47:16,551 [Thread-95] DEBUG org.apache.ibatis.datasource.pooled.PooledDataSource  - Waiting as long as 20000 milliseconds for connection.
10:47:16,551 [Thread-92] DEBUG org.activiti.engine.impl.persistence.entity.ExecutionEntity.insertExecution  - ==&gt; Parameters: 218(String), 218(String), null, idGeneratorDataSource:1:3(String), javaService(String), true(Boolean), false(Boolean), true(Boolean), false(Boolean), null, null, 1(Integer), 2(Integer), (String), null
10:47:16,551 [Thread-85] DEBUG org.activiti.engine.impl.persistence.entity.ProcessDefinitionEntity.selectLatestProcessDefinitionByKey  - ==&gt; Parameters: idGeneratorDataSource(String), idGeneratorDataSource(String)
10:47:16,551 [Thread-92] DEBUG org.activiti.engine.impl.persistence.entity.ExecutionEntity.insertExecution  - &lt;==    Updates: 1
10:47:16,551 [Thread-92] DEBUG org.activiti.engine.impl.cfg.standalone.StandaloneMybatisTransactionContext  - firing event committing...
10:47:16,551 [Thread-92] DEBUG org.activiti.engine.impl.cfg.standalone.StandaloneMybatisTransactionContext  - committing the ibatis sql session...
10:47:16,551 [Thread-92] DEBUG org.apache.ibatis.transaction.jdbc.JdbcTransaction  - Committing JDBC Connection [conn53: url=jdbc:h2:mem:activiti user=SA]
10:47:16,551 [Thread-92] DEBUG org.activiti.engine.impl.cfg.standalone.StandaloneMybatisTransactionContext  - firing event committed...
10:47:16,551 [Thread-92] DEBUG org.apache.ibatis.transaction.jdbc.JdbcTransaction  - Resetting autocommit to true on JDBC Connection [conn53: url=jdbc:h2:mem:activiti user=SA]
10:47:16,551 [Thread-92] DEBUG org.apache.ibatis.transaction.jdbc.JdbcTransaction  - Closing JDBC Connection [conn53: url=jdbc:h2:mem:activiti user=SA]
10:47:16,551 [Thread-93] DEBUG org.apache.ibatis.datasource.pooled.PooledDataSource  - Waiting as long as 20000 milliseconds for connection.
10:47:16,551 [Thread-85] DEBUG org.activiti.engine.impl.persistence.entity.ProcessDefinitionEntity.selectLatestProcessDefinitionByKey  - &lt;==      Total: 1
10:47:16,551 [Thread-100] DEBUG org.apache.ibatis.datasource.pooled.PooledDataSource  - Waiting as long as 20000 milliseconds for connection.
10:47:16,551 [Thread-85] DEBUG org.activiti.engine.impl.interceptor.LogInterceptor  - 

10:47:16,551 [Thread-85] DEBUG org.activiti.engine.impl.interceptor.LogInterceptor  - --- starting GetNextIdBlockCmd --------------------------------------------------------
10:47:16,551 [Thread-92] DEBUG org.apache.ibatis.datasource.pooled.PooledDataSource  - Returned connection 826925275 to pool.
10:47:16,551 [Thread-85] DEBUG org.apache.ibatis.transaction.jdbc.JdbcTransaction  - Opening JDBC Connection
10:47:16,551 [Thread-85] DEBUG org.apache.ibatis.datasource.pooled.PooledDataSource  - Checked out connection 1094226572 from pool.
10:47:16,551 [Thread-85] DEBUG org.apache.ibatis.transaction.jdbc.JdbcTransaction  - Setting autocommit to false on JDBC Connection [conn54: url=jdbc:h2:mem:activiti user=SA]
10:47:16,551 [Thread-85] DEBUG org.activiti.engine.impl.persistence.entity.PropertyEntity.selectProperty  - ==&gt;  Preparing: select * from ACT_GE_PROPERTY where NAME_ = ? 
10:47:16,551 [Thread-100] DEBUG org.apache.ibatis.datasource.pooled.PooledDataSource  - Checked out connection 826925275 from pool.
10:47:16,552 [Thread-100] DEBUG org.apache.ibatis.transaction.jdbc.JdbcTransaction  - Setting autocommit to false on JDBC Connection [conn53: url=jdbc:h2:mem:activiti user=SA]
10:47:16,551 [Thread-92] DEBUG org.activiti.engine.impl.interceptor.LogInterceptor  - --- StartProcessInstanceCmd finished --------------------------------------------------------
10:47:16,552 [Thread-92] DEBUG org.activiti.engine.impl.interceptor.LogInterceptor  - 

10:47:16,552 [Thread-92] DEBUG org.activiti.engine.impl.interceptor.LogInterceptor  - 

10:47:16,552 [Thread-92] DEBUG org.activiti.engine.impl.interceptor.LogInterceptor  - --- starting StartProcessInstanceCmd --------------------------------------------------------
10:47:16,552 [Thread-100] DEBUG org.activiti.engine.impl.persistence.entity.ProcessDefinitionEntity.selectLatestProcessDefinitionByKey  - ==&gt;  Preparing: select * from ACT_RE_PROCDEF where KEY_ = ? and (TENANT_ID_ = &apos;&apos; or TENANT_ID_ is null) and VERSION_ = (select max(VERSION_) from ACT_RE_PROCDEF where KEY_ = ? and (TENANT_ID_ = &apos;&apos; or TENANT_ID_ is null)) 
10:47:16,552 [Thread-93] DEBUG org.apache.ibatis.datasource.pooled.PooledDataSource  - Waiting as long as 20000 milliseconds for connection.
10:47:16,551 [Thread-85] DEBUG org.activiti.engine.impl.persistence.entity.PropertyEntity.selectProperty  - ==&gt; Parameters: next.dbid(String)
10:47:16,552 [Thread-95] DEBUG org.apache.ibatis.datasource.pooled.PooledDataSource  - Waiting as long as 20000 milliseconds for connection.
10:47:16,552 [Thread-100] DEBUG org.activiti.engine.impl.persistence.entity.ProcessDefinitionEntity.selectLatestProcessDefinitionByKey  - ==&gt; Parameters: idGeneratorDataSource(String), idGeneratorDataSource(String)
10:47:16,552 [Thread-92] DEBUG org.apache.ibatis.transaction.jdbc.JdbcTransaction  - Opening JDBC Connection
10:47:16,552 [Thread-100] DEBUG org.activiti.engine.impl.persistence.entity.ProcessDefinitionEntity.selectLatestProcessDefinitionByKey  - &lt;==      Total: 1
10:47:16,552 [Thread-94] DEBUG org.apache.ibatis.datasource.pooled.PooledDataSource  - Waiting as long as 20000 milliseconds for connection.
10:47:16,552 [Thread-85] DEBUG org.activiti.engine.impl.persistence.entity.PropertyEntity.selectProperty  - &lt;==      Total: 1
10:47:16,552 [Thread-97] DEBUG org.apache.ibatis.datasource.pooled.PooledDataSource  - Waiting as long as 20000 milliseconds for connection.
10:47:16,552 [Thread-85] DEBUG org.activiti.engine.impl.db.DbSqlSession  -   update PropertyEntity[name=next.dbid, value=226]
10:47:16,552 [Thread-85] DEBUG org.activiti.engine.impl.db.DbSqlSession  - flush summary: 0 insert, 1 update, 0 delete.
10:47:16,552 [Thread-85] DEBUG org.activiti.engine.impl.db.DbSqlSession  - now executing flush...
10:47:16,552 [Thread-85] DEBUG org.activiti.engine.impl.db.DbSqlSession  - updating: PropertyEntity[name=next.dbid, value=226]
10:47:16,552 [Thread-92] DEBUG org.apache.ibatis.datasource.pooled.PooledDataSource  - Waiting as long as 20000 milliseconds for connection.
10:47:16,552 [Thread-85] DEBUG org.activiti.engine.impl.persistence.entity.PropertyEntity.updateProperty  - ==&gt;  Preparing: update ACT_GE_PROPERTY SET REV_ = ?, VALUE_ = ? where NAME_ = ? and REV_ = ? 
10:47:16,552 [Thread-85] DEBUG org.activiti.engine.impl.persistence.entity.PropertyEntity.updateProperty  - ==&gt; Parameters: 76(Integer), 226(String), next.dbid(String), 75(Integer)
10:47:16,552 [Thread-85] DEBUG org.activiti.engine.impl.persistence.entity.PropertyEntity.updateProperty  - &lt;==    Updates: 1
10:47:16,552 [Thread-85] DEBUG org.activiti.engine.impl.cfg.standalone.StandaloneMybatisTransactionContext  - firing event committing...
10:47:16,552 [Thread-85] DEBUG org.activiti.engine.impl.cfg.standalone.StandaloneMybatisTransactionContext  - committing the ibatis sql session...
10:47:16,552 [Thread-85] DEBUG org.apache.ibatis.transaction.jdbc.JdbcTransaction  - Committing JDBC Connection [conn54: url=jdbc:h2:mem:activiti user=SA]
10:47:16,552 [Thread-85] DEBUG org.activiti.engine.impl.cfg.standalone.StandaloneMybatisTransactionContext  - firing event committed...
10:47:16,552 [Thread-85] DEBUG org.apache.ibatis.transaction.jdbc.JdbcTransaction  - Resetting autocommit to true on JDBC Connection [conn54: url=jdbc:h2:mem:activiti user=SA]
10:47:16,552 [Thread-85] DEBUG org.apache.ibatis.transaction.jdbc.JdbcTransaction  - Closing JDBC Connection [conn54: url=jdbc:h2:mem:activiti user=SA]
10:47:16,552 [Thread-85] DEBUG org.apache.ibatis.datasource.pooled.PooledDataSource  - Returned connection 1094226572 to pool.
10:47:16,552 [Thread-85] DEBUG org.activiti.engine.impl.interceptor.LogInterceptor  - --- GetNextIdBlockCmd finished --------------------------------------------------------
10:47:16,552 [Thread-85] DEBUG org.activiti.engine.impl.interceptor.LogInterceptor  - 

10:47:16,552 [Thread-85] DEBUG org.activiti.engine.impl.persistence.entity.ExecutionEntity  - initializing ProcessInstance[223]
10:47:16,552 [Thread-100] DEBUG org.activiti.engine.impl.persistence.entity.ExecutionEntity  - initializing ProcessInstance[224]
10:47:16,552 [Thread-85] DEBUG org.activiti.engine.impl.history.DefaultHistoryManager  - Current history level: FULL, level required: ACTIVITY
10:47:16,552 [Thread-100] DEBUG org.activiti.engine.impl.history.DefaultHistoryManager  - Current history level: FULL, level required: ACTIVITY
10:47:16,552 [Thread-85] DEBUG org.activiti.engine.impl.pvm.runtime.AtomicOperationActivityExecute  - ProcessInstance[223] executes Activity(theStart): org.activiti.engine.impl.bpmn.behavior.NoneStartEventActivityBehavior
10:47:16,552 [Thread-100] DEBUG org.activiti.engine.impl.interceptor.LogInterceptor  - 

10:47:16,552 [Thread-85] DEBUG org.activiti.engine.impl.persistence.entity.JobEntity.selectJobsByExecutionId  - ==&gt;  Preparing: select * from ACT_RU_JOB J where J.EXECUTION_ID_ = ? 
10:47:16,553 [Thread-100] DEBUG org.activiti.engine.impl.interceptor.LogInterceptor  - --- starting GetNextIdBlockCmd --------------------------------------------------------
10:47:16,553 [Thread-85] DEBUG org.activiti.engine.impl.persistence.entity.JobEntity.selectJobsByExecutionId  - ==&gt; Parameters: 223(String)
10:47:16,553 [Thread-100] DEBUG org.apache.ibatis.transaction.jdbc.JdbcTransaction  - Opening JDBC Connection
10:47:16,553 [Thread-100] DEBUG org.apache.ibatis.datasource.pooled.PooledDataSource  - Checked out connection 1094226572 from pool.
10:47:16,553 [Thread-100] DEBUG org.apache.ibatis.transaction.jdbc.JdbcTransaction  - Setting autocommit to false on JDBC Connection [conn54: url=jdbc:h2:mem:activiti user=SA]
10:47:16,553 [Thread-100] DEBUG org.activiti.engine.impl.persistence.entity.PropertyEntity.selectProperty  - ==&gt;  Preparing: select * from ACT_GE_PROPERTY where NAME_ = ? 
10:47:16,553 [Thread-85] DEBUG org.activiti.engine.impl.persistence.entity.JobEntity.selectJobsByExecutionId  - &lt;==      Total: 0
10:47:16,553 [Thread-100] DEBUG org.activiti.engine.impl.persistence.entity.PropertyEntity.selectProperty  - ==&gt; Parameters: next.dbid(String)
10:47:16,553 [Thread-85] DEBUG org.activiti.engine.impl.bpmn.behavior.BpmnActivityBehavior  - Leaving activity &apos;theStart&apos;
10:47:16,553 [Thread-100] DEBUG org.activiti.engine.impl.persistence.entity.PropertyEntity.selectProperty  - &lt;==      Total: 1
10:47:16,553 [Thread-85] DEBUG org.activiti.engine.impl.history.DefaultHistoryManager  - Current history level: FULL, level required: ACTIVITY
10:47:16,553 [Thread-100] DEBUG org.activiti.engine.impl.db.DbSqlSession  -   update PropertyEntity[name=next.dbid, value=229]
10:47:16,553 [Thread-100] DEBUG org.activiti.engine.impl.db.DbSqlSession  - flush summary: 0 insert, 1 update, 0 delete.
10:47:16,553 [Thread-100] DEBUG org.activiti.engine.impl.db.DbSqlSession  - now executing flush...
10:47:16,553 [Thread-100] DEBUG org.activiti.engine.impl.db.DbSqlSession  - updating: PropertyEntity[name=next.dbid, value=229]
10:47:16,553 [Thread-85] DEBUG org.activiti.engine.impl.pvm.runtime.AtomicOperationTransitionNotifyListenerTake  - ProcessInstance[223] takes transition (theStart)--flow1--&gt;(javaService)
10:47:16,553 [Thread-100] DEBUG org.activiti.engine.impl.persistence.entity.PropertyEntity.updateProperty  - ==&gt;  Preparing: update ACT_GE_PROPERTY SET REV_ = ?, VALUE_ = ? where NAME_ = ? and REV_ = ? 
10:47:16,553 [Thread-85] DEBUG org.activiti.engine.impl.history.DefaultHistoryManager  - Current history level: FULL, level required: ACTIVITY
10:47:16,553 [Thread-100] DEBUG org.activiti.engine.impl.persistence.entity.PropertyEntity.updateProperty  - ==&gt; Parameters: 77(Integer), 229(String), next.dbid(String), 76(Integer)
10:47:16,553 [Thread-100] DEBUG org.activiti.engine.impl.persistence.entity.PropertyEntity.updateProperty  - &lt;==    Updates: 1
10:47:16,553 [Thread-100] DEBUG org.activiti.engine.impl.cfg.standalone.StandaloneMybatisTransactionContext  - firing event committing...
10:47:16,553 [Thread-100] DEBUG org.activiti.engine.impl.cfg.standalone.StandaloneMybatisTransactionContext  - committing the ibatis sql session...
10:47:16,553 [Thread-100] DEBUG org.apache.ibatis.transaction.jdbc.JdbcTransaction  - Committing JDBC Connection [conn54: url=jdbc:h2:mem:activiti user=SA]
10:47:16,553 [Thread-100] DEBUG org.activiti.engine.impl.cfg.standalone.StandaloneMybatisTransactionContext  - firing event committed...
10:47:16,553 [Thread-100] DEBUG org.apache.ibatis.transaction.jdbc.JdbcTransaction  - Resetting autocommit to true on JDBC Connection [conn54: url=jdbc:h2:mem:activiti user=SA]
10:47:16,553 [Thread-100] DEBUG org.apache.ibatis.transaction.jdbc.JdbcTransaction  - Closing JDBC Connection [conn54: url=jdbc:h2:mem:activiti user=SA]
10:47:16,553 [Thread-100] DEBUG org.apache.ibatis.datasource.pooled.PooledDataSource  - Returned connection 1094226572 to pool.
10:47:16,553 [Thread-100] DEBUG org.activiti.engine.impl.interceptor.LogInterceptor  - --- GetNextIdBlockCmd finished --------------------------------------------------------
10:47:16,553 [Thread-100] DEBUG org.activiti.engine.impl.interceptor.LogInterceptor  - 

10:47:16,554 [Thread-85] DEBUG org.activiti.engine.impl.pvm.runtime.AtomicOperationActivityExecute  - ProcessInstance[223] executes Activity(javaService): org.activiti.engine.impl.bpmn.helper.ClassDelegate
10:47:16,554 [Thread-100] DEBUG org.activiti.engine.impl.pvm.runtime.AtomicOperationActivityExecute  - ProcessInstance[224] executes Activity(theStart): org.activiti.engine.impl.bpmn.behavior.NoneStartEventActivityBehavior
10:47:16,554 [Thread-85] DEBUG org.activiti.engine.impl.db.DbSqlSession  -   insert ProcessInstance[223]
10:47:16,554 [Thread-85] DEBUG org.activiti.engine.impl.db.DbSqlSession  -   insert HistoricProcessInstanceEntity[superProcessInstanceId=null]
10:47:16,554 [Thread-85] DEBUG org.activiti.engine.impl.db.DbSqlSession  -   insert HistoricActivityInstanceEntity[activityId=theStart, activityName=null]
10:47:16,554 [Thread-85] DEBUG org.activiti.engine.impl.db.DbSqlSession  -   insert HistoricActivityInstanceEntity[activityId=javaService, activityName=Java service invocation]
10:47:16,554 [Thread-85] DEBUG org.activiti.engine.impl.db.DbSqlSession  - flush summary: 4 insert, 0 update, 0 delete.
10:47:16,554 [Thread-85] DEBUG org.activiti.engine.impl.db.DbSqlSession  - now executing flush...
10:47:16,554 [Thread-85] DEBUG org.activiti.engine.impl.db.DbSqlSession  - inserting: HistoricProcessInstanceEntity[superProcessInstanceId=null]
10:47:16,554 [Thread-100] DEBUG org.activiti.engine.impl.persistence.entity.JobEntity.selectJobsByExecutionId  - ==&gt;  Preparing: select * from ACT_RU_JOB J where J.EXECUTION_ID_ = ? 
10:47:16,554 [Thread-85] DEBUG org.activiti.engine.impl.persistence.entity.HistoricProcessInstanceEntity.insertHistoricProcessInstance  - ==&gt;  Preparing: insert into ACT_HI_PROCINST ( ID_, PROC_INST_ID_, BUSINESS_KEY_, PROC_DEF_ID_, START_TIME_, END_TIME_, DURATION_, START_USER_ID_, START_ACT_ID_, END_ACT_ID_, SUPER_PROCESS_INSTANCE_ID_, DELETE_REASON_, TENANT_ID_, NAME_ ) values ( ?, ?, ?, ?, ?, ?, ?, ?, ?, ?, ?, ?, ?, ? ) 
10:47:16,554 [Thread-100] DEBUG org.activiti.engine.impl.persistence.entity.JobEntity.selectJobsByExecutionId  - ==&gt; Parameters: 224(String)
10:47:16,554 [Thread-85] DEBUG org.activiti.engine.impl.persistence.entity.HistoricProcessInstanceEntity.insertHistoricProcessInstance  - ==&gt; Parameters: 223(String), 223(String), null, idGeneratorDataSource:1:3(String), 2015-01-01 00:00:00.0(Timestamp), null, null, null, theStart(String), null, null, null, (String), null
10:47:16,554 [Thread-100] DEBUG org.activiti.engine.impl.persistence.entity.JobEntity.selectJobsByExecutionId  - &lt;==      Total: 0
10:47:16,554 [Thread-100] DEBUG org.activiti.engine.impl.bpmn.behavior.BpmnActivityBehavior  - Leaving activity &apos;theStart&apos;
10:47:16,554 [Thread-85] DEBUG org.activiti.engine.impl.persistence.entity.HistoricProcessInstanceEntity.insertHistoricProcessInstance  - &lt;==    Updates: 1
10:47:16,554 [Thread-100] DEBUG org.activiti.engine.impl.history.DefaultHistoryManager  - Current history level: FULL, level required: ACTIVITY
10:47:16,554 [Thread-100] DEBUG org.activiti.engine.impl.pvm.runtime.AtomicOperationTransitionNotifyListenerTake  - ProcessInstance[224] takes transition (theStart)--flow1--&gt;(javaService)
10:47:16,554 [Thread-100] DEBUG org.activiti.engine.impl.history.DefaultHistoryManager  - Current history level: FULL, level required: ACTIVITY
10:47:16,554 [Thread-100] DEBUG org.activiti.engine.impl.pvm.runtime.AtomicOperationActivityExecute  - ProcessInstance[224] executes Activity(javaService): org.activiti.engine.impl.bpmn.helper.ClassDelegate
10:47:16,554 [Thread-85] DEBUG org.activiti.engine.impl.persistence.entity.HistoricActivityInstanceEntity.bulkInsertHistoricActivityInstance  - ==&gt;  Preparing: insert into ACT_HI_ACTINST ( ID_, PROC_DEF_ID_, PROC_INST_ID_, EXECUTION_ID_, ACT_ID_, TASK_ID_, CALL_PROC_INST_ID_, ACT_NAME_, ACT_TYPE_, ASSIGNEE_, START_TIME_, END_TIME_, DURATION_, TENANT_ID_ ) values (?, ?, ?, ?, ?, ?, ?, ?, ?, ?, ?, ?, ?, ?) , (?, ?, ?, ?, ?, ?, ?, ?, ?, ?, ?, ?, ?, ?) 
10:47:16,554 [Thread-100] DEBUG org.activiti.engine.impl.db.DbSqlSession  -   insert ProcessInstance[224]
10:47:16,554 [Thread-100] DEBUG org.activiti.engine.impl.db.DbSqlSession  -   insert HistoricProcessInstanceEntity[superProcessInstanceId=null]
10:47:16,554 [Thread-100] DEBUG org.activiti.engine.impl.db.DbSqlSession  -   insert HistoricActivityInstanceEntity[activityId=theStart, activityName=null]
10:47:16,554 [Thread-100] DEBUG org.activiti.engine.impl.db.DbSqlSession  -   insert HistoricActivityInstanceEntity[activityId=javaService, activityName=Java service invocation]
10:47:16,554 [Thread-100] DEBUG org.activiti.engine.impl.db.DbSqlSession  - flush summary: 4 insert, 0 update, 0 delete.
10:47:16,554 [Thread-100] DEBUG org.activiti.engine.impl.db.DbSqlSession  - now executing flush...
10:47:16,554 [Thread-100] DEBUG org.activiti.engine.impl.db.DbSqlSession  - inserting: HistoricProcessInstanceEntity[superProcessInstanceId=null]
10:47:16,554 [Thread-85] DEBUG org.activiti.engine.impl.persistence.entity.HistoricActivityInstanceEntity.bulkInsertHistoricActivityInstance  - ==&gt; Parameters: 225(String), idGeneratorDataSource:1:3(String), 223(String), 223(String), theStart(String), null, null, null, startEvent(String), null, 2015-01-01 00:00:00.0(Timestamp), 2015-01-01 00:00:00.0(Timestamp), 0(Long), (String), 227(String), idGeneratorDataSource:1:3(String), 223(String), 223(String), javaService(String), null, null, Java service invocation(String), serviceTask(String), null, 2015-01-01 00:00:00.0(Timestamp), null, null, (String)
10:47:16,554 [Thread-100] DEBUG org.activiti.engine.impl.persistence.entity.HistoricProcessInstanceEntity.insertHistoricProcessInstance  - ==&gt;  Preparing: insert into ACT_HI_PROCINST ( ID_, PROC_INST_ID_, BUSINESS_KEY_, PROC_DEF_ID_, START_TIME_, END_TIME_, DURATION_, START_USER_ID_, START_ACT_ID_, END_ACT_ID_, SUPER_PROCESS_INSTANCE_ID_, DELETE_REASON_, TENANT_ID_, NAME_ ) values ( ?, ?, ?, ?, ?, ?, ?, ?, ?, ?, ?, ?, ?, ? ) 
10:47:16,554 [Thread-85] DEBUG org.activiti.engine.impl.persistence.entity.HistoricActivityInstanceEntity.bulkInsertHistoricActivityInstance  - &lt;==    Updates: 2
10:47:16,554 [Thread-85] DEBUG org.activiti.engine.impl.db.DbSqlSession  - inserting: ProcessInstance[223]
10:47:16,554 [Thread-100] DEBUG org.activiti.engine.impl.persistence.entity.HistoricProcessInstanceEntity.insertHistoricProcessInstance  - ==&gt; Parameters: 224(String), 224(String), null, idGeneratorDataSource:1:3(String), 2015-01-01 00:00:00.0(Timestamp), null, null, null, theStart(String), null, null, null, (String), null
10:47:16,554 [Thread-85] DEBUG org.activiti.engine.impl.persistence.entity.ExecutionEntity.insertExecution  - ==&gt;  Preparing: insert into ACT_RU_EXECUTION (ID_, REV_, PROC_INST_ID_, BUSINESS_KEY_, PROC_DEF_ID_, ACT_ID_, IS_ACTIVE_, IS_CONCURRENT_, IS_SCOPE_,IS_EVENT_SCOPE_, PARENT_ID_, SUPER_EXEC_, SUSPENSION_STATE_, CACHED_ENT_STATE_, TENANT_ID_, NAME_) values ( ?, 1, ?, ?, ?, ?, ?, ?, ?, ?, ?, ?, ?, ?, ?, ? ) 
10:47:16,554 [Thread-85] DEBUG org.activiti.engine.impl.persistence.entity.ExecutionEntity.insertExecution  - ==&gt; Parameters: 223(String), 223(String), null, idGeneratorDataSource:1:3(String), javaService(String), true(Boolean), false(Boolean), true(Boolean), false(Boolean), null, null, 1(Integer), 2(Integer), (String), null
10:47:16,554 [Thread-85] DEBUG org.activiti.engine.impl.persistence.entity.ExecutionEntity.insertExecution  - &lt;==    Updates: 1
10:47:16,554 [Thread-85] DEBUG org.activiti.engine.impl.cfg.standalone.StandaloneMybatisTransactionContext  - firing event committing...
10:47:16,554 [Thread-85] DEBUG org.activiti.engine.impl.cfg.standalone.StandaloneMybatisTransactionContext  - committing the ibatis sql session...
10:47:16,555 [Thread-85] DEBUG org.apache.ibatis.transaction.jdbc.JdbcTransaction  - Committing JDBC Connection [conn55: url=jdbc:h2:mem:activiti user=SA]
10:47:16,555 [Thread-85] DEBUG org.activiti.engine.impl.cfg.standalone.StandaloneMybatisTransactionContext  - firing event committed...
10:47:16,555 [Thread-85] DEBUG org.apache.ibatis.transaction.jdbc.JdbcTransaction  - Resetting autocommit to true on JDBC Connection [conn55: url=jdbc:h2:mem:activiti user=SA]
10:47:16,555 [Thread-85] DEBUG org.apache.ibatis.transaction.jdbc.JdbcTransaction  - Closing JDBC Connection [conn55: url=jdbc:h2:mem:activiti user=SA]
10:47:16,555 [Thread-85] DEBUG org.apache.ibatis.datasource.pooled.PooledDataSource  - Returned connection 14606730 to pool.
10:47:16,555 [Thread-100] DEBUG org.activiti.engine.impl.persistence.entity.HistoricProcessInstanceEntity.insertHistoricProcessInstance  - &lt;==    Updates: 1
10:47:16,555 [Thread-92] DEBUG org.apache.ibatis.datasource.pooled.PooledDataSource  - Checked out connection 14606730 from pool.
10:47:16,555 [Thread-85] DEBUG org.activiti.engine.impl.interceptor.LogInterceptor  - --- StartProcessInstanceCmd finished --------------------------------------------------------
10:47:16,555 [Thread-85] DEBUG org.activiti.engine.impl.interceptor.LogInterceptor  - 

10:47:16,555 [Thread-85] DEBUG org.activiti.engine.impl.interceptor.LogInterceptor  - 

10:47:16,555 [Thread-85] DEBUG org.activiti.engine.impl.interceptor.LogInterceptor  - --- starting StartProcessInstanceCmd --------------------------------------------------------
10:47:16,555 [Thread-97] DEBUG org.apache.ibatis.datasource.pooled.PooledDataSource  - Waiting as long as 20000 milliseconds for connection.
10:47:16,555 [Thread-92] DEBUG org.apache.ibatis.transaction.jdbc.JdbcTransaction  - Setting autocommit to false on JDBC Connection [conn55: url=jdbc:h2:mem:activiti user=SA]
10:47:16,555 [Thread-94] DEBUG org.apache.ibatis.datasource.pooled.PooledDataSource  - Waiting as long as 20000 milliseconds for connection.
10:47:16,555 [Thread-85] DEBUG org.apache.ibatis.transaction.jdbc.JdbcTransaction  - Opening JDBC Connection
10:47:16,555 [Thread-100] DEBUG org.activiti.engine.impl.persistence.entity.HistoricActivityInstanceEntity.bulkInsertHistoricActivityInstance  - ==&gt;  Preparing: insert into ACT_HI_ACTINST ( ID_, PROC_DEF_ID_, PROC_INST_ID_, EXECUTION_ID_, ACT_ID_, TASK_ID_, CALL_PROC_INST_ID_, ACT_NAME_, ACT_TYPE_, ASSIGNEE_, START_TIME_, END_TIME_, DURATION_, TENANT_ID_ ) values (?, ?, ?, ?, ?, ?, ?, ?, ?, ?, ?, ?, ?, ?) , (?, ?, ?, ?, ?, ?, ?, ?, ?, ?, ?, ?, ?, ?) 
10:47:16,555 [Thread-95] DEBUG org.apache.ibatis.datasource.pooled.PooledDataSource  - Waiting as long as 20000 milliseconds for connection.
10:47:16,555 [Thread-92] DEBUG org.activiti.engine.impl.persistence.entity.ProcessDefinitionEntity.selectLatestProcessDefinitionByKey  - ==&gt;  Preparing: select * from ACT_RE_PROCDEF where KEY_ = ? and (TENANT_ID_ = &apos;&apos; or TENANT_ID_ is null) and VERSION_ = (select max(VERSION_) from ACT_RE_PROCDEF where KEY_ = ? and (TENANT_ID_ = &apos;&apos; or TENANT_ID_ is null)) 
10:47:16,555 [Thread-93] DEBUG org.apache.ibatis.datasource.pooled.PooledDataSource  - Waiting as long as 20000 milliseconds for connection.
10:47:16,555 [Thread-100] DEBUG org.activiti.engine.impl.persistence.entity.HistoricActivityInstanceEntity.bulkInsertHistoricActivityInstance  - ==&gt; Parameters: 226(String), idGeneratorDataSource:1:3(String), 224(String), 224(String), theStart(String), null, null, null, startEvent(String), null, 2015-01-01 00:00:00.0(Timestamp), 2015-01-01 00:00:00.0(Timestamp), 0(Long), (String), 228(String), idGeneratorDataSource:1:3(String), 224(String), 224(String), javaService(String), null, null, Java service invocation(String), serviceTask(String), null, 2015-01-01 00:00:00.0(Timestamp), null, null, (String)
10:47:16,555 [Thread-85] DEBUG org.apache.ibatis.datasource.pooled.PooledDataSource  - Waiting as long as 20000 milliseconds for connection.
10:47:16,555 [Thread-92] DEBUG org.activiti.engine.impl.persistence.entity.ProcessDefinitionEntity.selectLatestProcessDefinitionByKey  - ==&gt; Parameters: idGeneratorDataSource(String), idGeneratorDataSource(String)
10:47:16,555 [Thread-100] DEBUG org.activiti.engine.impl.persistence.entity.HistoricActivityInstanceEntity.bulkInsertHistoricActivityInstance  - &lt;==    Updates: 2
10:47:16,555 [Thread-92] DEBUG org.activiti.engine.impl.persistence.entity.ProcessDefinitionEntity.selectLatestProcessDefinitionByKey  - &lt;==      Total: 1
10:47:16,555 [Thread-100] DEBUG org.activiti.engine.impl.db.DbSqlSession  - inserting: ProcessInstance[224]
10:47:16,555 [Thread-92] DEBUG org.activiti.engine.impl.interceptor.LogInterceptor  - 

10:47:16,555 [Thread-92] DEBUG org.activiti.engine.impl.interceptor.LogInterceptor  - --- starting GetNextIdBlockCmd --------------------------------------------------------
10:47:16,555 [Thread-100] DEBUG org.activiti.engine.impl.persistence.entity.ExecutionEntity.insertExecution  - ==&gt;  Preparing: insert into ACT_RU_EXECUTION (ID_, REV_, PROC_INST_ID_, BUSINESS_KEY_, PROC_DEF_ID_, ACT_ID_, IS_ACTIVE_, IS_CONCURRENT_, IS_SCOPE_,IS_EVENT_SCOPE_, PARENT_ID_, SUPER_EXEC_, SUSPENSION_STATE_, CACHED_ENT_STATE_, TENANT_ID_, NAME_) values ( ?, 1, ?, ?, ?, ?, ?, ?, ?, ?, ?, ?, ?, ?, ?, ? ) 
10:47:16,555 [Thread-92] DEBUG org.apache.ibatis.transaction.jdbc.JdbcTransaction  - Opening JDBC Connection
10:47:16,555 [Thread-92] DEBUG org.apache.ibatis.datasource.pooled.PooledDataSource  - Checked out connection 1094226572 from pool.
10:47:16,555 [Thread-92] DEBUG org.apache.ibatis.transaction.jdbc.JdbcTransaction  - Setting autocommit to false on JDBC Connection [conn54: url=jdbc:h2:mem:activiti user=SA]
10:47:16,555 [Thread-92] DEBUG org.activiti.engine.impl.persistence.entity.PropertyEntity.selectProperty  - ==&gt;  Preparing: select * from ACT_GE_PROPERTY where NAME_ = ? 
10:47:16,555 [Thread-100] DEBUG org.activiti.engine.impl.persistence.entity.ExecutionEntity.insertExecution  - ==&gt; Parameters: 224(String), 224(String), null, idGeneratorDataSource:1:3(String), javaService(String), true(Boolean), false(Boolean), true(Boolean), false(Boolean), null, null, 1(Integer), 2(Integer), (String), null
10:47:16,555 [Thread-92] DEBUG org.activiti.engine.impl.persistence.entity.PropertyEntity.selectProperty  - ==&gt; Parameters: next.dbid(String)
10:47:16,556 [Thread-100] DEBUG org.activiti.engine.impl.persistence.entity.ExecutionEntity.insertExecution  - &lt;==    Updates: 1
10:47:16,556 [Thread-100] DEBUG org.activiti.engine.impl.cfg.standalone.StandaloneMybatisTransactionContext  - firing event committing...
10:47:16,556 [Thread-100] DEBUG org.activiti.engine.impl.cfg.standalone.StandaloneMybatisTransactionContext  - committing the ibatis sql session...
10:47:16,556 [Thread-100] DEBUG org.apache.ibatis.transaction.jdbc.JdbcTransaction  - Committing JDBC Connection [conn53: url=jdbc:h2:mem:activiti user=SA]
10:47:16,556 [Thread-92] DEBUG org.activiti.engine.impl.persistence.entity.PropertyEntity.selectProperty  - &lt;==      Total: 1
10:47:16,556 [Thread-100] DEBUG org.activiti.engine.impl.cfg.standalone.StandaloneMybatisTransactionContext  - firing event committed...
10:47:16,556 [Thread-100] DEBUG org.apache.ibatis.transaction.jdbc.JdbcTransaction  - Resetting autocommit to true on JDBC Connection [conn53: url=jdbc:h2:mem:activiti user=SA]
10:47:16,556 [Thread-100] DEBUG org.apache.ibatis.transaction.jdbc.JdbcTransaction  - Closing JDBC Connection [conn53: url=jdbc:h2:mem:activiti user=SA]
10:47:16,556 [Thread-100] DEBUG org.apache.ibatis.datasource.pooled.PooledDataSource  - Returned connection 826925275 to pool.
10:47:16,556 [Thread-92] DEBUG org.activiti.engine.impl.db.DbSqlSession  -   update PropertyEntity[name=next.dbid, value=232]
10:47:16,556 [Thread-92] DEBUG org.activiti.engine.impl.db.DbSqlSession  - flush summary: 0 insert, 1 update, 0 delete.
10:47:16,556 [Thread-92] DEBUG org.activiti.engine.impl.db.DbSqlSession  - now executing flush...
10:47:16,556 [Thread-92] DEBUG org.activiti.engine.impl.db.DbSqlSession  - updating: PropertyEntity[name=next.dbid, value=232]
10:47:16,556 [Thread-85] DEBUG org.apache.ibatis.datasource.pooled.PooledDataSource  - Checked out connection 826925275 from pool.
10:47:16,556 [Thread-85] DEBUG org.apache.ibatis.transaction.jdbc.JdbcTransaction  - Setting autocommit to false on JDBC Connection [conn53: url=jdbc:h2:mem:activiti user=SA]
10:47:16,556 [Thread-100] DEBUG org.activiti.engine.impl.interceptor.LogInterceptor  - --- StartProcessInstanceCmd finished --------------------------------------------------------
10:47:16,556 [Thread-100] DEBUG org.activiti.engine.impl.interceptor.LogInterceptor  - 

10:47:16,556 [Thread-85] DEBUG org.activiti.engine.impl.persistence.entity.ProcessDefinitionEntity.selectLatestProcessDefinitionByKey  - ==&gt;  Preparing: select * from ACT_RE_PROCDEF where KEY_ = ? and (TENANT_ID_ = &apos;&apos; or TENANT_ID_ is null) and VERSION_ = (select max(VERSION_) from ACT_RE_PROCDEF where KEY_ = ? and (TENANT_ID_ = &apos;&apos; or TENANT_ID_ is null)) 
10:47:16,556 [Thread-93] DEBUG org.apache.ibatis.datasource.pooled.PooledDataSource  - Waiting as long as 20000 milliseconds for connection.
10:47:16,556 [Thread-92] DEBUG org.activiti.engine.impl.persistence.entity.PropertyEntity.updateProperty  - ==&gt;  Preparing: update ACT_GE_PROPERTY SET REV_ = ?, VALUE_ = ? where NAME_ = ? and REV_ = ? 
10:47:16,556 [Thread-95] DEBUG org.apache.ibatis.datasource.pooled.PooledDataSource  - Waiting as long as 20000 milliseconds for connection.
10:47:16,556 [Thread-85] DEBUG org.activiti.engine.impl.persistence.entity.ProcessDefinitionEntity.selectLatestProcessDefinitionByKey  - ==&gt; Parameters: idGeneratorDataSource(String), idGeneratorDataSource(String)
10:47:16,556 [Thread-94] DEBUG org.apache.ibatis.datasource.pooled.PooledDataSource  - Waiting as long as 20000 milliseconds for connection.
10:47:16,556 [Thread-85] DEBUG org.activiti.engine.impl.persistence.entity.ProcessDefinitionEntity.selectLatestProcessDefinitionByKey  - &lt;==      Total: 1
10:47:16,556 [Thread-92] DEBUG org.activiti.engine.impl.persistence.entity.PropertyEntity.updateProperty  - ==&gt; Parameters: 78(Integer), 232(String), next.dbid(String), 77(Integer)
10:47:16,556 [Thread-97] DEBUG org.apache.ibatis.datasource.pooled.PooledDataSource  - Waiting as long as 20000 milliseconds for connection.
10:47:16,556 [Thread-92] DEBUG org.activiti.engine.impl.persistence.entity.PropertyEntity.updateProperty  - &lt;==    Updates: 1
10:47:16,556 [Thread-92] DEBUG org.activiti.engine.impl.cfg.standalone.StandaloneMybatisTransactionContext  - firing event committing...
10:47:16,556 [Thread-92] DEBUG org.activiti.engine.impl.cfg.standalone.StandaloneMybatisTransactionContext  - committing the ibatis sql session...
10:47:16,556 [Thread-92] DEBUG org.apache.ibatis.transaction.jdbc.JdbcTransaction  - Committing JDBC Connection [conn54: url=jdbc:h2:mem:activiti user=SA]
10:47:16,556 [Thread-92] DEBUG org.activiti.engine.impl.cfg.standalone.StandaloneMybatisTransactionContext  - firing event committed...
10:47:16,556 [Thread-92] DEBUG org.apache.ibatis.transaction.jdbc.JdbcTransaction  - Resetting autocommit to true on JDBC Connection [conn54: url=jdbc:h2:mem:activiti user=SA]
10:47:16,556 [Thread-92] DEBUG org.apache.ibatis.transaction.jdbc.JdbcTransaction  - Closing JDBC Connection [conn54: url=jdbc:h2:mem:activiti user=SA]
10:47:16,556 [Thread-92] DEBUG org.apache.ibatis.datasource.pooled.PooledDataSource  - Returned connection 1094226572 to pool.
10:47:16,556 [Thread-92] DEBUG org.activiti.engine.impl.interceptor.LogInterceptor  - --- GetNextIdBlockCmd finished --------------------------------------------------------
10:47:16,556 [Thread-92] DEBUG org.activiti.engine.impl.interceptor.LogInterceptor  - 

10:47:16,556 [Thread-92] DEBUG org.activiti.engine.impl.persistence.entity.ExecutionEntity  - initializing ProcessInstance[229]
10:47:16,557 [Thread-85] DEBUG org.activiti.engine.impl.persistence.entity.ExecutionEntity  - initializing ProcessInstance[230]
10:47:16,557 [Thread-92] DEBUG org.activiti.engine.impl.history.DefaultHistoryManager  - Current history level: FULL, level required: ACTIVITY
10:47:16,557 [Thread-85] DEBUG org.activiti.engine.impl.history.DefaultHistoryManager  - Current history level: FULL, level required: ACTIVITY
10:47:16,557 [Thread-92] DEBUG org.activiti.engine.impl.pvm.runtime.AtomicOperationActivityExecute  - ProcessInstance[229] executes Activity(theStart): org.activiti.engine.impl.bpmn.behavior.NoneStartEventActivityBehavior
10:47:16,557 [Thread-85] DEBUG org.activiti.engine.impl.interceptor.LogInterceptor  - 

10:47:16,557 [Thread-85] DEBUG org.activiti.engine.impl.interceptor.LogInterceptor  - --- starting GetNextIdBlockCmd --------------------------------------------------------
10:47:16,557 [Thread-92] DEBUG org.activiti.engine.impl.persistence.entity.JobEntity.selectJobsByExecutionId  - ==&gt;  Preparing: select * from ACT_RU_JOB J where J.EXECUTION_ID_ = ? 
10:47:16,557 [Thread-85] DEBUG org.apache.ibatis.transaction.jdbc.JdbcTransaction  - Opening JDBC Connection
10:47:16,557 [Thread-85] DEBUG org.apache.ibatis.datasource.pooled.PooledDataSource  - Checked out connection 1094226572 from pool.
10:47:16,557 [Thread-85] DEBUG org.apache.ibatis.transaction.jdbc.JdbcTransaction  - Setting autocommit to false on JDBC Connection [conn54: url=jdbc:h2:mem:activiti user=SA]
10:47:16,557 [Thread-92] DEBUG org.activiti.engine.impl.persistence.entity.JobEntity.selectJobsByExecutionId  - ==&gt; Parameters: 229(String)
10:47:16,557 [Thread-85] DEBUG org.activiti.engine.impl.persistence.entity.PropertyEntity.selectProperty  - ==&gt;  Preparing: select * from ACT_GE_PROPERTY where NAME_ = ? 
10:47:16,557 [Thread-92] DEBUG org.activiti.engine.impl.persistence.entity.JobEntity.selectJobsByExecutionId  - &lt;==      Total: 0
10:47:16,557 [Thread-92] DEBUG org.activiti.engine.impl.bpmn.behavior.BpmnActivityBehavior  - Leaving activity &apos;theStart&apos;
10:47:16,557 [Thread-85] DEBUG org.activiti.engine.impl.persistence.entity.PropertyEntity.selectProperty  - ==&gt; Parameters: next.dbid(String)
10:47:16,557 [Thread-92] DEBUG org.activiti.engine.impl.history.DefaultHistoryManager  - Current history level: FULL, level required: ACTIVITY
10:47:16,557 [Thread-85] DEBUG org.activiti.engine.impl.persistence.entity.PropertyEntity.selectProperty  - &lt;==      Total: 1
10:47:16,557 [Thread-92] DEBUG org.activiti.engine.impl.pvm.runtime.AtomicOperationTransitionNotifyListenerTake  - ProcessInstance[229] takes transition (theStart)--flow1--&gt;(javaService)
10:47:16,557 [Thread-85] DEBUG org.activiti.engine.impl.db.DbSqlSession  -   update PropertyEntity[name=next.dbid, value=235]
10:47:16,557 [Thread-85] DEBUG org.activiti.engine.impl.db.DbSqlSession  - flush summary: 0 insert, 1 update, 0 delete.
10:47:16,557 [Thread-85] DEBUG org.activiti.engine.impl.db.DbSqlSession  - now executing flush...
10:47:16,557 [Thread-85] DEBUG org.activiti.engine.impl.db.DbSqlSession  - updating: PropertyEntity[name=next.dbid, value=235]
10:47:16,557 [Thread-92] DEBUG org.activiti.engine.impl.history.DefaultHistoryManager  - Current history level: FULL, level required: ACTIVITY
10:47:16,557 [Thread-85] DEBUG org.activiti.engine.impl.persistence.entity.PropertyEntity.updateProperty  - ==&gt;  Preparing: update ACT_GE_PROPERTY SET REV_ = ?, VALUE_ = ? where NAME_ = ? and REV_ = ? 
10:47:16,557 [Thread-85] DEBUG org.activiti.engine.impl.persistence.entity.PropertyEntity.updateProperty  - ==&gt; Parameters: 79(Integer), 235(String), next.dbid(String), 78(Integer)
10:47:16,557 [Thread-85] DEBUG org.activiti.engine.impl.persistence.entity.PropertyEntity.updateProperty  - &lt;==    Updates: 1
10:47:16,557 [Thread-85] DEBUG org.activiti.engine.impl.cfg.standalone.StandaloneMybatisTransactionContext  - firing event committing...
10:47:16,557 [Thread-85] DEBUG org.activiti.engine.impl.cfg.standalone.StandaloneMybatisTransactionContext  - committing the ibatis sql session...
10:47:16,557 [Thread-85] DEBUG org.apache.ibatis.transaction.jdbc.JdbcTransaction  - Committing JDBC Connection [conn54: url=jdbc:h2:mem:activiti user=SA]
10:47:16,557 [Thread-85] DEBUG org.activiti.engine.impl.cfg.standalone.StandaloneMybatisTransactionContext  - firing event committed...
10:47:16,557 [Thread-85] DEBUG org.apache.ibatis.transaction.jdbc.JdbcTransaction  - Resetting autocommit to true on JDBC Connection [conn54: url=jdbc:h2:mem:activiti user=SA]
10:47:16,557 [Thread-85] DEBUG org.apache.ibatis.transaction.jdbc.JdbcTransaction  - Closing JDBC Connection [conn54: url=jdbc:h2:mem:activiti user=SA]
10:47:16,557 [Thread-85] DEBUG org.apache.ibatis.datasource.pooled.PooledDataSource  - Returned connection 1094226572 to pool.
10:47:16,557 [Thread-85] DEBUG org.activiti.engine.impl.interceptor.LogInterceptor  - --- GetNextIdBlockCmd finished --------------------------------------------------------
10:47:16,557 [Thread-85] DEBUG org.activiti.engine.impl.interceptor.LogInterceptor  - 

10:47:16,557 [Thread-92] DEBUG org.activiti.engine.impl.pvm.runtime.AtomicOperationActivityExecute  - ProcessInstance[229] executes Activity(javaService): org.activiti.engine.impl.bpmn.helper.ClassDelegate
10:47:16,557 [Thread-85] DEBUG org.activiti.engine.impl.pvm.runtime.AtomicOperationActivityExecute  - ProcessInstance[230] executes Activity(theStart): org.activiti.engine.impl.bpmn.behavior.NoneStartEventActivityBehavior
10:47:16,557 [Thread-92] DEBUG org.activiti.engine.impl.db.DbSqlSession  -   insert ProcessInstance[229]
10:47:16,558 [Thread-92] DEBUG org.activiti.engine.impl.db.DbSqlSession  -   insert HistoricProcessInstanceEntity[superProcessInstanceId=null]
10:47:16,558 [Thread-92] DEBUG org.activiti.engine.impl.db.DbSqlSession  -   insert HistoricActivityInstanceEntity[activityId=theStart, activityName=null]
10:47:16,558 [Thread-92] DEBUG org.activiti.engine.impl.db.DbSqlSession  -   insert HistoricActivityInstanceEntity[activityId=javaService, activityName=Java service invocation]
10:47:16,558 [Thread-92] DEBUG org.activiti.engine.impl.db.DbSqlSession  - flush summary: 4 insert, 0 update, 0 delete.
10:47:16,558 [Thread-92] DEBUG org.activiti.engine.impl.db.DbSqlSession  - now executing flush...
10:47:16,558 [Thread-92] DEBUG org.activiti.engine.impl.db.DbSqlSession  - inserting: HistoricProcessInstanceEntity[superProcessInstanceId=null]
10:47:16,557 [Thread-85] DEBUG org.activiti.engine.impl.persistence.entity.JobEntity.selectJobsByExecutionId  - ==&gt;  Preparing: select * from ACT_RU_JOB J where J.EXECUTION_ID_ = ? 
10:47:16,558 [Thread-92] DEBUG org.activiti.engine.impl.persistence.entity.HistoricProcessInstanceEntity.insertHistoricProcessInstance  - ==&gt;  Preparing: insert into ACT_HI_PROCINST ( ID_, PROC_INST_ID_, BUSINESS_KEY_, PROC_DEF_ID_, START_TIME_, END_TIME_, DURATION_, START_USER_ID_, START_ACT_ID_, END_ACT_ID_, SUPER_PROCESS_INSTANCE_ID_, DELETE_REASON_, TENANT_ID_, NAME_ ) values ( ?, ?, ?, ?, ?, ?, ?, ?, ?, ?, ?, ?, ?, ? ) 
10:47:16,558 [Thread-85] DEBUG org.activiti.engine.impl.persistence.entity.JobEntity.selectJobsByExecutionId  - ==&gt; Parameters: 230(String)
10:47:16,558 [Thread-92] DEBUG org.activiti.engine.impl.persistence.entity.HistoricProcessInstanceEntity.insertHistoricProcessInstance  - ==&gt; Parameters: 229(String), 229(String), null, idGeneratorDataSource:1:3(String), 2015-01-01 00:00:00.0(Timestamp), null, null, null, theStart(String), null, null, null, (String), null
10:47:16,558 [Thread-85] DEBUG org.activiti.engine.impl.persistence.entity.JobEntity.selectJobsByExecutionId  - &lt;==      Total: 0
10:47:16,558 [Thread-85] DEBUG org.activiti.engine.impl.bpmn.behavior.BpmnActivityBehavior  - Leaving activity &apos;theStart&apos;
10:47:16,558 [Thread-92] DEBUG org.activiti.engine.impl.persistence.entity.HistoricProcessInstanceEntity.insertHistoricProcessInstance  - &lt;==    Updates: 1
10:47:16,558 [Thread-85] DEBUG org.activiti.engine.impl.history.DefaultHistoryManager  - Current history level: FULL, level required: ACTIVITY
10:47:16,558 [Thread-85] DEBUG org.activiti.engine.impl.pvm.runtime.AtomicOperationTransitionNotifyListenerTake  - ProcessInstance[230] takes transition (theStart)--flow1--&gt;(javaService)
10:47:16,558 [Thread-85] DEBUG org.activiti.engine.impl.history.DefaultHistoryManager  - Current history level: FULL, level required: ACTIVITY
10:47:16,558 [Thread-92] DEBUG org.activiti.engine.impl.persistence.entity.HistoricActivityInstanceEntity.bulkInsertHistoricActivityInstance  - ==&gt;  Preparing: insert into ACT_HI_ACTINST ( ID_, PROC_DEF_ID_, PROC_INST_ID_, EXECUTION_ID_, ACT_ID_, TASK_ID_, CALL_PROC_INST_ID_, ACT_NAME_, ACT_TYPE_, ASSIGNEE_, START_TIME_, END_TIME_, DURATION_, TENANT_ID_ ) values (?, ?, ?, ?, ?, ?, ?, ?, ?, ?, ?, ?, ?, ?) , (?, ?, ?, ?, ?, ?, ?, ?, ?, ?, ?, ?, ?, ?) 
10:47:16,558 [Thread-85] DEBUG org.activiti.engine.impl.pvm.runtime.AtomicOperationActivityExecute  - ProcessInstance[230] executes Activity(javaService): org.activiti.engine.impl.bpmn.helper.ClassDelegate
10:47:16,558 [Thread-92] DEBUG org.activiti.engine.impl.persistence.entity.HistoricActivityInstanceEntity.bulkInsertHistoricActivityInstance  - ==&gt; Parameters: 231(String), idGeneratorDataSource:1:3(String), 229(String), 229(String), theStart(String), null, null, null, startEvent(String), null, 2015-01-01 00:00:00.0(Timestamp), 2015-01-01 00:00:00.0(Timestamp), 0(Long), (String), 233(String), idGeneratorDataSource:1:3(String), 229(String), 229(String), javaService(String), null, null, Java service invocation(String), serviceTask(String), null, 2015-01-01 00:00:00.0(Timestamp), null, null, (String)
10:47:16,558 [Thread-85] DEBUG org.activiti.engine.impl.db.DbSqlSession  -   insert ProcessInstance[230]
10:47:16,558 [Thread-85] DEBUG org.activiti.engine.impl.db.DbSqlSession  -   insert HistoricProcessInstanceEntity[superProcessInstanceId=null]
10:47:16,558 [Thread-85] DEBUG org.activiti.engine.impl.db.DbSqlSession  -   insert HistoricActivityInstanceEntity[activityId=theStart, activityName=null]
10:47:16,558 [Thread-85] DEBUG org.activiti.engine.impl.db.DbSqlSession  -   insert HistoricActivityInstanceEntity[activityId=javaService, activityName=Java service invocation]
10:47:16,558 [Thread-85] DEBUG org.activiti.engine.impl.db.DbSqlSession  - flush summary: 4 insert, 0 update, 0 delete.
10:47:16,558 [Thread-85] DEBUG org.activiti.engine.impl.db.DbSqlSession  - now executing flush...
10:47:16,558 [Thread-85] DEBUG org.activiti.engine.impl.db.DbSqlSession  - inserting: HistoricProcessInstanceEntity[superProcessInstanceId=null]
10:47:16,558 [Thread-92] DEBUG org.activiti.engine.impl.persistence.entity.HistoricActivityInstanceEntity.bulkInsertHistoricActivityInstance  - &lt;==    Updates: 2
10:47:16,558 [Thread-92] DEBUG org.activiti.engine.impl.db.DbSqlSession  - inserting: ProcessInstance[229]
10:47:16,558 [Thread-85] DEBUG org.activiti.engine.impl.persistence.entity.HistoricProcessInstanceEntity.insertHistoricProcessInstance  - ==&gt;  Preparing: insert into ACT_HI_PROCINST ( ID_, PROC_INST_ID_, BUSINESS_KEY_, PROC_DEF_ID_, START_TIME_, END_TIME_, DURATION_, START_USER_ID_, START_ACT_ID_, END_ACT_ID_, SUPER_PROCESS_INSTANCE_ID_, DELETE_REASON_, TENANT_ID_, NAME_ ) values ( ?, ?, ?, ?, ?, ?, ?, ?, ?, ?, ?, ?, ?, ? ) 
10:47:16,558 [Thread-92] DEBUG org.activiti.engine.impl.persistence.entity.ExecutionEntity.insertExecution  - ==&gt;  Preparing: insert into ACT_RU_EXECUTION (ID_, REV_, PROC_INST_ID_, BUSINESS_KEY_, PROC_DEF_ID_, ACT_ID_, IS_ACTIVE_, IS_CONCURRENT_, IS_SCOPE_,IS_EVENT_SCOPE_, PARENT_ID_, SUPER_EXEC_, SUSPENSION_STATE_, CACHED_ENT_STATE_, TENANT_ID_, NAME_) values ( ?, 1, ?, ?, ?, ?, ?, ?, ?, ?, ?, ?, ?, ?, ?, ? ) 
10:47:16,558 [Thread-85] DEBUG org.activiti.engine.impl.persistence.entity.HistoricProcessInstanceEntity.insertHistoricProcessInstance  - ==&gt; Parameters: 230(String), 230(String), null, idGeneratorDataSource:1:3(String), 2015-01-01 00:00:00.0(Timestamp), null, null, null, theStart(String), null, null, null, (String), null
10:47:16,558 [Thread-92] DEBUG org.activiti.engine.impl.persistence.entity.ExecutionEntity.insertExecution  - ==&gt; Parameters: 229(String), 229(String), null, idGeneratorDataSource:1:3(String), javaService(String), true(Boolean), false(Boolean), true(Boolean), false(Boolean), null, null, 1(Integer), 2(Integer), (String), null
10:47:16,558 [Thread-92] DEBUG org.activiti.engine.impl.persistence.entity.ExecutionEntity.insertExecution  - &lt;==    Updates: 1
10:47:16,558 [Thread-92] DEBUG org.activiti.engine.impl.cfg.standalone.StandaloneMybatisTransactionContext  - firing event committing...
10:47:16,558 [Thread-92] DEBUG org.activiti.engine.impl.cfg.standalone.StandaloneMybatisTransactionContext  - committing the ibatis sql session...
10:47:16,558 [Thread-92] DEBUG org.apache.ibatis.transaction.jdbc.JdbcTransaction  - Committing JDBC Connection [conn55: url=jdbc:h2:mem:activiti user=SA]
10:47:16,558 [Thread-92] DEBUG org.activiti.engine.impl.cfg.standalone.StandaloneMybatisTransactionContext  - firing event committed...
10:47:16,558 [Thread-92] DEBUG org.apache.ibatis.transaction.jdbc.JdbcTransaction  - Resetting autocommit to true on JDBC Connection [conn55: url=jdbc:h2:mem:activiti user=SA]
10:47:16,558 [Thread-92] DEBUG org.apache.ibatis.transaction.jdbc.JdbcTransaction  - Closing JDBC Connection [conn55: url=jdbc:h2:mem:activiti user=SA]
10:47:16,558 [Thread-92] DEBUG org.apache.ibatis.datasource.pooled.PooledDataSource  - Returned connection 14606730 to pool.
10:47:16,558 [Thread-85] DEBUG org.activiti.engine.impl.persistence.entity.HistoricProcessInstanceEntity.insertHistoricProcessInstance  - &lt;==    Updates: 1
10:47:16,558 [Thread-97] DEBUG org.apache.ibatis.datasource.pooled.PooledDataSource  - Checked out connection 14606730 from pool.
10:47:16,558 [Thread-92] DEBUG org.activiti.engine.impl.interceptor.LogInterceptor  - --- StartProcessInstanceCmd finished --------------------------------------------------------
10:47:16,559 [Thread-92] DEBUG org.activiti.engine.impl.interceptor.LogInterceptor  - 

10:47:16,559 [Thread-85] DEBUG org.activiti.engine.impl.persistence.entity.HistoricActivityInstanceEntity.bulkInsertHistoricActivityInstance  - ==&gt;  Preparing: insert into ACT_HI_ACTINST ( ID_, PROC_DEF_ID_, PROC_INST_ID_, EXECUTION_ID_, ACT_ID_, TASK_ID_, CALL_PROC_INST_ID_, ACT_NAME_, ACT_TYPE_, ASSIGNEE_, START_TIME_, END_TIME_, DURATION_, TENANT_ID_ ) values (?, ?, ?, ?, ?, ?, ?, ?, ?, ?, ?, ?, ?, ?) , (?, ?, ?, ?, ?, ?, ?, ?, ?, ?, ?, ?, ?, ?) 
10:47:16,559 [Thread-94] DEBUG org.apache.ibatis.datasource.pooled.PooledDataSource  - Waiting as long as 20000 milliseconds for connection.
10:47:16,559 [Thread-85] DEBUG org.activiti.engine.impl.persistence.entity.HistoricActivityInstanceEntity.bulkInsertHistoricActivityInstance  - ==&gt; Parameters: 232(String), idGeneratorDataSource:1:3(String), 230(String), 230(String), theStart(String), null, null, null, startEvent(String), null, 2015-01-01 00:00:00.0(Timestamp), 2015-01-01 00:00:00.0(Timestamp), 0(Long), (String), 234(String), idGeneratorDataSource:1:3(String), 230(String), 230(String), javaService(String), null, null, Java service invocation(String), serviceTask(String), null, 2015-01-01 00:00:00.0(Timestamp), null, null, (String)
10:47:16,559 [Thread-97] DEBUG org.apache.ibatis.transaction.jdbc.JdbcTransaction  - Setting autocommit to false on JDBC Connection [conn55: url=jdbc:h2:mem:activiti user=SA]
10:47:16,559 [Thread-85] DEBUG org.activiti.engine.impl.persistence.entity.HistoricActivityInstanceEntity.bulkInsertHistoricActivityInstance  - &lt;==    Updates: 2
10:47:16,559 [Thread-85] DEBUG org.activiti.engine.impl.db.DbSqlSession  - inserting: ProcessInstance[230]
10:47:16,559 [Thread-95] DEBUG org.apache.ibatis.datasource.pooled.PooledDataSource  - Waiting as long as 20000 milliseconds for connection.
10:47:16,559 [Thread-85] DEBUG org.activiti.engine.impl.persistence.entity.ExecutionEntity.insertExecution  - ==&gt;  Preparing: insert into ACT_RU_EXECUTION (ID_, REV_, PROC_INST_ID_, BUSINESS_KEY_, PROC_DEF_ID_, ACT_ID_, IS_ACTIVE_, IS_CONCURRENT_, IS_SCOPE_,IS_EVENT_SCOPE_, PARENT_ID_, SUPER_EXEC_, SUSPENSION_STATE_, CACHED_ENT_STATE_, TENANT_ID_, NAME_) values ( ?, 1, ?, ?, ?, ?, ?, ?, ?, ?, ?, ?, ?, ?, ?, ? ) 
10:47:16,559 [Thread-97] DEBUG org.activiti.engine.impl.persistence.entity.ProcessDefinitionEntity.selectLatestProcessDefinitionByKey  - ==&gt;  Preparing: select * from ACT_RE_PROCDEF where KEY_ = ? and (TENANT_ID_ = &apos;&apos; or TENANT_ID_ is null) and VERSION_ = (select max(VERSION_) from ACT_RE_PROCDEF where KEY_ = ? and (TENANT_ID_ = &apos;&apos; or TENANT_ID_ is null)) 
10:47:16,559 [Thread-85] DEBUG org.activiti.engine.impl.persistence.entity.ExecutionEntity.insertExecution  - ==&gt; Parameters: 230(String), 230(String), null, idGeneratorDataSource:1:3(String), javaService(String), true(Boolean), false(Boolean), true(Boolean), false(Boolean), null, null, 1(Integer), 2(Integer), (String), null
10:47:16,559 [Thread-93] DEBUG org.apache.ibatis.datasource.pooled.PooledDataSource  - Waiting as long as 20000 milliseconds for connection.
10:47:16,559 [Thread-85] DEBUG org.activiti.engine.impl.persistence.entity.ExecutionEntity.insertExecution  - &lt;==    Updates: 1
10:47:16,559 [Thread-85] DEBUG org.activiti.engine.impl.cfg.standalone.StandaloneMybatisTransactionContext  - firing event committing...
10:47:16,559 [Thread-85] DEBUG org.activiti.engine.impl.cfg.standalone.StandaloneMybatisTransactionContext  - committing the ibatis sql session...
10:47:16,559 [Thread-85] DEBUG org.apache.ibatis.transaction.jdbc.JdbcTransaction  - Committing JDBC Connection [conn53: url=jdbc:h2:mem:activiti user=SA]
10:47:16,559 [Thread-85] DEBUG org.activiti.engine.impl.cfg.standalone.StandaloneMybatisTransactionContext  - firing event committed...
10:47:16,559 [Thread-85] DEBUG org.apache.ibatis.transaction.jdbc.JdbcTransaction  - Resetting autocommit to true on JDBC Connection [conn53: url=jdbc:h2:mem:activiti user=SA]
10:47:16,559 [Thread-85] DEBUG org.apache.ibatis.transaction.jdbc.JdbcTransaction  - Closing JDBC Connection [conn53: url=jdbc:h2:mem:activiti user=SA]
10:47:16,559 [Thread-85] DEBUG org.apache.ibatis.datasource.pooled.PooledDataSource  - Returned connection 826925275 to pool.
10:47:16,559 [Thread-97] DEBUG org.activiti.engine.impl.persistence.entity.ProcessDefinitionEntity.selectLatestProcessDefinitionByKey  - ==&gt; Parameters: idGeneratorDataSource(String), idGeneratorDataSource(String)
10:47:16,559 [Thread-93] DEBUG org.apache.ibatis.datasource.pooled.PooledDataSource  - Checked out connection 826925275 from pool.
10:47:16,559 [Thread-85] DEBUG org.activiti.engine.impl.interceptor.LogInterceptor  - --- StartProcessInstanceCmd finished --------------------------------------------------------
10:47:16,559 [Thread-85] DEBUG org.activiti.engine.impl.interceptor.LogInterceptor  - 

10:47:16,559 [Thread-85] DEBUG org.activiti.engine.impl.interceptor.LogInterceptor  - 

10:47:16,559 [Thread-85] DEBUG org.activiti.engine.impl.interceptor.LogInterceptor  - --- starting StartProcessInstanceCmd --------------------------------------------------------
10:47:16,559 [Thread-95] DEBUG org.apache.ibatis.datasource.pooled.PooledDataSource  - Waiting as long as 20000 milliseconds for connection.
10:47:16,559 [Thread-93] DEBUG org.apache.ibatis.transaction.jdbc.JdbcTransaction  - Setting autocommit to false on JDBC Connection [conn53: url=jdbc:h2:mem:activiti user=SA]
10:47:16,559 [Thread-93] DEBUG org.activiti.engine.impl.persistence.entity.ProcessDefinitionEntity.selectLatestProcessDefinitionByKey  - ==&gt;  Preparing: select * from ACT_RE_PROCDEF where KEY_ = ? and (TENANT_ID_ = &apos;&apos; or TENANT_ID_ is null) and VERSION_ = (select max(VERSION_) from ACT_RE_PROCDEF where KEY_ = ? and (TENANT_ID_ = &apos;&apos; or TENANT_ID_ is null)) 
10:47:16,559 [Thread-97] DEBUG org.activiti.engine.impl.persistence.entity.ProcessDefinitionEntity.selectLatestProcessDefinitionByKey  - &lt;==      Total: 1
10:47:16,559 [Thread-93] DEBUG org.activiti.engine.impl.persistence.entity.ProcessDefinitionEntity.selectLatestProcessDefinitionByKey  - ==&gt; Parameters: idGeneratorDataSource(String), idGeneratorDataSource(String)
10:47:16,559 [Thread-94] DEBUG org.apache.ibatis.datasource.pooled.PooledDataSource  - Waiting as long as 20000 milliseconds for connection.
10:47:16,559 [Thread-85] DEBUG org.apache.ibatis.transaction.jdbc.JdbcTransaction  - Opening JDBC Connection
10:47:16,560 [Thread-85] DEBUG org.apache.ibatis.datasource.pooled.PooledDataSource  - Waiting as long as 20000 milliseconds for connection.
10:47:16,560 [Thread-93] DEBUG org.activiti.engine.impl.persistence.entity.ProcessDefinitionEntity.selectLatestProcessDefinitionByKey  - &lt;==      Total: 1
10:47:16,559 [Thread-97] DEBUG org.activiti.engine.impl.interceptor.LogInterceptor  - 

10:47:16,560 [Thread-97] DEBUG org.activiti.engine.impl.interceptor.LogInterceptor  - --- starting GetNextIdBlockCmd --------------------------------------------------------
10:47:16,560 [Thread-97] DEBUG org.apache.ibatis.transaction.jdbc.JdbcTransaction  - Opening JDBC Connection
10:47:16,560 [Thread-97] DEBUG org.apache.ibatis.datasource.pooled.PooledDataSource  - Checked out connection 1094226572 from pool.
10:47:16,560 [Thread-97] DEBUG org.apache.ibatis.transaction.jdbc.JdbcTransaction  - Setting autocommit to false on JDBC Connection [conn54: url=jdbc:h2:mem:activiti user=SA]
10:47:16,560 [Thread-97] DEBUG org.activiti.engine.impl.persistence.entity.PropertyEntity.selectProperty  - ==&gt;  Preparing: select * from ACT_GE_PROPERTY where NAME_ = ? 
10:47:16,560 [Thread-97] DEBUG org.activiti.engine.impl.persistence.entity.PropertyEntity.selectProperty  - ==&gt; Parameters: next.dbid(String)
10:47:16,560 [Thread-97] DEBUG org.activiti.engine.impl.persistence.entity.PropertyEntity.selectProperty  - &lt;==      Total: 1
10:47:16,560 [Thread-97] DEBUG org.activiti.engine.impl.db.DbSqlSession  -   update PropertyEntity[name=next.dbid, value=238]
10:47:16,560 [Thread-97] DEBUG org.activiti.engine.impl.db.DbSqlSession  - flush summary: 0 insert, 1 update, 0 delete.
10:47:16,560 [Thread-97] DEBUG org.activiti.engine.impl.db.DbSqlSession  - now executing flush...
10:47:16,560 [Thread-97] DEBUG org.activiti.engine.impl.db.DbSqlSession  - updating: PropertyEntity[name=next.dbid, value=238]
10:47:16,560 [Thread-97] DEBUG org.activiti.engine.impl.persistence.entity.PropertyEntity.updateProperty  - ==&gt;  Preparing: update ACT_GE_PROPERTY SET REV_ = ?, VALUE_ = ? where NAME_ = ? and REV_ = ? 
10:47:16,560 [Thread-97] DEBUG org.activiti.engine.impl.persistence.entity.PropertyEntity.updateProperty  - ==&gt; Parameters: 80(Integer), 238(String), next.dbid(String), 79(Integer)
10:47:16,560 [Thread-97] DEBUG org.activiti.engine.impl.persistence.entity.PropertyEntity.updateProperty  - &lt;==    Updates: 1
10:47:16,560 [Thread-97] DEBUG org.activiti.engine.impl.cfg.standalone.StandaloneMybatisTransactionContext  - firing event committing...
10:47:16,560 [Thread-97] DEBUG org.activiti.engine.impl.cfg.standalone.StandaloneMybatisTransactionContext  - committing the ibatis sql session...
10:47:16,560 [Thread-97] DEBUG org.apache.ibatis.transaction.jdbc.JdbcTransaction  - Committing JDBC Connection [conn54: url=jdbc:h2:mem:activiti user=SA]
10:47:16,560 [Thread-97] DEBUG org.activiti.engine.impl.cfg.standalone.StandaloneMybatisTransactionContext  - firing event committed...
10:47:16,560 [Thread-97] DEBUG org.apache.ibatis.transaction.jdbc.JdbcTransaction  - Resetting autocommit to true on JDBC Connection [conn54: url=jdbc:h2:mem:activiti user=SA]
10:47:16,560 [Thread-97] DEBUG org.apache.ibatis.transaction.jdbc.JdbcTransaction  - Closing JDBC Connection [conn54: url=jdbc:h2:mem:activiti user=SA]
10:47:16,560 [Thread-97] DEBUG org.apache.ibatis.datasource.pooled.PooledDataSource  - Returned connection 1094226572 to pool.
10:47:16,560 [Thread-97] DEBUG org.activiti.engine.impl.interceptor.LogInterceptor  - --- GetNextIdBlockCmd finished --------------------------------------------------------
10:47:16,560 [Thread-97] DEBUG org.activiti.engine.impl.interceptor.LogInterceptor  - 

10:47:16,560 [Thread-97] DEBUG org.activiti.engine.impl.persistence.entity.ExecutionEntity  - initializing ProcessInstance[235]
10:47:16,560 [Thread-97] DEBUG org.activiti.engine.impl.history.DefaultHistoryManager  - Current history level: FULL, level required: ACTIVITY
10:47:16,560 [Thread-93] DEBUG org.activiti.engine.impl.persistence.entity.ExecutionEntity  - initializing ProcessInstance[236]
10:47:16,560 [Thread-97] DEBUG org.activiti.engine.impl.pvm.runtime.AtomicOperationActivityExecute  - ProcessInstance[235] executes Activity(theStart): org.activiti.engine.impl.bpmn.behavior.NoneStartEventActivityBehavior
10:47:16,560 [Thread-93] DEBUG org.activiti.engine.impl.history.DefaultHistoryManager  - Current history level: FULL, level required: ACTIVITY
10:47:16,560 [Thread-97] DEBUG org.activiti.engine.impl.persistence.entity.JobEntity.selectJobsByExecutionId  - ==&gt;  Preparing: select * from ACT_RU_JOB J where J.EXECUTION_ID_ = ? 
10:47:16,560 [Thread-93] DEBUG org.activiti.engine.impl.interceptor.LogInterceptor  - 

10:47:16,560 [Thread-93] DEBUG org.activiti.engine.impl.interceptor.LogInterceptor  - --- starting GetNextIdBlockCmd --------------------------------------------------------
10:47:16,560 [Thread-97] DEBUG org.activiti.engine.impl.persistence.entity.JobEntity.selectJobsByExecutionId  - ==&gt; Parameters: 235(String)
10:47:16,560 [Thread-93] DEBUG org.apache.ibatis.transaction.jdbc.JdbcTransaction  - Opening JDBC Connection
10:47:16,561 [Thread-93] DEBUG org.apache.ibatis.datasource.pooled.PooledDataSource  - Checked out connection 1094226572 from pool.
10:47:16,561 [Thread-93] DEBUG org.apache.ibatis.transaction.jdbc.JdbcTransaction  - Setting autocommit to false on JDBC Connection [conn54: url=jdbc:h2:mem:activiti user=SA]
10:47:16,560 [Thread-97] DEBUG org.activiti.engine.impl.persistence.entity.JobEntity.selectJobsByExecutionId  - &lt;==      Total: 0
10:47:16,561 [Thread-97] DEBUG org.activiti.engine.impl.bpmn.behavior.BpmnActivityBehavior  - Leaving activity &apos;theStart&apos;
10:47:16,561 [Thread-93] DEBUG org.activiti.engine.impl.persistence.entity.PropertyEntity.selectProperty  - ==&gt;  Preparing: select * from ACT_GE_PROPERTY where NAME_ = ? 
10:47:16,561 [Thread-97] DEBUG org.activiti.engine.impl.history.DefaultHistoryManager  - Current history level: FULL, level required: ACTIVITY
10:47:16,561 [Thread-93] DEBUG org.activiti.engine.impl.persistence.entity.PropertyEntity.selectProperty  - ==&gt; Parameters: next.dbid(String)
10:47:16,561 [Thread-97] DEBUG org.activiti.engine.impl.pvm.runtime.AtomicOperationTransitionNotifyListenerTake  - ProcessInstance[235] takes transition (theStart)--flow1--&gt;(javaService)
10:47:16,561 [Thread-93] DEBUG org.activiti.engine.impl.persistence.entity.PropertyEntity.selectProperty  - &lt;==      Total: 1
10:47:16,561 [Thread-97] DEBUG org.activiti.engine.impl.history.DefaultHistoryManager  - Current history level: FULL, level required: ACTIVITY
10:47:16,561 [Thread-93] DEBUG org.activiti.engine.impl.db.DbSqlSession  -   update PropertyEntity[name=next.dbid, value=241]
10:47:16,561 [Thread-93] DEBUG org.activiti.engine.impl.db.DbSqlSession  - flush summary: 0 insert, 1 update, 0 delete.
10:47:16,561 [Thread-93] DEBUG org.activiti.engine.impl.db.DbSqlSession  - now executing flush...
10:47:16,561 [Thread-93] DEBUG org.activiti.engine.impl.db.DbSqlSession  - updating: PropertyEntity[name=next.dbid, value=241]
10:47:16,561 [Thread-93] DEBUG org.activiti.engine.impl.persistence.entity.PropertyEntity.updateProperty  - ==&gt;  Preparing: update ACT_GE_PROPERTY SET REV_ = ?, VALUE_ = ? where NAME_ = ? and REV_ = ? 
10:47:16,561 [Thread-93] DEBUG org.activiti.engine.impl.persistence.entity.PropertyEntity.updateProperty  - ==&gt; Parameters: 81(Integer), 241(String), next.dbid(String), 80(Integer)
10:47:16,561 [Thread-93] DEBUG org.activiti.engine.impl.persistence.entity.PropertyEntity.updateProperty  - &lt;==    Updates: 1
10:47:16,561 [Thread-93] DEBUG org.activiti.engine.impl.cfg.standalone.StandaloneMybatisTransactionContext  - firing event committing...
10:47:16,561 [Thread-93] DEBUG org.activiti.engine.impl.cfg.standalone.StandaloneMybatisTransactionContext  - committing the ibatis sql session...
10:47:16,561 [Thread-93] DEBUG org.apache.ibatis.transaction.jdbc.JdbcTransaction  - Committing JDBC Connection [conn54: url=jdbc:h2:mem:activiti user=SA]
10:47:16,561 [Thread-93] DEBUG org.activiti.engine.impl.cfg.standalone.StandaloneMybatisTransactionContext  - firing event committed...
10:47:16,561 [Thread-93] DEBUG org.apache.ibatis.transaction.jdbc.JdbcTransaction  - Resetting autocommit to true on JDBC Connection [conn54: url=jdbc:h2:mem:activiti user=SA]
10:47:16,561 [Thread-93] DEBUG org.apache.ibatis.transaction.jdbc.JdbcTransaction  - Closing JDBC Connection [conn54: url=jdbc:h2:mem:activiti user=SA]
10:47:16,561 [Thread-93] DEBUG org.apache.ibatis.datasource.pooled.PooledDataSource  - Returned connection 1094226572 to pool.
10:47:16,561 [Thread-93] DEBUG org.activiti.engine.impl.interceptor.LogInterceptor  - --- GetNextIdBlockCmd finished --------------------------------------------------------
10:47:16,561 [Thread-93] DEBUG org.activiti.engine.impl.interceptor.LogInterceptor  - 

10:47:16,561 [Thread-93] DEBUG org.activiti.engine.impl.pvm.runtime.AtomicOperationActivityExecute  - ProcessInstance[236] executes Activity(theStart): org.activiti.engine.impl.bpmn.behavior.NoneStartEventActivityBehavior
10:47:16,561 [Thread-93] DEBUG org.activiti.engine.impl.persistence.entity.JobEntity.selectJobsByExecutionId  - ==&gt;  Preparing: select * from ACT_RU_JOB J where J.EXECUTION_ID_ = ? 
10:47:16,561 [Thread-97] DEBUG org.activiti.engine.impl.pvm.runtime.AtomicOperationActivityExecute  - ProcessInstance[235] executes Activity(javaService): org.activiti.engine.impl.bpmn.helper.ClassDelegate
10:47:16,561 [Thread-93] DEBUG org.activiti.engine.impl.persistence.entity.JobEntity.selectJobsByExecutionId  - ==&gt; Parameters: 236(String)
10:47:16,561 [Thread-93] DEBUG org.activiti.engine.impl.persistence.entity.JobEntity.selectJobsByExecutionId  - &lt;==      Total: 0
10:47:16,561 [Thread-93] DEBUG org.activiti.engine.impl.bpmn.behavior.BpmnActivityBehavior  - Leaving activity &apos;theStart&apos;
10:47:16,561 [Thread-93] DEBUG org.activiti.engine.impl.history.DefaultHistoryManager  - Current history level: FULL, level required: ACTIVITY
10:47:16,561 [Thread-97] DEBUG org.activiti.engine.impl.db.DbSqlSession  -   insert ProcessInstance[235]
10:47:16,561 [Thread-97] DEBUG org.activiti.engine.impl.db.DbSqlSession  -   insert HistoricProcessInstanceEntity[superProcessInstanceId=null]
10:47:16,562 [Thread-97] DEBUG org.activiti.engine.impl.db.DbSqlSession  -   insert HistoricActivityInstanceEntity[activityId=theStart, activityName=null]
10:47:16,562 [Thread-97] DEBUG org.activiti.engine.impl.db.DbSqlSession  -   insert HistoricActivityInstanceEntity[activityId=javaService, activityName=Java service invocation]
10:47:16,562 [Thread-97] DEBUG org.activiti.engine.impl.db.DbSqlSession  - flush summary: 4 insert, 0 update, 0 delete.
10:47:16,562 [Thread-97] DEBUG org.activiti.engine.impl.db.DbSqlSession  - now executing flush...
10:47:16,562 [Thread-97] DEBUG org.activiti.engine.impl.db.DbSqlSession  - inserting: HistoricProcessInstanceEntity[superProcessInstanceId=null]
10:47:16,561 [Thread-93] DEBUG org.activiti.engine.impl.pvm.runtime.AtomicOperationTransitionNotifyListenerTake  - ProcessInstance[236] takes transition (theStart)--flow1--&gt;(javaService)
10:47:16,562 [Thread-97] DEBUG org.activiti.engine.impl.persistence.entity.HistoricProcessInstanceEntity.insertHistoricProcessInstance  - ==&gt;  Preparing: insert into ACT_HI_PROCINST ( ID_, PROC_INST_ID_, BUSINESS_KEY_, PROC_DEF_ID_, START_TIME_, END_TIME_, DURATION_, START_USER_ID_, START_ACT_ID_, END_ACT_ID_, SUPER_PROCESS_INSTANCE_ID_, DELETE_REASON_, TENANT_ID_, NAME_ ) values ( ?, ?, ?, ?, ?, ?, ?, ?, ?, ?, ?, ?, ?, ? ) 
10:47:16,562 [Thread-93] DEBUG org.activiti.engine.impl.history.DefaultHistoryManager  - Current history level: FULL, level required: ACTIVITY
10:47:16,562 [Thread-97] DEBUG org.activiti.engine.impl.persistence.entity.HistoricProcessInstanceEntity.insertHistoricProcessInstance  - ==&gt; Parameters: 235(String), 235(String), null, idGeneratorDataSource:1:3(String), 2015-01-01 00:00:00.0(Timestamp), null, null, null, theStart(String), null, null, null, (String), null
10:47:16,562 [Thread-93] DEBUG org.activiti.engine.impl.pvm.runtime.AtomicOperationActivityExecute  - ProcessInstance[236] executes Activity(javaService): org.activiti.engine.impl.bpmn.helper.ClassDelegate
10:47:16,562 [Thread-97] DEBUG org.activiti.engine.impl.persistence.entity.HistoricProcessInstanceEntity.insertHistoricProcessInstance  - &lt;==    Updates: 1
10:47:16,562 [Thread-93] DEBUG org.activiti.engine.impl.db.DbSqlSession  -   insert ProcessInstance[236]
10:47:16,562 [Thread-93] DEBUG org.activiti.engine.impl.db.DbSqlSession  -   insert HistoricProcessInstanceEntity[superProcessInstanceId=null]
10:47:16,562 [Thread-93] DEBUG org.activiti.engine.impl.db.DbSqlSession  -   insert HistoricActivityInstanceEntity[activityId=theStart, activityName=null]
10:47:16,562 [Thread-93] DEBUG org.activiti.engine.impl.db.DbSqlSession  -   insert HistoricActivityInstanceEntity[activityId=javaService, activityName=Java service invocation]
10:47:16,562 [Thread-93] DEBUG org.activiti.engine.impl.db.DbSqlSession  - flush summary: 4 insert, 0 update, 0 delete.
10:47:16,562 [Thread-93] DEBUG org.activiti.engine.impl.db.DbSqlSession  - now executing flush...
10:47:16,562 [Thread-93] DEBUG org.activiti.engine.impl.db.DbSqlSession  - inserting: HistoricProcessInstanceEntity[superProcessInstanceId=null]
10:47:16,562 [Thread-97] DEBUG org.activiti.engine.impl.persistence.entity.HistoricActivityInstanceEntity.bulkInsertHistoricActivityInstance  - ==&gt;  Preparing: insert into ACT_HI_ACTINST ( ID_, PROC_DEF_ID_, PROC_INST_ID_, EXECUTION_ID_, ACT_ID_, TASK_ID_, CALL_PROC_INST_ID_, ACT_NAME_, ACT_TYPE_, ASSIGNEE_, START_TIME_, END_TIME_, DURATION_, TENANT_ID_ ) values (?, ?, ?, ?, ?, ?, ?, ?, ?, ?, ?, ?, ?, ?) , (?, ?, ?, ?, ?, ?, ?, ?, ?, ?, ?, ?, ?, ?) 
10:47:16,562 [Thread-93] DEBUG org.activiti.engine.impl.persistence.entity.HistoricProcessInstanceEntity.insertHistoricProcessInstance  - ==&gt;  Preparing: insert into ACT_HI_PROCINST ( ID_, PROC_INST_ID_, BUSINESS_KEY_, PROC_DEF_ID_, START_TIME_, END_TIME_, DURATION_, START_USER_ID_, START_ACT_ID_, END_ACT_ID_, SUPER_PROCESS_INSTANCE_ID_, DELETE_REASON_, TENANT_ID_, NAME_ ) values ( ?, ?, ?, ?, ?, ?, ?, ?, ?, ?, ?, ?, ?, ? ) 
10:47:16,562 [Thread-97] DEBUG org.activiti.engine.impl.persistence.entity.HistoricActivityInstanceEntity.bulkInsertHistoricActivityInstance  - ==&gt; Parameters: 237(String), idGeneratorDataSource:1:3(String), 235(String), 235(String), theStart(String), null, null, null, startEvent(String), null, 2015-01-01 00:00:00.0(Timestamp), 2015-01-01 00:00:00.0(Timestamp), 0(Long), (String), 239(String), idGeneratorDataSource:1:3(String), 235(String), 235(String), javaService(String), null, null, Java service invocation(String), serviceTask(String), null, 2015-01-01 00:00:00.0(Timestamp), null, null, (String)
10:47:16,562 [Thread-93] DEBUG org.activiti.engine.impl.persistence.entity.HistoricProcessInstanceEntity.insertHistoricProcessInstance  - ==&gt; Parameters: 236(String), 236(String), null, idGeneratorDataSource:1:3(String), 2015-01-01 00:00:00.0(Timestamp), null, null, null, theStart(String), null, null, null, (String), null
10:47:16,562 [Thread-97] DEBUG org.activiti.engine.impl.persistence.entity.HistoricActivityInstanceEntity.bulkInsertHistoricActivityInstance  - &lt;==    Updates: 2
10:47:16,562 [Thread-97] DEBUG org.activiti.engine.impl.db.DbSqlSession  - inserting: ProcessInstance[235]
10:47:16,562 [Thread-97] DEBUG org.activiti.engine.impl.persistence.entity.ExecutionEntity.insertExecution  - ==&gt;  Preparing: insert into ACT_RU_EXECUTION (ID_, REV_, PROC_INST_ID_, BUSINESS_KEY_, PROC_DEF_ID_, ACT_ID_, IS_ACTIVE_, IS_CONCURRENT_, IS_SCOPE_,IS_EVENT_SCOPE_, PARENT_ID_, SUPER_EXEC_, SUSPENSION_STATE_, CACHED_ENT_STATE_, TENANT_ID_, NAME_) values ( ?, 1, ?, ?, ?, ?, ?, ?, ?, ?, ?, ?, ?, ?, ?, ? ) 
10:47:16,562 [Thread-97] DEBUG org.activiti.engine.impl.persistence.entity.ExecutionEntity.insertExecution  - ==&gt; Parameters: 235(String), 235(String), null, idGeneratorDataSource:1:3(String), javaService(String), true(Boolean), false(Boolean), true(Boolean), false(Boolean), null, null, 1(Integer), 2(Integer), (String), null
10:47:16,562 [Thread-97] DEBUG org.activiti.engine.impl.persistence.entity.ExecutionEntity.insertExecution  - &lt;==    Updates: 1
10:47:16,562 [Thread-97] DEBUG org.activiti.engine.impl.cfg.standalone.StandaloneMybatisTransactionContext  - firing event committing...
10:47:16,562 [Thread-97] DEBUG org.activiti.engine.impl.cfg.standalone.StandaloneMybatisTransactionContext  - committing the ibatis sql session...
10:47:16,562 [Thread-97] DEBUG org.apache.ibatis.transaction.jdbc.JdbcTransaction  - Committing JDBC Connection [conn55: url=jdbc:h2:mem:activiti user=SA]
10:47:16,562 [Thread-97] DEBUG org.activiti.engine.impl.cfg.standalone.StandaloneMybatisTransactionContext  - firing event committed...
10:47:16,562 [Thread-97] DEBUG org.apache.ibatis.transaction.jdbc.JdbcTransaction  - Resetting autocommit to true on JDBC Connection [conn55: url=jdbc:h2:mem:activiti user=SA]
10:47:16,563 [Thread-97] DEBUG org.apache.ibatis.transaction.jdbc.JdbcTransaction  - Closing JDBC Connection [conn55: url=jdbc:h2:mem:activiti user=SA]
10:47:16,563 [Thread-97] DEBUG org.apache.ibatis.datasource.pooled.PooledDataSource  - Returned connection 14606730 to pool.
10:47:16,562 [Thread-93] DEBUG org.activiti.engine.impl.persistence.entity.HistoricProcessInstanceEntity.insertHistoricProcessInstance  - &lt;==    Updates: 1
10:47:16,563 [Thread-85] DEBUG org.apache.ibatis.datasource.pooled.PooledDataSource  - Checked out connection 14606730 from pool.
10:47:16,563 [Thread-85] DEBUG org.apache.ibatis.transaction.jdbc.JdbcTransaction  - Setting autocommit to false on JDBC Connection [conn55: url=jdbc:h2:mem:activiti user=SA]
10:47:16,563 [Thread-97] DEBUG org.activiti.engine.impl.interceptor.LogInterceptor  - --- StartProcessInstanceCmd finished --------------------------------------------------------
10:47:16,563 [Thread-97] DEBUG org.activiti.engine.impl.interceptor.LogInterceptor  - 

10:47:16,563 [Thread-93] DEBUG org.activiti.engine.impl.persistence.entity.HistoricActivityInstanceEntity.bulkInsertHistoricActivityInstance  - ==&gt;  Preparing: insert into ACT_HI_ACTINST ( ID_, PROC_DEF_ID_, PROC_INST_ID_, EXECUTION_ID_, ACT_ID_, TASK_ID_, CALL_PROC_INST_ID_, ACT_NAME_, ACT_TYPE_, ASSIGNEE_, START_TIME_, END_TIME_, DURATION_, TENANT_ID_ ) values (?, ?, ?, ?, ?, ?, ?, ?, ?, ?, ?, ?, ?, ?) , (?, ?, ?, ?, ?, ?, ?, ?, ?, ?, ?, ?, ?, ?) 
10:47:16,563 [Thread-85] DEBUG org.activiti.engine.impl.persistence.entity.ProcessDefinitionEntity.selectLatestProcessDefinitionByKey  - ==&gt;  Preparing: select * from ACT_RE_PROCDEF where KEY_ = ? and (TENANT_ID_ = &apos;&apos; or TENANT_ID_ is null) and VERSION_ = (select max(VERSION_) from ACT_RE_PROCDEF where KEY_ = ? and (TENANT_ID_ = &apos;&apos; or TENANT_ID_ is null)) 
10:47:16,563 [Thread-94] DEBUG org.apache.ibatis.datasource.pooled.PooledDataSource  - Waiting as long as 20000 milliseconds for connection.
10:47:16,563 [Thread-93] DEBUG org.activiti.engine.impl.persistence.entity.HistoricActivityInstanceEntity.bulkInsertHistoricActivityInstance  - ==&gt; Parameters: 238(String), idGeneratorDataSource:1:3(String), 236(String), 236(String), theStart(String), null, null, null, startEvent(String), null, 2015-01-01 00:00:00.0(Timestamp), 2015-01-01 00:00:00.0(Timestamp), 0(Long), (String), 240(String), idGeneratorDataSource:1:3(String), 236(String), 236(String), javaService(String), null, null, Java service invocation(String), serviceTask(String), null, 2015-01-01 00:00:00.0(Timestamp), null, null, (String)
10:47:16,563 [Thread-85] DEBUG org.activiti.engine.impl.persistence.entity.ProcessDefinitionEntity.selectLatestProcessDefinitionByKey  - ==&gt; Parameters: idGeneratorDataSource(String), idGeneratorDataSource(String)
10:47:16,563 [Thread-97] DEBUG org.activiti.engine.impl.interceptor.LogInterceptor  - 

10:47:16,563 [Thread-97] DEBUG org.activiti.engine.impl.interceptor.LogInterceptor  - --- starting StartProcessInstanceCmd --------------------------------------------------------
10:47:16,563 [Thread-93] DEBUG org.activiti.engine.impl.persistence.entity.HistoricActivityInstanceEntity.bulkInsertHistoricActivityInstance  - &lt;==    Updates: 2
10:47:16,563 [Thread-93] DEBUG org.activiti.engine.impl.db.DbSqlSession  - inserting: ProcessInstance[236]
10:47:16,563 [Thread-95] DEBUG org.apache.ibatis.datasource.pooled.PooledDataSource  - Waiting as long as 20000 milliseconds for connection.
10:47:16,563 [Thread-93] DEBUG org.activiti.engine.impl.persistence.entity.ExecutionEntity.insertExecution  - ==&gt;  Preparing: insert into ACT_RU_EXECUTION (ID_, REV_, PROC_INST_ID_, BUSINESS_KEY_, PROC_DEF_ID_, ACT_ID_, IS_ACTIVE_, IS_CONCURRENT_, IS_SCOPE_,IS_EVENT_SCOPE_, PARENT_ID_, SUPER_EXEC_, SUSPENSION_STATE_, CACHED_ENT_STATE_, TENANT_ID_, NAME_) values ( ?, 1, ?, ?, ?, ?, ?, ?, ?, ?, ?, ?, ?, ?, ?, ? ) 
10:47:16,563 [Thread-97] DEBUG org.apache.ibatis.transaction.jdbc.JdbcTransaction  - Opening JDBC Connection
10:47:16,563 [Thread-85] DEBUG org.activiti.engine.impl.persistence.entity.ProcessDefinitionEntity.selectLatestProcessDefinitionByKey  - &lt;==      Total: 1
10:47:16,563 [Thread-97] DEBUG org.apache.ibatis.datasource.pooled.PooledDataSource  - Waiting as long as 20000 milliseconds for connection.
10:47:16,563 [Thread-93] DEBUG org.activiti.engine.impl.persistence.entity.ExecutionEntity.insertExecution  - ==&gt; Parameters: 236(String), 236(String), null, idGeneratorDataSource:1:3(String), javaService(String), true(Boolean), false(Boolean), true(Boolean), false(Boolean), null, null, 1(Integer), 2(Integer), (String), null
10:47:16,563 [Thread-85] DEBUG org.activiti.engine.impl.interceptor.LogInterceptor  - 

10:47:16,563 [Thread-85] DEBUG org.activiti.engine.impl.interceptor.LogInterceptor  - --- starting GetNextIdBlockCmd --------------------------------------------------------
10:47:16,563 [Thread-93] DEBUG org.activiti.engine.impl.persistence.entity.ExecutionEntity.insertExecution  - &lt;==    Updates: 1
10:47:16,563 [Thread-93] DEBUG org.activiti.engine.impl.cfg.standalone.StandaloneMybatisTransactionContext  - firing event committing...
10:47:16,563 [Thread-93] DEBUG org.activiti.engine.impl.cfg.standalone.StandaloneMybatisTransactionContext  - committing the ibatis sql session...
10:47:16,563 [Thread-93] DEBUG org.apache.ibatis.transaction.jdbc.JdbcTransaction  - Committing JDBC Connection [conn53: url=jdbc:h2:mem:activiti user=SA]
10:47:16,563 [Thread-85] DEBUG org.apache.ibatis.transaction.jdbc.JdbcTransaction  - Opening JDBC Connection
10:47:16,564 [Thread-85] DEBUG org.apache.ibatis.datasource.pooled.PooledDataSource  - Checked out connection 1094226572 from pool.
10:47:16,564 [Thread-85] DEBUG org.apache.ibatis.transaction.jdbc.JdbcTransaction  - Setting autocommit to false on JDBC Connection [conn54: url=jdbc:h2:mem:activiti user=SA]
10:47:16,564 [Thread-85] DEBUG org.activiti.engine.impl.persistence.entity.PropertyEntity.selectProperty  - ==&gt;  Preparing: select * from ACT_GE_PROPERTY where NAME_ = ? 
10:47:16,564 [Thread-93] DEBUG org.activiti.engine.impl.cfg.standalone.StandaloneMybatisTransactionContext  - firing event committed...
10:47:16,564 [Thread-85] DEBUG org.activiti.engine.impl.persistence.entity.PropertyEntity.selectProperty  - ==&gt; Parameters: next.dbid(String)
10:47:16,564 [Thread-93] DEBUG org.apache.ibatis.transaction.jdbc.JdbcTransaction  - Resetting autocommit to true on JDBC Connection [conn53: url=jdbc:h2:mem:activiti user=SA]
10:47:16,564 [Thread-85] DEBUG org.activiti.engine.impl.persistence.entity.PropertyEntity.selectProperty  - &lt;==      Total: 1
10:47:16,564 [Thread-93] DEBUG org.apache.ibatis.transaction.jdbc.JdbcTransaction  - Closing JDBC Connection [conn53: url=jdbc:h2:mem:activiti user=SA]
10:47:16,564 [Thread-93] DEBUG org.apache.ibatis.datasource.pooled.PooledDataSource  - Returned connection 826925275 to pool.
10:47:16,564 [Thread-85] DEBUG org.activiti.engine.impl.db.DbSqlSession  -   update PropertyEntity[name=next.dbid, value=244]
10:47:16,564 [Thread-85] DEBUG org.activiti.engine.impl.db.DbSqlSession  - flush summary: 0 insert, 1 update, 0 delete.
10:47:16,564 [Thread-85] DEBUG org.activiti.engine.impl.db.DbSqlSession  - now executing flush...
10:47:16,564 [Thread-85] DEBUG org.activiti.engine.impl.db.DbSqlSession  - updating: PropertyEntity[name=next.dbid, value=244]
10:47:16,564 [Thread-97] DEBUG org.apache.ibatis.datasource.pooled.PooledDataSource  - Checked out connection 826925275 from pool.
10:47:16,564 [Thread-93] DEBUG org.activiti.engine.impl.interceptor.LogInterceptor  - --- StartProcessInstanceCmd finished --------------------------------------------------------
10:47:16,564 [Thread-93] DEBUG org.activiti.engine.impl.interceptor.LogInterceptor  - 

10:47:16,564 [Thread-93] DEBUG org.activiti.engine.impl.interceptor.LogInterceptor  - 

10:47:16,564 [Thread-93] DEBUG org.activiti.engine.impl.interceptor.LogInterceptor  - --- starting StartProcessInstanceCmd --------------------------------------------------------
10:47:16,564 [Thread-95] DEBUG org.apache.ibatis.datasource.pooled.PooledDataSource  - Waiting as long as 20000 milliseconds for connection.
10:47:16,564 [Thread-97] DEBUG org.apache.ibatis.transaction.jdbc.JdbcTransaction  - Setting autocommit to false on JDBC Connection [conn53: url=jdbc:h2:mem:activiti user=SA]
10:47:16,564 [Thread-97] DEBUG org.activiti.engine.impl.persistence.entity.ProcessDefinitionEntity.selectLatestProcessDefinitionByKey  - ==&gt;  Preparing: select * from ACT_RE_PROCDEF where KEY_ = ? and (TENANT_ID_ = &apos;&apos; or TENANT_ID_ is null) and VERSION_ = (select max(VERSION_) from ACT_RE_PROCDEF where KEY_ = ? and (TENANT_ID_ = &apos;&apos; or TENANT_ID_ is null)) 
10:47:16,564 [Thread-85] DEBUG org.activiti.engine.impl.persistence.entity.PropertyEntity.updateProperty  - ==&gt;  Preparing: update ACT_GE_PROPERTY SET REV_ = ?, VALUE_ = ? where NAME_ = ? and REV_ = ? 
10:47:16,564 [Thread-97] DEBUG org.activiti.engine.impl.persistence.entity.ProcessDefinitionEntity.selectLatestProcessDefinitionByKey  - ==&gt; Parameters: idGeneratorDataSource(String), idGeneratorDataSource(String)
10:47:16,564 [Thread-94] DEBUG org.apache.ibatis.datasource.pooled.PooledDataSource  - Waiting as long as 20000 milliseconds for connection.
10:47:16,564 [Thread-93] DEBUG org.apache.ibatis.transaction.jdbc.JdbcTransaction  - Opening JDBC Connection
10:47:16,564 [Thread-93] DEBUG org.apache.ibatis.datasource.pooled.PooledDataSource  - Waiting as long as 20000 milliseconds for connection.
10:47:16,564 [Thread-97] DEBUG org.activiti.engine.impl.persistence.entity.ProcessDefinitionEntity.selectLatestProcessDefinitionByKey  - &lt;==      Total: 1
10:47:16,564 [Thread-85] DEBUG org.activiti.engine.impl.persistence.entity.PropertyEntity.updateProperty  - ==&gt; Parameters: 82(Integer), 244(String), next.dbid(String), 81(Integer)
10:47:16,564 [Thread-85] DEBUG org.activiti.engine.impl.persistence.entity.PropertyEntity.updateProperty  - &lt;==    Updates: 1
10:47:16,564 [Thread-85] DEBUG org.activiti.engine.impl.cfg.standalone.StandaloneMybatisTransactionContext  - firing event committing...
10:47:16,564 [Thread-85] DEBUG org.activiti.engine.impl.cfg.standalone.StandaloneMybatisTransactionContext  - committing the ibatis sql session...
10:47:16,564 [Thread-85] DEBUG org.apache.ibatis.transaction.jdbc.JdbcTransaction  - Committing JDBC Connection [conn54: url=jdbc:h2:mem:activiti user=SA]
10:47:16,564 [Thread-85] DEBUG org.activiti.engine.impl.cfg.standalone.StandaloneMybatisTransactionContext  - firing event committed...
10:47:16,564 [Thread-85] DEBUG org.apache.ibatis.transaction.jdbc.JdbcTransaction  - Resetting autocommit to true on JDBC Connection [conn54: url=jdbc:h2:mem:activiti user=SA]
10:47:16,564 [Thread-85] DEBUG org.apache.ibatis.transaction.jdbc.JdbcTransaction  - Closing JDBC Connection [conn54: url=jdbc:h2:mem:activiti user=SA]
10:47:16,564 [Thread-85] DEBUG org.apache.ibatis.datasource.pooled.PooledDataSource  - Returned connection 1094226572 to pool.
10:47:16,564 [Thread-85] DEBUG org.activiti.engine.impl.interceptor.LogInterceptor  - --- GetNextIdBlockCmd finished --------------------------------------------------------
10:47:16,565 [Thread-85] DEBUG org.activiti.engine.impl.interceptor.LogInterceptor  - 

10:47:16,565 [Thread-85] DEBUG org.activiti.engine.impl.persistence.entity.ExecutionEntity  - initializing ProcessInstance[241]
10:47:16,565 [Thread-97] DEBUG org.activiti.engine.impl.persistence.entity.ExecutionEntity  - initializing ProcessInstance[242]
10:47:16,565 [Thread-85] DEBUG org.activiti.engine.impl.history.DefaultHistoryManager  - Current history level: FULL, level required: ACTIVITY
10:47:16,565 [Thread-97] DEBUG org.activiti.engine.impl.history.DefaultHistoryManager  - Current history level: FULL, level required: ACTIVITY
10:47:16,565 [Thread-97] DEBUG org.activiti.engine.impl.interceptor.LogInterceptor  - 

10:47:16,565 [Thread-97] DEBUG org.activiti.engine.impl.interceptor.LogInterceptor  - --- starting GetNextIdBlockCmd --------------------------------------------------------
10:47:16,565 [Thread-85] DEBUG org.activiti.engine.impl.pvm.runtime.AtomicOperationActivityExecute  - ProcessInstance[241] executes Activity(theStart): org.activiti.engine.impl.bpmn.behavior.NoneStartEventActivityBehavior
10:47:16,565 [Thread-97] DEBUG org.apache.ibatis.transaction.jdbc.JdbcTransaction  - Opening JDBC Connection
10:47:16,565 [Thread-97] DEBUG org.apache.ibatis.datasource.pooled.PooledDataSource  - Checked out connection 1094226572 from pool.
10:47:16,565 [Thread-97] DEBUG org.apache.ibatis.transaction.jdbc.JdbcTransaction  - Setting autocommit to false on JDBC Connection [conn54: url=jdbc:h2:mem:activiti user=SA]
10:47:16,565 [Thread-85] DEBUG org.activiti.engine.impl.persistence.entity.JobEntity.selectJobsByExecutionId  - ==&gt;  Preparing: select * from ACT_RU_JOB J where J.EXECUTION_ID_ = ? 
10:47:16,565 [Thread-97] DEBUG org.activiti.engine.impl.persistence.entity.PropertyEntity.selectProperty  - ==&gt;  Preparing: select * from ACT_GE_PROPERTY where NAME_ = ? 
10:47:16,565 [Thread-85] DEBUG org.activiti.engine.impl.persistence.entity.JobEntity.selectJobsByExecutionId  - ==&gt; Parameters: 241(String)
10:47:16,565 [Thread-97] DEBUG org.activiti.engine.impl.persistence.entity.PropertyEntity.selectProperty  - ==&gt; Parameters: next.dbid(String)
10:47:16,565 [Thread-85] DEBUG org.activiti.engine.impl.persistence.entity.JobEntity.selectJobsByExecutionId  - &lt;==      Total: 0
10:47:16,565 [Thread-97] DEBUG org.activiti.engine.impl.persistence.entity.PropertyEntity.selectProperty  - &lt;==      Total: 1
10:47:16,565 [Thread-85] DEBUG org.activiti.engine.impl.bpmn.behavior.BpmnActivityBehavior  - Leaving activity &apos;theStart&apos;
10:47:16,565 [Thread-97] DEBUG org.activiti.engine.impl.db.DbSqlSession  -   update PropertyEntity[name=next.dbid, value=247]
10:47:16,565 [Thread-97] DEBUG org.activiti.engine.impl.db.DbSqlSession  - flush summary: 0 insert, 1 update, 0 delete.
10:47:16,565 [Thread-97] DEBUG org.activiti.engine.impl.db.DbSqlSession  - now executing flush...
10:47:16,565 [Thread-97] DEBUG org.activiti.engine.impl.db.DbSqlSession  - updating: PropertyEntity[name=next.dbid, value=247]
10:47:16,565 [Thread-85] DEBUG org.activiti.engine.impl.history.DefaultHistoryManager  - Current history level: FULL, level required: ACTIVITY
10:47:16,565 [Thread-97] DEBUG org.activiti.engine.impl.persistence.entity.PropertyEntity.updateProperty  - ==&gt;  Preparing: update ACT_GE_PROPERTY SET REV_ = ?, VALUE_ = ? where NAME_ = ? and REV_ = ? 
10:47:16,565 [Thread-85] DEBUG org.activiti.engine.impl.pvm.runtime.AtomicOperationTransitionNotifyListenerTake  - ProcessInstance[241] takes transition (theStart)--flow1--&gt;(javaService)
10:47:16,565 [Thread-97] DEBUG org.activiti.engine.impl.persistence.entity.PropertyEntity.updateProperty  - ==&gt; Parameters: 83(Integer), 247(String), next.dbid(String), 82(Integer)
10:47:16,565 [Thread-85] DEBUG org.activiti.engine.impl.history.DefaultHistoryManager  - Current history level: FULL, level required: ACTIVITY
10:47:16,565 [Thread-97] DEBUG org.activiti.engine.impl.persistence.entity.PropertyEntity.updateProperty  - &lt;==    Updates: 1
10:47:16,565 [Thread-97] DEBUG org.activiti.engine.impl.cfg.standalone.StandaloneMybatisTransactionContext  - firing event committing...
10:47:16,565 [Thread-97] DEBUG org.activiti.engine.impl.cfg.standalone.StandaloneMybatisTransactionContext  - committing the ibatis sql session...
10:47:16,565 [Thread-97] DEBUG org.apache.ibatis.transaction.jdbc.JdbcTransaction  - Committing JDBC Connection [conn54: url=jdbc:h2:mem:activiti user=SA]
10:47:16,565 [Thread-97] DEBUG org.activiti.engine.impl.cfg.standalone.StandaloneMybatisTransactionContext  - firing event committed...
10:47:16,565 [Thread-97] DEBUG org.apache.ibatis.transaction.jdbc.JdbcTransaction  - Resetting autocommit to true on JDBC Connection [conn54: url=jdbc:h2:mem:activiti user=SA]
10:47:16,565 [Thread-97] DEBUG org.apache.ibatis.transaction.jdbc.JdbcTransaction  - Closing JDBC Connection [conn54: url=jdbc:h2:mem:activiti user=SA]
10:47:16,565 [Thread-97] DEBUG org.apache.ibatis.datasource.pooled.PooledDataSource  - Returned connection 1094226572 to pool.
10:47:16,565 [Thread-97] DEBUG org.activiti.engine.impl.interceptor.LogInterceptor  - --- GetNextIdBlockCmd finished --------------------------------------------------------
10:47:16,565 [Thread-97] DEBUG org.activiti.engine.impl.interceptor.LogInterceptor  - 

10:47:16,566 [Thread-97] DEBUG org.activiti.engine.impl.pvm.runtime.AtomicOperationActivityExecute  - ProcessInstance[242] executes Activity(theStart): org.activiti.engine.impl.bpmn.behavior.NoneStartEventActivityBehavior
10:47:16,566 [Thread-85] DEBUG org.activiti.engine.impl.pvm.runtime.AtomicOperationActivityExecute  - ProcessInstance[241] executes Activity(javaService): org.activiti.engine.impl.bpmn.helper.ClassDelegate
10:47:16,566 [Thread-97] DEBUG org.activiti.engine.impl.persistence.entity.JobEntity.selectJobsByExecutionId  - ==&gt;  Preparing: select * from ACT_RU_JOB J where J.EXECUTION_ID_ = ? 
10:47:16,566 [Thread-85] DEBUG org.activiti.engine.impl.db.DbSqlSession  -   insert ProcessInstance[241]
10:47:16,566 [Thread-85] DEBUG org.activiti.engine.impl.db.DbSqlSession  -   insert HistoricProcessInstanceEntity[superProcessInstanceId=null]
10:47:16,566 [Thread-85] DEBUG org.activiti.engine.impl.db.DbSqlSession  -   insert HistoricActivityInstanceEntity[activityId=theStart, activityName=null]
10:47:16,566 [Thread-85] DEBUG org.activiti.engine.impl.db.DbSqlSession  -   insert HistoricActivityInstanceEntity[activityId=javaService, activityName=Java service invocation]
10:47:16,566 [Thread-85] DEBUG org.activiti.engine.impl.db.DbSqlSession  - flush summary: 4 insert, 0 update, 0 delete.
10:47:16,566 [Thread-85] DEBUG org.activiti.engine.impl.db.DbSqlSession  - now executing flush...
10:47:16,566 [Thread-85] DEBUG org.activiti.engine.impl.db.DbSqlSession  - inserting: HistoricProcessInstanceEntity[superProcessInstanceId=null]
10:47:16,566 [Thread-97] DEBUG org.activiti.engine.impl.persistence.entity.JobEntity.selectJobsByExecutionId  - ==&gt; Parameters: 242(String)
10:47:16,566 [Thread-85] DEBUG org.activiti.engine.impl.persistence.entity.HistoricProcessInstanceEntity.insertHistoricProcessInstance  - ==&gt;  Preparing: insert into ACT_HI_PROCINST ( ID_, PROC_INST_ID_, BUSINESS_KEY_, PROC_DEF_ID_, START_TIME_, END_TIME_, DURATION_, START_USER_ID_, START_ACT_ID_, END_ACT_ID_, SUPER_PROCESS_INSTANCE_ID_, DELETE_REASON_, TENANT_ID_, NAME_ ) values ( ?, ?, ?, ?, ?, ?, ?, ?, ?, ?, ?, ?, ?, ? ) 
10:47:16,566 [Thread-97] DEBUG org.activiti.engine.impl.persistence.entity.JobEntity.selectJobsByExecutionId  - &lt;==      Total: 0
10:47:16,566 [Thread-85] DEBUG org.activiti.engine.impl.persistence.entity.HistoricProcessInstanceEntity.insertHistoricProcessInstance  - ==&gt; Parameters: 241(String), 241(String), null, idGeneratorDataSource:1:3(String), 2015-01-01 00:00:00.0(Timestamp), null, null, null, theStart(String), null, null, null, (String), null
10:47:16,566 [Thread-97] DEBUG org.activiti.engine.impl.bpmn.behavior.BpmnActivityBehavior  - Leaving activity &apos;theStart&apos;
10:47:16,566 [Thread-85] DEBUG org.activiti.engine.impl.persistence.entity.HistoricProcessInstanceEntity.insertHistoricProcessInstance  - &lt;==    Updates: 1
10:47:16,566 [Thread-97] DEBUG org.activiti.engine.impl.history.DefaultHistoryManager  - Current history level: FULL, level required: ACTIVITY
10:47:16,566 [Thread-97] DEBUG org.activiti.engine.impl.pvm.runtime.AtomicOperationTransitionNotifyListenerTake  - ProcessInstance[242] takes transition (theStart)--flow1--&gt;(javaService)
10:47:16,566 [Thread-85] DEBUG org.activiti.engine.impl.persistence.entity.HistoricActivityInstanceEntity.bulkInsertHistoricActivityInstance  - ==&gt;  Preparing: insert into ACT_HI_ACTINST ( ID_, PROC_DEF_ID_, PROC_INST_ID_, EXECUTION_ID_, ACT_ID_, TASK_ID_, CALL_PROC_INST_ID_, ACT_NAME_, ACT_TYPE_, ASSIGNEE_, START_TIME_, END_TIME_, DURATION_, TENANT_ID_ ) values (?, ?, ?, ?, ?, ?, ?, ?, ?, ?, ?, ?, ?, ?) , (?, ?, ?, ?, ?, ?, ?, ?, ?, ?, ?, ?, ?, ?) 
10:47:16,566 [Thread-97] DEBUG org.activiti.engine.impl.history.DefaultHistoryManager  - Current history level: FULL, level required: ACTIVITY
10:47:16,566 [Thread-85] DEBUG org.activiti.engine.impl.persistence.entity.HistoricActivityInstanceEntity.bulkInsertHistoricActivityInstance  - ==&gt; Parameters: 243(String), idGeneratorDataSource:1:3(String), 241(String), 241(String), theStart(String), null, null, null, startEvent(String), null, 2015-01-01 00:00:00.0(Timestamp), 2015-01-01 00:00:00.0(Timestamp), 0(Long), (String), 245(String), idGeneratorDataSource:1:3(String), 241(String), 241(String), javaService(String), null, null, Java service invocation(String), serviceTask(String), null, 2015-01-01 00:00:00.0(Timestamp), null, null, (String)
10:47:16,566 [Thread-97] DEBUG org.activiti.engine.impl.pvm.runtime.AtomicOperationActivityExecute  - ProcessInstance[242] executes Activity(javaService): org.activiti.engine.impl.bpmn.helper.ClassDelegate
10:47:16,566 [Thread-85] DEBUG org.activiti.engine.impl.persistence.entity.HistoricActivityInstanceEntity.bulkInsertHistoricActivityInstance  - &lt;==    Updates: 2
10:47:16,566 [Thread-85] DEBUG org.activiti.engine.impl.db.DbSqlSession  - inserting: ProcessInstance[241]
10:47:16,566 [Thread-97] DEBUG org.activiti.engine.impl.db.DbSqlSession  -   insert ProcessInstance[242]
10:47:16,566 [Thread-97] DEBUG org.activiti.engine.impl.db.DbSqlSession  -   insert HistoricProcessInstanceEntity[superProcessInstanceId=null]
10:47:16,566 [Thread-97] DEBUG org.activiti.engine.impl.db.DbSqlSession  -   insert HistoricActivityInstanceEntity[activityId=theStart, activityName=null]
10:47:16,566 [Thread-97] DEBUG org.activiti.engine.impl.db.DbSqlSession  -   insert HistoricActivityInstanceEntity[activityId=javaService, activityName=Java service invocation]
10:47:16,567 [Thread-97] DEBUG org.activiti.engine.impl.db.DbSqlSession  - flush summary: 4 insert, 0 update, 0 delete.
10:47:16,567 [Thread-97] DEBUG org.activiti.engine.impl.db.DbSqlSession  - now executing flush...
10:47:16,567 [Thread-97] DEBUG org.activiti.engine.impl.db.DbSqlSession  - inserting: HistoricProcessInstanceEntity[superProcessInstanceId=null]
10:47:16,566 [Thread-85] DEBUG org.activiti.engine.impl.persistence.entity.ExecutionEntity.insertExecution  - ==&gt;  Preparing: insert into ACT_RU_EXECUTION (ID_, REV_, PROC_INST_ID_, BUSINESS_KEY_, PROC_DEF_ID_, ACT_ID_, IS_ACTIVE_, IS_CONCURRENT_, IS_SCOPE_,IS_EVENT_SCOPE_, PARENT_ID_, SUPER_EXEC_, SUSPENSION_STATE_, CACHED_ENT_STATE_, TENANT_ID_, NAME_) values ( ?, 1, ?, ?, ?, ?, ?, ?, ?, ?, ?, ?, ?, ?, ?, ? ) 
10:47:16,567 [Thread-97] DEBUG org.activiti.engine.impl.persistence.entity.HistoricProcessInstanceEntity.insertHistoricProcessInstance  - ==&gt;  Preparing: insert into ACT_HI_PROCINST ( ID_, PROC_INST_ID_, BUSINESS_KEY_, PROC_DEF_ID_, START_TIME_, END_TIME_, DURATION_, START_USER_ID_, START_ACT_ID_, END_ACT_ID_, SUPER_PROCESS_INSTANCE_ID_, DELETE_REASON_, TENANT_ID_, NAME_ ) values ( ?, ?, ?, ?, ?, ?, ?, ?, ?, ?, ?, ?, ?, ? ) 
10:47:16,567 [Thread-85] DEBUG org.activiti.engine.impl.persistence.entity.ExecutionEntity.insertExecution  - ==&gt; Parameters: 241(String), 241(String), null, idGeneratorDataSource:1:3(String), javaService(String), true(Boolean), false(Boolean), true(Boolean), false(Boolean), null, null, 1(Integer), 2(Integer), (String), null
10:47:16,567 [Thread-97] DEBUG org.activiti.engine.impl.persistence.entity.HistoricProcessInstanceEntity.insertHistoricProcessInstance  - ==&gt; Parameters: 242(String), 242(String), null, idGeneratorDataSource:1:3(String), 2015-01-01 00:00:00.0(Timestamp), null, null, null, theStart(String), null, null, null, (String), null
10:47:16,567 [Thread-85] DEBUG org.activiti.engine.impl.persistence.entity.ExecutionEntity.insertExecution  - &lt;==    Updates: 1
10:47:16,567 [Thread-85] DEBUG org.activiti.engine.impl.cfg.standalone.StandaloneMybatisTransactionContext  - firing event committing...
10:47:16,567 [Thread-85] DEBUG org.activiti.engine.impl.cfg.standalone.StandaloneMybatisTransactionContext  - committing the ibatis sql session...
10:47:16,567 [Thread-85] DEBUG org.apache.ibatis.transaction.jdbc.JdbcTransaction  - Committing JDBC Connection [conn55: url=jdbc:h2:mem:activiti user=SA]
10:47:16,567 [Thread-85] DEBUG org.activiti.engine.impl.cfg.standalone.StandaloneMybatisTransactionContext  - firing event committed...
10:47:16,567 [Thread-85] DEBUG org.apache.ibatis.transaction.jdbc.JdbcTransaction  - Resetting autocommit to true on JDBC Connection [conn55: url=jdbc:h2:mem:activiti user=SA]
10:47:16,567 [Thread-85] DEBUG org.apache.ibatis.transaction.jdbc.JdbcTransaction  - Closing JDBC Connection [conn55: url=jdbc:h2:mem:activiti user=SA]
10:47:16,567 [Thread-85] DEBUG org.apache.ibatis.datasource.pooled.PooledDataSource  - Returned connection 14606730 to pool.
10:47:16,567 [Thread-97] DEBUG org.activiti.engine.impl.persistence.entity.HistoricProcessInstanceEntity.insertHistoricProcessInstance  - &lt;==    Updates: 1
10:47:16,567 [Thread-93] DEBUG org.apache.ibatis.datasource.pooled.PooledDataSource  - Checked out connection 14606730 from pool.
10:47:16,567 [Thread-85] DEBUG org.activiti.engine.impl.interceptor.LogInterceptor  - --- StartProcessInstanceCmd finished --------------------------------------------------------
10:47:16,567 [Thread-85] DEBUG org.activiti.engine.impl.interceptor.LogInterceptor  - 

10:47:16,567 [Thread-97] DEBUG org.activiti.engine.impl.persistence.entity.HistoricActivityInstanceEntity.bulkInsertHistoricActivityInstance  - ==&gt;  Preparing: insert into ACT_HI_ACTINST ( ID_, PROC_DEF_ID_, PROC_INST_ID_, EXECUTION_ID_, ACT_ID_, TASK_ID_, CALL_PROC_INST_ID_, ACT_NAME_, ACT_TYPE_, ASSIGNEE_, START_TIME_, END_TIME_, DURATION_, TENANT_ID_ ) values (?, ?, ?, ?, ?, ?, ?, ?, ?, ?, ?, ?, ?, ?) , (?, ?, ?, ?, ?, ?, ?, ?, ?, ?, ?, ?, ?, ?) 
10:47:16,567 [Thread-94] DEBUG org.apache.ibatis.datasource.pooled.PooledDataSource  - Waiting as long as 20000 milliseconds for connection.
10:47:16,567 [Thread-93] DEBUG org.apache.ibatis.transaction.jdbc.JdbcTransaction  - Setting autocommit to false on JDBC Connection [conn55: url=jdbc:h2:mem:activiti user=SA]
10:47:16,567 [Thread-95] DEBUG org.apache.ibatis.datasource.pooled.PooledDataSource  - Waiting as long as 20000 milliseconds for connection.
10:47:16,567 [Thread-93] DEBUG org.activiti.engine.impl.persistence.entity.ProcessDefinitionEntity.selectLatestProcessDefinitionByKey  - ==&gt;  Preparing: select * from ACT_RE_PROCDEF where KEY_ = ? and (TENANT_ID_ = &apos;&apos; or TENANT_ID_ is null) and VERSION_ = (select max(VERSION_) from ACT_RE_PROCDEF where KEY_ = ? and (TENANT_ID_ = &apos;&apos; or TENANT_ID_ is null)) 
10:47:16,567 [Thread-93] DEBUG org.activiti.engine.impl.persistence.entity.ProcessDefinitionEntity.selectLatestProcessDefinitionByKey  - ==&gt; Parameters: idGeneratorDataSource(String), idGeneratorDataSource(String)
10:47:16,567 [Thread-97] DEBUG org.activiti.engine.impl.persistence.entity.HistoricActivityInstanceEntity.bulkInsertHistoricActivityInstance  - ==&gt; Parameters: 244(String), idGeneratorDataSource:1:3(String), 242(String), 242(String), theStart(String), null, null, null, startEvent(String), null, 2015-01-01 00:00:00.0(Timestamp), 2015-01-01 00:00:00.0(Timestamp), 0(Long), (String), 246(String), idGeneratorDataSource:1:3(String), 242(String), 242(String), javaService(String), null, null, Java service invocation(String), serviceTask(String), null, 2015-01-01 00:00:00.0(Timestamp), null, null, (String)
10:47:16,567 [Thread-93] DEBUG org.activiti.engine.impl.persistence.entity.ProcessDefinitionEntity.selectLatestProcessDefinitionByKey  - &lt;==      Total: 1
10:47:16,567 [Thread-85] DEBUG org.activiti.engine.impl.interceptor.LogInterceptor  - 

10:47:16,567 [Thread-85] DEBUG org.activiti.engine.impl.interceptor.LogInterceptor  - --- starting StartProcessInstanceCmd --------------------------------------------------------
10:47:16,567 [Thread-93] DEBUG org.activiti.engine.impl.interceptor.LogInterceptor  - 

10:47:16,567 [Thread-93] DEBUG org.activiti.engine.impl.interceptor.LogInterceptor  - --- starting GetNextIdBlockCmd --------------------------------------------------------
10:47:16,567 [Thread-97] DEBUG org.activiti.engine.impl.persistence.entity.HistoricActivityInstanceEntity.bulkInsertHistoricActivityInstance  - &lt;==    Updates: 2
10:47:16,567 [Thread-97] DEBUG org.activiti.engine.impl.db.DbSqlSession  - inserting: ProcessInstance[242]
10:47:16,567 [Thread-93] DEBUG org.apache.ibatis.transaction.jdbc.JdbcTransaction  - Opening JDBC Connection
10:47:16,567 [Thread-93] DEBUG org.apache.ibatis.datasource.pooled.PooledDataSource  - Checked out connection 1094226572 from pool.
10:47:16,567 [Thread-93] DEBUG org.apache.ibatis.transaction.jdbc.JdbcTransaction  - Setting autocommit to false on JDBC Connection [conn54: url=jdbc:h2:mem:activiti user=SA]
10:47:16,567 [Thread-93] DEBUG org.activiti.engine.impl.persistence.entity.PropertyEntity.selectProperty  - ==&gt;  Preparing: select * from ACT_GE_PROPERTY where NAME_ = ? 
10:47:16,567 [Thread-85] DEBUG org.apache.ibatis.transaction.jdbc.JdbcTransaction  - Opening JDBC Connection
10:47:16,568 [Thread-85] DEBUG org.apache.ibatis.datasource.pooled.PooledDataSource  - Waiting as long as 20000 milliseconds for connection.
10:47:16,568 [Thread-93] DEBUG org.activiti.engine.impl.persistence.entity.PropertyEntity.selectProperty  - ==&gt; Parameters: next.dbid(String)
10:47:16,567 [Thread-97] DEBUG org.activiti.engine.impl.persistence.entity.ExecutionEntity.insertExecution  - ==&gt;  Preparing: insert into ACT_RU_EXECUTION (ID_, REV_, PROC_INST_ID_, BUSINESS_KEY_, PROC_DEF_ID_, ACT_ID_, IS_ACTIVE_, IS_CONCURRENT_, IS_SCOPE_,IS_EVENT_SCOPE_, PARENT_ID_, SUPER_EXEC_, SUSPENSION_STATE_, CACHED_ENT_STATE_, TENANT_ID_, NAME_) values ( ?, 1, ?, ?, ?, ?, ?, ?, ?, ?, ?, ?, ?, ?, ?, ? ) 
10:47:16,568 [Thread-93] DEBUG org.activiti.engine.impl.persistence.entity.PropertyEntity.selectProperty  - &lt;==      Total: 1
10:47:16,568 [Thread-97] DEBUG org.activiti.engine.impl.persistence.entity.ExecutionEntity.insertExecution  - ==&gt; Parameters: 242(String), 242(String), null, idGeneratorDataSource:1:3(String), javaService(String), true(Boolean), false(Boolean), true(Boolean), false(Boolean), null, null, 1(Integer), 2(Integer), (String), null
10:47:16,568 [Thread-93] DEBUG org.activiti.engine.impl.db.DbSqlSession  -   update PropertyEntity[name=next.dbid, value=250]
10:47:16,568 [Thread-93] DEBUG org.activiti.engine.impl.db.DbSqlSession  - flush summary: 0 insert, 1 update, 0 delete.
10:47:16,568 [Thread-93] DEBUG org.activiti.engine.impl.db.DbSqlSession  - now executing flush...
10:47:16,568 [Thread-93] DEBUG org.activiti.engine.impl.db.DbSqlSession  - updating: PropertyEntity[name=next.dbid, value=250]
10:47:16,568 [Thread-97] DEBUG org.activiti.engine.impl.persistence.entity.ExecutionEntity.insertExecution  - &lt;==    Updates: 1
10:47:16,568 [Thread-97] DEBUG org.activiti.engine.impl.cfg.standalone.StandaloneMybatisTransactionContext  - firing event committing...
10:47:16,568 [Thread-97] DEBUG org.activiti.engine.impl.cfg.standalone.StandaloneMybatisTransactionContext  - committing the ibatis sql session...
10:47:16,568 [Thread-97] DEBUG org.apache.ibatis.transaction.jdbc.JdbcTransaction  - Committing JDBC Connection [conn53: url=jdbc:h2:mem:activiti user=SA]
10:47:16,568 [Thread-93] DEBUG org.activiti.engine.impl.persistence.entity.PropertyEntity.updateProperty  - ==&gt;  Preparing: update ACT_GE_PROPERTY SET REV_ = ?, VALUE_ = ? where NAME_ = ? and REV_ = ? 
10:47:16,568 [Thread-97] DEBUG org.activiti.engine.impl.cfg.standalone.StandaloneMybatisTransactionContext  - firing event committed...
10:47:16,568 [Thread-97] DEBUG org.apache.ibatis.transaction.jdbc.JdbcTransaction  - Resetting autocommit to true on JDBC Connection [conn53: url=jdbc:h2:mem:activiti user=SA]
10:47:16,568 [Thread-97] DEBUG org.apache.ibatis.transaction.jdbc.JdbcTransaction  - Closing JDBC Connection [conn53: url=jdbc:h2:mem:activiti user=SA]
10:47:16,568 [Thread-97] DEBUG org.apache.ibatis.datasource.pooled.PooledDataSource  - Returned connection 826925275 to pool.
10:47:16,568 [Thread-93] DEBUG org.activiti.engine.impl.persistence.entity.PropertyEntity.updateProperty  - ==&gt; Parameters: 84(Integer), 250(String), next.dbid(String), 83(Integer)
10:47:16,568 [Thread-85] DEBUG org.apache.ibatis.datasource.pooled.PooledDataSource  - Checked out connection 826925275 from pool.
10:47:16,568 [Thread-97] DEBUG org.activiti.engine.impl.interceptor.LogInterceptor  - --- StartProcessInstanceCmd finished --------------------------------------------------------
10:47:16,568 [Thread-97] DEBUG org.activiti.engine.impl.interceptor.LogInterceptor  - 

10:47:16,568 [Thread-97] DEBUG org.activiti.engine.impl.interceptor.LogInterceptor  - 

10:47:16,568 [Thread-97] DEBUG org.activiti.engine.impl.interceptor.LogInterceptor  - --- starting StartProcessInstanceCmd --------------------------------------------------------
10:47:16,568 [Thread-95] DEBUG org.apache.ibatis.datasource.pooled.PooledDataSource  - Waiting as long as 20000 milliseconds for connection.
10:47:16,568 [Thread-85] DEBUG org.apache.ibatis.transaction.jdbc.JdbcTransaction  - Setting autocommit to false on JDBC Connection [conn53: url=jdbc:h2:mem:activiti user=SA]
10:47:16,568 [Thread-85] DEBUG org.activiti.engine.impl.persistence.entity.ProcessDefinitionEntity.selectLatestProcessDefinitionByKey  - ==&gt;  Preparing: select * from ACT_RE_PROCDEF where KEY_ = ? and (TENANT_ID_ = &apos;&apos; or TENANT_ID_ is null) and VERSION_ = (select max(VERSION_) from ACT_RE_PROCDEF where KEY_ = ? and (TENANT_ID_ = &apos;&apos; or TENANT_ID_ is null)) 
10:47:16,568 [Thread-93] DEBUG org.activiti.engine.impl.persistence.entity.PropertyEntity.updateProperty  - &lt;==    Updates: 1
10:47:16,568 [Thread-85] DEBUG org.activiti.engine.impl.persistence.entity.ProcessDefinitionEntity.selectLatestProcessDefinitionByKey  - ==&gt; Parameters: idGeneratorDataSource(String), idGeneratorDataSource(String)
10:47:16,568 [Thread-94] DEBUG org.apache.ibatis.datasource.pooled.PooledDataSource  - Waiting as long as 20000 milliseconds for connection.
10:47:16,568 [Thread-97] DEBUG org.apache.ibatis.transaction.jdbc.JdbcTransaction  - Opening JDBC Connection
10:47:16,568 [Thread-97] DEBUG org.apache.ibatis.datasource.pooled.PooledDataSource  - Waiting as long as 20000 milliseconds for connection.
10:47:16,568 [Thread-85] DEBUG org.activiti.engine.impl.persistence.entity.ProcessDefinitionEntity.selectLatestProcessDefinitionByKey  - &lt;==      Total: 1
10:47:16,568 [Thread-93] DEBUG org.activiti.engine.impl.cfg.standalone.StandaloneMybatisTransactionContext  - firing event committing...
10:47:16,568 [Thread-93] DEBUG org.activiti.engine.impl.cfg.standalone.StandaloneMybatisTransactionContext  - committing the ibatis sql session...
10:47:16,568 [Thread-93] DEBUG org.apache.ibatis.transaction.jdbc.JdbcTransaction  - Committing JDBC Connection [conn54: url=jdbc:h2:mem:activiti user=SA]
10:47:16,568 [Thread-93] DEBUG org.activiti.engine.impl.cfg.standalone.StandaloneMybatisTransactionContext  - firing event committed...
10:47:16,568 [Thread-93] DEBUG org.apache.ibatis.transaction.jdbc.JdbcTransaction  - Resetting autocommit to true on JDBC Connection [conn54: url=jdbc:h2:mem:activiti user=SA]
10:47:16,569 [Thread-93] DEBUG org.apache.ibatis.transaction.jdbc.JdbcTransaction  - Closing JDBC Connection [conn54: url=jdbc:h2:mem:activiti user=SA]
10:47:16,569 [Thread-93] DEBUG org.apache.ibatis.datasource.pooled.PooledDataSource  - Returned connection 1094226572 to pool.
10:47:16,569 [Thread-93] DEBUG org.activiti.engine.impl.interceptor.LogInterceptor  - --- GetNextIdBlockCmd finished --------------------------------------------------------
10:47:16,569 [Thread-93] DEBUG org.activiti.engine.impl.interceptor.LogInterceptor  - 

10:47:16,569 [Thread-93] DEBUG org.activiti.engine.impl.persistence.entity.ExecutionEntity  - initializing ProcessInstance[247]
10:47:16,569 [Thread-85] DEBUG org.activiti.engine.impl.persistence.entity.ExecutionEntity  - initializing ProcessInstance[248]
10:47:16,569 [Thread-93] DEBUG org.activiti.engine.impl.history.DefaultHistoryManager  - Current history level: FULL, level required: ACTIVITY
10:47:16,569 [Thread-93] DEBUG org.activiti.engine.impl.pvm.runtime.AtomicOperationActivityExecute  - ProcessInstance[247] executes Activity(theStart): org.activiti.engine.impl.bpmn.behavior.NoneStartEventActivityBehavior
10:47:16,569 [Thread-85] DEBUG org.activiti.engine.impl.history.DefaultHistoryManager  - Current history level: FULL, level required: ACTIVITY
10:47:16,569 [Thread-93] DEBUG org.activiti.engine.impl.persistence.entity.JobEntity.selectJobsByExecutionId  - ==&gt;  Preparing: select * from ACT_RU_JOB J where J.EXECUTION_ID_ = ? 
10:47:16,569 [Thread-93] DEBUG org.activiti.engine.impl.persistence.entity.JobEntity.selectJobsByExecutionId  - ==&gt; Parameters: 247(String)
10:47:16,569 [Thread-93] DEBUG org.activiti.engine.impl.persistence.entity.JobEntity.selectJobsByExecutionId  - &lt;==      Total: 0
10:47:16,569 [Thread-93] DEBUG org.activiti.engine.impl.bpmn.behavior.BpmnActivityBehavior  - Leaving activity &apos;theStart&apos;
10:47:16,569 [Thread-93] DEBUG org.activiti.engine.impl.history.DefaultHistoryManager  - Current history level: FULL, level required: ACTIVITY
10:47:16,569 [Thread-93] DEBUG org.activiti.engine.impl.pvm.runtime.AtomicOperationTransitionNotifyListenerTake  - ProcessInstance[247] takes transition (theStart)--flow1--&gt;(javaService)
10:47:16,569 [Thread-85] DEBUG org.activiti.engine.impl.interceptor.LogInterceptor  - 

10:47:16,569 [Thread-85] DEBUG org.activiti.engine.impl.interceptor.LogInterceptor  - --- starting GetNextIdBlockCmd --------------------------------------------------------
10:47:16,569 [Thread-93] DEBUG org.activiti.engine.impl.history.DefaultHistoryManager  - Current history level: FULL, level required: ACTIVITY
10:47:16,569 [Thread-85] DEBUG org.apache.ibatis.transaction.jdbc.JdbcTransaction  - Opening JDBC Connection
10:47:16,569 [Thread-85] DEBUG org.apache.ibatis.datasource.pooled.PooledDataSource  - Checked out connection 1094226572 from pool.
10:47:16,569 [Thread-85] DEBUG org.apache.ibatis.transaction.jdbc.JdbcTransaction  - Setting autocommit to false on JDBC Connection [conn54: url=jdbc:h2:mem:activiti user=SA]
10:47:16,569 [Thread-85] DEBUG org.activiti.engine.impl.persistence.entity.PropertyEntity.selectProperty  - ==&gt;  Preparing: select * from ACT_GE_PROPERTY where NAME_ = ? 
10:47:16,569 [Thread-85] DEBUG org.activiti.engine.impl.persistence.entity.PropertyEntity.selectProperty  - ==&gt; Parameters: next.dbid(String)
10:47:16,569 [Thread-85] DEBUG org.activiti.engine.impl.persistence.entity.PropertyEntity.selectProperty  - &lt;==      Total: 1
10:47:16,569 [Thread-85] DEBUG org.activiti.engine.impl.db.DbSqlSession  -   update PropertyEntity[name=next.dbid, value=253]
10:47:16,569 [Thread-85] DEBUG org.activiti.engine.impl.db.DbSqlSession  - flush summary: 0 insert, 1 update, 0 delete.
10:47:16,569 [Thread-85] DEBUG org.activiti.engine.impl.db.DbSqlSession  - now executing flush...
10:47:16,569 [Thread-85] DEBUG org.activiti.engine.impl.db.DbSqlSession  - updating: PropertyEntity[name=next.dbid, value=253]
10:47:16,570 [Thread-85] DEBUG org.activiti.engine.impl.persistence.entity.PropertyEntity.updateProperty  - ==&gt;  Preparing: update ACT_GE_PROPERTY SET REV_ = ?, VALUE_ = ? where NAME_ = ? and REV_ = ? 
10:47:16,570 [Thread-85] DEBUG org.activiti.engine.impl.persistence.entity.PropertyEntity.updateProperty  - ==&gt; Parameters: 85(Integer), 253(String), next.dbid(String), 84(Integer)
10:47:16,570 [Thread-85] DEBUG org.activiti.engine.impl.persistence.entity.PropertyEntity.updateProperty  - &lt;==    Updates: 1
10:47:16,570 [Thread-85] DEBUG org.activiti.engine.impl.cfg.standalone.StandaloneMybatisTransactionContext  - firing event committing...
10:47:16,570 [Thread-85] DEBUG org.activiti.engine.impl.cfg.standalone.StandaloneMybatisTransactionContext  - committing the ibatis sql session...
10:47:16,570 [Thread-85] DEBUG org.apache.ibatis.transaction.jdbc.JdbcTransaction  - Committing JDBC Connection [conn54: url=jdbc:h2:mem:activiti user=SA]
10:47:16,570 [Thread-85] DEBUG org.activiti.engine.impl.cfg.standalone.StandaloneMybatisTransactionContext  - firing event committed...
10:47:16,570 [Thread-85] DEBUG org.apache.ibatis.transaction.jdbc.JdbcTransaction  - Resetting autocommit to true on JDBC Connection [conn54: url=jdbc:h2:mem:activiti user=SA]
10:47:16,570 [Thread-85] DEBUG org.apache.ibatis.transaction.jdbc.JdbcTransaction  - Closing JDBC Connection [conn54: url=jdbc:h2:mem:activiti user=SA]
10:47:16,570 [Thread-85] DEBUG org.apache.ibatis.datasource.pooled.PooledDataSource  - Returned connection 1094226572 to pool.
10:47:16,570 [Thread-85] DEBUG org.activiti.engine.impl.interceptor.LogInterceptor  - --- GetNextIdBlockCmd finished --------------------------------------------------------
10:47:16,570 [Thread-85] DEBUG org.activiti.engine.impl.interceptor.LogInterceptor  - 

10:47:16,570 [Thread-85] DEBUG org.activiti.engine.impl.pvm.runtime.AtomicOperationActivityExecute  - ProcessInstance[248] executes Activity(theStart): org.activiti.engine.impl.bpmn.behavior.NoneStartEventActivityBehavior
10:47:16,570 [Thread-93] DEBUG org.activiti.engine.impl.pvm.runtime.AtomicOperationActivityExecute  - ProcessInstance[247] executes Activity(javaService): org.activiti.engine.impl.bpmn.helper.ClassDelegate
10:47:16,570 [Thread-93] DEBUG org.activiti.engine.impl.db.DbSqlSession  -   insert ProcessInstance[247]
10:47:16,570 [Thread-93] DEBUG org.activiti.engine.impl.db.DbSqlSession  -   insert HistoricProcessInstanceEntity[superProcessInstanceId=null]
10:47:16,570 [Thread-93] DEBUG org.activiti.engine.impl.db.DbSqlSession  -   insert HistoricActivityInstanceEntity[activityId=theStart, activityName=null]
10:47:16,570 [Thread-85] DEBUG org.activiti.engine.impl.persistence.entity.JobEntity.selectJobsByExecutionId  - ==&gt;  Preparing: select * from ACT_RU_JOB J where J.EXECUTION_ID_ = ? 
10:47:16,570 [Thread-93] DEBUG org.activiti.engine.impl.db.DbSqlSession  -   insert HistoricActivityInstanceEntity[activityId=javaService, activityName=Java service invocation]
10:47:16,570 [Thread-93] DEBUG org.activiti.engine.impl.db.DbSqlSession  - flush summary: 4 insert, 0 update, 0 delete.
10:47:16,570 [Thread-93] DEBUG org.activiti.engine.impl.db.DbSqlSession  - now executing flush...
10:47:16,570 [Thread-93] DEBUG org.activiti.engine.impl.db.DbSqlSession  - inserting: HistoricProcessInstanceEntity[superProcessInstanceId=null]
10:47:16,570 [Thread-85] DEBUG org.activiti.engine.impl.persistence.entity.JobEntity.selectJobsByExecutionId  - ==&gt; Parameters: 248(String)
10:47:16,570 [Thread-93] DEBUG org.activiti.engine.impl.persistence.entity.HistoricProcessInstanceEntity.insertHistoricProcessInstance  - ==&gt;  Preparing: insert into ACT_HI_PROCINST ( ID_, PROC_INST_ID_, BUSINESS_KEY_, PROC_DEF_ID_, START_TIME_, END_TIME_, DURATION_, START_USER_ID_, START_ACT_ID_, END_ACT_ID_, SUPER_PROCESS_INSTANCE_ID_, DELETE_REASON_, TENANT_ID_, NAME_ ) values ( ?, ?, ?, ?, ?, ?, ?, ?, ?, ?, ?, ?, ?, ? ) 
10:47:16,570 [Thread-93] DEBUG org.activiti.engine.impl.persistence.entity.HistoricProcessInstanceEntity.insertHistoricProcessInstance  - ==&gt; Parameters: 247(String), 247(String), null, idGeneratorDataSource:1:3(String), 2015-01-01 00:00:00.0(Timestamp), null, null, null, theStart(String), null, null, null, (String), null
10:47:16,570 [Thread-93] DEBUG org.activiti.engine.impl.persistence.entity.HistoricProcessInstanceEntity.insertHistoricProcessInstance  - &lt;==    Updates: 1
10:47:16,570 [Thread-85] DEBUG org.activiti.engine.impl.persistence.entity.JobEntity.selectJobsByExecutionId  - &lt;==      Total: 0
10:47:16,570 [Thread-93] DEBUG org.activiti.engine.impl.persistence.entity.HistoricActivityInstanceEntity.bulkInsertHistoricActivityInstance  - ==&gt;  Preparing: insert into ACT_HI_ACTINST ( ID_, PROC_DEF_ID_, PROC_INST_ID_, EXECUTION_ID_, ACT_ID_, TASK_ID_, CALL_PROC_INST_ID_, ACT_NAME_, ACT_TYPE_, ASSIGNEE_, START_TIME_, END_TIME_, DURATION_, TENANT_ID_ ) values (?, ?, ?, ?, ?, ?, ?, ?, ?, ?, ?, ?, ?, ?) , (?, ?, ?, ?, ?, ?, ?, ?, ?, ?, ?, ?, ?, ?) 
10:47:16,570 [Thread-85] DEBUG org.activiti.engine.impl.bpmn.behavior.BpmnActivityBehavior  - Leaving activity &apos;theStart&apos;
10:47:16,570 [Thread-93] DEBUG org.activiti.engine.impl.persistence.entity.HistoricActivityInstanceEntity.bulkInsertHistoricActivityInstance  - ==&gt; Parameters: 249(String), idGeneratorDataSource:1:3(String), 247(String), 247(String), theStart(String), null, null, null, startEvent(String), null, 2015-01-01 00:00:00.0(Timestamp), 2015-01-01 00:00:00.0(Timestamp), 0(Long), (String), 251(String), idGeneratorDataSource:1:3(String), 247(String), 247(String), javaService(String), null, null, Java service invocation(String), serviceTask(String), null, 2015-01-01 00:00:00.0(Timestamp), null, null, (String)
10:47:16,571 [Thread-93] DEBUG org.activiti.engine.impl.persistence.entity.HistoricActivityInstanceEntity.bulkInsertHistoricActivityInstance  - &lt;==    Updates: 2
10:47:16,571 [Thread-93] DEBUG org.activiti.engine.impl.db.DbSqlSession  - inserting: ProcessInstance[247]
10:47:16,571 [Thread-93] DEBUG org.activiti.engine.impl.persistence.entity.ExecutionEntity.insertExecution  - ==&gt;  Preparing: insert into ACT_RU_EXECUTION (ID_, REV_, PROC_INST_ID_, BUSINESS_KEY_, PROC_DEF_ID_, ACT_ID_, IS_ACTIVE_, IS_CONCURRENT_, IS_SCOPE_,IS_EVENT_SCOPE_, PARENT_ID_, SUPER_EXEC_, SUSPENSION_STATE_, CACHED_ENT_STATE_, TENANT_ID_, NAME_) values ( ?, 1, ?, ?, ?, ?, ?, ?, ?, ?, ?, ?, ?, ?, ?, ? ) 
10:47:16,571 [Thread-93] DEBUG org.activiti.engine.impl.persistence.entity.ExecutionEntity.insertExecution  - ==&gt; Parameters: 247(String), 247(String), null, idGeneratorDataSource:1:3(String), javaService(String), true(Boolean), false(Boolean), true(Boolean), false(Boolean), null, null, 1(Integer), 2(Integer), (String), null
10:47:16,571 [Thread-93] DEBUG org.activiti.engine.impl.persistence.entity.ExecutionEntity.insertExecution  - &lt;==    Updates: 1
10:47:16,571 [Thread-93] DEBUG org.activiti.engine.impl.cfg.standalone.StandaloneMybatisTransactionContext  - firing event committing...
10:47:16,571 [Thread-93] DEBUG org.activiti.engine.impl.cfg.standalone.StandaloneMybatisTransactionContext  - committing the ibatis sql session...
10:47:16,571 [Thread-93] DEBUG org.apache.ibatis.transaction.jdbc.JdbcTransaction  - Committing JDBC Connection [conn55: url=jdbc:h2:mem:activiti user=SA]
10:47:16,571 [Thread-93] DEBUG org.activiti.engine.impl.cfg.standalone.StandaloneMybatisTransactionContext  - firing event committed...
10:47:16,571 [Thread-93] DEBUG org.apache.ibatis.transaction.jdbc.JdbcTransaction  - Resetting autocommit to true on JDBC Connection [conn55: url=jdbc:h2:mem:activiti user=SA]
10:47:16,571 [Thread-93] DEBUG org.apache.ibatis.transaction.jdbc.JdbcTransaction  - Closing JDBC Connection [conn55: url=jdbc:h2:mem:activiti user=SA]
10:47:16,571 [Thread-93] DEBUG org.apache.ibatis.datasource.pooled.PooledDataSource  - Returned connection 14606730 to pool.
10:47:16,571 [Thread-93] DEBUG org.activiti.engine.impl.interceptor.LogInterceptor  - --- StartProcessInstanceCmd finished --------------------------------------------------------
10:47:16,571 [Thread-93] DEBUG org.activiti.engine.impl.interceptor.LogInterceptor  - 

10:47:16,571 [Thread-93] DEBUG org.activiti.engine.impl.interceptor.LogInterceptor  - 

10:47:16,571 [Thread-93] DEBUG org.activiti.engine.impl.interceptor.LogInterceptor  - --- starting StartProcessInstanceCmd --------------------------------------------------------
10:47:16,571 [Thread-93] DEBUG org.apache.ibatis.transaction.jdbc.JdbcTransaction  - Opening JDBC Connection
10:47:16,571 [Thread-85] DEBUG org.activiti.engine.impl.history.DefaultHistoryManager  - Current history level: FULL, level required: ACTIVITY
10:47:16,571 [Thread-97] DEBUG org.apache.ibatis.datasource.pooled.PooledDataSource  - Checked out connection 14606730 from pool.
10:47:16,571 [Thread-97] DEBUG org.apache.ibatis.transaction.jdbc.JdbcTransaction  - Setting autocommit to false on JDBC Connection [conn55: url=jdbc:h2:mem:activiti user=SA]
10:47:16,571 [Thread-85] DEBUG org.activiti.engine.impl.pvm.runtime.AtomicOperationTransitionNotifyListenerTake  - ProcessInstance[248] takes transition (theStart)--flow1--&gt;(javaService)
10:47:16,571 [Thread-97] DEBUG org.activiti.engine.impl.persistence.entity.ProcessDefinitionEntity.selectLatestProcessDefinitionByKey  - ==&gt;  Preparing: select * from ACT_RE_PROCDEF where KEY_ = ? and (TENANT_ID_ = &apos;&apos; or TENANT_ID_ is null) and VERSION_ = (select max(VERSION_) from ACT_RE_PROCDEF where KEY_ = ? and (TENANT_ID_ = &apos;&apos; or TENANT_ID_ is null)) 
10:47:16,571 [Thread-97] DEBUG org.activiti.engine.impl.persistence.entity.ProcessDefinitionEntity.selectLatestProcessDefinitionByKey  - ==&gt; Parameters: idGeneratorDataSource(String), idGeneratorDataSource(String)
10:47:16,571 [Thread-94] DEBUG org.apache.ibatis.datasource.pooled.PooledDataSource  - Waiting as long as 20000 milliseconds for connection.
10:47:16,571 [Thread-97] DEBUG org.activiti.engine.impl.persistence.entity.ProcessDefinitionEntity.selectLatestProcessDefinitionByKey  - &lt;==      Total: 1
10:47:16,571 [Thread-97] DEBUG org.activiti.engine.impl.persistence.entity.ExecutionEntity  - initializing ProcessInstance[252]
10:47:16,571 [Thread-97] DEBUG org.activiti.engine.impl.history.DefaultHistoryManager  - Current history level: FULL, level required: ACTIVITY
10:47:16,571 [Thread-97] DEBUG org.activiti.engine.impl.interceptor.LogInterceptor  - 

10:47:16,571 [Thread-97] DEBUG org.activiti.engine.impl.interceptor.LogInterceptor  - --- starting GetNextIdBlockCmd --------------------------------------------------------
10:47:16,572 [Thread-97] DEBUG org.apache.ibatis.transaction.jdbc.JdbcTransaction  - Opening JDBC Connection
10:47:16,572 [Thread-97] DEBUG org.apache.ibatis.datasource.pooled.PooledDataSource  - Checked out connection 1094226572 from pool.
10:47:16,572 [Thread-97] DEBUG org.apache.ibatis.transaction.jdbc.JdbcTransaction  - Setting autocommit to false on JDBC Connection [conn54: url=jdbc:h2:mem:activiti user=SA]
10:47:16,572 [Thread-97] DEBUG org.activiti.engine.impl.persistence.entity.PropertyEntity.selectProperty  - ==&gt;  Preparing: select * from ACT_GE_PROPERTY where NAME_ = ? 
10:47:16,572 [Thread-97] DEBUG org.activiti.engine.impl.persistence.entity.PropertyEntity.selectProperty  - ==&gt; Parameters: next.dbid(String)
10:47:16,571 [Thread-85] DEBUG org.activiti.engine.impl.history.DefaultHistoryManager  - Current history level: FULL, level required: ACTIVITY
10:47:16,572 [Thread-97] DEBUG org.activiti.engine.impl.persistence.entity.PropertyEntity.selectProperty  - &lt;==      Total: 1
10:47:16,572 [Thread-97] DEBUG org.activiti.engine.impl.db.DbSqlSession  -   update PropertyEntity[name=next.dbid, value=256]
10:47:16,572 [Thread-97] DEBUG org.activiti.engine.impl.db.DbSqlSession  - flush summary: 0 insert, 1 update, 0 delete.
10:47:16,572 [Thread-97] DEBUG org.activiti.engine.impl.db.DbSqlSession  - now executing flush...
10:47:16,572 [Thread-97] DEBUG org.activiti.engine.impl.db.DbSqlSession  - updating: PropertyEntity[name=next.dbid, value=256]
10:47:16,572 [Thread-97] DEBUG org.activiti.engine.impl.persistence.entity.PropertyEntity.updateProperty  - ==&gt;  Preparing: update ACT_GE_PROPERTY SET REV_ = ?, VALUE_ = ? where NAME_ = ? and REV_ = ? 
10:47:16,571 [Thread-95] DEBUG org.apache.ibatis.datasource.pooled.PooledDataSource  - Waiting as long as 20000 milliseconds for connection.
10:47:16,572 [Thread-97] DEBUG org.activiti.engine.impl.persistence.entity.PropertyEntity.updateProperty  - ==&gt; Parameters: 86(Integer), 256(String), next.dbid(String), 85(Integer)
10:47:16,572 [Thread-93] DEBUG org.apache.ibatis.datasource.pooled.PooledDataSource  - Waiting as long as 20000 milliseconds for connection.
10:47:16,572 [Thread-97] DEBUG org.activiti.engine.impl.persistence.entity.PropertyEntity.updateProperty  - &lt;==    Updates: 1
10:47:16,572 [Thread-97] DEBUG org.activiti.engine.impl.cfg.standalone.StandaloneMybatisTransactionContext  - firing event committing...
10:47:16,572 [Thread-97] DEBUG org.activiti.engine.impl.cfg.standalone.StandaloneMybatisTransactionContext  - committing the ibatis sql session...
10:47:16,572 [Thread-97] DEBUG org.apache.ibatis.transaction.jdbc.JdbcTransaction  - Committing JDBC Connection [conn54: url=jdbc:h2:mem:activiti user=SA]
10:47:16,572 [Thread-97] DEBUG org.activiti.engine.impl.cfg.standalone.StandaloneMybatisTransactionContext  - firing event committed...
10:47:16,572 [Thread-97] DEBUG org.apache.ibatis.transaction.jdbc.JdbcTransaction  - Resetting autocommit to true on JDBC Connection [conn54: url=jdbc:h2:mem:activiti user=SA]
10:47:16,572 [Thread-97] DEBUG org.apache.ibatis.transaction.jdbc.JdbcTransaction  - Closing JDBC Connection [conn54: url=jdbc:h2:mem:activiti user=SA]
10:47:16,572 [Thread-97] DEBUG org.apache.ibatis.datasource.pooled.PooledDataSource  - Returned connection 1094226572 to pool.
10:47:16,572 [Thread-97] DEBUG org.activiti.engine.impl.interceptor.LogInterceptor  - --- GetNextIdBlockCmd finished --------------------------------------------------------
10:47:16,572 [Thread-97] DEBUG org.activiti.engine.impl.interceptor.LogInterceptor  - 

10:47:16,572 [Thread-97] DEBUG org.activiti.engine.impl.pvm.runtime.AtomicOperationActivityExecute  - ProcessInstance[252] executes Activity(theStart): org.activiti.engine.impl.bpmn.behavior.NoneStartEventActivityBehavior
10:47:16,572 [Thread-85] DEBUG org.activiti.engine.impl.pvm.runtime.AtomicOperationActivityExecute  - ProcessInstance[248] executes Activity(javaService): org.activiti.engine.impl.bpmn.helper.ClassDelegate
10:47:16,572 [Thread-97] DEBUG org.activiti.engine.impl.persistence.entity.JobEntity.selectJobsByExecutionId  - ==&gt;  Preparing: select * from ACT_RU_JOB J where J.EXECUTION_ID_ = ? 
10:47:16,572 [Thread-85] DEBUG org.activiti.engine.impl.db.DbSqlSession  -   insert ProcessInstance[248]
10:47:16,572 [Thread-85] DEBUG org.activiti.engine.impl.db.DbSqlSession  -   insert HistoricProcessInstanceEntity[superProcessInstanceId=null]
10:47:16,572 [Thread-85] DEBUG org.activiti.engine.impl.db.DbSqlSession  -   insert HistoricActivityInstanceEntity[activityId=theStart, activityName=null]
10:47:16,572 [Thread-85] DEBUG org.activiti.engine.impl.db.DbSqlSession  -   insert HistoricActivityInstanceEntity[activityId=javaService, activityName=Java service invocation]
10:47:16,572 [Thread-85] DEBUG org.activiti.engine.impl.db.DbSqlSession  - flush summary: 4 insert, 0 update, 0 delete.
10:47:16,572 [Thread-85] DEBUG org.activiti.engine.impl.db.DbSqlSession  - now executing flush...
10:47:16,572 [Thread-85] DEBUG org.activiti.engine.impl.db.DbSqlSession  - inserting: HistoricProcessInstanceEntity[superProcessInstanceId=null]
10:47:16,572 [Thread-97] DEBUG org.activiti.engine.impl.persistence.entity.JobEntity.selectJobsByExecutionId  - ==&gt; Parameters: 252(String)
10:47:16,572 [Thread-85] DEBUG org.activiti.engine.impl.persistence.entity.HistoricProcessInstanceEntity.insertHistoricProcessInstance  - ==&gt;  Preparing: insert into ACT_HI_PROCINST ( ID_, PROC_INST_ID_, BUSINESS_KEY_, PROC_DEF_ID_, START_TIME_, END_TIME_, DURATION_, START_USER_ID_, START_ACT_ID_, END_ACT_ID_, SUPER_PROCESS_INSTANCE_ID_, DELETE_REASON_, TENANT_ID_, NAME_ ) values ( ?, ?, ?, ?, ?, ?, ?, ?, ?, ?, ?, ?, ?, ? ) 
10:47:16,572 [Thread-97] DEBUG org.activiti.engine.impl.persistence.entity.JobEntity.selectJobsByExecutionId  - &lt;==      Total: 0
10:47:16,573 [Thread-97] DEBUG org.activiti.engine.impl.bpmn.behavior.BpmnActivityBehavior  - Leaving activity &apos;theStart&apos;
10:47:16,573 [Thread-85] DEBUG org.activiti.engine.impl.persistence.entity.HistoricProcessInstanceEntity.insertHistoricProcessInstance  - ==&gt; Parameters: 248(String), 248(String), null, idGeneratorDataSource:1:3(String), 2015-01-01 00:00:00.0(Timestamp), null, null, null, theStart(String), null, null, null, (String), null
10:47:16,573 [Thread-97] DEBUG org.activiti.engine.impl.history.DefaultHistoryManager  - Current history level: FULL, level required: ACTIVITY
10:47:16,573 [Thread-85] DEBUG org.activiti.engine.impl.persistence.entity.HistoricProcessInstanceEntity.insertHistoricProcessInstance  - &lt;==    Updates: 1
10:47:16,573 [Thread-97] DEBUG org.activiti.engine.impl.pvm.runtime.AtomicOperationTransitionNotifyListenerTake  - ProcessInstance[252] takes transition (theStart)--flow1--&gt;(javaService)
10:47:16,573 [Thread-97] DEBUG org.activiti.engine.impl.history.DefaultHistoryManager  - Current history level: FULL, level required: ACTIVITY
10:47:16,573 [Thread-97] DEBUG org.activiti.engine.impl.pvm.runtime.AtomicOperationActivityExecute  - ProcessInstance[252] executes Activity(javaService): org.activiti.engine.impl.bpmn.helper.ClassDelegate
10:47:16,573 [Thread-97] DEBUG org.activiti.engine.impl.db.DbSqlSession  -   insert ProcessInstance[252]
10:47:16,573 [Thread-97] DEBUG org.activiti.engine.impl.db.DbSqlSession  -   insert HistoricProcessInstanceEntity[superProcessInstanceId=null]
10:47:16,573 [Thread-97] DEBUG org.activiti.engine.impl.db.DbSqlSession  -   insert HistoricActivityInstanceEntity[activityId=theStart, activityName=null]
10:47:16,573 [Thread-97] DEBUG org.activiti.engine.impl.db.DbSqlSession  -   insert HistoricActivityInstanceEntity[activityId=javaService, activityName=Java service invocation]
10:47:16,573 [Thread-97] DEBUG org.activiti.engine.impl.db.DbSqlSession  - flush summary: 4 insert, 0 update, 0 delete.
10:47:16,573 [Thread-97] DEBUG org.activiti.engine.impl.db.DbSqlSession  - now executing flush...
10:47:16,573 [Thread-97] DEBUG org.activiti.engine.impl.db.DbSqlSession  - inserting: HistoricProcessInstanceEntity[superProcessInstanceId=null]
10:47:16,573 [Thread-85] DEBUG org.activiti.engine.impl.persistence.entity.HistoricActivityInstanceEntity.bulkInsertHistoricActivityInstance  - ==&gt;  Preparing: insert into ACT_HI_ACTINST ( ID_, PROC_DEF_ID_, PROC_INST_ID_, EXECUTION_ID_, ACT_ID_, TASK_ID_, CALL_PROC_INST_ID_, ACT_NAME_, ACT_TYPE_, ASSIGNEE_, START_TIME_, END_TIME_, DURATION_, TENANT_ID_ ) values (?, ?, ?, ?, ?, ?, ?, ?, ?, ?, ?, ?, ?, ?) , (?, ?, ?, ?, ?, ?, ?, ?, ?, ?, ?, ?, ?, ?) 
10:47:16,573 [Thread-97] DEBUG org.activiti.engine.impl.persistence.entity.HistoricProcessInstanceEntity.insertHistoricProcessInstance  - ==&gt;  Preparing: insert into ACT_HI_PROCINST ( ID_, PROC_INST_ID_, BUSINESS_KEY_, PROC_DEF_ID_, START_TIME_, END_TIME_, DURATION_, START_USER_ID_, START_ACT_ID_, END_ACT_ID_, SUPER_PROCESS_INSTANCE_ID_, DELETE_REASON_, TENANT_ID_, NAME_ ) values ( ?, ?, ?, ?, ?, ?, ?, ?, ?, ?, ?, ?, ?, ? ) 
10:47:16,573 [Thread-85] DEBUG org.activiti.engine.impl.persistence.entity.HistoricActivityInstanceEntity.bulkInsertHistoricActivityInstance  - ==&gt; Parameters: 250(String), idGeneratorDataSource:1:3(String), 248(String), 248(String), theStart(String), null, null, null, startEvent(String), null, 2015-01-01 00:00:00.0(Timestamp), 2015-01-01 00:00:00.0(Timestamp), 0(Long), (String), 254(String), idGeneratorDataSource:1:3(String), 248(String), 248(String), javaService(String), null, null, Java service invocation(String), serviceTask(String), null, 2015-01-01 00:00:00.0(Timestamp), null, null, (String)
10:47:16,573 [Thread-97] DEBUG org.activiti.engine.impl.persistence.entity.HistoricProcessInstanceEntity.insertHistoricProcessInstance  - ==&gt; Parameters: 252(String), 252(String), null, idGeneratorDataSource:1:3(String), 2015-01-01 00:00:00.0(Timestamp), null, null, null, theStart(String), null, null, null, (String), null
10:47:16,573 [Thread-85] DEBUG org.activiti.engine.impl.persistence.entity.HistoricActivityInstanceEntity.bulkInsertHistoricActivityInstance  - &lt;==    Updates: 2
10:47:16,573 [Thread-85] DEBUG org.activiti.engine.impl.db.DbSqlSession  - inserting: ProcessInstance[248]
10:47:16,573 [Thread-85] DEBUG org.activiti.engine.impl.persistence.entity.ExecutionEntity.insertExecution  - ==&gt;  Preparing: insert into ACT_RU_EXECUTION (ID_, REV_, PROC_INST_ID_, BUSINESS_KEY_, PROC_DEF_ID_, ACT_ID_, IS_ACTIVE_, IS_CONCURRENT_, IS_SCOPE_,IS_EVENT_SCOPE_, PARENT_ID_, SUPER_EXEC_, SUSPENSION_STATE_, CACHED_ENT_STATE_, TENANT_ID_, NAME_) values ( ?, 1, ?, ?, ?, ?, ?, ?, ?, ?, ?, ?, ?, ?, ?, ? ) 
10:47:16,573 [Thread-85] DEBUG org.activiti.engine.impl.persistence.entity.ExecutionEntity.insertExecution  - ==&gt; Parameters: 248(String), 248(String), null, idGeneratorDataSource:1:3(String), javaService(String), true(Boolean), false(Boolean), true(Boolean), false(Boolean), null, null, 1(Integer), 2(Integer), (String), null
10:47:16,573 [Thread-85] DEBUG org.activiti.engine.impl.persistence.entity.ExecutionEntity.insertExecution  - &lt;==    Updates: 1
10:47:16,573 [Thread-85] DEBUG org.activiti.engine.impl.cfg.standalone.StandaloneMybatisTransactionContext  - firing event committing...
10:47:16,573 [Thread-85] DEBUG org.activiti.engine.impl.cfg.standalone.StandaloneMybatisTransactionContext  - committing the ibatis sql session...
10:47:16,573 [Thread-85] DEBUG org.apache.ibatis.transaction.jdbc.JdbcTransaction  - Committing JDBC Connection [conn53: url=jdbc:h2:mem:activiti user=SA]
10:47:16,573 [Thread-85] DEBUG org.activiti.engine.impl.cfg.standalone.StandaloneMybatisTransactionContext  - firing event committed...
10:47:16,573 [Thread-85] DEBUG org.apache.ibatis.transaction.jdbc.JdbcTransaction  - Resetting autocommit to true on JDBC Connection [conn53: url=jdbc:h2:mem:activiti user=SA]
10:47:16,573 [Thread-85] DEBUG org.apache.ibatis.transaction.jdbc.JdbcTransaction  - Closing JDBC Connection [conn53: url=jdbc:h2:mem:activiti user=SA]
10:47:16,573 [Thread-85] DEBUG org.apache.ibatis.datasource.pooled.PooledDataSource  - Returned connection 826925275 to pool.
10:47:16,573 [Thread-97] DEBUG org.activiti.engine.impl.persistence.entity.HistoricProcessInstanceEntity.insertHistoricProcessInstance  - &lt;==    Updates: 1
10:47:16,573 [Thread-93] DEBUG org.apache.ibatis.datasource.pooled.PooledDataSource  - Checked out connection 826925275 from pool.
10:47:16,573 [Thread-85] DEBUG org.activiti.engine.impl.interceptor.LogInterceptor  - --- StartProcessInstanceCmd finished --------------------------------------------------------
10:47:16,573 [Thread-85] DEBUG org.activiti.engine.impl.interceptor.LogInterceptor  - 

10:47:16,573 [Thread-97] DEBUG org.activiti.engine.impl.persistence.entity.HistoricActivityInstanceEntity.bulkInsertHistoricActivityInstance  - ==&gt;  Preparing: insert into ACT_HI_ACTINST ( ID_, PROC_DEF_ID_, PROC_INST_ID_, EXECUTION_ID_, ACT_ID_, TASK_ID_, CALL_PROC_INST_ID_, ACT_NAME_, ACT_TYPE_, ASSIGNEE_, START_TIME_, END_TIME_, DURATION_, TENANT_ID_ ) values (?, ?, ?, ?, ?, ?, ?, ?, ?, ?, ?, ?, ?, ?) , (?, ?, ?, ?, ?, ?, ?, ?, ?, ?, ?, ?, ?, ?) 
10:47:16,573 [Thread-95] DEBUG org.apache.ibatis.datasource.pooled.PooledDataSource  - Waiting as long as 20000 milliseconds for connection.
10:47:16,573 [Thread-93] DEBUG org.apache.ibatis.transaction.jdbc.JdbcTransaction  - Setting autocommit to false on JDBC Connection [conn53: url=jdbc:h2:mem:activiti user=SA]
10:47:16,573 [Thread-94] DEBUG org.apache.ibatis.datasource.pooled.PooledDataSource  - Waiting as long as 20000 milliseconds for connection.
10:47:16,573 [Thread-97] DEBUG org.activiti.engine.impl.persistence.entity.HistoricActivityInstanceEntity.bulkInsertHistoricActivityInstance  - ==&gt; Parameters: 253(String), idGeneratorDataSource:1:3(String), 252(String), 252(String), theStart(String), null, null, null, startEvent(String), null, 2015-01-01 00:00:00.0(Timestamp), 2015-01-01 00:00:00.0(Timestamp), 0(Long), (String), 255(String), idGeneratorDataSource:1:3(String), 252(String), 252(String), javaService(String), null, null, Java service invocation(String), serviceTask(String), null, 2015-01-01 00:00:00.0(Timestamp), null, null, (String)
10:47:16,573 [Thread-85] DEBUG org.activiti.engine.impl.interceptor.LogInterceptor  - 

10:47:16,574 [Thread-85] DEBUG org.activiti.engine.impl.interceptor.LogInterceptor  - --- starting StartProcessInstanceCmd --------------------------------------------------------
10:47:16,574 [Thread-97] DEBUG org.activiti.engine.impl.persistence.entity.HistoricActivityInstanceEntity.bulkInsertHistoricActivityInstance  - &lt;==    Updates: 2
10:47:16,574 [Thread-97] DEBUG org.activiti.engine.impl.db.DbSqlSession  - inserting: ProcessInstance[252]
10:47:16,573 [Thread-93] DEBUG org.activiti.engine.impl.persistence.entity.ProcessDefinitionEntity.selectLatestProcessDefinitionByKey  - ==&gt;  Preparing: select * from ACT_RE_PROCDEF where KEY_ = ? and (TENANT_ID_ = &apos;&apos; or TENANT_ID_ is null) and VERSION_ = (select max(VERSION_) from ACT_RE_PROCDEF where KEY_ = ? and (TENANT_ID_ = &apos;&apos; or TENANT_ID_ is null)) 
10:47:16,574 [Thread-97] DEBUG org.activiti.engine.impl.persistence.entity.ExecutionEntity.insertExecution  - ==&gt;  Preparing: insert into ACT_RU_EXECUTION (ID_, REV_, PROC_INST_ID_, BUSINESS_KEY_, PROC_DEF_ID_, ACT_ID_, IS_ACTIVE_, IS_CONCURRENT_, IS_SCOPE_,IS_EVENT_SCOPE_, PARENT_ID_, SUPER_EXEC_, SUSPENSION_STATE_, CACHED_ENT_STATE_, TENANT_ID_, NAME_) values ( ?, 1, ?, ?, ?, ?, ?, ?, ?, ?, ?, ?, ?, ?, ?, ? ) 
10:47:16,574 [Thread-85] DEBUG org.apache.ibatis.transaction.jdbc.JdbcTransaction  - Opening JDBC Connection
10:47:16,574 [Thread-85] DEBUG org.apache.ibatis.datasource.pooled.PooledDataSource  - Waiting as long as 20000 milliseconds for connection.
10:47:16,574 [Thread-97] DEBUG org.activiti.engine.impl.persistence.entity.ExecutionEntity.insertExecution  - ==&gt; Parameters: 252(String), 252(String), null, idGeneratorDataSource:1:3(String), javaService(String), true(Boolean), false(Boolean), true(Boolean), false(Boolean), null, null, 1(Integer), 2(Integer), (String), null
10:47:16,574 [Thread-93] DEBUG org.activiti.engine.impl.persistence.entity.ProcessDefinitionEntity.selectLatestProcessDefinitionByKey  - ==&gt; Parameters: idGeneratorDataSource(String), idGeneratorDataSource(String)
10:47:16,574 [Thread-97] DEBUG org.activiti.engine.impl.persistence.entity.ExecutionEntity.insertExecution  - &lt;==    Updates: 1
10:47:16,574 [Thread-97] DEBUG org.activiti.engine.impl.cfg.standalone.StandaloneMybatisTransactionContext  - firing event committing...
10:47:16,574 [Thread-97] DEBUG org.activiti.engine.impl.cfg.standalone.StandaloneMybatisTransactionContext  - committing the ibatis sql session...
10:47:16,574 [Thread-97] DEBUG org.apache.ibatis.transaction.jdbc.JdbcTransaction  - Committing JDBC Connection [conn55: url=jdbc:h2:mem:activiti user=SA]
10:47:16,574 [Thread-97] DEBUG org.activiti.engine.impl.cfg.standalone.StandaloneMybatisTransactionContext  - firing event committed...
10:47:16,574 [Thread-97] DEBUG org.apache.ibatis.transaction.jdbc.JdbcTransaction  - Resetting autocommit to true on JDBC Connection [conn55: url=jdbc:h2:mem:activiti user=SA]
10:47:16,574 [Thread-97] DEBUG org.apache.ibatis.transaction.jdbc.JdbcTransaction  - Closing JDBC Connection [conn55: url=jdbc:h2:mem:activiti user=SA]
10:47:16,574 [Thread-97] DEBUG org.apache.ibatis.datasource.pooled.PooledDataSource  - Returned connection 14606730 to pool.
10:47:16,574 [Thread-93] DEBUG org.activiti.engine.impl.persistence.entity.ProcessDefinitionEntity.selectLatestProcessDefinitionByKey  - &lt;==      Total: 1
10:47:16,574 [Thread-85] DEBUG org.apache.ibatis.datasource.pooled.PooledDataSource  - Checked out connection 14606730 from pool.
10:47:16,574 [Thread-97] DEBUG org.activiti.engine.impl.interceptor.LogInterceptor  - --- StartProcessInstanceCmd finished --------------------------------------------------------
10:47:16,574 [Thread-97] DEBUG org.activiti.engine.impl.interceptor.LogInterceptor  - 

10:47:16,574 [Thread-97] DEBUG org.activiti.engine.impl.interceptor.LogInterceptor  - 

10:47:16,574 [Thread-97] DEBUG org.activiti.engine.impl.interceptor.LogInterceptor  - --- starting StartProcessInstanceCmd --------------------------------------------------------
10:47:16,574 [Thread-97] DEBUG org.apache.ibatis.transaction.jdbc.JdbcTransaction  - Opening JDBC Connection
10:47:16,574 [Thread-94] DEBUG org.apache.ibatis.datasource.pooled.PooledDataSource  - Waiting as long as 20000 milliseconds for connection.
10:47:16,574 [Thread-85] DEBUG org.apache.ibatis.transaction.jdbc.JdbcTransaction  - Setting autocommit to false on JDBC Connection [conn55: url=jdbc:h2:mem:activiti user=SA]
10:47:16,574 [Thread-93] DEBUG org.activiti.engine.impl.interceptor.LogInterceptor  - 

10:47:16,574 [Thread-93] DEBUG org.activiti.engine.impl.interceptor.LogInterceptor  - --- starting GetNextIdBlockCmd --------------------------------------------------------
10:47:16,574 [Thread-85] DEBUG org.activiti.engine.impl.persistence.entity.ProcessDefinitionEntity.selectLatestProcessDefinitionByKey  - ==&gt;  Preparing: select * from ACT_RE_PROCDEF where KEY_ = ? and (TENANT_ID_ = &apos;&apos; or TENANT_ID_ is null) and VERSION_ = (select max(VERSION_) from ACT_RE_PROCDEF where KEY_ = ? and (TENANT_ID_ = &apos;&apos; or TENANT_ID_ is null)) 
10:47:16,574 [Thread-95] DEBUG org.apache.ibatis.datasource.pooled.PooledDataSource  - Waiting as long as 20000 milliseconds for connection.
10:47:16,574 [Thread-85] DEBUG org.activiti.engine.impl.persistence.entity.ProcessDefinitionEntity.selectLatestProcessDefinitionByKey  - ==&gt; Parameters: idGeneratorDataSource(String), idGeneratorDataSource(String)
10:47:16,574 [Thread-93] DEBUG org.apache.ibatis.transaction.jdbc.JdbcTransaction  - Opening JDBC Connection
10:47:16,574 [Thread-85] DEBUG org.activiti.engine.impl.persistence.entity.ProcessDefinitionEntity.selectLatestProcessDefinitionByKey  - &lt;==      Total: 1
10:47:16,574 [Thread-93] DEBUG org.apache.ibatis.datasource.pooled.PooledDataSource  - Checked out connection 1094226572 from pool.
10:47:16,574 [Thread-93] DEBUG org.apache.ibatis.transaction.jdbc.JdbcTransaction  - Setting autocommit to false on JDBC Connection [conn54: url=jdbc:h2:mem:activiti user=SA]
10:47:16,575 [Thread-93] DEBUG org.activiti.engine.impl.persistence.entity.PropertyEntity.selectProperty  - ==&gt;  Preparing: select * from ACT_GE_PROPERTY where NAME_ = ? 
10:47:16,574 [Thread-97] DEBUG org.apache.ibatis.datasource.pooled.PooledDataSource  - Waiting as long as 20000 milliseconds for connection.
10:47:16,575 [Thread-93] DEBUG org.activiti.engine.impl.persistence.entity.PropertyEntity.selectProperty  - ==&gt; Parameters: next.dbid(String)
10:47:16,575 [Thread-93] DEBUG org.activiti.engine.impl.persistence.entity.PropertyEntity.selectProperty  - &lt;==      Total: 1
10:47:16,575 [Thread-93] DEBUG org.activiti.engine.impl.db.DbSqlSession  -   update PropertyEntity[name=next.dbid, value=259]
10:47:16,575 [Thread-93] DEBUG org.activiti.engine.impl.db.DbSqlSession  - flush summary: 0 insert, 1 update, 0 delete.
10:47:16,575 [Thread-93] DEBUG org.activiti.engine.impl.db.DbSqlSession  - now executing flush...
10:47:16,575 [Thread-93] DEBUG org.activiti.engine.impl.db.DbSqlSession  - updating: PropertyEntity[name=next.dbid, value=259]
10:47:16,575 [Thread-93] DEBUG org.activiti.engine.impl.persistence.entity.PropertyEntity.updateProperty  - ==&gt;  Preparing: update ACT_GE_PROPERTY SET REV_ = ?, VALUE_ = ? where NAME_ = ? and REV_ = ? 
10:47:16,575 [Thread-93] DEBUG org.activiti.engine.impl.persistence.entity.PropertyEntity.updateProperty  - ==&gt; Parameters: 87(Integer), 259(String), next.dbid(String), 86(Integer)
10:47:16,575 [Thread-93] DEBUG org.activiti.engine.impl.persistence.entity.PropertyEntity.updateProperty  - &lt;==    Updates: 1
10:47:16,575 [Thread-93] DEBUG org.activiti.engine.impl.cfg.standalone.StandaloneMybatisTransactionContext  - firing event committing...
10:47:16,575 [Thread-93] DEBUG org.activiti.engine.impl.cfg.standalone.StandaloneMybatisTransactionContext  - committing the ibatis sql session...
10:47:16,575 [Thread-93] DEBUG org.apache.ibatis.transaction.jdbc.JdbcTransaction  - Committing JDBC Connection [conn54: url=jdbc:h2:mem:activiti user=SA]
10:47:16,575 [Thread-93] DEBUG org.activiti.engine.impl.cfg.standalone.StandaloneMybatisTransactionContext  - firing event committed...
10:47:16,575 [Thread-93] DEBUG org.apache.ibatis.transaction.jdbc.JdbcTransaction  - Resetting autocommit to true on JDBC Connection [conn54: url=jdbc:h2:mem:activiti user=SA]
10:47:16,575 [Thread-93] DEBUG org.apache.ibatis.transaction.jdbc.JdbcTransaction  - Closing JDBC Connection [conn54: url=jdbc:h2:mem:activiti user=SA]
10:47:16,575 [Thread-93] DEBUG org.apache.ibatis.datasource.pooled.PooledDataSource  - Returned connection 1094226572 to pool.
10:47:16,575 [Thread-93] DEBUG org.activiti.engine.impl.interceptor.LogInterceptor  - --- GetNextIdBlockCmd finished --------------------------------------------------------
10:47:16,575 [Thread-93] DEBUG org.activiti.engine.impl.interceptor.LogInterceptor  - 

10:47:16,575 [Thread-93] DEBUG org.activiti.engine.impl.persistence.entity.ExecutionEntity  - initializing ProcessInstance[256]
10:47:16,575 [Thread-93] DEBUG org.activiti.engine.impl.history.DefaultHistoryManager  - Current history level: FULL, level required: ACTIVITY
10:47:16,575 [Thread-85] DEBUG org.activiti.engine.impl.persistence.entity.ExecutionEntity  - initializing ProcessInstance[257]
10:47:16,575 [Thread-93] DEBUG org.activiti.engine.impl.pvm.runtime.AtomicOperationActivityExecute  - ProcessInstance[256] executes Activity(theStart): org.activiti.engine.impl.bpmn.behavior.NoneStartEventActivityBehavior
10:47:16,575 [Thread-85] DEBUG org.activiti.engine.impl.history.DefaultHistoryManager  - Current history level: FULL, level required: ACTIVITY
10:47:16,575 [Thread-93] DEBUG org.activiti.engine.impl.persistence.entity.JobEntity.selectJobsByExecutionId  - ==&gt;  Preparing: select * from ACT_RU_JOB J where J.EXECUTION_ID_ = ? 
10:47:16,575 [Thread-93] DEBUG org.activiti.engine.impl.persistence.entity.JobEntity.selectJobsByExecutionId  - ==&gt; Parameters: 256(String)
10:47:16,575 [Thread-85] DEBUG org.activiti.engine.impl.interceptor.LogInterceptor  - 

10:47:16,575 [Thread-85] DEBUG org.activiti.engine.impl.interceptor.LogInterceptor  - --- starting GetNextIdBlockCmd --------------------------------------------------------
10:47:16,575 [Thread-93] DEBUG org.activiti.engine.impl.persistence.entity.JobEntity.selectJobsByExecutionId  - &lt;==      Total: 0
10:47:16,575 [Thread-93] DEBUG org.activiti.engine.impl.bpmn.behavior.BpmnActivityBehavior  - Leaving activity &apos;theStart&apos;
10:47:16,575 [Thread-85] DEBUG org.apache.ibatis.transaction.jdbc.JdbcTransaction  - Opening JDBC Connection
10:47:16,575 [Thread-85] DEBUG org.apache.ibatis.datasource.pooled.PooledDataSource  - Checked out connection 1094226572 from pool.
10:47:16,575 [Thread-85] DEBUG org.apache.ibatis.transaction.jdbc.JdbcTransaction  - Setting autocommit to false on JDBC Connection [conn54: url=jdbc:h2:mem:activiti user=SA]
10:47:16,575 [Thread-85] DEBUG org.activiti.engine.impl.persistence.entity.PropertyEntity.selectProperty  - ==&gt;  Preparing: select * from ACT_GE_PROPERTY where NAME_ = ? 
10:47:16,575 [Thread-93] DEBUG org.activiti.engine.impl.history.DefaultHistoryManager  - Current history level: FULL, level required: ACTIVITY
10:47:16,575 [Thread-85] DEBUG org.activiti.engine.impl.persistence.entity.PropertyEntity.selectProperty  - ==&gt; Parameters: next.dbid(String)
10:47:16,575 [Thread-93] DEBUG org.activiti.engine.impl.pvm.runtime.AtomicOperationTransitionNotifyListenerTake  - ProcessInstance[256] takes transition (theStart)--flow1--&gt;(javaService)
10:47:16,575 [Thread-85] DEBUG org.activiti.engine.impl.persistence.entity.PropertyEntity.selectProperty  - &lt;==      Total: 1
10:47:16,575 [Thread-93] DEBUG org.activiti.engine.impl.history.DefaultHistoryManager  - Current history level: FULL, level required: ACTIVITY
10:47:16,576 [Thread-85] DEBUG org.activiti.engine.impl.db.DbSqlSession  -   update PropertyEntity[name=next.dbid, value=262]
10:47:16,576 [Thread-85] DEBUG org.activiti.engine.impl.db.DbSqlSession  - flush summary: 0 insert, 1 update, 0 delete.
10:47:16,576 [Thread-85] DEBUG org.activiti.engine.impl.db.DbSqlSession  - now executing flush...
10:47:16,576 [Thread-85] DEBUG org.activiti.engine.impl.db.DbSqlSession  - updating: PropertyEntity[name=next.dbid, value=262]
10:47:16,576 [Thread-85] DEBUG org.activiti.engine.impl.persistence.entity.PropertyEntity.updateProperty  - ==&gt;  Preparing: update ACT_GE_PROPERTY SET REV_ = ?, VALUE_ = ? where NAME_ = ? and REV_ = ? 
10:47:16,576 [Thread-85] DEBUG org.activiti.engine.impl.persistence.entity.PropertyEntity.updateProperty  - ==&gt; Parameters: 88(Integer), 262(String), next.dbid(String), 87(Integer)
10:47:16,576 [Thread-85] DEBUG org.activiti.engine.impl.persistence.entity.PropertyEntity.updateProperty  - &lt;==    Updates: 1
10:47:16,576 [Thread-85] DEBUG org.activiti.engine.impl.cfg.standalone.StandaloneMybatisTransactionContext  - firing event committing...
10:47:16,576 [Thread-85] DEBUG org.activiti.engine.impl.cfg.standalone.StandaloneMybatisTransactionContext  - committing the ibatis sql session...
10:47:16,576 [Thread-85] DEBUG org.apache.ibatis.transaction.jdbc.JdbcTransaction  - Committing JDBC Connection [conn54: url=jdbc:h2:mem:activiti user=SA]
10:47:16,576 [Thread-85] DEBUG org.activiti.engine.impl.cfg.standalone.StandaloneMybatisTransactionContext  - firing event committed...
10:47:16,576 [Thread-85] DEBUG org.apache.ibatis.transaction.jdbc.JdbcTransaction  - Resetting autocommit to true on JDBC Connection [conn54: url=jdbc:h2:mem:activiti user=SA]
10:47:16,576 [Thread-85] DEBUG org.apache.ibatis.transaction.jdbc.JdbcTransaction  - Closing JDBC Connection [conn54: url=jdbc:h2:mem:activiti user=SA]
10:47:16,576 [Thread-85] DEBUG org.apache.ibatis.datasource.pooled.PooledDataSource  - Returned connection 1094226572 to pool.
10:47:16,576 [Thread-85] DEBUG org.activiti.engine.impl.interceptor.LogInterceptor  - --- GetNextIdBlockCmd finished --------------------------------------------------------
10:47:16,576 [Thread-85] DEBUG org.activiti.engine.impl.interceptor.LogInterceptor  - 

10:47:16,576 [Thread-85] DEBUG org.activiti.engine.impl.pvm.runtime.AtomicOperationActivityExecute  - ProcessInstance[257] executes Activity(theStart): org.activiti.engine.impl.bpmn.behavior.NoneStartEventActivityBehavior
10:47:16,576 [Thread-93] DEBUG org.activiti.engine.impl.pvm.runtime.AtomicOperationActivityExecute  - ProcessInstance[256] executes Activity(javaService): org.activiti.engine.impl.bpmn.helper.ClassDelegate
10:47:16,576 [Thread-85] DEBUG org.activiti.engine.impl.persistence.entity.JobEntity.selectJobsByExecutionId  - ==&gt;  Preparing: select * from ACT_RU_JOB J where J.EXECUTION_ID_ = ? 
10:47:16,576 [Thread-93] DEBUG org.activiti.engine.impl.db.DbSqlSession  -   insert ProcessInstance[256]
10:47:16,576 [Thread-93] DEBUG org.activiti.engine.impl.db.DbSqlSession  -   insert HistoricProcessInstanceEntity[superProcessInstanceId=null]
10:47:16,576 [Thread-93] DEBUG org.activiti.engine.impl.db.DbSqlSession  -   insert HistoricActivityInstanceEntity[activityId=theStart, activityName=null]
10:47:16,576 [Thread-93] DEBUG org.activiti.engine.impl.db.DbSqlSession  -   insert HistoricActivityInstanceEntity[activityId=javaService, activityName=Java service invocation]
10:47:16,576 [Thread-93] DEBUG org.activiti.engine.impl.db.DbSqlSession  - flush summary: 4 insert, 0 update, 0 delete.
10:47:16,576 [Thread-93] DEBUG org.activiti.engine.impl.db.DbSqlSession  - now executing flush...
10:47:16,576 [Thread-93] DEBUG org.activiti.engine.impl.db.DbSqlSession  - inserting: HistoricProcessInstanceEntity[superProcessInstanceId=null]
10:47:16,576 [Thread-85] DEBUG org.activiti.engine.impl.persistence.entity.JobEntity.selectJobsByExecutionId  - ==&gt; Parameters: 257(String)
10:47:16,576 [Thread-93] DEBUG org.activiti.engine.impl.persistence.entity.HistoricProcessInstanceEntity.insertHistoricProcessInstance  - ==&gt;  Preparing: insert into ACT_HI_PROCINST ( ID_, PROC_INST_ID_, BUSINESS_KEY_, PROC_DEF_ID_, START_TIME_, END_TIME_, DURATION_, START_USER_ID_, START_ACT_ID_, END_ACT_ID_, SUPER_PROCESS_INSTANCE_ID_, DELETE_REASON_, TENANT_ID_, NAME_ ) values ( ?, ?, ?, ?, ?, ?, ?, ?, ?, ?, ?, ?, ?, ? ) 
10:47:16,576 [Thread-85] DEBUG org.activiti.engine.impl.persistence.entity.JobEntity.selectJobsByExecutionId  - &lt;==      Total: 0
10:47:16,576 [Thread-85] DEBUG org.activiti.engine.impl.bpmn.behavior.BpmnActivityBehavior  - Leaving activity &apos;theStart&apos;
10:47:16,576 [Thread-93] DEBUG org.activiti.engine.impl.persistence.entity.HistoricProcessInstanceEntity.insertHistoricProcessInstance  - ==&gt; Parameters: 256(String), 256(String), null, idGeneratorDataSource:1:3(String), 2015-01-01 00:00:00.0(Timestamp), null, null, null, theStart(String), null, null, null, (String), null
10:47:16,576 [Thread-85] DEBUG org.activiti.engine.impl.history.DefaultHistoryManager  - Current history level: FULL, level required: ACTIVITY
10:47:16,576 [Thread-93] DEBUG org.activiti.engine.impl.persistence.entity.HistoricProcessInstanceEntity.insertHistoricProcessInstance  - &lt;==    Updates: 1
10:47:16,576 [Thread-85] DEBUG org.activiti.engine.impl.pvm.runtime.AtomicOperationTransitionNotifyListenerTake  - ProcessInstance[257] takes transition (theStart)--flow1--&gt;(javaService)
10:47:16,576 [Thread-85] DEBUG org.activiti.engine.impl.history.DefaultHistoryManager  - Current history level: FULL, level required: ACTIVITY
10:47:16,576 [Thread-85] DEBUG org.activiti.engine.impl.pvm.runtime.AtomicOperationActivityExecute  - ProcessInstance[257] executes Activity(javaService): org.activiti.engine.impl.bpmn.helper.ClassDelegate
10:47:16,576 [Thread-93] DEBUG org.activiti.engine.impl.persistence.entity.HistoricActivityInstanceEntity.bulkInsertHistoricActivityInstance  - ==&gt;  Preparing: insert into ACT_HI_ACTINST ( ID_, PROC_DEF_ID_, PROC_INST_ID_, EXECUTION_ID_, ACT_ID_, TASK_ID_, CALL_PROC_INST_ID_, ACT_NAME_, ACT_TYPE_, ASSIGNEE_, START_TIME_, END_TIME_, DURATION_, TENANT_ID_ ) values (?, ?, ?, ?, ?, ?, ?, ?, ?, ?, ?, ?, ?, ?) , (?, ?, ?, ?, ?, ?, ?, ?, ?, ?, ?, ?, ?, ?) 
10:47:16,576 [Thread-85] DEBUG org.activiti.engine.impl.db.DbSqlSession  -   insert ProcessInstance[257]
10:47:16,577 [Thread-85] DEBUG org.activiti.engine.impl.db.DbSqlSession  -   insert HistoricProcessInstanceEntity[superProcessInstanceId=null]
10:47:16,577 [Thread-85] DEBUG org.activiti.engine.impl.db.DbSqlSession  -   insert HistoricActivityInstanceEntity[activityId=theStart, activityName=null]
10:47:16,577 [Thread-85] DEBUG org.activiti.engine.impl.db.DbSqlSession  -   insert HistoricActivityInstanceEntity[activityId=javaService, activityName=Java service invocation]
10:47:16,577 [Thread-85] DEBUG org.activiti.engine.impl.db.DbSqlSession  - flush summary: 4 insert, 0 update, 0 delete.
10:47:16,577 [Thread-85] DEBUG org.activiti.engine.impl.db.DbSqlSession  - now executing flush...
10:47:16,577 [Thread-85] DEBUG org.activiti.engine.impl.db.DbSqlSession  - inserting: HistoricProcessInstanceEntity[superProcessInstanceId=null]
10:47:16,577 [Thread-93] DEBUG org.activiti.engine.impl.persistence.entity.HistoricActivityInstanceEntity.bulkInsertHistoricActivityInstance  - ==&gt; Parameters: 258(String), idGeneratorDataSource:1:3(String), 256(String), 256(String), theStart(String), null, null, null, startEvent(String), null, 2015-01-01 00:00:00.0(Timestamp), 2015-01-01 00:00:00.0(Timestamp), 0(Long), (String), 260(String), idGeneratorDataSource:1:3(String), 256(String), 256(String), javaService(String), null, null, Java service invocation(String), serviceTask(String), null, 2015-01-01 00:00:00.0(Timestamp), null, null, (String)
10:47:16,577 [Thread-85] DEBUG org.activiti.engine.impl.persistence.entity.HistoricProcessInstanceEntity.insertHistoricProcessInstance  - ==&gt;  Preparing: insert into ACT_HI_PROCINST ( ID_, PROC_INST_ID_, BUSINESS_KEY_, PROC_DEF_ID_, START_TIME_, END_TIME_, DURATION_, START_USER_ID_, START_ACT_ID_, END_ACT_ID_, SUPER_PROCESS_INSTANCE_ID_, DELETE_REASON_, TENANT_ID_, NAME_ ) values ( ?, ?, ?, ?, ?, ?, ?, ?, ?, ?, ?, ?, ?, ? ) 
10:47:16,577 [Thread-93] DEBUG org.activiti.engine.impl.persistence.entity.HistoricActivityInstanceEntity.bulkInsertHistoricActivityInstance  - &lt;==    Updates: 2
10:47:16,577 [Thread-85] DEBUG org.activiti.engine.impl.persistence.entity.HistoricProcessInstanceEntity.insertHistoricProcessInstance  - ==&gt; Parameters: 257(String), 257(String), null, idGeneratorDataSource:1:3(String), 2015-01-01 00:00:00.0(Timestamp), null, null, null, theStart(String), null, null, null, (String), null
10:47:16,577 [Thread-93] DEBUG org.activiti.engine.impl.db.DbSqlSession  - inserting: ProcessInstance[256]
10:47:16,577 [Thread-93] DEBUG org.activiti.engine.impl.persistence.entity.ExecutionEntity.insertExecution  - ==&gt;  Preparing: insert into ACT_RU_EXECUTION (ID_, REV_, PROC_INST_ID_, BUSINESS_KEY_, PROC_DEF_ID_, ACT_ID_, IS_ACTIVE_, IS_CONCURRENT_, IS_SCOPE_,IS_EVENT_SCOPE_, PARENT_ID_, SUPER_EXEC_, SUSPENSION_STATE_, CACHED_ENT_STATE_, TENANT_ID_, NAME_) values ( ?, 1, ?, ?, ?, ?, ?, ?, ?, ?, ?, ?, ?, ?, ?, ? ) 
10:47:16,577 [Thread-93] DEBUG org.activiti.engine.impl.persistence.entity.ExecutionEntity.insertExecution  - ==&gt; Parameters: 256(String), 256(String), null, idGeneratorDataSource:1:3(String), javaService(String), true(Boolean), false(Boolean), true(Boolean), false(Boolean), null, null, 1(Integer), 2(Integer), (String), null
10:47:16,577 [Thread-93] DEBUG org.activiti.engine.impl.persistence.entity.ExecutionEntity.insertExecution  - &lt;==    Updates: 1
10:47:16,577 [Thread-93] DEBUG org.activiti.engine.impl.cfg.standalone.StandaloneMybatisTransactionContext  - firing event committing...
10:47:16,577 [Thread-93] DEBUG org.activiti.engine.impl.cfg.standalone.StandaloneMybatisTransactionContext  - committing the ibatis sql session...
10:47:16,577 [Thread-93] DEBUG org.apache.ibatis.transaction.jdbc.JdbcTransaction  - Committing JDBC Connection [conn53: url=jdbc:h2:mem:activiti user=SA]
10:47:16,577 [Thread-93] DEBUG org.activiti.engine.impl.cfg.standalone.StandaloneMybatisTransactionContext  - firing event committed...
10:47:16,577 [Thread-93] DEBUG org.apache.ibatis.transaction.jdbc.JdbcTransaction  - Resetting autocommit to true on JDBC Connection [conn53: url=jdbc:h2:mem:activiti user=SA]
10:47:16,577 [Thread-93] DEBUG org.apache.ibatis.transaction.jdbc.JdbcTransaction  - Closing JDBC Connection [conn53: url=jdbc:h2:mem:activiti user=SA]
10:47:16,577 [Thread-93] DEBUG org.apache.ibatis.datasource.pooled.PooledDataSource  - Returned connection 826925275 to pool.
10:47:16,577 [Thread-85] DEBUG org.activiti.engine.impl.persistence.entity.HistoricProcessInstanceEntity.insertHistoricProcessInstance  - &lt;==    Updates: 1
10:47:16,577 [Thread-97] DEBUG org.apache.ibatis.datasource.pooled.PooledDataSource  - Checked out connection 826925275 from pool.
10:47:16,577 [Thread-93] DEBUG org.activiti.engine.impl.interceptor.LogInterceptor  - --- StartProcessInstanceCmd finished --------------------------------------------------------
10:47:16,577 [Thread-93] DEBUG org.activiti.engine.impl.interceptor.LogInterceptor  - 

10:47:16,577 [Thread-93] DEBUG org.activiti.engine.impl.interceptor.LogInterceptor  - 

10:47:16,577 [Thread-93] DEBUG org.activiti.engine.impl.interceptor.LogInterceptor  - --- starting StartProcessInstanceCmd --------------------------------------------------------
10:47:16,577 [Thread-95] DEBUG org.apache.ibatis.datasource.pooled.PooledDataSource  - Waiting as long as 20000 milliseconds for connection.
10:47:16,577 [Thread-97] DEBUG org.apache.ibatis.transaction.jdbc.JdbcTransaction  - Setting autocommit to false on JDBC Connection [conn53: url=jdbc:h2:mem:activiti user=SA]
10:47:16,577 [Thread-94] DEBUG org.apache.ibatis.datasource.pooled.PooledDataSource  - Waiting as long as 20000 milliseconds for connection.
10:47:16,577 [Thread-93] DEBUG org.apache.ibatis.transaction.jdbc.JdbcTransaction  - Opening JDBC Connection
10:47:16,577 [Thread-93] DEBUG org.apache.ibatis.datasource.pooled.PooledDataSource  - Waiting as long as 20000 milliseconds for connection.
10:47:16,577 [Thread-85] DEBUG org.activiti.engine.impl.persistence.entity.HistoricActivityInstanceEntity.bulkInsertHistoricActivityInstance  - ==&gt;  Preparing: insert into ACT_HI_ACTINST ( ID_, PROC_DEF_ID_, PROC_INST_ID_, EXECUTION_ID_, ACT_ID_, TASK_ID_, CALL_PROC_INST_ID_, ACT_NAME_, ACT_TYPE_, ASSIGNEE_, START_TIME_, END_TIME_, DURATION_, TENANT_ID_ ) values (?, ?, ?, ?, ?, ?, ?, ?, ?, ?, ?, ?, ?, ?) , (?, ?, ?, ?, ?, ?, ?, ?, ?, ?, ?, ?, ?, ?) 
10:47:16,577 [Thread-97] DEBUG org.activiti.engine.impl.persistence.entity.ProcessDefinitionEntity.selectLatestProcessDefinitionByKey  - ==&gt;  Preparing: select * from ACT_RE_PROCDEF where KEY_ = ? and (TENANT_ID_ = &apos;&apos; or TENANT_ID_ is null) and VERSION_ = (select max(VERSION_) from ACT_RE_PROCDEF where KEY_ = ? and (TENANT_ID_ = &apos;&apos; or TENANT_ID_ is null)) 
10:47:16,577 [Thread-97] DEBUG org.activiti.engine.impl.persistence.entity.ProcessDefinitionEntity.selectLatestProcessDefinitionByKey  - ==&gt; Parameters: idGeneratorDataSource(String), idGeneratorDataSource(String)
10:47:16,577 [Thread-85] DEBUG org.activiti.engine.impl.persistence.entity.HistoricActivityInstanceEntity.bulkInsertHistoricActivityInstance  - ==&gt; Parameters: 259(String), idGeneratorDataSource:1:3(String), 257(String), 257(String), theStart(String), null, null, null, startEvent(String), null, 2015-01-01 00:00:00.0(Timestamp), 2015-01-01 00:00:00.0(Timestamp), 0(Long), (String), 261(String), idGeneratorDataSource:1:3(String), 257(String), 257(String), javaService(String), null, null, Java service invocation(String), serviceTask(String), null, 2015-01-01 00:00:00.0(Timestamp), null, null, (String)
10:47:16,577 [Thread-97] DEBUG org.activiti.engine.impl.persistence.entity.ProcessDefinitionEntity.selectLatestProcessDefinitionByKey  - &lt;==      Total: 1
10:47:16,577 [Thread-85] DEBUG org.activiti.engine.impl.persistence.entity.HistoricActivityInstanceEntity.bulkInsertHistoricActivityInstance  - &lt;==    Updates: 2
10:47:16,577 [Thread-85] DEBUG org.activiti.engine.impl.db.DbSqlSession  - inserting: ProcessInstance[257]
10:47:16,577 [Thread-97] DEBUG org.activiti.engine.impl.interceptor.LogInterceptor  - 

10:47:16,578 [Thread-97] DEBUG org.activiti.engine.impl.interceptor.LogInterceptor  - --- starting GetNextIdBlockCmd --------------------------------------------------------
10:47:16,578 [Thread-85] DEBUG org.activiti.engine.impl.persistence.entity.ExecutionEntity.insertExecution  - ==&gt;  Preparing: insert into ACT_RU_EXECUTION (ID_, REV_, PROC_INST_ID_, BUSINESS_KEY_, PROC_DEF_ID_, ACT_ID_, IS_ACTIVE_, IS_CONCURRENT_, IS_SCOPE_,IS_EVENT_SCOPE_, PARENT_ID_, SUPER_EXEC_, SUSPENSION_STATE_, CACHED_ENT_STATE_, TENANT_ID_, NAME_) values ( ?, 1, ?, ?, ?, ?, ?, ?, ?, ?, ?, ?, ?, ?, ?, ? ) 
10:47:16,578 [Thread-97] DEBUG org.apache.ibatis.transaction.jdbc.JdbcTransaction  - Opening JDBC Connection
10:47:16,578 [Thread-97] DEBUG org.apache.ibatis.datasource.pooled.PooledDataSource  - Checked out connection 1094226572 from pool.
10:47:16,578 [Thread-97] DEBUG org.apache.ibatis.transaction.jdbc.JdbcTransaction  - Setting autocommit to false on JDBC Connection [conn54: url=jdbc:h2:mem:activiti user=SA]
10:47:16,578 [Thread-97] DEBUG org.activiti.engine.impl.persistence.entity.PropertyEntity.selectProperty  - ==&gt;  Preparing: select * from ACT_GE_PROPERTY where NAME_ = ? 
10:47:16,578 [Thread-85] DEBUG org.activiti.engine.impl.persistence.entity.ExecutionEntity.insertExecution  - ==&gt; Parameters: 257(String), 257(String), null, idGeneratorDataSource:1:3(String), javaService(String), true(Boolean), false(Boolean), true(Boolean), false(Boolean), null, null, 1(Integer), 2(Integer), (String), null
10:47:16,578 [Thread-97] DEBUG org.activiti.engine.impl.persistence.entity.PropertyEntity.selectProperty  - ==&gt; Parameters: next.dbid(String)
10:47:16,578 [Thread-85] DEBUG org.activiti.engine.impl.persistence.entity.ExecutionEntity.insertExecution  - &lt;==    Updates: 1
10:47:16,578 [Thread-85] DEBUG org.activiti.engine.impl.cfg.standalone.StandaloneMybatisTransactionContext  - firing event committing...
10:47:16,578 [Thread-85] DEBUG org.activiti.engine.impl.cfg.standalone.StandaloneMybatisTransactionContext  - committing the ibatis sql session...
10:47:16,578 [Thread-85] DEBUG org.apache.ibatis.transaction.jdbc.JdbcTransaction  - Committing JDBC Connection [conn55: url=jdbc:h2:mem:activiti user=SA]
10:47:16,578 [Thread-85] DEBUG org.activiti.engine.impl.cfg.standalone.StandaloneMybatisTransactionContext  - firing event committed...
10:47:16,578 [Thread-85] DEBUG org.apache.ibatis.transaction.jdbc.JdbcTransaction  - Resetting autocommit to true on JDBC Connection [conn55: url=jdbc:h2:mem:activiti user=SA]
10:47:16,578 [Thread-85] DEBUG org.apache.ibatis.transaction.jdbc.JdbcTransaction  - Closing JDBC Connection [conn55: url=jdbc:h2:mem:activiti user=SA]
10:47:16,578 [Thread-85] DEBUG org.apache.ibatis.datasource.pooled.PooledDataSource  - Returned connection 14606730 to pool.
10:47:16,578 [Thread-97] DEBUG org.activiti.engine.impl.persistence.entity.PropertyEntity.selectProperty  - &lt;==      Total: 1
10:47:16,578 [Thread-93] DEBUG org.apache.ibatis.datasource.pooled.PooledDataSource  - Checked out connection 14606730 from pool.
10:47:16,578 [Thread-93] DEBUG org.apache.ibatis.transaction.jdbc.JdbcTransaction  - Setting autocommit to false on JDBC Connection [conn55: url=jdbc:h2:mem:activiti user=SA]
10:47:16,578 [Thread-85] DEBUG org.activiti.engine.impl.interceptor.LogInterceptor  - --- StartProcessInstanceCmd finished --------------------------------------------------------
10:47:16,578 [Thread-85] DEBUG org.activiti.engine.impl.interceptor.LogInterceptor  - 

10:47:16,578 [Thread-93] DEBUG org.activiti.engine.impl.persistence.entity.ProcessDefinitionEntity.selectLatestProcessDefinitionByKey  - ==&gt;  Preparing: select * from ACT_RE_PROCDEF where KEY_ = ? and (TENANT_ID_ = &apos;&apos; or TENANT_ID_ is null) and VERSION_ = (select max(VERSION_) from ACT_RE_PROCDEF where KEY_ = ? and (TENANT_ID_ = &apos;&apos; or TENANT_ID_ is null)) 
10:47:16,578 [Thread-94] DEBUG org.apache.ibatis.datasource.pooled.PooledDataSource  - Waiting as long as 20000 milliseconds for connection.
10:47:16,578 [Thread-97] DEBUG org.activiti.engine.impl.db.DbSqlSession  -   update PropertyEntity[name=next.dbid, value=265]
10:47:16,578 [Thread-97] DEBUG org.activiti.engine.impl.db.DbSqlSession  - flush summary: 0 insert, 1 update, 0 delete.
10:47:16,578 [Thread-97] DEBUG org.activiti.engine.impl.db.DbSqlSession  - now executing flush...
10:47:16,578 [Thread-97] DEBUG org.activiti.engine.impl.db.DbSqlSession  - updating: PropertyEntity[name=next.dbid, value=265]
10:47:16,578 [Thread-95] DEBUG org.apache.ibatis.datasource.pooled.PooledDataSource  - Waiting as long as 20000 milliseconds for connection.
10:47:16,578 [Thread-93] DEBUG org.activiti.engine.impl.persistence.entity.ProcessDefinitionEntity.selectLatestProcessDefinitionByKey  - ==&gt; Parameters: idGeneratorDataSource(String), idGeneratorDataSource(String)
10:47:16,578 [Thread-97] DEBUG org.activiti.engine.impl.persistence.entity.PropertyEntity.updateProperty  - ==&gt;  Preparing: update ACT_GE_PROPERTY SET REV_ = ?, VALUE_ = ? where NAME_ = ? and REV_ = ? 
10:47:16,578 [Thread-93] DEBUG org.activiti.engine.impl.persistence.entity.ProcessDefinitionEntity.selectLatestProcessDefinitionByKey  - &lt;==      Total: 1
10:47:16,578 [Thread-97] DEBUG org.activiti.engine.impl.persistence.entity.PropertyEntity.updateProperty  - ==&gt; Parameters: 89(Integer), 265(String), next.dbid(String), 88(Integer)
10:47:16,579 [Thread-97] DEBUG org.activiti.engine.impl.persistence.entity.PropertyEntity.updateProperty  - &lt;==    Updates: 1
10:47:16,579 [Thread-97] DEBUG org.activiti.engine.impl.cfg.standalone.StandaloneMybatisTransactionContext  - firing event committing...
10:47:16,579 [Thread-97] DEBUG org.activiti.engine.impl.cfg.standalone.StandaloneMybatisTransactionContext  - committing the ibatis sql session...
10:47:16,579 [Thread-97] DEBUG org.apache.ibatis.transaction.jdbc.JdbcTransaction  - Committing JDBC Connection [conn54: url=jdbc:h2:mem:activiti user=SA]
10:47:16,579 [Thread-97] DEBUG org.activiti.engine.impl.cfg.standalone.StandaloneMybatisTransactionContext  - firing event committed...
10:47:16,579 [Thread-97] DEBUG org.apache.ibatis.transaction.jdbc.JdbcTransaction  - Resetting autocommit to true on JDBC Connection [conn54: url=jdbc:h2:mem:activiti user=SA]
10:47:16,579 [Thread-97] DEBUG org.apache.ibatis.transaction.jdbc.JdbcTransaction  - Closing JDBC Connection [conn54: url=jdbc:h2:mem:activiti user=SA]
10:47:16,579 [Thread-97] DEBUG org.apache.ibatis.datasource.pooled.PooledDataSource  - Returned connection 1094226572 to pool.
10:47:16,579 [Thread-97] DEBUG org.activiti.engine.impl.interceptor.LogInterceptor  - --- GetNextIdBlockCmd finished --------------------------------------------------------
10:47:16,579 [Thread-97] DEBUG org.activiti.engine.impl.interceptor.LogInterceptor  - 

10:47:16,579 [Thread-97] DEBUG org.activiti.engine.impl.persistence.entity.ExecutionEntity  - initializing ProcessInstance[262]
10:47:16,579 [Thread-93] DEBUG org.activiti.engine.impl.persistence.entity.ExecutionEntity  - initializing ProcessInstance[263]
10:47:16,579 [Thread-93] DEBUG org.activiti.engine.impl.history.DefaultHistoryManager  - Current history level: FULL, level required: ACTIVITY
10:47:16,579 [Thread-97] DEBUG org.activiti.engine.impl.history.DefaultHistoryManager  - Current history level: FULL, level required: ACTIVITY
10:47:16,579 [Thread-93] DEBUG org.activiti.engine.impl.pvm.runtime.AtomicOperationActivityExecute  - ProcessInstance[263] executes Activity(theStart): org.activiti.engine.impl.bpmn.behavior.NoneStartEventActivityBehavior
10:47:16,579 [Thread-97] DEBUG org.activiti.engine.impl.interceptor.LogInterceptor  - 

10:47:16,579 [Thread-97] DEBUG org.activiti.engine.impl.interceptor.LogInterceptor  - --- starting GetNextIdBlockCmd --------------------------------------------------------
10:47:16,579 [Thread-93] DEBUG org.activiti.engine.impl.persistence.entity.JobEntity.selectJobsByExecutionId  - ==&gt;  Preparing: select * from ACT_RU_JOB J where J.EXECUTION_ID_ = ? 
10:47:16,579 [Thread-97] DEBUG org.apache.ibatis.transaction.jdbc.JdbcTransaction  - Opening JDBC Connection
10:47:16,579 [Thread-97] DEBUG org.apache.ibatis.datasource.pooled.PooledDataSource  - Checked out connection 1094226572 from pool.
10:47:16,579 [Thread-97] DEBUG org.apache.ibatis.transaction.jdbc.JdbcTransaction  - Setting autocommit to false on JDBC Connection [conn54: url=jdbc:h2:mem:activiti user=SA]
10:47:16,579 [Thread-97] DEBUG org.activiti.engine.impl.persistence.entity.PropertyEntity.selectProperty  - ==&gt;  Preparing: select * from ACT_GE_PROPERTY where NAME_ = ? 
10:47:16,579 [Thread-93] DEBUG org.activiti.engine.impl.persistence.entity.JobEntity.selectJobsByExecutionId  - ==&gt; Parameters: 263(String)
10:47:16,579 [Thread-97] DEBUG org.activiti.engine.impl.persistence.entity.PropertyEntity.selectProperty  - ==&gt; Parameters: next.dbid(String)
10:47:16,579 [Thread-93] DEBUG org.activiti.engine.impl.persistence.entity.JobEntity.selectJobsByExecutionId  - &lt;==      Total: 0
10:47:16,579 [Thread-93] DEBUG org.activiti.engine.impl.bpmn.behavior.BpmnActivityBehavior  - Leaving activity &apos;theStart&apos;
10:47:16,579 [Thread-97] DEBUG org.activiti.engine.impl.persistence.entity.PropertyEntity.selectProperty  - &lt;==      Total: 1
10:47:16,579 [Thread-93] DEBUG org.activiti.engine.impl.history.DefaultHistoryManager  - Current history level: FULL, level required: ACTIVITY
10:47:16,579 [Thread-97] DEBUG org.activiti.engine.impl.db.DbSqlSession  -   update PropertyEntity[name=next.dbid, value=268]
10:47:16,579 [Thread-97] DEBUG org.activiti.engine.impl.db.DbSqlSession  - flush summary: 0 insert, 1 update, 0 delete.
10:47:16,579 [Thread-97] DEBUG org.activiti.engine.impl.db.DbSqlSession  - now executing flush...
10:47:16,579 [Thread-97] DEBUG org.activiti.engine.impl.db.DbSqlSession  - updating: PropertyEntity[name=next.dbid, value=268]
10:47:16,579 [Thread-93] DEBUG org.activiti.engine.impl.pvm.runtime.AtomicOperationTransitionNotifyListenerTake  - ProcessInstance[263] takes transition (theStart)--flow1--&gt;(javaService)
10:47:16,579 [Thread-97] DEBUG org.activiti.engine.impl.persistence.entity.PropertyEntity.updateProperty  - ==&gt;  Preparing: update ACT_GE_PROPERTY SET REV_ = ?, VALUE_ = ? where NAME_ = ? and REV_ = ? 
10:47:16,579 [Thread-93] DEBUG org.activiti.engine.impl.history.DefaultHistoryManager  - Current history level: FULL, level required: ACTIVITY
10:47:16,579 [Thread-97] DEBUG org.activiti.engine.impl.persistence.entity.PropertyEntity.updateProperty  - ==&gt; Parameters: 90(Integer), 268(String), next.dbid(String), 89(Integer)
10:47:16,579 [Thread-97] DEBUG org.activiti.engine.impl.persistence.entity.PropertyEntity.updateProperty  - &lt;==    Updates: 1
10:47:16,579 [Thread-97] DEBUG org.activiti.engine.impl.cfg.standalone.StandaloneMybatisTransactionContext  - firing event committing...
10:47:16,579 [Thread-97] DEBUG org.activiti.engine.impl.cfg.standalone.StandaloneMybatisTransactionContext  - committing the ibatis sql session...
10:47:16,580 [Thread-97] DEBUG org.apache.ibatis.transaction.jdbc.JdbcTransaction  - Committing JDBC Connection [conn54: url=jdbc:h2:mem:activiti user=SA]
10:47:16,580 [Thread-97] DEBUG org.activiti.engine.impl.cfg.standalone.StandaloneMybatisTransactionContext  - firing event committed...
10:47:16,580 [Thread-97] DEBUG org.apache.ibatis.transaction.jdbc.JdbcTransaction  - Resetting autocommit to true on JDBC Connection [conn54: url=jdbc:h2:mem:activiti user=SA]
10:47:16,580 [Thread-97] DEBUG org.apache.ibatis.transaction.jdbc.JdbcTransaction  - Closing JDBC Connection [conn54: url=jdbc:h2:mem:activiti user=SA]
10:47:16,580 [Thread-97] DEBUG org.apache.ibatis.datasource.pooled.PooledDataSource  - Returned connection 1094226572 to pool.
10:47:16,580 [Thread-97] DEBUG org.activiti.engine.impl.interceptor.LogInterceptor  - --- GetNextIdBlockCmd finished --------------------------------------------------------
10:47:16,580 [Thread-97] DEBUG org.activiti.engine.impl.interceptor.LogInterceptor  - 

10:47:16,580 [Thread-93] DEBUG org.activiti.engine.impl.pvm.runtime.AtomicOperationActivityExecute  - ProcessInstance[263] executes Activity(javaService): org.activiti.engine.impl.bpmn.helper.ClassDelegate
10:47:16,580 [Thread-97] DEBUG org.activiti.engine.impl.pvm.runtime.AtomicOperationActivityExecute  - ProcessInstance[262] executes Activity(theStart): org.activiti.engine.impl.bpmn.behavior.NoneStartEventActivityBehavior
10:47:16,580 [Thread-93] DEBUG org.activiti.engine.impl.db.DbSqlSession  -   insert ProcessInstance[263]
10:47:16,580 [Thread-93] DEBUG org.activiti.engine.impl.db.DbSqlSession  -   insert HistoricProcessInstanceEntity[superProcessInstanceId=null]
10:47:16,580 [Thread-93] DEBUG org.activiti.engine.impl.db.DbSqlSession  -   insert HistoricActivityInstanceEntity[activityId=theStart, activityName=null]
10:47:16,580 [Thread-93] DEBUG org.activiti.engine.impl.db.DbSqlSession  -   insert HistoricActivityInstanceEntity[activityId=javaService, activityName=Java service invocation]
10:47:16,580 [Thread-93] DEBUG org.activiti.engine.impl.db.DbSqlSession  - flush summary: 4 insert, 0 update, 0 delete.
10:47:16,580 [Thread-93] DEBUG org.activiti.engine.impl.db.DbSqlSession  - now executing flush...
10:47:16,580 [Thread-93] DEBUG org.activiti.engine.impl.db.DbSqlSession  - inserting: HistoricProcessInstanceEntity[superProcessInstanceId=null]
10:47:16,580 [Thread-97] DEBUG org.activiti.engine.impl.persistence.entity.JobEntity.selectJobsByExecutionId  - ==&gt;  Preparing: select * from ACT_RU_JOB J where J.EXECUTION_ID_ = ? 
10:47:16,580 [Thread-93] DEBUG org.activiti.engine.impl.persistence.entity.HistoricProcessInstanceEntity.insertHistoricProcessInstance  - ==&gt;  Preparing: insert into ACT_HI_PROCINST ( ID_, PROC_INST_ID_, BUSINESS_KEY_, PROC_DEF_ID_, START_TIME_, END_TIME_, DURATION_, START_USER_ID_, START_ACT_ID_, END_ACT_ID_, SUPER_PROCESS_INSTANCE_ID_, DELETE_REASON_, TENANT_ID_, NAME_ ) values ( ?, ?, ?, ?, ?, ?, ?, ?, ?, ?, ?, ?, ?, ? ) 
10:47:16,580 [Thread-97] DEBUG org.activiti.engine.impl.persistence.entity.JobEntity.selectJobsByExecutionId  - ==&gt; Parameters: 262(String)
10:47:16,580 [Thread-93] DEBUG org.activiti.engine.impl.persistence.entity.HistoricProcessInstanceEntity.insertHistoricProcessInstance  - ==&gt; Parameters: 263(String), 263(String), null, idGeneratorDataSource:1:3(String), 2015-01-01 00:00:00.0(Timestamp), null, null, null, theStart(String), null, null, null, (String), null
10:47:16,580 [Thread-97] DEBUG org.activiti.engine.impl.persistence.entity.JobEntity.selectJobsByExecutionId  - &lt;==      Total: 0
10:47:16,580 [Thread-97] DEBUG org.activiti.engine.impl.bpmn.behavior.BpmnActivityBehavior  - Leaving activity &apos;theStart&apos;
10:47:16,580 [Thread-93] DEBUG org.activiti.engine.impl.persistence.entity.HistoricProcessInstanceEntity.insertHistoricProcessInstance  - &lt;==    Updates: 1
10:47:16,580 [Thread-97] DEBUG org.activiti.engine.impl.history.DefaultHistoryManager  - Current history level: FULL, level required: ACTIVITY
10:47:16,580 [Thread-97] DEBUG org.activiti.engine.impl.pvm.runtime.AtomicOperationTransitionNotifyListenerTake  - ProcessInstance[262] takes transition (theStart)--flow1--&gt;(javaService)
10:47:16,580 [Thread-97] DEBUG org.activiti.engine.impl.history.DefaultHistoryManager  - Current history level: FULL, level required: ACTIVITY
10:47:16,580 [Thread-93] DEBUG org.activiti.engine.impl.persistence.entity.HistoricActivityInstanceEntity.bulkInsertHistoricActivityInstance  - ==&gt;  Preparing: insert into ACT_HI_ACTINST ( ID_, PROC_DEF_ID_, PROC_INST_ID_, EXECUTION_ID_, ACT_ID_, TASK_ID_, CALL_PROC_INST_ID_, ACT_NAME_, ACT_TYPE_, ASSIGNEE_, START_TIME_, END_TIME_, DURATION_, TENANT_ID_ ) values (?, ?, ?, ?, ?, ?, ?, ?, ?, ?, ?, ?, ?, ?) , (?, ?, ?, ?, ?, ?, ?, ?, ?, ?, ?, ?, ?, ?) 
10:47:16,580 [Thread-97] DEBUG org.activiti.engine.impl.pvm.runtime.AtomicOperationActivityExecute  - ProcessInstance[262] executes Activity(javaService): org.activiti.engine.impl.bpmn.helper.ClassDelegate
10:47:16,580 [Thread-93] DEBUG org.activiti.engine.impl.persistence.entity.HistoricActivityInstanceEntity.bulkInsertHistoricActivityInstance  - ==&gt; Parameters: 264(String), idGeneratorDataSource:1:3(String), 263(String), 263(String), theStart(String), null, null, null, startEvent(String), null, 2015-01-01 00:00:00.0(Timestamp), 2015-01-01 00:00:00.0(Timestamp), 0(Long), (String), 266(String), idGeneratorDataSource:1:3(String), 263(String), 263(String), javaService(String), null, null, Java service invocation(String), serviceTask(String), null, 2015-01-01 00:00:00.0(Timestamp), null, null, (String)
10:47:16,580 [Thread-97] DEBUG org.activiti.engine.impl.db.DbSqlSession  -   insert ProcessInstance[262]
10:47:16,580 [Thread-97] DEBUG org.activiti.engine.impl.db.DbSqlSession  -   insert HistoricProcessInstanceEntity[superProcessInstanceId=null]
10:47:16,580 [Thread-97] DEBUG org.activiti.engine.impl.db.DbSqlSession  -   insert HistoricActivityInstanceEntity[activityId=theStart, activityName=null]
10:47:16,580 [Thread-97] DEBUG org.activiti.engine.impl.db.DbSqlSession  -   insert HistoricActivityInstanceEntity[activityId=javaService, activityName=Java service invocation]
10:47:16,580 [Thread-97] DEBUG org.activiti.engine.impl.db.DbSqlSession  - flush summary: 4 insert, 0 update, 0 delete.
10:47:16,580 [Thread-97] DEBUG org.activiti.engine.impl.db.DbSqlSession  - now executing flush...
10:47:16,580 [Thread-97] DEBUG org.activiti.engine.impl.db.DbSqlSession  - inserting: HistoricProcessInstanceEntity[superProcessInstanceId=null]
10:47:16,580 [Thread-93] DEBUG org.activiti.engine.impl.persistence.entity.HistoricActivityInstanceEntity.bulkInsertHistoricActivityInstance  - &lt;==    Updates: 2
10:47:16,580 [Thread-93] DEBUG org.activiti.engine.impl.db.DbSqlSession  - inserting: ProcessInstance[263]
10:47:16,580 [Thread-97] DEBUG org.activiti.engine.impl.persistence.entity.HistoricProcessInstanceEntity.insertHistoricProcessInstance  - ==&gt;  Preparing: insert into ACT_HI_PROCINST ( ID_, PROC_INST_ID_, BUSINESS_KEY_, PROC_DEF_ID_, START_TIME_, END_TIME_, DURATION_, START_USER_ID_, START_ACT_ID_, END_ACT_ID_, SUPER_PROCESS_INSTANCE_ID_, DELETE_REASON_, TENANT_ID_, NAME_ ) values ( ?, ?, ?, ?, ?, ?, ?, ?, ?, ?, ?, ?, ?, ? ) 
10:47:16,580 [Thread-93] DEBUG org.activiti.engine.impl.persistence.entity.ExecutionEntity.insertExecution  - ==&gt;  Preparing: insert into ACT_RU_EXECUTION (ID_, REV_, PROC_INST_ID_, BUSINESS_KEY_, PROC_DEF_ID_, ACT_ID_, IS_ACTIVE_, IS_CONCURRENT_, IS_SCOPE_,IS_EVENT_SCOPE_, PARENT_ID_, SUPER_EXEC_, SUSPENSION_STATE_, CACHED_ENT_STATE_, TENANT_ID_, NAME_) values ( ?, 1, ?, ?, ?, ?, ?, ?, ?, ?, ?, ?, ?, ?, ?, ? ) 
10:47:16,581 [Thread-97] DEBUG org.activiti.engine.impl.persistence.entity.HistoricProcessInstanceEntity.insertHistoricProcessInstance  - ==&gt; Parameters: 262(String), 262(String), null, idGeneratorDataSource:1:3(String), 2015-01-01 00:00:00.0(Timestamp), null, null, null, theStart(String), null, null, null, (String), null
10:47:16,581 [Thread-93] DEBUG org.activiti.engine.impl.persistence.entity.ExecutionEntity.insertExecution  - ==&gt; Parameters: 263(String), 263(String), null, idGeneratorDataSource:1:3(String), javaService(String), true(Boolean), false(Boolean), true(Boolean), false(Boolean), null, null, 1(Integer), 2(Integer), (String), null
10:47:16,581 [Thread-93] DEBUG org.activiti.engine.impl.persistence.entity.ExecutionEntity.insertExecution  - &lt;==    Updates: 1
10:47:16,581 [Thread-93] DEBUG org.activiti.engine.impl.cfg.standalone.StandaloneMybatisTransactionContext  - firing event committing...
10:47:16,581 [Thread-93] DEBUG org.activiti.engine.impl.cfg.standalone.StandaloneMybatisTransactionContext  - committing the ibatis sql session...
10:47:16,581 [Thread-93] DEBUG org.apache.ibatis.transaction.jdbc.JdbcTransaction  - Committing JDBC Connection [conn55: url=jdbc:h2:mem:activiti user=SA]
10:47:16,581 [Thread-93] DEBUG org.activiti.engine.impl.cfg.standalone.StandaloneMybatisTransactionContext  - firing event committed...
10:47:16,581 [Thread-93] DEBUG org.apache.ibatis.transaction.jdbc.JdbcTransaction  - Resetting autocommit to true on JDBC Connection [conn55: url=jdbc:h2:mem:activiti user=SA]
10:47:16,581 [Thread-93] DEBUG org.apache.ibatis.transaction.jdbc.JdbcTransaction  - Closing JDBC Connection [conn55: url=jdbc:h2:mem:activiti user=SA]
10:47:16,581 [Thread-93] DEBUG org.apache.ibatis.datasource.pooled.PooledDataSource  - Returned connection 14606730 to pool.
10:47:16,581 [Thread-97] DEBUG org.activiti.engine.impl.persistence.entity.HistoricProcessInstanceEntity.insertHistoricProcessInstance  - &lt;==    Updates: 1
10:47:16,581 [Thread-95] DEBUG org.apache.ibatis.datasource.pooled.PooledDataSource  - Checked out connection 14606730 from pool.
10:47:16,581 [Thread-93] DEBUG org.activiti.engine.impl.interceptor.LogInterceptor  - --- StartProcessInstanceCmd finished --------------------------------------------------------
10:47:16,581 [Thread-93] DEBUG org.activiti.engine.impl.interceptor.LogInterceptor  - 

10:47:16,581 [Thread-93] DEBUG org.activiti.engine.impl.interceptor.LogInterceptor  - 

10:47:16,581 [Thread-93] DEBUG org.activiti.engine.impl.interceptor.LogInterceptor  - --- starting StartProcessInstanceCmd --------------------------------------------------------
10:47:16,581 [Thread-94] DEBUG org.apache.ibatis.datasource.pooled.PooledDataSource  - Waiting as long as 20000 milliseconds for connection.
10:47:16,581 [Thread-95] DEBUG org.apache.ibatis.transaction.jdbc.JdbcTransaction  - Setting autocommit to false on JDBC Connection [conn55: url=jdbc:h2:mem:activiti user=SA]
10:47:16,581 [Thread-95] DEBUG org.activiti.engine.impl.persistence.entity.ProcessDefinitionEntity.selectLatestProcessDefinitionByKey  - ==&gt;  Preparing: select * from ACT_RE_PROCDEF where KEY_ = ? and (TENANT_ID_ = &apos;&apos; or TENANT_ID_ is null) and VERSION_ = (select max(VERSION_) from ACT_RE_PROCDEF where KEY_ = ? and (TENANT_ID_ = &apos;&apos; or TENANT_ID_ is null)) 
10:47:16,581 [Thread-93] DEBUG org.apache.ibatis.transaction.jdbc.JdbcTransaction  - Opening JDBC Connection
10:47:16,581 [Thread-93] DEBUG org.apache.ibatis.datasource.pooled.PooledDataSource  - Waiting as long as 20000 milliseconds for connection.
10:47:16,581 [Thread-97] DEBUG org.activiti.engine.impl.persistence.entity.HistoricActivityInstanceEntity.bulkInsertHistoricActivityInstance  - ==&gt;  Preparing: insert into ACT_HI_ACTINST ( ID_, PROC_DEF_ID_, PROC_INST_ID_, EXECUTION_ID_, ACT_ID_, TASK_ID_, CALL_PROC_INST_ID_, ACT_NAME_, ACT_TYPE_, ASSIGNEE_, START_TIME_, END_TIME_, DURATION_, TENANT_ID_ ) values (?, ?, ?, ?, ?, ?, ?, ?, ?, ?, ?, ?, ?, ?) , (?, ?, ?, ?, ?, ?, ?, ?, ?, ?, ?, ?, ?, ?) 
10:47:16,581 [Thread-95] DEBUG org.activiti.engine.impl.persistence.entity.ProcessDefinitionEntity.selectLatestProcessDefinitionByKey  - ==&gt; Parameters: idGeneratorDataSource(String), idGeneratorDataSource(String)
10:47:16,581 [Thread-97] DEBUG org.activiti.engine.impl.persistence.entity.HistoricActivityInstanceEntity.bulkInsertHistoricActivityInstance  - ==&gt; Parameters: 265(String), idGeneratorDataSource:1:3(String), 262(String), 262(String), theStart(String), null, null, null, startEvent(String), null, 2015-01-01 00:00:00.0(Timestamp), 2015-01-01 00:00:00.0(Timestamp), 0(Long), (String), 267(String), idGeneratorDataSource:1:3(String), 262(String), 262(String), javaService(String), null, null, Java service invocation(String), serviceTask(String), null, 2015-01-01 00:00:00.0(Timestamp), null, null, (String)
10:47:16,581 [Thread-95] DEBUG org.activiti.engine.impl.persistence.entity.ProcessDefinitionEntity.selectLatestProcessDefinitionByKey  - &lt;==      Total: 1
10:47:16,581 [Thread-97] DEBUG org.activiti.engine.impl.persistence.entity.HistoricActivityInstanceEntity.bulkInsertHistoricActivityInstance  - &lt;==    Updates: 2
10:47:16,581 [Thread-97] DEBUG org.activiti.engine.impl.db.DbSqlSession  - inserting: ProcessInstance[262]
10:47:16,581 [Thread-95] DEBUG org.activiti.engine.impl.interceptor.LogInterceptor  - 

10:47:16,581 [Thread-95] DEBUG org.activiti.engine.impl.interceptor.LogInterceptor  - --- starting GetNextIdBlockCmd --------------------------------------------------------
10:47:16,581 [Thread-97] DEBUG org.activiti.engine.impl.persistence.entity.ExecutionEntity.insertExecution  - ==&gt;  Preparing: insert into ACT_RU_EXECUTION (ID_, REV_, PROC_INST_ID_, BUSINESS_KEY_, PROC_DEF_ID_, ACT_ID_, IS_ACTIVE_, IS_CONCURRENT_, IS_SCOPE_,IS_EVENT_SCOPE_, PARENT_ID_, SUPER_EXEC_, SUSPENSION_STATE_, CACHED_ENT_STATE_, TENANT_ID_, NAME_) values ( ?, 1, ?, ?, ?, ?, ?, ?, ?, ?, ?, ?, ?, ?, ?, ? ) 
10:47:16,581 [Thread-95] DEBUG org.apache.ibatis.transaction.jdbc.JdbcTransaction  - Opening JDBC Connection
10:47:16,581 [Thread-95] DEBUG org.apache.ibatis.datasource.pooled.PooledDataSource  - Checked out connection 1094226572 from pool.
10:47:16,581 [Thread-95] DEBUG org.apache.ibatis.transaction.jdbc.JdbcTransaction  - Setting autocommit to false on JDBC Connection [conn54: url=jdbc:h2:mem:activiti user=SA]
10:47:16,581 [Thread-95] DEBUG org.activiti.engine.impl.persistence.entity.PropertyEntity.selectProperty  - ==&gt;  Preparing: select * from ACT_GE_PROPERTY where NAME_ = ? 
10:47:16,581 [Thread-97] DEBUG org.activiti.engine.impl.persistence.entity.ExecutionEntity.insertExecution  - ==&gt; Parameters: 262(String), 262(String), null, idGeneratorDataSource:1:3(String), javaService(String), true(Boolean), false(Boolean), true(Boolean), false(Boolean), null, null, 1(Integer), 2(Integer), (String), null
10:47:16,581 [Thread-95] DEBUG org.activiti.engine.impl.persistence.entity.PropertyEntity.selectProperty  - ==&gt; Parameters: next.dbid(String)
10:47:16,581 [Thread-97] DEBUG org.activiti.engine.impl.persistence.entity.ExecutionEntity.insertExecution  - &lt;==    Updates: 1
10:47:16,582 [Thread-97] DEBUG org.activiti.engine.impl.cfg.standalone.StandaloneMybatisTransactionContext  - firing event committing...
10:47:16,582 [Thread-97] DEBUG org.activiti.engine.impl.cfg.standalone.StandaloneMybatisTransactionContext  - committing the ibatis sql session...
10:47:16,582 [Thread-97] DEBUG org.apache.ibatis.transaction.jdbc.JdbcTransaction  - Committing JDBC Connection [conn53: url=jdbc:h2:mem:activiti user=SA]
10:47:16,582 [Thread-97] DEBUG org.activiti.engine.impl.cfg.standalone.StandaloneMybatisTransactionContext  - firing event committed...
10:47:16,582 [Thread-97] DEBUG org.apache.ibatis.transaction.jdbc.JdbcTransaction  - Resetting autocommit to true on JDBC Connection [conn53: url=jdbc:h2:mem:activiti user=SA]
10:47:16,582 [Thread-97] DEBUG org.apache.ibatis.transaction.jdbc.JdbcTransaction  - Closing JDBC Connection [conn53: url=jdbc:h2:mem:activiti user=SA]
10:47:16,582 [Thread-97] DEBUG org.apache.ibatis.datasource.pooled.PooledDataSource  - Returned connection 826925275 to pool.
10:47:16,582 [Thread-95] DEBUG org.activiti.engine.impl.persistence.entity.PropertyEntity.selectProperty  - &lt;==      Total: 1
10:47:16,582 [Thread-93] DEBUG org.apache.ibatis.datasource.pooled.PooledDataSource  - Checked out connection 826925275 from pool.
10:47:16,582 [Thread-93] DEBUG org.apache.ibatis.transaction.jdbc.JdbcTransaction  - Setting autocommit to false on JDBC Connection [conn53: url=jdbc:h2:mem:activiti user=SA]
10:47:16,582 [Thread-97] DEBUG org.activiti.engine.impl.interceptor.LogInterceptor  - --- StartProcessInstanceCmd finished --------------------------------------------------------
10:47:16,582 [Thread-97] DEBUG org.activiti.engine.impl.interceptor.LogInterceptor  - 

10:47:16,582 [Thread-97] DEBUG org.activiti.engine.impl.interceptor.LogInterceptor  - 

10:47:16,582 [Thread-97] DEBUG org.activiti.engine.impl.interceptor.LogInterceptor  - --- starting StartProcessInstanceCmd --------------------------------------------------------
10:47:16,582 [Thread-93] DEBUG org.activiti.engine.impl.persistence.entity.ProcessDefinitionEntity.selectLatestProcessDefinitionByKey  - ==&gt;  Preparing: select * from ACT_RE_PROCDEF where KEY_ = ? and (TENANT_ID_ = &apos;&apos; or TENANT_ID_ is null) and VERSION_ = (select max(VERSION_) from ACT_RE_PROCDEF where KEY_ = ? and (TENANT_ID_ = &apos;&apos; or TENANT_ID_ is null)) 
10:47:16,582 [Thread-94] DEBUG org.apache.ibatis.datasource.pooled.PooledDataSource  - Waiting as long as 20000 milliseconds for connection.
10:47:16,582 [Thread-95] DEBUG org.activiti.engine.impl.db.DbSqlSession  -   update PropertyEntity[name=next.dbid, value=271]
10:47:16,582 [Thread-93] DEBUG org.activiti.engine.impl.persistence.entity.ProcessDefinitionEntity.selectLatestProcessDefinitionByKey  - ==&gt; Parameters: idGeneratorDataSource(String), idGeneratorDataSource(String)
10:47:16,582 [Thread-97] DEBUG org.apache.ibatis.transaction.jdbc.JdbcTransaction  - Opening JDBC Connection
10:47:16,582 [Thread-93] DEBUG org.activiti.engine.impl.persistence.entity.ProcessDefinitionEntity.selectLatestProcessDefinitionByKey  - &lt;==      Total: 1
10:47:16,582 [Thread-97] DEBUG org.apache.ibatis.datasource.pooled.PooledDataSource  - Waiting as long as 20000 milliseconds for connection.
10:47:16,582 [Thread-95] DEBUG org.activiti.engine.impl.db.DbSqlSession  - flush summary: 0 insert, 1 update, 0 delete.
10:47:16,582 [Thread-95] DEBUG org.activiti.engine.impl.db.DbSqlSession  - now executing flush...
10:47:16,582 [Thread-95] DEBUG org.activiti.engine.impl.db.DbSqlSession  - updating: PropertyEntity[name=next.dbid, value=271]
10:47:16,582 [Thread-95] DEBUG org.activiti.engine.impl.persistence.entity.PropertyEntity.updateProperty  - ==&gt;  Preparing: update ACT_GE_PROPERTY SET REV_ = ?, VALUE_ = ? where NAME_ = ? and REV_ = ? 
10:47:16,582 [Thread-95] DEBUG org.activiti.engine.impl.persistence.entity.PropertyEntity.updateProperty  - ==&gt; Parameters: 91(Integer), 271(String), next.dbid(String), 90(Integer)
10:47:16,582 [Thread-95] DEBUG org.activiti.engine.impl.persistence.entity.PropertyEntity.updateProperty  - &lt;==    Updates: 1
10:47:16,582 [Thread-95] DEBUG org.activiti.engine.impl.cfg.standalone.StandaloneMybatisTransactionContext  - firing event committing...
10:47:16,582 [Thread-95] DEBUG org.activiti.engine.impl.cfg.standalone.StandaloneMybatisTransactionContext  - committing the ibatis sql session...
10:47:16,582 [Thread-95] DEBUG org.apache.ibatis.transaction.jdbc.JdbcTransaction  - Committing JDBC Connection [conn54: url=jdbc:h2:mem:activiti user=SA]
10:47:16,582 [Thread-95] DEBUG org.activiti.engine.impl.cfg.standalone.StandaloneMybatisTransactionContext  - firing event committed...
10:47:16,582 [Thread-95] DEBUG org.apache.ibatis.transaction.jdbc.JdbcTransaction  - Resetting autocommit to true on JDBC Connection [conn54: url=jdbc:h2:mem:activiti user=SA]
10:47:16,582 [Thread-95] DEBUG org.apache.ibatis.transaction.jdbc.JdbcTransaction  - Closing JDBC Connection [conn54: url=jdbc:h2:mem:activiti user=SA]
10:47:16,582 [Thread-95] DEBUG org.apache.ibatis.datasource.pooled.PooledDataSource  - Returned connection 1094226572 to pool.
10:47:16,582 [Thread-95] DEBUG org.activiti.engine.impl.interceptor.LogInterceptor  - --- GetNextIdBlockCmd finished --------------------------------------------------------
10:47:16,582 [Thread-95] DEBUG org.activiti.engine.impl.interceptor.LogInterceptor  - 

10:47:16,582 [Thread-95] DEBUG org.activiti.engine.impl.persistence.entity.ExecutionEntity  - initializing ProcessInstance[268]
10:47:16,582 [Thread-95] DEBUG org.activiti.engine.impl.history.DefaultHistoryManager  - Current history level: FULL, level required: ACTIVITY
10:47:16,582 [Thread-93] DEBUG org.activiti.engine.impl.persistence.entity.ExecutionEntity  - initializing ProcessInstance[269]
10:47:16,583 [Thread-93] DEBUG org.activiti.engine.impl.history.DefaultHistoryManager  - Current history level: FULL, level required: ACTIVITY
10:47:16,582 [Thread-95] DEBUG org.activiti.engine.impl.pvm.runtime.AtomicOperationActivityExecute  - ProcessInstance[268] executes Activity(theStart): org.activiti.engine.impl.bpmn.behavior.NoneStartEventActivityBehavior
10:47:16,583 [Thread-93] DEBUG org.activiti.engine.impl.interceptor.LogInterceptor  - 

10:47:16,583 [Thread-93] DEBUG org.activiti.engine.impl.interceptor.LogInterceptor  - --- starting GetNextIdBlockCmd --------------------------------------------------------
10:47:16,583 [Thread-95] DEBUG org.activiti.engine.impl.persistence.entity.JobEntity.selectJobsByExecutionId  - ==&gt;  Preparing: select * from ACT_RU_JOB J where J.EXECUTION_ID_ = ? 
10:47:16,583 [Thread-93] DEBUG org.apache.ibatis.transaction.jdbc.JdbcTransaction  - Opening JDBC Connection
10:47:16,583 [Thread-93] DEBUG org.apache.ibatis.datasource.pooled.PooledDataSource  - Checked out connection 1094226572 from pool.
10:47:16,583 [Thread-93] DEBUG org.apache.ibatis.transaction.jdbc.JdbcTransaction  - Setting autocommit to false on JDBC Connection [conn54: url=jdbc:h2:mem:activiti user=SA]
10:47:16,583 [Thread-93] DEBUG org.activiti.engine.impl.persistence.entity.PropertyEntity.selectProperty  - ==&gt;  Preparing: select * from ACT_GE_PROPERTY where NAME_ = ? 
10:47:16,583 [Thread-95] DEBUG org.activiti.engine.impl.persistence.entity.JobEntity.selectJobsByExecutionId  - ==&gt; Parameters: 268(String)
10:47:16,583 [Thread-93] DEBUG org.activiti.engine.impl.persistence.entity.PropertyEntity.selectProperty  - ==&gt; Parameters: next.dbid(String)
10:47:16,583 [Thread-95] DEBUG org.activiti.engine.impl.persistence.entity.JobEntity.selectJobsByExecutionId  - &lt;==      Total: 0
10:47:16,583 [Thread-95] DEBUG org.activiti.engine.impl.bpmn.behavior.BpmnActivityBehavior  - Leaving activity &apos;theStart&apos;
10:47:16,583 [Thread-93] DEBUG org.activiti.engine.impl.persistence.entity.PropertyEntity.selectProperty  - &lt;==      Total: 1
10:47:16,583 [Thread-95] DEBUG org.activiti.engine.impl.history.DefaultHistoryManager  - Current history level: FULL, level required: ACTIVITY
10:47:16,583 [Thread-93] DEBUG org.activiti.engine.impl.db.DbSqlSession  -   update PropertyEntity[name=next.dbid, value=274]
10:47:16,583 [Thread-93] DEBUG org.activiti.engine.impl.db.DbSqlSession  - flush summary: 0 insert, 1 update, 0 delete.
10:47:16,583 [Thread-93] DEBUG org.activiti.engine.impl.db.DbSqlSession  - now executing flush...
10:47:16,583 [Thread-93] DEBUG org.activiti.engine.impl.db.DbSqlSession  - updating: PropertyEntity[name=next.dbid, value=274]
10:47:16,583 [Thread-95] DEBUG org.activiti.engine.impl.pvm.runtime.AtomicOperationTransitionNotifyListenerTake  - ProcessInstance[268] takes transition (theStart)--flow1--&gt;(javaService)
10:47:16,583 [Thread-93] DEBUG org.activiti.engine.impl.persistence.entity.PropertyEntity.updateProperty  - ==&gt;  Preparing: update ACT_GE_PROPERTY SET REV_ = ?, VALUE_ = ? where NAME_ = ? and REV_ = ? 
10:47:16,583 [Thread-95] DEBUG org.activiti.engine.impl.history.DefaultHistoryManager  - Current history level: FULL, level required: ACTIVITY
10:47:16,583 [Thread-93] DEBUG org.activiti.engine.impl.persistence.entity.PropertyEntity.updateProperty  - ==&gt; Parameters: 92(Integer), 274(String), next.dbid(String), 91(Integer)
10:47:16,583 [Thread-93] DEBUG org.activiti.engine.impl.persistence.entity.PropertyEntity.updateProperty  - &lt;==    Updates: 1
10:47:16,583 [Thread-93] DEBUG org.activiti.engine.impl.cfg.standalone.StandaloneMybatisTransactionContext  - firing event committing...
10:47:16,583 [Thread-93] DEBUG org.activiti.engine.impl.cfg.standalone.StandaloneMybatisTransactionContext  - committing the ibatis sql session...
10:47:16,583 [Thread-93] DEBUG org.apache.ibatis.transaction.jdbc.JdbcTransaction  - Committing JDBC Connection [conn54: url=jdbc:h2:mem:activiti user=SA]
10:47:16,583 [Thread-93] DEBUG org.activiti.engine.impl.cfg.standalone.StandaloneMybatisTransactionContext  - firing event committed...
10:47:16,583 [Thread-93] DEBUG org.apache.ibatis.transaction.jdbc.JdbcTransaction  - Resetting autocommit to true on JDBC Connection [conn54: url=jdbc:h2:mem:activiti user=SA]
10:47:16,583 [Thread-93] DEBUG org.apache.ibatis.transaction.jdbc.JdbcTransaction  - Closing JDBC Connection [conn54: url=jdbc:h2:mem:activiti user=SA]
10:47:16,583 [Thread-93] DEBUG org.apache.ibatis.datasource.pooled.PooledDataSource  - Returned connection 1094226572 to pool.
10:47:16,583 [Thread-93] DEBUG org.activiti.engine.impl.interceptor.LogInterceptor  - --- GetNextIdBlockCmd finished --------------------------------------------------------
10:47:16,583 [Thread-93] DEBUG org.activiti.engine.impl.interceptor.LogInterceptor  - 

10:47:16,583 [Thread-93] DEBUG org.activiti.engine.impl.pvm.runtime.AtomicOperationActivityExecute  - ProcessInstance[269] executes Activity(theStart): org.activiti.engine.impl.bpmn.behavior.NoneStartEventActivityBehavior
10:47:16,583 [Thread-95] DEBUG org.activiti.engine.impl.pvm.runtime.AtomicOperationActivityExecute  - ProcessInstance[268] executes Activity(javaService): org.activiti.engine.impl.bpmn.helper.ClassDelegate
10:47:16,583 [Thread-93] DEBUG org.activiti.engine.impl.persistence.entity.JobEntity.selectJobsByExecutionId  - ==&gt;  Preparing: select * from ACT_RU_JOB J where J.EXECUTION_ID_ = ? 
10:47:16,583 [Thread-95] DEBUG org.activiti.engine.impl.db.DbSqlSession  -   insert ProcessInstance[268]
10:47:16,584 [Thread-95] DEBUG org.activiti.engine.impl.db.DbSqlSession  -   insert HistoricProcessInstanceEntity[superProcessInstanceId=null]
10:47:16,584 [Thread-95] DEBUG org.activiti.engine.impl.db.DbSqlSession  -   insert HistoricActivityInstanceEntity[activityId=theStart, activityName=null]
10:47:16,584 [Thread-95] DEBUG org.activiti.engine.impl.db.DbSqlSession  -   insert HistoricActivityInstanceEntity[activityId=javaService, activityName=Java service invocation]
10:47:16,584 [Thread-95] DEBUG org.activiti.engine.impl.db.DbSqlSession  - flush summary: 4 insert, 0 update, 0 delete.
10:47:16,584 [Thread-95] DEBUG org.activiti.engine.impl.db.DbSqlSession  - now executing flush...
10:47:16,584 [Thread-93] DEBUG org.activiti.engine.impl.persistence.entity.JobEntity.selectJobsByExecutionId  - ==&gt; Parameters: 269(String)
10:47:16,584 [Thread-93] DEBUG org.activiti.engine.impl.persistence.entity.JobEntity.selectJobsByExecutionId  - &lt;==      Total: 0
10:47:16,584 [Thread-93] DEBUG org.activiti.engine.impl.bpmn.behavior.BpmnActivityBehavior  - Leaving activity &apos;theStart&apos;
10:47:16,584 [Thread-93] DEBUG org.activiti.engine.impl.history.DefaultHistoryManager  - Current history level: FULL, level required: ACTIVITY
10:47:16,584 [Thread-95] DEBUG org.activiti.engine.impl.db.DbSqlSession  - inserting: HistoricProcessInstanceEntity[superProcessInstanceId=null]
10:47:16,584 [Thread-93] DEBUG org.activiti.engine.impl.pvm.runtime.AtomicOperationTransitionNotifyListenerTake  - ProcessInstance[269] takes transition (theStart)--flow1--&gt;(javaService)
10:47:16,584 [Thread-93] DEBUG org.activiti.engine.impl.history.DefaultHistoryManager  - Current history level: FULL, level required: ACTIVITY
10:47:16,584 [Thread-95] DEBUG org.activiti.engine.impl.persistence.entity.HistoricProcessInstanceEntity.insertHistoricProcessInstance  - ==&gt;  Preparing: insert into ACT_HI_PROCINST ( ID_, PROC_INST_ID_, BUSINESS_KEY_, PROC_DEF_ID_, START_TIME_, END_TIME_, DURATION_, START_USER_ID_, START_ACT_ID_, END_ACT_ID_, SUPER_PROCESS_INSTANCE_ID_, DELETE_REASON_, TENANT_ID_, NAME_ ) values ( ?, ?, ?, ?, ?, ?, ?, ?, ?, ?, ?, ?, ?, ? ) 
10:47:16,584 [Thread-93] DEBUG org.activiti.engine.impl.pvm.runtime.AtomicOperationActivityExecute  - ProcessInstance[269] executes Activity(javaService): org.activiti.engine.impl.bpmn.helper.ClassDelegate
10:47:16,584 [Thread-95] DEBUG org.activiti.engine.impl.persistence.entity.HistoricProcessInstanceEntity.insertHistoricProcessInstance  - ==&gt; Parameters: 268(String), 268(String), null, idGeneratorDataSource:1:3(String), 2015-01-01 00:00:00.0(Timestamp), null, null, null, theStart(String), null, null, null, (String), null
10:47:16,584 [Thread-93] DEBUG org.activiti.engine.impl.db.DbSqlSession  -   insert ProcessInstance[269]
10:47:16,584 [Thread-93] DEBUG org.activiti.engine.impl.db.DbSqlSession  -   insert HistoricProcessInstanceEntity[superProcessInstanceId=null]
10:47:16,584 [Thread-93] DEBUG org.activiti.engine.impl.db.DbSqlSession  -   insert HistoricActivityInstanceEntity[activityId=theStart, activityName=null]
10:47:16,584 [Thread-93] DEBUG org.activiti.engine.impl.db.DbSqlSession  -   insert HistoricActivityInstanceEntity[activityId=javaService, activityName=Java service invocation]
10:47:16,584 [Thread-95] DEBUG org.activiti.engine.impl.persistence.entity.HistoricProcessInstanceEntity.insertHistoricProcessInstance  - &lt;==    Updates: 1
10:47:16,584 [Thread-93] DEBUG org.activiti.engine.impl.db.DbSqlSession  - flush summary: 4 insert, 0 update, 0 delete.
10:47:16,584 [Thread-93] DEBUG org.activiti.engine.impl.db.DbSqlSession  - now executing flush...
10:47:16,584 [Thread-93] DEBUG org.activiti.engine.impl.db.DbSqlSession  - inserting: HistoricProcessInstanceEntity[superProcessInstanceId=null]
10:47:16,584 [Thread-93] DEBUG org.activiti.engine.impl.persistence.entity.HistoricProcessInstanceEntity.insertHistoricProcessInstance  - ==&gt;  Preparing: insert into ACT_HI_PROCINST ( ID_, PROC_INST_ID_, BUSINESS_KEY_, PROC_DEF_ID_, START_TIME_, END_TIME_, DURATION_, START_USER_ID_, START_ACT_ID_, END_ACT_ID_, SUPER_PROCESS_INSTANCE_ID_, DELETE_REASON_, TENANT_ID_, NAME_ ) values ( ?, ?, ?, ?, ?, ?, ?, ?, ?, ?, ?, ?, ?, ? ) 
10:47:16,584 [Thread-95] DEBUG org.activiti.engine.impl.persistence.entity.HistoricActivityInstanceEntity.bulkInsertHistoricActivityInstance  - ==&gt;  Preparing: insert into ACT_HI_ACTINST ( ID_, PROC_DEF_ID_, PROC_INST_ID_, EXECUTION_ID_, ACT_ID_, TASK_ID_, CALL_PROC_INST_ID_, ACT_NAME_, ACT_TYPE_, ASSIGNEE_, START_TIME_, END_TIME_, DURATION_, TENANT_ID_ ) values (?, ?, ?, ?, ?, ?, ?, ?, ?, ?, ?, ?, ?, ?) , (?, ?, ?, ?, ?, ?, ?, ?, ?, ?, ?, ?, ?, ?) 
10:47:16,584 [Thread-93] DEBUG org.activiti.engine.impl.persistence.entity.HistoricProcessInstanceEntity.insertHistoricProcessInstance  - ==&gt; Parameters: 269(String), 269(String), null, idGeneratorDataSource:1:3(String), 2015-01-01 00:00:00.0(Timestamp), null, null, null, theStart(String), null, null, null, (String), null
10:47:16,584 [Thread-95] DEBUG org.activiti.engine.impl.persistence.entity.HistoricActivityInstanceEntity.bulkInsertHistoricActivityInstance  - ==&gt; Parameters: 270(String), idGeneratorDataSource:1:3(String), 268(String), 268(String), theStart(String), null, null, null, startEvent(String), null, 2015-01-01 00:00:00.0(Timestamp), 2015-01-01 00:00:00.0(Timestamp), 0(Long), (String), 272(String), idGeneratorDataSource:1:3(String), 268(String), 268(String), javaService(String), null, null, Java service invocation(String), serviceTask(String), null, 2015-01-01 00:00:00.0(Timestamp), null, null, (String)
10:47:16,584 [Thread-95] DEBUG org.activiti.engine.impl.persistence.entity.HistoricActivityInstanceEntity.bulkInsertHistoricActivityInstance  - &lt;==    Updates: 2
10:47:16,584 [Thread-95] DEBUG org.activiti.engine.impl.db.DbSqlSession  - inserting: ProcessInstance[268]
10:47:16,584 [Thread-95] DEBUG org.activiti.engine.impl.persistence.entity.ExecutionEntity.insertExecution  - ==&gt;  Preparing: insert into ACT_RU_EXECUTION (ID_, REV_, PROC_INST_ID_, BUSINESS_KEY_, PROC_DEF_ID_, ACT_ID_, IS_ACTIVE_, IS_CONCURRENT_, IS_SCOPE_,IS_EVENT_SCOPE_, PARENT_ID_, SUPER_EXEC_, SUSPENSION_STATE_, CACHED_ENT_STATE_, TENANT_ID_, NAME_) values ( ?, 1, ?, ?, ?, ?, ?, ?, ?, ?, ?, ?, ?, ?, ?, ? ) 
10:47:16,584 [Thread-95] DEBUG org.activiti.engine.impl.persistence.entity.ExecutionEntity.insertExecution  - ==&gt; Parameters: 268(String), 268(String), null, idGeneratorDataSource:1:3(String), javaService(String), true(Boolean), false(Boolean), true(Boolean), false(Boolean), null, null, 1(Integer), 2(Integer), (String), null
10:47:16,584 [Thread-95] DEBUG org.activiti.engine.impl.persistence.entity.ExecutionEntity.insertExecution  - &lt;==    Updates: 1
10:47:16,584 [Thread-95] DEBUG org.activiti.engine.impl.cfg.standalone.StandaloneMybatisTransactionContext  - firing event committing...
10:47:16,584 [Thread-95] DEBUG org.activiti.engine.impl.cfg.standalone.StandaloneMybatisTransactionContext  - committing the ibatis sql session...
10:47:16,584 [Thread-95] DEBUG org.apache.ibatis.transaction.jdbc.JdbcTransaction  - Committing JDBC Connection [conn55: url=jdbc:h2:mem:activiti user=SA]
10:47:16,584 [Thread-95] DEBUG org.activiti.engine.impl.cfg.standalone.StandaloneMybatisTransactionContext  - firing event committed...
10:47:16,584 [Thread-93] DEBUG org.activiti.engine.impl.persistence.entity.HistoricProcessInstanceEntity.insertHistoricProcessInstance  - &lt;==    Updates: 1
10:47:16,584 [Thread-95] DEBUG org.apache.ibatis.transaction.jdbc.JdbcTransaction  - Resetting autocommit to true on JDBC Connection [conn55: url=jdbc:h2:mem:activiti user=SA]
10:47:16,584 [Thread-95] DEBUG org.apache.ibatis.transaction.jdbc.JdbcTransaction  - Closing JDBC Connection [conn55: url=jdbc:h2:mem:activiti user=SA]
10:47:16,584 [Thread-95] DEBUG org.apache.ibatis.datasource.pooled.PooledDataSource  - Returned connection 14606730 to pool.
10:47:16,584 [Thread-95] DEBUG org.activiti.engine.impl.interceptor.LogInterceptor  - --- StartProcessInstanceCmd finished --------------------------------------------------------
10:47:16,584 [Thread-95] DEBUG org.activiti.engine.impl.interceptor.LogInterceptor  - 

10:47:16,584 [Thread-95] DEBUG org.activiti.engine.impl.interceptor.LogInterceptor  - 

10:47:16,584 [Thread-95] DEBUG org.activiti.engine.impl.interceptor.LogInterceptor  - --- starting StartProcessInstanceCmd --------------------------------------------------------
10:47:16,584 [Thread-97] DEBUG org.apache.ibatis.datasource.pooled.PooledDataSource  - Checked out connection 14606730 from pool.
10:47:16,584 [Thread-97] DEBUG org.apache.ibatis.transaction.jdbc.JdbcTransaction  - Setting autocommit to false on JDBC Connection [conn55: url=jdbc:h2:mem:activiti user=SA]
10:47:16,584 [Thread-93] DEBUG org.activiti.engine.impl.persistence.entity.HistoricActivityInstanceEntity.bulkInsertHistoricActivityInstance  - ==&gt;  Preparing: insert into ACT_HI_ACTINST ( ID_, PROC_DEF_ID_, PROC_INST_ID_, EXECUTION_ID_, ACT_ID_, TASK_ID_, CALL_PROC_INST_ID_, ACT_NAME_, ACT_TYPE_, ASSIGNEE_, START_TIME_, END_TIME_, DURATION_, TENANT_ID_ ) values (?, ?, ?, ?, ?, ?, ?, ?, ?, ?, ?, ?, ?, ?) , (?, ?, ?, ?, ?, ?, ?, ?, ?, ?, ?, ?, ?, ?) 
10:47:16,584 [Thread-97] DEBUG org.activiti.engine.impl.persistence.entity.ProcessDefinitionEntity.selectLatestProcessDefinitionByKey  - ==&gt;  Preparing: select * from ACT_RE_PROCDEF where KEY_ = ? and (TENANT_ID_ = &apos;&apos; or TENANT_ID_ is null) and VERSION_ = (select max(VERSION_) from ACT_RE_PROCDEF where KEY_ = ? and (TENANT_ID_ = &apos;&apos; or TENANT_ID_ is null)) 
10:47:16,584 [Thread-94] DEBUG org.apache.ibatis.datasource.pooled.PooledDataSource  - Waiting as long as 20000 milliseconds for connection.
10:47:16,584 [Thread-95] DEBUG org.apache.ibatis.transaction.jdbc.JdbcTransaction  - Opening JDBC Connection
10:47:16,585 [Thread-95] DEBUG org.apache.ibatis.datasource.pooled.PooledDataSource  - Waiting as long as 20000 milliseconds for connection.
10:47:16,585 [Thread-93] DEBUG org.activiti.engine.impl.persistence.entity.HistoricActivityInstanceEntity.bulkInsertHistoricActivityInstance  - ==&gt; Parameters: 271(String), idGeneratorDataSource:1:3(String), 269(String), 269(String), theStart(String), null, null, null, startEvent(String), null, 2015-01-01 00:00:00.0(Timestamp), 2015-01-01 00:00:00.0(Timestamp), 0(Long), (String), 273(String), idGeneratorDataSource:1:3(String), 269(String), 269(String), javaService(String), null, null, Java service invocation(String), serviceTask(String), null, 2015-01-01 00:00:00.0(Timestamp), null, null, (String)
10:47:16,585 [Thread-93] DEBUG org.activiti.engine.impl.persistence.entity.HistoricActivityInstanceEntity.bulkInsertHistoricActivityInstance  - &lt;==    Updates: 2
10:47:16,585 [Thread-93] DEBUG org.activiti.engine.impl.db.DbSqlSession  - inserting: ProcessInstance[269]
10:47:16,585 [Thread-97] DEBUG org.activiti.engine.impl.persistence.entity.ProcessDefinitionEntity.selectLatestProcessDefinitionByKey  - ==&gt; Parameters: idGeneratorDataSource(String), idGeneratorDataSource(String)
10:47:16,585 [Thread-93] DEBUG org.activiti.engine.impl.persistence.entity.ExecutionEntity.insertExecution  - ==&gt;  Preparing: insert into ACT_RU_EXECUTION (ID_, REV_, PROC_INST_ID_, BUSINESS_KEY_, PROC_DEF_ID_, ACT_ID_, IS_ACTIVE_, IS_CONCURRENT_, IS_SCOPE_,IS_EVENT_SCOPE_, PARENT_ID_, SUPER_EXEC_, SUSPENSION_STATE_, CACHED_ENT_STATE_, TENANT_ID_, NAME_) values ( ?, 1, ?, ?, ?, ?, ?, ?, ?, ?, ?, ?, ?, ?, ?, ? ) 
10:47:16,585 [Thread-93] DEBUG org.activiti.engine.impl.persistence.entity.ExecutionEntity.insertExecution  - ==&gt; Parameters: 269(String), 269(String), null, idGeneratorDataSource:1:3(String), javaService(String), true(Boolean), false(Boolean), true(Boolean), false(Boolean), null, null, 1(Integer), 2(Integer), (String), null
10:47:16,585 [Thread-97] DEBUG org.activiti.engine.impl.persistence.entity.ProcessDefinitionEntity.selectLatestProcessDefinitionByKey  - &lt;==      Total: 1
10:47:16,585 [Thread-93] DEBUG org.activiti.engine.impl.persistence.entity.ExecutionEntity.insertExecution  - &lt;==    Updates: 1
10:47:16,585 [Thread-93] DEBUG org.activiti.engine.impl.cfg.standalone.StandaloneMybatisTransactionContext  - firing event committing...
10:47:16,585 [Thread-93] DEBUG org.activiti.engine.impl.cfg.standalone.StandaloneMybatisTransactionContext  - committing the ibatis sql session...
10:47:16,585 [Thread-93] DEBUG org.apache.ibatis.transaction.jdbc.JdbcTransaction  - Committing JDBC Connection [conn53: url=jdbc:h2:mem:activiti user=SA]
10:47:16,585 [Thread-97] DEBUG org.activiti.engine.impl.interceptor.LogInterceptor  - 

10:47:16,585 [Thread-97] DEBUG org.activiti.engine.impl.interceptor.LogInterceptor  - --- starting GetNextIdBlockCmd --------------------------------------------------------
10:47:16,585 [Thread-93] DEBUG org.activiti.engine.impl.cfg.standalone.StandaloneMybatisTransactionContext  - firing event committed...
10:47:16,585 [Thread-93] DEBUG org.apache.ibatis.transaction.jdbc.JdbcTransaction  - Resetting autocommit to true on JDBC Connection [conn53: url=jdbc:h2:mem:activiti user=SA]
10:47:16,585 [Thread-93] DEBUG org.apache.ibatis.transaction.jdbc.JdbcTransaction  - Closing JDBC Connection [conn53: url=jdbc:h2:mem:activiti user=SA]
10:47:16,585 [Thread-93] DEBUG org.apache.ibatis.datasource.pooled.PooledDataSource  - Returned connection 826925275 to pool.
10:47:16,585 [Thread-97] DEBUG org.apache.ibatis.transaction.jdbc.JdbcTransaction  - Opening JDBC Connection
10:47:16,585 [Thread-97] DEBUG org.apache.ibatis.datasource.pooled.PooledDataSource  - Checked out connection 1094226572 from pool.
10:47:16,585 [Thread-97] DEBUG org.apache.ibatis.transaction.jdbc.JdbcTransaction  - Setting autocommit to false on JDBC Connection [conn54: url=jdbc:h2:mem:activiti user=SA]
10:47:16,585 [Thread-97] DEBUG org.activiti.engine.impl.persistence.entity.PropertyEntity.selectProperty  - ==&gt;  Preparing: select * from ACT_GE_PROPERTY where NAME_ = ? 
10:47:16,585 [Thread-95] DEBUG org.apache.ibatis.datasource.pooled.PooledDataSource  - Checked out connection 826925275 from pool.
10:47:16,585 [Thread-93] DEBUG org.activiti.engine.impl.interceptor.LogInterceptor  - --- StartProcessInstanceCmd finished --------------------------------------------------------
10:47:16,585 [Thread-93] DEBUG org.activiti.engine.impl.interceptor.LogInterceptor  - 

10:47:16,585 [Thread-94] DEBUG org.apache.ibatis.datasource.pooled.PooledDataSource  - Waiting as long as 20000 milliseconds for connection.
10:47:16,585 [Thread-95] DEBUG org.apache.ibatis.transaction.jdbc.JdbcTransaction  - Setting autocommit to false on JDBC Connection [conn53: url=jdbc:h2:mem:activiti user=SA]
10:47:16,585 [Thread-97] DEBUG org.activiti.engine.impl.persistence.entity.PropertyEntity.selectProperty  - ==&gt; Parameters: next.dbid(String)
10:47:16,585 [Thread-95] DEBUG org.activiti.engine.impl.persistence.entity.ProcessDefinitionEntity.selectLatestProcessDefinitionByKey  - ==&gt;  Preparing: select * from ACT_RE_PROCDEF where KEY_ = ? and (TENANT_ID_ = &apos;&apos; or TENANT_ID_ is null) and VERSION_ = (select max(VERSION_) from ACT_RE_PROCDEF where KEY_ = ? and (TENANT_ID_ = &apos;&apos; or TENANT_ID_ is null)) 
10:47:16,586 [Thread-97] DEBUG org.activiti.engine.impl.persistence.entity.PropertyEntity.selectProperty  - &lt;==      Total: 1
10:47:16,586 [Thread-97] DEBUG org.activiti.engine.impl.db.DbSqlSession  -   update PropertyEntity[name=next.dbid, value=277]
10:47:16,586 [Thread-97] DEBUG org.activiti.engine.impl.db.DbSqlSession  - flush summary: 0 insert, 1 update, 0 delete.
10:47:16,586 [Thread-97] DEBUG org.activiti.engine.impl.db.DbSqlSession  - now executing flush...
10:47:16,586 [Thread-97] DEBUG org.activiti.engine.impl.db.DbSqlSession  - updating: PropertyEntity[name=next.dbid, value=277]
10:47:16,586 [Thread-95] DEBUG org.activiti.engine.impl.persistence.entity.ProcessDefinitionEntity.selectLatestProcessDefinitionByKey  - ==&gt; Parameters: idGeneratorDataSource(String), idGeneratorDataSource(String)
10:47:16,586 [Thread-97] DEBUG org.activiti.engine.impl.persistence.entity.PropertyEntity.updateProperty  - ==&gt;  Preparing: update ACT_GE_PROPERTY SET REV_ = ?, VALUE_ = ? where NAME_ = ? and REV_ = ? 
10:47:16,586 [Thread-95] DEBUG org.activiti.engine.impl.persistence.entity.ProcessDefinitionEntity.selectLatestProcessDefinitionByKey  - &lt;==      Total: 1
10:47:16,586 [Thread-97] DEBUG org.activiti.engine.impl.persistence.entity.PropertyEntity.updateProperty  - ==&gt; Parameters: 93(Integer), 277(String), next.dbid(String), 92(Integer)
10:47:16,586 [Thread-97] DEBUG org.activiti.engine.impl.persistence.entity.PropertyEntity.updateProperty  - &lt;==    Updates: 1
10:47:16,586 [Thread-97] DEBUG org.activiti.engine.impl.cfg.standalone.StandaloneMybatisTransactionContext  - firing event committing...
10:47:16,586 [Thread-97] DEBUG org.activiti.engine.impl.cfg.standalone.StandaloneMybatisTransactionContext  - committing the ibatis sql session...
10:47:16,586 [Thread-97] DEBUG org.apache.ibatis.transaction.jdbc.JdbcTransaction  - Committing JDBC Connection [conn54: url=jdbc:h2:mem:activiti user=SA]
10:47:16,586 [Thread-97] DEBUG org.activiti.engine.impl.cfg.standalone.StandaloneMybatisTransactionContext  - firing event committed...
10:47:16,586 [Thread-97] DEBUG org.apache.ibatis.transaction.jdbc.JdbcTransaction  - Resetting autocommit to true on JDBC Connection [conn54: url=jdbc:h2:mem:activiti user=SA]
10:47:16,586 [Thread-97] DEBUG org.apache.ibatis.transaction.jdbc.JdbcTransaction  - Closing JDBC Connection [conn54: url=jdbc:h2:mem:activiti user=SA]
10:47:16,586 [Thread-97] DEBUG org.apache.ibatis.datasource.pooled.PooledDataSource  - Returned connection 1094226572 to pool.
10:47:16,586 [Thread-97] DEBUG org.activiti.engine.impl.interceptor.LogInterceptor  - --- GetNextIdBlockCmd finished --------------------------------------------------------
10:47:16,586 [Thread-97] DEBUG org.activiti.engine.impl.interceptor.LogInterceptor  - 

10:47:16,586 [Thread-97] DEBUG org.activiti.engine.impl.persistence.entity.ExecutionEntity  - initializing ProcessInstance[274]
10:47:16,586 [Thread-95] DEBUG org.activiti.engine.impl.persistence.entity.ExecutionEntity  - initializing ProcessInstance[275]
10:47:16,586 [Thread-97] DEBUG org.activiti.engine.impl.history.DefaultHistoryManager  - Current history level: FULL, level required: ACTIVITY
10:47:16,586 [Thread-95] DEBUG org.activiti.engine.impl.history.DefaultHistoryManager  - Current history level: FULL, level required: ACTIVITY
10:47:16,586 [Thread-97] DEBUG org.activiti.engine.impl.pvm.runtime.AtomicOperationActivityExecute  - ProcessInstance[274] executes Activity(theStart): org.activiti.engine.impl.bpmn.behavior.NoneStartEventActivityBehavior
10:47:16,586 [Thread-95] DEBUG org.activiti.engine.impl.interceptor.LogInterceptor  - 

10:47:16,586 [Thread-95] DEBUG org.activiti.engine.impl.interceptor.LogInterceptor  - --- starting GetNextIdBlockCmd --------------------------------------------------------
10:47:16,586 [Thread-97] DEBUG org.activiti.engine.impl.persistence.entity.JobEntity.selectJobsByExecutionId  - ==&gt;  Preparing: select * from ACT_RU_JOB J where J.EXECUTION_ID_ = ? 
10:47:16,586 [Thread-95] DEBUG org.apache.ibatis.transaction.jdbc.JdbcTransaction  - Opening JDBC Connection
10:47:16,586 [Thread-95] DEBUG org.apache.ibatis.datasource.pooled.PooledDataSource  - Checked out connection 1094226572 from pool.
10:47:16,586 [Thread-95] DEBUG org.apache.ibatis.transaction.jdbc.JdbcTransaction  - Setting autocommit to false on JDBC Connection [conn54: url=jdbc:h2:mem:activiti user=SA]
10:47:16,586 [Thread-97] DEBUG org.activiti.engine.impl.persistence.entity.JobEntity.selectJobsByExecutionId  - ==&gt; Parameters: 274(String)
10:47:16,586 [Thread-95] DEBUG org.activiti.engine.impl.persistence.entity.PropertyEntity.selectProperty  - ==&gt;  Preparing: select * from ACT_GE_PROPERTY where NAME_ = ? 
10:47:16,586 [Thread-97] DEBUG org.activiti.engine.impl.persistence.entity.JobEntity.selectJobsByExecutionId  - &lt;==      Total: 0
10:47:16,586 [Thread-95] DEBUG org.activiti.engine.impl.persistence.entity.PropertyEntity.selectProperty  - ==&gt; Parameters: next.dbid(String)
10:47:16,586 [Thread-97] DEBUG org.activiti.engine.impl.bpmn.behavior.BpmnActivityBehavior  - Leaving activity &apos;theStart&apos;
10:47:16,586 [Thread-95] DEBUG org.activiti.engine.impl.persistence.entity.PropertyEntity.selectProperty  - &lt;==      Total: 1
10:47:16,586 [Thread-97] DEBUG org.activiti.engine.impl.history.DefaultHistoryManager  - Current history level: FULL, level required: ACTIVITY
10:47:16,587 [Thread-95] DEBUG org.activiti.engine.impl.db.DbSqlSession  -   update PropertyEntity[name=next.dbid, value=280]
10:47:16,587 [Thread-95] DEBUG org.activiti.engine.impl.db.DbSqlSession  - flush summary: 0 insert, 1 update, 0 delete.
10:47:16,587 [Thread-95] DEBUG org.activiti.engine.impl.db.DbSqlSession  - now executing flush...
10:47:16,587 [Thread-95] DEBUG org.activiti.engine.impl.db.DbSqlSession  - updating: PropertyEntity[name=next.dbid, value=280]
10:47:16,587 [Thread-97] DEBUG org.activiti.engine.impl.pvm.runtime.AtomicOperationTransitionNotifyListenerTake  - ProcessInstance[274] takes transition (theStart)--flow1--&gt;(javaService)
10:47:16,587 [Thread-95] DEBUG org.activiti.engine.impl.persistence.entity.PropertyEntity.updateProperty  - ==&gt;  Preparing: update ACT_GE_PROPERTY SET REV_ = ?, VALUE_ = ? where NAME_ = ? and REV_ = ? 
10:47:16,587 [Thread-97] DEBUG org.activiti.engine.impl.history.DefaultHistoryManager  - Current history level: FULL, level required: ACTIVITY
10:47:16,587 [Thread-95] DEBUG org.activiti.engine.impl.persistence.entity.PropertyEntity.updateProperty  - ==&gt; Parameters: 94(Integer), 280(String), next.dbid(String), 93(Integer)
10:47:16,587 [Thread-95] DEBUG org.activiti.engine.impl.persistence.entity.PropertyEntity.updateProperty  - &lt;==    Updates: 1
10:47:16,587 [Thread-95] DEBUG org.activiti.engine.impl.cfg.standalone.StandaloneMybatisTransactionContext  - firing event committing...
10:47:16,587 [Thread-95] DEBUG org.activiti.engine.impl.cfg.standalone.StandaloneMybatisTransactionContext  - committing the ibatis sql session...
10:47:16,587 [Thread-95] DEBUG org.apache.ibatis.transaction.jdbc.JdbcTransaction  - Committing JDBC Connection [conn54: url=jdbc:h2:mem:activiti user=SA]
10:47:16,587 [Thread-95] DEBUG org.activiti.engine.impl.cfg.standalone.StandaloneMybatisTransactionContext  - firing event committed...
10:47:16,587 [Thread-95] DEBUG org.apache.ibatis.transaction.jdbc.JdbcTransaction  - Resetting autocommit to true on JDBC Connection [conn54: url=jdbc:h2:mem:activiti user=SA]
10:47:16,587 [Thread-95] DEBUG org.apache.ibatis.transaction.jdbc.JdbcTransaction  - Closing JDBC Connection [conn54: url=jdbc:h2:mem:activiti user=SA]
10:47:16,587 [Thread-95] DEBUG org.apache.ibatis.datasource.pooled.PooledDataSource  - Returned connection 1094226572 to pool.
10:47:16,587 [Thread-95] DEBUG org.activiti.engine.impl.interceptor.LogInterceptor  - --- GetNextIdBlockCmd finished --------------------------------------------------------
10:47:16,587 [Thread-95] DEBUG org.activiti.engine.impl.interceptor.LogInterceptor  - 

10:47:16,587 [Thread-97] DEBUG org.activiti.engine.impl.pvm.runtime.AtomicOperationActivityExecute  - ProcessInstance[274] executes Activity(javaService): org.activiti.engine.impl.bpmn.helper.ClassDelegate
10:47:16,587 [Thread-95] DEBUG org.activiti.engine.impl.pvm.runtime.AtomicOperationActivityExecute  - ProcessInstance[275] executes Activity(theStart): org.activiti.engine.impl.bpmn.behavior.NoneStartEventActivityBehavior
10:47:16,587 [Thread-97] DEBUG org.activiti.engine.impl.db.DbSqlSession  -   insert ProcessInstance[274]
10:47:16,587 [Thread-97] DEBUG org.activiti.engine.impl.db.DbSqlSession  -   insert HistoricProcessInstanceEntity[superProcessInstanceId=null]
10:47:16,587 [Thread-97] DEBUG org.activiti.engine.impl.db.DbSqlSession  -   insert HistoricActivityInstanceEntity[activityId=theStart, activityName=null]
10:47:16,587 [Thread-97] DEBUG org.activiti.engine.impl.db.DbSqlSession  -   insert HistoricActivityInstanceEntity[activityId=javaService, activityName=Java service invocation]
10:47:16,587 [Thread-97] DEBUG org.activiti.engine.impl.db.DbSqlSession  - flush summary: 4 insert, 0 update, 0 delete.
10:47:16,587 [Thread-97] DEBUG org.activiti.engine.impl.db.DbSqlSession  - now executing flush...
10:47:16,587 [Thread-97] DEBUG org.activiti.engine.impl.db.DbSqlSession  - inserting: HistoricProcessInstanceEntity[superProcessInstanceId=null]
10:47:16,587 [Thread-95] DEBUG org.activiti.engine.impl.persistence.entity.JobEntity.selectJobsByExecutionId  - ==&gt;  Preparing: select * from ACT_RU_JOB J where J.EXECUTION_ID_ = ? 
10:47:16,587 [Thread-97] DEBUG org.activiti.engine.impl.persistence.entity.HistoricProcessInstanceEntity.insertHistoricProcessInstance  - ==&gt;  Preparing: insert into ACT_HI_PROCINST ( ID_, PROC_INST_ID_, BUSINESS_KEY_, PROC_DEF_ID_, START_TIME_, END_TIME_, DURATION_, START_USER_ID_, START_ACT_ID_, END_ACT_ID_, SUPER_PROCESS_INSTANCE_ID_, DELETE_REASON_, TENANT_ID_, NAME_ ) values ( ?, ?, ?, ?, ?, ?, ?, ?, ?, ?, ?, ?, ?, ? ) 
10:47:16,587 [Thread-95] DEBUG org.activiti.engine.impl.persistence.entity.JobEntity.selectJobsByExecutionId  - ==&gt; Parameters: 275(String)
10:47:16,587 [Thread-97] DEBUG org.activiti.engine.impl.persistence.entity.HistoricProcessInstanceEntity.insertHistoricProcessInstance  - ==&gt; Parameters: 274(String), 274(String), null, idGeneratorDataSource:1:3(String), 2015-01-01 00:00:00.0(Timestamp), null, null, null, theStart(String), null, null, null, (String), null
10:47:16,587 [Thread-95] DEBUG org.activiti.engine.impl.persistence.entity.JobEntity.selectJobsByExecutionId  - &lt;==      Total: 0
10:47:16,587 [Thread-95] DEBUG org.activiti.engine.impl.bpmn.behavior.BpmnActivityBehavior  - Leaving activity &apos;theStart&apos;
10:47:16,587 [Thread-97] DEBUG org.activiti.engine.impl.persistence.entity.HistoricProcessInstanceEntity.insertHistoricProcessInstance  - &lt;==    Updates: 1
10:47:16,587 [Thread-95] DEBUG org.activiti.engine.impl.history.DefaultHistoryManager  - Current history level: FULL, level required: ACTIVITY
10:47:16,587 [Thread-95] DEBUG org.activiti.engine.impl.pvm.runtime.AtomicOperationTransitionNotifyListenerTake  - ProcessInstance[275] takes transition (theStart)--flow1--&gt;(javaService)
10:47:16,587 [Thread-95] DEBUG org.activiti.engine.impl.history.DefaultHistoryManager  - Current history level: FULL, level required: ACTIVITY
10:47:16,587 [Thread-97] DEBUG org.activiti.engine.impl.persistence.entity.HistoricActivityInstanceEntity.bulkInsertHistoricActivityInstance  - ==&gt;  Preparing: insert into ACT_HI_ACTINST ( ID_, PROC_DEF_ID_, PROC_INST_ID_, EXECUTION_ID_, ACT_ID_, TASK_ID_, CALL_PROC_INST_ID_, ACT_NAME_, ACT_TYPE_, ASSIGNEE_, START_TIME_, END_TIME_, DURATION_, TENANT_ID_ ) values (?, ?, ?, ?, ?, ?, ?, ?, ?, ?, ?, ?, ?, ?) , (?, ?, ?, ?, ?, ?, ?, ?, ?, ?, ?, ?, ?, ?) 
10:47:16,587 [Thread-95] DEBUG org.activiti.engine.impl.pvm.runtime.AtomicOperationActivityExecute  - ProcessInstance[275] executes Activity(javaService): org.activiti.engine.impl.bpmn.helper.ClassDelegate
10:47:16,588 [Thread-97] DEBUG org.activiti.engine.impl.persistence.entity.HistoricActivityInstanceEntity.bulkInsertHistoricActivityInstance  - ==&gt; Parameters: 276(String), idGeneratorDataSource:1:3(String), 274(String), 274(String), theStart(String), null, null, null, startEvent(String), null, 2015-01-01 00:00:00.0(Timestamp), 2015-01-01 00:00:00.0(Timestamp), 0(Long), (String), 278(String), idGeneratorDataSource:1:3(String), 274(String), 274(String), javaService(String), null, null, Java service invocation(String), serviceTask(String), null, 2015-01-01 00:00:00.0(Timestamp), null, null, (String)
10:47:16,588 [Thread-95] DEBUG org.activiti.engine.impl.db.DbSqlSession  -   insert ProcessInstance[275]
10:47:16,588 [Thread-95] DEBUG org.activiti.engine.impl.db.DbSqlSession  -   insert HistoricProcessInstanceEntity[superProcessInstanceId=null]
10:47:16,588 [Thread-95] DEBUG org.activiti.engine.impl.db.DbSqlSession  -   insert HistoricActivityInstanceEntity[activityId=theStart, activityName=null]
10:47:16,588 [Thread-95] DEBUG org.activiti.engine.impl.db.DbSqlSession  -   insert HistoricActivityInstanceEntity[activityId=javaService, activityName=Java service invocation]
10:47:16,588 [Thread-95] DEBUG org.activiti.engine.impl.db.DbSqlSession  - flush summary: 4 insert, 0 update, 0 delete.
10:47:16,588 [Thread-95] DEBUG org.activiti.engine.impl.db.DbSqlSession  - now executing flush...
10:47:16,588 [Thread-95] DEBUG org.activiti.engine.impl.db.DbSqlSession  - inserting: HistoricProcessInstanceEntity[superProcessInstanceId=null]
10:47:16,588 [Thread-97] DEBUG org.activiti.engine.impl.persistence.entity.HistoricActivityInstanceEntity.bulkInsertHistoricActivityInstance  - &lt;==    Updates: 2
10:47:16,588 [Thread-97] DEBUG org.activiti.engine.impl.db.DbSqlSession  - inserting: ProcessInstance[274]
10:47:16,588 [Thread-95] DEBUG org.activiti.engine.impl.persistence.entity.HistoricProcessInstanceEntity.insertHistoricProcessInstance  - ==&gt;  Preparing: insert into ACT_HI_PROCINST ( ID_, PROC_INST_ID_, BUSINESS_KEY_, PROC_DEF_ID_, START_TIME_, END_TIME_, DURATION_, START_USER_ID_, START_ACT_ID_, END_ACT_ID_, SUPER_PROCESS_INSTANCE_ID_, DELETE_REASON_, TENANT_ID_, NAME_ ) values ( ?, ?, ?, ?, ?, ?, ?, ?, ?, ?, ?, ?, ?, ? ) 
10:47:16,588 [Thread-97] DEBUG org.activiti.engine.impl.persistence.entity.ExecutionEntity.insertExecution  - ==&gt;  Preparing: insert into ACT_RU_EXECUTION (ID_, REV_, PROC_INST_ID_, BUSINESS_KEY_, PROC_DEF_ID_, ACT_ID_, IS_ACTIVE_, IS_CONCURRENT_, IS_SCOPE_,IS_EVENT_SCOPE_, PARENT_ID_, SUPER_EXEC_, SUSPENSION_STATE_, CACHED_ENT_STATE_, TENANT_ID_, NAME_) values ( ?, 1, ?, ?, ?, ?, ?, ?, ?, ?, ?, ?, ?, ?, ?, ? ) 
10:47:16,588 [Thread-95] DEBUG org.activiti.engine.impl.persistence.entity.HistoricProcessInstanceEntity.insertHistoricProcessInstance  - ==&gt; Parameters: 275(String), 275(String), null, idGeneratorDataSource:1:3(String), 2015-01-01 00:00:00.0(Timestamp), null, null, null, theStart(String), null, null, null, (String), null
10:47:16,588 [Thread-97] DEBUG org.activiti.engine.impl.persistence.entity.ExecutionEntity.insertExecution  - ==&gt; Parameters: 274(String), 274(String), null, idGeneratorDataSource:1:3(String), javaService(String), true(Boolean), false(Boolean), true(Boolean), false(Boolean), null, null, 1(Integer), 2(Integer), (String), null
10:47:16,588 [Thread-97] DEBUG org.activiti.engine.impl.persistence.entity.ExecutionEntity.insertExecution  - &lt;==    Updates: 1
10:47:16,588 [Thread-97] DEBUG org.activiti.engine.impl.cfg.standalone.StandaloneMybatisTransactionContext  - firing event committing...
10:47:16,588 [Thread-97] DEBUG org.activiti.engine.impl.cfg.standalone.StandaloneMybatisTransactionContext  - committing the ibatis sql session...
10:47:16,588 [Thread-97] DEBUG org.apache.ibatis.transaction.jdbc.JdbcTransaction  - Committing JDBC Connection [conn55: url=jdbc:h2:mem:activiti user=SA]
10:47:16,588 [Thread-97] DEBUG org.activiti.engine.impl.cfg.standalone.StandaloneMybatisTransactionContext  - firing event committed...
10:47:16,588 [Thread-97] DEBUG org.apache.ibatis.transaction.jdbc.JdbcTransaction  - Resetting autocommit to true on JDBC Connection [conn55: url=jdbc:h2:mem:activiti user=SA]
10:47:16,588 [Thread-97] DEBUG org.apache.ibatis.transaction.jdbc.JdbcTransaction  - Closing JDBC Connection [conn55: url=jdbc:h2:mem:activiti user=SA]
10:47:16,588 [Thread-97] DEBUG org.apache.ibatis.datasource.pooled.PooledDataSource  - Returned connection 14606730 to pool.
10:47:16,588 [Thread-95] DEBUG org.activiti.engine.impl.persistence.entity.HistoricProcessInstanceEntity.insertHistoricProcessInstance  - &lt;==    Updates: 1
10:47:16,588 [Thread-94] DEBUG org.apache.ibatis.datasource.pooled.PooledDataSource  - Checked out connection 14606730 from pool.
10:47:16,588 [Thread-97] DEBUG org.activiti.engine.impl.interceptor.LogInterceptor  - --- StartProcessInstanceCmd finished --------------------------------------------------------
10:47:16,588 [Thread-97] DEBUG org.activiti.engine.impl.interceptor.LogInterceptor  - 

10:47:16,588 [Thread-94] DEBUG org.apache.ibatis.transaction.jdbc.JdbcTransaction  - Setting autocommit to false on JDBC Connection [conn55: url=jdbc:h2:mem:activiti user=SA]
10:47:16,588 [Thread-95] DEBUG org.activiti.engine.impl.persistence.entity.HistoricActivityInstanceEntity.bulkInsertHistoricActivityInstance  - ==&gt;  Preparing: insert into ACT_HI_ACTINST ( ID_, PROC_DEF_ID_, PROC_INST_ID_, EXECUTION_ID_, ACT_ID_, TASK_ID_, CALL_PROC_INST_ID_, ACT_NAME_, ACT_TYPE_, ASSIGNEE_, START_TIME_, END_TIME_, DURATION_, TENANT_ID_ ) values (?, ?, ?, ?, ?, ?, ?, ?, ?, ?, ?, ?, ?, ?) , (?, ?, ?, ?, ?, ?, ?, ?, ?, ?, ?, ?, ?, ?) 
10:47:16,588 [Thread-94] DEBUG org.activiti.engine.impl.persistence.entity.ProcessDefinitionEntity.selectLatestProcessDefinitionByKey  - ==&gt;  Preparing: select * from ACT_RE_PROCDEF where KEY_ = ? and (TENANT_ID_ = &apos;&apos; or TENANT_ID_ is null) and VERSION_ = (select max(VERSION_) from ACT_RE_PROCDEF where KEY_ = ? and (TENANT_ID_ = &apos;&apos; or TENANT_ID_ is null)) 
10:47:16,588 [Thread-94] DEBUG org.activiti.engine.impl.persistence.entity.ProcessDefinitionEntity.selectLatestProcessDefinitionByKey  - ==&gt; Parameters: idGeneratorDataSource(String), idGeneratorDataSource(String)
10:47:16,588 [Thread-95] DEBUG org.activiti.engine.impl.persistence.entity.HistoricActivityInstanceEntity.bulkInsertHistoricActivityInstance  - ==&gt; Parameters: 277(String), idGeneratorDataSource:1:3(String), 275(String), 275(String), theStart(String), null, null, null, startEvent(String), null, 2015-01-01 00:00:00.0(Timestamp), 2015-01-01 00:00:00.0(Timestamp), 0(Long), (String), 279(String), idGeneratorDataSource:1:3(String), 275(String), 275(String), javaService(String), null, null, Java service invocation(String), serviceTask(String), null, 2015-01-01 00:00:00.0(Timestamp), null, null, (String)
10:47:16,588 [Thread-94] DEBUG org.activiti.engine.impl.persistence.entity.ProcessDefinitionEntity.selectLatestProcessDefinitionByKey  - &lt;==      Total: 1
10:47:16,588 [Thread-95] DEBUG org.activiti.engine.impl.persistence.entity.HistoricActivityInstanceEntity.bulkInsertHistoricActivityInstance  - &lt;==    Updates: 2
10:47:16,588 [Thread-95] DEBUG org.activiti.engine.impl.db.DbSqlSession  - inserting: ProcessInstance[275]
10:47:16,588 [Thread-94] DEBUG org.activiti.engine.impl.interceptor.LogInterceptor  - 

10:47:16,589 [Thread-94] DEBUG org.activiti.engine.impl.interceptor.LogInterceptor  - --- starting GetNextIdBlockCmd --------------------------------------------------------
10:47:16,589 [Thread-95] DEBUG org.activiti.engine.impl.persistence.entity.ExecutionEntity.insertExecution  - ==&gt;  Preparing: insert into ACT_RU_EXECUTION (ID_, REV_, PROC_INST_ID_, BUSINESS_KEY_, PROC_DEF_ID_, ACT_ID_, IS_ACTIVE_, IS_CONCURRENT_, IS_SCOPE_,IS_EVENT_SCOPE_, PARENT_ID_, SUPER_EXEC_, SUSPENSION_STATE_, CACHED_ENT_STATE_, TENANT_ID_, NAME_) values ( ?, 1, ?, ?, ?, ?, ?, ?, ?, ?, ?, ?, ?, ?, ?, ? ) 
10:47:16,589 [Thread-94] DEBUG org.apache.ibatis.transaction.jdbc.JdbcTransaction  - Opening JDBC Connection
10:47:16,589 [Thread-94] DEBUG org.apache.ibatis.datasource.pooled.PooledDataSource  - Checked out connection 1094226572 from pool.
10:47:16,589 [Thread-94] DEBUG org.apache.ibatis.transaction.jdbc.JdbcTransaction  - Setting autocommit to false on JDBC Connection [conn54: url=jdbc:h2:mem:activiti user=SA]
10:47:16,589 [Thread-94] DEBUG org.activiti.engine.impl.persistence.entity.PropertyEntity.selectProperty  - ==&gt;  Preparing: select * from ACT_GE_PROPERTY where NAME_ = ? 
10:47:16,589 [Thread-95] DEBUG org.activiti.engine.impl.persistence.entity.ExecutionEntity.insertExecution  - ==&gt; Parameters: 275(String), 275(String), null, idGeneratorDataSource:1:3(String), javaService(String), true(Boolean), false(Boolean), true(Boolean), false(Boolean), null, null, 1(Integer), 2(Integer), (String), null
10:47:16,589 [Thread-94] DEBUG org.activiti.engine.impl.persistence.entity.PropertyEntity.selectProperty  - ==&gt; Parameters: next.dbid(String)
10:47:16,589 [Thread-95] DEBUG org.activiti.engine.impl.persistence.entity.ExecutionEntity.insertExecution  - &lt;==    Updates: 1
10:47:16,589 [Thread-95] DEBUG org.activiti.engine.impl.cfg.standalone.StandaloneMybatisTransactionContext  - firing event committing...
10:47:16,589 [Thread-95] DEBUG org.activiti.engine.impl.cfg.standalone.StandaloneMybatisTransactionContext  - committing the ibatis sql session...
10:47:16,589 [Thread-95] DEBUG org.apache.ibatis.transaction.jdbc.JdbcTransaction  - Committing JDBC Connection [conn53: url=jdbc:h2:mem:activiti user=SA]
10:47:16,589 [Thread-94] DEBUG org.activiti.engine.impl.persistence.entity.PropertyEntity.selectProperty  - &lt;==      Total: 1
10:47:16,589 [Thread-95] DEBUG org.activiti.engine.impl.cfg.standalone.StandaloneMybatisTransactionContext  - firing event committed...
10:47:16,589 [Thread-95] DEBUG org.apache.ibatis.transaction.jdbc.JdbcTransaction  - Resetting autocommit to true on JDBC Connection [conn53: url=jdbc:h2:mem:activiti user=SA]
10:47:16,589 [Thread-95] DEBUG org.apache.ibatis.transaction.jdbc.JdbcTransaction  - Closing JDBC Connection [conn53: url=jdbc:h2:mem:activiti user=SA]
10:47:16,589 [Thread-95] DEBUG org.apache.ibatis.datasource.pooled.PooledDataSource  - Returned connection 826925275 to pool.
10:47:16,589 [Thread-95] DEBUG org.activiti.engine.impl.interceptor.LogInterceptor  - --- StartProcessInstanceCmd finished --------------------------------------------------------
10:47:16,589 [Thread-95] DEBUG org.activiti.engine.impl.interceptor.LogInterceptor  - 

10:47:16,589 [Thread-95] DEBUG org.activiti.engine.impl.interceptor.LogInterceptor  - 

10:47:16,589 [Thread-95] DEBUG org.activiti.engine.impl.interceptor.LogInterceptor  - --- starting StartProcessInstanceCmd --------------------------------------------------------
10:47:16,589 [Thread-94] DEBUG org.activiti.engine.impl.db.DbSqlSession  -   update PropertyEntity[name=next.dbid, value=283]
10:47:16,589 [Thread-94] DEBUG org.activiti.engine.impl.db.DbSqlSession  - flush summary: 0 insert, 1 update, 0 delete.
10:47:16,589 [Thread-94] DEBUG org.activiti.engine.impl.db.DbSqlSession  - now executing flush...
10:47:16,589 [Thread-94] DEBUG org.activiti.engine.impl.db.DbSqlSession  - updating: PropertyEntity[name=next.dbid, value=283]
10:47:16,589 [Thread-95] DEBUG org.apache.ibatis.transaction.jdbc.JdbcTransaction  - Opening JDBC Connection
10:47:16,589 [Thread-95] DEBUG org.apache.ibatis.datasource.pooled.PooledDataSource  - Checked out connection 826925275 from pool.
10:47:16,589 [Thread-95] DEBUG org.apache.ibatis.transaction.jdbc.JdbcTransaction  - Setting autocommit to false on JDBC Connection [conn53: url=jdbc:h2:mem:activiti user=SA]
10:47:16,589 [Thread-94] DEBUG org.activiti.engine.impl.persistence.entity.PropertyEntity.updateProperty  - ==&gt;  Preparing: update ACT_GE_PROPERTY SET REV_ = ?, VALUE_ = ? where NAME_ = ? and REV_ = ? 
10:47:16,589 [Thread-95] DEBUG org.activiti.engine.impl.persistence.entity.ProcessDefinitionEntity.selectLatestProcessDefinitionByKey  - ==&gt;  Preparing: select * from ACT_RE_PROCDEF where KEY_ = ? and (TENANT_ID_ = &apos;&apos; or TENANT_ID_ is null) and VERSION_ = (select max(VERSION_) from ACT_RE_PROCDEF where KEY_ = ? and (TENANT_ID_ = &apos;&apos; or TENANT_ID_ is null)) 
10:47:16,589 [Thread-94] DEBUG org.activiti.engine.impl.persistence.entity.PropertyEntity.updateProperty  - ==&gt; Parameters: 95(Integer), 283(String), next.dbid(String), 94(Integer)
10:47:16,589 [Thread-95] DEBUG org.activiti.engine.impl.persistence.entity.ProcessDefinitionEntity.selectLatestProcessDefinitionByKey  - ==&gt; Parameters: idGeneratorDataSource(String), idGeneratorDataSource(String)
10:47:16,589 [Thread-94] DEBUG org.activiti.engine.impl.persistence.entity.PropertyEntity.updateProperty  - &lt;==    Updates: 1
10:47:16,589 [Thread-94] DEBUG org.activiti.engine.impl.cfg.standalone.StandaloneMybatisTransactionContext  - firing event committing...
10:47:16,589 [Thread-94] DEBUG org.activiti.engine.impl.cfg.standalone.StandaloneMybatisTransactionContext  - committing the ibatis sql session...
10:47:16,589 [Thread-94] DEBUG org.apache.ibatis.transaction.jdbc.JdbcTransaction  - Committing JDBC Connection [conn54: url=jdbc:h2:mem:activiti user=SA]
10:47:16,589 [Thread-94] DEBUG org.activiti.engine.impl.cfg.standalone.StandaloneMybatisTransactionContext  - firing event committed...
10:47:16,589 [Thread-94] DEBUG org.apache.ibatis.transaction.jdbc.JdbcTransaction  - Resetting autocommit to true on JDBC Connection [conn54: url=jdbc:h2:mem:activiti user=SA]
10:47:16,590 [Thread-94] DEBUG org.apache.ibatis.transaction.jdbc.JdbcTransaction  - Closing JDBC Connection [conn54: url=jdbc:h2:mem:activiti user=SA]
10:47:16,589 [Thread-95] DEBUG org.activiti.engine.impl.persistence.entity.ProcessDefinitionEntity.selectLatestProcessDefinitionByKey  - &lt;==      Total: 1
10:47:16,590 [Thread-94] DEBUG org.apache.ibatis.datasource.pooled.PooledDataSource  - Returned connection 1094226572 to pool.
10:47:16,590 [Thread-94] DEBUG org.activiti.engine.impl.interceptor.LogInterceptor  - --- GetNextIdBlockCmd finished --------------------------------------------------------
10:47:16,590 [Thread-94] DEBUG org.activiti.engine.impl.interceptor.LogInterceptor  - 

10:47:16,590 [Thread-94] DEBUG org.activiti.engine.impl.persistence.entity.ExecutionEntity  - initializing ProcessInstance[280]
10:47:16,590 [Thread-95] DEBUG org.activiti.engine.impl.persistence.entity.ExecutionEntity  - initializing ProcessInstance[281]
10:47:16,590 [Thread-94] DEBUG org.activiti.engine.impl.history.DefaultHistoryManager  - Current history level: FULL, level required: ACTIVITY
10:47:16,590 [Thread-95] DEBUG org.activiti.engine.impl.history.DefaultHistoryManager  - Current history level: FULL, level required: ACTIVITY
10:47:16,590 [Thread-94] DEBUG org.activiti.engine.impl.pvm.runtime.AtomicOperationActivityExecute  - ProcessInstance[280] executes Activity(theStart): org.activiti.engine.impl.bpmn.behavior.NoneStartEventActivityBehavior
10:47:16,590 [Thread-95] DEBUG org.activiti.engine.impl.interceptor.LogInterceptor  - 

10:47:16,590 [Thread-95] DEBUG org.activiti.engine.impl.interceptor.LogInterceptor  - --- starting GetNextIdBlockCmd --------------------------------------------------------
10:47:16,590 [Thread-94] DEBUG org.activiti.engine.impl.persistence.entity.JobEntity.selectJobsByExecutionId  - ==&gt;  Preparing: select * from ACT_RU_JOB J where J.EXECUTION_ID_ = ? 
10:47:16,590 [Thread-95] DEBUG org.apache.ibatis.transaction.jdbc.JdbcTransaction  - Opening JDBC Connection
10:47:16,590 [Thread-95] DEBUG org.apache.ibatis.datasource.pooled.PooledDataSource  - Checked out connection 1094226572 from pool.
10:47:16,590 [Thread-95] DEBUG org.apache.ibatis.transaction.jdbc.JdbcTransaction  - Setting autocommit to false on JDBC Connection [conn54: url=jdbc:h2:mem:activiti user=SA]
10:47:16,590 [Thread-95] DEBUG org.activiti.engine.impl.persistence.entity.PropertyEntity.selectProperty  - ==&gt;  Preparing: select * from ACT_GE_PROPERTY where NAME_ = ? 
10:47:16,590 [Thread-94] DEBUG org.activiti.engine.impl.persistence.entity.JobEntity.selectJobsByExecutionId  - ==&gt; Parameters: 280(String)
10:47:16,590 [Thread-95] DEBUG org.activiti.engine.impl.persistence.entity.PropertyEntity.selectProperty  - ==&gt; Parameters: next.dbid(String)
10:47:16,590 [Thread-94] DEBUG org.activiti.engine.impl.persistence.entity.JobEntity.selectJobsByExecutionId  - &lt;==      Total: 0
10:47:16,590 [Thread-94] DEBUG org.activiti.engine.impl.bpmn.behavior.BpmnActivityBehavior  - Leaving activity &apos;theStart&apos;
10:47:16,590 [Thread-95] DEBUG org.activiti.engine.impl.persistence.entity.PropertyEntity.selectProperty  - &lt;==      Total: 1
10:47:16,590 [Thread-94] DEBUG org.activiti.engine.impl.history.DefaultHistoryManager  - Current history level: FULL, level required: ACTIVITY
10:47:16,590 [Thread-95] DEBUG org.activiti.engine.impl.db.DbSqlSession  -   update PropertyEntity[name=next.dbid, value=286]
10:47:16,590 [Thread-95] DEBUG org.activiti.engine.impl.db.DbSqlSession  - flush summary: 0 insert, 1 update, 0 delete.
10:47:16,590 [Thread-95] DEBUG org.activiti.engine.impl.db.DbSqlSession  - now executing flush...
10:47:16,590 [Thread-94] DEBUG org.activiti.engine.impl.pvm.runtime.AtomicOperationTransitionNotifyListenerTake  - ProcessInstance[280] takes transition (theStart)--flow1--&gt;(javaService)
10:47:16,590 [Thread-95] DEBUG org.activiti.engine.impl.db.DbSqlSession  - updating: PropertyEntity[name=next.dbid, value=286]
10:47:16,590 [Thread-94] DEBUG org.activiti.engine.impl.history.DefaultHistoryManager  - Current history level: FULL, level required: ACTIVITY
10:47:16,590 [Thread-95] DEBUG org.activiti.engine.impl.persistence.entity.PropertyEntity.updateProperty  - ==&gt;  Preparing: update ACT_GE_PROPERTY SET REV_ = ?, VALUE_ = ? where NAME_ = ? and REV_ = ? 
10:47:16,590 [Thread-95] DEBUG org.activiti.engine.impl.persistence.entity.PropertyEntity.updateProperty  - ==&gt; Parameters: 96(Integer), 286(String), next.dbid(String), 95(Integer)
10:47:16,590 [Thread-95] DEBUG org.activiti.engine.impl.persistence.entity.PropertyEntity.updateProperty  - &lt;==    Updates: 1
10:47:16,590 [Thread-95] DEBUG org.activiti.engine.impl.cfg.standalone.StandaloneMybatisTransactionContext  - firing event committing...
10:47:16,591 [Thread-95] DEBUG org.activiti.engine.impl.cfg.standalone.StandaloneMybatisTransactionContext  - committing the ibatis sql session...
10:47:16,591 [Thread-95] DEBUG org.apache.ibatis.transaction.jdbc.JdbcTransaction  - Committing JDBC Connection [conn54: url=jdbc:h2:mem:activiti user=SA]
10:47:16,591 [Thread-95] DEBUG org.activiti.engine.impl.cfg.standalone.StandaloneMybatisTransactionContext  - firing event committed...
10:47:16,591 [Thread-95] DEBUG org.apache.ibatis.transaction.jdbc.JdbcTransaction  - Resetting autocommit to true on JDBC Connection [conn54: url=jdbc:h2:mem:activiti user=SA]
10:47:16,591 [Thread-95] DEBUG org.apache.ibatis.transaction.jdbc.JdbcTransaction  - Closing JDBC Connection [conn54: url=jdbc:h2:mem:activiti user=SA]
10:47:16,591 [Thread-95] DEBUG org.apache.ibatis.datasource.pooled.PooledDataSource  - Returned connection 1094226572 to pool.
10:47:16,591 [Thread-95] DEBUG org.activiti.engine.impl.interceptor.LogInterceptor  - --- GetNextIdBlockCmd finished --------------------------------------------------------
10:47:16,591 [Thread-95] DEBUG org.activiti.engine.impl.interceptor.LogInterceptor  - 

10:47:16,591 [Thread-95] DEBUG org.activiti.engine.impl.pvm.runtime.AtomicOperationActivityExecute  - ProcessInstance[281] executes Activity(theStart): org.activiti.engine.impl.bpmn.behavior.NoneStartEventActivityBehavior
10:47:16,591 [Thread-94] DEBUG org.activiti.engine.impl.pvm.runtime.AtomicOperationActivityExecute  - ProcessInstance[280] executes Activity(javaService): org.activiti.engine.impl.bpmn.helper.ClassDelegate
10:47:16,591 [Thread-95] DEBUG org.activiti.engine.impl.persistence.entity.JobEntity.selectJobsByExecutionId  - ==&gt;  Preparing: select * from ACT_RU_JOB J where J.EXECUTION_ID_ = ? 
10:47:16,591 [Thread-94] DEBUG org.activiti.engine.impl.db.DbSqlSession  -   insert ProcessInstance[280]
10:47:16,591 [Thread-94] DEBUG org.activiti.engine.impl.db.DbSqlSession  -   insert HistoricProcessInstanceEntity[superProcessInstanceId=null]
10:47:16,591 [Thread-94] DEBUG org.activiti.engine.impl.db.DbSqlSession  -   insert HistoricActivityInstanceEntity[activityId=theStart, activityName=null]
10:47:16,591 [Thread-94] DEBUG org.activiti.engine.impl.db.DbSqlSession  -   insert HistoricActivityInstanceEntity[activityId=javaService, activityName=Java service invocation]
10:47:16,591 [Thread-94] DEBUG org.activiti.engine.impl.db.DbSqlSession  - flush summary: 4 insert, 0 update, 0 delete.
10:47:16,591 [Thread-94] DEBUG org.activiti.engine.impl.db.DbSqlSession  - now executing flush...
10:47:16,591 [Thread-94] DEBUG org.activiti.engine.impl.db.DbSqlSession  - inserting: HistoricProcessInstanceEntity[superProcessInstanceId=null]
10:47:16,591 [Thread-95] DEBUG org.activiti.engine.impl.persistence.entity.JobEntity.selectJobsByExecutionId  - ==&gt; Parameters: 281(String)
10:47:16,591 [Thread-94] DEBUG org.activiti.engine.impl.persistence.entity.HistoricProcessInstanceEntity.insertHistoricProcessInstance  - ==&gt;  Preparing: insert into ACT_HI_PROCINST ( ID_, PROC_INST_ID_, BUSINESS_KEY_, PROC_DEF_ID_, START_TIME_, END_TIME_, DURATION_, START_USER_ID_, START_ACT_ID_, END_ACT_ID_, SUPER_PROCESS_INSTANCE_ID_, DELETE_REASON_, TENANT_ID_, NAME_ ) values ( ?, ?, ?, ?, ?, ?, ?, ?, ?, ?, ?, ?, ?, ? ) 
10:47:16,591 [Thread-95] DEBUG org.activiti.engine.impl.persistence.entity.JobEntity.selectJobsByExecutionId  - &lt;==      Total: 0
10:47:16,591 [Thread-95] DEBUG org.activiti.engine.impl.bpmn.behavior.BpmnActivityBehavior  - Leaving activity &apos;theStart&apos;
10:47:16,591 [Thread-94] DEBUG org.activiti.engine.impl.persistence.entity.HistoricProcessInstanceEntity.insertHistoricProcessInstance  - ==&gt; Parameters: 280(String), 280(String), null, idGeneratorDataSource:1:3(String), 2015-01-01 00:00:00.0(Timestamp), null, null, null, theStart(String), null, null, null, (String), null
10:47:16,591 [Thread-95] DEBUG org.activiti.engine.impl.history.DefaultHistoryManager  - Current history level: FULL, level required: ACTIVITY
10:47:16,591 [Thread-94] DEBUG org.activiti.engine.impl.persistence.entity.HistoricProcessInstanceEntity.insertHistoricProcessInstance  - &lt;==    Updates: 1
10:47:16,591 [Thread-95] DEBUG org.activiti.engine.impl.pvm.runtime.AtomicOperationTransitionNotifyListenerTake  - ProcessInstance[281] takes transition (theStart)--flow1--&gt;(javaService)
10:47:16,591 [Thread-95] DEBUG org.activiti.engine.impl.history.DefaultHistoryManager  - Current history level: FULL, level required: ACTIVITY
10:47:16,591 [Thread-95] DEBUG org.activiti.engine.impl.pvm.runtime.AtomicOperationActivityExecute  - ProcessInstance[281] executes Activity(javaService): org.activiti.engine.impl.bpmn.helper.ClassDelegate
10:47:16,591 [Thread-94] DEBUG org.activiti.engine.impl.persistence.entity.HistoricActivityInstanceEntity.bulkInsertHistoricActivityInstance  - ==&gt;  Preparing: insert into ACT_HI_ACTINST ( ID_, PROC_DEF_ID_, PROC_INST_ID_, EXECUTION_ID_, ACT_ID_, TASK_ID_, CALL_PROC_INST_ID_, ACT_NAME_, ACT_TYPE_, ASSIGNEE_, START_TIME_, END_TIME_, DURATION_, TENANT_ID_ ) values (?, ?, ?, ?, ?, ?, ?, ?, ?, ?, ?, ?, ?, ?) , (?, ?, ?, ?, ?, ?, ?, ?, ?, ?, ?, ?, ?, ?) 
10:47:16,591 [Thread-95] DEBUG org.activiti.engine.impl.db.DbSqlSession  -   insert ProcessInstance[281]
10:47:16,591 [Thread-95] DEBUG org.activiti.engine.impl.db.DbSqlSession  -   insert HistoricProcessInstanceEntity[superProcessInstanceId=null]
10:47:16,591 [Thread-94] DEBUG org.activiti.engine.impl.persistence.entity.HistoricActivityInstanceEntity.bulkInsertHistoricActivityInstance  - ==&gt; Parameters: 282(String), idGeneratorDataSource:1:3(String), 280(String), 280(String), theStart(String), null, null, null, startEvent(String), null, 2015-01-01 00:00:00.0(Timestamp), 2015-01-01 00:00:00.0(Timestamp), 0(Long), (String), 284(String), idGeneratorDataSource:1:3(String), 280(String), 280(String), javaService(String), null, null, Java service invocation(String), serviceTask(String), null, 2015-01-01 00:00:00.0(Timestamp), null, null, (String)
10:47:16,591 [Thread-95] DEBUG org.activiti.engine.impl.db.DbSqlSession  -   insert HistoricActivityInstanceEntity[activityId=theStart, activityName=null]
10:47:16,591 [Thread-95] DEBUG org.activiti.engine.impl.db.DbSqlSession  -   insert HistoricActivityInstanceEntity[activityId=javaService, activityName=Java service invocation]
10:47:16,591 [Thread-95] DEBUG org.activiti.engine.impl.db.DbSqlSession  - flush summary: 4 insert, 0 update, 0 delete.
10:47:16,591 [Thread-95] DEBUG org.activiti.engine.impl.db.DbSqlSession  - now executing flush...
10:47:16,591 [Thread-95] DEBUG org.activiti.engine.impl.db.DbSqlSession  - inserting: HistoricProcessInstanceEntity[superProcessInstanceId=null]
10:47:16,591 [Thread-94] DEBUG org.activiti.engine.impl.persistence.entity.HistoricActivityInstanceEntity.bulkInsertHistoricActivityInstance  - &lt;==    Updates: 2
10:47:16,592 [Thread-94] DEBUG org.activiti.engine.impl.db.DbSqlSession  - inserting: ProcessInstance[280]
10:47:16,591 [Thread-95] DEBUG org.activiti.engine.impl.persistence.entity.HistoricProcessInstanceEntity.insertHistoricProcessInstance  - ==&gt;  Preparing: insert into ACT_HI_PROCINST ( ID_, PROC_INST_ID_, BUSINESS_KEY_, PROC_DEF_ID_, START_TIME_, END_TIME_, DURATION_, START_USER_ID_, START_ACT_ID_, END_ACT_ID_, SUPER_PROCESS_INSTANCE_ID_, DELETE_REASON_, TENANT_ID_, NAME_ ) values ( ?, ?, ?, ?, ?, ?, ?, ?, ?, ?, ?, ?, ?, ? ) 
10:47:16,592 [Thread-94] DEBUG org.activiti.engine.impl.persistence.entity.ExecutionEntity.insertExecution  - ==&gt;  Preparing: insert into ACT_RU_EXECUTION (ID_, REV_, PROC_INST_ID_, BUSINESS_KEY_, PROC_DEF_ID_, ACT_ID_, IS_ACTIVE_, IS_CONCURRENT_, IS_SCOPE_,IS_EVENT_SCOPE_, PARENT_ID_, SUPER_EXEC_, SUSPENSION_STATE_, CACHED_ENT_STATE_, TENANT_ID_, NAME_) values ( ?, 1, ?, ?, ?, ?, ?, ?, ?, ?, ?, ?, ?, ?, ?, ? ) 
10:47:16,592 [Thread-95] DEBUG org.activiti.engine.impl.persistence.entity.HistoricProcessInstanceEntity.insertHistoricProcessInstance  - ==&gt; Parameters: 281(String), 281(String), null, idGeneratorDataSource:1:3(String), 2015-01-01 00:00:00.0(Timestamp), null, null, null, theStart(String), null, null, null, (String), null
10:47:16,592 [Thread-94] DEBUG org.activiti.engine.impl.persistence.entity.ExecutionEntity.insertExecution  - ==&gt; Parameters: 280(String), 280(String), null, idGeneratorDataSource:1:3(String), javaService(String), true(Boolean), false(Boolean), true(Boolean), false(Boolean), null, null, 1(Integer), 2(Integer), (String), null
10:47:16,592 [Thread-94] DEBUG org.activiti.engine.impl.persistence.entity.ExecutionEntity.insertExecution  - &lt;==    Updates: 1
10:47:16,592 [Thread-94] DEBUG org.activiti.engine.impl.cfg.standalone.StandaloneMybatisTransactionContext  - firing event committing...
10:47:16,592 [Thread-94] DEBUG org.activiti.engine.impl.cfg.standalone.StandaloneMybatisTransactionContext  - committing the ibatis sql session...
10:47:16,592 [Thread-94] DEBUG org.apache.ibatis.transaction.jdbc.JdbcTransaction  - Committing JDBC Connection [conn55: url=jdbc:h2:mem:activiti user=SA]
10:47:16,592 [Thread-94] DEBUG org.activiti.engine.impl.cfg.standalone.StandaloneMybatisTransactionContext  - firing event committed...
10:47:16,592 [Thread-94] DEBUG org.apache.ibatis.transaction.jdbc.JdbcTransaction  - Resetting autocommit to true on JDBC Connection [conn55: url=jdbc:h2:mem:activiti user=SA]
10:47:16,592 [Thread-94] DEBUG org.apache.ibatis.transaction.jdbc.JdbcTransaction  - Closing JDBC Connection [conn55: url=jdbc:h2:mem:activiti user=SA]
10:47:16,592 [Thread-94] DEBUG org.apache.ibatis.datasource.pooled.PooledDataSource  - Returned connection 14606730 to pool.
10:47:16,592 [Thread-95] DEBUG org.activiti.engine.impl.persistence.entity.HistoricProcessInstanceEntity.insertHistoricProcessInstance  - &lt;==    Updates: 1
10:47:16,592 [Thread-94] DEBUG org.activiti.engine.impl.interceptor.LogInterceptor  - --- StartProcessInstanceCmd finished --------------------------------------------------------
10:47:16,592 [Thread-94] DEBUG org.activiti.engine.impl.interceptor.LogInterceptor  - 

10:47:16,592 [Thread-94] DEBUG org.activiti.engine.impl.interceptor.LogInterceptor  - 

10:47:16,592 [Thread-94] DEBUG org.activiti.engine.impl.interceptor.LogInterceptor  - --- starting StartProcessInstanceCmd --------------------------------------------------------
10:47:16,592 [Thread-95] DEBUG org.activiti.engine.impl.persistence.entity.HistoricActivityInstanceEntity.bulkInsertHistoricActivityInstance  - ==&gt;  Preparing: insert into ACT_HI_ACTINST ( ID_, PROC_DEF_ID_, PROC_INST_ID_, EXECUTION_ID_, ACT_ID_, TASK_ID_, CALL_PROC_INST_ID_, ACT_NAME_, ACT_TYPE_, ASSIGNEE_, START_TIME_, END_TIME_, DURATION_, TENANT_ID_ ) values (?, ?, ?, ?, ?, ?, ?, ?, ?, ?, ?, ?, ?, ?) , (?, ?, ?, ?, ?, ?, ?, ?, ?, ?, ?, ?, ?, ?) 
10:47:16,592 [Thread-94] DEBUG org.apache.ibatis.transaction.jdbc.JdbcTransaction  - Opening JDBC Connection
10:47:16,592 [Thread-94] DEBUG org.apache.ibatis.datasource.pooled.PooledDataSource  - Checked out connection 14606730 from pool.
10:47:16,592 [Thread-95] DEBUG org.activiti.engine.impl.persistence.entity.HistoricActivityInstanceEntity.bulkInsertHistoricActivityInstance  - ==&gt; Parameters: 283(String), idGeneratorDataSource:1:3(String), 281(String), 281(String), theStart(String), null, null, null, startEvent(String), null, 2015-01-01 00:00:00.0(Timestamp), 2015-01-01 00:00:00.0(Timestamp), 0(Long), (String), 285(String), idGeneratorDataSource:1:3(String), 281(String), 281(String), javaService(String), null, null, Java service invocation(String), serviceTask(String), null, 2015-01-01 00:00:00.0(Timestamp), null, null, (String)
10:47:16,592 [Thread-94] DEBUG org.apache.ibatis.transaction.jdbc.JdbcTransaction  - Setting autocommit to false on JDBC Connection [conn55: url=jdbc:h2:mem:activiti user=SA]
10:47:16,592 [Thread-94] DEBUG org.activiti.engine.impl.persistence.entity.ProcessDefinitionEntity.selectLatestProcessDefinitionByKey  - ==&gt;  Preparing: select * from ACT_RE_PROCDEF where KEY_ = ? and (TENANT_ID_ = &apos;&apos; or TENANT_ID_ is null) and VERSION_ = (select max(VERSION_) from ACT_RE_PROCDEF where KEY_ = ? and (TENANT_ID_ = &apos;&apos; or TENANT_ID_ is null)) 
10:47:16,592 [Thread-95] DEBUG org.activiti.engine.impl.persistence.entity.HistoricActivityInstanceEntity.bulkInsertHistoricActivityInstance  - &lt;==    Updates: 2
10:47:16,592 [Thread-95] DEBUG org.activiti.engine.impl.db.DbSqlSession  - inserting: ProcessInstance[281]
10:47:16,592 [Thread-94] DEBUG org.activiti.engine.impl.persistence.entity.ProcessDefinitionEntity.selectLatestProcessDefinitionByKey  - ==&gt; Parameters: idGeneratorDataSource(String), idGeneratorDataSource(String)
10:47:16,592 [Thread-95] DEBUG org.activiti.engine.impl.persistence.entity.ExecutionEntity.insertExecution  - ==&gt;  Preparing: insert into ACT_RU_EXECUTION (ID_, REV_, PROC_INST_ID_, BUSINESS_KEY_, PROC_DEF_ID_, ACT_ID_, IS_ACTIVE_, IS_CONCURRENT_, IS_SCOPE_,IS_EVENT_SCOPE_, PARENT_ID_, SUPER_EXEC_, SUSPENSION_STATE_, CACHED_ENT_STATE_, TENANT_ID_, NAME_) values ( ?, 1, ?, ?, ?, ?, ?, ?, ?, ?, ?, ?, ?, ?, ?, ? ) 
10:47:16,592 [Thread-94] DEBUG org.activiti.engine.impl.persistence.entity.ProcessDefinitionEntity.selectLatestProcessDefinitionByKey  - &lt;==      Total: 1
10:47:16,592 [Thread-95] DEBUG org.activiti.engine.impl.persistence.entity.ExecutionEntity.insertExecution  - ==&gt; Parameters: 281(String), 281(String), null, idGeneratorDataSource:1:3(String), javaService(String), true(Boolean), false(Boolean), true(Boolean), false(Boolean), null, null, 1(Integer), 2(Integer), (String), null
10:47:16,592 [Thread-94] DEBUG org.activiti.engine.impl.interceptor.LogInterceptor  - 

10:47:16,592 [Thread-94] DEBUG org.activiti.engine.impl.interceptor.LogInterceptor  - --- starting GetNextIdBlockCmd --------------------------------------------------------
10:47:16,592 [Thread-95] DEBUG org.activiti.engine.impl.persistence.entity.ExecutionEntity.insertExecution  - &lt;==    Updates: 1
10:47:16,592 [Thread-95] DEBUG org.activiti.engine.impl.cfg.standalone.StandaloneMybatisTransactionContext  - firing event committing...
10:47:16,592 [Thread-95] DEBUG org.activiti.engine.impl.cfg.standalone.StandaloneMybatisTransactionContext  - committing the ibatis sql session...
10:47:16,592 [Thread-95] DEBUG org.apache.ibatis.transaction.jdbc.JdbcTransaction  - Committing JDBC Connection [conn53: url=jdbc:h2:mem:activiti user=SA]
10:47:16,592 [Thread-95] DEBUG org.activiti.engine.impl.cfg.standalone.StandaloneMybatisTransactionContext  - firing event committed...
10:47:16,592 [Thread-95] DEBUG org.apache.ibatis.transaction.jdbc.JdbcTransaction  - Resetting autocommit to true on JDBC Connection [conn53: url=jdbc:h2:mem:activiti user=SA]
10:47:16,592 [Thread-95] DEBUG org.apache.ibatis.transaction.jdbc.JdbcTransaction  - Closing JDBC Connection [conn53: url=jdbc:h2:mem:activiti user=SA]
10:47:16,592 [Thread-95] DEBUG org.apache.ibatis.datasource.pooled.PooledDataSource  - Returned connection 826925275 to pool.
10:47:16,593 [Thread-95] DEBUG org.activiti.engine.impl.interceptor.LogInterceptor  - --- StartProcessInstanceCmd finished --------------------------------------------------------
10:47:16,593 [Thread-95] DEBUG org.activiti.engine.impl.interceptor.LogInterceptor  - 

10:47:16,593 [Thread-95] DEBUG org.activiti.engine.impl.interceptor.LogInterceptor  - 

10:47:16,593 [Thread-95] DEBUG org.activiti.engine.impl.interceptor.LogInterceptor  - --- starting StartProcessInstanceCmd --------------------------------------------------------
10:47:16,592 [Thread-94] DEBUG org.apache.ibatis.transaction.jdbc.JdbcTransaction  - Opening JDBC Connection
10:47:16,593 [Thread-94] DEBUG org.apache.ibatis.datasource.pooled.PooledDataSource  - Checked out connection 1094226572 from pool.
10:47:16,593 [Thread-94] DEBUG org.apache.ibatis.transaction.jdbc.JdbcTransaction  - Setting autocommit to false on JDBC Connection [conn54: url=jdbc:h2:mem:activiti user=SA]
10:47:16,593 [Thread-94] DEBUG org.activiti.engine.impl.persistence.entity.PropertyEntity.selectProperty  - ==&gt;  Preparing: select * from ACT_GE_PROPERTY where NAME_ = ? 
10:47:16,593 [Thread-95] DEBUG org.apache.ibatis.transaction.jdbc.JdbcTransaction  - Opening JDBC Connection
10:47:16,593 [Thread-95] DEBUG org.apache.ibatis.datasource.pooled.PooledDataSource  - Checked out connection 826925275 from pool.
10:47:16,593 [Thread-95] DEBUG org.apache.ibatis.transaction.jdbc.JdbcTransaction  - Setting autocommit to false on JDBC Connection [conn53: url=jdbc:h2:mem:activiti user=SA]
10:47:16,593 [Thread-94] DEBUG org.activiti.engine.impl.persistence.entity.PropertyEntity.selectProperty  - ==&gt; Parameters: next.dbid(String)
10:47:16,593 [Thread-95] DEBUG org.activiti.engine.impl.persistence.entity.ProcessDefinitionEntity.selectLatestProcessDefinitionByKey  - ==&gt;  Preparing: select * from ACT_RE_PROCDEF where KEY_ = ? and (TENANT_ID_ = &apos;&apos; or TENANT_ID_ is null) and VERSION_ = (select max(VERSION_) from ACT_RE_PROCDEF where KEY_ = ? and (TENANT_ID_ = &apos;&apos; or TENANT_ID_ is null)) 
10:47:16,593 [Thread-94] DEBUG org.activiti.engine.impl.persistence.entity.PropertyEntity.selectProperty  - &lt;==      Total: 1
10:47:16,593 [Thread-95] DEBUG org.activiti.engine.impl.persistence.entity.ProcessDefinitionEntity.selectLatestProcessDefinitionByKey  - ==&gt; Parameters: idGeneratorDataSource(String), idGeneratorDataSource(String)
10:47:16,593 [Thread-94] DEBUG org.activiti.engine.impl.db.DbSqlSession  -   update PropertyEntity[name=next.dbid, value=289]
10:47:16,593 [Thread-94] DEBUG org.activiti.engine.impl.db.DbSqlSession  - flush summary: 0 insert, 1 update, 0 delete.
10:47:16,593 [Thread-94] DEBUG org.activiti.engine.impl.db.DbSqlSession  - now executing flush...
10:47:16,593 [Thread-94] DEBUG org.activiti.engine.impl.db.DbSqlSession  - updating: PropertyEntity[name=next.dbid, value=289]
10:47:16,593 [Thread-95] DEBUG org.activiti.engine.impl.persistence.entity.ProcessDefinitionEntity.selectLatestProcessDefinitionByKey  - &lt;==      Total: 1
10:47:16,593 [Thread-94] DEBUG org.activiti.engine.impl.persistence.entity.PropertyEntity.updateProperty  - ==&gt;  Preparing: update ACT_GE_PROPERTY SET REV_ = ?, VALUE_ = ? where NAME_ = ? and REV_ = ? 
10:47:16,593 [Thread-94] DEBUG org.activiti.engine.impl.persistence.entity.PropertyEntity.updateProperty  - ==&gt; Parameters: 97(Integer), 289(String), next.dbid(String), 96(Integer)
10:47:16,593 [Thread-94] DEBUG org.activiti.engine.impl.persistence.entity.PropertyEntity.updateProperty  - &lt;==    Updates: 1
10:47:16,593 [Thread-94] DEBUG org.activiti.engine.impl.cfg.standalone.StandaloneMybatisTransactionContext  - firing event committing...
10:47:16,593 [Thread-94] DEBUG org.activiti.engine.impl.cfg.standalone.StandaloneMybatisTransactionContext  - committing the ibatis sql session...
10:47:16,593 [Thread-94] DEBUG org.apache.ibatis.transaction.jdbc.JdbcTransaction  - Committing JDBC Connection [conn54: url=jdbc:h2:mem:activiti user=SA]
10:47:16,593 [Thread-94] DEBUG org.activiti.engine.impl.cfg.standalone.StandaloneMybatisTransactionContext  - firing event committed...
10:47:16,593 [Thread-94] DEBUG org.apache.ibatis.transaction.jdbc.JdbcTransaction  - Resetting autocommit to true on JDBC Connection [conn54: url=jdbc:h2:mem:activiti user=SA]
10:47:16,593 [Thread-94] DEBUG org.apache.ibatis.transaction.jdbc.JdbcTransaction  - Closing JDBC Connection [conn54: url=jdbc:h2:mem:activiti user=SA]
10:47:16,593 [Thread-94] DEBUG org.apache.ibatis.datasource.pooled.PooledDataSource  - Returned connection 1094226572 to pool.
10:47:16,593 [Thread-94] DEBUG org.activiti.engine.impl.interceptor.LogInterceptor  - --- GetNextIdBlockCmd finished --------------------------------------------------------
10:47:16,593 [Thread-94] DEBUG org.activiti.engine.impl.interceptor.LogInterceptor  - 

10:47:16,593 [Thread-94] DEBUG org.activiti.engine.impl.persistence.entity.ExecutionEntity  - initializing ProcessInstance[286]
10:47:16,593 [Thread-94] DEBUG org.activiti.engine.impl.history.DefaultHistoryManager  - Current history level: FULL, level required: ACTIVITY
10:47:16,593 [Thread-95] DEBUG org.activiti.engine.impl.persistence.entity.ExecutionEntity  - initializing ProcessInstance[287]
10:47:16,593 [Thread-94] DEBUG org.activiti.engine.impl.pvm.runtime.AtomicOperationActivityExecute  - ProcessInstance[286] executes Activity(theStart): org.activiti.engine.impl.bpmn.behavior.NoneStartEventActivityBehavior
10:47:16,593 [Thread-95] DEBUG org.activiti.engine.impl.history.DefaultHistoryManager  - Current history level: FULL, level required: ACTIVITY
10:47:16,593 [Thread-94] DEBUG org.activiti.engine.impl.persistence.entity.JobEntity.selectJobsByExecutionId  - ==&gt;  Preparing: select * from ACT_RU_JOB J where J.EXECUTION_ID_ = ? 
10:47:16,593 [Thread-95] DEBUG org.activiti.engine.impl.interceptor.LogInterceptor  - 

10:47:16,594 [Thread-95] DEBUG org.activiti.engine.impl.interceptor.LogInterceptor  - --- starting GetNextIdBlockCmd --------------------------------------------------------
10:47:16,593 [Thread-94] DEBUG org.activiti.engine.impl.persistence.entity.JobEntity.selectJobsByExecutionId  - ==&gt; Parameters: 286(String)
10:47:16,594 [Thread-95] DEBUG org.apache.ibatis.transaction.jdbc.JdbcTransaction  - Opening JDBC Connection
10:47:16,594 [Thread-95] DEBUG org.apache.ibatis.datasource.pooled.PooledDataSource  - Checked out connection 1094226572 from pool.
10:47:16,594 [Thread-95] DEBUG org.apache.ibatis.transaction.jdbc.JdbcTransaction  - Setting autocommit to false on JDBC Connection [conn54: url=jdbc:h2:mem:activiti user=SA]
10:47:16,594 [Thread-95] DEBUG org.activiti.engine.impl.persistence.entity.PropertyEntity.selectProperty  - ==&gt;  Preparing: select * from ACT_GE_PROPERTY where NAME_ = ? 
10:47:16,594 [Thread-94] DEBUG org.activiti.engine.impl.persistence.entity.JobEntity.selectJobsByExecutionId  - &lt;==      Total: 0
10:47:16,594 [Thread-94] DEBUG org.activiti.engine.impl.bpmn.behavior.BpmnActivityBehavior  - Leaving activity &apos;theStart&apos;
10:47:16,594 [Thread-95] DEBUG org.activiti.engine.impl.persistence.entity.PropertyEntity.selectProperty  - ==&gt; Parameters: next.dbid(String)
10:47:16,594 [Thread-94] DEBUG org.activiti.engine.impl.history.DefaultHistoryManager  - Current history level: FULL, level required: ACTIVITY
10:47:16,594 [Thread-95] DEBUG org.activiti.engine.impl.persistence.entity.PropertyEntity.selectProperty  - &lt;==      Total: 1
10:47:16,594 [Thread-94] DEBUG org.activiti.engine.impl.pvm.runtime.AtomicOperationTransitionNotifyListenerTake  - ProcessInstance[286] takes transition (theStart)--flow1--&gt;(javaService)
10:47:16,594 [Thread-95] DEBUG org.activiti.engine.impl.db.DbSqlSession  -   update PropertyEntity[name=next.dbid, value=292]
10:47:16,594 [Thread-95] DEBUG org.activiti.engine.impl.db.DbSqlSession  - flush summary: 0 insert, 1 update, 0 delete.
10:47:16,594 [Thread-95] DEBUG org.activiti.engine.impl.db.DbSqlSession  - now executing flush...
10:47:16,594 [Thread-95] DEBUG org.activiti.engine.impl.db.DbSqlSession  - updating: PropertyEntity[name=next.dbid, value=292]
10:47:16,594 [Thread-94] DEBUG org.activiti.engine.impl.history.DefaultHistoryManager  - Current history level: FULL, level required: ACTIVITY
10:47:16,594 [Thread-95] DEBUG org.activiti.engine.impl.persistence.entity.PropertyEntity.updateProperty  - ==&gt;  Preparing: update ACT_GE_PROPERTY SET REV_ = ?, VALUE_ = ? where NAME_ = ? and REV_ = ? 
10:47:16,594 [Thread-95] DEBUG org.activiti.engine.impl.persistence.entity.PropertyEntity.updateProperty  - ==&gt; Parameters: 98(Integer), 292(String), next.dbid(String), 97(Integer)
10:47:16,594 [Thread-95] DEBUG org.activiti.engine.impl.persistence.entity.PropertyEntity.updateProperty  - &lt;==    Updates: 1
10:47:16,594 [Thread-95] DEBUG org.activiti.engine.impl.cfg.standalone.StandaloneMybatisTransactionContext  - firing event committing...
10:47:16,594 [Thread-95] DEBUG org.activiti.engine.impl.cfg.standalone.StandaloneMybatisTransactionContext  - committing the ibatis sql session...
10:47:16,594 [Thread-95] DEBUG org.apache.ibatis.transaction.jdbc.JdbcTransaction  - Committing JDBC Connection [conn54: url=jdbc:h2:mem:activiti user=SA]
10:47:16,594 [Thread-95] DEBUG org.activiti.engine.impl.cfg.standalone.StandaloneMybatisTransactionContext  - firing event committed...
10:47:16,594 [Thread-95] DEBUG org.apache.ibatis.transaction.jdbc.JdbcTransaction  - Resetting autocommit to true on JDBC Connection [conn54: url=jdbc:h2:mem:activiti user=SA]
10:47:16,594 [Thread-95] DEBUG org.apache.ibatis.transaction.jdbc.JdbcTransaction  - Closing JDBC Connection [conn54: url=jdbc:h2:mem:activiti user=SA]
10:47:16,594 [Thread-95] DEBUG org.apache.ibatis.datasource.pooled.PooledDataSource  - Returned connection 1094226572 to pool.
10:47:16,594 [Thread-95] DEBUG org.activiti.engine.impl.interceptor.LogInterceptor  - --- GetNextIdBlockCmd finished --------------------------------------------------------
10:47:16,594 [Thread-95] DEBUG org.activiti.engine.impl.interceptor.LogInterceptor  - 

10:47:16,594 [Thread-94] DEBUG org.activiti.engine.impl.pvm.runtime.AtomicOperationActivityExecute  - ProcessInstance[286] executes Activity(javaService): org.activiti.engine.impl.bpmn.helper.ClassDelegate
10:47:16,594 [Thread-95] DEBUG org.activiti.engine.impl.pvm.runtime.AtomicOperationActivityExecute  - ProcessInstance[287] executes Activity(theStart): org.activiti.engine.impl.bpmn.behavior.NoneStartEventActivityBehavior
10:47:16,594 [Thread-94] DEBUG org.activiti.engine.impl.db.DbSqlSession  -   insert ProcessInstance[286]
10:47:16,594 [Thread-94] DEBUG org.activiti.engine.impl.db.DbSqlSession  -   insert HistoricProcessInstanceEntity[superProcessInstanceId=null]
10:47:16,594 [Thread-94] DEBUG org.activiti.engine.impl.db.DbSqlSession  -   insert HistoricActivityInstanceEntity[activityId=theStart, activityName=null]
10:47:16,594 [Thread-94] DEBUG org.activiti.engine.impl.db.DbSqlSession  -   insert HistoricActivityInstanceEntity[activityId=javaService, activityName=Java service invocation]
10:47:16,594 [Thread-94] DEBUG org.activiti.engine.impl.db.DbSqlSession  - flush summary: 4 insert, 0 update, 0 delete.
10:47:16,594 [Thread-94] DEBUG org.activiti.engine.impl.db.DbSqlSession  - now executing flush...
10:47:16,594 [Thread-94] DEBUG org.activiti.engine.impl.db.DbSqlSession  - inserting: HistoricProcessInstanceEntity[superProcessInstanceId=null]
10:47:16,594 [Thread-95] DEBUG org.activiti.engine.impl.persistence.entity.JobEntity.selectJobsByExecutionId  - ==&gt;  Preparing: select * from ACT_RU_JOB J where J.EXECUTION_ID_ = ? 
10:47:16,595 [Thread-94] DEBUG org.activiti.engine.impl.persistence.entity.HistoricProcessInstanceEntity.insertHistoricProcessInstance  - ==&gt;  Preparing: insert into ACT_HI_PROCINST ( ID_, PROC_INST_ID_, BUSINESS_KEY_, PROC_DEF_ID_, START_TIME_, END_TIME_, DURATION_, START_USER_ID_, START_ACT_ID_, END_ACT_ID_, SUPER_PROCESS_INSTANCE_ID_, DELETE_REASON_, TENANT_ID_, NAME_ ) values ( ?, ?, ?, ?, ?, ?, ?, ?, ?, ?, ?, ?, ?, ? ) 
10:47:16,595 [Thread-95] DEBUG org.activiti.engine.impl.persistence.entity.JobEntity.selectJobsByExecutionId  - ==&gt; Parameters: 287(String)
10:47:16,595 [Thread-94] DEBUG org.activiti.engine.impl.persistence.entity.HistoricProcessInstanceEntity.insertHistoricProcessInstance  - ==&gt; Parameters: 286(String), 286(String), null, idGeneratorDataSource:1:3(String), 2015-01-01 00:00:00.0(Timestamp), null, null, null, theStart(String), null, null, null, (String), null
10:47:16,595 [Thread-95] DEBUG org.activiti.engine.impl.persistence.entity.JobEntity.selectJobsByExecutionId  - &lt;==      Total: 0
10:47:16,595 [Thread-95] DEBUG org.activiti.engine.impl.bpmn.behavior.BpmnActivityBehavior  - Leaving activity &apos;theStart&apos;
10:47:16,595 [Thread-94] DEBUG org.activiti.engine.impl.persistence.entity.HistoricProcessInstanceEntity.insertHistoricProcessInstance  - &lt;==    Updates: 1
10:47:16,595 [Thread-95] DEBUG org.activiti.engine.impl.history.DefaultHistoryManager  - Current history level: FULL, level required: ACTIVITY
10:47:16,595 [Thread-95] DEBUG org.activiti.engine.impl.pvm.runtime.AtomicOperationTransitionNotifyListenerTake  - ProcessInstance[287] takes transition (theStart)--flow1--&gt;(javaService)
10:47:16,595 [Thread-95] DEBUG org.activiti.engine.impl.history.DefaultHistoryManager  - Current history level: FULL, level required: ACTIVITY
10:47:16,595 [Thread-94] DEBUG org.activiti.engine.impl.persistence.entity.HistoricActivityInstanceEntity.bulkInsertHistoricActivityInstance  - ==&gt;  Preparing: insert into ACT_HI_ACTINST ( ID_, PROC_DEF_ID_, PROC_INST_ID_, EXECUTION_ID_, ACT_ID_, TASK_ID_, CALL_PROC_INST_ID_, ACT_NAME_, ACT_TYPE_, ASSIGNEE_, START_TIME_, END_TIME_, DURATION_, TENANT_ID_ ) values (?, ?, ?, ?, ?, ?, ?, ?, ?, ?, ?, ?, ?, ?) , (?, ?, ?, ?, ?, ?, ?, ?, ?, ?, ?, ?, ?, ?) 
10:47:16,595 [Thread-95] DEBUG org.activiti.engine.impl.pvm.runtime.AtomicOperationActivityExecute  - ProcessInstance[287] executes Activity(javaService): org.activiti.engine.impl.bpmn.helper.ClassDelegate
10:47:16,595 [Thread-94] DEBUG org.activiti.engine.impl.persistence.entity.HistoricActivityInstanceEntity.bulkInsertHistoricActivityInstance  - ==&gt; Parameters: 288(String), idGeneratorDataSource:1:3(String), 286(String), 286(String), theStart(String), null, null, null, startEvent(String), null, 2015-01-01 00:00:00.0(Timestamp), 2015-01-01 00:00:00.0(Timestamp), 0(Long), (String), 290(String), idGeneratorDataSource:1:3(String), 286(String), 286(String), javaService(String), null, null, Java service invocation(String), serviceTask(String), null, 2015-01-01 00:00:00.0(Timestamp), null, null, (String)
10:47:16,595 [Thread-95] DEBUG org.activiti.engine.impl.db.DbSqlSession  -   insert ProcessInstance[287]
10:47:16,595 [Thread-95] DEBUG org.activiti.engine.impl.db.DbSqlSession  -   insert HistoricProcessInstanceEntity[superProcessInstanceId=null]
10:47:16,595 [Thread-95] DEBUG org.activiti.engine.impl.db.DbSqlSession  -   insert HistoricActivityInstanceEntity[activityId=theStart, activityName=null]
10:47:16,595 [Thread-95] DEBUG org.activiti.engine.impl.db.DbSqlSession  -   insert HistoricActivityInstanceEntity[activityId=javaService, activityName=Java service invocation]
10:47:16,595 [Thread-95] DEBUG org.activiti.engine.impl.db.DbSqlSession  - flush summary: 4 insert, 0 update, 0 delete.
10:47:16,595 [Thread-95] DEBUG org.activiti.engine.impl.db.DbSqlSession  - now executing flush...
10:47:16,595 [Thread-95] DEBUG org.activiti.engine.impl.db.DbSqlSession  - inserting: HistoricProcessInstanceEntity[superProcessInstanceId=null]
10:47:16,595 [Thread-94] DEBUG org.activiti.engine.impl.persistence.entity.HistoricActivityInstanceEntity.bulkInsertHistoricActivityInstance  - &lt;==    Updates: 2
10:47:16,595 [Thread-94] DEBUG org.activiti.engine.impl.db.DbSqlSession  - inserting: ProcessInstance[286]
10:47:16,595 [Thread-95] DEBUG org.activiti.engine.impl.persistence.entity.HistoricProcessInstanceEntity.insertHistoricProcessInstance  - ==&gt;  Preparing: insert into ACT_HI_PROCINST ( ID_, PROC_INST_ID_, BUSINESS_KEY_, PROC_DEF_ID_, START_TIME_, END_TIME_, DURATION_, START_USER_ID_, START_ACT_ID_, END_ACT_ID_, SUPER_PROCESS_INSTANCE_ID_, DELETE_REASON_, TENANT_ID_, NAME_ ) values ( ?, ?, ?, ?, ?, ?, ?, ?, ?, ?, ?, ?, ?, ? ) 
10:47:16,595 [Thread-94] DEBUG org.activiti.engine.impl.persistence.entity.ExecutionEntity.insertExecution  - ==&gt;  Preparing: insert into ACT_RU_EXECUTION (ID_, REV_, PROC_INST_ID_, BUSINESS_KEY_, PROC_DEF_ID_, ACT_ID_, IS_ACTIVE_, IS_CONCURRENT_, IS_SCOPE_,IS_EVENT_SCOPE_, PARENT_ID_, SUPER_EXEC_, SUSPENSION_STATE_, CACHED_ENT_STATE_, TENANT_ID_, NAME_) values ( ?, 1, ?, ?, ?, ?, ?, ?, ?, ?, ?, ?, ?, ?, ?, ? ) 
10:47:16,595 [Thread-95] DEBUG org.activiti.engine.impl.persistence.entity.HistoricProcessInstanceEntity.insertHistoricProcessInstance  - ==&gt; Parameters: 287(String), 287(String), null, idGeneratorDataSource:1:3(String), 2015-01-01 00:00:00.0(Timestamp), null, null, null, theStart(String), null, null, null, (String), null
10:47:16,595 [Thread-94] DEBUG org.activiti.engine.impl.persistence.entity.ExecutionEntity.insertExecution  - ==&gt; Parameters: 286(String), 286(String), null, idGeneratorDataSource:1:3(String), javaService(String), true(Boolean), false(Boolean), true(Boolean), false(Boolean), null, null, 1(Integer), 2(Integer), (String), null
10:47:16,595 [Thread-94] DEBUG org.activiti.engine.impl.persistence.entity.ExecutionEntity.insertExecution  - &lt;==    Updates: 1
10:47:16,595 [Thread-94] DEBUG org.activiti.engine.impl.cfg.standalone.StandaloneMybatisTransactionContext  - firing event committing...
10:47:16,595 [Thread-94] DEBUG org.activiti.engine.impl.cfg.standalone.StandaloneMybatisTransactionContext  - committing the ibatis sql session...
10:47:16,595 [Thread-94] DEBUG org.apache.ibatis.transaction.jdbc.JdbcTransaction  - Committing JDBC Connection [conn55: url=jdbc:h2:mem:activiti user=SA]
10:47:16,595 [Thread-94] DEBUG org.activiti.engine.impl.cfg.standalone.StandaloneMybatisTransactionContext  - firing event committed...
10:47:16,595 [Thread-94] DEBUG org.apache.ibatis.transaction.jdbc.JdbcTransaction  - Resetting autocommit to true on JDBC Connection [conn55: url=jdbc:h2:mem:activiti user=SA]
10:47:16,596 [Thread-94] DEBUG org.apache.ibatis.transaction.jdbc.JdbcTransaction  - Closing JDBC Connection [conn55: url=jdbc:h2:mem:activiti user=SA]
10:47:16,596 [Thread-94] DEBUG org.apache.ibatis.datasource.pooled.PooledDataSource  - Returned connection 14606730 to pool.
10:47:16,596 [Thread-94] DEBUG org.activiti.engine.impl.interceptor.LogInterceptor  - --- StartProcessInstanceCmd finished --------------------------------------------------------
10:47:16,596 [Thread-94] DEBUG org.activiti.engine.impl.interceptor.LogInterceptor  - 

10:47:16,596 [Thread-94] DEBUG org.activiti.engine.impl.interceptor.LogInterceptor  - 

10:47:16,596 [Thread-94] DEBUG org.activiti.engine.impl.interceptor.LogInterceptor  - --- starting StartProcessInstanceCmd --------------------------------------------------------
10:47:16,595 [Thread-95] DEBUG org.activiti.engine.impl.persistence.entity.HistoricProcessInstanceEntity.insertHistoricProcessInstance  - &lt;==    Updates: 1
10:47:16,596 [Thread-94] DEBUG org.apache.ibatis.transaction.jdbc.JdbcTransaction  - Opening JDBC Connection
10:47:16,596 [Thread-94] DEBUG org.apache.ibatis.datasource.pooled.PooledDataSource  - Checked out connection 14606730 from pool.
10:47:16,596 [Thread-94] DEBUG org.apache.ibatis.transaction.jdbc.JdbcTransaction  - Setting autocommit to false on JDBC Connection [conn55: url=jdbc:h2:mem:activiti user=SA]
10:47:16,596 [Thread-94] DEBUG org.activiti.engine.impl.persistence.entity.ProcessDefinitionEntity.selectLatestProcessDefinitionByKey  - ==&gt;  Preparing: select * from ACT_RE_PROCDEF where KEY_ = ? and (TENANT_ID_ = &apos;&apos; or TENANT_ID_ is null) and VERSION_ = (select max(VERSION_) from ACT_RE_PROCDEF where KEY_ = ? and (TENANT_ID_ = &apos;&apos; or TENANT_ID_ is null)) 
10:47:16,596 [Thread-95] DEBUG org.activiti.engine.impl.persistence.entity.HistoricActivityInstanceEntity.bulkInsertHistoricActivityInstance  - ==&gt;  Preparing: insert into ACT_HI_ACTINST ( ID_, PROC_DEF_ID_, PROC_INST_ID_, EXECUTION_ID_, ACT_ID_, TASK_ID_, CALL_PROC_INST_ID_, ACT_NAME_, ACT_TYPE_, ASSIGNEE_, START_TIME_, END_TIME_, DURATION_, TENANT_ID_ ) values (?, ?, ?, ?, ?, ?, ?, ?, ?, ?, ?, ?, ?, ?) , (?, ?, ?, ?, ?, ?, ?, ?, ?, ?, ?, ?, ?, ?) 
10:47:16,596 [Thread-94] DEBUG org.activiti.engine.impl.persistence.entity.ProcessDefinitionEntity.selectLatestProcessDefinitionByKey  - ==&gt; Parameters: idGeneratorDataSource(String), idGeneratorDataSource(String)
10:47:16,596 [Thread-95] DEBUG org.activiti.engine.impl.persistence.entity.HistoricActivityInstanceEntity.bulkInsertHistoricActivityInstance  - ==&gt; Parameters: 289(String), idGeneratorDataSource:1:3(String), 287(String), 287(String), theStart(String), null, null, null, startEvent(String), null, 2015-01-01 00:00:00.0(Timestamp), 2015-01-01 00:00:00.0(Timestamp), 0(Long), (String), 291(String), idGeneratorDataSource:1:3(String), 287(String), 287(String), javaService(String), null, null, Java service invocation(String), serviceTask(String), null, 2015-01-01 00:00:00.0(Timestamp), null, null, (String)
10:47:16,596 [Thread-94] DEBUG org.activiti.engine.impl.persistence.entity.ProcessDefinitionEntity.selectLatestProcessDefinitionByKey  - &lt;==      Total: 1
10:47:16,596 [Thread-94] DEBUG org.activiti.engine.impl.interceptor.LogInterceptor  - 

10:47:16,596 [Thread-94] DEBUG org.activiti.engine.impl.interceptor.LogInterceptor  - --- starting GetNextIdBlockCmd --------------------------------------------------------
10:47:16,596 [Thread-95] DEBUG org.activiti.engine.impl.persistence.entity.HistoricActivityInstanceEntity.bulkInsertHistoricActivityInstance  - &lt;==    Updates: 2
10:47:16,596 [Thread-94] DEBUG org.apache.ibatis.transaction.jdbc.JdbcTransaction  - Opening JDBC Connection
10:47:16,596 [Thread-94] DEBUG org.apache.ibatis.datasource.pooled.PooledDataSource  - Checked out connection 1094226572 from pool.
10:47:16,596 [Thread-94] DEBUG org.apache.ibatis.transaction.jdbc.JdbcTransaction  - Setting autocommit to false on JDBC Connection [conn54: url=jdbc:h2:mem:activiti user=SA]
10:47:16,596 [Thread-95] DEBUG org.activiti.engine.impl.db.DbSqlSession  - inserting: ProcessInstance[287]
10:47:16,596 [Thread-94] DEBUG org.activiti.engine.impl.persistence.entity.PropertyEntity.selectProperty  - ==&gt;  Preparing: select * from ACT_GE_PROPERTY where NAME_ = ? 
10:47:16,596 [Thread-94] DEBUG org.activiti.engine.impl.persistence.entity.PropertyEntity.selectProperty  - ==&gt; Parameters: next.dbid(String)
10:47:16,596 [Thread-95] DEBUG org.activiti.engine.impl.persistence.entity.ExecutionEntity.insertExecution  - ==&gt;  Preparing: insert into ACT_RU_EXECUTION (ID_, REV_, PROC_INST_ID_, BUSINESS_KEY_, PROC_DEF_ID_, ACT_ID_, IS_ACTIVE_, IS_CONCURRENT_, IS_SCOPE_,IS_EVENT_SCOPE_, PARENT_ID_, SUPER_EXEC_, SUSPENSION_STATE_, CACHED_ENT_STATE_, TENANT_ID_, NAME_) values ( ?, 1, ?, ?, ?, ?, ?, ?, ?, ?, ?, ?, ?, ?, ?, ? ) 
10:47:16,596 [Thread-94] DEBUG org.activiti.engine.impl.persistence.entity.PropertyEntity.selectProperty  - &lt;==      Total: 1
10:47:16,596 [Thread-95] DEBUG org.activiti.engine.impl.persistence.entity.ExecutionEntity.insertExecution  - ==&gt; Parameters: 287(String), 287(String), null, idGeneratorDataSource:1:3(String), javaService(String), true(Boolean), false(Boolean), true(Boolean), false(Boolean), null, null, 1(Integer), 2(Integer), (String), null
10:47:16,596 [Thread-94] DEBUG org.activiti.engine.impl.db.DbSqlSession  -   update PropertyEntity[name=next.dbid, value=295]
10:47:16,597 [Thread-94] DEBUG org.activiti.engine.impl.db.DbSqlSession  - flush summary: 0 insert, 1 update, 0 delete.
10:47:16,597 [Thread-94] DEBUG org.activiti.engine.impl.db.DbSqlSession  - now executing flush...
10:47:16,597 [Thread-94] DEBUG org.activiti.engine.impl.db.DbSqlSession  - updating: PropertyEntity[name=next.dbid, value=295]
10:47:16,596 [Thread-95] DEBUG org.activiti.engine.impl.persistence.entity.ExecutionEntity.insertExecution  - &lt;==    Updates: 1
10:47:16,597 [Thread-95] DEBUG org.activiti.engine.impl.cfg.standalone.StandaloneMybatisTransactionContext  - firing event committing...
10:47:16,597 [Thread-95] DEBUG org.activiti.engine.impl.cfg.standalone.StandaloneMybatisTransactionContext  - committing the ibatis sql session...
10:47:16,597 [Thread-95] DEBUG org.apache.ibatis.transaction.jdbc.JdbcTransaction  - Committing JDBC Connection [conn53: url=jdbc:h2:mem:activiti user=SA]
10:47:16,597 [Thread-94] DEBUG org.activiti.engine.impl.persistence.entity.PropertyEntity.updateProperty  - ==&gt;  Preparing: update ACT_GE_PROPERTY SET REV_ = ?, VALUE_ = ? where NAME_ = ? and REV_ = ? 
10:47:16,597 [Thread-95] DEBUG org.activiti.engine.impl.cfg.standalone.StandaloneMybatisTransactionContext  - firing event committed...
10:47:16,597 [Thread-95] DEBUG org.apache.ibatis.transaction.jdbc.JdbcTransaction  - Resetting autocommit to true on JDBC Connection [conn53: url=jdbc:h2:mem:activiti user=SA]
10:47:16,597 [Thread-95] DEBUG org.apache.ibatis.transaction.jdbc.JdbcTransaction  - Closing JDBC Connection [conn53: url=jdbc:h2:mem:activiti user=SA]
10:47:16,597 [Thread-95] DEBUG org.apache.ibatis.datasource.pooled.PooledDataSource  - Returned connection 826925275 to pool.
10:47:16,597 [Thread-95] DEBUG org.activiti.engine.impl.interceptor.LogInterceptor  - --- StartProcessInstanceCmd finished --------------------------------------------------------
10:47:16,597 [Thread-95] DEBUG org.activiti.engine.impl.interceptor.LogInterceptor  - 

10:47:16,597 [Thread-95] DEBUG org.activiti.engine.impl.interceptor.LogInterceptor  - 

10:47:16,597 [Thread-95] DEBUG org.activiti.engine.impl.interceptor.LogInterceptor  - --- starting StartProcessInstanceCmd --------------------------------------------------------
10:47:16,597 [Thread-94] DEBUG org.activiti.engine.impl.persistence.entity.PropertyEntity.updateProperty  - ==&gt; Parameters: 99(Integer), 295(String), next.dbid(String), 98(Integer)
10:47:16,597 [Thread-95] DEBUG org.apache.ibatis.transaction.jdbc.JdbcTransaction  - Opening JDBC Connection
10:47:16,597 [Thread-95] DEBUG org.apache.ibatis.datasource.pooled.PooledDataSource  - Checked out connection 826925275 from pool.
10:47:16,597 [Thread-95] DEBUG org.apache.ibatis.transaction.jdbc.JdbcTransaction  - Setting autocommit to false on JDBC Connection [conn53: url=jdbc:h2:mem:activiti user=SA]
10:47:16,597 [Thread-94] DEBUG org.activiti.engine.impl.persistence.entity.PropertyEntity.updateProperty  - &lt;==    Updates: 1
10:47:16,597 [Thread-94] DEBUG org.activiti.engine.impl.cfg.standalone.StandaloneMybatisTransactionContext  - firing event committing...
10:47:16,597 [Thread-94] DEBUG org.activiti.engine.impl.cfg.standalone.StandaloneMybatisTransactionContext  - committing the ibatis sql session...
10:47:16,597 [Thread-94] DEBUG org.apache.ibatis.transaction.jdbc.JdbcTransaction  - Committing JDBC Connection [conn54: url=jdbc:h2:mem:activiti user=SA]
10:47:16,597 [Thread-94] DEBUG org.activiti.engine.impl.cfg.standalone.StandaloneMybatisTransactionContext  - firing event committed...
10:47:16,597 [Thread-94] DEBUG org.apache.ibatis.transaction.jdbc.JdbcTransaction  - Resetting autocommit to true on JDBC Connection [conn54: url=jdbc:h2:mem:activiti user=SA]
10:47:16,597 [Thread-94] DEBUG org.apache.ibatis.transaction.jdbc.JdbcTransaction  - Closing JDBC Connection [conn54: url=jdbc:h2:mem:activiti user=SA]
10:47:16,597 [Thread-94] DEBUG org.apache.ibatis.datasource.pooled.PooledDataSource  - Returned connection 1094226572 to pool.
10:47:16,597 [Thread-95] DEBUG org.activiti.engine.impl.persistence.entity.ProcessDefinitionEntity.selectLatestProcessDefinitionByKey  - ==&gt;  Preparing: select * from ACT_RE_PROCDEF where KEY_ = ? and (TENANT_ID_ = &apos;&apos; or TENANT_ID_ is null) and VERSION_ = (select max(VERSION_) from ACT_RE_PROCDEF where KEY_ = ? and (TENANT_ID_ = &apos;&apos; or TENANT_ID_ is null)) 
10:47:16,597 [Thread-94] DEBUG org.activiti.engine.impl.interceptor.LogInterceptor  - --- GetNextIdBlockCmd finished --------------------------------------------------------
10:47:16,597 [Thread-94] DEBUG org.activiti.engine.impl.interceptor.LogInterceptor  - 

10:47:16,597 [Thread-94] DEBUG org.activiti.engine.impl.persistence.entity.ExecutionEntity  - initializing ProcessInstance[292]
10:47:16,597 [Thread-95] DEBUG org.activiti.engine.impl.persistence.entity.ProcessDefinitionEntity.selectLatestProcessDefinitionByKey  - ==&gt; Parameters: idGeneratorDataSource(String), idGeneratorDataSource(String)
10:47:16,597 [Thread-94] DEBUG org.activiti.engine.impl.history.DefaultHistoryManager  - Current history level: FULL, level required: ACTIVITY
10:47:16,598 [Thread-95] DEBUG org.activiti.engine.impl.persistence.entity.ProcessDefinitionEntity.selectLatestProcessDefinitionByKey  - &lt;==      Total: 1
10:47:16,598 [Thread-94] DEBUG org.activiti.engine.impl.pvm.runtime.AtomicOperationActivityExecute  - ProcessInstance[292] executes Activity(theStart): org.activiti.engine.impl.bpmn.behavior.NoneStartEventActivityBehavior
10:47:16,598 [Thread-95] DEBUG org.activiti.engine.impl.persistence.entity.ExecutionEntity  - initializing ProcessInstance[294]
10:47:16,598 [Thread-95] DEBUG org.activiti.engine.impl.history.DefaultHistoryManager  - Current history level: FULL, level required: ACTIVITY
10:47:16,598 [Thread-95] DEBUG org.activiti.engine.impl.interceptor.LogInterceptor  - 

10:47:16,598 [Thread-95] DEBUG org.activiti.engine.impl.interceptor.LogInterceptor  - --- starting GetNextIdBlockCmd --------------------------------------------------------
10:47:16,598 [Thread-94] DEBUG org.activiti.engine.impl.persistence.entity.JobEntity.selectJobsByExecutionId  - ==&gt;  Preparing: select * from ACT_RU_JOB J where J.EXECUTION_ID_ = ? 
10:47:16,598 [Thread-95] DEBUG org.apache.ibatis.transaction.jdbc.JdbcTransaction  - Opening JDBC Connection
10:47:16,598 [Thread-95] DEBUG org.apache.ibatis.datasource.pooled.PooledDataSource  - Checked out connection 1094226572 from pool.
10:47:16,598 [Thread-95] DEBUG org.apache.ibatis.transaction.jdbc.JdbcTransaction  - Setting autocommit to false on JDBC Connection [conn54: url=jdbc:h2:mem:activiti user=SA]
10:47:16,598 [Thread-95] DEBUG org.activiti.engine.impl.persistence.entity.PropertyEntity.selectProperty  - ==&gt;  Preparing: select * from ACT_GE_PROPERTY where NAME_ = ? 
10:47:16,598 [Thread-94] DEBUG org.activiti.engine.impl.persistence.entity.JobEntity.selectJobsByExecutionId  - ==&gt; Parameters: 292(String)
10:47:16,598 [Thread-95] DEBUG org.activiti.engine.impl.persistence.entity.PropertyEntity.selectProperty  - ==&gt; Parameters: next.dbid(String)
10:47:16,598 [Thread-94] DEBUG org.activiti.engine.impl.persistence.entity.JobEntity.selectJobsByExecutionId  - &lt;==      Total: 0
10:47:16,598 [Thread-95] DEBUG org.activiti.engine.impl.persistence.entity.PropertyEntity.selectProperty  - &lt;==      Total: 1
10:47:16,598 [Thread-94] DEBUG org.activiti.engine.impl.bpmn.behavior.BpmnActivityBehavior  - Leaving activity &apos;theStart&apos;
10:47:16,599 [Thread-95] DEBUG org.activiti.engine.impl.db.DbSqlSession  -   update PropertyEntity[name=next.dbid, value=298]
10:47:16,599 [Thread-95] DEBUG org.activiti.engine.impl.db.DbSqlSession  - flush summary: 0 insert, 1 update, 0 delete.
10:47:16,599 [Thread-95] DEBUG org.activiti.engine.impl.db.DbSqlSession  - now executing flush...
10:47:16,599 [Thread-94] DEBUG org.activiti.engine.impl.history.DefaultHistoryManager  - Current history level: FULL, level required: ACTIVITY
10:47:16,599 [Thread-95] DEBUG org.activiti.engine.impl.db.DbSqlSession  - updating: PropertyEntity[name=next.dbid, value=298]
10:47:16,599 [Thread-94] DEBUG org.activiti.engine.impl.pvm.runtime.AtomicOperationTransitionNotifyListenerTake  - ProcessInstance[292] takes transition (theStart)--flow1--&gt;(javaService)
10:47:16,599 [Thread-95] DEBUG org.activiti.engine.impl.persistence.entity.PropertyEntity.updateProperty  - ==&gt;  Preparing: update ACT_GE_PROPERTY SET REV_ = ?, VALUE_ = ? where NAME_ = ? and REV_ = ? 
10:47:16,599 [Thread-95] DEBUG org.activiti.engine.impl.persistence.entity.PropertyEntity.updateProperty  - ==&gt; Parameters: 100(Integer), 298(String), next.dbid(String), 99(Integer)
10:47:16,599 [Thread-95] DEBUG org.activiti.engine.impl.persistence.entity.PropertyEntity.updateProperty  - &lt;==    Updates: 1
10:47:16,599 [Thread-95] DEBUG org.activiti.engine.impl.cfg.standalone.StandaloneMybatisTransactionContext  - firing event committing...
10:47:16,599 [Thread-95] DEBUG org.activiti.engine.impl.cfg.standalone.StandaloneMybatisTransactionContext  - committing the ibatis sql session...
10:47:16,599 [Thread-95] DEBUG org.apache.ibatis.transaction.jdbc.JdbcTransaction  - Committing JDBC Connection [conn54: url=jdbc:h2:mem:activiti user=SA]
10:47:16,599 [Thread-95] DEBUG org.activiti.engine.impl.cfg.standalone.StandaloneMybatisTransactionContext  - firing event committed...
10:47:16,599 [Thread-95] DEBUG org.apache.ibatis.transaction.jdbc.JdbcTransaction  - Resetting autocommit to true on JDBC Connection [conn54: url=jdbc:h2:mem:activiti user=SA]
10:47:16,599 [Thread-95] DEBUG org.apache.ibatis.transaction.jdbc.JdbcTransaction  - Closing JDBC Connection [conn54: url=jdbc:h2:mem:activiti user=SA]
10:47:16,599 [Thread-95] DEBUG org.apache.ibatis.datasource.pooled.PooledDataSource  - Returned connection 1094226572 to pool.
10:47:16,600 [Thread-95] DEBUG org.activiti.engine.impl.interceptor.LogInterceptor  - --- GetNextIdBlockCmd finished --------------------------------------------------------
10:47:16,600 [Thread-95] DEBUG org.activiti.engine.impl.interceptor.LogInterceptor  - 

10:47:16,599 [Thread-94] DEBUG org.activiti.engine.impl.history.DefaultHistoryManager  - Current history level: FULL, level required: ACTIVITY
10:47:16,600 [Thread-95] DEBUG org.activiti.engine.impl.pvm.runtime.AtomicOperationActivityExecute  - ProcessInstance[294] executes Activity(theStart): org.activiti.engine.impl.bpmn.behavior.NoneStartEventActivityBehavior
10:47:16,600 [Thread-94] DEBUG org.activiti.engine.impl.pvm.runtime.AtomicOperationActivityExecute  - ProcessInstance[292] executes Activity(javaService): org.activiti.engine.impl.bpmn.helper.ClassDelegate
10:47:16,600 [Thread-94] DEBUG org.activiti.engine.impl.db.DbSqlSession  -   insert ProcessInstance[292]
10:47:16,600 [Thread-94] DEBUG org.activiti.engine.impl.db.DbSqlSession  -   insert HistoricProcessInstanceEntity[superProcessInstanceId=null]
10:47:16,600 [Thread-95] DEBUG org.activiti.engine.impl.persistence.entity.JobEntity.selectJobsByExecutionId  - ==&gt;  Preparing: select * from ACT_RU_JOB J where J.EXECUTION_ID_ = ? 
10:47:16,600 [Thread-94] DEBUG org.activiti.engine.impl.db.DbSqlSession  -   insert HistoricActivityInstanceEntity[activityId=theStart, activityName=null]
10:47:16,600 [Thread-94] DEBUG org.activiti.engine.impl.db.DbSqlSession  -   insert HistoricActivityInstanceEntity[activityId=javaService, activityName=Java service invocation]
10:47:16,600 [Thread-94] DEBUG org.activiti.engine.impl.db.DbSqlSession  - flush summary: 4 insert, 0 update, 0 delete.
10:47:16,600 [Thread-94] DEBUG org.activiti.engine.impl.db.DbSqlSession  - now executing flush...
10:47:16,600 [Thread-94] DEBUG org.activiti.engine.impl.db.DbSqlSession  - inserting: HistoricProcessInstanceEntity[superProcessInstanceId=null]
10:47:16,600 [Thread-95] DEBUG org.activiti.engine.impl.persistence.entity.JobEntity.selectJobsByExecutionId  - ==&gt; Parameters: 294(String)
10:47:16,600 [Thread-94] DEBUG org.activiti.engine.impl.persistence.entity.HistoricProcessInstanceEntity.insertHistoricProcessInstance  - ==&gt;  Preparing: insert into ACT_HI_PROCINST ( ID_, PROC_INST_ID_, BUSINESS_KEY_, PROC_DEF_ID_, START_TIME_, END_TIME_, DURATION_, START_USER_ID_, START_ACT_ID_, END_ACT_ID_, SUPER_PROCESS_INSTANCE_ID_, DELETE_REASON_, TENANT_ID_, NAME_ ) values ( ?, ?, ?, ?, ?, ?, ?, ?, ?, ?, ?, ?, ?, ? ) 
10:47:16,600 [Thread-95] DEBUG org.activiti.engine.impl.persistence.entity.JobEntity.selectJobsByExecutionId  - &lt;==      Total: 0
10:47:16,600 [Thread-95] DEBUG org.activiti.engine.impl.bpmn.behavior.BpmnActivityBehavior  - Leaving activity &apos;theStart&apos;
10:47:16,600 [Thread-94] DEBUG org.activiti.engine.impl.persistence.entity.HistoricProcessInstanceEntity.insertHistoricProcessInstance  - ==&gt; Parameters: 292(String), 292(String), null, idGeneratorDataSource:1:3(String), 2015-01-01 00:00:00.0(Timestamp), null, null, null, theStart(String), null, null, null, (String), null
10:47:16,600 [Thread-94] DEBUG org.activiti.engine.impl.persistence.entity.HistoricProcessInstanceEntity.insertHistoricProcessInstance  - &lt;==    Updates: 1
10:47:16,600 [Thread-95] DEBUG org.activiti.engine.impl.history.DefaultHistoryManager  - Current history level: FULL, level required: ACTIVITY
10:47:16,601 [Thread-95] DEBUG org.activiti.engine.impl.pvm.runtime.AtomicOperationTransitionNotifyListenerTake  - ProcessInstance[294] takes transition (theStart)--flow1--&gt;(javaService)
10:47:16,601 [Thread-95] DEBUG org.activiti.engine.impl.history.DefaultHistoryManager  - Current history level: FULL, level required: ACTIVITY
10:47:16,601 [Thread-95] DEBUG org.activiti.engine.impl.pvm.runtime.AtomicOperationActivityExecute  - ProcessInstance[294] executes Activity(javaService): org.activiti.engine.impl.bpmn.helper.ClassDelegate
10:47:16,601 [Thread-94] DEBUG org.activiti.engine.impl.persistence.entity.HistoricActivityInstanceEntity.bulkInsertHistoricActivityInstance  - ==&gt;  Preparing: insert into ACT_HI_ACTINST ( ID_, PROC_DEF_ID_, PROC_INST_ID_, EXECUTION_ID_, ACT_ID_, TASK_ID_, CALL_PROC_INST_ID_, ACT_NAME_, ACT_TYPE_, ASSIGNEE_, START_TIME_, END_TIME_, DURATION_, TENANT_ID_ ) values (?, ?, ?, ?, ?, ?, ?, ?, ?, ?, ?, ?, ?, ?) , (?, ?, ?, ?, ?, ?, ?, ?, ?, ?, ?, ?, ?, ?) 
10:47:16,601 [Thread-95] DEBUG org.activiti.engine.impl.db.DbSqlSession  -   insert ProcessInstance[294]
10:47:16,601 [Thread-95] DEBUG org.activiti.engine.impl.db.DbSqlSession  -   insert HistoricProcessInstanceEntity[superProcessInstanceId=null]
10:47:16,601 [Thread-95] DEBUG org.activiti.engine.impl.db.DbSqlSession  -   insert HistoricActivityInstanceEntity[activityId=theStart, activityName=null]
10:47:16,601 [Thread-95] DEBUG org.activiti.engine.impl.db.DbSqlSession  -   insert HistoricActivityInstanceEntity[activityId=javaService, activityName=Java service invocation]
10:47:16,601 [Thread-95] DEBUG org.activiti.engine.impl.db.DbSqlSession  - flush summary: 4 insert, 0 update, 0 delete.
10:47:16,601 [Thread-95] DEBUG org.activiti.engine.impl.db.DbSqlSession  - now executing flush...
10:47:16,601 [Thread-95] DEBUG org.activiti.engine.impl.db.DbSqlSession  - inserting: HistoricProcessInstanceEntity[superProcessInstanceId=null]
10:47:16,601 [Thread-94] DEBUG org.activiti.engine.impl.persistence.entity.HistoricActivityInstanceEntity.bulkInsertHistoricActivityInstance  - ==&gt; Parameters: 293(String), idGeneratorDataSource:1:3(String), 292(String), 292(String), theStart(String), null, null, null, startEvent(String), null, 2015-01-01 00:00:00.0(Timestamp), 2015-01-01 00:00:00.0(Timestamp), 0(Long), (String), 296(String), idGeneratorDataSource:1:3(String), 292(String), 292(String), javaService(String), null, null, Java service invocation(String), serviceTask(String), null, 2015-01-01 00:00:00.0(Timestamp), null, null, (String)
10:47:16,601 [Thread-95] DEBUG org.activiti.engine.impl.persistence.entity.HistoricProcessInstanceEntity.insertHistoricProcessInstance  - ==&gt;  Preparing: insert into ACT_HI_PROCINST ( ID_, PROC_INST_ID_, BUSINESS_KEY_, PROC_DEF_ID_, START_TIME_, END_TIME_, DURATION_, START_USER_ID_, START_ACT_ID_, END_ACT_ID_, SUPER_PROCESS_INSTANCE_ID_, DELETE_REASON_, TENANT_ID_, NAME_ ) values ( ?, ?, ?, ?, ?, ?, ?, ?, ?, ?, ?, ?, ?, ? ) 
10:47:16,601 [Thread-94] DEBUG org.activiti.engine.impl.persistence.entity.HistoricActivityInstanceEntity.bulkInsertHistoricActivityInstance  - &lt;==    Updates: 2
10:47:16,601 [Thread-94] DEBUG org.activiti.engine.impl.db.DbSqlSession  - inserting: ProcessInstance[292]
10:47:16,601 [Thread-95] DEBUG org.activiti.engine.impl.persistence.entity.HistoricProcessInstanceEntity.insertHistoricProcessInstance  - ==&gt; Parameters: 294(String), 294(String), null, idGeneratorDataSource:1:3(String), 2015-01-01 00:00:00.0(Timestamp), null, null, null, theStart(String), null, null, null, (String), null
10:47:16,601 [Thread-94] DEBUG org.activiti.engine.impl.persistence.entity.ExecutionEntity.insertExecution  - ==&gt;  Preparing: insert into ACT_RU_EXECUTION (ID_, REV_, PROC_INST_ID_, BUSINESS_KEY_, PROC_DEF_ID_, ACT_ID_, IS_ACTIVE_, IS_CONCURRENT_, IS_SCOPE_,IS_EVENT_SCOPE_, PARENT_ID_, SUPER_EXEC_, SUSPENSION_STATE_, CACHED_ENT_STATE_, TENANT_ID_, NAME_) values ( ?, 1, ?, ?, ?, ?, ?, ?, ?, ?, ?, ?, ?, ?, ?, ? ) 
10:47:16,601 [Thread-94] DEBUG org.activiti.engine.impl.persistence.entity.ExecutionEntity.insertExecution  - ==&gt; Parameters: 292(String), 292(String), null, idGeneratorDataSource:1:3(String), javaService(String), true(Boolean), false(Boolean), true(Boolean), false(Boolean), null, null, 1(Integer), 2(Integer), (String), null
10:47:16,601 [Thread-94] DEBUG org.activiti.engine.impl.persistence.entity.ExecutionEntity.insertExecution  - &lt;==    Updates: 1
10:47:16,601 [Thread-94] DEBUG org.activiti.engine.impl.cfg.standalone.StandaloneMybatisTransactionContext  - firing event committing...
10:47:16,601 [Thread-94] DEBUG org.activiti.engine.impl.cfg.standalone.StandaloneMybatisTransactionContext  - committing the ibatis sql session...
10:47:16,601 [Thread-94] DEBUG org.apache.ibatis.transaction.jdbc.JdbcTransaction  - Committing JDBC Connection [conn55: url=jdbc:h2:mem:activiti user=SA]
10:47:16,601 [Thread-94] DEBUG org.activiti.engine.impl.cfg.standalone.StandaloneMybatisTransactionContext  - firing event committed...
10:47:16,601 [Thread-94] DEBUG org.apache.ibatis.transaction.jdbc.JdbcTransaction  - Resetting autocommit to true on JDBC Connection [conn55: url=jdbc:h2:mem:activiti user=SA]
10:47:16,601 [Thread-94] DEBUG org.apache.ibatis.transaction.jdbc.JdbcTransaction  - Closing JDBC Connection [conn55: url=jdbc:h2:mem:activiti user=SA]
10:47:16,601 [Thread-94] DEBUG org.apache.ibatis.datasource.pooled.PooledDataSource  - Returned connection 14606730 to pool.
10:47:16,601 [Thread-94] DEBUG org.activiti.engine.impl.interceptor.LogInterceptor  - --- StartProcessInstanceCmd finished --------------------------------------------------------
10:47:16,601 [Thread-94] DEBUG org.activiti.engine.impl.interceptor.LogInterceptor  - 

10:47:16,601 [Thread-94] DEBUG org.activiti.engine.impl.interceptor.LogInterceptor  - 

10:47:16,601 [Thread-94] DEBUG org.activiti.engine.impl.interceptor.LogInterceptor  - --- starting StartProcessInstanceCmd --------------------------------------------------------
10:47:16,601 [Thread-95] DEBUG org.activiti.engine.impl.persistence.entity.HistoricProcessInstanceEntity.insertHistoricProcessInstance  - &lt;==    Updates: 1
10:47:16,601 [Thread-94] DEBUG org.apache.ibatis.transaction.jdbc.JdbcTransaction  - Opening JDBC Connection
10:47:16,601 [Thread-94] DEBUG org.apache.ibatis.datasource.pooled.PooledDataSource  - Checked out connection 14606730 from pool.
10:47:16,601 [Thread-94] DEBUG org.apache.ibatis.transaction.jdbc.JdbcTransaction  - Setting autocommit to false on JDBC Connection [conn55: url=jdbc:h2:mem:activiti user=SA]
10:47:16,602 [Thread-94] DEBUG org.activiti.engine.impl.persistence.entity.ProcessDefinitionEntity.selectLatestProcessDefinitionByKey  - ==&gt;  Preparing: select * from ACT_RE_PROCDEF where KEY_ = ? and (TENANT_ID_ = &apos;&apos; or TENANT_ID_ is null) and VERSION_ = (select max(VERSION_) from ACT_RE_PROCDEF where KEY_ = ? and (TENANT_ID_ = &apos;&apos; or TENANT_ID_ is null)) 
10:47:16,602 [Thread-95] DEBUG org.activiti.engine.impl.persistence.entity.HistoricActivityInstanceEntity.bulkInsertHistoricActivityInstance  - ==&gt;  Preparing: insert into ACT_HI_ACTINST ( ID_, PROC_DEF_ID_, PROC_INST_ID_, EXECUTION_ID_, ACT_ID_, TASK_ID_, CALL_PROC_INST_ID_, ACT_NAME_, ACT_TYPE_, ASSIGNEE_, START_TIME_, END_TIME_, DURATION_, TENANT_ID_ ) values (?, ?, ?, ?, ?, ?, ?, ?, ?, ?, ?, ?, ?, ?) , (?, ?, ?, ?, ?, ?, ?, ?, ?, ?, ?, ?, ?, ?) 
10:47:16,602 [Thread-94] DEBUG org.activiti.engine.impl.persistence.entity.ProcessDefinitionEntity.selectLatestProcessDefinitionByKey  - ==&gt; Parameters: idGeneratorDataSource(String), idGeneratorDataSource(String)
10:47:16,602 [Thread-95] DEBUG org.activiti.engine.impl.persistence.entity.HistoricActivityInstanceEntity.bulkInsertHistoricActivityInstance  - ==&gt; Parameters: 295(String), idGeneratorDataSource:1:3(String), 294(String), 294(String), theStart(String), null, null, null, startEvent(String), null, 2015-01-01 00:00:00.0(Timestamp), 2015-01-01 00:00:00.0(Timestamp), 0(Long), (String), 297(String), idGeneratorDataSource:1:3(String), 294(String), 294(String), javaService(String), null, null, Java service invocation(String), serviceTask(String), null, 2015-01-01 00:00:00.0(Timestamp), null, null, (String)
10:47:16,602 [Thread-94] DEBUG org.activiti.engine.impl.persistence.entity.ProcessDefinitionEntity.selectLatestProcessDefinitionByKey  - &lt;==      Total: 1
10:47:16,602 [Thread-95] DEBUG org.activiti.engine.impl.persistence.entity.HistoricActivityInstanceEntity.bulkInsertHistoricActivityInstance  - &lt;==    Updates: 2
10:47:16,602 [Thread-95] DEBUG org.activiti.engine.impl.db.DbSqlSession  - inserting: ProcessInstance[294]
10:47:16,602 [Thread-94] DEBUG org.activiti.engine.impl.interceptor.LogInterceptor  - 

10:47:16,602 [Thread-94] DEBUG org.activiti.engine.impl.interceptor.LogInterceptor  - --- starting GetNextIdBlockCmd --------------------------------------------------------
10:47:16,602 [Thread-95] DEBUG org.activiti.engine.impl.persistence.entity.ExecutionEntity.insertExecution  - ==&gt;  Preparing: insert into ACT_RU_EXECUTION (ID_, REV_, PROC_INST_ID_, BUSINESS_KEY_, PROC_DEF_ID_, ACT_ID_, IS_ACTIVE_, IS_CONCURRENT_, IS_SCOPE_,IS_EVENT_SCOPE_, PARENT_ID_, SUPER_EXEC_, SUSPENSION_STATE_, CACHED_ENT_STATE_, TENANT_ID_, NAME_) values ( ?, 1, ?, ?, ?, ?, ?, ?, ?, ?, ?, ?, ?, ?, ?, ? ) 
10:47:16,602 [Thread-94] DEBUG org.apache.ibatis.transaction.jdbc.JdbcTransaction  - Opening JDBC Connection
10:47:16,602 [Thread-94] DEBUG org.apache.ibatis.datasource.pooled.PooledDataSource  - Checked out connection 1094226572 from pool.
10:47:16,602 [Thread-94] DEBUG org.apache.ibatis.transaction.jdbc.JdbcTransaction  - Setting autocommit to false on JDBC Connection [conn54: url=jdbc:h2:mem:activiti user=SA]
10:47:16,602 [Thread-94] DEBUG org.activiti.engine.impl.persistence.entity.PropertyEntity.selectProperty  - ==&gt;  Preparing: select * from ACT_GE_PROPERTY where NAME_ = ? 
10:47:16,602 [Thread-95] DEBUG org.activiti.engine.impl.persistence.entity.ExecutionEntity.insertExecution  - ==&gt; Parameters: 294(String), 294(String), null, idGeneratorDataSource:1:3(String), javaService(String), true(Boolean), false(Boolean), true(Boolean), false(Boolean), null, null, 1(Integer), 2(Integer), (String), null
10:47:16,602 [Thread-94] DEBUG org.activiti.engine.impl.persistence.entity.PropertyEntity.selectProperty  - ==&gt; Parameters: next.dbid(String)
10:47:16,602 [Thread-95] DEBUG org.activiti.engine.impl.persistence.entity.ExecutionEntity.insertExecution  - &lt;==    Updates: 1
10:47:16,602 [Thread-94] DEBUG org.activiti.engine.impl.persistence.entity.PropertyEntity.selectProperty  - &lt;==      Total: 1
10:47:16,602 [Thread-95] DEBUG org.activiti.engine.impl.cfg.standalone.StandaloneMybatisTransactionContext  - firing event committing...
10:47:16,602 [Thread-95] DEBUG org.activiti.engine.impl.cfg.standalone.StandaloneMybatisTransactionContext  - committing the ibatis sql session...
10:47:16,602 [Thread-95] DEBUG org.apache.ibatis.transaction.jdbc.JdbcTransaction  - Committing JDBC Connection [conn53: url=jdbc:h2:mem:activiti user=SA]
10:47:16,602 [Thread-94] DEBUG org.activiti.engine.impl.db.DbSqlSession  -   update PropertyEntity[name=next.dbid, value=301]
10:47:16,602 [Thread-94] DEBUG org.activiti.engine.impl.db.DbSqlSession  - flush summary: 0 insert, 1 update, 0 delete.
10:47:16,602 [Thread-94] DEBUG org.activiti.engine.impl.db.DbSqlSession  - now executing flush...
10:47:16,602 [Thread-94] DEBUG org.activiti.engine.impl.db.DbSqlSession  - updating: PropertyEntity[name=next.dbid, value=301]
10:47:16,602 [Thread-95] DEBUG org.activiti.engine.impl.cfg.standalone.StandaloneMybatisTransactionContext  - firing event committed...
10:47:16,602 [Thread-94] DEBUG org.activiti.engine.impl.persistence.entity.PropertyEntity.updateProperty  - ==&gt;  Preparing: update ACT_GE_PROPERTY SET REV_ = ?, VALUE_ = ? where NAME_ = ? and REV_ = ? 
10:47:16,602 [Thread-95] DEBUG org.apache.ibatis.transaction.jdbc.JdbcTransaction  - Resetting autocommit to true on JDBC Connection [conn53: url=jdbc:h2:mem:activiti user=SA]
10:47:16,603 [Thread-94] DEBUG org.activiti.engine.impl.persistence.entity.PropertyEntity.updateProperty  - ==&gt; Parameters: 101(Integer), 301(String), next.dbid(String), 100(Integer)
10:47:16,603 [Thread-95] DEBUG org.apache.ibatis.transaction.jdbc.JdbcTransaction  - Closing JDBC Connection [conn53: url=jdbc:h2:mem:activiti user=SA]
10:47:16,603 [Thread-95] DEBUG org.apache.ibatis.datasource.pooled.PooledDataSource  - Returned connection 826925275 to pool.
10:47:16,603 [Thread-94] DEBUG org.activiti.engine.impl.persistence.entity.PropertyEntity.updateProperty  - &lt;==    Updates: 1
10:47:16,603 [Thread-95] DEBUG org.activiti.engine.impl.interceptor.LogInterceptor  - --- StartProcessInstanceCmd finished --------------------------------------------------------
10:47:16,603 [Thread-95] DEBUG org.activiti.engine.impl.interceptor.LogInterceptor  - 

10:47:16,603 [Thread-94] DEBUG org.activiti.engine.impl.cfg.standalone.StandaloneMybatisTransactionContext  - firing event committing...
10:47:16,603 [Thread-94] DEBUG org.activiti.engine.impl.cfg.standalone.StandaloneMybatisTransactionContext  - committing the ibatis sql session...
10:47:16,603 [Thread-94] DEBUG org.apache.ibatis.transaction.jdbc.JdbcTransaction  - Committing JDBC Connection [conn54: url=jdbc:h2:mem:activiti user=SA]
10:47:16,603 [Thread-94] DEBUG org.activiti.engine.impl.cfg.standalone.StandaloneMybatisTransactionContext  - firing event committed...
10:47:16,603 [Thread-94] DEBUG org.apache.ibatis.transaction.jdbc.JdbcTransaction  - Resetting autocommit to true on JDBC Connection [conn54: url=jdbc:h2:mem:activiti user=SA]
10:47:16,603 [Thread-94] DEBUG org.apache.ibatis.transaction.jdbc.JdbcTransaction  - Closing JDBC Connection [conn54: url=jdbc:h2:mem:activiti user=SA]
10:47:16,603 [Thread-94] DEBUG org.apache.ibatis.datasource.pooled.PooledDataSource  - Returned connection 1094226572 to pool.
10:47:16,603 [Thread-94] DEBUG org.activiti.engine.impl.interceptor.LogInterceptor  - --- GetNextIdBlockCmd finished --------------------------------------------------------
10:47:16,603 [Thread-94] DEBUG org.activiti.engine.impl.interceptor.LogInterceptor  - 

10:47:16,603 [Thread-94] DEBUG org.activiti.engine.impl.persistence.entity.ExecutionEntity  - initializing ProcessInstance[298]
10:47:16,603 [Thread-94] DEBUG org.activiti.engine.impl.history.DefaultHistoryManager  - Current history level: FULL, level required: ACTIVITY
10:47:16,603 [Thread-94] DEBUG org.activiti.engine.impl.pvm.runtime.AtomicOperationActivityExecute  - ProcessInstance[298] executes Activity(theStart): org.activiti.engine.impl.bpmn.behavior.NoneStartEventActivityBehavior
10:47:16,603 [Thread-94] DEBUG org.activiti.engine.impl.persistence.entity.JobEntity.selectJobsByExecutionId  - ==&gt;  Preparing: select * from ACT_RU_JOB J where J.EXECUTION_ID_ = ? 
10:47:16,603 [Thread-94] DEBUG org.activiti.engine.impl.persistence.entity.JobEntity.selectJobsByExecutionId  - ==&gt; Parameters: 298(String)
10:47:16,603 [Thread-94] DEBUG org.activiti.engine.impl.persistence.entity.JobEntity.selectJobsByExecutionId  - &lt;==      Total: 0
10:47:16,603 [Thread-94] DEBUG org.activiti.engine.impl.bpmn.behavior.BpmnActivityBehavior  - Leaving activity &apos;theStart&apos;
10:47:16,603 [Thread-94] DEBUG org.activiti.engine.impl.history.DefaultHistoryManager  - Current history level: FULL, level required: ACTIVITY
10:47:16,603 [Thread-94] DEBUG org.activiti.engine.impl.pvm.runtime.AtomicOperationTransitionNotifyListenerTake  - ProcessInstance[298] takes transition (theStart)--flow1--&gt;(javaService)
10:47:16,603 [Thread-94] DEBUG org.activiti.engine.impl.history.DefaultHistoryManager  - Current history level: FULL, level required: ACTIVITY
10:47:16,603 [Thread-94] DEBUG org.activiti.engine.impl.pvm.runtime.AtomicOperationActivityExecute  - ProcessInstance[298] executes Activity(javaService): org.activiti.engine.impl.bpmn.helper.ClassDelegate
10:47:16,603 [Thread-94] DEBUG org.activiti.engine.impl.db.DbSqlSession  -   insert ProcessInstance[298]
10:47:16,603 [Thread-94] DEBUG org.activiti.engine.impl.db.DbSqlSession  -   insert HistoricProcessInstanceEntity[superProcessInstanceId=null]
10:47:16,603 [Thread-94] DEBUG org.activiti.engine.impl.db.DbSqlSession  -   insert HistoricActivityInstanceEntity[activityId=theStart, activityName=null]
10:47:16,603 [Thread-94] DEBUG org.activiti.engine.impl.db.DbSqlSession  -   insert HistoricActivityInstanceEntity[activityId=javaService, activityName=Java service invocation]
10:47:16,603 [Thread-94] DEBUG org.activiti.engine.impl.db.DbSqlSession  - flush summary: 4 insert, 0 update, 0 delete.
10:47:16,603 [Thread-94] DEBUG org.activiti.engine.impl.db.DbSqlSession  - now executing flush...
10:47:16,603 [Thread-94] DEBUG org.activiti.engine.impl.db.DbSqlSession  - inserting: HistoricProcessInstanceEntity[superProcessInstanceId=null]
10:47:16,603 [Thread-94] DEBUG org.activiti.engine.impl.persistence.entity.HistoricProcessInstanceEntity.insertHistoricProcessInstance  - ==&gt;  Preparing: insert into ACT_HI_PROCINST ( ID_, PROC_INST_ID_, BUSINESS_KEY_, PROC_DEF_ID_, START_TIME_, END_TIME_, DURATION_, START_USER_ID_, START_ACT_ID_, END_ACT_ID_, SUPER_PROCESS_INSTANCE_ID_, DELETE_REASON_, TENANT_ID_, NAME_ ) values ( ?, ?, ?, ?, ?, ?, ?, ?, ?, ?, ?, ?, ?, ? ) 
10:47:16,603 [Thread-94] DEBUG org.activiti.engine.impl.persistence.entity.HistoricProcessInstanceEntity.insertHistoricProcessInstance  - ==&gt; Parameters: 298(String), 298(String), null, idGeneratorDataSource:1:3(String), 2015-01-01 00:00:00.0(Timestamp), null, null, null, theStart(String), null, null, null, (String), null
10:47:16,604 [Thread-94] DEBUG org.activiti.engine.impl.persistence.entity.HistoricProcessInstanceEntity.insertHistoricProcessInstance  - &lt;==    Updates: 1
10:47:16,604 [Thread-94] DEBUG org.activiti.engine.impl.persistence.entity.HistoricActivityInstanceEntity.bulkInsertHistoricActivityInstance  - ==&gt;  Preparing: insert into ACT_HI_ACTINST ( ID_, PROC_DEF_ID_, PROC_INST_ID_, EXECUTION_ID_, ACT_ID_, TASK_ID_, CALL_PROC_INST_ID_, ACT_NAME_, ACT_TYPE_, ASSIGNEE_, START_TIME_, END_TIME_, DURATION_, TENANT_ID_ ) values (?, ?, ?, ?, ?, ?, ?, ?, ?, ?, ?, ?, ?, ?) , (?, ?, ?, ?, ?, ?, ?, ?, ?, ?, ?, ?, ?, ?) 
10:47:16,604 [Thread-94] DEBUG org.activiti.engine.impl.persistence.entity.HistoricActivityInstanceEntity.bulkInsertHistoricActivityInstance  - ==&gt; Parameters: 299(String), idGeneratorDataSource:1:3(String), 298(String), 298(String), theStart(String), null, null, null, startEvent(String), null, 2015-01-01 00:00:00.0(Timestamp), 2015-01-01 00:00:00.0(Timestamp), 0(Long), (String), 300(String), idGeneratorDataSource:1:3(String), 298(String), 298(String), javaService(String), null, null, Java service invocation(String), serviceTask(String), null, 2015-01-01 00:00:00.0(Timestamp), null, null, (String)
10:47:16,604 [Thread-94] DEBUG org.activiti.engine.impl.persistence.entity.HistoricActivityInstanceEntity.bulkInsertHistoricActivityInstance  - &lt;==    Updates: 2
10:47:16,604 [Thread-94] DEBUG org.activiti.engine.impl.db.DbSqlSession  - inserting: ProcessInstance[298]
10:47:16,604 [Thread-94] DEBUG org.activiti.engine.impl.persistence.entity.ExecutionEntity.insertExecution  - ==&gt;  Preparing: insert into ACT_RU_EXECUTION (ID_, REV_, PROC_INST_ID_, BUSINESS_KEY_, PROC_DEF_ID_, ACT_ID_, IS_ACTIVE_, IS_CONCURRENT_, IS_SCOPE_,IS_EVENT_SCOPE_, PARENT_ID_, SUPER_EXEC_, SUSPENSION_STATE_, CACHED_ENT_STATE_, TENANT_ID_, NAME_) values ( ?, 1, ?, ?, ?, ?, ?, ?, ?, ?, ?, ?, ?, ?, ?, ? ) 
10:47:16,604 [Thread-94] DEBUG org.activiti.engine.impl.persistence.entity.ExecutionEntity.insertExecution  - ==&gt; Parameters: 298(String), 298(String), null, idGeneratorDataSource:1:3(String), javaService(String), true(Boolean), false(Boolean), true(Boolean), false(Boolean), null, null, 1(Integer), 2(Integer), (String), null
10:47:16,604 [Thread-94] DEBUG org.activiti.engine.impl.persistence.entity.ExecutionEntity.insertExecution  - &lt;==    Updates: 1
10:47:16,604 [Thread-94] DEBUG org.activiti.engine.impl.cfg.standalone.StandaloneMybatisTransactionContext  - firing event committing...
10:47:16,604 [Thread-94] DEBUG org.activiti.engine.impl.cfg.standalone.StandaloneMybatisTransactionContext  - committing the ibatis sql session...
10:47:16,604 [Thread-94] DEBUG org.apache.ibatis.transaction.jdbc.JdbcTransaction  - Committing JDBC Connection [conn55: url=jdbc:h2:mem:activiti user=SA]
10:47:16,604 [Thread-94] DEBUG org.activiti.engine.impl.cfg.standalone.StandaloneMybatisTransactionContext  - firing event committed...
10:47:16,604 [Thread-94] DEBUG org.apache.ibatis.transaction.jdbc.JdbcTransaction  - Resetting autocommit to true on JDBC Connection [conn55: url=jdbc:h2:mem:activiti user=SA]
10:47:16,604 [Thread-94] DEBUG org.apache.ibatis.transaction.jdbc.JdbcTransaction  - Closing JDBC Connection [conn55: url=jdbc:h2:mem:activiti user=SA]
10:47:16,604 [Thread-94] DEBUG org.apache.ibatis.datasource.pooled.PooledDataSource  - Returned connection 14606730 to pool.
10:47:16,604 [Thread-94] DEBUG org.activiti.engine.impl.interceptor.LogInterceptor  - --- StartProcessInstanceCmd finished --------------------------------------------------------
10:47:16,604 [Thread-94] DEBUG org.activiti.engine.impl.interceptor.LogInterceptor  - 

10:47:16,604 [Thread-94] DEBUG org.activiti.engine.impl.interceptor.LogInterceptor  - 

10:47:16,604 [Thread-94] DEBUG org.activiti.engine.impl.interceptor.LogInterceptor  - --- starting StartProcessInstanceCmd --------------------------------------------------------
10:47:16,604 [Thread-94] DEBUG org.apache.ibatis.transaction.jdbc.JdbcTransaction  - Opening JDBC Connection
10:47:16,604 [Thread-94] DEBUG org.apache.ibatis.datasource.pooled.PooledDataSource  - Checked out connection 826925275 from pool.
10:47:16,604 [Thread-94] DEBUG org.apache.ibatis.transaction.jdbc.JdbcTransaction  - Setting autocommit to false on JDBC Connection [conn53: url=jdbc:h2:mem:activiti user=SA]
10:47:16,604 [Thread-94] DEBUG org.activiti.engine.impl.persistence.entity.ProcessDefinitionEntity.selectLatestProcessDefinitionByKey  - ==&gt;  Preparing: select * from ACT_RE_PROCDEF where KEY_ = ? and (TENANT_ID_ = &apos;&apos; or TENANT_ID_ is null) and VERSION_ = (select max(VERSION_) from ACT_RE_PROCDEF where KEY_ = ? and (TENANT_ID_ = &apos;&apos; or TENANT_ID_ is null)) 
10:47:16,604 [Thread-94] DEBUG org.activiti.engine.impl.persistence.entity.ProcessDefinitionEntity.selectLatestProcessDefinitionByKey  - ==&gt; Parameters: idGeneratorDataSource(String), idGeneratorDataSource(String)
10:47:16,604 [Thread-94] DEBUG org.activiti.engine.impl.persistence.entity.ProcessDefinitionEntity.selectLatestProcessDefinitionByKey  - &lt;==      Total: 1
10:47:16,604 [Thread-94] DEBUG org.activiti.engine.impl.interceptor.LogInterceptor  - 

10:47:16,604 [Thread-94] DEBUG org.activiti.engine.impl.interceptor.LogInterceptor  - --- starting GetNextIdBlockCmd --------------------------------------------------------
10:47:16,604 [Thread-94] DEBUG org.apache.ibatis.transaction.jdbc.JdbcTransaction  - Opening JDBC Connection
10:47:16,604 [Thread-94] DEBUG org.apache.ibatis.datasource.pooled.PooledDataSource  - Checked out connection 1094226572 from pool.
10:47:16,604 [Thread-94] DEBUG org.apache.ibatis.transaction.jdbc.JdbcTransaction  - Setting autocommit to false on JDBC Connection [conn54: url=jdbc:h2:mem:activiti user=SA]
10:47:16,604 [Thread-94] DEBUG org.activiti.engine.impl.persistence.entity.PropertyEntity.selectProperty  - ==&gt;  Preparing: select * from ACT_GE_PROPERTY where NAME_ = ? 
10:47:16,604 [Thread-94] DEBUG org.activiti.engine.impl.persistence.entity.PropertyEntity.selectProperty  - ==&gt; Parameters: next.dbid(String)
10:47:16,604 [Thread-94] DEBUG org.activiti.engine.impl.persistence.entity.PropertyEntity.selectProperty  - &lt;==      Total: 1
10:47:16,604 [Thread-94] DEBUG org.activiti.engine.impl.db.DbSqlSession  -   update PropertyEntity[name=next.dbid, value=304]
10:47:16,605 [Thread-94] DEBUG org.activiti.engine.impl.db.DbSqlSession  - flush summary: 0 insert, 1 update, 0 delete.
10:47:16,605 [Thread-94] DEBUG org.activiti.engine.impl.db.DbSqlSession  - now executing flush...
10:47:16,605 [Thread-94] DEBUG org.activiti.engine.impl.db.DbSqlSession  - updating: PropertyEntity[name=next.dbid, value=304]
10:47:16,605 [Thread-94] DEBUG org.activiti.engine.impl.persistence.entity.PropertyEntity.updateProperty  - ==&gt;  Preparing: update ACT_GE_PROPERTY SET REV_ = ?, VALUE_ = ? where NAME_ = ? and REV_ = ? 
10:47:16,605 [Thread-94] DEBUG org.activiti.engine.impl.persistence.entity.PropertyEntity.updateProperty  - ==&gt; Parameters: 102(Integer), 304(String), next.dbid(String), 101(Integer)
10:47:16,605 [Thread-94] DEBUG org.activiti.engine.impl.persistence.entity.PropertyEntity.updateProperty  - &lt;==    Updates: 1
10:47:16,605 [Thread-94] DEBUG org.activiti.engine.impl.cfg.standalone.StandaloneMybatisTransactionContext  - firing event committing...
10:47:16,605 [Thread-94] DEBUG org.activiti.engine.impl.cfg.standalone.StandaloneMybatisTransactionContext  - committing the ibatis sql session...
10:47:16,605 [Thread-94] DEBUG org.apache.ibatis.transaction.jdbc.JdbcTransaction  - Committing JDBC Connection [conn54: url=jdbc:h2:mem:activiti user=SA]
10:47:16,605 [Thread-94] DEBUG org.activiti.engine.impl.cfg.standalone.StandaloneMybatisTransactionContext  - firing event committed...
10:47:16,605 [Thread-94] DEBUG org.apache.ibatis.transaction.jdbc.JdbcTransaction  - Resetting autocommit to true on JDBC Connection [conn54: url=jdbc:h2:mem:activiti user=SA]
10:47:16,605 [Thread-94] DEBUG org.apache.ibatis.transaction.jdbc.JdbcTransaction  - Closing JDBC Connection [conn54: url=jdbc:h2:mem:activiti user=SA]
10:47:16,605 [Thread-94] DEBUG org.apache.ibatis.datasource.pooled.PooledDataSource  - Returned connection 1094226572 to pool.
10:47:16,605 [Thread-94] DEBUG org.activiti.engine.impl.interceptor.LogInterceptor  - --- GetNextIdBlockCmd finished --------------------------------------------------------
10:47:16,605 [Thread-94] DEBUG org.activiti.engine.impl.interceptor.LogInterceptor  - 

10:47:16,605 [Thread-94] DEBUG org.activiti.engine.impl.persistence.entity.ExecutionEntity  - initializing ProcessInstance[301]
10:47:16,605 [Thread-94] DEBUG org.activiti.engine.impl.history.DefaultHistoryManager  - Current history level: FULL, level required: ACTIVITY
10:47:16,605 [Thread-94] DEBUG org.activiti.engine.impl.pvm.runtime.AtomicOperationActivityExecute  - ProcessInstance[301] executes Activity(theStart): org.activiti.engine.impl.bpmn.behavior.NoneStartEventActivityBehavior
10:47:16,605 [Thread-94] DEBUG org.activiti.engine.impl.persistence.entity.JobEntity.selectJobsByExecutionId  - ==&gt;  Preparing: select * from ACT_RU_JOB J where J.EXECUTION_ID_ = ? 
10:47:16,605 [Thread-94] DEBUG org.activiti.engine.impl.persistence.entity.JobEntity.selectJobsByExecutionId  - ==&gt; Parameters: 301(String)
10:47:16,605 [Thread-94] DEBUG org.activiti.engine.impl.persistence.entity.JobEntity.selectJobsByExecutionId  - &lt;==      Total: 0
10:47:16,605 [Thread-94] DEBUG org.activiti.engine.impl.bpmn.behavior.BpmnActivityBehavior  - Leaving activity &apos;theStart&apos;
10:47:16,605 [Thread-94] DEBUG org.activiti.engine.impl.history.DefaultHistoryManager  - Current history level: FULL, level required: ACTIVITY
10:47:16,605 [Thread-94] DEBUG org.activiti.engine.impl.pvm.runtime.AtomicOperationTransitionNotifyListenerTake  - ProcessInstance[301] takes transition (theStart)--flow1--&gt;(javaService)
10:47:16,605 [Thread-94] DEBUG org.activiti.engine.impl.history.DefaultHistoryManager  - Current history level: FULL, level required: ACTIVITY
10:47:16,605 [Thread-94] DEBUG org.activiti.engine.impl.pvm.runtime.AtomicOperationActivityExecute  - ProcessInstance[301] executes Activity(javaService): org.activiti.engine.impl.bpmn.helper.ClassDelegate
10:47:16,605 [Thread-94] DEBUG org.activiti.engine.impl.db.DbSqlSession  -   insert ProcessInstance[301]
10:47:16,605 [Thread-94] DEBUG org.activiti.engine.impl.db.DbSqlSession  -   insert HistoricProcessInstanceEntity[superProcessInstanceId=null]
10:47:16,605 [Thread-94] DEBUG org.activiti.engine.impl.db.DbSqlSession  -   insert HistoricActivityInstanceEntity[activityId=theStart, activityName=null]
10:47:16,605 [Thread-94] DEBUG org.activiti.engine.impl.db.DbSqlSession  -   insert HistoricActivityInstanceEntity[activityId=javaService, activityName=Java service invocation]
10:47:16,605 [Thread-94] DEBUG org.activiti.engine.impl.db.DbSqlSession  - flush summary: 4 insert, 0 update, 0 delete.
10:47:16,605 [Thread-94] DEBUG org.activiti.engine.impl.db.DbSqlSession  - now executing flush...
10:47:16,605 [Thread-94] DEBUG org.activiti.engine.impl.db.DbSqlSession  - inserting: HistoricProcessInstanceEntity[superProcessInstanceId=null]
10:47:16,605 [Thread-94] DEBUG org.activiti.engine.impl.persistence.entity.HistoricProcessInstanceEntity.insertHistoricProcessInstance  - ==&gt;  Preparing: insert into ACT_HI_PROCINST ( ID_, PROC_INST_ID_, BUSINESS_KEY_, PROC_DEF_ID_, START_TIME_, END_TIME_, DURATION_, START_USER_ID_, START_ACT_ID_, END_ACT_ID_, SUPER_PROCESS_INSTANCE_ID_, DELETE_REASON_, TENANT_ID_, NAME_ ) values ( ?, ?, ?, ?, ?, ?, ?, ?, ?, ?, ?, ?, ?, ? ) 
10:47:16,605 [Thread-94] DEBUG org.activiti.engine.impl.persistence.entity.HistoricProcessInstanceEntity.insertHistoricProcessInstance  - ==&gt; Parameters: 301(String), 301(String), null, idGeneratorDataSource:1:3(String), 2015-01-01 00:00:00.0(Timestamp), null, null, null, theStart(String), null, null, null, (String), null
10:47:16,605 [Thread-94] DEBUG org.activiti.engine.impl.persistence.entity.HistoricProcessInstanceEntity.insertHistoricProcessInstance  - &lt;==    Updates: 1
10:47:16,605 [Thread-94] DEBUG org.activiti.engine.impl.persistence.entity.HistoricActivityInstanceEntity.bulkInsertHistoricActivityInstance  - ==&gt;  Preparing: insert into ACT_HI_ACTINST ( ID_, PROC_DEF_ID_, PROC_INST_ID_, EXECUTION_ID_, ACT_ID_, TASK_ID_, CALL_PROC_INST_ID_, ACT_NAME_, ACT_TYPE_, ASSIGNEE_, START_TIME_, END_TIME_, DURATION_, TENANT_ID_ ) values (?, ?, ?, ?, ?, ?, ?, ?, ?, ?, ?, ?, ?, ?) , (?, ?, ?, ?, ?, ?, ?, ?, ?, ?, ?, ?, ?, ?) 
10:47:16,606 [Thread-94] DEBUG org.activiti.engine.impl.persistence.entity.HistoricActivityInstanceEntity.bulkInsertHistoricActivityInstance  - ==&gt; Parameters: 302(String), idGeneratorDataSource:1:3(String), 301(String), 301(String), theStart(String), null, null, null, startEvent(String), null, 2015-01-01 00:00:00.0(Timestamp), 2015-01-01 00:00:00.0(Timestamp), 0(Long), (String), 303(String), idGeneratorDataSource:1:3(String), 301(String), 301(String), javaService(String), null, null, Java service invocation(String), serviceTask(String), null, 2015-01-01 00:00:00.0(Timestamp), null, null, (String)
10:47:16,606 [Thread-94] DEBUG org.activiti.engine.impl.persistence.entity.HistoricActivityInstanceEntity.bulkInsertHistoricActivityInstance  - &lt;==    Updates: 2
10:47:16,606 [Thread-94] DEBUG org.activiti.engine.impl.db.DbSqlSession  - inserting: ProcessInstance[301]
10:47:16,606 [Thread-94] DEBUG org.activiti.engine.impl.persistence.entity.ExecutionEntity.insertExecution  - ==&gt;  Preparing: insert into ACT_RU_EXECUTION (ID_, REV_, PROC_INST_ID_, BUSINESS_KEY_, PROC_DEF_ID_, ACT_ID_, IS_ACTIVE_, IS_CONCURRENT_, IS_SCOPE_,IS_EVENT_SCOPE_, PARENT_ID_, SUPER_EXEC_, SUSPENSION_STATE_, CACHED_ENT_STATE_, TENANT_ID_, NAME_) values ( ?, 1, ?, ?, ?, ?, ?, ?, ?, ?, ?, ?, ?, ?, ?, ? ) 
10:47:16,606 [Thread-94] DEBUG org.activiti.engine.impl.persistence.entity.ExecutionEntity.insertExecution  - ==&gt; Parameters: 301(String), 301(String), null, idGeneratorDataSource:1:3(String), javaService(String), true(Boolean), false(Boolean), true(Boolean), false(Boolean), null, null, 1(Integer), 2(Integer), (String), null
10:47:16,606 [Thread-94] DEBUG org.activiti.engine.impl.persistence.entity.ExecutionEntity.insertExecution  - &lt;==    Updates: 1
10:47:16,606 [Thread-94] DEBUG org.activiti.engine.impl.cfg.standalone.StandaloneMybatisTransactionContext  - firing event committing...
10:47:16,606 [Thread-94] DEBUG org.activiti.engine.impl.cfg.standalone.StandaloneMybatisTransactionContext  - committing the ibatis sql session...
10:47:16,606 [Thread-94] DEBUG org.apache.ibatis.transaction.jdbc.JdbcTransaction  - Committing JDBC Connection [conn53: url=jdbc:h2:mem:activiti user=SA]
10:47:16,606 [Thread-94] DEBUG org.activiti.engine.impl.cfg.standalone.StandaloneMybatisTransactionContext  - firing event committed...
10:47:16,606 [Thread-94] DEBUG org.apache.ibatis.transaction.jdbc.JdbcTransaction  - Resetting autocommit to true on JDBC Connection [conn53: url=jdbc:h2:mem:activiti user=SA]
10:47:16,606 [Thread-94] DEBUG org.apache.ibatis.transaction.jdbc.JdbcTransaction  - Closing JDBC Connection [conn53: url=jdbc:h2:mem:activiti user=SA]
10:47:16,606 [Thread-94] DEBUG org.apache.ibatis.datasource.pooled.PooledDataSource  - Returned connection 826925275 to pool.
10:47:16,606 [Thread-94] DEBUG org.activiti.engine.impl.interceptor.LogInterceptor  - --- StartProcessInstanceCmd finished --------------------------------------------------------
10:47:16,606 [Thread-94] DEBUG org.activiti.engine.impl.interceptor.LogInterceptor  - 

10:47:16,606 [main] DEBUG org.activiti.engine.impl.test.PvmTestCase  - #### END IdGeneratorDataSourceTest.testIdGeneratorDataSource #############################################################
10:47:16,606 [main] DEBUG org.activiti.engine.impl.test.TestHelper  - annotation @Deployment deletes deployment for IdGeneratorDataSourceTest.testIdGeneratorDataSource
10:47:16,606 [main] DEBUG org.activiti.engine.impl.interceptor.LogInterceptor  - 

10:47:16,606 [main] DEBUG org.activiti.engine.impl.interceptor.LogInterceptor  - --- starting DeleteDeploymentCmd --------------------------------------------------------
10:47:16,606 [main] DEBUG org.apache.ibatis.transaction.jdbc.JdbcTransaction  - Opening JDBC Connection
10:47:16,606 [main] DEBUG org.apache.ibatis.datasource.pooled.PooledDataSource  - Checked out connection 14606730 from pool.
10:47:16,606 [main] DEBUG org.apache.ibatis.transaction.jdbc.JdbcTransaction  - Setting autocommit to false on JDBC Connection [conn55: url=jdbc:h2:mem:activiti user=SA]
10:47:16,606 [main] DEBUG org.activiti.engine.impl.persistence.entity.DeploymentEntity.selectDeploymentById  - ==&gt;  Preparing: select * from ACT_RE_DEPLOYMENT where ID_ = ? 
10:47:16,606 [main] DEBUG org.activiti.engine.impl.persistence.entity.DeploymentEntity.selectDeploymentById  - ==&gt; Parameters: 1(String)
10:47:16,606 [main] DEBUG org.activiti.engine.impl.persistence.entity.DeploymentEntity.selectDeploymentById  - &lt;==      Total: 1
10:47:16,607 [main] DEBUG org.activiti.engine.impl.persistence.entity.ProcessDefinitionEntity.selectProcessDefinitionsByQueryCriteria  - ==&gt;  Preparing: select RES.* from ACT_RE_PROCDEF RES WHERE RES.DEPLOYMENT_ID_ = ? order by order by RES.ID_ asc LIMIT ? OFFSET ? 
10:47:16,607 [main] DEBUG org.activiti.engine.impl.interceptor.CommandContext  - Error while closing command context
org.apache.ibatis.exceptions.PersistenceException: 
### Error querying database.  Cause: org.h2.jdbc.JdbcSQLException: Syntax error in SQL statement &quot;SELECT RES.* 
       
    FROM ACT_RE_PROCDEF RES
     
     WHERE  RES.DEPLOYMENT_ID_ = ? 
   
     ORDER BY  ORDER[*] BY RES.ID_ ASC  
    LIMIT ? OFFSET ? &quot;; expected &quot;=, NOT, EXISTS, INTERSECTS, SELECT, FROM&quot;; SQL statement:
select RES.* 
       
    from ACT_RE_PROCDEF RES
     
     WHERE  RES.DEPLOYMENT_ID_ = ? 
   
     order by  order by RES.ID_ asc  
    LIMIT ? OFFSET ? [42001-176]
### The error may exist in org/activiti/db/mapping/entity/ProcessDefinition.xml
### The error may involve org.activiti.engine.impl.persistence.entity.ProcessDefinitionEntity.selectProcessDefinitionsByQueryCriteria
### The error occurred while executing a query
### SQL: select RES.*              from ACT_RE_PROCDEF RES            WHERE  RES.DEPLOYMENT_ID_ = ?           order by  order by RES.ID_ asc       LIMIT ? OFFSET ?
### Cause: org.h2.jdbc.JdbcSQLException: Syntax error in SQL statement &quot;SELECT RES.* 
       
    FROM ACT_RE_PROCDEF RES
     
     WHERE  RES.DEPLOYMENT_ID_ = ? 
   
     ORDER BY  ORDER[*] BY RES.ID_ ASC  
    LIMIT ? OFFSET ? &quot;; expected &quot;=, NOT, EXISTS, INTERSECTS, SELECT, FROM&quot;; SQL statement:
select RES.* 
       
    from ACT_RE_PROCDEF RES
     
     WHERE  RES.DEPLOYMENT_ID_ = ? 
   
     order by  order by RES.ID_ asc  
    LIMIT ? OFFSET ? [42001-176]
	at org.apache.ibatis.exceptions.ExceptionFactory.wrapException(ExceptionFactory.java:30)
	at org.apache.ibatis.session.defaults.DefaultSqlSession.selectList(DefaultSqlSession.java:122)
	at org.apache.ibatis.session.defaults.DefaultSqlSession.selectList(DefaultSqlSession.java:113)
	at org.activiti.engine.impl.db.DbSqlSession.selectListWithRawParameter(DbSqlSession.java:438)
	at org.activiti.engine.impl.db.DbSqlSession.selectList(DbSqlSession.java:429)
	at org.activiti.engine.impl.db.DbSqlSession.selectList(DbSqlSession.java:419)
	at org.activiti.engine.impl.persistence.entity.ProcessDefinitionEntityManager.findProcessDefinitionsByQueryCriteria(ProcessDefinitionEntityManager.java:57)
	at org.activiti.engine.impl.ProcessDefinitionQueryImpl.executeList(ProcessDefinitionQueryImpl.java:307)
	at org.activiti.engine.impl.AbstractQuery.list(AbstractQuery.java:140)
	at org.activiti.engine.impl.persistence.deploy.DeploymentManager.removeDeployment(DeploymentManager.java:187)
	at org.activiti.engine.impl.cmd.DeleteDeploymentCmd.execute(DeleteDeploymentCmd.java:44)
	at org.activiti.engine.impl.cmd.DeleteDeploymentCmd.execute(DeleteDeploymentCmd.java:24)
	at org.activiti.engine.impl.interceptor.CommandInvoker.execute(CommandInvoker.java:24)
	at org.activiti.engine.impl.interceptor.CommandContextInterceptor.execute(CommandContextInterceptor.java:57)
	at org.activiti.engine.impl.interceptor.LogInterceptor.execute(LogInterceptor.java:37)
	at org.activiti.engine.impl.cfg.CommandExecutorImpl.execute(CommandExecutorImpl.java:40)
	at org.activiti.engine.impl.cfg.CommandExecutorImpl.execute(CommandExecutorImpl.java:35)
	at org.activiti.engine.impl.RepositoryServiceImpl.deleteDeployment(RepositoryServiceImpl.java:90)
	at org.activiti.engine.impl.test.TestHelper.annotationDeploymentTearDown(TestHelper.java:116)
	at org.activiti.engine.impl.test.AbstractActivitiTestCase.runBare(AbstractActivitiTestCase.java:116)
	at junit.framework.TestResult$1.protect(TestResult.java:122)
	at junit.framework.TestResult.runProtected(TestResult.java:142)
	at junit.framework.TestResult.run(TestResult.java:125)
	at junit.framework.TestCase.run(TestCase.java:129)
	at junit.framework.TestSuite.runTest(TestSuite.java:255)
	at junit.framework.TestSuite.run(TestSuite.java:250)
	at org.junit.internal.runners.JUnit38ClassRunner.run(JUnit38ClassRunner.java:84)
	at org.apache.maven.surefire.junit4.JUnit4TestSet.execute(JUnit4TestSet.java:35)
	at org.apache.maven.surefire.junit4.JUnit4Provider.executeTestSet(JUnit4Provider.java:146)
	at org.apache.maven.surefire.junit4.JUnit4Provider.invoke(JUnit4Provider.java:97)
	at sun.reflect.NativeMethodAccessorImpl.invoke0(Native Method)
	at sun.reflect.NativeMethodAccessorImpl.invoke(NativeMethodAccessorImpl.java:62)
	at sun.reflect.DelegatingMethodAccessorImpl.invoke(DelegatingMethodAccessorImpl.java:43)
	at java.lang.reflect.Method.invoke(Method.java:498)
	at org.apache.maven.surefire.booter.ProviderFactory$ClassLoaderProxy.invoke(ProviderFactory.java:103)
	at com.sun.proxy.$Proxy0.invoke(Unknown Source)
	at org.apache.maven.surefire.booter.SurefireStarter.invokeProvider(SurefireStarter.java:145)
	at org.apache.maven.surefire.booter.SurefireStarter.runSuitesInProcess(SurefireStarter.java:87)
	at org.apache.maven.surefire.booter.ForkedBooter.main(ForkedBooter.java:69)
Caused by: org.h2.jdbc.JdbcSQLException: Syntax error in SQL statement &quot;SELECT RES.* 
       
    FROM ACT_RE_PROCDEF RES
     
     WHERE  RES.DEPLOYMENT_ID_ = ? 
   
     ORDER BY  ORDER[*] BY RES.ID_ ASC  
    LIMIT ? OFFSET ? &quot;; expected &quot;=, NOT, EXISTS, INTERSECTS, SELECT, FROM&quot;; SQL statement:
select RES.* 
       
    from ACT_RE_PROCDEF RES
     
     WHERE  RES.DEPLOYMENT_ID_ = ? 
   
     order by  order by RES.ID_ asc  
    LIMIT ? OFFSET ? [42001-176]
	at org.h2.message.DbException.getJdbcSQLException(DbException.java:344)
	at org.h2.message.DbException.getSyntaxError(DbException.java:204)
	at org.h2.command.Parser.getSyntaxError(Parser.java:524)
	at org.h2.command.Parser.readTerm(Parser.java:2688)
	at org.h2.command.Parser.readFactor(Parser.java:2244)
	at org.h2.command.Parser.readSum(Parser.java:2231)
	at org.h2.command.Parser.readConcat(Parser.java:2201)
	at org.h2.command.Parser.readCondition(Parser.java:2051)
	at org.h2.command.Parser.readAnd(Parser.java:2023)
	at org.h2.command.Parser.readExpression(Parser.java:2015)
	at org.h2.command.Parser.parseEndOfQuery(Parser.java:1726)
	at org.h2.command.Parser.parseSelectUnionExtension(Parser.java:1706)
	at org.h2.command.Parser.parseSelectUnion(Parser.java:1675)
	at org.h2.command.Parser.parseSelect(Parser.java:1662)
	at org.h2.command.Parser.parsePrepared(Parser.java:434)
	at org.h2.command.Parser.parse(Parser.java:306)
	at org.h2.command.Parser.parse(Parser.java:282)
	at org.h2.command.Parser.prepareCommand(Parser.java:243)
	at org.h2.engine.Session.prepareLocal(Session.java:442)
	at org.h2.engine.Session.prepareCommand(Session.java:384)
	at org.h2.jdbc.JdbcConnection.prepareCommand(JdbcConnection.java:1188)
	at org.h2.jdbc.JdbcPreparedStatement.&lt;init&gt;(JdbcPreparedStatement.java:73)
	at org.h2.jdbc.JdbcConnection.prepareStatement(JdbcConnection.java:276)
	at sun.reflect.GeneratedMethodAccessor6.invoke(Unknown Source)
	at sun.reflect.DelegatingMethodAccessorImpl.invoke(DelegatingMethodAccessorImpl.java:43)
	at java.lang.reflect.Method.invoke(Method.java:498)
	at org.apache.ibatis.datasource.pooled.PooledConnection.invoke(PooledConnection.java:245)
	at com.sun.proxy.$Proxy12.prepareStatement(Unknown Source)
	at sun.reflect.GeneratedMethodAccessor6.invoke(Unknown Source)
	at sun.reflect.DelegatingMethodAccessorImpl.invoke(DelegatingMethodAccessorImpl.java:43)
	at java.lang.reflect.Method.invoke(Method.java:498)
	at org.apache.ibatis.logging.jdbc.ConnectionLogger.invoke(ConnectionLogger.java:55)
	at com.sun.proxy.$Proxy12.prepareStatement(Unknown Source)
	at org.apache.ibatis.executor.statement.PreparedStatementHandler.instantiateStatement(PreparedStatementHandler.java:79)
	at org.apache.ibatis.executor.statement.BaseStatementHandler.prepare(BaseStatementHandler.java:88)
	at org.apache.ibatis.executor.statement.RoutingStatementHandler.prepare(RoutingStatementHandler.java:58)
	at org.apache.ibatis.executor.SimpleExecutor.prepareStatement(SimpleExecutor.java:76)
	at org.apache.ibatis.executor.SimpleExecutor.doQuery(SimpleExecutor.java:61)
	at org.apache.ibatis.executor.BaseExecutor.queryFromDatabase(BaseExecutor.java:303)
	at org.apache.ibatis.executor.BaseExecutor.query(BaseExecutor.java:154)
	at org.apache.ibatis.executor.CachingExecutor.query(CachingExecutor.java:102)
	at org.apache.ibatis.executor.CachingExecutor.query(CachingExecutor.java:82)
	at org.apache.ibatis.session.defaults.DefaultSqlSession.selectList(DefaultSqlSession.java:120)
	... 37 more
10:47:16,607 [main] DEBUG org.activiti.engine.impl.cfg.standalone.StandaloneMybatisTransactionContext  - firing event rolling back...
10:47:16,607 [main] DEBUG org.activiti.engine.impl.cfg.standalone.StandaloneMybatisTransactionContext  - rolling back ibatis sql session...
10:47:16,607 [main] DEBUG org.activiti.engine.impl.cfg.standalone.StandaloneMybatisTransactionContext  - firing event rolled back...
10:47:16,607 [main] DEBUG org.apache.ibatis.transaction.jdbc.JdbcTransaction  - Resetting autocommit to true on JDBC Connection [conn55: url=jdbc:h2:mem:activiti user=SA]
10:47:16,607 [main] DEBUG org.apache.ibatis.transaction.jdbc.JdbcTransaction  - Closing JDBC Connection [conn55: url=jdbc:h2:mem:activiti user=SA]
10:47:16,607 [main] DEBUG org.apache.ibatis.datasource.pooled.PooledDataSource  - Returned connection 14606730 to pool.
10:47:16,607 [main] DEBUG org.activiti.engine.impl.interceptor.LogInterceptor  - --- DeleteDeploymentCmd finished --------------------------------------------------------
10:47:16,607 [main] DEBUG org.activiti.engine.impl.interceptor.LogInterceptor  - 

</system-out>
  </testcase>
</testsuite>